2023-07-25 01:10:17,637 - logger name:exp/ECL-PatchTST2023-07-25-01:10:17.637267/ECL-PatchTST.log
2023-07-25 01:10:17,638 - params : {'conf': 'ECL-PatchTST', 'data_name': 'electricity', 'iteration': 1, 'load': True, 'build_graph': False, 'grad_norm': False, 'root_path': '', 'exp_path': 'exp/', 'val_test_mix': False, 'pred_len': 96, 'noise_rate': 0.1, 'device': device(type='cuda', index=0), 'test_model_path': '/Disk/fhyega/code/BASE/exp/ECL-PatchTST2023-07-23-21:59:42.618606/0/0.0379_epoch_25.pkl', 'idx': 89, 'aligner': 0, 'refiner': 1, 'enhance': 1, 'seed': 2021, '/* model related args*/': '//', 'model_name': 'PatchTST', 'seq_len': 336, 'label_len': 48, 'features': 'M', 'target': 'OT', 'graph_input': False, 'individual': False, 'e_layers': 3, 'd_layers': 1, 'factor': 1, 'n_heads': 16, 'd_model': 128, 'd_ff': 256, 'dropout': 0.2, 'fc_dropout': 0.2, 'head_dropout': 0.0, 'patch_len': 16, 'stride': 8, 'des': 'Exp', 'padding_patch': 'end', 'revin': 1, 'affine': 0, 'subtract_last': 0, 'decomposition': 0, 'kernel_size': 25, 'output_attention': 0, 'embed_type': 0, 'activation': 'gelu', 'lradj': 'TST', 'distil': 1, 'linear_output': 1, 'pct_start': 0.2, '/*train related args*/': '//', 'train': True, 'epoch': 30, 'batch_size': 128, 'lr': 0.0001, 'loss': 'mse', '/*dataset related args*/': '//', 'save_data_path': 'data/ECL/', 'data_process': True, 'embed': 'timeF', 'freq': 'h', 'begin_phase': 0, 'end_phase': 1, 'phase_len': 26304, 'val_ratio': 0.33, 'graph_size': 321, '/*strategy related args*/': '//', 'strategy': 'incremental', 'increase': False, 'detect': False, 'detect_strategy': 'feature', 'replay': False, 'replay_strategy': 'random', 'repaly_num_samples': 100, 'ewc': False, 'ewc_strategy': 'ewc', 'ewc_lambda': 0.0001, 'subgraph_train': False, 'num_hops': 2, 'logname': 'ECL-PatchTST', 'time': '2023-07-25-01:10:17.637267', 'path': 'exp/ECL-PatchTST2023-07-25-01:10:17.637267', 'num_workers': 4, 'start_train': 0, 'train_mode': 'pretrain', 'get_score': False, 'use_cm': True, 'logger': <Logger __main__ (INFO)>}
2023-07-25 01:10:17,638 - [*] phase 0 start training
0 26304
18412 2632 5260 0.7 0.2 26304
train 17981
18412 2632 5260 0.7 0.2 26304
val 2537
18412 2632 5260 0.7 0.2 26304
test 5165
2023-07-25 01:10:31,319 - [*] phase 0 Dataset load!
2023-07-25 01:10:32,178 - [*] phase 0 Training start
18412 2632 5260 0.7 0.2 26304
train 17981
2023-07-25 01:10:50,572 - epoch:0, training loss:0.4971 validation loss:0.1071
18412 2632 5260 0.7 0.2 26304
train 17981
vs, vt 0.10710140336304903 0.11094383466988803
Updating learning rate to 1.0445766508069865e-05
Updating learning rate to 1.0445766508069865e-05
18412 2632 5260 0.7 0.2 26304
train 17981
vs, vt 0.07138855066150426 0.07498599383980036
2023-07-25 01:11:33,081 - epoch:1, training loss:0.4844 validation loss:0.0714
Updating learning rate to 2.805190328742299e-05
Updating learning rate to 2.805190328742299e-05
18412 2632 5260 0.7 0.2 26304
train 17981
vs, vt 0.05992990182712674 0.06464959643781185
2023-07-25 01:12:02,852 - epoch:2, training loss:0.2898 validation loss:0.0599
Updating learning rate to 5.208986672185724e-05
Updating learning rate to 5.208986672185724e-05
18412 2632 5260 0.7 0.2 26304
train 17981
vs, vt 0.05305365407839417 0.05706277200952172
2023-07-25 01:12:31,479 - epoch:3, training loss:0.2103 validation loss:0.0531
Updating learning rate to 7.610369432687743e-05
Updating learning rate to 7.610369432687743e-05
18412 2632 5260 0.7 0.2 26304
train 17981
vs, vt 0.049875686317682265 0.05262432610616088
2023-07-25 01:12:59,290 - epoch:4, training loss:0.1743 validation loss:0.0499
Updating learning rate to 9.364390586469177e-05
Updating learning rate to 9.364390586469177e-05
18412 2632 5260 0.7 0.2 26304
train 17981
vs, vt 0.048884652089327574 0.05048423428088426
2023-07-25 01:13:31,107 - epoch:5, training loss:0.1557 validation loss:0.0489
Updating learning rate to 9.999997814456623e-05
Updating learning rate to 9.999997814456623e-05
18412 2632 5260 0.7 0.2 26304
train 17981
vs, vt 0.04645595224574208 0.049555483367294074
2023-07-25 01:13:57,235 - epoch:6, training loss:0.1446 validation loss:0.0465
Updating learning rate to 9.956612105134122e-05
Updating learning rate to 9.956612105134122e-05
18412 2632 5260 0.7 0.2 26304
train 17981
vs, vt 0.04620228549465537 0.04858314879238605
2023-07-25 01:14:27,705 - epoch:7, training loss:0.1363 validation loss:0.0462
Updating learning rate to 9.828417730665822e-05
Updating learning rate to 9.828417730665822e-05
18412 2632 5260 0.7 0.2 26304
train 17981
vs, vt 0.04674280462786555 0.04689170457422733
2023-07-25 01:14:55,952 - epoch:8, training loss:0.1312 validation loss:0.0467
Updating learning rate to 9.617608132341072e-05
Updating learning rate to 9.617608132341072e-05
18412 2632 5260 0.7 0.2 26304
train 17981
vs, vt 0.04542322857305407 0.04631707528606057
2023-07-25 01:15:21,875 - epoch:9, training loss:0.1273 validation loss:0.0454
Updating learning rate to 9.327790320834669e-05
Updating learning rate to 9.327790320834669e-05
18412 2632 5260 0.7 0.2 26304
train 17981
vs, vt 0.04564394424669445 0.04729985212907195
2023-07-25 01:15:53,818 - epoch:10, training loss:0.1239 validation loss:0.0456
Updating learning rate to 8.963923159254168e-05
Updating learning rate to 8.963923159254168e-05
18412 2632 5260 0.7 0.2 26304
train 17981
vs, vt 0.043837474193423986 0.046248409617692235
2023-07-25 01:16:19,982 - epoch:11, training loss:0.1211 validation loss:0.0438
Updating learning rate to 8.532232515617246e-05
Updating learning rate to 8.532232515617246e-05
18412 2632 5260 0.7 0.2 26304
train 17981
vs, vt 0.044936744729056954 0.04613849655725062
2023-07-25 01:16:48,424 - epoch:12, training loss:0.1186 validation loss:0.0449
Updating learning rate to 8.04010473652379e-05
Updating learning rate to 8.04010473652379e-05
18412 2632 5260 0.7 0.2 26304
train 17981
vs, vt 0.04381345957517624 0.0450784950517118
2023-07-25 01:17:18,844 - epoch:13, training loss:0.1164 validation loss:0.0438
Updating learning rate to 7.495960264717686e-05
Updating learning rate to 7.495960264717686e-05
18412 2632 5260 0.7 0.2 26304
train 17981
vs, vt 0.0434260853100568 0.0441433273255825
2023-07-25 01:17:45,367 - epoch:14, training loss:0.1143 validation loss:0.0434
Updating learning rate to 6.909109562976884e-05
Updating learning rate to 6.909109562976884e-05
18412 2632 5260 0.7 0.2 26304
train 17981
vs, vt 0.043407632037997246 0.043662050552666185
2023-07-25 01:18:17,667 - epoch:15, training loss:0.1123 validation loss:0.0434
Updating learning rate to 6.289593809513925e-05
Updating learning rate to 6.289593809513925e-05
18412 2632 5260 0.7 0.2 26304
train 17981
vs, vt 0.043893701024353506 0.04414968863129616
2023-07-25 01:18:43,523 - epoch:16, training loss:0.1114 validation loss:0.0439
Updating learning rate to 5.6480130906327764e-05
Updating learning rate to 5.6480130906327764e-05
18412 2632 5260 0.7 0.2 26304
train 17981
vs, vt 0.04329985110089183 0.04352149567566812
2023-07-25 01:19:16,470 - epoch:17, training loss:0.1097 validation loss:0.0433
Updating learning rate to 4.995345030313274e-05
Updating learning rate to 4.995345030313274e-05
18412 2632 5260 0.7 0.2 26304
train 17981
vs, vt 0.04368007681332529 0.04312039776705205
2023-07-25 01:19:49,086 - epoch:18, training loss:0.1082 validation loss:0.0437
Updating learning rate to 4.3427569600212594e-05
Updating learning rate to 4.3427569600212594e-05
18412 2632 5260 0.7 0.2 26304
train 17981
vs, vt 0.042204093327745794 0.04257064615376294
2023-07-25 01:20:15,659 - epoch:19, training loss:0.1074 validation loss:0.0422
Updating learning rate to 3.70141484257102e-05
Updating learning rate to 3.70141484257102e-05
18412 2632 5260 0.7 0.2 26304
train 17981
vs, vt 0.042404252523556354 0.042546049179509285
2023-07-25 01:20:46,843 - epoch:20, training loss:0.1061 validation loss:0.0424
Updating learning rate to 3.0822922194057626e-05
Updating learning rate to 3.0822922194057626e-05
18412 2632 5260 0.7 0.2 26304
train 17981
vs, vt 0.041588759142905475 0.041902682883664964
2023-07-25 01:21:13,617 - epoch:21, training loss:0.1049 validation loss:0.0416
Updating learning rate to 2.4959824502610635e-05
Updating learning rate to 2.4959824502610635e-05
18412 2632 5260 0.7 0.2 26304
train 17981
vs, vt 0.04177118190564215 0.042057288670912386
2023-07-25 01:21:44,257 - epoch:22, training loss:0.1039 validation loss:0.0418
Updating learning rate to 1.9525174578427625e-05
Updating learning rate to 1.9525174578427625e-05
18412 2632 5260 0.7 0.2 26304
train 17981
vs, vt 0.04135058419778943 0.04180406159721315
2023-07-25 01:22:10,873 - epoch:23, training loss:0.1036 validation loss:0.0414
Updating learning rate to 1.4611960788481038e-05
Updating learning rate to 1.4611960788481038e-05
18412 2632 5260 0.7 0.2 26304
train 17981
vs, vt 0.04178089061751962 0.04221644876524806
2023-07-25 01:22:38,550 - epoch:24, training loss:0.1027 validation loss:0.0418
Updating learning rate to 1.0304249582917059e-05
Updating learning rate to 1.0304249582917059e-05
18412 2632 5260 0.7 0.2 26304
train 17981
vs, vt 0.04122734083794057 0.041552150854840875
2023-07-25 01:23:09,291 - epoch:25, training loss:0.1025 validation loss:0.0412
Updating learning rate to 6.675747094786052e-06
Updating learning rate to 6.675747094786052e-06
18412 2632 5260 0.7 0.2 26304
train 17981
vs, vt 0.04119787225499749 0.041524541284888986
2023-07-25 01:23:35,277 - epoch:26, training loss:0.1020 validation loss:0.0412
Updating learning rate to 3.7885380076709116e-06
Updating learning rate to 3.7885380076709116e-06
18412 2632 5260 0.7 0.2 26304
train 17981
vs, vt 0.04125071852467954 0.04157375008799136
2023-07-25 01:24:07,347 - epoch:27, training loss:0.1017 validation loss:0.0413
Updating learning rate to 1.6920232695377565e-06
Updating learning rate to 1.6920232695377565e-06
18412 2632 5260 0.7 0.2 26304
train 17981
vs, vt 0.041116066230461004 0.04140113419853151
2023-07-25 01:24:32,259 - epoch:28, training loss:0.1017 validation loss:0.0411
Updating learning rate to 4.220748288197363e-07
Updating learning rate to 4.220748288197363e-07
18412 2632 5260 0.7 0.2 26304
train 17981
vs, vt 0.04111946732737124 0.041467122407630085
2023-07-25 01:25:00,546 - epoch:29, training loss:0.1014 validation loss:0.0411
Updating learning rate to 4.218554337707414e-10
Updating learning rate to 4.218554337707414e-10
2023-07-25 01:25:02,378 - [*] loss:0.0820
2023-07-25 01:25:02,379 - [*] phase 0, testing
2023-07-25 01:25:02,388 - T:96	MAE	0.181899	RMSE	0.082635	MAPE	45.965376
2023-07-25 01:25:02,388 - 96	mae	0.1819	
2023-07-25 01:25:02,388 - 96	rmse	0.0826	
2023-07-25 01:25:02,388 - 96	mape	45.9654	
2023-07-25 01:25:04,991 - [*] loss:0.0810
2023-07-25 01:25:04,992 - [*] phase 0, testing
2023-07-25 01:25:05,000 - T:96	MAE	0.181335	RMSE	0.081588	MAPE	46.874607
2023-07-25 01:25:05,000 - 96	mae	0.1813	
2023-07-25 01:25:05,000 - 96	rmse	0.0816	
2023-07-25 01:25:05,000 - 96	mape	46.8746	
