2023-07-25 01:25:07,162 - logger name:exp/ECL-PatchTST2023-07-25-01:25:07.161805/ECL-PatchTST.log
2023-07-25 01:25:07,162 - params : {'conf': 'ECL-PatchTST', 'data_name': 'electricity', 'iteration': 1, 'load': True, 'build_graph': False, 'grad_norm': False, 'root_path': '', 'exp_path': 'exp/', 'val_test_mix': False, 'pred_len': 96, 'noise_rate': 0.1, 'device': device(type='cuda', index=0), 'test_model_path': '/Disk/fhyega/code/BASE/exp/ECL-PatchTST2023-07-23-21:59:42.618606/0/0.0379_epoch_25.pkl', 'idx': 89, 'aligner': 0, 'refiner': 1, 'enhance': 0, 'seed': 2021, '/* model related args*/': '//', 'model_name': 'PatchTST', 'seq_len': 336, 'label_len': 48, 'features': 'M', 'target': 'OT', 'graph_input': False, 'individual': False, 'e_layers': 3, 'd_layers': 1, 'factor': 1, 'n_heads': 16, 'd_model': 128, 'd_ff': 256, 'dropout': 0.2, 'fc_dropout': 0.2, 'head_dropout': 0.0, 'patch_len': 16, 'stride': 8, 'des': 'Exp', 'padding_patch': 'end', 'revin': 1, 'affine': 0, 'subtract_last': 0, 'decomposition': 0, 'kernel_size': 25, 'output_attention': 0, 'embed_type': 0, 'activation': 'gelu', 'lradj': 'TST', 'distil': 1, 'linear_output': 1, 'pct_start': 0.2, '/*train related args*/': '//', 'train': True, 'epoch': 30, 'batch_size': 128, 'lr': 0.0001, 'loss': 'mse', '/*dataset related args*/': '//', 'save_data_path': 'data/ECL/', 'data_process': True, 'embed': 'timeF', 'freq': 'h', 'begin_phase': 0, 'end_phase': 1, 'phase_len': 26304, 'val_ratio': 0.33, 'graph_size': 321, '/*strategy related args*/': '//', 'strategy': 'incremental', 'increase': False, 'detect': False, 'detect_strategy': 'feature', 'replay': False, 'replay_strategy': 'random', 'repaly_num_samples': 100, 'ewc': False, 'ewc_strategy': 'ewc', 'ewc_lambda': 0.0001, 'subgraph_train': False, 'num_hops': 2, 'logname': 'ECL-PatchTST', 'time': '2023-07-25-01:25:07.161805', 'path': 'exp/ECL-PatchTST2023-07-25-01:25:07.161805', 'num_workers': 4, 'start_train': 0, 'train_mode': 'pretrain', 'get_score': False, 'use_cm': True, 'logger': <Logger __main__ (INFO)>}
2023-07-25 01:25:07,162 - [*] phase 0 start training
0 26304
18412 2632 5260 0.7 0.2 26304
train 17981
18412 2632 5260 0.7 0.2 26304
val 2537
18412 2632 5260 0.7 0.2 26304
test 5165
2023-07-25 01:25:20,424 - [*] phase 0 Dataset load!
2023-07-25 01:25:21,487 - [*] phase 0 Training start
18412 2632 5260 0.7 0.2 26304
train 17981
2023-07-25 01:25:46,930 - epoch:0, training loss:0.4971 validation loss:0.1071
18412 2632 5260 0.7 0.2 26304
train 17981
vs, vt 0.10710140336304903 0.11094383466988803
Updating learning rate to 1.0445766508069865e-05
Updating learning rate to 1.0445766508069865e-05
18412 2632 5260 0.7 0.2 26304
train 17981
vs, vt 0.07139642257243395 0.07364757834002375
2023-07-25 01:26:26,464 - epoch:1, training loss:0.3315 validation loss:0.0714
Updating learning rate to 2.805190328742299e-05
Updating learning rate to 2.805190328742299e-05
18412 2632 5260 0.7 0.2 26304
train 17981
vs, vt 0.05982076935470104 0.06146648786962032
2023-07-25 01:26:50,859 - epoch:2, training loss:0.2337 validation loss:0.0598
Updating learning rate to 5.208986672185724e-05
Updating learning rate to 5.208986672185724e-05
18412 2632 5260 0.7 0.2 26304
train 17981
vs, vt 0.052903696428984404 0.054884054511785504
2023-07-25 01:27:20,682 - epoch:3, training loss:0.1802 validation loss:0.0529
Updating learning rate to 7.610369432687743e-05
Updating learning rate to 7.610369432687743e-05
18412 2632 5260 0.7 0.2 26304
train 17981
vs, vt 0.04994956329464913 0.05129356160759926
2023-07-25 01:27:44,111 - epoch:4, training loss:0.1559 validation loss:0.0499
Updating learning rate to 9.364390586469177e-05
Updating learning rate to 9.364390586469177e-05
18412 2632 5260 0.7 0.2 26304
train 17981
vs, vt 0.047993190586566925 0.049104176089167596
2023-07-25 01:28:14,366 - epoch:5, training loss:0.1440 validation loss:0.0480
Updating learning rate to 9.999997814456623e-05
Updating learning rate to 9.999997814456623e-05
18412 2632 5260 0.7 0.2 26304
train 17981
vs, vt 0.04667551126331091 0.047658099140971896
2023-07-25 01:28:38,095 - epoch:6, training loss:0.1367 validation loss:0.0467
Updating learning rate to 9.956612105134122e-05
Updating learning rate to 9.956612105134122e-05
18412 2632 5260 0.7 0.2 26304
train 17981
vs, vt 0.04574568150565028 0.04635581783950329
2023-07-25 01:29:04,634 - epoch:7, training loss:0.1314 validation loss:0.0457
Updating learning rate to 9.828417730665822e-05
Updating learning rate to 9.828417730665822e-05
18412 2632 5260 0.7 0.2 26304
train 17981
vs, vt 0.04577037440612912 0.04543193788267672
2023-07-25 01:29:29,636 - epoch:8, training loss:0.1276 validation loss:0.0458
Updating learning rate to 9.617608132341072e-05
Updating learning rate to 9.617608132341072e-05
18412 2632 5260 0.7 0.2 26304
train 17981
vs, vt 0.0449881465639919 0.04533358849585056
2023-07-25 01:29:55,220 - epoch:9, training loss:0.1239 validation loss:0.0450
Updating learning rate to 9.327790320834669e-05
Updating learning rate to 9.327790320834669e-05
18412 2632 5260 0.7 0.2 26304
train 17981
vs, vt 0.04486473985016346 0.044456912018358705
2023-07-25 01:30:21,745 - epoch:10, training loss:0.1213 validation loss:0.0449
Updating learning rate to 8.963923159254168e-05
Updating learning rate to 8.963923159254168e-05
18412 2632 5260 0.7 0.2 26304
train 17981
vs, vt 0.044701370876282454 0.04386587631888687
2023-07-25 01:30:46,699 - epoch:11, training loss:0.1184 validation loss:0.0447
Updating learning rate to 8.532232515617246e-05
Updating learning rate to 8.532232515617246e-05
18412 2632 5260 0.7 0.2 26304
train 17981
vs, vt 0.043805954651907085 0.043446278339251874
2023-07-25 01:31:15,387 - epoch:12, training loss:0.1161 validation loss:0.0438
Updating learning rate to 8.04010473652379e-05
Updating learning rate to 8.04010473652379e-05
18412 2632 5260 0.7 0.2 26304
train 17981
vs, vt 0.04404130009934306 0.0430685852188617
2023-07-25 01:31:39,124 - epoch:13, training loss:0.1145 validation loss:0.0440
Updating learning rate to 7.495960264717686e-05
Updating learning rate to 7.495960264717686e-05
18412 2632 5260 0.7 0.2 26304
train 17981
vs, vt 0.04407236971892416 0.04324497850611806
2023-07-25 01:32:09,180 - epoch:14, training loss:0.1127 validation loss:0.0441
Updating learning rate to 6.909109562976884e-05
Updating learning rate to 6.909109562976884e-05
18412 2632 5260 0.7 0.2 26304
train 17981
vs, vt 0.043581223115324974 0.04248137390241027
2023-07-25 01:32:30,222 - epoch:15, training loss:0.1113 validation loss:0.0436
Updating learning rate to 6.289593809513925e-05
Updating learning rate to 6.289593809513925e-05
18412 2632 5260 0.7 0.2 26304
train 17981
vs, vt 0.04257642789743841 0.041978996433317664
2023-07-25 01:33:00,607 - epoch:16, training loss:0.1098 validation loss:0.0426
Updating learning rate to 5.6480130906327764e-05
Updating learning rate to 5.6480130906327764e-05
18412 2632 5260 0.7 0.2 26304
train 17981
vs, vt 0.0425908291246742 0.04194781184196472
2023-07-25 01:33:24,314 - epoch:17, training loss:0.1082 validation loss:0.0426
Updating learning rate to 4.995345030313274e-05
Updating learning rate to 4.995345030313274e-05
18412 2632 5260 0.7 0.2 26304
train 17981
vs, vt 0.04249581466428935 0.041950574377551675
2023-07-25 01:33:52,388 - epoch:18, training loss:0.1069 validation loss:0.0425
Updating learning rate to 4.3427569600212594e-05
Updating learning rate to 4.3427569600212594e-05
18412 2632 5260 0.7 0.2 26304
train 17981
vs, vt 0.04304416258819401 0.041385415475815535
2023-07-25 01:34:17,377 - epoch:19, training loss:0.1060 validation loss:0.0430
Updating learning rate to 3.70141484257102e-05
Updating learning rate to 3.70141484257102e-05
18412 2632 5260 0.7 0.2 26304
train 17981
vs, vt 0.04181311735883355 0.04123070165514946
2023-07-25 01:34:43,522 - epoch:20, training loss:0.1051 validation loss:0.0418
Updating learning rate to 3.0822922194057626e-05
Updating learning rate to 3.0822922194057626e-05
18412 2632 5260 0.7 0.2 26304
train 17981
vs, vt 0.041717985086143015 0.04082999415695667
2023-07-25 01:35:08,771 - epoch:21, training loss:0.1038 validation loss:0.0417
Updating learning rate to 2.4959824502610635e-05
Updating learning rate to 2.4959824502610635e-05
18412 2632 5260 0.7 0.2 26304
train 17981
vs, vt 0.04146847571246326 0.04075786448083818
2023-07-25 01:35:35,078 - epoch:22, training loss:0.1032 validation loss:0.0415
Updating learning rate to 1.9525174578427625e-05
Updating learning rate to 1.9525174578427625e-05
18412 2632 5260 0.7 0.2 26304
train 17981
vs, vt 0.04138290332630277 0.04048866918310523
2023-07-25 01:36:03,454 - epoch:23, training loss:0.1025 validation loss:0.0414
Updating learning rate to 1.4611960788481038e-05
Updating learning rate to 1.4611960788481038e-05
18412 2632 5260 0.7 0.2 26304
train 17981
vs, vt 0.041519325133413075 0.04045024639926851
2023-07-25 01:36:28,952 - epoch:24, training loss:0.1016 validation loss:0.0415
Updating learning rate to 1.0304249582917059e-05
Updating learning rate to 1.0304249582917059e-05
18412 2632 5260 0.7 0.2 26304
train 17981
vs, vt 0.041674594907090065 0.04047602890059352
2023-07-25 01:36:59,234 - epoch:25, training loss:0.1015 validation loss:0.0417
Updating learning rate to 6.675747094786052e-06
Updating learning rate to 6.675747094786052e-06
18412 2632 5260 0.7 0.2 26304
train 17981
vs, vt 0.04128050180152058 0.04025213848799467
2023-07-25 01:37:23,668 - epoch:26, training loss:0.1011 validation loss:0.0413
Updating learning rate to 3.7885380076709116e-06
Updating learning rate to 3.7885380076709116e-06
18412 2632 5260 0.7 0.2 26304
train 17981
vs, vt 0.04129303810186684 0.04022750272415578
2023-07-25 01:37:52,651 - epoch:27, training loss:0.1009 validation loss:0.0413
Updating learning rate to 1.6920232695377565e-06
Updating learning rate to 1.6920232695377565e-06
18412 2632 5260 0.7 0.2 26304
train 17981
vs, vt 0.04115604930557311 0.04019148568622768
2023-07-25 01:38:15,470 - epoch:28, training loss:0.1007 validation loss:0.0412
Updating learning rate to 4.220748288197363e-07
Updating learning rate to 4.220748288197363e-07
18412 2632 5260 0.7 0.2 26304
train 17981
vs, vt 0.04123135679401457 0.040200802078470585
2023-07-25 01:38:44,188 - epoch:29, training loss:0.1006 validation loss:0.0412
Updating learning rate to 4.218554337707414e-10
Updating learning rate to 4.218554337707414e-10
2023-07-25 01:38:46,598 - [*] loss:0.0819
2023-07-25 01:38:46,599 - [*] phase 0, testing
2023-07-25 01:38:46,608 - T:96	MAE	0.181634	RMSE	0.082446	MAPE	45.936325
2023-07-25 01:38:46,608 - 96	mae	0.1816	
2023-07-25 01:38:46,608 - 96	rmse	0.0824	
2023-07-25 01:38:46,608 - 96	mape	45.9363	
2023-07-25 01:38:48,893 - [*] loss:0.0812
2023-07-25 01:38:48,894 - [*] phase 0, testing
2023-07-25 01:38:48,901 - T:96	MAE	0.178674	RMSE	0.081747	MAPE	44.973809
2023-07-25 01:38:48,902 - 96	mae	0.1787	
2023-07-25 01:38:48,902 - 96	rmse	0.0817	
2023-07-25 01:38:48,902 - 96	mape	44.9738	
