2023-07-27 18:58:08,491 - logger name:exp/ECL-PatchTST2023-07-27-18:58:08.491196/ECL-PatchTST.log
2023-07-27 18:58:08,491 - params : {'conf': 'ECL-PatchTST', 'data_name': 'electricity', 'iteration': 1, 'load': True, 'build_graph': False, 'same_init': False, 'grad_norm': False, 'refiner_no_residual': False, 'root_path': '', 'exp_path': 'exp/', 'val_test_mix': False, 'pred_len': 96, 'noise_rate': 0.1, 'device': device(type='cuda', index=1), 'test_model_path': '/Disk/fhyega/code/BASE/exp/ECL-PatchTST2023-07-23-21:59:42.618606/0/0.0379_epoch_25.pkl', 'idx': 89, 'aligner': 1, 'refiner': 0, 'refiner_block_num': 1, 'enhance': 0, 'seed': 2021, 'batch_size': 128, '/* model related args*/': '//', 'model_name': 'PatchTST', 'seq_len': 336, 'label_len': 48, 'features': 'M', 'target': 'OT', 'graph_input': False, 'individual': False, 'e_layers': 3, 'd_layers': 1, 'factor': 1, 'n_heads': 16, 'd_model': 128, 'd_ff': 256, 'dropout': 0.2, 'fc_dropout': 0.2, 'head_dropout': 0.0, 'patch_len': 16, 'stride': 8, 'des': 'Exp', 'padding_patch': 'end', 'revin': 1, 'affine': 0, 'subtract_last': 0, 'decomposition': 0, 'kernel_size': 25, 'output_attention': 0, 'embed_type': 0, 'activation': 'gelu', 'lradj': 'TST', 'distil': 1, 'linear_output': 1, 'pct_start': 0.2, '/*train related args*/': '//', 'train': True, 'epoch': 30, 'lr': 0.0001, 'loss': 'mse', '/*dataset related args*/': '//', 'save_data_path': 'data/ECL/', 'data_process': True, 'embed': 'timeF', 'freq': 'h', 'begin_phase': 0, 'end_phase': 1, 'phase_len': 26304, 'val_ratio': 0.33, 'graph_size': 321, '/*strategy related args*/': '//', 'strategy': 'incremental', 'increase': False, 'detect': False, 'detect_strategy': 'feature', 'replay': False, 'replay_strategy': 'random', 'repaly_num_samples': 100, 'ewc': False, 'ewc_strategy': 'ewc', 'ewc_lambda': 0.0001, 'subgraph_train': False, 'num_hops': 2, 'logname': 'ECL-PatchTST', 'time': '2023-07-27-18:58:08.491196', 'path': 'exp/ECL-PatchTST2023-07-27-18:58:08.491196', 'num_workers': 4, 'start_train': 0, 'train_mode': 'pretrain', 'get_score': False, 'use_cm': True, 'logger': <Logger __main__ (INFO)>}
2023-07-27 18:58:08,492 - [*] phase 0 start training
0 26304
18412 2632 5260 0.7 0.2 26304
train 17981
18412 2632 5260 0.7 0.2 26304
val 2537
18412 2632 5260 0.7 0.2 26304
test 5165
2023-07-27 18:58:25,429 - [*] phase 0 Dataset load!
2023-07-27 18:58:27,563 - [*] phase 0 Training start
18412 2632 5260 0.7 0.2 26304
train 17981
2023-07-27 18:58:58,843 - epoch:0, training loss:0.4970 validation loss:0.1071
18412 2632 5260 0.7 0.2 26304
train 17981
vs, vt 0.10705327782779932 0.11094655059278011
Updating learning rate to 1.0445766508069865e-05
Updating learning rate to 1.0445766508069865e-05
18412 2632 5260 0.7 0.2 26304
train 17981
vs, vt 0.07137836460024119 0.07364116460084916
2023-07-27 18:59:46,039 - epoch:1, training loss:0.3314 validation loss:0.0714
Updating learning rate to 2.805190328742299e-05
Updating learning rate to 2.805190328742299e-05
18412 2632 5260 0.7 0.2 26304
train 17981
vs, vt 0.05981923891231418 0.06144870491698384
2023-07-27 19:00:18,920 - epoch:2, training loss:0.2337 validation loss:0.0598
Updating learning rate to 5.208986672185724e-05
Updating learning rate to 5.208986672185724e-05
18412 2632 5260 0.7 0.2 26304
train 17981
vs, vt 0.05291060702875257 0.054870485328137875
2023-07-27 19:00:50,563 - epoch:3, training loss:0.1802 validation loss:0.0529
Updating learning rate to 7.610369432687743e-05
Updating learning rate to 7.610369432687743e-05
18412 2632 5260 0.7 0.2 26304
train 17981
vs, vt 0.049955515377223494 0.05128724416717887
2023-07-27 19:01:21,446 - epoch:4, training loss:0.1560 validation loss:0.0500
Updating learning rate to 9.364390586469177e-05
Updating learning rate to 9.364390586469177e-05
18412 2632 5260 0.7 0.2 26304
train 17981
vs, vt 0.04799925191327929 0.04915192201733589
2023-07-27 19:01:52,416 - epoch:5, training loss:0.1440 validation loss:0.0480
Updating learning rate to 9.999997814456623e-05
Updating learning rate to 9.999997814456623e-05
18412 2632 5260 0.7 0.2 26304
train 17981
vs, vt 0.046691177599132064 0.04767477540299296
2023-07-27 19:02:23,663 - epoch:6, training loss:0.1367 validation loss:0.0467
Updating learning rate to 9.956612105134122e-05
Updating learning rate to 9.956612105134122e-05
18412 2632 5260 0.7 0.2 26304
train 17981
vs, vt 0.04576136991381645 0.04638050077483058
2023-07-27 19:02:56,068 - epoch:7, training loss:0.1314 validation loss:0.0458
Updating learning rate to 9.828417730665822e-05
Updating learning rate to 9.828417730665822e-05
18412 2632 5260 0.7 0.2 26304
train 17981
vs, vt 0.04577672211453319 0.04542130068875849
2023-07-27 19:03:26,688 - epoch:8, training loss:0.1276 validation loss:0.0458
Updating learning rate to 9.617608132341072e-05
Updating learning rate to 9.617608132341072e-05
18412 2632 5260 0.7 0.2 26304
train 17981
vs, vt 0.05165044404566288 0.04530599983409047
2023-07-27 19:03:58,375 - epoch:9, training loss:2.2457 validation loss:0.0517
Updating learning rate to 9.327790320834669e-05
Updating learning rate to 9.327790320834669e-05
18412 2632 5260 0.7 0.2 26304
train 17981
vs, vt 0.047693869937211274 0.044799300748854874
2023-07-27 19:04:21,120 - epoch:10, training loss:1.0110 validation loss:0.0477
Updating learning rate to 8.963923159254168e-05
Updating learning rate to 8.963923159254168e-05
18412 2632 5260 0.7 0.2 26304
train 17981
vs, vt 0.04638207601383328 0.044167432095855476
2023-07-27 19:04:43,905 - epoch:11, training loss:0.9181 validation loss:0.0464
Updating learning rate to 8.532232515617246e-05
Updating learning rate to 8.532232515617246e-05
18412 2632 5260 0.7 0.2 26304
train 17981
vs, vt 0.04493114352226257 0.04361763577908277
2023-07-27 19:05:11,271 - epoch:12, training loss:0.8660 validation loss:0.0449
Updating learning rate to 8.04010473652379e-05
Updating learning rate to 8.04010473652379e-05
18412 2632 5260 0.7 0.2 26304
train 17981
vs, vt 0.04542405949905515 0.04313567066565156
2023-07-27 19:05:36,883 - epoch:13, training loss:0.8297 validation loss:0.0454
Updating learning rate to 7.495960264717686e-05
Updating learning rate to 7.495960264717686e-05
18412 2632 5260 0.7 0.2 26304
train 17981
vs, vt 0.0451401982922107 0.04315311089158058
2023-07-27 19:05:58,809 - epoch:14, training loss:0.8031 validation loss:0.0451
Updating learning rate to 6.909109562976884e-05
Updating learning rate to 6.909109562976884e-05
18412 2632 5260 0.7 0.2 26304
train 17981
vs, vt 0.04439913937821984 0.042488972935825584
2023-07-27 19:06:25,947 - epoch:15, training loss:0.7801 validation loss:0.0444
Updating learning rate to 6.289593809513925e-05
Updating learning rate to 6.289593809513925e-05
18412 2632 5260 0.7 0.2 26304
train 17981
vs, vt 0.04293448021635413 0.04204406649805605
2023-07-27 19:06:46,727 - epoch:16, training loss:0.7596 validation loss:0.0429
Updating learning rate to 5.6480130906327764e-05
Updating learning rate to 5.6480130906327764e-05
18412 2632 5260 0.7 0.2 26304
train 17981
vs, vt 0.04320070398971439 0.04198844362981617
2023-07-27 19:07:09,801 - epoch:17, training loss:0.7440 validation loss:0.0432
Updating learning rate to 4.995345030313274e-05
Updating learning rate to 4.995345030313274e-05
18412 2632 5260 0.7 0.2 26304
train 17981
vs, vt 0.042875359673053025 0.041990472190082076
2023-07-27 19:07:32,968 - epoch:18, training loss:0.7313 validation loss:0.0429
Updating learning rate to 4.3427569600212594e-05
Updating learning rate to 4.3427569600212594e-05
18412 2632 5260 0.7 0.2 26304
train 17981
vs, vt 0.043188776820898056 0.04131792332045734
2023-07-27 19:07:54,890 - epoch:19, training loss:0.7204 validation loss:0.0432
Updating learning rate to 3.70141484257102e-05
Updating learning rate to 3.70141484257102e-05
18412 2632 5260 0.7 0.2 26304
train 17981
vs, vt 0.04209105246700347 0.04124997556209564
2023-07-27 19:08:17,338 - epoch:20, training loss:0.7111 validation loss:0.0421
Updating learning rate to 3.0822922194057626e-05
Updating learning rate to 3.0822922194057626e-05
18412 2632 5260 0.7 0.2 26304
train 17981
vs, vt 0.041877963580191135 0.04081328082829714
2023-07-27 19:08:41,152 - epoch:21, training loss:0.7029 validation loss:0.0419
Updating learning rate to 2.4959824502610635e-05
Updating learning rate to 2.4959824502610635e-05
18412 2632 5260 0.7 0.2 26304
train 17981
vs, vt 0.041588849201798436 0.04075491456314921
2023-07-27 19:09:03,563 - epoch:22, training loss:0.6976 validation loss:0.0416
Updating learning rate to 1.9525174578427625e-05
Updating learning rate to 1.9525174578427625e-05
18412 2632 5260 0.7 0.2 26304
train 17981
vs, vt 0.041579956142231825 0.040517415991052984
2023-07-27 19:09:26,449 - epoch:23, training loss:0.6926 validation loss:0.0416
Updating learning rate to 1.4611960788481038e-05
Updating learning rate to 1.4611960788481038e-05
18412 2632 5260 0.7 0.2 26304
train 17981
vs, vt 0.04145554346032441 0.04044643519446254
2023-07-27 19:09:49,492 - epoch:24, training loss:0.6889 validation loss:0.0415
Updating learning rate to 1.0304249582917059e-05
Updating learning rate to 1.0304249582917059e-05
18412 2632 5260 0.7 0.2 26304
train 17981
vs, vt 0.04171512331813574 0.04048568508587778
2023-07-27 19:10:12,043 - epoch:25, training loss:0.6864 validation loss:0.0417
Updating learning rate to 6.675747094786052e-06
Updating learning rate to 6.675747094786052e-06
18412 2632 5260 0.7 0.2 26304
train 17981
vs, vt 0.04134339387528598 0.04029629426077008
2023-07-27 19:10:35,166 - epoch:26, training loss:0.6836 validation loss:0.0413
Updating learning rate to 3.7885380076709116e-06
Updating learning rate to 3.7885380076709116e-06
18412 2632 5260 0.7 0.2 26304
train 17981
vs, vt 0.041361203789711 0.04027337310835719
2023-07-27 19:10:58,958 - epoch:27, training loss:0.6831 validation loss:0.0414
Updating learning rate to 1.6920232695377565e-06
Updating learning rate to 1.6920232695377565e-06
18412 2632 5260 0.7 0.2 26304
train 17981
vs, vt 0.04124701274558902 0.04023702801205218
2023-07-27 19:11:21,970 - epoch:28, training loss:0.6823 validation loss:0.0412
Updating learning rate to 4.220748288197363e-07
Updating learning rate to 4.220748288197363e-07
18412 2632 5260 0.7 0.2 26304
train 17981
vs, vt 0.0412966116797179 0.040241723181679845
2023-07-27 19:11:44,775 - epoch:29, training loss:0.6819 validation loss:0.0413
Updating learning rate to 4.218554337707414e-10
Updating learning rate to 4.218554337707414e-10
check exp/ECL-PatchTST2023-07-27-18:58:08.491196/0/0.0412_epoch_28.pkl  &  0.04023702801205218
2023-07-27 19:11:47,228 - [*] loss:0.0823
2023-07-27 19:11:47,230 - [*] phase 0, testing
2023-07-27 19:11:47,253 - T:96	MAE	0.183539	RMSE	0.082715	MAPE	45.805165
2023-07-27 19:11:47,253 - 96	mae	0.1835	
2023-07-27 19:11:47,253 - 96	rmse	0.0827	
2023-07-27 19:11:47,253 - 96	mape	45.8052	
2023-07-27 19:11:49,222 - [*] loss:0.0812
2023-07-27 19:11:49,223 - [*] phase 0, testing
2023-07-27 19:11:49,231 - T:96	MAE	0.178593	RMSE	0.081765	MAPE	44.901949
2023-07-27 19:11:49,231 - 96	mae	0.1786	
2023-07-27 19:11:49,231 - 96	rmse	0.0818	
2023-07-27 19:11:49,231 - 96	mape	44.9019	
