2023-07-25 11:36:50,659 - logger name:exp/ECL-PatchTST2023-07-25-11:36:50.658796/ECL-PatchTST.log
2023-07-25 11:36:50,659 - params : {'conf': 'ECL-PatchTST', 'data_name': 'electricity', 'iteration': 1, 'load': True, 'build_graph': False, 'grad_norm': False, 'root_path': '', 'exp_path': 'exp/', 'val_test_mix': False, 'pred_len': 96, 'noise_rate': 0.1, 'device': device(type='cuda', index=0), 'test_model_path': '/Disk/fhyega/code/BASE/exp/ECL-PatchTST2023-07-23-21:59:42.618606/0/0.0379_epoch_25.pkl', 'idx': 89, 'aligner': 1, 'refiner': 0, 'enhance': 0, 'seed': 2021, 'batch_size': 128, '/* model related args*/': '//', 'model_name': 'PatchTST', 'seq_len': 336, 'label_len': 48, 'features': 'M', 'target': 'OT', 'graph_input': False, 'individual': False, 'e_layers': 3, 'd_layers': 1, 'factor': 1, 'n_heads': 16, 'd_model': 128, 'd_ff': 256, 'dropout': 0.2, 'fc_dropout': 0.2, 'head_dropout': 0.0, 'patch_len': 16, 'stride': 8, 'des': 'Exp', 'padding_patch': 'end', 'revin': 1, 'affine': 0, 'subtract_last': 0, 'decomposition': 0, 'kernel_size': 25, 'output_attention': 0, 'embed_type': 0, 'activation': 'gelu', 'lradj': 'TST', 'distil': 1, 'linear_output': 1, 'pct_start': 0.2, '/*train related args*/': '//', 'train': True, 'epoch': 30, 'lr': 0.0001, 'loss': 'mse', '/*dataset related args*/': '//', 'save_data_path': 'data/ECL/', 'data_process': True, 'embed': 'timeF', 'freq': 'h', 'begin_phase': 0, 'end_phase': 1, 'phase_len': 26304, 'val_ratio': 0.33, 'graph_size': 321, '/*strategy related args*/': '//', 'strategy': 'incremental', 'increase': False, 'detect': False, 'detect_strategy': 'feature', 'replay': False, 'replay_strategy': 'random', 'repaly_num_samples': 100, 'ewc': False, 'ewc_strategy': 'ewc', 'ewc_lambda': 0.0001, 'subgraph_train': False, 'num_hops': 2, 'logname': 'ECL-PatchTST', 'time': '2023-07-25-11:36:50.658796', 'path': 'exp/ECL-PatchTST2023-07-25-11:36:50.658796', 'num_workers': 4, 'start_train': 0, 'train_mode': 'pretrain', 'get_score': False, 'use_cm': True, 'logger': <Logger __main__ (INFO)>}
2023-07-25 11:36:50,659 - [*] phase 0 start training
0 26304
18412 2632 5260 0.7 0.2 26304
train 17981
18412 2632 5260 0.7 0.2 26304
val 2537
18412 2632 5260 0.7 0.2 26304
test 5165
2023-07-25 11:37:03,451 - [*] phase 0 Dataset load!
2023-07-25 11:37:04,324 - [*] phase 0 Training start
18412 2632 5260 0.7 0.2 26304
train 17981
2023-07-25 11:37:29,089 - epoch:0, training loss:0.4970 validation loss:0.1071
18412 2632 5260 0.7 0.2 26304
train 17981
vs, vt 0.10705327782779932 0.11094655059278011
Updating learning rate to 1.0445766508069865e-05
Updating learning rate to 1.0445766508069865e-05
18412 2632 5260 0.7 0.2 26304
train 17981
vs, vt 0.07137836460024119 0.07364116460084916
2023-07-25 11:38:08,826 - epoch:1, training loss:0.3314 validation loss:0.0714
Updating learning rate to 2.805190328742299e-05
Updating learning rate to 2.805190328742299e-05
18412 2632 5260 0.7 0.2 26304
train 17981
vs, vt 0.05981923891231418 0.06144870491698384
2023-07-25 11:38:35,101 - epoch:2, training loss:0.2337 validation loss:0.0598
Updating learning rate to 5.208986672185724e-05
Updating learning rate to 5.208986672185724e-05
18412 2632 5260 0.7 0.2 26304
train 17981
vs, vt 0.05291060702875257 0.054870485328137875
2023-07-25 11:39:01,337 - epoch:3, training loss:0.1802 validation loss:0.0529
Updating learning rate to 7.610369432687743e-05
Updating learning rate to 7.610369432687743e-05
18412 2632 5260 0.7 0.2 26304
train 17981
vs, vt 0.049955515377223494 0.05128724416717887
2023-07-25 11:39:27,999 - epoch:4, training loss:0.1560 validation loss:0.0500
Updating learning rate to 9.364390586469177e-05
Updating learning rate to 9.364390586469177e-05
18412 2632 5260 0.7 0.2 26304
train 17981
vs, vt 0.04799925191327929 0.04915192201733589
2023-07-25 11:39:54,861 - epoch:5, training loss:0.1440 validation loss:0.0480
Updating learning rate to 9.999997814456623e-05
Updating learning rate to 9.999997814456623e-05
18412 2632 5260 0.7 0.2 26304
train 17981
vs, vt 0.046691177599132064 0.04767477540299296
2023-07-25 11:40:21,243 - epoch:6, training loss:0.1367 validation loss:0.0467
Updating learning rate to 9.956612105134122e-05
Updating learning rate to 9.956612105134122e-05
18412 2632 5260 0.7 0.2 26304
train 17981
vs, vt 0.04576136991381645 0.04638050077483058
2023-07-25 11:40:47,769 - epoch:7, training loss:0.1314 validation loss:0.0458
Updating learning rate to 9.828417730665822e-05
Updating learning rate to 9.828417730665822e-05
18412 2632 5260 0.7 0.2 26304
train 17981
vs, vt 0.04577672211453319 0.04542130068875849
2023-07-25 11:41:13,031 - epoch:8, training loss:0.1276 validation loss:0.0458
Updating learning rate to 9.617608132341072e-05
Updating learning rate to 9.617608132341072e-05
18412 2632 5260 0.7 0.2 26304
train 17981
vs, vt 0.047972191125154495 0.04530599983409047
2023-07-25 11:41:39,270 - epoch:9, training loss:0.3884 validation loss:0.0480
Updating learning rate to 9.327790320834669e-05
Updating learning rate to 9.327790320834669e-05
18412 2632 5260 0.7 0.2 26304
train 17981
vs, vt 0.04597064973786473 0.044587826495990156
2023-07-25 11:42:05,601 - epoch:10, training loss:0.2245 validation loss:0.0460
Updating learning rate to 8.963923159254168e-05
Updating learning rate to 8.963923159254168e-05
18412 2632 5260 0.7 0.2 26304
train 17981
vs, vt 0.045577241526916626 0.043932683393359186
2023-07-25 11:42:32,577 - epoch:11, training loss:0.2084 validation loss:0.0456
Updating learning rate to 8.532232515617246e-05
Updating learning rate to 8.532232515617246e-05
18412 2632 5260 0.7 0.2 26304
train 17981
vs, vt 0.04440964814275503 0.043500088574364784
2023-07-25 11:42:59,983 - epoch:12, training loss:0.1992 validation loss:0.0444
Updating learning rate to 8.04010473652379e-05
Updating learning rate to 8.04010473652379e-05
18412 2632 5260 0.7 0.2 26304
train 17981
vs, vt 0.044680323963984844 0.04309082021936774
2023-07-25 11:43:27,235 - epoch:13, training loss:0.1931 validation loss:0.0447
Updating learning rate to 7.495960264717686e-05
Updating learning rate to 7.495960264717686e-05
18412 2632 5260 0.7 0.2 26304
train 17981
vs, vt 0.04426047876477242 0.04338724473491311
2023-07-25 11:43:54,579 - epoch:14, training loss:0.1882 validation loss:0.0443
Updating learning rate to 6.909109562976884e-05
Updating learning rate to 6.909109562976884e-05
18412 2632 5260 0.7 0.2 26304
train 17981
vs, vt 0.044092145282775164 0.04242630694061518
2023-07-25 11:44:20,213 - epoch:15, training loss:0.1843 validation loss:0.0441
Updating learning rate to 6.289593809513925e-05
Updating learning rate to 6.289593809513925e-05
18412 2632 5260 0.7 0.2 26304
train 17981
vs, vt 0.04267739886417985 0.042027909820899365
2023-07-25 11:44:47,182 - epoch:16, training loss:0.1806 validation loss:0.0427
Updating learning rate to 5.6480130906327764e-05
Updating learning rate to 5.6480130906327764e-05
18412 2632 5260 0.7 0.2 26304
train 17981
vs, vt 0.0428676210809499 0.04193812464363873
2023-07-25 11:45:13,928 - epoch:17, training loss:0.1774 validation loss:0.0429
Updating learning rate to 4.995345030313274e-05
Updating learning rate to 4.995345030313274e-05
18412 2632 5260 0.7 0.2 26304
train 17981
vs, vt 0.042607689090073106 0.04194598952308297
2023-07-25 11:45:41,309 - epoch:18, training loss:0.1748 validation loss:0.0426
Updating learning rate to 4.3427569600212594e-05
Updating learning rate to 4.3427569600212594e-05
18412 2632 5260 0.7 0.2 26304
train 17981
vs, vt 0.043230371456593274 0.04133849143981934
2023-07-25 11:46:07,012 - epoch:19, training loss:0.1728 validation loss:0.0432
Updating learning rate to 3.70141484257102e-05
Updating learning rate to 3.70141484257102e-05
18412 2632 5260 0.7 0.2 26304
train 17981
vs, vt 0.04198956270702183 0.04120818702504039
2023-07-25 11:46:33,602 - epoch:20, training loss:0.1710 validation loss:0.0420
Updating learning rate to 3.0822922194057626e-05
Updating learning rate to 3.0822922194057626e-05
18412 2632 5260 0.7 0.2 26304
train 17981
vs, vt 0.04179897359572351 0.04081172924488783
2023-07-25 11:47:01,119 - epoch:21, training loss:0.1688 validation loss:0.0418
Updating learning rate to 2.4959824502610635e-05
Updating learning rate to 2.4959824502610635e-05
18412 2632 5260 0.7 0.2 26304
train 17981
vs, vt 0.04153989888727665 0.040736486203968525
2023-07-25 11:47:27,601 - epoch:22, training loss:0.1677 validation loss:0.0415
Updating learning rate to 1.9525174578427625e-05
Updating learning rate to 1.9525174578427625e-05
18412 2632 5260 0.7 0.2 26304
train 17981
vs, vt 0.041579600190743804 0.04050121926702559
2023-07-25 11:47:54,692 - epoch:23, training loss:0.1666 validation loss:0.0416
Updating learning rate to 1.4611960788481038e-05
Updating learning rate to 1.4611960788481038e-05
18412 2632 5260 0.7 0.2 26304
train 17981
vs, vt 0.04157818714156747 0.040450833225622776
2023-07-25 11:48:21,281 - epoch:24, training loss:0.1654 validation loss:0.0416
Updating learning rate to 1.0304249582917059e-05
Updating learning rate to 1.0304249582917059e-05
18412 2632 5260 0.7 0.2 26304
train 17981
vs, vt 0.041787685453891756 0.04050152315758169
2023-07-25 11:48:48,398 - epoch:25, training loss:0.1650 validation loss:0.0418
Updating learning rate to 6.675747094786052e-06
Updating learning rate to 6.675747094786052e-06
18412 2632 5260 0.7 0.2 26304
train 17981
vs, vt 0.04138940256088972 0.04027104121632874
2023-07-25 11:49:15,833 - epoch:26, training loss:0.1644 validation loss:0.0414
Updating learning rate to 3.7885380076709116e-06
Updating learning rate to 3.7885380076709116e-06
18412 2632 5260 0.7 0.2 26304
train 17981
vs, vt 0.04142469419166446 0.04025300065986812
2023-07-25 11:49:42,717 - epoch:27, training loss:0.1641 validation loss:0.0414
Updating learning rate to 1.6920232695377565e-06
Updating learning rate to 1.6920232695377565e-06
18412 2632 5260 0.7 0.2 26304
train 17981
vs, vt 0.0412939615547657 0.04021700667217374
2023-07-25 11:50:09,596 - epoch:28, training loss:0.1639 validation loss:0.0413
Updating learning rate to 4.220748288197363e-07
Updating learning rate to 4.220748288197363e-07
18412 2632 5260 0.7 0.2 26304
train 17981
vs, vt 0.041357309510931375 0.04022452156059444
2023-07-25 11:50:36,938 - epoch:29, training loss:0.1636 validation loss:0.0414
Updating learning rate to 4.218554337707414e-10
Updating learning rate to 4.218554337707414e-10
2023-07-25 11:50:37,485 - [*] loss:0.0816
2023-07-25 11:50:37,487 - [*] phase 0, testing
2023-07-25 11:50:37,495 - T:96	MAE	0.182016	RMSE	0.082069	MAPE	45.807433
2023-07-25 11:50:37,496 - 96	mae	0.1820	
2023-07-25 11:50:37,496 - 96	rmse	0.0821	
2023-07-25 11:50:37,496 - 96	mape	45.8074	
2023-07-25 11:50:38,093 - [*] loss:0.0812
2023-07-25 11:50:38,094 - [*] phase 0, testing
2023-07-25 11:50:38,102 - T:96	MAE	0.178628	RMSE	0.081794	MAPE	44.935647
2023-07-25 11:50:38,102 - 96	mae	0.1786	
2023-07-25 11:50:38,103 - 96	rmse	0.0818	
2023-07-25 11:50:38,103 - 96	mape	44.9356	
