2023-07-25 02:21:29,230 - logger name:exp/ECL-PatchTST2023-07-25-02:21:29.230144/ECL-PatchTST.log
2023-07-25 02:21:29,230 - params : {'conf': 'ECL-PatchTST', 'data_name': 'electricity', 'iteration': 1, 'load': True, 'build_graph': False, 'grad_norm': False, 'root_path': '', 'exp_path': 'exp/', 'val_test_mix': False, 'pred_len': 96, 'noise_rate': 0.1, 'device': device(type='cuda', index=0), 'test_model_path': '/Disk/fhyega/code/BASE/exp/ECL-PatchTST2023-07-23-21:59:42.618606/0/0.0379_epoch_25.pkl', 'idx': 89, 'aligner': 0, 'refiner': 1, 'enhance': 1, 'seed': 2022, '/* model related args*/': '//', 'model_name': 'PatchTST', 'seq_len': 336, 'label_len': 48, 'features': 'M', 'target': 'OT', 'graph_input': False, 'individual': False, 'e_layers': 3, 'd_layers': 1, 'factor': 1, 'n_heads': 16, 'd_model': 128, 'd_ff': 256, 'dropout': 0.2, 'fc_dropout': 0.2, 'head_dropout': 0.0, 'patch_len': 16, 'stride': 8, 'des': 'Exp', 'padding_patch': 'end', 'revin': 1, 'affine': 0, 'subtract_last': 0, 'decomposition': 0, 'kernel_size': 25, 'output_attention': 0, 'embed_type': 0, 'activation': 'gelu', 'lradj': 'TST', 'distil': 1, 'linear_output': 1, 'pct_start': 0.2, '/*train related args*/': '//', 'train': True, 'epoch': 30, 'batch_size': 128, 'lr': 0.0001, 'loss': 'mse', '/*dataset related args*/': '//', 'save_data_path': 'data/ECL/', 'data_process': True, 'embed': 'timeF', 'freq': 'h', 'begin_phase': 0, 'end_phase': 1, 'phase_len': 26304, 'val_ratio': 0.33, 'graph_size': 321, '/*strategy related args*/': '//', 'strategy': 'incremental', 'increase': False, 'detect': False, 'detect_strategy': 'feature', 'replay': False, 'replay_strategy': 'random', 'repaly_num_samples': 100, 'ewc': False, 'ewc_strategy': 'ewc', 'ewc_lambda': 0.0001, 'subgraph_train': False, 'num_hops': 2, 'logname': 'ECL-PatchTST', 'time': '2023-07-25-02:21:29.230144', 'path': 'exp/ECL-PatchTST2023-07-25-02:21:29.230144', 'num_workers': 4, 'start_train': 0, 'train_mode': 'pretrain', 'get_score': False, 'use_cm': True, 'logger': <Logger __main__ (INFO)>}
2023-07-25 02:21:29,231 - [*] phase 0 start training
0 26304
18412 2632 5260 0.7 0.2 26304
train 17981
18412 2632 5260 0.7 0.2 26304
val 2537
18412 2632 5260 0.7 0.2 26304
test 5165
2023-07-25 02:21:44,407 - [*] phase 0 Dataset load!
2023-07-25 02:21:45,318 - [*] phase 0 Training start
18412 2632 5260 0.7 0.2 26304
train 17981
2023-07-25 02:22:09,273 - epoch:0, training loss:0.5101 validation loss:0.1130
18412 2632 5260 0.7 0.2 26304
train 17981
vs, vt 0.11304117143154144 0.10991022419184446
Updating learning rate to 1.0445766508069865e-05
Updating learning rate to 1.0445766508069865e-05
18412 2632 5260 0.7 0.2 26304
train 17981
vs, vt 0.07286970056593418 0.07464762292802334
2023-07-25 02:22:57,559 - epoch:1, training loss:0.4867 validation loss:0.0729
Updating learning rate to 2.805190328742299e-05
Updating learning rate to 2.805190328742299e-05
18412 2632 5260 0.7 0.2 26304
train 17981
vs, vt 0.060750788822770116 0.06454145619645715
2023-07-25 02:23:26,893 - epoch:2, training loss:0.2898 validation loss:0.0608
Updating learning rate to 5.208986672185724e-05
Updating learning rate to 5.208986672185724e-05
18412 2632 5260 0.7 0.2 26304
train 17981
vs, vt 0.054150639288127425 0.05789718506857753
2023-07-25 02:23:55,672 - epoch:3, training loss:0.2109 validation loss:0.0542
Updating learning rate to 7.610369432687743e-05
Updating learning rate to 7.610369432687743e-05
18412 2632 5260 0.7 0.2 26304
train 17981
vs, vt 0.05027116313576698 0.05309123257175088
2023-07-25 02:24:29,107 - epoch:4, training loss:0.1754 validation loss:0.0503
Updating learning rate to 9.364390586469177e-05
Updating learning rate to 9.364390586469177e-05
18412 2632 5260 0.7 0.2 26304
train 17981
vs, vt 0.047821640875190495 0.051271706633269784
2023-07-25 02:25:00,506 - epoch:5, training loss:0.1565 validation loss:0.0478
Updating learning rate to 9.999997814456623e-05
Updating learning rate to 9.999997814456623e-05
18412 2632 5260 0.7 0.2 26304
train 17981
vs, vt 0.04737657150253653 0.049234671611338855
2023-07-25 02:25:28,106 - epoch:6, training loss:0.1442 validation loss:0.0474
Updating learning rate to 9.956612105134122e-05
Updating learning rate to 9.956612105134122e-05
18412 2632 5260 0.7 0.2 26304
train 17981
vs, vt 0.04646768933162093 0.049191439244896176
2023-07-25 02:25:55,206 - epoch:7, training loss:0.1369 validation loss:0.0465
Updating learning rate to 9.828417730665822e-05
Updating learning rate to 9.828417730665822e-05
18412 2632 5260 0.7 0.2 26304
train 17981
vs, vt 0.04565205164253712 0.04793684147298336
2023-07-25 02:26:25,748 - epoch:8, training loss:0.1313 validation loss:0.0457
Updating learning rate to 9.617608132341072e-05
Updating learning rate to 9.617608132341072e-05
18412 2632 5260 0.7 0.2 26304
train 17981
vs, vt 0.04489745814353228 0.046726596727967265
2023-07-25 02:26:58,311 - epoch:9, training loss:0.1272 validation loss:0.0449
Updating learning rate to 9.327790320834669e-05
Updating learning rate to 9.327790320834669e-05
18412 2632 5260 0.7 0.2 26304
train 17981
vs, vt 0.04482515575364232 0.046017918875440954
2023-07-25 02:27:30,740 - epoch:10, training loss:0.1231 validation loss:0.0448
Updating learning rate to 8.963923159254168e-05
Updating learning rate to 8.963923159254168e-05
18412 2632 5260 0.7 0.2 26304
train 17981
vs, vt 0.04448449718765914 0.04545016884803772
2023-07-25 02:28:01,326 - epoch:11, training loss:0.1212 validation loss:0.0445
Updating learning rate to 8.532232515617246e-05
Updating learning rate to 8.532232515617246e-05
18412 2632 5260 0.7 0.2 26304
train 17981
vs, vt 0.04483713814988732 0.04507819856517017
2023-07-25 02:28:31,294 - epoch:12, training loss:0.1181 validation loss:0.0448
Updating learning rate to 8.04010473652379e-05
Updating learning rate to 8.04010473652379e-05
18412 2632 5260 0.7 0.2 26304
train 17981
vs, vt 0.04394598756916821 0.0452637757640332
2023-07-25 02:29:00,835 - epoch:13, training loss:0.1164 validation loss:0.0439
Updating learning rate to 7.495960264717686e-05
Updating learning rate to 7.495960264717686e-05
18412 2632 5260 0.7 0.2 26304
train 17981
vs, vt 0.04365062979049981 0.04419198483228683
2023-07-25 02:29:30,552 - epoch:14, training loss:0.1137 validation loss:0.0437
Updating learning rate to 6.909109562976884e-05
Updating learning rate to 6.909109562976884e-05
18412 2632 5260 0.7 0.2 26304
train 17981
vs, vt 0.04289965312927961 0.043548666732385756
2023-07-25 02:30:00,702 - epoch:15, training loss:0.1124 validation loss:0.0429
Updating learning rate to 6.289593809513925e-05
Updating learning rate to 6.289593809513925e-05
18412 2632 5260 0.7 0.2 26304
train 17981
vs, vt 0.04354280452243984 0.043110100505873564
2023-07-25 02:30:33,495 - epoch:16, training loss:0.1111 validation loss:0.0435
Updating learning rate to 5.6480130906327764e-05
Updating learning rate to 5.6480130906327764e-05
18412 2632 5260 0.7 0.2 26304
train 17981
vs, vt 0.04219407285563648 0.04314650017768144
2023-07-25 02:31:05,277 - epoch:17, training loss:0.1099 validation loss:0.0422
Updating learning rate to 4.995345030313274e-05
Updating learning rate to 4.995345030313274e-05
18412 2632 5260 0.7 0.2 26304
train 17981
vs, vt 0.04195688711479306 0.04250050140544772
2023-07-25 02:31:36,473 - epoch:18, training loss:0.1079 validation loss:0.0420
Updating learning rate to 4.3427569600212594e-05
Updating learning rate to 4.3427569600212594e-05
18412 2632 5260 0.7 0.2 26304
train 17981
vs, vt 0.04248279822058976 0.04269675430841744
2023-07-25 02:32:06,004 - epoch:19, training loss:0.1067 validation loss:0.0425
Updating learning rate to 3.70141484257102e-05
Updating learning rate to 3.70141484257102e-05
18412 2632 5260 0.7 0.2 26304
train 17981
vs, vt 0.041461240593343975 0.042841840907931326
2023-07-25 02:32:36,424 - epoch:20, training loss:0.1061 validation loss:0.0415
Updating learning rate to 3.0822922194057626e-05
Updating learning rate to 3.0822922194057626e-05
18412 2632 5260 0.7 0.2 26304
train 17981
vs, vt 0.041316507896408436 0.042526742070913316
2023-07-25 02:33:06,441 - epoch:21, training loss:0.1048 validation loss:0.0413
Updating learning rate to 2.4959824502610635e-05
Updating learning rate to 2.4959824502610635e-05
18412 2632 5260 0.7 0.2 26304
train 17981
vs, vt 0.04114827187731862 0.04179455516859889
2023-07-25 02:33:36,550 - epoch:22, training loss:0.1039 validation loss:0.0411
Updating learning rate to 1.9525174578427625e-05
Updating learning rate to 1.9525174578427625e-05
18412 2632 5260 0.7 0.2 26304
train 17981
vs, vt 0.04134198874235153 0.04201475498266518
2023-07-25 02:34:09,422 - epoch:23, training loss:0.1034 validation loss:0.0413
Updating learning rate to 1.4611960788481038e-05
Updating learning rate to 1.4611960788481038e-05
18412 2632 5260 0.7 0.2 26304
train 17981
vs, vt 0.04103283323347569 0.041878265980631116
2023-07-25 02:34:40,957 - epoch:24, training loss:0.1027 validation loss:0.0410
Updating learning rate to 1.0304249582917059e-05
Updating learning rate to 1.0304249582917059e-05
18412 2632 5260 0.7 0.2 26304
train 17981
vs, vt 0.04120521214790642 0.041657694755122064
2023-07-25 02:35:11,369 - epoch:25, training loss:0.1023 validation loss:0.0412
Updating learning rate to 6.675747094786052e-06
Updating learning rate to 6.675747094786052e-06
18412 2632 5260 0.7 0.2 26304
train 17981
vs, vt 0.04106047549284995 0.04154481897130609
2023-07-25 02:35:38,509 - epoch:26, training loss:0.1019 validation loss:0.0411
Updating learning rate to 3.7885380076709116e-06
Updating learning rate to 3.7885380076709116e-06
18412 2632 5260 0.7 0.2 26304
train 17981
vs, vt 0.04090142543427646 0.04152184226550162
2023-07-25 02:36:07,320 - epoch:27, training loss:0.1018 validation loss:0.0409
Updating learning rate to 1.6920232695377565e-06
Updating learning rate to 1.6920232695377565e-06
18412 2632 5260 0.7 0.2 26304
train 17981
vs, vt 0.04084140197373927 0.04141969471238553
2023-07-25 02:36:36,858 - epoch:28, training loss:0.1015 validation loss:0.0408
Updating learning rate to 4.220748288197363e-07
Updating learning rate to 4.220748288197363e-07
18412 2632 5260 0.7 0.2 26304
train 17981
vs, vt 0.04086703937500715 0.04150096154771745
2023-07-25 02:37:07,365 - epoch:29, training loss:0.1015 validation loss:0.0409
Updating learning rate to 4.218554337707414e-10
Updating learning rate to 4.218554337707414e-10
2023-07-25 02:37:09,809 - [*] loss:0.0828
2023-07-25 02:37:09,811 - [*] phase 0, testing
2023-07-25 02:37:09,819 - T:96	MAE	0.181993	RMSE	0.083492	MAPE	45.895275
2023-07-25 02:37:09,819 - 96	mae	0.1820	
2023-07-25 02:37:09,819 - 96	rmse	0.0835	
2023-07-25 02:37:09,819 - 96	mape	45.8953	
2023-07-25 02:37:12,558 - [*] loss:0.0815
2023-07-25 02:37:12,559 - [*] phase 0, testing
2023-07-25 02:37:12,567 - T:96	MAE	0.182332	RMSE	0.082124	MAPE	46.335188
2023-07-25 02:37:12,567 - 96	mae	0.1823	
2023-07-25 02:37:12,567 - 96	rmse	0.0821	
2023-07-25 02:37:12,567 - 96	mape	46.3352	
