2023-07-25 02:37:14,714 - logger name:exp/ECL-PatchTST2023-07-25-02:37:14.713979/ECL-PatchTST.log
2023-07-25 02:37:14,714 - params : {'conf': 'ECL-PatchTST', 'data_name': 'electricity', 'iteration': 1, 'load': True, 'build_graph': False, 'grad_norm': False, 'root_path': '', 'exp_path': 'exp/', 'val_test_mix': False, 'pred_len': 96, 'noise_rate': 0.1, 'device': device(type='cuda', index=0), 'test_model_path': '/Disk/fhyega/code/BASE/exp/ECL-PatchTST2023-07-23-21:59:42.618606/0/0.0379_epoch_25.pkl', 'idx': 89, 'aligner': 0, 'refiner': 1, 'enhance': 0, 'seed': 2022, '/* model related args*/': '//', 'model_name': 'PatchTST', 'seq_len': 336, 'label_len': 48, 'features': 'M', 'target': 'OT', 'graph_input': False, 'individual': False, 'e_layers': 3, 'd_layers': 1, 'factor': 1, 'n_heads': 16, 'd_model': 128, 'd_ff': 256, 'dropout': 0.2, 'fc_dropout': 0.2, 'head_dropout': 0.0, 'patch_len': 16, 'stride': 8, 'des': 'Exp', 'padding_patch': 'end', 'revin': 1, 'affine': 0, 'subtract_last': 0, 'decomposition': 0, 'kernel_size': 25, 'output_attention': 0, 'embed_type': 0, 'activation': 'gelu', 'lradj': 'TST', 'distil': 1, 'linear_output': 1, 'pct_start': 0.2, '/*train related args*/': '//', 'train': True, 'epoch': 30, 'batch_size': 128, 'lr': 0.0001, 'loss': 'mse', '/*dataset related args*/': '//', 'save_data_path': 'data/ECL/', 'data_process': True, 'embed': 'timeF', 'freq': 'h', 'begin_phase': 0, 'end_phase': 1, 'phase_len': 26304, 'val_ratio': 0.33, 'graph_size': 321, '/*strategy related args*/': '//', 'strategy': 'incremental', 'increase': False, 'detect': False, 'detect_strategy': 'feature', 'replay': False, 'replay_strategy': 'random', 'repaly_num_samples': 100, 'ewc': False, 'ewc_strategy': 'ewc', 'ewc_lambda': 0.0001, 'subgraph_train': False, 'num_hops': 2, 'logname': 'ECL-PatchTST', 'time': '2023-07-25-02:37:14.713979', 'path': 'exp/ECL-PatchTST2023-07-25-02:37:14.713979', 'num_workers': 4, 'start_train': 0, 'train_mode': 'pretrain', 'get_score': False, 'use_cm': True, 'logger': <Logger __main__ (INFO)>}
2023-07-25 02:37:14,714 - [*] phase 0 start training
0 26304
18412 2632 5260 0.7 0.2 26304
train 17981
18412 2632 5260 0.7 0.2 26304
val 2537
18412 2632 5260 0.7 0.2 26304
test 5165
2023-07-25 02:37:29,877 - [*] phase 0 Dataset load!
2023-07-25 02:37:30,887 - [*] phase 0 Training start
18412 2632 5260 0.7 0.2 26304
train 17981
2023-07-25 02:37:51,512 - epoch:0, training loss:0.5101 validation loss:0.1130
18412 2632 5260 0.7 0.2 26304
train 17981
vs, vt 0.11304117143154144 0.10991022419184446
Updating learning rate to 1.0445766508069865e-05
Updating learning rate to 1.0445766508069865e-05
18412 2632 5260 0.7 0.2 26304
train 17981
vs, vt 0.07287512822076678 0.0731467915698886
2023-07-25 02:38:34,129 - epoch:1, training loss:0.3302 validation loss:0.0729
Updating learning rate to 2.805190328742299e-05
Updating learning rate to 2.805190328742299e-05
18412 2632 5260 0.7 0.2 26304
train 17981
vs, vt 0.06026074253022671 0.06129970513284207
2023-07-25 02:39:01,037 - epoch:2, training loss:0.2323 validation loss:0.0603
Updating learning rate to 5.208986672185724e-05
Updating learning rate to 5.208986672185724e-05
18412 2632 5260 0.7 0.2 26304
train 17981
vs, vt 0.053836533613502977 0.05538232820108533
2023-07-25 02:39:30,556 - epoch:3, training loss:0.1804 validation loss:0.0538
Updating learning rate to 7.610369432687743e-05
Updating learning rate to 7.610369432687743e-05
18412 2632 5260 0.7 0.2 26304
train 17981
vs, vt 0.05005046790465713 0.05198008762672544
2023-07-25 02:39:59,684 - epoch:4, training loss:0.1561 validation loss:0.0501
Updating learning rate to 9.364390586469177e-05
Updating learning rate to 9.364390586469177e-05
18412 2632 5260 0.7 0.2 26304
train 17981
vs, vt 0.04824539050459862 0.04930934002622962
2023-07-25 02:40:25,778 - epoch:5, training loss:0.1438 validation loss:0.0482
Updating learning rate to 9.999997814456623e-05
Updating learning rate to 9.999997814456623e-05
18412 2632 5260 0.7 0.2 26304
train 17981
vs, vt 0.04702437277883291 0.0482845245860517
2023-07-25 02:40:52,724 - epoch:6, training loss:0.1363 validation loss:0.0470
Updating learning rate to 9.956612105134122e-05
Updating learning rate to 9.956612105134122e-05
18412 2632 5260 0.7 0.2 26304
train 17981
vs, vt 0.04635831620544195 0.0467156401835382
2023-07-25 02:41:22,689 - epoch:7, training loss:0.1310 validation loss:0.0464
Updating learning rate to 9.828417730665822e-05
Updating learning rate to 9.828417730665822e-05
18412 2632 5260 0.7 0.2 26304
train 17981
vs, vt 0.04513104232028127 0.04602740327827633
2023-07-25 02:41:52,133 - epoch:8, training loss:0.1266 validation loss:0.0451
Updating learning rate to 9.617608132341072e-05
Updating learning rate to 9.617608132341072e-05
18412 2632 5260 0.7 0.2 26304
train 17981
vs, vt 0.04573554461821914 0.04537224522791803
2023-07-25 02:42:20,602 - epoch:9, training loss:0.1239 validation loss:0.0457
Updating learning rate to 9.327790320834669e-05
Updating learning rate to 9.327790320834669e-05
18412 2632 5260 0.7 0.2 26304
train 17981
vs, vt 0.04445056999102235 0.04472041898407042
2023-07-25 02:42:49,033 - epoch:10, training loss:0.1212 validation loss:0.0445
Updating learning rate to 8.963923159254168e-05
Updating learning rate to 8.963923159254168e-05
18412 2632 5260 0.7 0.2 26304
train 17981
vs, vt 0.044375716149806975 0.04402062487788498
2023-07-25 02:43:18,803 - epoch:11, training loss:0.1186 validation loss:0.0444
Updating learning rate to 8.532232515617246e-05
Updating learning rate to 8.532232515617246e-05
18412 2632 5260 0.7 0.2 26304
train 17981
vs, vt 0.044492173101753 0.04386261999607086
2023-07-25 02:43:41,978 - epoch:12, training loss:0.1168 validation loss:0.0445
Updating learning rate to 8.04010473652379e-05
Updating learning rate to 8.04010473652379e-05
18412 2632 5260 0.7 0.2 26304
train 17981
vs, vt 0.043442127062007785 0.0437100000679493
2023-07-25 02:44:07,879 - epoch:13, training loss:0.1143 validation loss:0.0434
Updating learning rate to 7.495960264717686e-05
Updating learning rate to 7.495960264717686e-05
18412 2632 5260 0.7 0.2 26304
train 17981
vs, vt 0.04288862803950906 0.04257639101706445
2023-07-25 02:44:33,407 - epoch:14, training loss:0.1129 validation loss:0.0429
Updating learning rate to 6.909109562976884e-05
Updating learning rate to 6.909109562976884e-05
18412 2632 5260 0.7 0.2 26304
train 17981
vs, vt 0.043432945292443036 0.04228208330459893
2023-07-25 02:45:00,304 - epoch:15, training loss:0.1108 validation loss:0.0434
Updating learning rate to 6.289593809513925e-05
Updating learning rate to 6.289593809513925e-05
18412 2632 5260 0.7 0.2 26304
train 17981
vs, vt 0.04230305994860828 0.042040932830423115
2023-07-25 02:45:25,397 - epoch:16, training loss:0.1094 validation loss:0.0423
Updating learning rate to 5.6480130906327764e-05
Updating learning rate to 5.6480130906327764e-05
18412 2632 5260 0.7 0.2 26304
train 17981
vs, vt 0.04233889929018915 0.04173222896642983
2023-07-25 02:45:54,412 - epoch:17, training loss:0.1079 validation loss:0.0423
Updating learning rate to 4.995345030313274e-05
Updating learning rate to 4.995345030313274e-05
18412 2632 5260 0.7 0.2 26304
train 17981
vs, vt 0.041980456467717885 0.04120799065567553
2023-07-25 02:46:18,165 - epoch:18, training loss:0.1063 validation loss:0.0420
Updating learning rate to 4.3427569600212594e-05
Updating learning rate to 4.3427569600212594e-05
18412 2632 5260 0.7 0.2 26304
train 17981
vs, vt 0.042325261142104866 0.04134797644801438
2023-07-25 02:46:47,540 - epoch:19, training loss:0.1056 validation loss:0.0423
Updating learning rate to 3.70141484257102e-05
Updating learning rate to 3.70141484257102e-05
18412 2632 5260 0.7 0.2 26304
train 17981
vs, vt 0.04167628376744688 0.041036930354312065
2023-07-25 02:47:10,630 - epoch:20, training loss:0.1046 validation loss:0.0417
Updating learning rate to 3.0822922194057626e-05
Updating learning rate to 3.0822922194057626e-05
18412 2632 5260 0.7 0.2 26304
train 17981
vs, vt 0.04147577397525311 0.040598069364205
2023-07-25 02:47:41,087 - epoch:21, training loss:0.1036 validation loss:0.0415
Updating learning rate to 2.4959824502610635e-05
Updating learning rate to 2.4959824502610635e-05
18412 2632 5260 0.7 0.2 26304
train 17981
vs, vt 0.04118738858960569 0.040379636408761146
2023-07-25 02:48:04,678 - epoch:22, training loss:0.1029 validation loss:0.0412
Updating learning rate to 1.9525174578427625e-05
Updating learning rate to 1.9525174578427625e-05
18412 2632 5260 0.7 0.2 26304
train 17981
vs, vt 0.04201639103703201 0.04051204714924097
2023-07-25 02:48:34,339 - epoch:23, training loss:0.1022 validation loss:0.0420
Updating learning rate to 1.4611960788481038e-05
Updating learning rate to 1.4611960788481038e-05
18412 2632 5260 0.7 0.2 26304
train 17981
vs, vt 0.04123409823514521 0.040237945737317204
2023-07-25 02:48:57,014 - epoch:24, training loss:0.1017 validation loss:0.0412
Updating learning rate to 1.0304249582917059e-05
Updating learning rate to 1.0304249582917059e-05
18412 2632 5260 0.7 0.2 26304
train 17981
vs, vt 0.04106508092954755 0.04010572652332485
2023-07-25 02:49:25,176 - epoch:25, training loss:0.1009 validation loss:0.0411
Updating learning rate to 6.675747094786052e-06
Updating learning rate to 6.675747094786052e-06
18412 2632 5260 0.7 0.2 26304
train 17981
vs, vt 0.04096327042207122 0.03999848421663046
2023-07-25 02:49:49,766 - epoch:26, training loss:0.1007 validation loss:0.0410
Updating learning rate to 3.7885380076709116e-06
Updating learning rate to 3.7885380076709116e-06
18412 2632 5260 0.7 0.2 26304
train 17981
vs, vt 0.040876700542867184 0.03996648248285055
2023-07-25 02:50:16,944 - epoch:27, training loss:0.1005 validation loss:0.0409
Updating learning rate to 1.6920232695377565e-06
Updating learning rate to 1.6920232695377565e-06
18412 2632 5260 0.7 0.2 26304
train 17981
vs, vt 0.040846374537795785 0.039949337393045424
2023-07-25 02:50:44,658 - epoch:28, training loss:0.1002 validation loss:0.0408
Updating learning rate to 4.220748288197363e-07
Updating learning rate to 4.220748288197363e-07
18412 2632 5260 0.7 0.2 26304
train 17981
vs, vt 0.040843689301982525 0.03992787525057793
2023-07-25 02:51:08,865 - epoch:29, training loss:0.1003 validation loss:0.0408
Updating learning rate to 4.218554337707414e-10
Updating learning rate to 4.218554337707414e-10
2023-07-25 02:51:11,542 - [*] loss:0.0828
2023-07-25 02:51:11,544 - [*] phase 0, testing
2023-07-25 02:51:11,552 - T:96	MAE	0.181942	RMSE	0.083478	MAPE	45.851207
2023-07-25 02:51:11,552 - 96	mae	0.1819	
2023-07-25 02:51:11,553 - 96	rmse	0.0835	
2023-07-25 02:51:11,553 - 96	mape	45.8512	
2023-07-25 02:51:13,899 - [*] loss:0.0813
2023-07-25 02:51:13,900 - [*] phase 0, testing
2023-07-25 02:51:13,908 - T:96	MAE	0.178874	RMSE	0.081857	MAPE	44.625455
2023-07-25 02:51:13,908 - 96	mae	0.1789	
2023-07-25 02:51:13,908 - 96	rmse	0.0819	
2023-07-25 02:51:13,908 - 96	mape	44.6255	
