2023-07-25 02:51:16,009 - logger name:exp/ECL-PatchTST2023-07-25-02:51:16.009720/ECL-PatchTST.log
2023-07-25 02:51:16,010 - params : {'conf': 'ECL-PatchTST', 'data_name': 'electricity', 'iteration': 1, 'load': True, 'build_graph': False, 'grad_norm': False, 'root_path': '', 'exp_path': 'exp/', 'val_test_mix': False, 'pred_len': 96, 'noise_rate': 0.1, 'device': device(type='cuda', index=0), 'test_model_path': '/Disk/fhyega/code/BASE/exp/ECL-PatchTST2023-07-23-21:59:42.618606/0/0.0379_epoch_25.pkl', 'idx': 89, 'aligner': 1, 'refiner': 0, 'enhance': 0, 'seed': 2022, '/* model related args*/': '//', 'model_name': 'PatchTST', 'seq_len': 336, 'label_len': 48, 'features': 'M', 'target': 'OT', 'graph_input': False, 'individual': False, 'e_layers': 3, 'd_layers': 1, 'factor': 1, 'n_heads': 16, 'd_model': 128, 'd_ff': 256, 'dropout': 0.2, 'fc_dropout': 0.2, 'head_dropout': 0.0, 'patch_len': 16, 'stride': 8, 'des': 'Exp', 'padding_patch': 'end', 'revin': 1, 'affine': 0, 'subtract_last': 0, 'decomposition': 0, 'kernel_size': 25, 'output_attention': 0, 'embed_type': 0, 'activation': 'gelu', 'lradj': 'TST', 'distil': 1, 'linear_output': 1, 'pct_start': 0.2, '/*train related args*/': '//', 'train': True, 'epoch': 30, 'batch_size': 128, 'lr': 0.0001, 'loss': 'mse', '/*dataset related args*/': '//', 'save_data_path': 'data/ECL/', 'data_process': True, 'embed': 'timeF', 'freq': 'h', 'begin_phase': 0, 'end_phase': 1, 'phase_len': 26304, 'val_ratio': 0.33, 'graph_size': 321, '/*strategy related args*/': '//', 'strategy': 'incremental', 'increase': False, 'detect': False, 'detect_strategy': 'feature', 'replay': False, 'replay_strategy': 'random', 'repaly_num_samples': 100, 'ewc': False, 'ewc_strategy': 'ewc', 'ewc_lambda': 0.0001, 'subgraph_train': False, 'num_hops': 2, 'logname': 'ECL-PatchTST', 'time': '2023-07-25-02:51:16.009720', 'path': 'exp/ECL-PatchTST2023-07-25-02:51:16.009720', 'num_workers': 4, 'start_train': 0, 'train_mode': 'pretrain', 'get_score': False, 'use_cm': True, 'logger': <Logger __main__ (INFO)>}
2023-07-25 02:51:16,010 - [*] phase 0 start training
0 26304
18412 2632 5260 0.7 0.2 26304
train 17981
18412 2632 5260 0.7 0.2 26304
val 2537
18412 2632 5260 0.7 0.2 26304
test 5165
2023-07-25 02:51:30,387 - [*] phase 0 Dataset load!
2023-07-25 02:51:31,457 - [*] phase 0 Training start
18412 2632 5260 0.7 0.2 26304
train 17981
2023-07-25 02:51:54,498 - epoch:0, training loss:0.5100 validation loss:0.1130
18412 2632 5260 0.7 0.2 26304
train 17981
vs, vt 0.11296673696488142 0.10980846397578717
Updating learning rate to 1.0445766508069865e-05
Updating learning rate to 1.0445766508069865e-05
18412 2632 5260 0.7 0.2 26304
train 17981
vs, vt 0.07475534537807108 0.07310251072049141
2023-07-25 02:52:35,059 - epoch:1, training loss:0.7021 validation loss:0.0748
Updating learning rate to 2.805190328742299e-05
Updating learning rate to 2.805190328742299e-05
18412 2632 5260 0.7 0.2 26304
train 17981
vs, vt 0.062192766834050416 0.061250800639390944
2023-07-25 02:52:57,096 - epoch:2, training loss:0.3689 validation loss:0.0622
Updating learning rate to 5.208986672185724e-05
Updating learning rate to 5.208986672185724e-05
18412 2632 5260 0.7 0.2 26304
train 17981
vs, vt 0.0548780282959342 0.05532288439571857
2023-07-25 02:53:25,886 - epoch:3, training loss:0.2515 validation loss:0.0549
Updating learning rate to 7.610369432687743e-05
Updating learning rate to 7.610369432687743e-05
18412 2632 5260 0.7 0.2 26304
train 17981
vs, vt 0.05064514940604568 0.051920389756560326
2023-07-25 02:53:48,125 - epoch:4, training loss:0.2079 validation loss:0.0506
Updating learning rate to 9.364390586469177e-05
Updating learning rate to 9.364390586469177e-05
18412 2632 5260 0.7 0.2 26304
train 17981
vs, vt 0.048382417485117915 0.049328742921352385
2023-07-25 02:54:16,846 - epoch:5, training loss:0.1855 validation loss:0.0484
Updating learning rate to 9.999997814456623e-05
Updating learning rate to 9.999997814456623e-05
18412 2632 5260 0.7 0.2 26304
train 17981
vs, vt 0.04749146765097976 0.04827733356505633
2023-07-25 02:54:38,267 - epoch:6, training loss:0.1717 validation loss:0.0475
Updating learning rate to 9.956612105134122e-05
Updating learning rate to 9.956612105134122e-05
18412 2632 5260 0.7 0.2 26304
train 17981
vs, vt 0.046607582923024894 0.046857038233429196
2023-07-25 02:55:07,784 - epoch:7, training loss:0.1622 validation loss:0.0466
Updating learning rate to 9.828417730665822e-05
Updating learning rate to 9.828417730665822e-05
18412 2632 5260 0.7 0.2 26304
train 17981
vs, vt 0.04576797131448984 0.0460448061581701
2023-07-25 02:55:30,070 - epoch:8, training loss:0.1545 validation loss:0.0458
Updating learning rate to 9.617608132341072e-05
Updating learning rate to 9.617608132341072e-05
18412 2632 5260 0.7 0.2 26304
train 17981
vs, vt 0.046498940978199246 0.04555850927717984
2023-07-25 02:55:58,755 - epoch:9, training loss:0.1490 validation loss:0.0465
Updating learning rate to 9.327790320834669e-05
Updating learning rate to 9.327790320834669e-05
18412 2632 5260 0.7 0.2 26304
train 17981
vs, vt 0.044918826315551996 0.0448521738871932
2023-07-25 02:56:19,326 - epoch:10, training loss:0.1443 validation loss:0.0449
Updating learning rate to 8.963923159254168e-05
Updating learning rate to 8.963923159254168e-05
18412 2632 5260 0.7 0.2 26304
train 17981
vs, vt 0.04517280119471252 0.04408122692257166
2023-07-25 02:56:49,465 - epoch:11, training loss:0.1399 validation loss:0.0452
Updating learning rate to 8.532232515617246e-05
Updating learning rate to 8.532232515617246e-05
18412 2632 5260 0.7 0.2 26304
train 17981
vs, vt 0.044819460809230806 0.043983714655041695
2023-07-25 02:57:10,754 - epoch:12, training loss:0.1364 validation loss:0.0448
Updating learning rate to 8.04010473652379e-05
Updating learning rate to 8.04010473652379e-05
18412 2632 5260 0.7 0.2 26304
train 17981
vs, vt 0.043916280893608925 0.04389992002397776
2023-07-25 02:57:40,079 - epoch:13, training loss:0.1326 validation loss:0.0439
Updating learning rate to 7.495960264717686e-05
Updating learning rate to 7.495960264717686e-05
18412 2632 5260 0.7 0.2 26304
train 17981
vs, vt 0.04345072084106505 0.042668348830193284
2023-07-25 02:58:01,649 - epoch:14, training loss:0.1299 validation loss:0.0435
Updating learning rate to 6.909109562976884e-05
Updating learning rate to 6.909109562976884e-05
18412 2632 5260 0.7 0.2 26304
train 17981
vs, vt 0.043868562392890456 0.042321884026750925
2023-07-25 02:58:30,281 - epoch:15, training loss:0.1269 validation loss:0.0439
Updating learning rate to 6.289593809513925e-05
Updating learning rate to 6.289593809513925e-05
18412 2632 5260 0.7 0.2 26304
train 17981
vs, vt 0.04317076047882438 0.04213069584220648
2023-07-25 02:58:50,776 - epoch:16, training loss:0.1248 validation loss:0.0432
Updating learning rate to 5.6480130906327764e-05
Updating learning rate to 5.6480130906327764e-05
18412 2632 5260 0.7 0.2 26304
train 17981
vs, vt 0.04307847451418638 0.04184064879082143
2023-07-25 02:59:18,054 - epoch:17, training loss:0.1225 validation loss:0.0431
Updating learning rate to 4.995345030313274e-05
Updating learning rate to 4.995345030313274e-05
18412 2632 5260 0.7 0.2 26304
train 17981
vs, vt 0.04289705422706902 0.04131032503210008
2023-07-25 02:59:42,562 - epoch:18, training loss:0.1204 validation loss:0.0429
Updating learning rate to 4.3427569600212594e-05
Updating learning rate to 4.3427569600212594e-05
18412 2632 5260 0.7 0.2 26304
train 17981
vs, vt 0.04321623682044447 0.04146307571791112
2023-07-25 03:00:10,868 - epoch:19, training loss:0.1191 validation loss:0.0432
Updating learning rate to 3.70141484257102e-05
Updating learning rate to 3.70141484257102e-05
18412 2632 5260 0.7 0.2 26304
train 17981
vs, vt 0.042541220365092156 0.04114050329662859
2023-07-25 03:00:33,324 - epoch:20, training loss:0.1176 validation loss:0.0425
Updating learning rate to 3.0822922194057626e-05
Updating learning rate to 3.0822922194057626e-05
18412 2632 5260 0.7 0.2 26304
train 17981
vs, vt 0.042471117433160545 0.04073125272989273
2023-07-25 03:01:01,502 - epoch:21, training loss:0.1163 validation loss:0.0425
Updating learning rate to 2.4959824502610635e-05
Updating learning rate to 2.4959824502610635e-05
18412 2632 5260 0.7 0.2 26304
train 17981
vs, vt 0.042128126183524725 0.04051159182563424
2023-07-25 03:01:26,176 - epoch:22, training loss:0.1153 validation loss:0.0421
Updating learning rate to 1.9525174578427625e-05
Updating learning rate to 1.9525174578427625e-05
18412 2632 5260 0.7 0.2 26304
train 17981
vs, vt 0.04297869084402919 0.04060026644729078
2023-07-25 03:01:54,166 - epoch:23, training loss:0.1144 validation loss:0.0430
Updating learning rate to 1.4611960788481038e-05
Updating learning rate to 1.4611960788481038e-05
18412 2632 5260 0.7 0.2 26304
train 17981
vs, vt 0.042151236720383164 0.04039667951874435
2023-07-25 03:02:18,615 - epoch:24, training loss:0.1138 validation loss:0.0422
Updating learning rate to 1.0304249582917059e-05
Updating learning rate to 1.0304249582917059e-05
18412 2632 5260 0.7 0.2 26304
train 17981
vs, vt 0.0419967947062105 0.04025070774368942
2023-07-25 03:02:46,747 - epoch:25, training loss:0.1129 validation loss:0.0420
Updating learning rate to 6.675747094786052e-06
Updating learning rate to 6.675747094786052e-06
18412 2632 5260 0.7 0.2 26304
train 17981
vs, vt 0.04186952360905707 0.04014919246546924
2023-07-25 03:03:09,649 - epoch:26, training loss:0.1126 validation loss:0.0419
Updating learning rate to 3.7885380076709116e-06
Updating learning rate to 3.7885380076709116e-06
18412 2632 5260 0.7 0.2 26304
train 17981
vs, vt 0.04185391934588552 0.04012485900893807
2023-07-25 03:03:37,597 - epoch:27, training loss:0.1123 validation loss:0.0419
Updating learning rate to 1.6920232695377565e-06
Updating learning rate to 1.6920232695377565e-06
18412 2632 5260 0.7 0.2 26304
train 17981
vs, vt 0.041825876710936426 0.04011010294780135
2023-07-25 03:04:01,064 - epoch:28, training loss:0.1120 validation loss:0.0418
Updating learning rate to 4.220748288197363e-07
Updating learning rate to 4.220748288197363e-07
18412 2632 5260 0.7 0.2 26304
train 17981
vs, vt 0.04181236298754811 0.040086316782981156
2023-07-25 03:04:29,164 - epoch:29, training loss:0.1120 validation loss:0.0418
Updating learning rate to 4.218554337707414e-10
Updating learning rate to 4.218554337707414e-10
2023-07-25 03:04:32,784 - [*] loss:0.0823
2023-07-25 03:04:32,785 - [*] phase 0, testing
2023-07-25 03:04:32,795 - T:96	MAE	0.182755	RMSE	0.082850	MAPE	46.027452
2023-07-25 03:04:32,795 - 96	mae	0.1828	
2023-07-25 03:04:32,795 - 96	rmse	0.0829	
2023-07-25 03:04:32,795 - 96	mape	46.0275	
2023-07-25 03:04:36,004 - [*] loss:0.0813
2023-07-25 03:04:36,005 - [*] phase 0, testing
2023-07-25 03:04:36,013 - T:96	MAE	0.178918	RMSE	0.081905	MAPE	44.646308
2023-07-25 03:04:36,014 - 96	mae	0.1789	
2023-07-25 03:04:36,014 - 96	rmse	0.0819	
2023-07-25 03:04:36,014 - 96	mape	44.6463	
