2023-07-25 04:17:22,791 - logger name:exp/ECL-PatchTST2023-07-25-04:17:22.791093/ECL-PatchTST.log
2023-07-25 04:17:22,791 - params : {'conf': 'ECL-PatchTST', 'data_name': 'electricity', 'iteration': 1, 'load': True, 'build_graph': False, 'grad_norm': False, 'root_path': '', 'exp_path': 'exp/', 'val_test_mix': False, 'pred_len': 96, 'noise_rate': 0.1, 'device': device(type='cuda', index=0), 'test_model_path': '/Disk/fhyega/code/BASE/exp/ECL-PatchTST2023-07-23-21:59:42.618606/0/0.0379_epoch_25.pkl', 'idx': 89, 'aligner': 0, 'refiner': 0, 'enhance': 0, 'seed': 2023, '/* model related args*/': '//', 'model_name': 'PatchTST', 'seq_len': 336, 'label_len': 48, 'features': 'M', 'target': 'OT', 'graph_input': False, 'individual': False, 'e_layers': 3, 'd_layers': 1, 'factor': 1, 'n_heads': 16, 'd_model': 128, 'd_ff': 256, 'dropout': 0.2, 'fc_dropout': 0.2, 'head_dropout': 0.0, 'patch_len': 16, 'stride': 8, 'des': 'Exp', 'padding_patch': 'end', 'revin': 1, 'affine': 0, 'subtract_last': 0, 'decomposition': 0, 'kernel_size': 25, 'output_attention': 0, 'embed_type': 0, 'activation': 'gelu', 'lradj': 'TST', 'distil': 1, 'linear_output': 1, 'pct_start': 0.2, '/*train related args*/': '//', 'train': True, 'epoch': 30, 'batch_size': 128, 'lr': 0.0001, 'loss': 'mse', '/*dataset related args*/': '//', 'save_data_path': 'data/ECL/', 'data_process': True, 'embed': 'timeF', 'freq': 'h', 'begin_phase': 0, 'end_phase': 1, 'phase_len': 26304, 'val_ratio': 0.33, 'graph_size': 321, '/*strategy related args*/': '//', 'strategy': 'incremental', 'increase': False, 'detect': False, 'detect_strategy': 'feature', 'replay': False, 'replay_strategy': 'random', 'repaly_num_samples': 100, 'ewc': False, 'ewc_strategy': 'ewc', 'ewc_lambda': 0.0001, 'subgraph_train': False, 'num_hops': 2, 'logname': 'ECL-PatchTST', 'time': '2023-07-25-04:17:22.791093', 'path': 'exp/ECL-PatchTST2023-07-25-04:17:22.791093', 'num_workers': 4, 'start_train': 0, 'train_mode': 'pretrain', 'get_score': False, 'use_cm': True, 'logger': <Logger __main__ (INFO)>}
2023-07-25 04:17:22,791 - [*] phase 0 start training
0 26304
18412 2632 5260 0.7 0.2 26304
train 17981
18412 2632 5260 0.7 0.2 26304
val 2537
18412 2632 5260 0.7 0.2 26304
test 5165
2023-07-25 04:17:38,045 - [*] phase 0 Dataset load!
2023-07-25 04:17:39,054 - [*] phase 0 Training start
18412 2632 5260 0.7 0.2 26304
train 17981
2023-07-25 04:18:01,477 - epoch:0, training loss:0.5232 validation loss:0.1110
18412 2632 5260 0.7 0.2 26304
train 17981
vs, vt 0.11099098790436983 0.10928600747138262
Updating learning rate to 1.0445766508069865e-05
Updating learning rate to 1.0445766508069865e-05
18412 2632 5260 0.7 0.2 26304
train 17981
vs, vt 0.07314051194116473 0.07318730903789401
2023-07-25 04:18:42,958 - epoch:1, training loss:0.3336 validation loss:0.0731
Updating learning rate to 2.805190328742299e-05
Updating learning rate to 2.805190328742299e-05
18412 2632 5260 0.7 0.2 26304
train 17981
vs, vt 0.060997738130390645 0.061750735901296136
2023-07-25 04:19:09,137 - epoch:2, training loss:0.2335 validation loss:0.0610
Updating learning rate to 5.208986672185724e-05
Updating learning rate to 5.208986672185724e-05
18412 2632 5260 0.7 0.2 26304
train 17981
vs, vt 0.05501094218343496 0.05535074854269624
2023-07-25 04:19:36,822 - epoch:3, training loss:0.1814 validation loss:0.0550
Updating learning rate to 7.610369432687743e-05
Updating learning rate to 7.610369432687743e-05
18412 2632 5260 0.7 0.2 26304
train 17981
vs, vt 0.05072842678055167 0.05133235938847065
2023-07-25 04:20:01,009 - epoch:4, training loss:0.1574 validation loss:0.0507
Updating learning rate to 9.364390586469177e-05
Updating learning rate to 9.364390586469177e-05
18412 2632 5260 0.7 0.2 26304
train 17981
vs, vt 0.04805297572165727 0.04914734857156873
2023-07-25 04:20:28,884 - epoch:5, training loss:0.1447 validation loss:0.0481
Updating learning rate to 9.999997814456623e-05
Updating learning rate to 9.999997814456623e-05
18412 2632 5260 0.7 0.2 26304
train 17981
vs, vt 0.047989840526133774 0.047912160586565736
2023-07-25 04:20:56,354 - epoch:6, training loss:0.1366 validation loss:0.0480
Updating learning rate to 9.956612105134122e-05
Updating learning rate to 9.956612105134122e-05
18412 2632 5260 0.7 0.2 26304
train 17981
vs, vt 0.04572699423879385 0.04676740849390626
2023-07-25 04:21:21,185 - epoch:7, training loss:0.1316 validation loss:0.0457
Updating learning rate to 9.828417730665822e-05
Updating learning rate to 9.828417730665822e-05
18412 2632 5260 0.7 0.2 26304
train 17981
vs, vt 0.04632334178313613 0.045469266222789885
2023-07-25 04:21:47,143 - epoch:8, training loss:0.1274 validation loss:0.0463
Updating learning rate to 9.617608132341072e-05
Updating learning rate to 9.617608132341072e-05
18412 2632 5260 0.7 0.2 26304
train 17981
vs, vt 0.04474359750747681 0.04488789960741997
2023-07-25 04:22:16,564 - epoch:9, training loss:0.1246 validation loss:0.0447
Updating learning rate to 9.327790320834669e-05
Updating learning rate to 9.327790320834669e-05
18412 2632 5260 0.7 0.2 26304
train 17981
vs, vt 0.045338900899514555 0.04461701433174312
2023-07-25 04:22:41,764 - epoch:10, training loss:0.1207 validation loss:0.0453
Updating learning rate to 8.963923159254168e-05
Updating learning rate to 8.963923159254168e-05
18412 2632 5260 0.7 0.2 26304
train 17981
vs, vt 0.04414761583320796 0.04371429518796503
2023-07-25 04:23:06,855 - epoch:11, training loss:0.1189 validation loss:0.0441
Updating learning rate to 8.532232515617246e-05
Updating learning rate to 8.532232515617246e-05
18412 2632 5260 0.7 0.2 26304
train 17981
vs, vt 0.04419376375153661 0.04305051239207387
2023-07-25 04:23:36,417 - epoch:12, training loss:0.1169 validation loss:0.0442
Updating learning rate to 8.04010473652379e-05
Updating learning rate to 8.04010473652379e-05
18412 2632 5260 0.7 0.2 26304
train 17981
vs, vt 0.04318830869160593 0.0424519753549248
2023-07-25 04:24:02,779 - epoch:13, training loss:0.1146 validation loss:0.0432
Updating learning rate to 7.495960264717686e-05
Updating learning rate to 7.495960264717686e-05
18412 2632 5260 0.7 0.2 26304
train 17981
vs, vt 0.0432055295445025 0.04260885803960264
2023-07-25 04:24:28,012 - epoch:14, training loss:0.1127 validation loss:0.0432
Updating learning rate to 6.909109562976884e-05
Updating learning rate to 6.909109562976884e-05
18412 2632 5260 0.7 0.2 26304
train 17981
vs, vt 0.04340479308739305 0.04215608802624047
2023-07-25 04:24:56,192 - epoch:15, training loss:0.1113 validation loss:0.0434
Updating learning rate to 6.289593809513925e-05
Updating learning rate to 6.289593809513925e-05
18412 2632 5260 0.7 0.2 26304
train 17981
vs, vt 0.04300569603219628 0.041972102038562296
2023-07-25 04:25:23,782 - epoch:16, training loss:0.1099 validation loss:0.0430
Updating learning rate to 5.6480130906327764e-05
Updating learning rate to 5.6480130906327764e-05
18412 2632 5260 0.7 0.2 26304
train 17981
vs, vt 0.04256562292575836 0.041820556623861194
2023-07-25 04:25:47,939 - epoch:17, training loss:0.1084 validation loss:0.0426
Updating learning rate to 4.995345030313274e-05
Updating learning rate to 4.995345030313274e-05
18412 2632 5260 0.7 0.2 26304
train 17981
vs, vt 0.042096731904894116 0.041370595013722776
2023-07-25 04:26:15,787 - epoch:18, training loss:0.1075 validation loss:0.0421
Updating learning rate to 4.3427569600212594e-05
Updating learning rate to 4.3427569600212594e-05
18412 2632 5260 0.7 0.2 26304
train 17981
vs, vt 0.04166214852593839 0.04105530483648181
2023-07-25 04:26:44,260 - epoch:19, training loss:0.1062 validation loss:0.0417
Updating learning rate to 3.70141484257102e-05
Updating learning rate to 3.70141484257102e-05
18412 2632 5260 0.7 0.2 26304
train 17981
vs, vt 0.04195099757052958 0.04095899285748601
2023-07-25 04:27:07,200 - epoch:20, training loss:0.1051 validation loss:0.0420
Updating learning rate to 3.0822922194057626e-05
Updating learning rate to 3.0822922194057626e-05
18412 2632 5260 0.7 0.2 26304
train 17981
vs, vt 0.04199202125892043 0.04075079248286784
2023-07-25 04:27:34,726 - epoch:21, training loss:0.1044 validation loss:0.0420
Updating learning rate to 2.4959824502610635e-05
Updating learning rate to 2.4959824502610635e-05
18412 2632 5260 0.7 0.2 26304
train 17981
vs, vt 0.04195632473565638 0.040679012052714826
2023-07-25 04:28:03,881 - epoch:22, training loss:0.1036 validation loss:0.0420
Updating learning rate to 1.9525174578427625e-05
Updating learning rate to 1.9525174578427625e-05
18412 2632 5260 0.7 0.2 26304
train 17981
vs, vt 0.04142020754516125 0.04047917686402798
2023-07-25 04:28:29,800 - epoch:23, training loss:0.1030 validation loss:0.0414
Updating learning rate to 1.4611960788481038e-05
Updating learning rate to 1.4611960788481038e-05
18412 2632 5260 0.7 0.2 26304
train 17981
vs, vt 0.04129361365921795 0.04034673790447414
2023-07-25 04:28:55,073 - epoch:24, training loss:0.1023 validation loss:0.0413
Updating learning rate to 1.0304249582917059e-05
Updating learning rate to 1.0304249582917059e-05
18412 2632 5260 0.7 0.2 26304
train 17981
vs, vt 0.04122235793620348 0.04026297009550035
2023-07-25 04:29:25,069 - epoch:25, training loss:0.1018 validation loss:0.0412
Updating learning rate to 6.675747094786052e-06
Updating learning rate to 6.675747094786052e-06
18412 2632 5260 0.7 0.2 26304
train 17981
vs, vt 0.04121260503306985 0.04017244996502996
2023-07-25 04:29:51,310 - epoch:26, training loss:0.1015 validation loss:0.0412
Updating learning rate to 3.7885380076709116e-06
Updating learning rate to 3.7885380076709116e-06
18412 2632 5260 0.7 0.2 26304
train 17981
vs, vt 0.04123818590305746 0.04021511534228921
2023-07-25 04:30:15,370 - epoch:27, training loss:0.1013 validation loss:0.0412
Updating learning rate to 1.6920232695377565e-06
Updating learning rate to 1.6920232695377565e-06
18412 2632 5260 0.7 0.2 26304
train 17981
vs, vt 0.04124546814709902 0.04016876071691513
2023-07-25 04:30:44,027 - epoch:28, training loss:0.1012 validation loss:0.0412
Updating learning rate to 4.220748288197363e-07
Updating learning rate to 4.220748288197363e-07
18412 2632 5260 0.7 0.2 26304
train 17981
vs, vt 0.0412188459187746 0.040134719712659715
2023-07-25 04:31:12,188 - epoch:29, training loss:0.1010 validation loss:0.0412
Updating learning rate to 4.218554337707414e-10
Updating learning rate to 4.218554337707414e-10
2023-07-25 04:31:15,661 - [*] loss:0.0821
2023-07-25 04:31:15,663 - [*] phase 0, testing
2023-07-25 04:31:15,673 - T:96	MAE	0.182148	RMSE	0.082643	MAPE	45.833579
2023-07-25 04:31:15,676 - 96	mae	0.1821	
2023-07-25 04:31:15,676 - 96	rmse	0.0826	
2023-07-25 04:31:15,677 - 96	mape	45.8336	
2023-07-25 04:31:19,190 - [*] loss:0.0810
2023-07-25 04:31:19,191 - [*] phase 0, testing
2023-07-25 04:31:19,200 - T:96	MAE	0.178966	RMSE	0.081597	MAPE	45.317832
2023-07-25 04:31:19,201 - 96	mae	0.1790	
2023-07-25 04:31:19,201 - 96	rmse	0.0816	
2023-07-25 04:31:19,201 - 96	mape	45.3178	
