2023-07-25 05:29:08,450 - logger name:exp/ECL-PatchTST2023-07-25-05:29:08.450380/ECL-PatchTST.log
2023-07-25 05:29:08,451 - params : {'conf': 'ECL-PatchTST', 'data_name': 'electricity', 'iteration': 1, 'load': True, 'build_graph': False, 'grad_norm': False, 'root_path': '', 'exp_path': 'exp/', 'val_test_mix': False, 'pred_len': 96, 'noise_rate': 0.1, 'device': device(type='cuda', index=0), 'test_model_path': '/Disk/fhyega/code/BASE/exp/ECL-PatchTST2023-07-23-21:59:42.618606/0/0.0379_epoch_25.pkl', 'idx': 89, 'aligner': 0, 'refiner': 0, 'enhance': 0, 'seed': 2024, '/* model related args*/': '//', 'model_name': 'PatchTST', 'seq_len': 336, 'label_len': 48, 'features': 'M', 'target': 'OT', 'graph_input': False, 'individual': False, 'e_layers': 3, 'd_layers': 1, 'factor': 1, 'n_heads': 16, 'd_model': 128, 'd_ff': 256, 'dropout': 0.2, 'fc_dropout': 0.2, 'head_dropout': 0.0, 'patch_len': 16, 'stride': 8, 'des': 'Exp', 'padding_patch': 'end', 'revin': 1, 'affine': 0, 'subtract_last': 0, 'decomposition': 0, 'kernel_size': 25, 'output_attention': 0, 'embed_type': 0, 'activation': 'gelu', 'lradj': 'TST', 'distil': 1, 'linear_output': 1, 'pct_start': 0.2, '/*train related args*/': '//', 'train': True, 'epoch': 30, 'batch_size': 128, 'lr': 0.0001, 'loss': 'mse', '/*dataset related args*/': '//', 'save_data_path': 'data/ECL/', 'data_process': True, 'embed': 'timeF', 'freq': 'h', 'begin_phase': 0, 'end_phase': 1, 'phase_len': 26304, 'val_ratio': 0.33, 'graph_size': 321, '/*strategy related args*/': '//', 'strategy': 'incremental', 'increase': False, 'detect': False, 'detect_strategy': 'feature', 'replay': False, 'replay_strategy': 'random', 'repaly_num_samples': 100, 'ewc': False, 'ewc_strategy': 'ewc', 'ewc_lambda': 0.0001, 'subgraph_train': False, 'num_hops': 2, 'logname': 'ECL-PatchTST', 'time': '2023-07-25-05:29:08.450380', 'path': 'exp/ECL-PatchTST2023-07-25-05:29:08.450380', 'num_workers': 4, 'start_train': 0, 'train_mode': 'pretrain', 'get_score': False, 'use_cm': True, 'logger': <Logger __main__ (INFO)>}
2023-07-25 05:29:08,451 - [*] phase 0 start training
0 26304
18412 2632 5260 0.7 0.2 26304
train 17981
18412 2632 5260 0.7 0.2 26304
val 2537
18412 2632 5260 0.7 0.2 26304
test 5165
2023-07-25 05:29:22,147 - [*] phase 0 Dataset load!
2023-07-25 05:29:23,044 - [*] phase 0 Training start
18412 2632 5260 0.7 0.2 26304
train 17981
2023-07-25 05:29:51,823 - epoch:0, training loss:0.4945 validation loss:0.1138
18412 2632 5260 0.7 0.2 26304
train 17981
vs, vt 0.11378454342484474 0.10985696632415057
Updating learning rate to 1.0445766508069865e-05
Updating learning rate to 1.0445766508069865e-05
18412 2632 5260 0.7 0.2 26304
train 17981
vs, vt 0.07393178725615143 0.07327431868761777
2023-07-25 05:30:34,959 - epoch:1, training loss:0.3367 validation loss:0.0739
Updating learning rate to 2.805190328742299e-05
Updating learning rate to 2.805190328742299e-05
18412 2632 5260 0.7 0.2 26304
train 17981
vs, vt 0.061676718201488255 0.06131302835419774
2023-07-25 05:30:59,853 - epoch:2, training loss:0.2351 validation loss:0.0617
Updating learning rate to 5.208986672185724e-05
Updating learning rate to 5.208986672185724e-05
18412 2632 5260 0.7 0.2 26304
train 17981
vs, vt 0.054307710565626624 0.05511064529418945
2023-07-25 05:31:25,804 - epoch:3, training loss:0.1800 validation loss:0.0543
Updating learning rate to 7.610369432687743e-05
Updating learning rate to 7.610369432687743e-05
18412 2632 5260 0.7 0.2 26304
train 17981
vs, vt 0.05041571706533432 0.05164707479998469
2023-07-25 05:31:53,465 - epoch:4, training loss:0.1561 validation loss:0.0504
Updating learning rate to 9.364390586469177e-05
Updating learning rate to 9.364390586469177e-05
18412 2632 5260 0.7 0.2 26304
train 17981
vs, vt 0.048142815474420786 0.049170151073485616
2023-07-25 05:32:16,438 - epoch:5, training loss:0.1445 validation loss:0.0481
Updating learning rate to 9.999997814456623e-05
Updating learning rate to 9.999997814456623e-05
18412 2632 5260 0.7 0.2 26304
train 17981
vs, vt 0.047418246231973174 0.047908312547951935
2023-07-25 05:32:45,027 - epoch:6, training loss:0.1362 validation loss:0.0474
Updating learning rate to 9.956612105134122e-05
Updating learning rate to 9.956612105134122e-05
18412 2632 5260 0.7 0.2 26304
train 17981
vs, vt 0.046069595869630574 0.047240064665675166
2023-07-25 05:33:08,620 - epoch:7, training loss:0.1313 validation loss:0.0461
Updating learning rate to 9.828417730665822e-05
Updating learning rate to 9.828417730665822e-05
18412 2632 5260 0.7 0.2 26304
train 17981
vs, vt 0.045062073646113275 0.045609976164996624
2023-07-25 05:33:32,804 - epoch:8, training loss:0.1276 validation loss:0.0451
Updating learning rate to 9.617608132341072e-05
Updating learning rate to 9.617608132341072e-05
18412 2632 5260 0.7 0.2 26304
train 17981
vs, vt 0.04503163089975715 0.045333553152158854
2023-07-25 05:34:03,060 - epoch:9, training loss:0.1238 validation loss:0.0450
Updating learning rate to 9.327790320834669e-05
Updating learning rate to 9.327790320834669e-05
18412 2632 5260 0.7 0.2 26304
train 17981
vs, vt 0.044542767526581886 0.044607352511957285
2023-07-25 05:34:32,654 - epoch:10, training loss:0.1211 validation loss:0.0445
Updating learning rate to 8.963923159254168e-05
Updating learning rate to 8.963923159254168e-05
18412 2632 5260 0.7 0.2 26304
train 17981
vs, vt 0.044319918705150486 0.043765963753685355
2023-07-25 05:34:57,507 - epoch:11, training loss:0.1188 validation loss:0.0443
Updating learning rate to 8.532232515617246e-05
Updating learning rate to 8.532232515617246e-05
18412 2632 5260 0.7 0.2 26304
train 17981
vs, vt 0.04380624871701002 0.04334519826807082
2023-07-25 05:35:30,987 - epoch:12, training loss:0.1165 validation loss:0.0438
Updating learning rate to 8.04010473652379e-05
Updating learning rate to 8.04010473652379e-05
18412 2632 5260 0.7 0.2 26304
train 17981
vs, vt 0.04361682496964932 0.043195794057101014
2023-07-25 05:35:59,289 - epoch:13, training loss:0.1145 validation loss:0.0436
Updating learning rate to 7.495960264717686e-05
Updating learning rate to 7.495960264717686e-05
18412 2632 5260 0.7 0.2 26304
train 17981
vs, vt 0.043236639350652695 0.04307869542390108
2023-07-25 05:36:29,361 - epoch:14, training loss:0.1133 validation loss:0.0432
Updating learning rate to 6.909109562976884e-05
Updating learning rate to 6.909109562976884e-05
18412 2632 5260 0.7 0.2 26304
train 17981
vs, vt 0.04312169393524527 0.042613405641168355
2023-07-25 05:36:54,783 - epoch:15, training loss:0.1113 validation loss:0.0431
Updating learning rate to 6.289593809513925e-05
Updating learning rate to 6.289593809513925e-05
18412 2632 5260 0.7 0.2 26304
train 17981
vs, vt 0.04287043223157525 0.04194775465875864
2023-07-25 05:37:22,411 - epoch:16, training loss:0.1096 validation loss:0.0429
Updating learning rate to 5.6480130906327764e-05
Updating learning rate to 5.6480130906327764e-05
18412 2632 5260 0.7 0.2 26304
train 17981
vs, vt 0.04327602908015251 0.04163896380923689
2023-07-25 05:37:56,651 - epoch:17, training loss:0.1083 validation loss:0.0433
Updating learning rate to 4.995345030313274e-05
Updating learning rate to 4.995345030313274e-05
18412 2632 5260 0.7 0.2 26304
train 17981
vs, vt 0.042548293340951206 0.04141087611205876
2023-07-25 05:38:18,229 - epoch:18, training loss:0.1072 validation loss:0.0425
Updating learning rate to 4.3427569600212594e-05
Updating learning rate to 4.3427569600212594e-05
18412 2632 5260 0.7 0.2 26304
train 17981
vs, vt 0.042513987375423314 0.04161638468503952
2023-07-25 05:38:46,152 - epoch:19, training loss:0.1060 validation loss:0.0425
Updating learning rate to 3.70141484257102e-05
Updating learning rate to 3.70141484257102e-05
18412 2632 5260 0.7 0.2 26304
train 17981
vs, vt 0.04175904081203043 0.041125958785414696
2023-07-25 05:39:13,231 - epoch:20, training loss:0.1046 validation loss:0.0418
Updating learning rate to 3.0822922194057626e-05
Updating learning rate to 3.0822922194057626e-05
18412 2632 5260 0.7 0.2 26304
train 17981
vs, vt 0.042034064326435326 0.04092942234128714
2023-07-25 05:39:37,330 - epoch:21, training loss:0.1039 validation loss:0.0420
Updating learning rate to 2.4959824502610635e-05
Updating learning rate to 2.4959824502610635e-05
18412 2632 5260 0.7 0.2 26304
train 17981
vs, vt 0.0417263078968972 0.04059382597915828
2023-07-25 05:40:06,428 - epoch:22, training loss:0.1029 validation loss:0.0417
Updating learning rate to 1.9525174578427625e-05
Updating learning rate to 1.9525174578427625e-05
18412 2632 5260 0.7 0.2 26304
train 17981
vs, vt 0.041346611268818376 0.04040108295157552
2023-07-25 05:40:27,871 - epoch:23, training loss:0.1023 validation loss:0.0413
Updating learning rate to 1.4611960788481038e-05
Updating learning rate to 1.4611960788481038e-05
18412 2632 5260 0.7 0.2 26304
train 17981
vs, vt 0.04119233549572528 0.04031647550873459
2023-07-25 05:40:56,181 - epoch:24, training loss:0.1016 validation loss:0.0412
Updating learning rate to 1.0304249582917059e-05
Updating learning rate to 1.0304249582917059e-05
18412 2632 5260 0.7 0.2 26304
train 17981
vs, vt 0.04117634017020464 0.04021476716734469
2023-07-25 05:41:22,254 - epoch:25, training loss:0.1014 validation loss:0.0412
Updating learning rate to 6.675747094786052e-06
Updating learning rate to 6.675747094786052e-06
18412 2632 5260 0.7 0.2 26304
train 17981
vs, vt 0.04124909620732069 0.040204128017649055
2023-07-25 05:41:46,442 - epoch:26, training loss:0.1010 validation loss:0.0412
Updating learning rate to 3.7885380076709116e-06
Updating learning rate to 3.7885380076709116e-06
18412 2632 5260 0.7 0.2 26304
train 17981
vs, vt 0.041289761383086446 0.04012707401998341
2023-07-25 05:42:16,467 - epoch:27, training loss:0.1007 validation loss:0.0413
Updating learning rate to 1.6920232695377565e-06
Updating learning rate to 1.6920232695377565e-06
18412 2632 5260 0.7 0.2 26304
train 17981
vs, vt 0.04101649262011051 0.04007333498448133
2023-07-25 05:42:39,930 - epoch:28, training loss:0.1006 validation loss:0.0410
Updating learning rate to 4.220748288197363e-07
Updating learning rate to 4.220748288197363e-07
18412 2632 5260 0.7 0.2 26304
train 17981
vs, vt 0.04113808455877006 0.04006203236058355
2023-07-25 05:43:06,773 - epoch:29, training loss:0.1004 validation loss:0.0411
Updating learning rate to 4.218554337707414e-10
Updating learning rate to 4.218554337707414e-10
2023-07-25 05:43:09,506 - [*] loss:0.0826
2023-07-25 05:43:09,508 - [*] phase 0, testing
2023-07-25 05:43:09,517 - T:96	MAE	0.182591	RMSE	0.083207	MAPE	45.988551
2023-07-25 05:43:09,518 - 96	mae	0.1826	
2023-07-25 05:43:09,518 - 96	rmse	0.0832	
2023-07-25 05:43:09,518 - 96	mape	45.9886	
2023-07-25 05:43:11,841 - [*] loss:0.0811
2023-07-25 05:43:11,842 - [*] phase 0, testing
2023-07-25 05:43:11,850 - T:96	MAE	0.178873	RMSE	0.081702	MAPE	44.965124
2023-07-25 05:43:11,850 - 96	mae	0.1789	
2023-07-25 05:43:11,850 - 96	rmse	0.0817	
2023-07-25 05:43:11,850 - 96	mape	44.9651	
