2023-07-25 04:31:21,658 - logger name:exp/ECL-PatchTST2023-07-25-04:31:21.657753/ECL-PatchTST.log
2023-07-25 04:31:21,658 - params : {'conf': 'ECL-PatchTST', 'data_name': 'electricity', 'iteration': 1, 'load': True, 'build_graph': False, 'grad_norm': False, 'root_path': '', 'exp_path': 'exp/', 'val_test_mix': False, 'pred_len': 96, 'noise_rate': 0.1, 'device': device(type='cuda', index=0), 'test_model_path': '/Disk/fhyega/code/BASE/exp/ECL-PatchTST2023-07-23-21:59:42.618606/0/0.0379_epoch_25.pkl', 'idx': 89, 'aligner': 1, 'refiner': 1, 'enhance': 1, 'seed': 2024, '/* model related args*/': '//', 'model_name': 'PatchTST', 'seq_len': 336, 'label_len': 48, 'features': 'M', 'target': 'OT', 'graph_input': False, 'individual': False, 'e_layers': 3, 'd_layers': 1, 'factor': 1, 'n_heads': 16, 'd_model': 128, 'd_ff': 256, 'dropout': 0.2, 'fc_dropout': 0.2, 'head_dropout': 0.0, 'patch_len': 16, 'stride': 8, 'des': 'Exp', 'padding_patch': 'end', 'revin': 1, 'affine': 0, 'subtract_last': 0, 'decomposition': 0, 'kernel_size': 25, 'output_attention': 0, 'embed_type': 0, 'activation': 'gelu', 'lradj': 'TST', 'distil': 1, 'linear_output': 1, 'pct_start': 0.2, '/*train related args*/': '//', 'train': True, 'epoch': 30, 'batch_size': 128, 'lr': 0.0001, 'loss': 'mse', '/*dataset related args*/': '//', 'save_data_path': 'data/ECL/', 'data_process': True, 'embed': 'timeF', 'freq': 'h', 'begin_phase': 0, 'end_phase': 1, 'phase_len': 26304, 'val_ratio': 0.33, 'graph_size': 321, '/*strategy related args*/': '//', 'strategy': 'incremental', 'increase': False, 'detect': False, 'detect_strategy': 'feature', 'replay': False, 'replay_strategy': 'random', 'repaly_num_samples': 100, 'ewc': False, 'ewc_strategy': 'ewc', 'ewc_lambda': 0.0001, 'subgraph_train': False, 'num_hops': 2, 'logname': 'ECL-PatchTST', 'time': '2023-07-25-04:31:21.657753', 'path': 'exp/ECL-PatchTST2023-07-25-04:31:21.657753', 'num_workers': 4, 'start_train': 0, 'train_mode': 'pretrain', 'get_score': False, 'use_cm': True, 'logger': <Logger __main__ (INFO)>}
2023-07-25 04:31:21,658 - [*] phase 0 start training
0 26304
18412 2632 5260 0.7 0.2 26304
train 17981
18412 2632 5260 0.7 0.2 26304
val 2537
18412 2632 5260 0.7 0.2 26304
test 5165
2023-07-25 04:31:34,563 - [*] phase 0 Dataset load!
2023-07-25 04:31:35,492 - [*] phase 0 Training start
18412 2632 5260 0.7 0.2 26304
train 17981
2023-07-25 04:32:02,810 - epoch:0, training loss:0.4946 validation loss:0.1138
18412 2632 5260 0.7 0.2 26304
train 17981
vs, vt 0.11384961809962987 0.10992449820041657
Updating learning rate to 1.0445766508069865e-05
Updating learning rate to 1.0445766508069865e-05
18412 2632 5260 0.7 0.2 26304
train 17981
vs, vt 0.07675598049536347 0.07498007444664836
2023-07-25 04:32:48,680 - epoch:1, training loss:0.8602 validation loss:0.0768
Updating learning rate to 2.805190328742299e-05
Updating learning rate to 2.805190328742299e-05
18412 2632 5260 0.7 0.2 26304
train 17981
vs, vt 0.06375469891354442 0.06473588785156607
2023-07-25 04:33:19,579 - epoch:2, training loss:0.3979 validation loss:0.0638
Updating learning rate to 5.208986672185724e-05
Updating learning rate to 5.208986672185724e-05
18412 2632 5260 0.7 0.2 26304
train 17981
vs, vt 0.05503270011395216 0.057705909665673974
2023-07-25 04:33:46,172 - epoch:3, training loss:0.2678 validation loss:0.0550
Updating learning rate to 7.610369432687743e-05
Updating learning rate to 7.610369432687743e-05
18412 2632 5260 0.7 0.2 26304
train 17981
vs, vt 0.0505764901638031 0.053255606815218924
2023-07-25 04:34:17,544 - epoch:4, training loss:0.2174 validation loss:0.0506
Updating learning rate to 9.364390586469177e-05
Updating learning rate to 9.364390586469177e-05
18412 2632 5260 0.7 0.2 26304
train 17981
vs, vt 0.04852157374843955 0.05136968055739999
2023-07-25 04:34:43,672 - epoch:5, training loss:0.1900 validation loss:0.0485
Updating learning rate to 9.999997814456623e-05
Updating learning rate to 9.999997814456623e-05
18412 2632 5260 0.7 0.2 26304
train 17981
vs, vt 0.04816036969423294 0.04943449636921286
2023-07-25 04:35:16,352 - epoch:6, training loss:0.1734 validation loss:0.0482
Updating learning rate to 9.956612105134122e-05
Updating learning rate to 9.956612105134122e-05
18412 2632 5260 0.7 0.2 26304
train 17981
vs, vt 0.04681444233283401 0.04855486480519176
2023-07-25 04:35:43,551 - epoch:7, training loss:0.1620 validation loss:0.0468
Updating learning rate to 9.828417730665822e-05
Updating learning rate to 9.828417730665822e-05
18412 2632 5260 0.7 0.2 26304
train 17981
vs, vt 0.0465203395113349 0.047471256647259
2023-07-25 04:36:12,357 - epoch:8, training loss:0.1527 validation loss:0.0465
Updating learning rate to 9.617608132341072e-05
Updating learning rate to 9.617608132341072e-05
18412 2632 5260 0.7 0.2 26304
train 17981
vs, vt 0.045778846461325885 0.04714520825073123
2023-07-25 04:36:44,740 - epoch:9, training loss:0.1457 validation loss:0.0458
Updating learning rate to 9.327790320834669e-05
Updating learning rate to 9.327790320834669e-05
18412 2632 5260 0.7 0.2 26304
train 17981
vs, vt 0.04586932817474008 0.04698492670431733
2023-07-25 04:37:10,449 - epoch:10, training loss:0.1405 validation loss:0.0459
Updating learning rate to 8.963923159254168e-05
Updating learning rate to 8.963923159254168e-05
18412 2632 5260 0.7 0.2 26304
train 17981
vs, vt 0.045515657402575016 0.045434255385771394
2023-07-25 04:37:41,491 - epoch:11, training loss:0.1353 validation loss:0.0455
Updating learning rate to 8.532232515617246e-05
Updating learning rate to 8.532232515617246e-05
18412 2632 5260 0.7 0.2 26304
train 17981
vs, vt 0.044531110767275096 0.045417478494346145
2023-07-25 04:38:10,711 - epoch:12, training loss:0.1314 validation loss:0.0445
Updating learning rate to 8.04010473652379e-05
Updating learning rate to 8.04010473652379e-05
18412 2632 5260 0.7 0.2 26304
train 17981
vs, vt 0.044303615344688296 0.04478135062381625
2023-07-25 04:38:38,346 - epoch:13, training loss:0.1275 validation loss:0.0443
Updating learning rate to 7.495960264717686e-05
Updating learning rate to 7.495960264717686e-05
18412 2632 5260 0.7 0.2 26304
train 17981
vs, vt 0.04401644514873624 0.04499530834145844
2023-07-25 04:39:10,337 - epoch:14, training loss:0.1242 validation loss:0.0440
Updating learning rate to 6.909109562976884e-05
Updating learning rate to 6.909109562976884e-05
18412 2632 5260 0.7 0.2 26304
train 17981
vs, vt 0.044604773400351405 0.0441041296813637
2023-07-25 04:39:36,629 - epoch:15, training loss:0.1210 validation loss:0.0446
Updating learning rate to 6.289593809513925e-05
Updating learning rate to 6.289593809513925e-05
18412 2632 5260 0.7 0.2 26304
train 17981
vs, vt 0.04408584488555789 0.04441012926399708
2023-07-25 04:40:07,547 - epoch:16, training loss:0.1194 validation loss:0.0441
Updating learning rate to 5.6480130906327764e-05
Updating learning rate to 5.6480130906327764e-05
18412 2632 5260 0.7 0.2 26304
train 17981
vs, vt 0.042983535397797826 0.043700043996796015
2023-07-25 04:40:37,910 - epoch:17, training loss:0.1172 validation loss:0.0430
Updating learning rate to 4.995345030313274e-05
Updating learning rate to 4.995345030313274e-05
18412 2632 5260 0.7 0.2 26304
train 17981
vs, vt 0.0429729847703129 0.043456543888896706
2023-07-25 04:41:05,779 - epoch:18, training loss:0.1150 validation loss:0.0430
Updating learning rate to 4.3427569600212594e-05
Updating learning rate to 4.3427569600212594e-05
18412 2632 5260 0.7 0.2 26304
train 17981
vs, vt 0.04282848606817424 0.04336532498709857
2023-07-25 04:41:38,138 - epoch:19, training loss:0.1135 validation loss:0.0428
Updating learning rate to 3.70141484257102e-05
Updating learning rate to 3.70141484257102e-05
18412 2632 5260 0.7 0.2 26304
train 17981
vs, vt 0.042993501061573625 0.04322352302260697
2023-07-25 04:42:04,008 - epoch:20, training loss:0.1117 validation loss:0.0430
Updating learning rate to 3.0822922194057626e-05
Updating learning rate to 3.0822922194057626e-05
18412 2632 5260 0.7 0.2 26304
train 17981
vs, vt 0.04216252765618265 0.04295940101146698
2023-07-25 04:42:32,309 - epoch:21, training loss:0.1109 validation loss:0.0422
Updating learning rate to 2.4959824502610635e-05
Updating learning rate to 2.4959824502610635e-05
18412 2632 5260 0.7 0.2 26304
train 17981
vs, vt 0.04175909874029458 0.04216933553107083
2023-07-25 04:43:04,343 - epoch:22, training loss:0.1097 validation loss:0.0418
Updating learning rate to 1.9525174578427625e-05
Updating learning rate to 1.9525174578427625e-05
18412 2632 5260 0.7 0.2 26304
train 17981
vs, vt 0.04229736188426614 0.042421038169413804
2023-07-25 04:43:30,980 - epoch:23, training loss:0.1086 validation loss:0.0423
Updating learning rate to 1.4611960788481038e-05
Updating learning rate to 1.4611960788481038e-05
18412 2632 5260 0.7 0.2 26304
train 17981
vs, vt 0.04204946639947593 0.04234304507263005
2023-07-25 04:44:03,259 - epoch:24, training loss:0.1078 validation loss:0.0420
Updating learning rate to 1.0304249582917059e-05
Updating learning rate to 1.0304249582917059e-05
18412 2632 5260 0.7 0.2 26304
train 17981
vs, vt 0.041761669004336 0.04233451117761433
2023-07-25 04:44:28,374 - epoch:25, training loss:0.1073 validation loss:0.0418
Updating learning rate to 6.675747094786052e-06
Updating learning rate to 6.675747094786052e-06
18412 2632 5260 0.7 0.2 26304
train 17981
vs, vt 0.04173929956741631 0.042099025938659905
2023-07-25 04:44:58,434 - epoch:26, training loss:0.1071 validation loss:0.0417
Updating learning rate to 3.7885380076709116e-06
Updating learning rate to 3.7885380076709116e-06
18412 2632 5260 0.7 0.2 26304
train 17981
vs, vt 0.04165537119843066 0.04202228602953255
2023-07-25 04:45:29,491 - epoch:27, training loss:0.1067 validation loss:0.0417
Updating learning rate to 1.6920232695377565e-06
Updating learning rate to 1.6920232695377565e-06
18412 2632 5260 0.7 0.2 26304
train 17981
vs, vt 0.04172327979467809 0.042176625691354275
2023-07-25 04:45:55,647 - epoch:28, training loss:0.1063 validation loss:0.0417
Updating learning rate to 4.220748288197363e-07
Updating learning rate to 4.220748288197363e-07
18412 2632 5260 0.7 0.2 26304
train 17981
vs, vt 0.041691593313589695 0.04198299539275467
2023-07-25 04:46:27,797 - epoch:29, training loss:0.1064 validation loss:0.0417
Updating learning rate to 4.218554337707414e-10
Updating learning rate to 4.218554337707414e-10
2023-07-25 04:46:30,145 - [*] loss:0.0826
2023-07-25 04:46:30,147 - [*] phase 0, testing
2023-07-25 04:46:30,155 - T:96	MAE	0.183787	RMSE	0.083223	MAPE	46.678677
2023-07-25 04:46:30,155 - 96	mae	0.1838	
2023-07-25 04:46:30,155 - 96	rmse	0.0832	
2023-07-25 04:46:30,155 - 96	mape	46.6787	
2023-07-25 04:46:32,730 - [*] loss:0.0817
2023-07-25 04:46:32,731 - [*] phase 0, testing
2023-07-25 04:46:32,739 - T:96	MAE	0.182993	RMSE	0.082347	MAPE	47.123629
2023-07-25 04:46:32,739 - 96	mae	0.1830	
2023-07-25 04:46:32,739 - 96	rmse	0.0823	
2023-07-25 04:46:32,739 - 96	mape	47.1236	
