2023-07-25 04:46:34,831 - logger name:exp/ECL-PatchTST2023-07-25-04:46:34.831408/ECL-PatchTST.log
2023-07-25 04:46:34,831 - params : {'conf': 'ECL-PatchTST', 'data_name': 'electricity', 'iteration': 1, 'load': True, 'build_graph': False, 'grad_norm': False, 'root_path': '', 'exp_path': 'exp/', 'val_test_mix': False, 'pred_len': 96, 'noise_rate': 0.1, 'device': device(type='cuda', index=0), 'test_model_path': '/Disk/fhyega/code/BASE/exp/ECL-PatchTST2023-07-23-21:59:42.618606/0/0.0379_epoch_25.pkl', 'idx': 89, 'aligner': 0, 'refiner': 1, 'enhance': 1, 'seed': 2024, '/* model related args*/': '//', 'model_name': 'PatchTST', 'seq_len': 336, 'label_len': 48, 'features': 'M', 'target': 'OT', 'graph_input': False, 'individual': False, 'e_layers': 3, 'd_layers': 1, 'factor': 1, 'n_heads': 16, 'd_model': 128, 'd_ff': 256, 'dropout': 0.2, 'fc_dropout': 0.2, 'head_dropout': 0.0, 'patch_len': 16, 'stride': 8, 'des': 'Exp', 'padding_patch': 'end', 'revin': 1, 'affine': 0, 'subtract_last': 0, 'decomposition': 0, 'kernel_size': 25, 'output_attention': 0, 'embed_type': 0, 'activation': 'gelu', 'lradj': 'TST', 'distil': 1, 'linear_output': 1, 'pct_start': 0.2, '/*train related args*/': '//', 'train': True, 'epoch': 30, 'batch_size': 128, 'lr': 0.0001, 'loss': 'mse', '/*dataset related args*/': '//', 'save_data_path': 'data/ECL/', 'data_process': True, 'embed': 'timeF', 'freq': 'h', 'begin_phase': 0, 'end_phase': 1, 'phase_len': 26304, 'val_ratio': 0.33, 'graph_size': 321, '/*strategy related args*/': '//', 'strategy': 'incremental', 'increase': False, 'detect': False, 'detect_strategy': 'feature', 'replay': False, 'replay_strategy': 'random', 'repaly_num_samples': 100, 'ewc': False, 'ewc_strategy': 'ewc', 'ewc_lambda': 0.0001, 'subgraph_train': False, 'num_hops': 2, 'logname': 'ECL-PatchTST', 'time': '2023-07-25-04:46:34.831408', 'path': 'exp/ECL-PatchTST2023-07-25-04:46:34.831408', 'num_workers': 4, 'start_train': 0, 'train_mode': 'pretrain', 'get_score': False, 'use_cm': True, 'logger': <Logger __main__ (INFO)>}
2023-07-25 04:46:34,832 - [*] phase 0 start training
0 26304
18412 2632 5260 0.7 0.2 26304
train 17981
18412 2632 5260 0.7 0.2 26304
val 2537
18412 2632 5260 0.7 0.2 26304
test 5165
2023-07-25 04:46:47,741 - [*] phase 0 Dataset load!
2023-07-25 04:46:48,641 - [*] phase 0 Training start
18412 2632 5260 0.7 0.2 26304
train 17981
2023-07-25 04:47:15,894 - epoch:0, training loss:0.4946 validation loss:0.1138
18412 2632 5260 0.7 0.2 26304
train 17981
vs, vt 0.11384961809962987 0.10992449820041657
Updating learning rate to 1.0445766508069865e-05
Updating learning rate to 1.0445766508069865e-05
18412 2632 5260 0.7 0.2 26304
train 17981
vs, vt 0.07395889079198241 0.07485914742574096
2023-07-25 04:47:58,323 - epoch:1, training loss:0.4839 validation loss:0.0740
Updating learning rate to 2.805190328742299e-05
Updating learning rate to 2.805190328742299e-05
18412 2632 5260 0.7 0.2 26304
train 17981
vs, vt 0.06151428623124957 0.06439038347452879
2023-07-25 04:48:26,109 - epoch:2, training loss:0.2872 validation loss:0.0615
Updating learning rate to 5.208986672185724e-05
Updating learning rate to 5.208986672185724e-05
18412 2632 5260 0.7 0.2 26304
train 17981
vs, vt 0.054090267047286034 0.05725786397233605
2023-07-25 04:48:58,401 - epoch:3, training loss:0.2089 validation loss:0.0541
Updating learning rate to 7.610369432687743e-05
Updating learning rate to 7.610369432687743e-05
18412 2632 5260 0.7 0.2 26304
train 17981
vs, vt 0.0499744457192719 0.05282564917579293
2023-07-25 04:49:23,042 - epoch:4, training loss:0.1738 validation loss:0.0500
Updating learning rate to 9.364390586469177e-05
Updating learning rate to 9.364390586469177e-05
18412 2632 5260 0.7 0.2 26304
train 17981
vs, vt 0.048517138417810204 0.05095049776136875
2023-07-25 04:49:51,508 - epoch:5, training loss:0.1553 validation loss:0.0485
Updating learning rate to 9.999997814456623e-05
Updating learning rate to 9.999997814456623e-05
18412 2632 5260 0.7 0.2 26304
train 17981
vs, vt 0.047758341580629346 0.049155081156641245
2023-07-25 04:50:21,598 - epoch:6, training loss:0.1441 validation loss:0.0478
Updating learning rate to 9.956612105134122e-05
Updating learning rate to 9.956612105134122e-05
18412 2632 5260 0.7 0.2 26304
train 17981
vs, vt 0.046309332363307476 0.04851886015385389
2023-07-25 04:50:49,035 - epoch:7, training loss:0.1366 validation loss:0.0463
Updating learning rate to 9.828417730665822e-05
Updating learning rate to 9.828417730665822e-05
18412 2632 5260 0.7 0.2 26304
train 17981
vs, vt 0.045938940346241 0.04714230773970485
2023-07-25 04:51:20,879 - epoch:8, training loss:0.1307 validation loss:0.0459
Updating learning rate to 9.617608132341072e-05
Updating learning rate to 9.617608132341072e-05
18412 2632 5260 0.7 0.2 26304
train 17981
vs, vt 0.044826065516099335 0.04667274970561266
2023-07-25 04:51:47,665 - epoch:9, training loss:0.1267 validation loss:0.0448
Updating learning rate to 9.327790320834669e-05
Updating learning rate to 9.327790320834669e-05
18412 2632 5260 0.7 0.2 26304
train 17981
vs, vt 0.04513188642449677 0.04648427618667483
2023-07-25 04:52:17,086 - epoch:10, training loss:0.1238 validation loss:0.0451
Updating learning rate to 8.963923159254168e-05
Updating learning rate to 8.963923159254168e-05
18412 2632 5260 0.7 0.2 26304
train 17981
vs, vt 0.044591643707826735 0.04492851090617478
2023-07-25 04:52:48,822 - epoch:11, training loss:0.1208 validation loss:0.0446
Updating learning rate to 8.532232515617246e-05
Updating learning rate to 8.532232515617246e-05
18412 2632 5260 0.7 0.2 26304
train 17981
vs, vt 0.04401038871146738 0.04504951285198331
2023-07-25 04:53:15,432 - epoch:12, training loss:0.1187 validation loss:0.0440
Updating learning rate to 8.04010473652379e-05
Updating learning rate to 8.04010473652379e-05
18412 2632 5260 0.7 0.2 26304
train 17981
vs, vt 0.0437005705665797 0.044294917955994606
2023-07-25 04:53:47,413 - epoch:13, training loss:0.1161 validation loss:0.0437
Updating learning rate to 7.495960264717686e-05
Updating learning rate to 7.495960264717686e-05
18412 2632 5260 0.7 0.2 26304
train 17981
vs, vt 0.04334158189594746 0.04448175206780434
2023-07-25 04:54:15,431 - epoch:14, training loss:0.1141 validation loss:0.0433
Updating learning rate to 6.909109562976884e-05
Updating learning rate to 6.909109562976884e-05
18412 2632 5260 0.7 0.2 26304
train 17981
vs, vt 0.04387400769628584 0.04345309250056743
2023-07-25 04:54:44,077 - epoch:15, training loss:0.1120 validation loss:0.0439
Updating learning rate to 6.289593809513925e-05
Updating learning rate to 6.289593809513925e-05
18412 2632 5260 0.7 0.2 26304
train 17981
vs, vt 0.04324507238343358 0.04396150857210159
2023-07-25 04:55:16,300 - epoch:16, training loss:0.1112 validation loss:0.0432
Updating learning rate to 5.6480130906327764e-05
Updating learning rate to 5.6480130906327764e-05
18412 2632 5260 0.7 0.2 26304
train 17981
vs, vt 0.04239022932015359 0.04305015653371811
2023-07-25 04:55:41,754 - epoch:17, training loss:0.1096 validation loss:0.0424
Updating learning rate to 4.995345030313274e-05
Updating learning rate to 4.995345030313274e-05
18412 2632 5260 0.7 0.2 26304
train 17981
vs, vt 0.04233618630096316 0.04274607147090137
2023-07-25 04:56:12,805 - epoch:18, training loss:0.1081 validation loss:0.0423
Updating learning rate to 4.3427569600212594e-05
Updating learning rate to 4.3427569600212594e-05
18412 2632 5260 0.7 0.2 26304
train 17981
vs, vt 0.042249939776957034 0.04264379441738129
2023-07-25 04:56:41,275 - epoch:19, training loss:0.1070 validation loss:0.0422
Updating learning rate to 3.70141484257102e-05
Updating learning rate to 3.70141484257102e-05
18412 2632 5260 0.7 0.2 26304
train 17981
vs, vt 0.04244150253944099 0.04257654659450054
2023-07-25 04:57:12,682 - epoch:20, training loss:0.1056 validation loss:0.0424
Updating learning rate to 3.0822922194057626e-05
Updating learning rate to 3.0822922194057626e-05
18412 2632 5260 0.7 0.2 26304
train 17981
vs, vt 0.041621099412441256 0.042228129925206304
2023-07-25 04:57:43,486 - epoch:21, training loss:0.1050 validation loss:0.0416
Updating learning rate to 2.4959824502610635e-05
Updating learning rate to 2.4959824502610635e-05
18412 2632 5260 0.7 0.2 26304
train 17981
vs, vt 0.041060089226812126 0.04155899491161108
2023-07-25 04:58:09,808 - epoch:22, training loss:0.1042 validation loss:0.0411
Updating learning rate to 1.9525174578427625e-05
Updating learning rate to 1.9525174578427625e-05
18412 2632 5260 0.7 0.2 26304
train 17981
vs, vt 0.04165294920094311 0.04172381707467139
2023-07-25 04:58:40,423 - epoch:23, training loss:0.1032 validation loss:0.0417
Updating learning rate to 1.4611960788481038e-05
Updating learning rate to 1.4611960788481038e-05
18412 2632 5260 0.7 0.2 26304
train 17981
vs, vt 0.041417102050036195 0.04162721298635006
2023-07-25 04:59:07,571 - epoch:24, training loss:0.1026 validation loss:0.0414
Updating learning rate to 1.0304249582917059e-05
Updating learning rate to 1.0304249582917059e-05
18412 2632 5260 0.7 0.2 26304
train 17981
vs, vt 0.041213233536109325 0.041632976336404684
2023-07-25 04:59:36,799 - epoch:25, training loss:0.1022 validation loss:0.0412
Updating learning rate to 6.675747094786052e-06
Updating learning rate to 6.675747094786052e-06
18412 2632 5260 0.7 0.2 26304
train 17981
vs, vt 0.04118048488162458 0.04139238684438169
2023-07-25 05:00:11,142 - epoch:26, training loss:0.1021 validation loss:0.0412
Updating learning rate to 3.7885380076709116e-06
Updating learning rate to 3.7885380076709116e-06
18412 2632 5260 0.7 0.2 26304
train 17981
vs, vt 0.04106946103274822 0.04133955161087215
2023-07-25 05:00:37,627 - epoch:27, training loss:0.1017 validation loss:0.0411
Updating learning rate to 1.6920232695377565e-06
Updating learning rate to 1.6920232695377565e-06
18412 2632 5260 0.7 0.2 26304
train 17981
vs, vt 0.041177446907386187 0.04147448549047113
2023-07-25 05:01:07,548 - epoch:28, training loss:0.1013 validation loss:0.0412
Updating learning rate to 4.220748288197363e-07
Updating learning rate to 4.220748288197363e-07
18412 2632 5260 0.7 0.2 26304
train 17981
vs, vt 0.041107242461293936 0.041296567767858505
2023-07-25 05:01:37,032 - epoch:29, training loss:0.1015 validation loss:0.0411
Updating learning rate to 4.218554337707414e-10
Updating learning rate to 4.218554337707414e-10
2023-07-25 05:01:40,706 - [*] loss:0.0834
2023-07-25 05:01:40,708 - [*] phase 0, testing
2023-07-25 05:01:40,717 - T:96	MAE	0.185614	RMSE	0.084034	MAPE	45.822379
2023-07-25 05:01:40,717 - 96	mae	0.1856	
2023-07-25 05:01:40,717 - 96	rmse	0.0840	
2023-07-25 05:01:40,718 - 96	mape	45.8224	
2023-07-25 05:01:44,306 - [*] loss:0.0812
2023-07-25 05:01:44,307 - [*] phase 0, testing
2023-07-25 05:01:44,316 - T:96	MAE	0.181567	RMSE	0.081866	MAPE	46.643510
2023-07-25 05:01:44,316 - 96	mae	0.1816	
2023-07-25 05:01:44,316 - 96	rmse	0.0819	
2023-07-25 05:01:44,316 - 96	mape	46.6435	
