2023-07-25 11:16:01,056 - logger name:exp/ECL-PatchTST2023-07-25-11:16:01.056514/ECL-PatchTST.log
2023-07-25 11:16:01,057 - params : {'conf': 'ECL-PatchTST', 'data_name': 'electricity', 'iteration': 1, 'load': True, 'build_graph': False, 'grad_norm': False, 'root_path': '', 'exp_path': 'exp/', 'val_test_mix': False, 'pred_len': 96, 'noise_rate': 0.1, 'device': device(type='cuda', index=1), 'test_model_path': '/Disk/fhyega/code/BASE/exp/ECL-PatchTST2023-07-23-21:59:42.618606/0/0.0379_epoch_25.pkl', 'idx': 89, 'aligner': 1, 'refiner': 0, 'enhance': 0, 'seed': 2024, 'batch_size': 128, '/* model related args*/': '//', 'model_name': 'PatchTST', 'seq_len': 336, 'label_len': 48, 'features': 'M', 'target': 'OT', 'graph_input': False, 'individual': False, 'e_layers': 3, 'd_layers': 1, 'factor': 1, 'n_heads': 16, 'd_model': 128, 'd_ff': 256, 'dropout': 0.2, 'fc_dropout': 0.2, 'head_dropout': 0.0, 'patch_len': 16, 'stride': 8, 'des': 'Exp', 'padding_patch': 'end', 'revin': 1, 'affine': 0, 'subtract_last': 0, 'decomposition': 0, 'kernel_size': 25, 'output_attention': 0, 'embed_type': 0, 'activation': 'gelu', 'lradj': 'TST', 'distil': 1, 'linear_output': 1, 'pct_start': 0.2, '/*train related args*/': '//', 'train': True, 'epoch': 30, 'lr': 0.0001, 'loss': 'mse', '/*dataset related args*/': '//', 'save_data_path': 'data/ECL/', 'data_process': True, 'embed': 'timeF', 'freq': 'h', 'begin_phase': 0, 'end_phase': 1, 'phase_len': 26304, 'val_ratio': 0.33, 'graph_size': 321, '/*strategy related args*/': '//', 'strategy': 'incremental', 'increase': False, 'detect': False, 'detect_strategy': 'feature', 'replay': False, 'replay_strategy': 'random', 'repaly_num_samples': 100, 'ewc': False, 'ewc_strategy': 'ewc', 'ewc_lambda': 0.0001, 'subgraph_train': False, 'num_hops': 2, 'logname': 'ECL-PatchTST', 'time': '2023-07-25-11:16:01.056514', 'path': 'exp/ECL-PatchTST2023-07-25-11:16:01.056514', 'num_workers': 4, 'start_train': 0, 'train_mode': 'pretrain', 'get_score': False, 'use_cm': True, 'logger': <Logger __main__ (INFO)>}
2023-07-25 11:16:01,057 - [*] phase 0 start training
0 26304
18412 2632 5260 0.7 0.2 26304
train 17981
18412 2632 5260 0.7 0.2 26304
val 2537
18412 2632 5260 0.7 0.2 26304
test 5165
2023-07-25 11:16:15,060 - [*] phase 0 Dataset load!
2023-07-25 11:16:16,175 - [*] phase 0 Training start
18412 2632 5260 0.7 0.2 26304
train 17981
2023-07-25 11:16:39,749 - epoch:0, training loss:0.4945 validation loss:0.1138
18412 2632 5260 0.7 0.2 26304
train 17981
vs, vt 0.11378454342484474 0.10985696632415057
Updating learning rate to 1.0445766508069865e-05
Updating learning rate to 1.0445766508069865e-05
18412 2632 5260 0.7 0.2 26304
train 17981
vs, vt 0.0777326381765306 0.07327431868761777
2023-07-25 11:17:18,824 - epoch:1, training loss:1.2610 validation loss:0.0777
Updating learning rate to 2.805190328742299e-05
Updating learning rate to 2.805190328742299e-05
18412 2632 5260 0.7 0.2 26304
train 17981
vs, vt 0.06428490784019232 0.06136474031955004
2023-07-25 11:17:45,179 - epoch:2, training loss:0.5983 validation loss:0.0643
Updating learning rate to 5.208986672185724e-05
Updating learning rate to 5.208986672185724e-05
18412 2632 5260 0.7 0.2 26304
train 17981
vs, vt 0.05554740196093917 0.055117491725832225
2023-07-25 11:18:12,030 - epoch:3, training loss:0.3614 validation loss:0.0555
Updating learning rate to 7.610369432687743e-05
Updating learning rate to 7.610369432687743e-05
18412 2632 5260 0.7 0.2 26304
train 17981
vs, vt 0.05076694637537003 0.05158979305997491
2023-07-25 11:18:39,302 - epoch:4, training loss:0.2875 validation loss:0.0508
Updating learning rate to 9.364390586469177e-05
Updating learning rate to 9.364390586469177e-05
18412 2632 5260 0.7 0.2 26304
train 17981
vs, vt 0.048623924050480126 0.04917658166959882
2023-07-25 11:19:06,079 - epoch:5, training loss:0.2533 validation loss:0.0486
Updating learning rate to 9.999997814456623e-05
Updating learning rate to 9.999997814456623e-05
18412 2632 5260 0.7 0.2 26304
train 17981
vs, vt 0.047559294197708366 0.04789025420323014
2023-07-25 11:19:32,376 - epoch:6, training loss:0.2330 validation loss:0.0476
Updating learning rate to 9.956612105134122e-05
Updating learning rate to 9.956612105134122e-05
18412 2632 5260 0.7 0.2 26304
train 17981
vs, vt 0.046323615591973066 0.04709324315190315
2023-07-25 11:19:58,690 - epoch:7, training loss:0.2207 validation loss:0.0463
Updating learning rate to 9.828417730665822e-05
Updating learning rate to 9.828417730665822e-05
18412 2632 5260 0.7 0.2 26304
train 17981
vs, vt 0.0453861003741622 0.045617432426661254
2023-07-25 11:20:25,211 - epoch:8, training loss:0.2118 validation loss:0.0454
Updating learning rate to 9.617608132341072e-05
Updating learning rate to 9.617608132341072e-05
18412 2632 5260 0.7 0.2 26304
train 17981
vs, vt 0.045439512189477685 0.04528104420751333
2023-07-25 11:20:51,764 - epoch:9, training loss:0.2040 validation loss:0.0454
Updating learning rate to 9.327790320834669e-05
Updating learning rate to 9.327790320834669e-05
18412 2632 5260 0.7 0.2 26304
train 17981
vs, vt 0.04460247061215341 0.044610575446859
2023-07-25 11:21:18,161 - epoch:10, training loss:0.1978 validation loss:0.0446
Updating learning rate to 8.963923159254168e-05
Updating learning rate to 8.963923159254168e-05
18412 2632 5260 0.7 0.2 26304
train 17981
vs, vt 0.044487759051844475 0.043822511378675696
2023-07-25 11:21:44,261 - epoch:11, training loss:0.1928 validation loss:0.0445
Updating learning rate to 8.532232515617246e-05
Updating learning rate to 8.532232515617246e-05
18412 2632 5260 0.7 0.2 26304
train 17981
vs, vt 0.044194762408733365 0.043429416604340076
2023-07-25 11:22:10,737 - epoch:12, training loss:0.1883 validation loss:0.0442
Updating learning rate to 8.04010473652379e-05
Updating learning rate to 8.04010473652379e-05
18412 2632 5260 0.7 0.2 26304
train 17981
vs, vt 0.04364698119461537 0.043254410149529576
2023-07-25 11:22:37,602 - epoch:13, training loss:0.1843 validation loss:0.0436
Updating learning rate to 7.495960264717686e-05
Updating learning rate to 7.495960264717686e-05
18412 2632 5260 0.7 0.2 26304
train 17981
vs, vt 0.043293244065716864 0.0431059084367007
2023-07-25 11:23:04,106 - epoch:14, training loss:0.1812 validation loss:0.0433
Updating learning rate to 6.909109562976884e-05
Updating learning rate to 6.909109562976884e-05
18412 2632 5260 0.7 0.2 26304
train 17981
vs, vt 0.04311328926123679 0.042562002595514056
2023-07-25 11:23:30,127 - epoch:15, training loss:0.1779 validation loss:0.0431
Updating learning rate to 6.289593809513925e-05
Updating learning rate to 6.289593809513925e-05
18412 2632 5260 0.7 0.2 26304
train 17981
vs, vt 0.0427674644626677 0.0419779215939343
2023-07-25 11:23:56,705 - epoch:16, training loss:0.1748 validation loss:0.0428
Updating learning rate to 5.6480130906327764e-05
Updating learning rate to 5.6480130906327764e-05
18412 2632 5260 0.7 0.2 26304
train 17981
vs, vt 0.043173492420464754 0.04164882921613753
2023-07-25 11:24:23,269 - epoch:17, training loss:0.1725 validation loss:0.0432
Updating learning rate to 4.995345030313274e-05
Updating learning rate to 4.995345030313274e-05
18412 2632 5260 0.7 0.2 26304
train 17981
vs, vt 0.04265198516659439 0.0414654937107116
2023-07-25 11:24:50,642 - epoch:18, training loss:0.1705 validation loss:0.0427
Updating learning rate to 4.3427569600212594e-05
Updating learning rate to 4.3427569600212594e-05
18412 2632 5260 0.7 0.2 26304
train 17981
vs, vt 0.04247833946719766 0.041680871648713945
2023-07-25 11:25:16,874 - epoch:19, training loss:0.1683 validation loss:0.0425
Updating learning rate to 3.70141484257102e-05
Updating learning rate to 3.70141484257102e-05
18412 2632 5260 0.7 0.2 26304
train 17981
vs, vt 0.04163953186944127 0.04118177434429526
2023-07-25 11:25:43,760 - epoch:20, training loss:0.1667 validation loss:0.0416
Updating learning rate to 3.0822922194057626e-05
Updating learning rate to 3.0822922194057626e-05
18412 2632 5260 0.7 0.2 26304
train 17981
vs, vt 0.0420792072545737 0.04093292048200965
2023-07-25 11:26:09,748 - epoch:21, training loss:0.1652 validation loss:0.0421
Updating learning rate to 2.4959824502610635e-05
Updating learning rate to 2.4959824502610635e-05
18412 2632 5260 0.7 0.2 26304
train 17981
vs, vt 0.041678524436429144 0.04065111572854221
2023-07-25 11:26:37,178 - epoch:22, training loss:0.1639 validation loss:0.0417
Updating learning rate to 1.9525174578427625e-05
Updating learning rate to 1.9525174578427625e-05
18412 2632 5260 0.7 0.2 26304
train 17981
vs, vt 0.041403045784682034 0.04044324862770736
2023-07-25 11:27:03,178 - epoch:23, training loss:0.1628 validation loss:0.0414
Updating learning rate to 1.4611960788481038e-05
Updating learning rate to 1.4611960788481038e-05
18412 2632 5260 0.7 0.2 26304
train 17981
vs, vt 0.04118877951987088 0.040369074512273076
2023-07-25 11:27:30,450 - epoch:24, training loss:0.1620 validation loss:0.0412
Updating learning rate to 1.0304249582917059e-05
Updating learning rate to 1.0304249582917059e-05
18412 2632 5260 0.7 0.2 26304
train 17981
vs, vt 0.0411631025839597 0.04025186635553837
2023-07-25 11:27:46,100 - epoch:25, training loss:0.1615 validation loss:0.0412
Updating learning rate to 6.675747094786052e-06
Updating learning rate to 6.675747094786052e-06
18412 2632 5260 0.7 0.2 26304
train 17981
vs, vt 0.041251422045752405 0.040258974255993965
2023-07-25 11:27:54,787 - epoch:26, training loss:0.1609 validation loss:0.0413
Updating learning rate to 3.7885380076709116e-06
Updating learning rate to 3.7885380076709116e-06
18412 2632 5260 0.7 0.2 26304
train 17981
vs, vt 0.041250186040997505 0.040164691116660836
2023-07-25 11:28:03,794 - epoch:27, training loss:0.1607 validation loss:0.0413
Updating learning rate to 1.6920232695377565e-06
Updating learning rate to 1.6920232695377565e-06
18412 2632 5260 0.7 0.2 26304
train 17981
vs, vt 0.04100079466588795 0.04011631403118372
2023-07-25 11:28:13,206 - epoch:28, training loss:0.1605 validation loss:0.0410
Updating learning rate to 4.220748288197363e-07
Updating learning rate to 4.220748288197363e-07
18412 2632 5260 0.7 0.2 26304
train 17981
vs, vt 0.04109759228304029 0.040103056095540525
2023-07-25 11:28:22,313 - epoch:29, training loss:0.1601 validation loss:0.0411
Updating learning rate to 4.218554337707414e-10
Updating learning rate to 4.218554337707414e-10
2023-07-25 11:28:23,127 - [*] loss:0.0818
2023-07-25 11:28:23,128 - [*] phase 0, testing
2023-07-25 11:28:23,137 - T:96	MAE	0.182291	RMSE	0.082369	MAPE	45.779982
2023-07-25 11:28:23,137 - 96	mae	0.1823	
2023-07-25 11:28:23,137 - 96	rmse	0.0824	
2023-07-25 11:28:23,137 - 96	mape	45.7800	
2023-07-25 11:28:23,784 - [*] loss:0.0811
2023-07-25 11:28:23,785 - [*] phase 0, testing
2023-07-25 11:28:23,793 - T:96	MAE	0.178895	RMSE	0.081737	MAPE	44.957486
2023-07-25 11:28:23,794 - 96	mae	0.1789	
2023-07-25 11:28:23,794 - 96	rmse	0.0817	
2023-07-25 11:28:23,794 - 96	mape	44.9575	
