2023-07-25 06:44:08,188 - logger name:exp/ECL-PatchTST2023-07-25-06:44:08.187855/ECL-PatchTST.log
2023-07-25 06:44:08,188 - params : {'conf': 'ECL-PatchTST', 'data_name': 'electricity', 'iteration': 1, 'load': True, 'build_graph': False, 'grad_norm': False, 'root_path': '', 'exp_path': 'exp/', 'val_test_mix': False, 'pred_len': 96, 'noise_rate': 0.1, 'device': device(type='cuda', index=0), 'test_model_path': '/Disk/fhyega/code/BASE/exp/ECL-PatchTST2023-07-23-21:59:42.618606/0/0.0379_epoch_25.pkl', 'idx': 89, 'aligner': 0, 'refiner': 0, 'enhance': 0, 'seed': 2025, '/* model related args*/': '//', 'model_name': 'PatchTST', 'seq_len': 336, 'label_len': 48, 'features': 'M', 'target': 'OT', 'graph_input': False, 'individual': False, 'e_layers': 3, 'd_layers': 1, 'factor': 1, 'n_heads': 16, 'd_model': 128, 'd_ff': 256, 'dropout': 0.2, 'fc_dropout': 0.2, 'head_dropout': 0.0, 'patch_len': 16, 'stride': 8, 'des': 'Exp', 'padding_patch': 'end', 'revin': 1, 'affine': 0, 'subtract_last': 0, 'decomposition': 0, 'kernel_size': 25, 'output_attention': 0, 'embed_type': 0, 'activation': 'gelu', 'lradj': 'TST', 'distil': 1, 'linear_output': 1, 'pct_start': 0.2, '/*train related args*/': '//', 'train': True, 'epoch': 30, 'batch_size': 128, 'lr': 0.0001, 'loss': 'mse', '/*dataset related args*/': '//', 'save_data_path': 'data/ECL/', 'data_process': True, 'embed': 'timeF', 'freq': 'h', 'begin_phase': 0, 'end_phase': 1, 'phase_len': 26304, 'val_ratio': 0.33, 'graph_size': 321, '/*strategy related args*/': '//', 'strategy': 'incremental', 'increase': False, 'detect': False, 'detect_strategy': 'feature', 'replay': False, 'replay_strategy': 'random', 'repaly_num_samples': 100, 'ewc': False, 'ewc_strategy': 'ewc', 'ewc_lambda': 0.0001, 'subgraph_train': False, 'num_hops': 2, 'logname': 'ECL-PatchTST', 'time': '2023-07-25-06:44:08.187855', 'path': 'exp/ECL-PatchTST2023-07-25-06:44:08.187855', 'num_workers': 4, 'start_train': 0, 'train_mode': 'pretrain', 'get_score': False, 'use_cm': True, 'logger': <Logger __main__ (INFO)>}
2023-07-25 06:44:08,192 - [*] phase 0 start training
0 26304
18412 2632 5260 0.7 0.2 26304
train 17981
18412 2632 5260 0.7 0.2 26304
val 2537
18412 2632 5260 0.7 0.2 26304
test 5165
2023-07-25 06:44:24,276 - [*] phase 0 Dataset load!
2023-07-25 06:44:34,921 - [*] phase 0 Training start
18412 2632 5260 0.7 0.2 26304
train 17981
2023-07-25 06:45:07,813 - epoch:0, training loss:0.5264 validation loss:0.1104
18412 2632 5260 0.7 0.2 26304
train 17981
vs, vt 0.11037648115307093 0.10812141206115485
Updating learning rate to 1.0445766508069865e-05
Updating learning rate to 1.0445766508069865e-05
18412 2632 5260 0.7 0.2 26304
train 17981
vs, vt 0.07170933205634356 0.07228233832865953
2023-07-25 06:45:59,942 - epoch:1, training loss:0.3368 validation loss:0.0717
Updating learning rate to 2.805190328742299e-05
Updating learning rate to 2.805190328742299e-05
18412 2632 5260 0.7 0.2 26304
train 17981
vs, vt 0.05959483040496707 0.05997917260974646
2023-07-25 06:46:36,301 - epoch:2, training loss:0.2358 validation loss:0.0596
Updating learning rate to 5.208986672185724e-05
Updating learning rate to 5.208986672185724e-05
18412 2632 5260 0.7 0.2 26304
train 17981
vs, vt 0.0535286346450448 0.05464621940627694
2023-07-25 06:47:11,154 - epoch:3, training loss:0.1801 validation loss:0.0535
Updating learning rate to 7.610369432687743e-05
Updating learning rate to 7.610369432687743e-05
18412 2632 5260 0.7 0.2 26304
train 17981
vs, vt 0.04959840709343553 0.05056593297049403
2023-07-25 06:47:48,815 - epoch:4, training loss:0.1561 validation loss:0.0496
Updating learning rate to 9.364390586469177e-05
Updating learning rate to 9.364390586469177e-05
18412 2632 5260 0.7 0.2 26304
train 17981
vs, vt 0.047702880762517455 0.04866782827302814
2023-07-25 06:48:29,407 - epoch:5, training loss:0.1440 validation loss:0.0477
Updating learning rate to 9.999997814456623e-05
Updating learning rate to 9.999997814456623e-05
18412 2632 5260 0.7 0.2 26304
train 17981
vs, vt 0.04652017168700695 0.04750778554007411
2023-07-25 06:49:02,497 - epoch:6, training loss:0.1362 validation loss:0.0465
Updating learning rate to 9.956612105134122e-05
Updating learning rate to 9.956612105134122e-05
18412 2632 5260 0.7 0.2 26304
train 17981
vs, vt 0.0461369008757174 0.045882632955908775
2023-07-25 06:49:37,830 - epoch:7, training loss:0.1308 validation loss:0.0461
Updating learning rate to 9.828417730665822e-05
Updating learning rate to 9.828417730665822e-05
18412 2632 5260 0.7 0.2 26304
train 17981
vs, vt 0.04604041837155819 0.045399646973237395
2023-07-25 06:50:02,179 - epoch:8, training loss:0.1275 validation loss:0.0460
Updating learning rate to 9.617608132341072e-05
Updating learning rate to 9.617608132341072e-05
18412 2632 5260 0.7 0.2 26304
train 17981
vs, vt 0.045207780646160246 0.04478259761817753
2023-07-25 06:50:32,815 - epoch:9, training loss:0.1237 validation loss:0.0452
Updating learning rate to 9.327790320834669e-05
Updating learning rate to 9.327790320834669e-05
18412 2632 5260 0.7 0.2 26304
train 17981
vs, vt 0.04507172107696533 0.04406453357078135
2023-07-25 06:51:00,342 - epoch:10, training loss:0.1213 validation loss:0.0451
Updating learning rate to 8.963923159254168e-05
Updating learning rate to 8.963923159254168e-05
18412 2632 5260 0.7 0.2 26304
train 17981
vs, vt 0.04460640684701502 0.04372973656281829
2023-07-25 06:51:40,349 - epoch:11, training loss:0.1183 validation loss:0.0446
Updating learning rate to 8.532232515617246e-05
Updating learning rate to 8.532232515617246e-05
18412 2632 5260 0.7 0.2 26304
train 17981
vs, vt 0.0440745884552598 0.04320361809805036
2023-07-25 06:52:10,288 - epoch:12, training loss:0.1164 validation loss:0.0441
Updating learning rate to 8.04010473652379e-05
Updating learning rate to 8.04010473652379e-05
18412 2632 5260 0.7 0.2 26304
train 17981
vs, vt 0.04439548593945801 0.042894474184140566
2023-07-25 06:52:48,686 - epoch:13, training loss:0.1139 validation loss:0.0444
Updating learning rate to 7.495960264717686e-05
Updating learning rate to 7.495960264717686e-05
18412 2632 5260 0.7 0.2 26304
train 17981
vs, vt 0.045249880058690906 0.042685960046947004
2023-07-25 06:53:19,786 - epoch:14, training loss:0.1124 validation loss:0.0452
Updating learning rate to 6.909109562976884e-05
Updating learning rate to 6.909109562976884e-05
18412 2632 5260 0.7 0.2 26304
train 17981
vs, vt 0.043275234568864104 0.04250510432757437
2023-07-25 06:53:55,720 - epoch:15, training loss:0.1111 validation loss:0.0433
Updating learning rate to 6.289593809513925e-05
Updating learning rate to 6.289593809513925e-05
18412 2632 5260 0.7 0.2 26304
train 17981
vs, vt 0.04301213347353041 0.042084020702168344
2023-07-25 06:54:29,378 - epoch:16, training loss:0.1096 validation loss:0.0430
Updating learning rate to 5.6480130906327764e-05
Updating learning rate to 5.6480130906327764e-05
18412 2632 5260 0.7 0.2 26304
train 17981
vs, vt 0.0437214651145041 0.04161225333809852
2023-07-25 06:55:02,258 - epoch:17, training loss:0.1080 validation loss:0.0437
Updating learning rate to 4.995345030313274e-05
Updating learning rate to 4.995345030313274e-05
18412 2632 5260 0.7 0.2 26304
train 17981
vs, vt 0.04253320642746985 0.04195236479863525
2023-07-25 06:55:37,765 - epoch:18, training loss:0.1065 validation loss:0.0425
Updating learning rate to 4.3427569600212594e-05
Updating learning rate to 4.3427569600212594e-05
18412 2632 5260 0.7 0.2 26304
train 17981
vs, vt 0.041807613288983705 0.04099802332930267
2023-07-25 06:56:08,756 - epoch:19, training loss:0.1056 validation loss:0.0418
Updating learning rate to 3.70141484257102e-05
Updating learning rate to 3.70141484257102e-05
18412 2632 5260 0.7 0.2 26304
train 17981
vs, vt 0.04222412859089673 0.04081170954741538
2023-07-25 06:56:48,118 - epoch:20, training loss:0.1043 validation loss:0.0422
Updating learning rate to 3.0822922194057626e-05
Updating learning rate to 3.0822922194057626e-05
18412 2632 5260 0.7 0.2 26304
train 17981
vs, vt 0.04160135304555297 0.04112116252072155
2023-07-25 06:57:15,612 - epoch:21, training loss:0.1037 validation loss:0.0416
Updating learning rate to 2.4959824502610635e-05
Updating learning rate to 2.4959824502610635e-05
18412 2632 5260 0.7 0.2 26304
train 17981
vs, vt 0.04128416739404202 0.04065529345534742
2023-07-25 06:57:54,558 - epoch:22, training loss:0.1027 validation loss:0.0413
Updating learning rate to 1.9525174578427625e-05
Updating learning rate to 1.9525174578427625e-05
18412 2632 5260 0.7 0.2 26304
train 17981
vs, vt 0.04134125080890953 0.04052575984969735
2023-07-25 06:58:22,835 - epoch:23, training loss:0.1019 validation loss:0.0413
Updating learning rate to 1.4611960788481038e-05
Updating learning rate to 1.4611960788481038e-05
18412 2632 5260 0.7 0.2 26304
train 17981
vs, vt 0.04139426522888243 0.040414466382935645
2023-07-25 06:59:01,644 - epoch:24, training loss:0.1016 validation loss:0.0414
Updating learning rate to 1.0304249582917059e-05
Updating learning rate to 1.0304249582917059e-05
18412 2632 5260 0.7 0.2 26304
train 17981
vs, vt 0.04105047546327114 0.0402567314915359
2023-07-25 06:59:35,669 - epoch:25, training loss:0.1008 validation loss:0.0411
Updating learning rate to 6.675747094786052e-06
Updating learning rate to 6.675747094786052e-06
18412 2632 5260 0.7 0.2 26304
train 17981
vs, vt 0.04123064838349819 0.04024138790555298
2023-07-25 07:00:10,570 - epoch:26, training loss:0.1005 validation loss:0.0412
Updating learning rate to 3.7885380076709116e-06
Updating learning rate to 3.7885380076709116e-06
18412 2632 5260 0.7 0.2 26304
train 17981
vs, vt 0.04110146109014749 0.04017089051194489
2023-07-25 07:00:45,194 - epoch:27, training loss:0.1005 validation loss:0.0411
Updating learning rate to 1.6920232695377565e-06
Updating learning rate to 1.6920232695377565e-06
18412 2632 5260 0.7 0.2 26304
train 17981
vs, vt 0.04100437792949378 0.04011524799279868
2023-07-25 07:01:17,085 - epoch:28, training loss:0.1001 validation loss:0.0410
Updating learning rate to 4.220748288197363e-07
Updating learning rate to 4.220748288197363e-07
18412 2632 5260 0.7 0.2 26304
train 17981
vs, vt 0.041077274037525056 0.04013101011514664
2023-07-25 07:01:53,409 - epoch:29, training loss:0.1001 validation loss:0.0411
Updating learning rate to 4.218554337707414e-10
Updating learning rate to 4.218554337707414e-10
2023-07-25 07:01:58,133 - [*] loss:0.0824
2023-07-25 07:01:58,134 - [*] phase 0, testing
2023-07-25 07:01:58,212 - T:96	MAE	0.182177	RMSE	0.083052	MAPE	45.917973
2023-07-25 07:01:58,212 - 96	mae	0.1822	
2023-07-25 07:01:58,212 - 96	rmse	0.0831	
2023-07-25 07:01:58,212 - 96	mape	45.9180	
2023-07-25 07:02:02,998 - [*] loss:0.0807
2023-07-25 07:02:02,999 - [*] phase 0, testing
2023-07-25 07:02:03,009 - T:96	MAE	0.178252	RMSE	0.081294	MAPE	44.892138
2023-07-25 07:02:03,009 - 96	mae	0.1783	
2023-07-25 07:02:03,009 - 96	rmse	0.0813	
2023-07-25 07:02:03,009 - 96	mape	44.8921	
