2023-07-25 05:43:14,097 - logger name:exp/ECL-PatchTST2023-07-25-05:43:14.096884/ECL-PatchTST.log
2023-07-25 05:43:14,097 - params : {'conf': 'ECL-PatchTST', 'data_name': 'electricity', 'iteration': 1, 'load': True, 'build_graph': False, 'grad_norm': False, 'root_path': '', 'exp_path': 'exp/', 'val_test_mix': False, 'pred_len': 96, 'noise_rate': 0.1, 'device': device(type='cuda', index=0), 'test_model_path': '/Disk/fhyega/code/BASE/exp/ECL-PatchTST2023-07-23-21:59:42.618606/0/0.0379_epoch_25.pkl', 'idx': 89, 'aligner': 1, 'refiner': 1, 'enhance': 1, 'seed': 2025, '/* model related args*/': '//', 'model_name': 'PatchTST', 'seq_len': 336, 'label_len': 48, 'features': 'M', 'target': 'OT', 'graph_input': False, 'individual': False, 'e_layers': 3, 'd_layers': 1, 'factor': 1, 'n_heads': 16, 'd_model': 128, 'd_ff': 256, 'dropout': 0.2, 'fc_dropout': 0.2, 'head_dropout': 0.0, 'patch_len': 16, 'stride': 8, 'des': 'Exp', 'padding_patch': 'end', 'revin': 1, 'affine': 0, 'subtract_last': 0, 'decomposition': 0, 'kernel_size': 25, 'output_attention': 0, 'embed_type': 0, 'activation': 'gelu', 'lradj': 'TST', 'distil': 1, 'linear_output': 1, 'pct_start': 0.2, '/*train related args*/': '//', 'train': True, 'epoch': 30, 'batch_size': 128, 'lr': 0.0001, 'loss': 'mse', '/*dataset related args*/': '//', 'save_data_path': 'data/ECL/', 'data_process': True, 'embed': 'timeF', 'freq': 'h', 'begin_phase': 0, 'end_phase': 1, 'phase_len': 26304, 'val_ratio': 0.33, 'graph_size': 321, '/*strategy related args*/': '//', 'strategy': 'incremental', 'increase': False, 'detect': False, 'detect_strategy': 'feature', 'replay': False, 'replay_strategy': 'random', 'repaly_num_samples': 100, 'ewc': False, 'ewc_strategy': 'ewc', 'ewc_lambda': 0.0001, 'subgraph_train': False, 'num_hops': 2, 'logname': 'ECL-PatchTST', 'time': '2023-07-25-05:43:14.096884', 'path': 'exp/ECL-PatchTST2023-07-25-05:43:14.096884', 'num_workers': 4, 'start_train': 0, 'train_mode': 'pretrain', 'get_score': False, 'use_cm': True, 'logger': <Logger __main__ (INFO)>}
2023-07-25 05:43:14,097 - [*] phase 0 start training
0 26304
18412 2632 5260 0.7 0.2 26304
train 17981
18412 2632 5260 0.7 0.2 26304
val 2537
18412 2632 5260 0.7 0.2 26304
test 5165
2023-07-25 05:43:28,601 - [*] phase 0 Dataset load!
2023-07-25 05:43:29,576 - [*] phase 0 Training start
18412 2632 5260 0.7 0.2 26304
train 17981
2023-07-25 05:43:54,885 - epoch:0, training loss:0.5265 validation loss:0.1104
18412 2632 5260 0.7 0.2 26304
train 17981
vs, vt 0.110436768271029 0.10820388328284025
Updating learning rate to 1.0445766508069865e-05
Updating learning rate to 1.0445766508069865e-05
18412 2632 5260 0.7 0.2 26304
train 17981
vs, vt 0.07415196420624852 0.07331374594941735
2023-07-25 05:44:39,867 - epoch:1, training loss:0.9104 validation loss:0.0742
Updating learning rate to 2.805190328742299e-05
Updating learning rate to 2.805190328742299e-05
18412 2632 5260 0.7 0.2 26304
train 17981
vs, vt 0.06106975767761469 0.06328477365896105
2023-07-25 05:45:12,649 - epoch:2, training loss:0.4249 validation loss:0.0611
Updating learning rate to 5.208986672185724e-05
Updating learning rate to 5.208986672185724e-05
18412 2632 5260 0.7 0.2 26304
train 17981
vs, vt 0.05372177753597498 0.0570017215795815
2023-07-25 05:45:43,332 - epoch:3, training loss:0.2757 validation loss:0.0537
Updating learning rate to 7.610369432687743e-05
Updating learning rate to 7.610369432687743e-05
18412 2632 5260 0.7 0.2 26304
train 17981
vs, vt 0.05012441277503967 0.05258079385384917
2023-07-25 05:46:13,657 - epoch:4, training loss:0.2207 validation loss:0.0501
Updating learning rate to 9.364390586469177e-05
Updating learning rate to 9.364390586469177e-05
18412 2632 5260 0.7 0.2 26304
train 17981
vs, vt 0.04857757594436407 0.050447368528693914
2023-07-25 05:46:42,108 - epoch:5, training loss:0.1917 validation loss:0.0486
Updating learning rate to 9.999997814456623e-05
Updating learning rate to 9.999997814456623e-05
18412 2632 5260 0.7 0.2 26304
train 17981
vs, vt 0.047172051202505824 0.04851536471396685
2023-07-25 05:47:10,420 - epoch:6, training loss:0.1746 validation loss:0.0472
Updating learning rate to 9.956612105134122e-05
Updating learning rate to 9.956612105134122e-05
18412 2632 5260 0.7 0.2 26304
train 17981
vs, vt 0.04639205178245902 0.048461566865444186
2023-07-25 05:47:41,543 - epoch:7, training loss:0.1625 validation loss:0.0464
Updating learning rate to 9.828417730665822e-05
Updating learning rate to 9.828417730665822e-05
18412 2632 5260 0.7 0.2 26304
train 17981
vs, vt 0.046609391923993826 0.04761586468666792
2023-07-25 05:48:13,994 - epoch:8, training loss:0.1533 validation loss:0.0466
Updating learning rate to 9.617608132341072e-05
Updating learning rate to 9.617608132341072e-05
18412 2632 5260 0.7 0.2 26304
train 17981
vs, vt 0.0456794754602015 0.04638215769082308
2023-07-25 05:48:46,098 - epoch:9, training loss:0.1461 validation loss:0.0457
Updating learning rate to 9.327790320834669e-05
Updating learning rate to 9.327790320834669e-05
18412 2632 5260 0.7 0.2 26304
train 17981
vs, vt 0.04566381610929966 0.046580982860177755
2023-07-25 05:49:18,204 - epoch:10, training loss:0.1402 validation loss:0.0457
Updating learning rate to 8.963923159254168e-05
Updating learning rate to 8.963923159254168e-05
18412 2632 5260 0.7 0.2 26304
train 17981
vs, vt 0.04490375467576087 0.045683102961629626
2023-07-25 05:49:47,215 - epoch:11, training loss:0.1357 validation loss:0.0449
Updating learning rate to 8.532232515617246e-05
Updating learning rate to 8.532232515617246e-05
18412 2632 5260 0.7 0.2 26304
train 17981
vs, vt 0.04420966920442879 0.04508433635346591
2023-07-25 05:50:16,356 - epoch:12, training loss:0.1317 validation loss:0.0442
Updating learning rate to 8.04010473652379e-05
Updating learning rate to 8.04010473652379e-05
18412 2632 5260 0.7 0.2 26304
train 17981
vs, vt 0.04449201673269272 0.044500198168680075
2023-07-25 05:50:46,393 - epoch:13, training loss:0.1278 validation loss:0.0445
Updating learning rate to 7.495960264717686e-05
Updating learning rate to 7.495960264717686e-05
18412 2632 5260 0.7 0.2 26304
train 17981
vs, vt 0.04408241380006075 0.0452383603900671
2023-07-25 05:51:16,540 - epoch:14, training loss:0.1249 validation loss:0.0441
Updating learning rate to 6.909109562976884e-05
Updating learning rate to 6.909109562976884e-05
18412 2632 5260 0.7 0.2 26304
train 17981
vs, vt 0.0447487682569772 0.04489022521302104
2023-07-25 05:51:48,981 - epoch:15, training loss:0.1222 validation loss:0.0447
Updating learning rate to 6.289593809513925e-05
Updating learning rate to 6.289593809513925e-05
18412 2632 5260 0.7 0.2 26304
train 17981
vs, vt 0.043538555549457666 0.043843201082199815
2023-07-25 05:52:21,673 - epoch:16, training loss:0.1195 validation loss:0.0435
Updating learning rate to 5.6480130906327764e-05
Updating learning rate to 5.6480130906327764e-05
18412 2632 5260 0.7 0.2 26304
train 17981
vs, vt 0.0434102279599756 0.04344809241592884
2023-07-25 05:52:52,585 - epoch:17, training loss:0.1174 validation loss:0.0434
Updating learning rate to 4.995345030313274e-05
Updating learning rate to 4.995345030313274e-05
18412 2632 5260 0.7 0.2 26304
train 17981
vs, vt 0.042702167434617876 0.043433063523843886
2023-07-25 05:53:23,278 - epoch:18, training loss:0.1154 validation loss:0.0427
Updating learning rate to 4.3427569600212594e-05
Updating learning rate to 4.3427569600212594e-05
18412 2632 5260 0.7 0.2 26304
train 17981
vs, vt 0.04268157761543989 0.043376850849017504
2023-07-25 05:53:52,220 - epoch:19, training loss:0.1137 validation loss:0.0427
Updating learning rate to 3.70141484257102e-05
Updating learning rate to 3.70141484257102e-05
18412 2632 5260 0.7 0.2 26304
train 17981
vs, vt 0.043144704727455976 0.04278821628540754
2023-07-25 05:54:21,360 - epoch:20, training loss:0.1123 validation loss:0.0431
Updating learning rate to 3.0822922194057626e-05
Updating learning rate to 3.0822922194057626e-05
18412 2632 5260 0.7 0.2 26304
train 17981
vs, vt 0.04304392449557781 0.04332095645368099
2023-07-25 05:54:52,271 - epoch:21, training loss:0.1112 validation loss:0.0430
Updating learning rate to 2.4959824502610635e-05
Updating learning rate to 2.4959824502610635e-05
18412 2632 5260 0.7 0.2 26304
train 17981
vs, vt 0.04243625705130398 0.042430800898000595
2023-07-25 05:55:26,513 - epoch:22, training loss:0.1102 validation loss:0.0424
Updating learning rate to 1.9525174578427625e-05
Updating learning rate to 1.9525174578427625e-05
18412 2632 5260 0.7 0.2 26304
train 17981
vs, vt 0.04225153150036931 0.04306277250871062
2023-07-25 05:55:58,155 - epoch:23, training loss:0.1092 validation loss:0.0423
Updating learning rate to 1.4611960788481038e-05
Updating learning rate to 1.4611960788481038e-05
18412 2632 5260 0.7 0.2 26304
train 17981
vs, vt 0.04222518987953663 0.04255633843131364
2023-07-25 05:56:29,294 - epoch:24, training loss:0.1086 validation loss:0.0422
Updating learning rate to 1.0304249582917059e-05
Updating learning rate to 1.0304249582917059e-05
18412 2632 5260 0.7 0.2 26304
train 17981
vs, vt 0.04205132243223488 0.04232192016206682
2023-07-25 05:56:58,193 - epoch:25, training loss:0.1078 validation loss:0.0421
Updating learning rate to 6.675747094786052e-06
Updating learning rate to 6.675747094786052e-06
18412 2632 5260 0.7 0.2 26304
train 17981
vs, vt 0.04201608966104686 0.0422849100548774
2023-07-25 05:57:27,606 - epoch:26, training loss:0.1076 validation loss:0.0420
Updating learning rate to 3.7885380076709116e-06
Updating learning rate to 3.7885380076709116e-06
18412 2632 5260 0.7 0.2 26304
train 17981
vs, vt 0.04180777478031814 0.042173373699188235
2023-07-25 05:57:58,242 - epoch:27, training loss:0.1073 validation loss:0.0418
Updating learning rate to 1.6920232695377565e-06
Updating learning rate to 1.6920232695377565e-06
18412 2632 5260 0.7 0.2 26304
train 17981
vs, vt 0.04187356410548091 0.04222574033774436
2023-07-25 05:58:29,752 - epoch:28, training loss:0.1072 validation loss:0.0419
Updating learning rate to 4.220748288197363e-07
Updating learning rate to 4.220748288197363e-07
18412 2632 5260 0.7 0.2 26304
train 17981
vs, vt 0.04183495342731476 0.04216196443885565
2023-07-25 05:59:01,548 - epoch:29, training loss:0.1068 validation loss:0.0418
Updating learning rate to 4.218554337707414e-10
Updating learning rate to 4.218554337707414e-10
2023-07-25 05:59:05,196 - [*] loss:0.0825
2023-07-25 05:59:05,198 - [*] phase 0, testing
2023-07-25 05:59:05,221 - T:96	MAE	0.183261	RMSE	0.083030	MAPE	46.307424
2023-07-25 05:59:05,221 - 96	mae	0.1833	
2023-07-25 05:59:05,221 - 96	rmse	0.0830	
2023-07-25 05:59:05,221 - 96	mape	46.3074	
2023-07-25 05:59:08,825 - [*] loss:0.0816
2023-07-25 05:59:08,827 - [*] phase 0, testing
2023-07-25 05:59:08,839 - T:96	MAE	0.183339	RMSE	0.082144	MAPE	47.251227
2023-07-25 05:59:08,839 - 96	mae	0.1833	
2023-07-25 05:59:08,840 - 96	rmse	0.0821	
2023-07-25 05:59:08,840 - 96	mape	47.2512	
