2023-07-25 05:59:11,122 - logger name:exp/ECL-PatchTST2023-07-25-05:59:11.122615/ECL-PatchTST.log
2023-07-25 05:59:11,123 - params : {'conf': 'ECL-PatchTST', 'data_name': 'electricity', 'iteration': 1, 'load': True, 'build_graph': False, 'grad_norm': False, 'root_path': '', 'exp_path': 'exp/', 'val_test_mix': False, 'pred_len': 96, 'noise_rate': 0.1, 'device': device(type='cuda', index=0), 'test_model_path': '/Disk/fhyega/code/BASE/exp/ECL-PatchTST2023-07-23-21:59:42.618606/0/0.0379_epoch_25.pkl', 'idx': 89, 'aligner': 0, 'refiner': 1, 'enhance': 1, 'seed': 2025, '/* model related args*/': '//', 'model_name': 'PatchTST', 'seq_len': 336, 'label_len': 48, 'features': 'M', 'target': 'OT', 'graph_input': False, 'individual': False, 'e_layers': 3, 'd_layers': 1, 'factor': 1, 'n_heads': 16, 'd_model': 128, 'd_ff': 256, 'dropout': 0.2, 'fc_dropout': 0.2, 'head_dropout': 0.0, 'patch_len': 16, 'stride': 8, 'des': 'Exp', 'padding_patch': 'end', 'revin': 1, 'affine': 0, 'subtract_last': 0, 'decomposition': 0, 'kernel_size': 25, 'output_attention': 0, 'embed_type': 0, 'activation': 'gelu', 'lradj': 'TST', 'distil': 1, 'linear_output': 1, 'pct_start': 0.2, '/*train related args*/': '//', 'train': True, 'epoch': 30, 'batch_size': 128, 'lr': 0.0001, 'loss': 'mse', '/*dataset related args*/': '//', 'save_data_path': 'data/ECL/', 'data_process': True, 'embed': 'timeF', 'freq': 'h', 'begin_phase': 0, 'end_phase': 1, 'phase_len': 26304, 'val_ratio': 0.33, 'graph_size': 321, '/*strategy related args*/': '//', 'strategy': 'incremental', 'increase': False, 'detect': False, 'detect_strategy': 'feature', 'replay': False, 'replay_strategy': 'random', 'repaly_num_samples': 100, 'ewc': False, 'ewc_strategy': 'ewc', 'ewc_lambda': 0.0001, 'subgraph_train': False, 'num_hops': 2, 'logname': 'ECL-PatchTST', 'time': '2023-07-25-05:59:11.122615', 'path': 'exp/ECL-PatchTST2023-07-25-05:59:11.122615', 'num_workers': 4, 'start_train': 0, 'train_mode': 'pretrain', 'get_score': False, 'use_cm': True, 'logger': <Logger __main__ (INFO)>}
2023-07-25 05:59:11,123 - [*] phase 0 start training
0 26304
18412 2632 5260 0.7 0.2 26304
train 17981
18412 2632 5260 0.7 0.2 26304
val 2537
18412 2632 5260 0.7 0.2 26304
test 5165
2023-07-25 05:59:25,713 - [*] phase 0 Dataset load!
2023-07-25 05:59:26,696 - [*] phase 0 Training start
18412 2632 5260 0.7 0.2 26304
train 17981
2023-07-25 05:59:51,116 - epoch:0, training loss:0.5265 validation loss:0.1104
18412 2632 5260 0.7 0.2 26304
train 17981
vs, vt 0.110436768271029 0.10820388328284025
Updating learning rate to 1.0445766508069865e-05
Updating learning rate to 1.0445766508069865e-05
18412 2632 5260 0.7 0.2 26304
train 17981
vs, vt 0.07187844747677445 0.0732403795234859
2023-07-25 06:00:33,242 - epoch:1, training loss:0.4956 validation loss:0.0719
Updating learning rate to 2.805190328742299e-05
Updating learning rate to 2.805190328742299e-05
18412 2632 5260 0.7 0.2 26304
train 17981
vs, vt 0.059056240040808915 0.0629695882089436
2023-07-25 06:01:01,945 - epoch:2, training loss:0.2944 validation loss:0.0591
Updating learning rate to 5.208986672185724e-05
Updating learning rate to 5.208986672185724e-05
18412 2632 5260 0.7 0.2 26304
train 17981
vs, vt 0.05276778768748045 0.056538386084139344
2023-07-25 06:01:35,089 - epoch:3, training loss:0.2108 validation loss:0.0528
Updating learning rate to 7.610369432687743e-05
Updating learning rate to 7.610369432687743e-05
18412 2632 5260 0.7 0.2 26304
train 17981
vs, vt 0.049296422861516476 0.05227310918271542
2023-07-25 06:02:07,967 - epoch:4, training loss:0.1751 validation loss:0.0493
Updating learning rate to 9.364390586469177e-05
Updating learning rate to 9.364390586469177e-05
18412 2632 5260 0.7 0.2 26304
train 17981
vs, vt 0.04799307258799672 0.05014849854633212
2023-07-25 06:02:39,525 - epoch:5, training loss:0.1557 validation loss:0.0480
Updating learning rate to 9.999997814456623e-05
Updating learning rate to 9.999997814456623e-05
18412 2632 5260 0.7 0.2 26304
train 17981
vs, vt 0.04689930798485875 0.04823139365762472
2023-07-25 06:03:09,477 - epoch:6, training loss:0.1443 validation loss:0.0469
Updating learning rate to 9.956612105134122e-05
Updating learning rate to 9.956612105134122e-05
18412 2632 5260 0.7 0.2 26304
train 17981
vs, vt 0.04565435452386737 0.04837173307314515
2023-07-25 06:03:41,101 - epoch:7, training loss:0.1364 validation loss:0.0457
Updating learning rate to 9.828417730665822e-05
Updating learning rate to 9.828417730665822e-05
18412 2632 5260 0.7 0.2 26304
train 17981
vs, vt 0.045961270667612554 0.04735426474362612
2023-07-25 06:04:14,315 - epoch:8, training loss:0.1306 validation loss:0.0460
Updating learning rate to 9.617608132341072e-05
Updating learning rate to 9.617608132341072e-05
18412 2632 5260 0.7 0.2 26304
train 17981
vs, vt 0.044908975483849645 0.04592690258286893
2023-07-25 06:04:45,782 - epoch:9, training loss:0.1263 validation loss:0.0449
Updating learning rate to 9.327790320834669e-05
Updating learning rate to 9.327790320834669e-05
18412 2632 5260 0.7 0.2 26304
train 17981
vs, vt 0.044840040849521756 0.046143503906205294
2023-07-25 06:05:14,681 - epoch:10, training loss:0.1228 validation loss:0.0448
Updating learning rate to 8.963923159254168e-05
Updating learning rate to 8.963923159254168e-05
18412 2632 5260 0.7 0.2 26304
train 17981
vs, vt 0.044212062191218135 0.04526857770979405
2023-07-25 06:05:43,732 - epoch:11, training loss:0.1203 validation loss:0.0442
Updating learning rate to 8.532232515617246e-05
Updating learning rate to 8.532232515617246e-05
18412 2632 5260 0.7 0.2 26304
train 17981
vs, vt 0.04354052403941751 0.04459940865635872
2023-07-25 06:06:13,760 - epoch:12, training loss:0.1180 validation loss:0.0435
Updating learning rate to 8.04010473652379e-05
Updating learning rate to 8.04010473652379e-05
18412 2632 5260 0.7 0.2 26304
train 17981
vs, vt 0.043863072618842126 0.04387258761562407
2023-07-25 06:06:43,233 - epoch:13, training loss:0.1157 validation loss:0.0439
Updating learning rate to 7.495960264717686e-05
Updating learning rate to 7.495960264717686e-05
18412 2632 5260 0.7 0.2 26304
train 17981
vs, vt 0.04323704889975488 0.04467386314645409
2023-07-25 06:07:15,776 - epoch:14, training loss:0.1141 validation loss:0.0432
Updating learning rate to 6.909109562976884e-05
Updating learning rate to 6.909109562976884e-05
18412 2632 5260 0.7 0.2 26304
train 17981
vs, vt 0.04390373369678855 0.044331088289618494
2023-07-25 06:07:48,540 - epoch:15, training loss:0.1124 validation loss:0.0439
Updating learning rate to 6.289593809513925e-05
Updating learning rate to 6.289593809513925e-05
18412 2632 5260 0.7 0.2 26304
train 17981
vs, vt 0.04282641876488924 0.04324048948474228
2023-07-25 06:08:19,539 - epoch:16, training loss:0.1106 validation loss:0.0428
Updating learning rate to 5.6480130906327764e-05
Updating learning rate to 5.6480130906327764e-05
18412 2632 5260 0.7 0.2 26304
train 17981
vs, vt 0.042688974225893614 0.04290695595555007
2023-07-25 06:08:50,723 - epoch:17, training loss:0.1092 validation loss:0.0427
Updating learning rate to 4.995345030313274e-05
Updating learning rate to 4.995345030313274e-05
18412 2632 5260 0.7 0.2 26304
train 17981
vs, vt 0.04189188373275101 0.0428940455429256
2023-07-25 06:09:20,081 - epoch:18, training loss:0.1078 validation loss:0.0419
Updating learning rate to 4.3427569600212594e-05
Updating learning rate to 4.3427569600212594e-05
18412 2632 5260 0.7 0.2 26304
train 17981
vs, vt 0.041908548586070536 0.042821890627965334
2023-07-25 06:09:48,550 - epoch:19, training loss:0.1066 validation loss:0.0419
Updating learning rate to 3.70141484257102e-05
Updating learning rate to 3.70141484257102e-05
18412 2632 5260 0.7 0.2 26304
train 17981
vs, vt 0.04246062790043652 0.04211967852897942
2023-07-25 06:10:20,093 - epoch:20, training loss:0.1056 validation loss:0.0425
Updating learning rate to 3.0822922194057626e-05
Updating learning rate to 3.0822922194057626e-05
18412 2632 5260 0.7 0.2 26304
train 17981
vs, vt 0.04213023879565299 0.042595484340563414
2023-07-25 06:10:50,810 - epoch:21, training loss:0.1048 validation loss:0.0421
Updating learning rate to 2.4959824502610635e-05
Updating learning rate to 2.4959824502610635e-05
18412 2632 5260 0.7 0.2 26304
train 17981
vs, vt 0.04176011076197028 0.04175055068917573
2023-07-25 06:11:23,836 - epoch:22, training loss:0.1040 validation loss:0.0418
Updating learning rate to 1.9525174578427625e-05
Updating learning rate to 1.9525174578427625e-05
18412 2632 5260 0.7 0.2 26304
train 17981
vs, vt 0.04139346401207149 0.04239528686739504
2023-07-25 06:11:55,234 - epoch:23, training loss:0.1032 validation loss:0.0414
Updating learning rate to 1.4611960788481038e-05
Updating learning rate to 1.4611960788481038e-05
18412 2632 5260 0.7 0.2 26304
train 17981
vs, vt 0.04137276886031031 0.04194837803952396
2023-07-25 06:12:25,616 - epoch:24, training loss:0.1028 validation loss:0.0414
Updating learning rate to 1.0304249582917059e-05
Updating learning rate to 1.0304249582917059e-05
18412 2632 5260 0.7 0.2 26304
train 17981
vs, vt 0.0412516325712204 0.04169392203912139
2023-07-25 06:12:54,918 - epoch:25, training loss:0.1022 validation loss:0.0413
Updating learning rate to 6.675747094786052e-06
Updating learning rate to 6.675747094786052e-06
18412 2632 5260 0.7 0.2 26304
train 17981
vs, vt 0.04113353565335274 0.041683568386361
2023-07-25 06:13:25,526 - epoch:26, training loss:0.1020 validation loss:0.0411
Updating learning rate to 3.7885380076709116e-06
Updating learning rate to 3.7885380076709116e-06
18412 2632 5260 0.7 0.2 26304
train 17981
vs, vt 0.040994603745639326 0.04154384075663984
2023-07-25 06:13:56,073 - epoch:27, training loss:0.1017 validation loss:0.0410
Updating learning rate to 1.6920232695377565e-06
Updating learning rate to 1.6920232695377565e-06
18412 2632 5260 0.7 0.2 26304
train 17981
vs, vt 0.04106973335146904 0.04158698916435242
2023-07-25 06:14:28,148 - epoch:28, training loss:0.1016 validation loss:0.0411
Updating learning rate to 4.220748288197363e-07
Updating learning rate to 4.220748288197363e-07
18412 2632 5260 0.7 0.2 26304
train 17981
vs, vt 0.04102543015033007 0.041528444411233066
2023-07-25 06:15:01,938 - epoch:29, training loss:0.1013 validation loss:0.0410
Updating learning rate to 4.218554337707414e-10
Updating learning rate to 4.218554337707414e-10
2023-07-25 06:15:04,158 - [*] loss:0.0824
2023-07-25 06:15:04,159 - [*] phase 0, testing
2023-07-25 06:15:04,167 - T:96	MAE	0.182140	RMSE	0.082997	MAPE	45.854643
2023-07-25 06:15:04,168 - 96	mae	0.1821	
2023-07-25 06:15:04,168 - 96	rmse	0.0830	
2023-07-25 06:15:04,168 - 96	mape	45.8546	
2023-07-25 06:15:06,924 - [*] loss:0.0808
2023-07-25 06:15:06,925 - [*] phase 0, testing
2023-07-25 06:15:06,934 - T:96	MAE	0.181560	RMSE	0.081412	MAPE	46.833816
2023-07-25 06:15:06,934 - 96	mae	0.1816	
2023-07-25 06:15:06,934 - 96	rmse	0.0814	
2023-07-25 06:15:06,934 - 96	mape	46.8338	
