2023-07-25 06:29:30,512 - logger name:exp/ECL-PatchTST2023-07-25-06:29:30.512048/ECL-PatchTST.log
2023-07-25 06:29:30,513 - params : {'conf': 'ECL-PatchTST', 'data_name': 'electricity', 'iteration': 1, 'load': True, 'build_graph': False, 'grad_norm': False, 'root_path': '', 'exp_path': 'exp/', 'val_test_mix': False, 'pred_len': 96, 'noise_rate': 0.1, 'device': device(type='cuda', index=0), 'test_model_path': '/Disk/fhyega/code/BASE/exp/ECL-PatchTST2023-07-23-21:59:42.618606/0/0.0379_epoch_25.pkl', 'idx': 89, 'aligner': 1, 'refiner': 0, 'enhance': 0, 'seed': 2025, '/* model related args*/': '//', 'model_name': 'PatchTST', 'seq_len': 336, 'label_len': 48, 'features': 'M', 'target': 'OT', 'graph_input': False, 'individual': False, 'e_layers': 3, 'd_layers': 1, 'factor': 1, 'n_heads': 16, 'd_model': 128, 'd_ff': 256, 'dropout': 0.2, 'fc_dropout': 0.2, 'head_dropout': 0.0, 'patch_len': 16, 'stride': 8, 'des': 'Exp', 'padding_patch': 'end', 'revin': 1, 'affine': 0, 'subtract_last': 0, 'decomposition': 0, 'kernel_size': 25, 'output_attention': 0, 'embed_type': 0, 'activation': 'gelu', 'lradj': 'TST', 'distil': 1, 'linear_output': 1, 'pct_start': 0.2, '/*train related args*/': '//', 'train': True, 'epoch': 30, 'batch_size': 128, 'lr': 0.0001, 'loss': 'mse', '/*dataset related args*/': '//', 'save_data_path': 'data/ECL/', 'data_process': True, 'embed': 'timeF', 'freq': 'h', 'begin_phase': 0, 'end_phase': 1, 'phase_len': 26304, 'val_ratio': 0.33, 'graph_size': 321, '/*strategy related args*/': '//', 'strategy': 'incremental', 'increase': False, 'detect': False, 'detect_strategy': 'feature', 'replay': False, 'replay_strategy': 'random', 'repaly_num_samples': 100, 'ewc': False, 'ewc_strategy': 'ewc', 'ewc_lambda': 0.0001, 'subgraph_train': False, 'num_hops': 2, 'logname': 'ECL-PatchTST', 'time': '2023-07-25-06:29:30.512048', 'path': 'exp/ECL-PatchTST2023-07-25-06:29:30.512048', 'num_workers': 4, 'start_train': 0, 'train_mode': 'pretrain', 'get_score': False, 'use_cm': True, 'logger': <Logger __main__ (INFO)>}
2023-07-25 06:29:30,513 - [*] phase 0 start training
0 26304
18412 2632 5260 0.7 0.2 26304
train 17981
18412 2632 5260 0.7 0.2 26304
val 2537
18412 2632 5260 0.7 0.2 26304
test 5165
2023-07-25 06:29:45,261 - [*] phase 0 Dataset load!
2023-07-25 06:29:46,293 - [*] phase 0 Training start
18412 2632 5260 0.7 0.2 26304
train 17981
2023-07-25 06:30:06,569 - epoch:0, training loss:0.5264 validation loss:0.1104
18412 2632 5260 0.7 0.2 26304
train 17981
vs, vt 0.11037648115307093 0.10812141206115485
Updating learning rate to 1.0445766508069865e-05
Updating learning rate to 1.0445766508069865e-05
18412 2632 5260 0.7 0.2 26304
train 17981
vs, vt 0.07392515325918794 0.07228233832865953
2023-07-25 06:30:45,965 - epoch:1, training loss:0.7532 validation loss:0.0739
Updating learning rate to 2.805190328742299e-05
Updating learning rate to 2.805190328742299e-05
18412 2632 5260 0.7 0.2 26304
train 17981
vs, vt 0.061300498247146604 0.06013317983597517
2023-07-25 06:31:11,694 - epoch:2, training loss:0.3809 validation loss:0.0613
Updating learning rate to 5.208986672185724e-05
Updating learning rate to 5.208986672185724e-05
18412 2632 5260 0.7 0.2 26304
train 17981
vs, vt 0.05420743431895971 0.05472389338538051
2023-07-25 06:31:36,261 - epoch:3, training loss:0.2560 validation loss:0.0542
Updating learning rate to 7.610369432687743e-05
Updating learning rate to 7.610369432687743e-05
18412 2632 5260 0.7 0.2 26304
train 17981
vs, vt 0.04993991358205676 0.050683877989649774
2023-07-25 06:32:01,638 - epoch:4, training loss:0.2128 validation loss:0.0499
Updating learning rate to 9.364390586469177e-05
Updating learning rate to 9.364390586469177e-05
18412 2632 5260 0.7 0.2 26304
train 17981
vs, vt 0.04825193043798208 0.04874115530401468
2023-07-25 06:32:28,295 - epoch:5, training loss:0.1905 validation loss:0.0483
Updating learning rate to 9.999997814456623e-05
Updating learning rate to 9.999997814456623e-05
18412 2632 5260 0.7 0.2 26304
train 17981
vs, vt 0.046936423610895874 0.04740094868466258
2023-07-25 06:32:52,073 - epoch:6, training loss:0.1765 validation loss:0.0469
Updating learning rate to 9.956612105134122e-05
Updating learning rate to 9.956612105134122e-05
18412 2632 5260 0.7 0.2 26304
train 17981
vs, vt 0.046415447164326905 0.04597124741412699
2023-07-25 06:33:19,355 - epoch:7, training loss:0.1666 validation loss:0.0464
Updating learning rate to 9.828417730665822e-05
Updating learning rate to 9.828417730665822e-05
18412 2632 5260 0.7 0.2 26304
train 17981
vs, vt 0.04644074216485024 0.04551418786868453
2023-07-25 06:33:44,104 - epoch:8, training loss:0.1600 validation loss:0.0464
Updating learning rate to 9.617608132341072e-05
Updating learning rate to 9.617608132341072e-05
18412 2632 5260 0.7 0.2 26304
train 17981
vs, vt 0.045555311674252155 0.044815417286008595
2023-07-25 06:34:08,787 - epoch:9, training loss:0.1535 validation loss:0.0456
Updating learning rate to 9.327790320834669e-05
Updating learning rate to 9.327790320834669e-05
18412 2632 5260 0.7 0.2 26304
train 17981
vs, vt 0.04568563727661967 0.04418701212853193
2023-07-25 06:34:32,625 - epoch:10, training loss:0.1488 validation loss:0.0457
Updating learning rate to 8.963923159254168e-05
Updating learning rate to 8.963923159254168e-05
18412 2632 5260 0.7 0.2 26304
train 17981
vs, vt 0.0452056351583451 0.04391203280538321
2023-07-25 06:34:57,356 - epoch:11, training loss:0.1438 validation loss:0.0452
Updating learning rate to 8.532232515617246e-05
Updating learning rate to 8.532232515617246e-05
18412 2632 5260 0.7 0.2 26304
train 17981
vs, vt 0.044355439068749544 0.0433807656634599
2023-07-25 06:35:21,039 - epoch:12, training loss:0.1401 validation loss:0.0444
Updating learning rate to 8.04010473652379e-05
Updating learning rate to 8.04010473652379e-05
18412 2632 5260 0.7 0.2 26304
train 17981
vs, vt 0.044702653354033825 0.042869928572326896
2023-07-25 06:35:47,795 - epoch:13, training loss:0.1361 validation loss:0.0447
Updating learning rate to 7.495960264717686e-05
Updating learning rate to 7.495960264717686e-05
18412 2632 5260 0.7 0.2 26304
train 17981
vs, vt 0.04547713869251311 0.04271799540147185
2023-07-25 06:36:09,888 - epoch:14, training loss:0.1333 validation loss:0.0455
Updating learning rate to 6.909109562976884e-05
Updating learning rate to 6.909109562976884e-05
18412 2632 5260 0.7 0.2 26304
train 17981
vs, vt 0.04391883285716176 0.042549491161480546
2023-07-25 06:36:38,383 - epoch:15, training loss:0.1308 validation loss:0.0439
Updating learning rate to 6.289593809513925e-05
Updating learning rate to 6.289593809513925e-05
18412 2632 5260 0.7 0.2 26304
train 17981
vs, vt 0.04363285549916327 0.042217050585895775
2023-07-25 06:36:59,463 - epoch:16, training loss:0.1285 validation loss:0.0436
Updating learning rate to 5.6480130906327764e-05
Updating learning rate to 5.6480130906327764e-05
18412 2632 5260 0.7 0.2 26304
train 17981
vs, vt 0.044190978677943346 0.04166691261343658
2023-07-25 06:37:30,554 - epoch:17, training loss:0.1261 validation loss:0.0442
Updating learning rate to 4.995345030313274e-05
Updating learning rate to 4.995345030313274e-05
18412 2632 5260 0.7 0.2 26304
train 17981
vs, vt 0.043008947558701036 0.042120185773819686
2023-07-25 06:37:56,156 - epoch:18, training loss:0.1240 validation loss:0.0430
Updating learning rate to 4.3427569600212594e-05
Updating learning rate to 4.3427569600212594e-05
18412 2632 5260 0.7 0.2 26304
train 17981
vs, vt 0.0423545625526458 0.04109721747227013
2023-07-25 06:38:22,824 - epoch:19, training loss:0.1225 validation loss:0.0424
Updating learning rate to 3.70141484257102e-05
Updating learning rate to 3.70141484257102e-05
18412 2632 5260 0.7 0.2 26304
train 17981
vs, vt 0.04265828900970518 0.04090693756006658
2023-07-25 06:38:49,150 - epoch:20, training loss:0.1207 validation loss:0.0427
Updating learning rate to 3.0822922194057626e-05
Updating learning rate to 3.0822922194057626e-05
18412 2632 5260 0.7 0.2 26304
train 17981
vs, vt 0.04219148019328713 0.04117152779363096
2023-07-25 06:39:19,083 - epoch:21, training loss:0.1197 validation loss:0.0422
Updating learning rate to 2.4959824502610635e-05
Updating learning rate to 2.4959824502610635e-05
18412 2632 5260 0.7 0.2 26304
train 17981
vs, vt 0.04186740978620947 0.04071463136933744
2023-07-25 06:39:49,562 - epoch:22, training loss:0.1185 validation loss:0.0419
Updating learning rate to 1.9525174578427625e-05
Updating learning rate to 1.9525174578427625e-05
18412 2632 5260 0.7 0.2 26304
train 17981
vs, vt 0.04190432857722044 0.04061427796259522
2023-07-25 06:40:22,747 - epoch:23, training loss:0.1173 validation loss:0.0419
Updating learning rate to 1.4611960788481038e-05
Updating learning rate to 1.4611960788481038e-05
18412 2632 5260 0.7 0.2 26304
train 17981
vs, vt 0.04195657516829669 0.04053409090265632
2023-07-25 06:41:00,148 - epoch:24, training loss:0.1169 validation loss:0.0420
Updating learning rate to 1.0304249582917059e-05
Updating learning rate to 1.0304249582917059e-05
18412 2632 5260 0.7 0.2 26304
train 17981
vs, vt 0.041580356750637294 0.040382679598405954
2023-07-25 06:41:33,201 - epoch:25, training loss:0.1159 validation loss:0.0416
Updating learning rate to 6.675747094786052e-06
Updating learning rate to 6.675747094786052e-06
18412 2632 5260 0.7 0.2 26304
train 17981
vs, vt 0.04178990079089999 0.04036878435872495
2023-07-25 06:42:13,334 - epoch:26, training loss:0.1156 validation loss:0.0418
Updating learning rate to 3.7885380076709116e-06
Updating learning rate to 3.7885380076709116e-06
18412 2632 5260 0.7 0.2 26304
train 17981
vs, vt 0.04166331235319376 0.04028719449415803
2023-07-25 06:42:43,125 - epoch:27, training loss:0.1154 validation loss:0.0417
Updating learning rate to 1.6920232695377565e-06
Updating learning rate to 1.6920232695377565e-06
18412 2632 5260 0.7 0.2 26304
train 17981
vs, vt 0.04155239094980061 0.04023544727824628
2023-07-25 06:43:23,270 - epoch:28, training loss:0.1151 validation loss:0.0416
Updating learning rate to 4.220748288197363e-07
Updating learning rate to 4.220748288197363e-07
18412 2632 5260 0.7 0.2 26304
train 17981
vs, vt 0.04162637684494257 0.04024961581453681
2023-07-25 06:43:55,059 - epoch:29, training loss:0.1151 validation loss:0.0416
Updating learning rate to 4.218554337707414e-10
Updating learning rate to 4.218554337707414e-10
2023-07-25 06:43:59,907 - [*] loss:0.0820
2023-07-25 06:43:59,909 - [*] phase 0, testing
2023-07-25 06:43:59,946 - T:96	MAE	0.182657	RMSE	0.082490	MAPE	46.128321
2023-07-25 06:43:59,947 - 96	mae	0.1827	
2023-07-25 06:43:59,947 - 96	rmse	0.0825	
2023-07-25 06:43:59,947 - 96	mape	46.1283	
2023-07-25 06:44:04,522 - [*] loss:0.0808
2023-07-25 06:44:04,523 - [*] phase 0, testing
2023-07-25 06:44:04,533 - T:96	MAE	0.178310	RMSE	0.081355	MAPE	44.909757
2023-07-25 06:44:04,534 - 96	mae	0.1783	
2023-07-25 06:44:04,534 - 96	rmse	0.0814	
2023-07-25 06:44:04,534 - 96	mape	44.9098	
