2023-07-25 18:43:19,338 - logger name:exp/ECL-PatchTST2023-07-25-18:43:19.337943/ECL-PatchTST.log
2023-07-25 18:43:19,338 - params : {'conf': 'ECL-PatchTST', 'data_name': 'electricity', 'iteration': 1, 'load': True, 'build_graph': False, 'same_init': False, 'grad_norm': False, 'root_path': '', 'exp_path': 'exp/', 'val_test_mix': False, 'pred_len': 96, 'noise_rate': 0.1, 'device': device(type='cuda', index=1), 'test_model_path': '/Disk/fhyega/code/BASE/exp/ECL-PatchTST2023-07-23-21:59:42.618606/0/0.0379_epoch_25.pkl', 'idx': 213, 'aligner': 0, 'refiner': 0, 'refiner_block_num': 1, 'enhance': 0, 'seed': 2021, 'batch_size': 128, '/* model related args*/': '//', 'model_name': 'PatchTST', 'seq_len': 336, 'label_len': 48, 'features': 'M', 'target': 'OT', 'graph_input': False, 'individual': False, 'e_layers': 3, 'd_layers': 1, 'factor': 1, 'n_heads': 16, 'd_model': 128, 'd_ff': 256, 'dropout': 0.2, 'fc_dropout': 0.2, 'head_dropout': 0.0, 'patch_len': 16, 'stride': 8, 'des': 'Exp', 'padding_patch': 'end', 'revin': 1, 'affine': 0, 'subtract_last': 0, 'decomposition': 0, 'kernel_size': 25, 'output_attention': 0, 'embed_type': 0, 'activation': 'gelu', 'lradj': 'TST', 'distil': 1, 'linear_output': 1, 'pct_start': 0.2, '/*train related args*/': '//', 'train': True, 'epoch': 30, 'lr': 0.0001, 'loss': 'mse', '/*dataset related args*/': '//', 'save_data_path': 'data/ECL/', 'data_process': True, 'embed': 'timeF', 'freq': 'h', 'begin_phase': 0, 'end_phase': 1, 'phase_len': 26304, 'val_ratio': 0.33, 'graph_size': 321, '/*strategy related args*/': '//', 'strategy': 'incremental', 'increase': False, 'detect': False, 'detect_strategy': 'feature', 'replay': False, 'replay_strategy': 'random', 'repaly_num_samples': 100, 'ewc': False, 'ewc_strategy': 'ewc', 'ewc_lambda': 0.0001, 'subgraph_train': False, 'num_hops': 2, 'logname': 'ECL-PatchTST', 'time': '2023-07-25-18:43:19.337943', 'path': 'exp/ECL-PatchTST2023-07-25-18:43:19.337943', 'num_workers': 4, 'start_train': 0, 'train_mode': 'pretrain', 'get_score': False, 'use_cm': True, 'logger': <Logger __main__ (INFO)>}
2023-07-25 18:43:19,338 - [*] phase 0 start training
0 26304
18412 2632 5260 0.7 0.2 26304
train 17981
18412 2632 5260 0.7 0.2 26304
val 2537
18412 2632 5260 0.7 0.2 26304
test 5165
2023-07-25 18:43:31,616 - [*] phase 0 Dataset load!
2023-07-25 18:43:32,595 - [*] phase 0 Training start
18412 2632 5260 0.7 0.2 26304
train 17981
2023-07-25 18:43:39,194 - epoch:0, training loss:0.5138 validation loss:0.1373
18412 2632 5260 0.7 0.2 26304
train 17981
vs, vt 0.13730714991688728 0.1571692179888487
Updating learning rate to 1.0445766508069865e-05
Updating learning rate to 1.0445766508069865e-05
18412 2632 5260 0.7 0.2 26304
train 17981
vs, vt 0.08325107991695405 0.08491827230900525
2023-07-25 18:43:52,364 - epoch:1, training loss:0.3468 validation loss:0.0833
Updating learning rate to 2.805190328742299e-05
Updating learning rate to 2.805190328742299e-05
18412 2632 5260 0.7 0.2 26304
train 17981
vs, vt 0.06858317274600267 0.07009102534502745
2023-07-25 18:44:01,035 - epoch:2, training loss:0.2478 validation loss:0.0686
Updating learning rate to 5.208986672185724e-05
Updating learning rate to 5.208986672185724e-05
18412 2632 5260 0.7 0.2 26304
train 17981
vs, vt 0.06168871205300093 0.0637045256793499
2023-07-25 18:44:09,619 - epoch:3, training loss:0.1951 validation loss:0.0617
Updating learning rate to 7.610369432687743e-05
Updating learning rate to 7.610369432687743e-05
18412 2632 5260 0.7 0.2 26304
train 17981
vs, vt 0.058324181474745274 0.060778581723570826
2023-07-25 18:44:18,125 - epoch:4, training loss:0.1723 validation loss:0.0583
Updating learning rate to 9.364390586469177e-05
Updating learning rate to 9.364390586469177e-05
18412 2632 5260 0.7 0.2 26304
train 17981
vs, vt 0.05690377363935113 0.057937892898917195
2023-07-25 18:44:26,797 - epoch:5, training loss:0.1601 validation loss:0.0569
Updating learning rate to 9.999997814456623e-05
Updating learning rate to 9.999997814456623e-05
18412 2632 5260 0.7 0.2 26304
train 17981
vs, vt 0.05607279734686017 0.05689478842541575
2023-07-25 18:44:35,430 - epoch:6, training loss:0.1521 validation loss:0.0561
Updating learning rate to 9.956612105134122e-05
Updating learning rate to 9.956612105134122e-05
18412 2632 5260 0.7 0.2 26304
train 17981
vs, vt 0.054936562292277814 0.05637438325211406
2023-07-25 18:44:44,410 - epoch:7, training loss:0.1469 validation loss:0.0549
Updating learning rate to 9.828417730665822e-05
Updating learning rate to 9.828417730665822e-05
18412 2632 5260 0.7 0.2 26304
train 17981
vs, vt 0.055127179343253375 0.05489741778001189
2023-07-25 18:44:53,322 - epoch:8, training loss:0.1435 validation loss:0.0551
Updating learning rate to 9.617608132341072e-05
Updating learning rate to 9.617608132341072e-05
18412 2632 5260 0.7 0.2 26304
train 17981
vs, vt 0.05503358319401741 0.05500231478363275
2023-07-25 18:45:02,275 - epoch:9, training loss:0.1402 validation loss:0.0550
Updating learning rate to 9.327790320834669e-05
Updating learning rate to 9.327790320834669e-05
18412 2632 5260 0.7 0.2 26304
train 17981
vs, vt 0.054280330706387755 0.05454751532524824
2023-07-25 18:45:11,101 - epoch:10, training loss:0.1375 validation loss:0.0543
Updating learning rate to 8.963923159254168e-05
Updating learning rate to 8.963923159254168e-05
18412 2632 5260 0.7 0.2 26304
train 17981
vs, vt 0.053722731117159125 0.054417725652456284
2023-07-25 18:45:19,790 - epoch:11, training loss:0.1355 validation loss:0.0537
Updating learning rate to 8.532232515617246e-05
Updating learning rate to 8.532232515617246e-05
18412 2632 5260 0.7 0.2 26304
train 17981
vs, vt 0.0537700280547142 0.05470972387120128
2023-07-25 18:45:28,951 - epoch:12, training loss:0.1336 validation loss:0.0538
Updating learning rate to 8.04010473652379e-05
Updating learning rate to 8.04010473652379e-05
18412 2632 5260 0.7 0.2 26304
train 17981
vs, vt 0.05301289902999997 0.053679082170128824
2023-07-25 18:45:37,795 - epoch:13, training loss:0.1321 validation loss:0.0530
Updating learning rate to 7.495960264717686e-05
Updating learning rate to 7.495960264717686e-05
18412 2632 5260 0.7 0.2 26304
train 17981
vs, vt 0.052937619388103485 0.05400280551984906
2023-07-25 18:45:46,499 - epoch:14, training loss:0.1301 validation loss:0.0529
Updating learning rate to 6.909109562976884e-05
Updating learning rate to 6.909109562976884e-05
18412 2632 5260 0.7 0.2 26304
train 17981
vs, vt 0.0538530713878572 0.053393566701561215
2023-07-25 18:45:55,460 - epoch:15, training loss:0.1291 validation loss:0.0539
Updating learning rate to 6.289593809513925e-05
Updating learning rate to 6.289593809513925e-05
18412 2632 5260 0.7 0.2 26304
train 17981
vs, vt 0.05284200543537736 0.05318711949512363
2023-07-25 18:46:04,532 - epoch:16, training loss:0.1273 validation loss:0.0528
Updating learning rate to 5.6480130906327764e-05
Updating learning rate to 5.6480130906327764e-05
18412 2632 5260 0.7 0.2 26304
train 17981
vs, vt 0.05211385963484645 0.05224623763933778
2023-07-25 18:46:13,369 - epoch:17, training loss:0.1262 validation loss:0.0521
Updating learning rate to 4.995345030313274e-05
Updating learning rate to 4.995345030313274e-05
18412 2632 5260 0.7 0.2 26304
train 17981
vs, vt 0.05196328964084387 0.05232177386060357
2023-07-25 18:46:21,976 - epoch:18, training loss:0.1250 validation loss:0.0520
Updating learning rate to 4.3427569600212594e-05
Updating learning rate to 4.3427569600212594e-05
18412 2632 5260 0.7 0.2 26304
train 17981
vs, vt 0.052473938651382925 0.05219411477446556
2023-07-25 18:46:31,048 - epoch:19, training loss:0.1242 validation loss:0.0525
Updating learning rate to 3.70141484257102e-05
Updating learning rate to 3.70141484257102e-05
18412 2632 5260 0.7 0.2 26304
train 17981
vs, vt 0.05196417085826397 0.05218937732279301
2023-07-25 18:46:40,216 - epoch:20, training loss:0.1232 validation loss:0.0520
Updating learning rate to 3.0822922194057626e-05
Updating learning rate to 3.0822922194057626e-05
18412 2632 5260 0.7 0.2 26304
train 17981
vs, vt 0.05172002399340272 0.05180986039340496
2023-07-25 18:46:48,948 - epoch:21, training loss:0.1225 validation loss:0.0517
Updating learning rate to 2.4959824502610635e-05
Updating learning rate to 2.4959824502610635e-05
18412 2632 5260 0.7 0.2 26304
train 17981
vs, vt 0.0514905808493495 0.05173126086592674
2023-07-25 18:46:57,981 - epoch:22, training loss:0.1214 validation loss:0.0515
Updating learning rate to 1.9525174578427625e-05
Updating learning rate to 1.9525174578427625e-05
18412 2632 5260 0.7 0.2 26304
train 17981
vs, vt 0.051291136723011735 0.05151098081842065
2023-07-25 18:47:06,850 - epoch:23, training loss:0.1209 validation loss:0.0513
Updating learning rate to 1.4611960788481038e-05
Updating learning rate to 1.4611960788481038e-05
18412 2632 5260 0.7 0.2 26304
train 17981
vs, vt 0.05120556205511093 0.051447630114853385
2023-07-25 18:47:15,764 - epoch:24, training loss:0.1204 validation loss:0.0512
Updating learning rate to 1.0304249582917059e-05
Updating learning rate to 1.0304249582917059e-05
18412 2632 5260 0.7 0.2 26304
train 17981
vs, vt 0.05117272529751062 0.051349916215986016
2023-07-25 18:47:24,463 - epoch:25, training loss:0.1200 validation loss:0.0512
Updating learning rate to 6.675747094786052e-06
Updating learning rate to 6.675747094786052e-06
18412 2632 5260 0.7 0.2 26304
train 17981
vs, vt 0.0510169486515224 0.051247513946145774
2023-07-25 18:47:33,405 - epoch:26, training loss:0.1195 validation loss:0.0510
Updating learning rate to 3.7885380076709116e-06
Updating learning rate to 3.7885380076709116e-06
18412 2632 5260 0.7 0.2 26304
train 17981
vs, vt 0.05100806467235088 0.051207464467734096
2023-07-25 18:47:42,478 - epoch:27, training loss:0.1195 validation loss:0.0510
Updating learning rate to 1.6920232695377565e-06
Updating learning rate to 1.6920232695377565e-06
18412 2632 5260 0.7 0.2 26304
train 17981
vs, vt 0.05094288010150194 0.05115454848855734
2023-07-25 18:47:51,530 - epoch:28, training loss:0.1191 validation loss:0.0509
Updating learning rate to 4.220748288197363e-07
Updating learning rate to 4.220748288197363e-07
18412 2632 5260 0.7 0.2 26304
train 17981
vs, vt 0.05095920460298657 0.05116527220234275
2023-07-25 18:48:00,282 - epoch:29, training loss:0.1191 validation loss:0.0510
Updating learning rate to 4.218554337707414e-10
Updating learning rate to 4.218554337707414e-10
check exp/ECL-PatchTST2023-07-25-18:43:19.337943/0/0.0509_epoch_28.pkl  &  0.05115454848855734
2023-07-25 18:48:00,955 - [*] loss:0.0541
2023-07-25 18:48:00,956 - [*] phase 0, testing
2023-07-25 18:48:00,964 - T:96	MAE	0.158620	RMSE	0.053872	MAPE	68.171465
2023-07-25 18:48:00,964 - 96	mae	0.1586	
2023-07-25 18:48:00,965 - 96	rmse	0.0539	
2023-07-25 18:48:00,965 - 96	mape	68.1715	
2023-07-25 18:48:01,820 - [*] loss:0.0565
2023-07-25 18:48:01,821 - [*] phase 0, testing
2023-07-25 18:48:01,830 - T:96	MAE	0.159293	RMSE	0.055638	MAPE	67.856526
2023-07-25 18:48:01,830 - 96	mae	0.1593	
2023-07-25 18:48:01,830 - 96	rmse	0.0556	
2023-07-25 18:48:01,830 - 96	mape	67.8565	
