2023-07-25 18:38:32,497 - logger name:exp/ECL-PatchTST2023-07-25-18:38:32.497049/ECL-PatchTST.log
2023-07-25 18:38:32,497 - params : {'conf': 'ECL-PatchTST', 'data_name': 'electricity', 'iteration': 1, 'load': True, 'build_graph': False, 'same_init': False, 'grad_norm': False, 'root_path': '', 'exp_path': 'exp/', 'val_test_mix': False, 'pred_len': 96, 'noise_rate': 0.01, 'device': device(type='cuda', index=1), 'test_model_path': '/Disk/fhyega/code/BASE/exp/ECL-PatchTST2023-07-23-21:59:42.618606/0/0.0379_epoch_25.pkl', 'idx': 213, 'aligner': 0, 'refiner': 0, 'refiner_block_num': 1, 'enhance': 0, 'seed': 2021, 'batch_size': 128, '/* model related args*/': '//', 'model_name': 'PatchTST', 'seq_len': 336, 'label_len': 48, 'features': 'M', 'target': 'OT', 'graph_input': False, 'individual': False, 'e_layers': 3, 'd_layers': 1, 'factor': 1, 'n_heads': 16, 'd_model': 128, 'd_ff': 256, 'dropout': 0.2, 'fc_dropout': 0.2, 'head_dropout': 0.0, 'patch_len': 16, 'stride': 8, 'des': 'Exp', 'padding_patch': 'end', 'revin': 1, 'affine': 0, 'subtract_last': 0, 'decomposition': 0, 'kernel_size': 25, 'output_attention': 0, 'embed_type': 0, 'activation': 'gelu', 'lradj': 'TST', 'distil': 1, 'linear_output': 1, 'pct_start': 0.2, '/*train related args*/': '//', 'train': True, 'epoch': 30, 'lr': 0.0001, 'loss': 'mse', '/*dataset related args*/': '//', 'save_data_path': 'data/ECL/', 'data_process': True, 'embed': 'timeF', 'freq': 'h', 'begin_phase': 0, 'end_phase': 1, 'phase_len': 26304, 'val_ratio': 0.33, 'graph_size': 321, '/*strategy related args*/': '//', 'strategy': 'incremental', 'increase': False, 'detect': False, 'detect_strategy': 'feature', 'replay': False, 'replay_strategy': 'random', 'repaly_num_samples': 100, 'ewc': False, 'ewc_strategy': 'ewc', 'ewc_lambda': 0.0001, 'subgraph_train': False, 'num_hops': 2, 'logname': 'ECL-PatchTST', 'time': '2023-07-25-18:38:32.497049', 'path': 'exp/ECL-PatchTST2023-07-25-18:38:32.497049', 'num_workers': 4, 'start_train': 0, 'train_mode': 'pretrain', 'get_score': False, 'use_cm': True, 'logger': <Logger __main__ (INFO)>}
2023-07-25 18:38:32,497 - [*] phase 0 start training
0 26304
18412 2632 5260 0.7 0.2 26304
train 17981
18412 2632 5260 0.7 0.2 26304
val 2537
18412 2632 5260 0.7 0.2 26304
test 5165
2023-07-25 18:38:44,691 - [*] phase 0 Dataset load!
2023-07-25 18:38:45,639 - [*] phase 0 Training start
18412 2632 5260 0.7 0.2 26304
train 17981
2023-07-25 18:38:52,005 - epoch:0, training loss:0.5138 validation loss:0.1373
18412 2632 5260 0.7 0.2 26304
train 17981
vs, vt 0.13730714991688728 0.15674355812370777
Updating learning rate to 1.0445766508069865e-05
Updating learning rate to 1.0445766508069865e-05
18412 2632 5260 0.7 0.2 26304
train 17981
vs, vt 0.08325107991695405 0.08365334328263999
2023-07-25 18:39:04,940 - epoch:1, training loss:0.3842 validation loss:0.0833
Updating learning rate to 2.805190328742299e-05
Updating learning rate to 2.805190328742299e-05
18412 2632 5260 0.7 0.2 26304
train 17981
vs, vt 0.06858317274600267 0.06849053297191858
2023-07-25 18:39:13,400 - epoch:2, training loss:0.2785 validation loss:0.0686
Updating learning rate to 5.208986672185724e-05
Updating learning rate to 5.208986672185724e-05
18412 2632 5260 0.7 0.2 26304
train 17981
vs, vt 0.06168871205300093 0.0615089800208807
2023-07-25 18:39:22,217 - epoch:3, training loss:0.2224 validation loss:0.0617
Updating learning rate to 7.610369432687743e-05
Updating learning rate to 7.610369432687743e-05
18412 2632 5260 0.7 0.2 26304
train 17981
vs, vt 0.058324181474745274 0.05903213163837791
2023-07-25 18:39:30,912 - epoch:4, training loss:0.1974 validation loss:0.0583
Updating learning rate to 9.364390586469177e-05
Updating learning rate to 9.364390586469177e-05
18412 2632 5260 0.7 0.2 26304
train 17981
vs, vt 0.05690377363935113 0.056795171741396186
2023-07-25 18:39:39,691 - epoch:5, training loss:0.1843 validation loss:0.0569
Updating learning rate to 9.999997814456623e-05
Updating learning rate to 9.999997814456623e-05
18412 2632 5260 0.7 0.2 26304
train 17981
vs, vt 0.05607279734686017 0.055556223075836894
2023-07-25 18:39:48,555 - epoch:6, training loss:0.1757 validation loss:0.0561
Updating learning rate to 9.956612105134122e-05
Updating learning rate to 9.956612105134122e-05
18412 2632 5260 0.7 0.2 26304
train 17981
vs, vt 0.054936562292277814 0.055465772096067664
2023-07-25 18:39:57,518 - epoch:7, training loss:0.1701 validation loss:0.0549
Updating learning rate to 9.828417730665822e-05
Updating learning rate to 9.828417730665822e-05
18412 2632 5260 0.7 0.2 26304
train 17981
vs, vt 0.055127179343253375 0.05508996034041047
2023-07-25 18:40:06,590 - epoch:8, training loss:0.1668 validation loss:0.0551
Updating learning rate to 9.617608132341072e-05
Updating learning rate to 9.617608132341072e-05
18412 2632 5260 0.7 0.2 26304
train 17981
vs, vt 0.05503358319401741 0.054890808649361134
2023-07-25 18:40:15,754 - epoch:9, training loss:0.1628 validation loss:0.0550
Updating learning rate to 9.327790320834669e-05
Updating learning rate to 9.327790320834669e-05
18412 2632 5260 0.7 0.2 26304
train 17981
vs, vt 0.054280330706387755 0.054437816701829435
2023-07-25 18:40:24,603 - epoch:10, training loss:0.1602 validation loss:0.0543
Updating learning rate to 8.963923159254168e-05
Updating learning rate to 8.963923159254168e-05
18412 2632 5260 0.7 0.2 26304
train 17981
vs, vt 0.053722731117159125 0.054334180895239115
2023-07-25 18:40:33,955 - epoch:11, training loss:0.1581 validation loss:0.0537
Updating learning rate to 8.532232515617246e-05
Updating learning rate to 8.532232515617246e-05
18412 2632 5260 0.7 0.2 26304
train 17981
vs, vt 0.0537700280547142 0.05424861880019307
2023-07-25 18:40:42,959 - epoch:12, training loss:0.1559 validation loss:0.0538
Updating learning rate to 8.04010473652379e-05
Updating learning rate to 8.04010473652379e-05
18412 2632 5260 0.7 0.2 26304
train 17981
vs, vt 0.05301289902999997 0.05346330534666777
2023-07-25 18:40:51,983 - epoch:13, training loss:0.1543 validation loss:0.0530
Updating learning rate to 7.495960264717686e-05
Updating learning rate to 7.495960264717686e-05
18412 2632 5260 0.7 0.2 26304
train 17981
vs, vt 0.052937619388103485 0.0539482219144702
2023-07-25 18:41:00,808 - epoch:14, training loss:0.1520 validation loss:0.0529
Updating learning rate to 6.909109562976884e-05
Updating learning rate to 6.909109562976884e-05
18412 2632 5260 0.7 0.2 26304
train 17981
vs, vt 0.0538530713878572 0.053353164531290534
2023-07-25 18:41:09,803 - epoch:15, training loss:0.1507 validation loss:0.0539
Updating learning rate to 6.289593809513925e-05
Updating learning rate to 6.289593809513925e-05
18412 2632 5260 0.7 0.2 26304
train 17981
vs, vt 0.05284200543537736 0.05317935114726424
2023-07-25 18:41:18,922 - epoch:16, training loss:0.1487 validation loss:0.0528
Updating learning rate to 5.6480130906327764e-05
Updating learning rate to 5.6480130906327764e-05
18412 2632 5260 0.7 0.2 26304
train 17981
vs, vt 0.05211385963484645 0.05239692628383637
2023-07-25 18:41:27,754 - epoch:17, training loss:0.1475 validation loss:0.0521
Updating learning rate to 4.995345030313274e-05
Updating learning rate to 4.995345030313274e-05
18412 2632 5260 0.7 0.2 26304
train 17981
vs, vt 0.05196328964084387 0.052290816232562064
2023-07-25 18:41:36,559 - epoch:18, training loss:0.1461 validation loss:0.0520
Updating learning rate to 4.3427569600212594e-05
Updating learning rate to 4.3427569600212594e-05
18412 2632 5260 0.7 0.2 26304
train 17981
vs, vt 0.052473938651382925 0.05252111498266458
2023-07-25 18:41:45,805 - epoch:19, training loss:0.1451 validation loss:0.0525
Updating learning rate to 3.70141484257102e-05
Updating learning rate to 3.70141484257102e-05
18412 2632 5260 0.7 0.2 26304
train 17981
vs, vt 0.05196417085826397 0.052164660021662715
2023-07-25 18:41:54,748 - epoch:20, training loss:0.1439 validation loss:0.0520
Updating learning rate to 3.0822922194057626e-05
Updating learning rate to 3.0822922194057626e-05
18412 2632 5260 0.7 0.2 26304
train 17981
vs, vt 0.05172002399340272 0.05175567092373967
2023-07-25 18:42:03,457 - epoch:21, training loss:0.1431 validation loss:0.0517
Updating learning rate to 2.4959824502610635e-05
Updating learning rate to 2.4959824502610635e-05
18412 2632 5260 0.7 0.2 26304
train 17981
vs, vt 0.0514905808493495 0.05161384185776115
2023-07-25 18:42:12,589 - epoch:22, training loss:0.1418 validation loss:0.0515
Updating learning rate to 1.9525174578427625e-05
Updating learning rate to 1.9525174578427625e-05
18412 2632 5260 0.7 0.2 26304
train 17981
vs, vt 0.051291136723011735 0.0513762941583991
2023-07-25 18:42:21,622 - epoch:23, training loss:0.1411 validation loss:0.0513
Updating learning rate to 1.4611960788481038e-05
Updating learning rate to 1.4611960788481038e-05
18412 2632 5260 0.7 0.2 26304
train 17981
vs, vt 0.05120556205511093 0.051384225580841304
2023-07-25 18:42:30,694 - epoch:24, training loss:0.1406 validation loss:0.0512
Updating learning rate to 1.0304249582917059e-05
Updating learning rate to 1.0304249582917059e-05
18412 2632 5260 0.7 0.2 26304
train 17981
vs, vt 0.05117272529751062 0.051228451263159516
2023-07-25 18:42:39,606 - epoch:25, training loss:0.1400 validation loss:0.0512
Updating learning rate to 6.675747094786052e-06
Updating learning rate to 6.675747094786052e-06
18412 2632 5260 0.7 0.2 26304
train 17981
vs, vt 0.0510169486515224 0.051146216318011285
2023-07-25 18:42:48,527 - epoch:26, training loss:0.1395 validation loss:0.0510
Updating learning rate to 3.7885380076709116e-06
Updating learning rate to 3.7885380076709116e-06
18412 2632 5260 0.7 0.2 26304
train 17981
vs, vt 0.05100806467235088 0.051136997807770965
2023-07-25 18:42:57,760 - epoch:27, training loss:0.1393 validation loss:0.0510
Updating learning rate to 1.6920232695377565e-06
Updating learning rate to 1.6920232695377565e-06
18412 2632 5260 0.7 0.2 26304
train 17981
vs, vt 0.05094288010150194 0.05103212241083384
2023-07-25 18:43:06,756 - epoch:28, training loss:0.1389 validation loss:0.0509
Updating learning rate to 4.220748288197363e-07
Updating learning rate to 4.220748288197363e-07
18412 2632 5260 0.7 0.2 26304
train 17981
vs, vt 0.05095920460298657 0.051049111783504485
2023-07-25 18:43:15,813 - epoch:29, training loss:0.1389 validation loss:0.0510
Updating learning rate to 4.218554337707414e-10
Updating learning rate to 4.218554337707414e-10
check exp/ECL-PatchTST2023-07-25-18:38:32.497049/0/0.0509_epoch_28.pkl  &  0.05103212241083384
2023-07-25 18:43:16,558 - [*] loss:0.0541
2023-07-25 18:43:16,560 - [*] phase 0, testing
2023-07-25 18:43:16,567 - T:96	MAE	0.158620	RMSE	0.053872	MAPE	68.171465
2023-07-25 18:43:16,568 - 96	mae	0.1586	
2023-07-25 18:43:16,568 - 96	rmse	0.0539	
2023-07-25 18:43:16,568 - 96	mape	68.1715	
2023-07-25 18:43:17,299 - [*] loss:0.0546
2023-07-25 18:43:17,301 - [*] phase 0, testing
2023-07-25 18:43:17,308 - T:96	MAE	0.158814	RMSE	0.054209	MAPE	68.477058
2023-07-25 18:43:17,308 - 96	mae	0.1588	
2023-07-25 18:43:17,309 - 96	rmse	0.0542	
2023-07-25 18:43:17,309 - 96	mape	68.4771	
