2023-07-25 18:28:05,152 - logger name:exp/ECL-PatchTST2023-07-25-18:28:05.151972/ECL-PatchTST.log
2023-07-25 18:28:05,152 - params : {'conf': 'ECL-PatchTST', 'data_name': 'electricity', 'iteration': 1, 'load': True, 'build_graph': False, 'same_init': False, 'grad_norm': False, 'root_path': '', 'exp_path': 'exp/', 'val_test_mix': False, 'pred_len': 96, 'noise_rate': 0.2, 'device': device(type='cuda', index=1), 'test_model_path': '/Disk/fhyega/code/BASE/exp/ECL-PatchTST2023-07-23-21:59:42.618606/0/0.0379_epoch_25.pkl', 'idx': 89, 'aligner': 0, 'refiner': 0, 'refiner_block_num': 1, 'enhance': 0, 'seed': 2021, 'batch_size': 128, '/* model related args*/': '//', 'model_name': 'PatchTST', 'seq_len': 336, 'label_len': 48, 'features': 'M', 'target': 'OT', 'graph_input': False, 'individual': False, 'e_layers': 3, 'd_layers': 1, 'factor': 1, 'n_heads': 16, 'd_model': 128, 'd_ff': 256, 'dropout': 0.2, 'fc_dropout': 0.2, 'head_dropout': 0.0, 'patch_len': 16, 'stride': 8, 'des': 'Exp', 'padding_patch': 'end', 'revin': 1, 'affine': 0, 'subtract_last': 0, 'decomposition': 0, 'kernel_size': 25, 'output_attention': 0, 'embed_type': 0, 'activation': 'gelu', 'lradj': 'TST', 'distil': 1, 'linear_output': 1, 'pct_start': 0.2, '/*train related args*/': '//', 'train': True, 'epoch': 30, 'lr': 0.0001, 'loss': 'mse', '/*dataset related args*/': '//', 'save_data_path': 'data/ECL/', 'data_process': True, 'embed': 'timeF', 'freq': 'h', 'begin_phase': 0, 'end_phase': 1, 'phase_len': 26304, 'val_ratio': 0.33, 'graph_size': 321, '/*strategy related args*/': '//', 'strategy': 'incremental', 'increase': False, 'detect': False, 'detect_strategy': 'feature', 'replay': False, 'replay_strategy': 'random', 'repaly_num_samples': 100, 'ewc': False, 'ewc_strategy': 'ewc', 'ewc_lambda': 0.0001, 'subgraph_train': False, 'num_hops': 2, 'logname': 'ECL-PatchTST', 'time': '2023-07-25-18:28:05.151972', 'path': 'exp/ECL-PatchTST2023-07-25-18:28:05.151972', 'num_workers': 4, 'start_train': 0, 'train_mode': 'pretrain', 'get_score': False, 'use_cm': True, 'logger': <Logger __main__ (INFO)>}
2023-07-25 18:28:05,152 - [*] phase 0 start training
0 26304
18412 2632 5260 0.7 0.2 26304
train 17981
18412 2632 5260 0.7 0.2 26304
val 2537
18412 2632 5260 0.7 0.2 26304
test 5165
2023-07-25 18:28:18,597 - [*] phase 0 Dataset load!
2023-07-25 18:28:19,595 - [*] phase 0 Training start
18412 2632 5260 0.7 0.2 26304
train 17981
2023-07-25 18:28:26,417 - epoch:0, training loss:0.4970 validation loss:0.1071
18412 2632 5260 0.7 0.2 26304
train 17981
vs, vt 0.10705327782779932 0.10981801841408015
Updating learning rate to 1.0445766508069865e-05
Updating learning rate to 1.0445766508069865e-05
18412 2632 5260 0.7 0.2 26304
train 17981
vs, vt 0.07137836460024119 0.07358733378350735
2023-07-25 18:28:39,927 - epoch:1, training loss:0.2990 validation loss:0.0714
Updating learning rate to 2.805190328742299e-05
Updating learning rate to 2.805190328742299e-05
18412 2632 5260 0.7 0.2 26304
train 17981
vs, vt 0.05981923891231418 0.06264286935329437
2023-07-25 18:28:48,651 - epoch:2, training loss:0.2111 validation loss:0.0598
Updating learning rate to 5.208986672185724e-05
Updating learning rate to 5.208986672185724e-05
18412 2632 5260 0.7 0.2 26304
train 17981
vs, vt 0.05291060702875257 0.055848382599651816
2023-07-25 18:29:07,265 - epoch:3, training loss:0.1630 validation loss:0.0529
Updating learning rate to 7.610369432687743e-05
Updating learning rate to 7.610369432687743e-05
18412 2632 5260 0.7 0.2 26304
train 17981
vs, vt 0.049955515377223494 0.05205487804487348
2023-07-25 18:29:16,559 - epoch:4, training loss:0.1411 validation loss:0.0500
Updating learning rate to 9.364390586469177e-05
Updating learning rate to 9.364390586469177e-05
18412 2632 5260 0.7 0.2 26304
train 17981
vs, vt 0.04799925191327929 0.04961097957566381
2023-07-25 18:29:25,150 - epoch:5, training loss:0.1304 validation loss:0.0480
Updating learning rate to 9.999997814456623e-05
Updating learning rate to 9.999997814456623e-05
18412 2632 5260 0.7 0.2 26304
train 17981
vs, vt 0.046691177599132064 0.048092499002814294
2023-07-25 18:29:34,322 - epoch:6, training loss:0.1237 validation loss:0.0467
Updating learning rate to 9.956612105134122e-05
Updating learning rate to 9.956612105134122e-05
18412 2632 5260 0.7 0.2 26304
train 17981
vs, vt 0.04576136991381645 0.0467948216944933
2023-07-25 18:29:43,176 - epoch:7, training loss:0.1190 validation loss:0.0458
Updating learning rate to 9.828417730665822e-05
Updating learning rate to 9.828417730665822e-05
18412 2632 5260 0.7 0.2 26304
train 17981
vs, vt 0.04577672211453319 0.045617653895169495
2023-07-25 18:29:52,157 - epoch:8, training loss:0.1155 validation loss:0.0458
Updating learning rate to 9.617608132341072e-05
Updating learning rate to 9.617608132341072e-05
18412 2632 5260 0.7 0.2 26304
train 17981
vs, vt 0.04499707999639213 0.04516620794311166
2023-07-25 18:30:14,083 - epoch:9, training loss:0.1121 validation loss:0.0450
Updating learning rate to 9.327790320834669e-05
Updating learning rate to 9.327790320834669e-05
18412 2632 5260 0.7 0.2 26304
train 17981
vs, vt 0.044870890723541376 0.044920869544148444
2023-07-25 18:30:30,956 - epoch:10, training loss:0.1099 validation loss:0.0449
Updating learning rate to 8.963923159254168e-05
Updating learning rate to 8.963923159254168e-05
18412 2632 5260 0.7 0.2 26304
train 17981
vs, vt 0.04470674721524119 0.04392030723392963
2023-07-25 18:30:42,060 - epoch:11, training loss:0.1069 validation loss:0.0447
Updating learning rate to 8.532232515617246e-05
Updating learning rate to 8.532232515617246e-05
18412 2632 5260 0.7 0.2 26304
train 17981
vs, vt 0.04380595935508609 0.04344296269118786
2023-07-25 18:30:50,998 - epoch:12, training loss:0.1051 validation loss:0.0438
Updating learning rate to 8.04010473652379e-05
Updating learning rate to 8.04010473652379e-05
18412 2632 5260 0.7 0.2 26304
train 17981
vs, vt 0.044034318532794714 0.04325210321694613
2023-07-25 18:31:00,983 - epoch:13, training loss:0.1035 validation loss:0.0440
Updating learning rate to 7.495960264717686e-05
Updating learning rate to 7.495960264717686e-05
18412 2632 5260 0.7 0.2 26304
train 17981
vs, vt 0.04407073631882667 0.042773519083857535
2023-07-25 18:31:09,910 - epoch:14, training loss:0.1019 validation loss:0.0441
Updating learning rate to 6.909109562976884e-05
Updating learning rate to 6.909109562976884e-05
18412 2632 5260 0.7 0.2 26304
train 17981
vs, vt 0.04358366467058659 0.042212895443663
2023-07-25 18:31:18,761 - epoch:15, training loss:0.1006 validation loss:0.0436
Updating learning rate to 6.289593809513925e-05
Updating learning rate to 6.289593809513925e-05
18412 2632 5260 0.7 0.2 26304
train 17981
vs, vt 0.04257554593496025 0.042261182051151994
2023-07-25 18:31:28,202 - epoch:16, training loss:0.0992 validation loss:0.0426
Updating learning rate to 5.6480130906327764e-05
Updating learning rate to 5.6480130906327764e-05
18412 2632 5260 0.7 0.2 26304
train 17981
vs, vt 0.042583007784560326 0.04161798437125981
2023-07-25 18:31:46,586 - epoch:17, training loss:0.0975 validation loss:0.0426
Updating learning rate to 4.995345030313274e-05
Updating learning rate to 4.995345030313274e-05
18412 2632 5260 0.7 0.2 26304
train 17981
vs, vt 0.042491271579638126 0.04168782397173345
2023-07-25 18:31:58,251 - epoch:18, training loss:0.0964 validation loss:0.0425
Updating learning rate to 4.3427569600212594e-05
Updating learning rate to 4.3427569600212594e-05
18412 2632 5260 0.7 0.2 26304
train 17981
vs, vt 0.043036457849666476 0.04097200483083725
2023-07-25 18:32:07,404 - epoch:19, training loss:0.0956 validation loss:0.0430
Updating learning rate to 3.70141484257102e-05
Updating learning rate to 3.70141484257102e-05
18412 2632 5260 0.7 0.2 26304
train 17981
vs, vt 0.04180676103569567 0.0410106142051518
2023-07-25 18:32:17,478 - epoch:20, training loss:0.0947 validation loss:0.0418
Updating learning rate to 3.0822922194057626e-05
Updating learning rate to 3.0822922194057626e-05
18412 2632 5260 0.7 0.2 26304
train 17981
vs, vt 0.041715164622291925 0.04069526959210634
2023-07-25 18:32:27,057 - epoch:21, training loss:0.0935 validation loss:0.0417
Updating learning rate to 2.4959824502610635e-05
Updating learning rate to 2.4959824502610635e-05
18412 2632 5260 0.7 0.2 26304
train 17981
vs, vt 0.04146181833930314 0.04048877512104809
2023-07-25 18:32:36,061 - epoch:22, training loss:0.0929 validation loss:0.0415
Updating learning rate to 1.9525174578427625e-05
Updating learning rate to 1.9525174578427625e-05
18412 2632 5260 0.7 0.2 26304
train 17981
vs, vt 0.041376835014671084 0.04032299187965691
2023-07-25 18:32:45,342 - epoch:23, training loss:0.0924 validation loss:0.0414
Updating learning rate to 1.4611960788481038e-05
Updating learning rate to 1.4611960788481038e-05
18412 2632 5260 0.7 0.2 26304
train 17981
vs, vt 0.04151321537792683 0.04019708228297532
2023-07-25 18:32:54,620 - epoch:24, training loss:0.0916 validation loss:0.0415
Updating learning rate to 1.0304249582917059e-05
Updating learning rate to 1.0304249582917059e-05
18412 2632 5260 0.7 0.2 26304
train 17981
vs, vt 0.041663006879389286 0.04015127499587834
2023-07-25 18:33:03,902 - epoch:25, training loss:0.0915 validation loss:0.0417
Updating learning rate to 6.675747094786052e-06
Updating learning rate to 6.675747094786052e-06
18412 2632 5260 0.7 0.2 26304
train 17981
vs, vt 0.041273620631545785 0.04002627190202475
2023-07-25 18:33:12,828 - epoch:26, training loss:0.0911 validation loss:0.0413
Updating learning rate to 3.7885380076709116e-06
Updating learning rate to 3.7885380076709116e-06
18412 2632 5260 0.7 0.2 26304
train 17981
vs, vt 0.04128609332256019 0.0399851081892848
2023-07-25 18:33:21,744 - epoch:27, training loss:0.0909 validation loss:0.0413
Updating learning rate to 1.6920232695377565e-06
Updating learning rate to 1.6920232695377565e-06
18412 2632 5260 0.7 0.2 26304
train 17981
vs, vt 0.04114935537800193 0.03995695859193802
2023-07-25 18:33:30,859 - epoch:28, training loss:0.0907 validation loss:0.0411
Updating learning rate to 4.220748288197363e-07
Updating learning rate to 4.220748288197363e-07
18412 2632 5260 0.7 0.2 26304
train 17981
vs, vt 0.04122388130053878 0.03993703182786703
2023-07-25 18:33:40,051 - epoch:29, training loss:0.0906 validation loss:0.0412
Updating learning rate to 4.218554337707414e-10
Updating learning rate to 4.218554337707414e-10
check exp/ECL-PatchTST2023-07-25-18:28:05.151972/0/0.0411_epoch_28.pkl  &  0.03993703182786703
2023-07-25 18:33:40,682 - [*] loss:0.0819
2023-07-25 18:33:40,684 - [*] phase 0, testing
2023-07-25 18:33:40,692 - T:96	MAE	0.181609	RMSE	0.082443	MAPE	45.909268
2023-07-25 18:33:40,693 - 96	mae	0.1816	
2023-07-25 18:33:40,693 - 96	rmse	0.0824	
2023-07-25 18:33:40,693 - 96	mape	45.9093	
2023-07-25 18:33:41,409 - [*] loss:0.0819
2023-07-25 18:33:41,410 - [*] phase 0, testing
2023-07-25 18:33:41,418 - T:96	MAE	0.179017	RMSE	0.082480	MAPE	44.636154
2023-07-25 18:33:41,418 - 96	mae	0.1790	
2023-07-25 18:33:41,418 - 96	rmse	0.0825	
2023-07-25 18:33:41,418 - 96	mape	44.6362	
