2023-07-25 18:13:29,867 - logger name:exp/ECL-PatchTST2023-07-25-18:13:29.866776/ECL-PatchTST.log
2023-07-25 18:13:29,867 - params : {'conf': 'ECL-PatchTST', 'data_name': 'electricity', 'iteration': 1, 'load': True, 'build_graph': False, 'same_init': False, 'grad_norm': False, 'root_path': '', 'exp_path': 'exp/', 'val_test_mix': False, 'pred_len': 96, 'noise_rate': 0.01, 'device': device(type='cuda', index=1), 'test_model_path': '/Disk/fhyega/code/BASE/exp/ECL-PatchTST2023-07-23-21:59:42.618606/0/0.0379_epoch_25.pkl', 'idx': 89, 'aligner': 0, 'refiner': 0, 'refiner_block_num': 1, 'enhance': 0, 'seed': 2021, 'batch_size': 128, '/* model related args*/': '//', 'model_name': 'PatchTST', 'seq_len': 336, 'label_len': 48, 'features': 'M', 'target': 'OT', 'graph_input': False, 'individual': False, 'e_layers': 3, 'd_layers': 1, 'factor': 1, 'n_heads': 16, 'd_model': 128, 'd_ff': 256, 'dropout': 0.2, 'fc_dropout': 0.2, 'head_dropout': 0.0, 'patch_len': 16, 'stride': 8, 'des': 'Exp', 'padding_patch': 'end', 'revin': 1, 'affine': 0, 'subtract_last': 0, 'decomposition': 0, 'kernel_size': 25, 'output_attention': 0, 'embed_type': 0, 'activation': 'gelu', 'lradj': 'TST', 'distil': 1, 'linear_output': 1, 'pct_start': 0.2, '/*train related args*/': '//', 'train': True, 'epoch': 30, 'lr': 0.0001, 'loss': 'mse', '/*dataset related args*/': '//', 'save_data_path': 'data/ECL/', 'data_process': True, 'embed': 'timeF', 'freq': 'h', 'begin_phase': 0, 'end_phase': 1, 'phase_len': 26304, 'val_ratio': 0.33, 'graph_size': 321, '/*strategy related args*/': '//', 'strategy': 'incremental', 'increase': False, 'detect': False, 'detect_strategy': 'feature', 'replay': False, 'replay_strategy': 'random', 'repaly_num_samples': 100, 'ewc': False, 'ewc_strategy': 'ewc', 'ewc_lambda': 0.0001, 'subgraph_train': False, 'num_hops': 2, 'logname': 'ECL-PatchTST', 'time': '2023-07-25-18:13:29.866776', 'path': 'exp/ECL-PatchTST2023-07-25-18:13:29.866776', 'num_workers': 4, 'start_train': 0, 'train_mode': 'pretrain', 'get_score': False, 'use_cm': True, 'logger': <Logger __main__ (INFO)>}
2023-07-25 18:13:29,867 - [*] phase 0 start training
0 26304
18412 2632 5260 0.7 0.2 26304
train 17981
18412 2632 5260 0.7 0.2 26304
val 2537
18412 2632 5260 0.7 0.2 26304
test 5165
2023-07-25 18:13:46,668 - [*] phase 0 Dataset load!
2023-07-25 18:13:47,613 - [*] phase 0 Training start
18412 2632 5260 0.7 0.2 26304
train 17981
2023-07-25 18:13:54,096 - epoch:0, training loss:0.4970 validation loss:0.1071
18412 2632 5260 0.7 0.2 26304
train 17981
vs, vt 0.10705327782779932 0.1117343157529831
Updating learning rate to 1.0445766508069865e-05
Updating learning rate to 1.0445766508069865e-05
18412 2632 5260 0.7 0.2 26304
train 17981
vs, vt 0.07137836460024119 0.07313082022592425
2023-07-25 18:14:06,949 - epoch:1, training loss:0.3757 validation loss:0.0714
Updating learning rate to 2.805190328742299e-05
Updating learning rate to 2.805190328742299e-05
18412 2632 5260 0.7 0.2 26304
train 17981
vs, vt 0.05981923891231418 0.060251193959265946
2023-07-25 18:14:15,365 - epoch:2, training loss:0.2679 validation loss:0.0598
Updating learning rate to 5.208986672185724e-05
Updating learning rate to 5.208986672185724e-05
18412 2632 5260 0.7 0.2 26304
train 17981
vs, vt 0.05291060702875257 0.05311042778193951
2023-07-25 18:14:23,411 - epoch:3, training loss:0.2092 validation loss:0.0529
Updating learning rate to 7.610369432687743e-05
Updating learning rate to 7.610369432687743e-05
18412 2632 5260 0.7 0.2 26304
train 17981
vs, vt 0.049955515377223494 0.04971521850675344
2023-07-25 18:14:31,755 - epoch:4, training loss:0.1822 validation loss:0.0500
Updating learning rate to 9.364390586469177e-05
Updating learning rate to 9.364390586469177e-05
18412 2632 5260 0.7 0.2 26304
train 17981
vs, vt 0.04799925191327929 0.047542689647525546
2023-07-25 18:14:39,836 - epoch:5, training loss:0.1689 validation loss:0.0480
Updating learning rate to 9.999997814456623e-05
Updating learning rate to 9.999997814456623e-05
18412 2632 5260 0.7 0.2 26304
train 17981
vs, vt 0.046691177599132064 0.04649772932752967
2023-07-25 18:14:48,082 - epoch:6, training loss:0.1609 validation loss:0.0467
Updating learning rate to 9.956612105134122e-05
Updating learning rate to 9.956612105134122e-05
18412 2632 5260 0.7 0.2 26304
train 17981
vs, vt 0.04576136991381645 0.0452979669906199
2023-07-25 18:14:56,777 - epoch:7, training loss:0.1551 validation loss:0.0458
Updating learning rate to 9.828417730665822e-05
Updating learning rate to 9.828417730665822e-05
18412 2632 5260 0.7 0.2 26304
train 17981
vs, vt 0.04577672211453319 0.04480025563389063
2023-07-25 18:15:05,068 - epoch:8, training loss:0.1514 validation loss:0.0458
Updating learning rate to 9.617608132341072e-05
Updating learning rate to 9.617608132341072e-05
18412 2632 5260 0.7 0.2 26304
train 17981
vs, vt 0.04499707999639213 0.04429913307540119
2023-07-25 18:15:13,618 - epoch:9, training loss:0.1471 validation loss:0.0450
Updating learning rate to 9.327790320834669e-05
Updating learning rate to 9.327790320834669e-05
18412 2632 5260 0.7 0.2 26304
train 17981
vs, vt 0.044870890723541376 0.04393608369864523
2023-07-25 18:15:22,092 - epoch:10, training loss:0.1444 validation loss:0.0449
Updating learning rate to 8.963923159254168e-05
Updating learning rate to 8.963923159254168e-05
18412 2632 5260 0.7 0.2 26304
train 17981
vs, vt 0.04470674721524119 0.04336195345968008
2023-07-25 18:15:31,179 - epoch:11, training loss:0.1410 validation loss:0.0447
Updating learning rate to 8.532232515617246e-05
Updating learning rate to 8.532232515617246e-05
18412 2632 5260 0.7 0.2 26304
train 17981
vs, vt 0.04380595935508609 0.043491731444373724
2023-07-25 18:15:39,771 - epoch:12, training loss:0.1389 validation loss:0.0438
Updating learning rate to 8.04010473652379e-05
Updating learning rate to 8.04010473652379e-05
18412 2632 5260 0.7 0.2 26304
train 17981
vs, vt 0.044034318532794714 0.04283400396816432
2023-07-25 18:15:48,108 - epoch:13, training loss:0.1371 validation loss:0.0440
Updating learning rate to 7.495960264717686e-05
Updating learning rate to 7.495960264717686e-05
18412 2632 5260 0.7 0.2 26304
train 17981
vs, vt 0.04407073631882667 0.0428559482563287
2023-07-25 18:15:56,797 - epoch:14, training loss:0.1353 validation loss:0.0441
Updating learning rate to 6.909109562976884e-05
Updating learning rate to 6.909109562976884e-05
18412 2632 5260 0.7 0.2 26304
train 17981
vs, vt 0.04358366467058659 0.04324095845222473
2023-07-25 18:16:05,822 - epoch:15, training loss:0.1336 validation loss:0.0436
Updating learning rate to 6.289593809513925e-05
Updating learning rate to 6.289593809513925e-05
18412 2632 5260 0.7 0.2 26304
train 17981
vs, vt 0.04257554593496025 0.04136427463963628
2023-07-25 18:16:14,855 - epoch:16, training loss:0.1319 validation loss:0.0426
Updating learning rate to 5.6480130906327764e-05
Updating learning rate to 5.6480130906327764e-05
18412 2632 5260 0.7 0.2 26304
train 17981
vs, vt 0.042583007784560326 0.041604939941316844
2023-07-25 18:16:23,367 - epoch:17, training loss:0.1302 validation loss:0.0426
Updating learning rate to 4.995345030313274e-05
Updating learning rate to 4.995345030313274e-05
18412 2632 5260 0.7 0.2 26304
train 17981
vs, vt 0.042491271579638126 0.04152447883971035
2023-07-25 18:16:32,146 - epoch:18, training loss:0.1289 validation loss:0.0425
Updating learning rate to 4.3427569600212594e-05
Updating learning rate to 4.3427569600212594e-05
18412 2632 5260 0.7 0.2 26304
train 17981
vs, vt 0.043036457849666476 0.04211813420988619
2023-07-25 18:16:40,783 - epoch:19, training loss:0.1278 validation loss:0.0430
Updating learning rate to 3.70141484257102e-05
Updating learning rate to 3.70141484257102e-05
18412 2632 5260 0.7 0.2 26304
train 17981
vs, vt 0.04180676103569567 0.04099816563539207
2023-07-25 18:16:49,603 - epoch:20, training loss:0.1267 validation loss:0.0418
Updating learning rate to 3.0822922194057626e-05
Updating learning rate to 3.0822922194057626e-05
18412 2632 5260 0.7 0.2 26304
train 17981
vs, vt 0.041715164622291925 0.04070626995526254
2023-07-25 18:16:58,718 - epoch:21, training loss:0.1252 validation loss:0.0417
Updating learning rate to 2.4959824502610635e-05
Updating learning rate to 2.4959824502610635e-05
18412 2632 5260 0.7 0.2 26304
train 17981
vs, vt 0.04146181833930314 0.04051920548081398
2023-07-25 18:17:07,695 - epoch:22, training loss:0.1247 validation loss:0.0415
Updating learning rate to 1.9525174578427625e-05
Updating learning rate to 1.9525174578427625e-05
18412 2632 5260 0.7 0.2 26304
train 17981
vs, vt 0.041376835014671084 0.0405120185110718
2023-07-25 18:17:16,522 - epoch:23, training loss:0.1239 validation loss:0.0414
Updating learning rate to 1.4611960788481038e-05
Updating learning rate to 1.4611960788481038e-05
18412 2632 5260 0.7 0.2 26304
train 17981
vs, vt 0.04151321537792683 0.040529414219781755
2023-07-25 18:17:25,291 - epoch:24, training loss:0.1229 validation loss:0.0415
Updating learning rate to 1.0304249582917059e-05
Updating learning rate to 1.0304249582917059e-05
18412 2632 5260 0.7 0.2 26304
train 17981
vs, vt 0.041663006879389286 0.04071425660513341
2023-07-25 18:17:34,105 - epoch:25, training loss:0.1227 validation loss:0.0417
Updating learning rate to 6.675747094786052e-06
Updating learning rate to 6.675747094786052e-06
18412 2632 5260 0.7 0.2 26304
train 17981
vs, vt 0.041273620631545785 0.04023894025012851
2023-07-25 18:17:42,984 - epoch:26, training loss:0.1224 validation loss:0.0413
Updating learning rate to 3.7885380076709116e-06
Updating learning rate to 3.7885380076709116e-06
18412 2632 5260 0.7 0.2 26304
train 17981
vs, vt 0.04128609332256019 0.04030115520581603
2023-07-25 18:17:51,685 - epoch:27, training loss:0.1221 validation loss:0.0413
Updating learning rate to 1.6920232695377565e-06
Updating learning rate to 1.6920232695377565e-06
18412 2632 5260 0.7 0.2 26304
train 17981
vs, vt 0.04114935537800193 0.04021487617865205
2023-07-25 18:18:02,236 - epoch:28, training loss:0.1218 validation loss:0.0411
Updating learning rate to 4.220748288197363e-07
Updating learning rate to 4.220748288197363e-07
18412 2632 5260 0.7 0.2 26304
train 17981
vs, vt 0.04122388130053878 0.04024885557591915
2023-07-25 18:18:11,542 - epoch:29, training loss:0.1216 validation loss:0.0412
Updating learning rate to 4.218554337707414e-10
Updating learning rate to 4.218554337707414e-10
check exp/ECL-PatchTST2023-07-25-18:13:29.866776/0/0.0411_epoch_28.pkl  &  0.04021487617865205
2023-07-25 18:18:12,170 - [*] loss:0.0819
2023-07-25 18:18:12,171 - [*] phase 0, testing
2023-07-25 18:18:12,180 - T:96	MAE	0.181609	RMSE	0.082443	MAPE	45.909268
2023-07-25 18:18:12,181 - 96	mae	0.1816	
2023-07-25 18:18:12,181 - 96	rmse	0.0824	
2023-07-25 18:18:12,181 - 96	mape	45.9093	
2023-07-25 18:18:12,769 - [*] loss:0.0813
2023-07-25 18:18:12,770 - [*] phase 0, testing
2023-07-25 18:18:12,778 - T:96	MAE	0.180149	RMSE	0.081784	MAPE	45.434779
2023-07-25 18:18:12,778 - 96	mae	0.1801	
2023-07-25 18:18:12,778 - 96	rmse	0.0818	
2023-07-25 18:18:12,778 - 96	mape	45.4348	
