2023-07-25 18:52:47,341 - logger name:exp/ECL-PatchTST2023-07-25-18:52:47.341096/ECL-PatchTST.log
2023-07-25 18:52:47,341 - params : {'conf': 'ECL-PatchTST', 'data_name': 'electricity', 'iteration': 1, 'load': True, 'build_graph': False, 'same_init': False, 'grad_norm': False, 'root_path': '', 'exp_path': 'exp/', 'val_test_mix': False, 'pred_len': 96, 'noise_rate': 0.01, 'device': device(type='cuda', index=1), 'test_model_path': '/Disk/fhyega/code/BASE/exp/ECL-PatchTST2023-07-23-21:59:42.618606/0/0.0379_epoch_25.pkl', 'idx': 213, 'aligner': 0, 'refiner': 0, 'refiner_block_num': 1, 'enhance': 0, 'seed': 2022, 'batch_size': 128, '/* model related args*/': '//', 'model_name': 'PatchTST', 'seq_len': 336, 'label_len': 48, 'features': 'M', 'target': 'OT', 'graph_input': False, 'individual': False, 'e_layers': 3, 'd_layers': 1, 'factor': 1, 'n_heads': 16, 'd_model': 128, 'd_ff': 256, 'dropout': 0.2, 'fc_dropout': 0.2, 'head_dropout': 0.0, 'patch_len': 16, 'stride': 8, 'des': 'Exp', 'padding_patch': 'end', 'revin': 1, 'affine': 0, 'subtract_last': 0, 'decomposition': 0, 'kernel_size': 25, 'output_attention': 0, 'embed_type': 0, 'activation': 'gelu', 'lradj': 'TST', 'distil': 1, 'linear_output': 1, 'pct_start': 0.2, '/*train related args*/': '//', 'train': True, 'epoch': 30, 'lr': 0.0001, 'loss': 'mse', '/*dataset related args*/': '//', 'save_data_path': 'data/ECL/', 'data_process': True, 'embed': 'timeF', 'freq': 'h', 'begin_phase': 0, 'end_phase': 1, 'phase_len': 26304, 'val_ratio': 0.33, 'graph_size': 321, '/*strategy related args*/': '//', 'strategy': 'incremental', 'increase': False, 'detect': False, 'detect_strategy': 'feature', 'replay': False, 'replay_strategy': 'random', 'repaly_num_samples': 100, 'ewc': False, 'ewc_strategy': 'ewc', 'ewc_lambda': 0.0001, 'subgraph_train': False, 'num_hops': 2, 'logname': 'ECL-PatchTST', 'time': '2023-07-25-18:52:47.341096', 'path': 'exp/ECL-PatchTST2023-07-25-18:52:47.341096', 'num_workers': 4, 'start_train': 0, 'train_mode': 'pretrain', 'get_score': False, 'use_cm': True, 'logger': <Logger __main__ (INFO)>}
2023-07-25 18:52:47,341 - [*] phase 0 start training
0 26304
18412 2632 5260 0.7 0.2 26304
train 17981
18412 2632 5260 0.7 0.2 26304
val 2537
18412 2632 5260 0.7 0.2 26304
test 5165
2023-07-25 18:52:59,565 - [*] phase 0 Dataset load!
2023-07-25 18:53:00,510 - [*] phase 0 Training start
18412 2632 5260 0.7 0.2 26304
train 17981
2023-07-25 18:53:06,763 - epoch:0, training loss:0.5384 validation loss:0.1528
18412 2632 5260 0.7 0.2 26304
train 17981
vs, vt 0.15283716544508935 0.15157334879040718
Updating learning rate to 1.0445766508069865e-05
Updating learning rate to 1.0445766508069865e-05
18412 2632 5260 0.7 0.2 26304
train 17981
vs, vt 0.08403832241892814 0.08514737822115422
2023-07-25 18:53:19,558 - epoch:1, training loss:0.3816 validation loss:0.0840
Updating learning rate to 2.805190328742299e-05
Updating learning rate to 2.805190328742299e-05
18412 2632 5260 0.7 0.2 26304
train 17981
vs, vt 0.0680882140994072 0.06878785882145166
2023-07-25 18:53:28,036 - epoch:2, training loss:0.2773 validation loss:0.0681
Updating learning rate to 5.208986672185724e-05
Updating learning rate to 5.208986672185724e-05
18412 2632 5260 0.7 0.2 26304
train 17981
vs, vt 0.06194999534636736 0.06263416782021522
2023-07-25 18:53:36,621 - epoch:3, training loss:0.2224 validation loss:0.0619
Updating learning rate to 7.610369432687743e-05
Updating learning rate to 7.610369432687743e-05
18412 2632 5260 0.7 0.2 26304
train 17981
vs, vt 0.05890661394223571 0.05866482080891729
2023-07-25 18:53:45,664 - epoch:4, training loss:0.1972 validation loss:0.0589
Updating learning rate to 9.364390586469177e-05
Updating learning rate to 9.364390586469177e-05
18412 2632 5260 0.7 0.2 26304
train 17981
vs, vt 0.05734682576730847 0.05685666427016258
2023-07-25 18:53:54,526 - epoch:5, training loss:0.1839 validation loss:0.0573
Updating learning rate to 9.999997814456623e-05
Updating learning rate to 9.999997814456623e-05
18412 2632 5260 0.7 0.2 26304
train 17981
vs, vt 0.05565137444064021 0.05517669729888439
2023-07-25 18:54:03,113 - epoch:6, training loss:0.1754 validation loss:0.0557
Updating learning rate to 9.956612105134122e-05
Updating learning rate to 9.956612105134122e-05
18412 2632 5260 0.7 0.2 26304
train 17981
vs, vt 0.05601246533915401 0.05498195914551616
2023-07-25 18:54:11,862 - epoch:7, training loss:0.1709 validation loss:0.0560
Updating learning rate to 9.828417730665822e-05
Updating learning rate to 9.828417730665822e-05
18412 2632 5260 0.7 0.2 26304
train 17981
vs, vt 0.05494259539991617 0.05534842396155
2023-07-25 18:54:20,643 - epoch:8, training loss:0.1647 validation loss:0.0549
Updating learning rate to 9.617608132341072e-05
Updating learning rate to 9.617608132341072e-05
18412 2632 5260 0.7 0.2 26304
train 17981
vs, vt 0.05607412457466125 0.05494762370362878
2023-07-25 18:54:29,407 - epoch:9, training loss:0.1631 validation loss:0.0561
Updating learning rate to 9.327790320834669e-05
Updating learning rate to 9.327790320834669e-05
18412 2632 5260 0.7 0.2 26304
train 17981
vs, vt 0.05370713388547301 0.0537454348988831
2023-07-25 18:54:38,306 - epoch:10, training loss:0.1601 validation loss:0.0537
Updating learning rate to 8.963923159254168e-05
Updating learning rate to 8.963923159254168e-05
18412 2632 5260 0.7 0.2 26304
train 17981
vs, vt 0.05405789455398917 0.053768228739500046
2023-07-25 18:54:47,001 - epoch:11, training loss:0.1576 validation loss:0.0541
Updating learning rate to 8.532232515617246e-05
Updating learning rate to 8.532232515617246e-05
18412 2632 5260 0.7 0.2 26304
train 17981
vs, vt 0.05356063405051827 0.0535140223801136
2023-07-25 18:54:55,667 - epoch:12, training loss:0.1553 validation loss:0.0536
Updating learning rate to 8.04010473652379e-05
Updating learning rate to 8.04010473652379e-05
18412 2632 5260 0.7 0.2 26304
train 17981
vs, vt 0.053609552513808015 0.053468195535242555
2023-07-25 18:55:04,594 - epoch:13, training loss:0.1530 validation loss:0.0536
Updating learning rate to 7.495960264717686e-05
Updating learning rate to 7.495960264717686e-05
18412 2632 5260 0.7 0.2 26304
train 17981
vs, vt 0.053136977925896646 0.05313178040087223
2023-07-25 18:55:13,447 - epoch:14, training loss:0.1514 validation loss:0.0531
Updating learning rate to 6.909109562976884e-05
Updating learning rate to 6.909109562976884e-05
18412 2632 5260 0.7 0.2 26304
train 17981
vs, vt 0.05317356651648879 0.05287781981751323
2023-07-25 18:55:22,085 - epoch:15, training loss:0.1496 validation loss:0.0532
Updating learning rate to 6.289593809513925e-05
Updating learning rate to 6.289593809513925e-05
18412 2632 5260 0.7 0.2 26304
train 17981
vs, vt 0.05385369565337896 0.05263714687898755
2023-07-25 18:55:31,065 - epoch:16, training loss:0.1474 validation loss:0.0539
Updating learning rate to 5.6480130906327764e-05
Updating learning rate to 5.6480130906327764e-05
18412 2632 5260 0.7 0.2 26304
train 17981
vs, vt 0.05231109810993075 0.052293488010764125
2023-07-25 18:55:40,093 - epoch:17, training loss:0.1453 validation loss:0.0523
Updating learning rate to 4.995345030313274e-05
Updating learning rate to 4.995345030313274e-05
18412 2632 5260 0.7 0.2 26304
train 17981
vs, vt 0.05212972043082118 0.05181275438517332
2023-07-25 18:55:49,030 - epoch:18, training loss:0.1437 validation loss:0.0521
Updating learning rate to 4.3427569600212594e-05
Updating learning rate to 4.3427569600212594e-05
18412 2632 5260 0.7 0.2 26304
train 17981
vs, vt 0.05208352757617831 0.051875571720302105
2023-07-25 18:55:57,882 - epoch:19, training loss:0.1425 validation loss:0.0521
Updating learning rate to 3.70141484257102e-05
Updating learning rate to 3.70141484257102e-05
18412 2632 5260 0.7 0.2 26304
train 17981
vs, vt 0.052172004245221615 0.05181691935285926
2023-07-25 18:56:07,073 - epoch:20, training loss:0.1417 validation loss:0.0522
Updating learning rate to 3.0822922194057626e-05
Updating learning rate to 3.0822922194057626e-05
18412 2632 5260 0.7 0.2 26304
train 17981
vs, vt 0.051692677102982997 0.051467537973076107
2023-07-25 18:56:15,965 - epoch:21, training loss:0.1401 validation loss:0.0517
Updating learning rate to 2.4959824502610635e-05
Updating learning rate to 2.4959824502610635e-05
18412 2632 5260 0.7 0.2 26304
train 17981
vs, vt 0.05139973731711507 0.05103764841333032
2023-07-25 18:56:25,009 - epoch:22, training loss:0.1394 validation loss:0.0514
Updating learning rate to 1.9525174578427625e-05
Updating learning rate to 1.9525174578427625e-05
18412 2632 5260 0.7 0.2 26304
train 17981
vs, vt 0.051499548647552726 0.051034631207585335
2023-07-25 18:56:34,080 - epoch:23, training loss:0.1387 validation loss:0.0515
Updating learning rate to 1.4611960788481038e-05
Updating learning rate to 1.4611960788481038e-05
18412 2632 5260 0.7 0.2 26304
train 17981
vs, vt 0.051308386866003274 0.051004167459905145
2023-07-25 18:56:43,172 - epoch:24, training loss:0.1377 validation loss:0.0513
Updating learning rate to 1.0304249582917059e-05
Updating learning rate to 1.0304249582917059e-05
18412 2632 5260 0.7 0.2 26304
train 17981
vs, vt 0.051158401928842065 0.050935154780745506
2023-07-25 18:56:52,128 - epoch:25, training loss:0.1372 validation loss:0.0512
Updating learning rate to 6.675747094786052e-06
Updating learning rate to 6.675747094786052e-06
18412 2632 5260 0.7 0.2 26304
train 17981
vs, vt 0.051134624518454075 0.05082934219390154
2023-07-25 18:57:01,154 - epoch:26, training loss:0.1368 validation loss:0.0511
Updating learning rate to 3.7885380076709116e-06
Updating learning rate to 3.7885380076709116e-06
18412 2632 5260 0.7 0.2 26304
train 17981
vs, vt 0.05103092137724161 0.05080455159768462
2023-07-25 18:57:10,264 - epoch:27, training loss:0.1365 validation loss:0.0510
Updating learning rate to 1.6920232695377565e-06
Updating learning rate to 1.6920232695377565e-06
18412 2632 5260 0.7 0.2 26304
train 17981
vs, vt 0.05098671391606331 0.05072432849556208
2023-07-25 18:57:19,303 - epoch:28, training loss:0.1363 validation loss:0.0510
Updating learning rate to 4.220748288197363e-07
Updating learning rate to 4.220748288197363e-07
18412 2632 5260 0.7 0.2 26304
train 17981
vs, vt 0.05097160805016756 0.05072041880339384
2023-07-25 18:57:28,433 - epoch:29, training loss:0.1364 validation loss:0.0510
Updating learning rate to 4.218554337707414e-10
Updating learning rate to 4.218554337707414e-10
check exp/ECL-PatchTST2023-07-25-18:52:47.341096/0/0.051_epoch_29.pkl  &  0.05072041880339384
2023-07-25 18:57:29,209 - [*] loss:0.0538
2023-07-25 18:57:29,210 - [*] phase 0, testing
2023-07-25 18:57:29,219 - T:96	MAE	0.158582	RMSE	0.053840	MAPE	68.949300
2023-07-25 18:57:29,219 - 96	mae	0.1586	
2023-07-25 18:57:29,219 - 96	rmse	0.0538	
2023-07-25 18:57:29,219 - 96	mape	68.9493	
2023-07-25 18:57:29,836 - [*] loss:0.0537
2023-07-25 18:57:29,838 - [*] phase 0, testing
2023-07-25 18:57:29,846 - T:96	MAE	0.158368	RMSE	0.053773	MAPE	68.654710
2023-07-25 18:57:29,846 - 96	mae	0.1584	
2023-07-25 18:57:29,846 - 96	rmse	0.0538	
2023-07-25 18:57:29,846 - 96	mape	68.6547	
