2023-07-25 19:02:19,461 - logger name:exp/ECL-PatchTST2023-07-25-19:02:19.460465/ECL-PatchTST.log
2023-07-25 19:02:19,461 - params : {'conf': 'ECL-PatchTST', 'data_name': 'electricity', 'iteration': 1, 'load': True, 'build_graph': False, 'same_init': False, 'grad_norm': False, 'root_path': '', 'exp_path': 'exp/', 'val_test_mix': False, 'pred_len': 96, 'noise_rate': 0.5, 'device': device(type='cuda', index=1), 'test_model_path': '/Disk/fhyega/code/BASE/exp/ECL-PatchTST2023-07-23-21:59:42.618606/0/0.0379_epoch_25.pkl', 'idx': 213, 'aligner': 0, 'refiner': 0, 'refiner_block_num': 1, 'enhance': 0, 'seed': 2022, 'batch_size': 128, '/* model related args*/': '//', 'model_name': 'PatchTST', 'seq_len': 336, 'label_len': 48, 'features': 'M', 'target': 'OT', 'graph_input': False, 'individual': False, 'e_layers': 3, 'd_layers': 1, 'factor': 1, 'n_heads': 16, 'd_model': 128, 'd_ff': 256, 'dropout': 0.2, 'fc_dropout': 0.2, 'head_dropout': 0.0, 'patch_len': 16, 'stride': 8, 'des': 'Exp', 'padding_patch': 'end', 'revin': 1, 'affine': 0, 'subtract_last': 0, 'decomposition': 0, 'kernel_size': 25, 'output_attention': 0, 'embed_type': 0, 'activation': 'gelu', 'lradj': 'TST', 'distil': 1, 'linear_output': 1, 'pct_start': 0.2, '/*train related args*/': '//', 'train': True, 'epoch': 30, 'lr': 0.0001, 'loss': 'mse', '/*dataset related args*/': '//', 'save_data_path': 'data/ECL/', 'data_process': True, 'embed': 'timeF', 'freq': 'h', 'begin_phase': 0, 'end_phase': 1, 'phase_len': 26304, 'val_ratio': 0.33, 'graph_size': 321, '/*strategy related args*/': '//', 'strategy': 'incremental', 'increase': False, 'detect': False, 'detect_strategy': 'feature', 'replay': False, 'replay_strategy': 'random', 'repaly_num_samples': 100, 'ewc': False, 'ewc_strategy': 'ewc', 'ewc_lambda': 0.0001, 'subgraph_train': False, 'num_hops': 2, 'logname': 'ECL-PatchTST', 'time': '2023-07-25-19:02:19.460465', 'path': 'exp/ECL-PatchTST2023-07-25-19:02:19.460465', 'num_workers': 4, 'start_train': 0, 'train_mode': 'pretrain', 'get_score': False, 'use_cm': True, 'logger': <Logger __main__ (INFO)>}
2023-07-25 19:02:19,461 - [*] phase 0 start training
0 26304
18412 2632 5260 0.7 0.2 26304
train 17981
18412 2632 5260 0.7 0.2 26304
val 2537
18412 2632 5260 0.7 0.2 26304
test 5165
2023-07-25 19:02:31,609 - [*] phase 0 Dataset load!
2023-07-25 19:02:32,567 - [*] phase 0 Training start
18412 2632 5260 0.7 0.2 26304
train 17981
2023-07-25 19:02:39,335 - epoch:0, training loss:0.5384 validation loss:0.1528
18412 2632 5260 0.7 0.2 26304
train 17981
vs, vt 0.15283716544508935 0.1610628817230463
Updating learning rate to 1.0445766508069865e-05
Updating learning rate to 1.0445766508069865e-05
18412 2632 5260 0.7 0.2 26304
train 17981
vs, vt 0.08403832241892814 0.09084903374314308
2023-07-25 19:02:52,278 - epoch:1, training loss:0.2700 validation loss:0.0840
Updating learning rate to 2.805190328742299e-05
Updating learning rate to 2.805190328742299e-05
18412 2632 5260 0.7 0.2 26304
train 17981
vs, vt 0.0680882140994072 0.07367711905390024
2023-07-25 19:03:01,044 - epoch:2, training loss:0.1927 validation loss:0.0681
Updating learning rate to 5.208986672185724e-05
Updating learning rate to 5.208986672185724e-05
18412 2632 5260 0.7 0.2 26304
train 17981
vs, vt 0.06194999534636736 0.0675066052004695
2023-07-25 19:03:09,952 - epoch:3, training loss:0.1523 validation loss:0.0619
Updating learning rate to 7.610369432687743e-05
Updating learning rate to 7.610369432687743e-05
18412 2632 5260 0.7 0.2 26304
train 17981
vs, vt 0.05890661394223571 0.06427966356277466
2023-07-25 19:03:18,597 - epoch:4, training loss:0.1340 validation loss:0.0589
Updating learning rate to 9.364390586469177e-05
Updating learning rate to 9.364390586469177e-05
18412 2632 5260 0.7 0.2 26304
train 17981
vs, vt 0.05734682576730847 0.06103547662496567
2023-07-25 19:03:27,613 - epoch:5, training loss:0.1244 validation loss:0.0573
Updating learning rate to 9.999997814456623e-05
Updating learning rate to 9.999997814456623e-05
18412 2632 5260 0.7 0.2 26304
train 17981
vs, vt 0.05565137444064021 0.05906057506799698
2023-07-25 19:03:36,449 - epoch:6, training loss:0.1180 validation loss:0.0557
Updating learning rate to 9.956612105134122e-05
Updating learning rate to 9.956612105134122e-05
18412 2632 5260 0.7 0.2 26304
train 17981
vs, vt 0.05601246533915401 0.05744520490989089
2023-07-25 19:03:45,578 - epoch:7, training loss:0.1145 validation loss:0.0560
Updating learning rate to 9.828417730665822e-05
Updating learning rate to 9.828417730665822e-05
18412 2632 5260 0.7 0.2 26304
train 17981
vs, vt 0.05494259539991617 0.056797421909868716
2023-07-25 19:03:54,448 - epoch:8, training loss:0.1102 validation loss:0.0549
Updating learning rate to 9.617608132341072e-05
Updating learning rate to 9.617608132341072e-05
18412 2632 5260 0.7 0.2 26304
train 17981
vs, vt 0.05607412457466125 0.056290933024138214
2023-07-25 19:04:03,221 - epoch:9, training loss:0.1086 validation loss:0.0561
Updating learning rate to 9.327790320834669e-05
Updating learning rate to 9.327790320834669e-05
18412 2632 5260 0.7 0.2 26304
train 17981
vs, vt 0.05370713388547301 0.05573864225298166
2023-07-25 19:04:12,219 - epoch:10, training loss:0.1067 validation loss:0.0537
Updating learning rate to 8.963923159254168e-05
Updating learning rate to 8.963923159254168e-05
18412 2632 5260 0.7 0.2 26304
train 17981
vs, vt 0.05405789455398917 0.054970383550971745
2023-07-25 19:04:21,119 - epoch:11, training loss:0.1049 validation loss:0.0541
Updating learning rate to 8.532232515617246e-05
Updating learning rate to 8.532232515617246e-05
18412 2632 5260 0.7 0.2 26304
train 17981
vs, vt 0.05356063405051827 0.05453108847141266
2023-07-25 19:04:30,117 - epoch:12, training loss:0.1031 validation loss:0.0536
Updating learning rate to 8.04010473652379e-05
Updating learning rate to 8.04010473652379e-05
18412 2632 5260 0.7 0.2 26304
train 17981
vs, vt 0.053609552513808015 0.054604400787502526
2023-07-25 19:04:38,995 - epoch:13, training loss:0.1014 validation loss:0.0536
Updating learning rate to 7.495960264717686e-05
Updating learning rate to 7.495960264717686e-05
18412 2632 5260 0.7 0.2 26304
train 17981
vs, vt 0.053136977925896646 0.05391291994601488
2023-07-25 19:04:47,930 - epoch:14, training loss:0.1001 validation loss:0.0531
Updating learning rate to 6.909109562976884e-05
Updating learning rate to 6.909109562976884e-05
18412 2632 5260 0.7 0.2 26304
train 17981
vs, vt 0.05317356651648879 0.05392638565972448
2023-07-25 19:04:56,910 - epoch:15, training loss:0.0988 validation loss:0.0532
Updating learning rate to 6.289593809513925e-05
Updating learning rate to 6.289593809513925e-05
18412 2632 5260 0.7 0.2 26304
train 17981
vs, vt 0.05385369565337896 0.05316267572343349
2023-07-25 19:05:05,806 - epoch:16, training loss:0.0976 validation loss:0.0539
Updating learning rate to 5.6480130906327764e-05
Updating learning rate to 5.6480130906327764e-05
18412 2632 5260 0.7 0.2 26304
train 17981
vs, vt 0.05231109810993075 0.05295710284262896
2023-07-25 19:05:14,618 - epoch:17, training loss:0.0964 validation loss:0.0523
Updating learning rate to 4.995345030313274e-05
Updating learning rate to 4.995345030313274e-05
18412 2632 5260 0.7 0.2 26304
train 17981
vs, vt 0.05212972043082118 0.053102296125143764
2023-07-25 19:05:23,483 - epoch:18, training loss:0.0951 validation loss:0.0521
Updating learning rate to 4.3427569600212594e-05
Updating learning rate to 4.3427569600212594e-05
18412 2632 5260 0.7 0.2 26304
train 17981
vs, vt 0.05208352757617831 0.0524993596598506
2023-07-25 19:05:32,505 - epoch:19, training loss:0.0944 validation loss:0.0521
Updating learning rate to 3.70141484257102e-05
Updating learning rate to 3.70141484257102e-05
18412 2632 5260 0.7 0.2 26304
train 17981
vs, vt 0.052172004245221615 0.05235180761665106
2023-07-25 19:05:41,851 - epoch:20, training loss:0.0938 validation loss:0.0522
Updating learning rate to 3.0822922194057626e-05
Updating learning rate to 3.0822922194057626e-05
18412 2632 5260 0.7 0.2 26304
train 17981
vs, vt 0.051692677102982997 0.0521739287301898
2023-07-25 19:05:50,839 - epoch:21, training loss:0.0927 validation loss:0.0517
Updating learning rate to 2.4959824502610635e-05
Updating learning rate to 2.4959824502610635e-05
18412 2632 5260 0.7 0.2 26304
train 17981
vs, vt 0.05139973731711507 0.051834677904844285
2023-07-25 19:05:59,764 - epoch:22, training loss:0.0922 validation loss:0.0514
Updating learning rate to 1.9525174578427625e-05
Updating learning rate to 1.9525174578427625e-05
18412 2632 5260 0.7 0.2 26304
train 17981
vs, vt 0.051499548647552726 0.051750670466572044
2023-07-25 19:06:08,677 - epoch:23, training loss:0.0917 validation loss:0.0515
Updating learning rate to 1.4611960788481038e-05
Updating learning rate to 1.4611960788481038e-05
18412 2632 5260 0.7 0.2 26304
train 17981
vs, vt 0.051308386866003274 0.05167175326496363
2023-07-25 19:06:18,017 - epoch:24, training loss:0.0909 validation loss:0.0513
Updating learning rate to 1.0304249582917059e-05
Updating learning rate to 1.0304249582917059e-05
18412 2632 5260 0.7 0.2 26304
train 17981
vs, vt 0.051158401928842065 0.051458556205034256
2023-07-25 19:06:27,046 - epoch:25, training loss:0.0906 validation loss:0.0512
Updating learning rate to 6.675747094786052e-06
Updating learning rate to 6.675747094786052e-06
18412 2632 5260 0.7 0.2 26304
train 17981
vs, vt 0.051134624518454075 0.05137267727404833
2023-07-25 19:06:35,995 - epoch:26, training loss:0.0903 validation loss:0.0511
Updating learning rate to 3.7885380076709116e-06
Updating learning rate to 3.7885380076709116e-06
18412 2632 5260 0.7 0.2 26304
train 17981
vs, vt 0.05103092137724161 0.051321507710963485
2023-07-25 19:06:45,162 - epoch:27, training loss:0.0901 validation loss:0.0510
Updating learning rate to 1.6920232695377565e-06
Updating learning rate to 1.6920232695377565e-06
18412 2632 5260 0.7 0.2 26304
train 17981
vs, vt 0.05098671391606331 0.05125397564843297
2023-07-25 19:06:54,564 - epoch:28, training loss:0.0900 validation loss:0.0510
Updating learning rate to 4.220748288197363e-07
Updating learning rate to 4.220748288197363e-07
18412 2632 5260 0.7 0.2 26304
train 17981
vs, vt 0.05097160805016756 0.05123570710420609
2023-07-25 19:07:03,662 - epoch:29, training loss:0.0900 validation loss:0.0510
Updating learning rate to 4.218554337707414e-10
Updating learning rate to 4.218554337707414e-10
check exp/ECL-PatchTST2023-07-25-19:02:19.460465/0/0.051_epoch_29.pkl  &  0.05123570710420609
2023-07-25 19:07:04,803 - [*] loss:0.0538
2023-07-25 19:07:04,804 - [*] phase 0, testing
2023-07-25 19:07:04,813 - T:96	MAE	0.158582	RMSE	0.053840	MAPE	68.949300
2023-07-25 19:07:04,813 - 96	mae	0.1586	
2023-07-25 19:07:04,813 - 96	rmse	0.0538	
2023-07-25 19:07:04,813 - 96	mape	68.9493	
2023-07-25 19:07:05,485 - [*] loss:0.0570
2023-07-25 19:07:05,486 - [*] phase 0, testing
2023-07-25 19:07:05,494 - T:96	MAE	0.158824	RMSE	0.055513	MAPE	67.801112
2023-07-25 19:07:05,494 - 96	mae	0.1588	
2023-07-25 19:07:05,494 - 96	rmse	0.0555	
2023-07-25 19:07:05,494 - 96	mape	67.8011	
