2023-07-27 21:01:38,902 - logger name:exp/ECL-PatchTST2023-07-27-21:01:38.902113/ECL-PatchTST.log
2023-07-27 21:01:38,903 - params : {'conf': 'ECL-PatchTST', 'data_name': 'ETTh2', 'iteration': 1, 'load': True, 'build_graph': False, 'same_init': True, 'grad_norm': False, 'refiner_no_residual': False, 'root_path': '', 'exp_path': 'exp/', 'val_test_mix': False, 'pred_len': 96, 'noise_rate': 0.5, 'device': device(type='cuda', index=1), 'test_model_path': '/Disk/fhyega/code/BASE/exp/ECL-PatchTST2023-07-23-21:59:42.618606/0/0.0379_epoch_25.pkl', 'idx': -1, 'aligner': 0, 'refiner': 0, 'refiner_block_num': 1, 'enhance': 0, 'seed': 2029, 'batch_size': 128, '/* model related args*/': '//', 'model_name': 'PatchTST', 'seq_len': 336, 'label_len': 48, 'features': 'M', 'target': 'OT', 'graph_input': False, 'individual': False, 'e_layers': 3, 'd_layers': 1, 'factor': 1, 'n_heads': 16, 'd_model': 128, 'd_ff': 256, 'dropout': 0.2, 'fc_dropout': 0.2, 'head_dropout': 0.0, 'patch_len': 16, 'stride': 8, 'des': 'Exp', 'padding_patch': 'end', 'revin': 1, 'affine': 0, 'subtract_last': 0, 'decomposition': 0, 'kernel_size': 25, 'output_attention': 0, 'embed_type': 0, 'activation': 'gelu', 'lradj': 'TST', 'distil': 1, 'linear_output': 1, 'pct_start': 0.2, '/*train related args*/': '//', 'train': True, 'epoch': 30, 'lr': 0.0001, 'loss': 'mse', '/*dataset related args*/': '//', 'save_data_path': 'data/ECL/', 'data_process': True, 'embed': 'timeF', 'freq': 'h', 'begin_phase': 0, 'end_phase': 1, 'phase_len': 26304, 'val_ratio': 0.33, 'graph_size': 321, '/*strategy related args*/': '//', 'strategy': 'incremental', 'increase': False, 'detect': False, 'detect_strategy': 'feature', 'replay': False, 'replay_strategy': 'random', 'repaly_num_samples': 100, 'ewc': False, 'ewc_strategy': 'ewc', 'ewc_lambda': 0.0001, 'subgraph_train': False, 'num_hops': 2, 'logname': 'ECL-PatchTST', 'time': '2023-07-27-21:01:38.902113', 'path': 'exp/ECL-PatchTST2023-07-27-21:01:38.902113', 'num_workers': 4, 'start_train': 0, 'train_mode': 'pretrain', 'get_score': False, 'use_cm': True, 'logger': <Logger __main__ (INFO)>}
2023-07-27 21:01:38,903 - [*] phase 0 start training
0 26304
train 8209
val 2785
test 2785
2023-07-27 21:01:39,129 - [*] phase 0 Dataset load!
2023-07-27 21:01:40,094 - [*] phase 0 Training start
train 8209
2023-07-27 21:02:05,970 - epoch:0, training loss:0.6298 validation loss:0.2964
train 8209
vs, vt 0.2963714538650079 0.2984891764142297
Updating learning rate to 1.0463629820836433e-05
Updating learning rate to 1.0463629820836433e-05
train 8209
vs, vt 0.24136231433261524 0.24958538264036179
2023-07-27 21:02:53,456 - epoch:1, training loss:0.5781 validation loss:0.2414
Updating learning rate to 2.8113748014145436e-05
Updating learning rate to 2.8113748014145436e-05
train 8209
vs, vt 0.21877407790585 0.2221380885351788
2023-07-27 21:03:29,080 - epoch:2, training loss:0.5018 validation loss:0.2188
Updating learning rate to 5.219686165094539e-05
Updating learning rate to 5.219686165094539e-05
train 8209
vs, vt 0.21360140937295827 0.2090406133369966
2023-07-27 21:04:04,556 - epoch:3, training loss:0.4631 validation loss:0.2136
Updating learning rate to 7.622695691951079e-05
Updating learning rate to 7.622695691951079e-05
train 8209
vs, vt 0.2118710597807711 0.2100431082600897
2023-07-27 21:04:39,997 - epoch:4, training loss:0.4382 validation loss:0.2119
Updating learning rate to 9.373229880419829e-05
Updating learning rate to 9.373229880419829e-05
train 8209
vs, vt 0.20865403454412113 0.20968036184256728
2023-07-27 21:05:15,538 - epoch:5, training loss:0.4194 validation loss:0.2087
Updating learning rate to 9.999989541836333e-05
Updating learning rate to 9.999989541836333e-05
train 8209
vs, vt 0.2140819521790201 0.20829896459525282
2023-07-27 21:05:51,025 - epoch:6, training loss:0.4027 validation loss:0.2141
Updating learning rate to 9.955879284407972e-05
Updating learning rate to 9.955879284407972e-05
train 8209
vs, vt 0.21621432832696222 0.21395538036118855
2023-07-27 21:06:26,683 - epoch:7, training loss:0.3845 validation loss:0.2162
Updating learning rate to 9.826972900599613e-05
Updating learning rate to 9.826972900599613e-05
train 8209
vs, vt 0.21817986430092293 0.21447854556820609
2023-07-27 21:07:01,644 - epoch:8, training loss:0.3698 validation loss:0.2182
Updating learning rate to 9.615476014377818e-05
Updating learning rate to 9.615476014377818e-05
train 8209
vs, vt 0.21895782886580986 0.2127481817521832
2023-07-27 21:07:37,002 - epoch:9, training loss:0.3589 validation loss:0.2190
Updating learning rate to 9.325007396103859e-05
Updating learning rate to 9.325007396103859e-05
train 8209
vs, vt 0.21551205691966144 0.21165669641711496
2023-07-27 21:08:12,195 - epoch:10, training loss:0.3503 validation loss:0.2155
Updating learning rate to 8.960537044369518e-05
Updating learning rate to 8.960537044369518e-05
train 8209
vs, vt 0.21768876707012003 0.2221341763030399
2023-07-27 21:08:49,291 - epoch:11, training loss:0.3433 validation loss:0.2177
Updating learning rate to 8.528301147943237e-05
Updating learning rate to 8.528301147943237e-05
train 8209
vs, vt 0.21831761063499885 0.2152386802163991
2023-07-27 21:09:25,829 - epoch:12, training loss:0.3373 validation loss:0.2183
Updating learning rate to 8.035695382851308e-05
Updating learning rate to 8.035695382851308e-05
train 8209
vs, vt 0.22164362804456192 0.22369726611809296
2023-07-27 21:10:01,235 - epoch:13, training loss:0.3330 validation loss:0.2216
Updating learning rate to 7.49114837031057e-05
Updating learning rate to 7.49114837031057e-05
train 8209
vs, vt 0.2152364640073343 0.2269927994771437
2023-07-27 21:10:36,572 - epoch:14, training loss:0.3279 validation loss:0.2152
Updating learning rate to 6.90397746068255e-05
Updating learning rate to 6.90397746068255e-05
train 8209
vs, vt 0.21937294033440677 0.2121816318143498
2023-07-27 21:11:11,395 - epoch:15, training loss:0.3244 validation loss:0.2194
Updating learning rate to 6.284229311025519e-05
Updating learning rate to 6.284229311025519e-05
train 8209
vs, vt 0.2161672477695075 0.2074007954109799
2023-07-27 21:11:46,308 - epoch:16, training loss:0.3222 validation loss:0.2162
Updating learning rate to 5.642507984006751e-05
Updating learning rate to 5.642507984006751e-05
train 8209
vs, vt 0.215851465748115 0.2126819941807877
2023-07-27 21:12:20,944 - epoch:17, training loss:0.3193 validation loss:0.2159
Updating learning rate to 4.989793509450307e-05
Updating learning rate to 4.989793509450307e-05
train 8209
vs, vt 0.21559800072149796 0.2146130966191942
2023-07-27 21:12:56,407 - epoch:18, training loss:0.3159 validation loss:0.2156
Updating learning rate to 4.337254012982485e-05
Updating learning rate to 4.337254012982485e-05
train 8209
vs, vt 0.2183776745064692 0.2072114416144111
2023-07-27 21:13:32,076 - epoch:19, training loss:0.3141 validation loss:0.2184
Updating learning rate to 3.696054626305981e-05
Updating learning rate to 3.696054626305981e-05
train 8209
vs, vt 0.2171118286522952 0.2133260044184598
2023-07-27 21:14:08,226 - epoch:20, training loss:0.3129 validation loss:0.2171
Updating learning rate to 3.0771664487008854e-05
Updating learning rate to 3.0771664487008854e-05
train 8209
vs, vt 0.21820719133723865 0.21127976138483395
2023-07-27 21:14:50,600 - epoch:21, training loss:0.3107 validation loss:0.2182
Updating learning rate to 2.491178828474237e-05
Updating learning rate to 2.491178828474237e-05
train 8209
vs, vt 0.21760183505036615 0.20927910642190414
2023-07-27 21:15:33,802 - epoch:22, training loss:0.3092 validation loss:0.2176
Updating learning rate to 1.9481181762745777e-05
Updating learning rate to 1.9481181762745777e-05
train 8209
vs, vt 0.21889416297728365 0.21168423173102466
2023-07-27 21:16:18,214 - epoch:23, training loss:0.3077 validation loss:0.2189
Updating learning rate to 1.4572764104259043e-05
Updating learning rate to 1.4572764104259043e-05
train 8209
vs, vt 0.21871467205611142 0.21298977427861907
2023-07-27 21:17:03,115 - epoch:24, training loss:0.3074 validation loss:0.2187
Updating learning rate to 1.0270519696289322e-05
Updating learning rate to 1.0270519696289322e-05
train 8209
vs, vt 0.2187669388949871 0.21261449056592854
2023-07-27 21:17:47,527 - epoch:25, training loss:0.3068 validation loss:0.2188
Updating learning rate to 6.648061133464466e-06
Updating learning rate to 6.648061133464466e-06
train 8209
vs, vt 0.21799288215962323 0.21394070407206361
2023-07-27 21:18:33,117 - epoch:26, training loss:0.3066 validation loss:0.2180
Updating learning rate to 3.7673696861296922e-06
Updating learning rate to 3.7673696861296922e-06
train 8209
vs, vt 0.21806665882468224 0.213577675209804
2023-07-27 21:19:17,502 - epoch:27, training loss:0.3055 validation loss:0.2181
Updating learning rate to 1.6777347836274343e-06
Updating learning rate to 1.6777347836274343e-06
train 8209
vs, vt 0.21815219115127216 0.21351215006275612
2023-07-27 21:20:02,806 - epoch:28, training loss:0.3059 validation loss:0.2182
Updating learning rate to 4.1491065849575754e-07
Updating learning rate to 4.1491065849575754e-07
train 8209
vs, vt 0.21812222186814656 0.21376852250911973
2023-07-27 21:20:46,944 - epoch:29, training loss:0.3058 validation loss:0.2181
Updating learning rate to 5.045816366600914e-10
Updating learning rate to 5.045816366600914e-10
check exp/ECL-PatchTST2023-07-27-21:01:38.902113/0/0.2087_epoch_5.pkl  &  0.2072114416144111
2023-07-27 21:20:52,544 - [*] loss:0.2853
2023-07-27 21:20:52,560 - [*] phase 0, testing
2023-07-27 21:20:52,641 - T:96	MAE	0.343985	RMSE	0.285442	MAPE	140.467405
2023-07-27 21:20:52,644 - 96	mae	0.3440	
2023-07-27 21:20:52,644 - 96	rmse	0.2854	
2023-07-27 21:20:52,644 - 96	mape	140.4674	
2023-07-27 21:20:58,290 - [*] loss:0.2855
2023-07-27 21:20:58,335 - [*] phase 0, testing
2023-07-27 21:20:58,468 - T:96	MAE	0.340222	RMSE	0.285688	MAPE	138.160324
2023-07-27 21:20:58,471 - 96	mae	0.3402	
2023-07-27 21:20:58,472 - 96	rmse	0.2857	
2023-07-27 21:20:58,472 - 96	mape	138.1603	
