2023-07-27 21:21:59,014 - logger name:exp/ECL-PatchTST2023-07-27-21:21:59.014233/ECL-PatchTST.log
2023-07-27 21:21:59,015 - params : {'conf': 'ECL-PatchTST', 'data_name': 'ETTh2', 'iteration': 1, 'load': True, 'build_graph': False, 'same_init': True, 'grad_norm': False, 'refiner_no_residual': False, 'root_path': '', 'exp_path': 'exp/', 'val_test_mix': False, 'pred_len': 96, 'noise_rate': 0.5, 'device': device(type='cuda', index=1), 'test_model_path': '/Disk/fhyega/code/BASE/exp/ECL-PatchTST2023-07-23-21:59:42.618606/0/0.0379_epoch_25.pkl', 'idx': -1, 'aligner': 1, 'refiner': 0, 'refiner_block_num': 1, 'enhance': 0, 'seed': 2029, 'batch_size': 128, '/* model related args*/': '//', 'model_name': 'PatchTST', 'seq_len': 336, 'label_len': 48, 'features': 'M', 'target': 'OT', 'graph_input': False, 'individual': False, 'e_layers': 3, 'd_layers': 1, 'factor': 1, 'n_heads': 16, 'd_model': 128, 'd_ff': 256, 'dropout': 0.2, 'fc_dropout': 0.2, 'head_dropout': 0.0, 'patch_len': 16, 'stride': 8, 'des': 'Exp', 'padding_patch': 'end', 'revin': 1, 'affine': 0, 'subtract_last': 0, 'decomposition': 0, 'kernel_size': 25, 'output_attention': 0, 'embed_type': 0, 'activation': 'gelu', 'lradj': 'TST', 'distil': 1, 'linear_output': 1, 'pct_start': 0.2, '/*train related args*/': '//', 'train': True, 'epoch': 30, 'lr': 0.0001, 'loss': 'mse', '/*dataset related args*/': '//', 'save_data_path': 'data/ECL/', 'data_process': True, 'embed': 'timeF', 'freq': 'h', 'begin_phase': 0, 'end_phase': 1, 'phase_len': 26304, 'val_ratio': 0.33, 'graph_size': 321, '/*strategy related args*/': '//', 'strategy': 'incremental', 'increase': False, 'detect': False, 'detect_strategy': 'feature', 'replay': False, 'replay_strategy': 'random', 'repaly_num_samples': 100, 'ewc': False, 'ewc_strategy': 'ewc', 'ewc_lambda': 0.0001, 'subgraph_train': False, 'num_hops': 2, 'logname': 'ECL-PatchTST', 'time': '2023-07-27-21:21:59.014233', 'path': 'exp/ECL-PatchTST2023-07-27-21:21:59.014233', 'num_workers': 4, 'start_train': 0, 'train_mode': 'pretrain', 'get_score': False, 'use_cm': True, 'logger': <Logger __main__ (INFO)>}
2023-07-27 21:21:59,015 - [*] phase 0 start training
0 26304
train 8209
val 2785
test 2785
2023-07-27 21:21:59,239 - [*] phase 0 Dataset load!
2023-07-27 21:22:00,384 - [*] phase 0 Training start
train 8209
2023-07-27 21:22:33,051 - epoch:0, training loss:0.6298 validation loss:0.2964
train 8209
vs, vt 0.2963714538650079 0.2984891764142297
Updating learning rate to 1.0463629820836433e-05
Updating learning rate to 1.0463629820836433e-05
train 8209
vs, vt 0.23934661156751894 0.24958538264036179
2023-07-27 21:23:34,538 - epoch:1, training loss:1.5410 validation loss:0.2393
Updating learning rate to 2.8113748014145436e-05
Updating learning rate to 2.8113748014145436e-05
train 8209
vs, vt 0.21728846701708707 0.2215293635698882
2023-07-27 21:24:18,569 - epoch:2, training loss:1.2190 validation loss:0.2173
Updating learning rate to 5.219686165094539e-05
Updating learning rate to 5.219686165094539e-05
train 8209
vs, vt 0.21368182450532913 0.20862732963128525
2023-07-27 21:25:01,927 - epoch:3, training loss:0.9650 validation loss:0.2137
Updating learning rate to 7.622695691951079e-05
Updating learning rate to 7.622695691951079e-05
train 8209
vs, vt 0.21230850741267204 0.21072520315647125
2023-07-27 21:25:38,174 - epoch:4, training loss:0.8185 validation loss:0.2123
Updating learning rate to 9.373229880419829e-05
Updating learning rate to 9.373229880419829e-05
train 8209
vs, vt 0.20791435140100392 0.20933807336471297
2023-07-27 21:26:15,730 - epoch:5, training loss:0.7492 validation loss:0.2079
Updating learning rate to 9.999989541836333e-05
Updating learning rate to 9.999989541836333e-05
train 8209
vs, vt 0.2119622386314652 0.20761395347389308
2023-07-27 21:26:50,892 - epoch:6, training loss:0.7164 validation loss:0.2120
Updating learning rate to 9.955879284407972e-05
Updating learning rate to 9.955879284407972e-05
train 8209
vs, vt 0.2122877619483254 0.20915261351249434
2023-07-27 21:27:26,557 - epoch:7, training loss:0.6901 validation loss:0.2123
Updating learning rate to 9.826972900599613e-05
Updating learning rate to 9.826972900599613e-05
train 8209
vs, vt 0.2119707011363723 0.2106718055226586
2023-07-27 21:28:01,927 - epoch:8, training loss:0.6736 validation loss:0.2120
Updating learning rate to 9.615476014377818e-05
Updating learning rate to 9.615476014377818e-05
train 8209
vs, vt 0.21064161746339363 0.2105142863636667
2023-07-27 21:28:37,126 - epoch:9, training loss:0.6589 validation loss:0.2106
Updating learning rate to 9.325007396103859e-05
Updating learning rate to 9.325007396103859e-05
train 8209
vs, vt 0.2087958383966576 0.20996712588451125
2023-07-27 21:29:12,056 - epoch:10, training loss:0.6491 validation loss:0.2088
Updating learning rate to 8.960537044369518e-05
Updating learning rate to 8.960537044369518e-05
train 8209
vs, vt 0.21165495162660425 0.20673922686414284
2023-07-27 21:29:47,046 - epoch:11, training loss:0.6333 validation loss:0.2117
Updating learning rate to 8.528301147943237e-05
Updating learning rate to 8.528301147943237e-05
train 8209
vs, vt 0.21309977126392451 0.20634512095288796
2023-07-27 21:30:24,814 - epoch:12, training loss:0.6306 validation loss:0.2131
Updating learning rate to 8.035695382851308e-05
Updating learning rate to 8.035695382851308e-05
train 8209
vs, vt 0.2178021093661135 0.2075598883357915
2023-07-27 21:31:01,548 - epoch:13, training loss:0.6303 validation loss:0.2178
Updating learning rate to 7.49114837031057e-05
Updating learning rate to 7.49114837031057e-05
train 8209
vs, vt 0.21187933873046527 0.21181165765632282
2023-07-27 21:31:39,803 - epoch:14, training loss:0.6426 validation loss:0.2119
Updating learning rate to 6.90397746068255e-05
Updating learning rate to 6.90397746068255e-05
train 8209
vs, vt 0.21621912616220387 0.2127002850174904
2023-07-27 21:32:17,964 - epoch:15, training loss:0.6722 validation loss:0.2162
Updating learning rate to 6.284229311025519e-05
Updating learning rate to 6.284229311025519e-05
train 8209
vs, vt 0.210924490947615 0.21371225640177727
2023-07-27 21:32:53,694 - epoch:16, training loss:0.6982 validation loss:0.2109
Updating learning rate to 5.642507984006751e-05
Updating learning rate to 5.642507984006751e-05
train 8209
vs, vt 0.2141081616282463 0.2110431600700725
2023-07-27 21:33:29,518 - epoch:17, training loss:0.7100 validation loss:0.2141
Updating learning rate to 4.989793509450307e-05
Updating learning rate to 4.989793509450307e-05
train 8209
vs, vt 0.21282601085576144 0.21340135451067577
2023-07-27 21:34:06,508 - epoch:18, training loss:0.7248 validation loss:0.2128
Updating learning rate to 4.337254012982485e-05
Updating learning rate to 4.337254012982485e-05
train 8209
vs, vt 0.21555220708251 0.21603629297830843
2023-07-27 21:34:43,251 - epoch:19, training loss:0.7598 validation loss:0.2156
Updating learning rate to 3.696054626305981e-05
Updating learning rate to 3.696054626305981e-05
train 8209
vs, vt 0.2158187089318579 0.2192617624320767
2023-07-27 21:35:19,854 - epoch:20, training loss:0.7721 validation loss:0.2158
Updating learning rate to 3.0771664487008854e-05
Updating learning rate to 3.0771664487008854e-05
train 8209
vs, vt 0.2150181047618389 0.21973564374175938
2023-07-27 21:35:56,545 - epoch:21, training loss:0.7679 validation loss:0.2150
Updating learning rate to 2.491178828474237e-05
Updating learning rate to 2.491178828474237e-05
train 8209
vs, vt 0.2170133570378477 0.217166101729328
2023-07-27 21:36:32,489 - epoch:22, training loss:0.7607 validation loss:0.2170
Updating learning rate to 1.9481181762745777e-05
Updating learning rate to 1.9481181762745777e-05
train 8209
vs, vt 0.21734547107057137 0.22111825543371114
2023-07-27 21:37:07,554 - epoch:23, training loss:0.7575 validation loss:0.2173
Updating learning rate to 1.4572764104259043e-05
Updating learning rate to 1.4572764104259043e-05
train 8209
vs, vt 0.2167258360846476 0.22198523411696608
2023-07-27 21:37:42,910 - epoch:24, training loss:0.7647 validation loss:0.2167
Updating learning rate to 1.0270519696289322e-05
Updating learning rate to 1.0270519696289322e-05
train 8209
vs, vt 0.21694903312758965 0.22205975346944548
2023-07-27 21:38:17,395 - epoch:25, training loss:0.7636 validation loss:0.2169
Updating learning rate to 6.648061133464466e-06
Updating learning rate to 6.648061133464466e-06
train 8209
vs, vt 0.2157831909981641 0.2233505333689126
2023-07-27 21:38:52,651 - epoch:26, training loss:0.7777 validation loss:0.2158
Updating learning rate to 3.7673696861296922e-06
Updating learning rate to 3.7673696861296922e-06
train 8209
vs, vt 0.21560974012721668 0.2226735367016359
2023-07-27 21:39:28,709 - epoch:27, training loss:0.7787 validation loss:0.2156
Updating learning rate to 1.6777347836274343e-06
Updating learning rate to 1.6777347836274343e-06
train 8209
vs, vt 0.21576206419955601 0.2224573255939917
2023-07-27 21:40:05,411 - epoch:28, training loss:0.7745 validation loss:0.2158
Updating learning rate to 4.1491065849575754e-07
Updating learning rate to 4.1491065849575754e-07
train 8209
vs, vt 0.21587525409730998 0.22283441099253568
2023-07-27 21:40:41,253 - epoch:29, training loss:0.7699 validation loss:0.2159
Updating learning rate to 5.045816366600914e-10
Updating learning rate to 5.045816366600914e-10
check exp/ECL-PatchTST2023-07-27-21:21:59.014233/0/0.2079_epoch_5.pkl  &  0.20634512095288796
2023-07-27 21:40:45,642 - [*] loss:0.2807
2023-07-27 21:40:45,655 - [*] phase 0, testing
2023-07-27 21:40:45,726 - T:96	MAE	0.338743	RMSE	0.280869	MAPE	137.401021
2023-07-27 21:40:45,728 - 96	mae	0.3387	
2023-07-27 21:40:45,728 - 96	rmse	0.2809	
2023-07-27 21:40:45,728 - 96	mape	137.4010	
2023-07-27 21:40:50,432 - [*] loss:0.2794
2023-07-27 21:40:50,449 - [*] phase 0, testing
2023-07-27 21:40:50,555 - T:96	MAE	0.336550	RMSE	0.279370	MAPE	133.879828
2023-07-27 21:40:50,557 - 96	mae	0.3365	
2023-07-27 21:40:50,557 - 96	rmse	0.2794	
2023-07-27 21:40:50,557 - 96	mape	133.8798	
