2023-07-26 09:51:12,330 - logger name:exp/ECL-PatchTST2023-07-26-09:51:12.330313/ECL-PatchTST.log
2023-07-26 09:51:12,330 - params : {'conf': 'ECL-PatchTST', 'data_name': 'electricity', 'iteration': 1, 'load': True, 'build_graph': False, 'same_init': False, 'grad_norm': False, 'refiner_no_residual': True, 'root_path': '', 'exp_path': 'exp/', 'val_test_mix': False, 'pred_len': 96, 'noise_rate': 0.1, 'device': device(type='cuda', index=1), 'test_model_path': '/Disk/fhyega/code/BASE/exp/ECL-PatchTST2023-07-23-21:59:42.618606/0/0.0379_epoch_25.pkl', 'idx': 89, 'aligner': 0, 'refiner': 1, 'refiner_block_num': 3, 'enhance': 0, 'seed': 2021, 'batch_size': 128, '/* model related args*/': '//', 'model_name': 'PatchTST', 'seq_len': 336, 'label_len': 48, 'features': 'M', 'target': 'OT', 'graph_input': False, 'individual': False, 'e_layers': 3, 'd_layers': 1, 'factor': 1, 'n_heads': 16, 'd_model': 128, 'd_ff': 256, 'dropout': 0.2, 'fc_dropout': 0.2, 'head_dropout': 0.0, 'patch_len': 16, 'stride': 8, 'des': 'Exp', 'padding_patch': 'end', 'revin': 1, 'affine': 0, 'subtract_last': 0, 'decomposition': 0, 'kernel_size': 25, 'output_attention': 0, 'embed_type': 0, 'activation': 'gelu', 'lradj': 'TST', 'distil': 1, 'linear_output': 1, 'pct_start': 0.2, '/*train related args*/': '//', 'train': True, 'epoch': 30, 'lr': 0.0001, 'loss': 'mse', '/*dataset related args*/': '//', 'save_data_path': 'data/ECL/', 'data_process': True, 'embed': 'timeF', 'freq': 'h', 'begin_phase': 0, 'end_phase': 1, 'phase_len': 26304, 'val_ratio': 0.33, 'graph_size': 321, '/*strategy related args*/': '//', 'strategy': 'incremental', 'increase': False, 'detect': False, 'detect_strategy': 'feature', 'replay': False, 'replay_strategy': 'random', 'repaly_num_samples': 100, 'ewc': False, 'ewc_strategy': 'ewc', 'ewc_lambda': 0.0001, 'subgraph_train': False, 'num_hops': 2, 'logname': 'ECL-PatchTST', 'time': '2023-07-26-09:51:12.330313', 'path': 'exp/ECL-PatchTST2023-07-26-09:51:12.330313', 'num_workers': 4, 'start_train': 0, 'train_mode': 'pretrain', 'get_score': False, 'use_cm': True, 'logger': <Logger __main__ (INFO)>}
2023-07-26 09:51:12,330 - [*] phase 0 start training
0 26304
18412 2632 5260 0.7 0.2 26304
train 17981
18412 2632 5260 0.7 0.2 26304
val 2537
18412 2632 5260 0.7 0.2 26304
test 5165
2023-07-26 09:51:25,955 - [*] phase 0 Dataset load!
2023-07-26 09:51:37,289 - [*] phase 0 Training start
18412 2632 5260 0.7 0.2 26304
train 17981
2023-07-26 09:52:05,729 - epoch:0, training loss:0.9460 validation loss:0.5913
18412 2632 5260 0.7 0.2 26304
train 17981
vs, vt 0.5913435533642769 0.10954383201897144
Updating learning rate to 1.0445766508069865e-05
Updating learning rate to 1.0445766508069865e-05
18412 2632 5260 0.7 0.2 26304
train 17981
vs, vt 0.5913305774331092 0.07153896009549499
2023-07-26 09:52:40,296 - epoch:1, training loss:1.0882 validation loss:0.5913
Updating learning rate to 2.805190328742299e-05
Updating learning rate to 2.805190328742299e-05
18412 2632 5260 0.7 0.2 26304
train 17981
vs, vt 0.5913576006889343 0.05957575403153896
2023-07-26 09:53:02,934 - epoch:2, training loss:1.0453 validation loss:0.5914
Updating learning rate to 5.208986672185724e-05
Updating learning rate to 5.208986672185724e-05
18412 2632 5260 0.7 0.2 26304
train 17981
vs, vt 0.5914018750190735 0.05360062811523676
2023-07-26 09:53:26,179 - epoch:3, training loss:1.0237 validation loss:0.5914
Updating learning rate to 7.610369432687743e-05
Updating learning rate to 7.610369432687743e-05
18412 2632 5260 0.7 0.2 26304
train 17981
vs, vt 0.5915177643299103 0.05031107654795051
2023-07-26 09:53:50,152 - epoch:4, training loss:1.0140 validation loss:0.5915
Updating learning rate to 9.364390586469177e-05
Updating learning rate to 9.364390586469177e-05
18412 2632 5260 0.7 0.2 26304
train 17981
vs, vt 0.5913578703999519 0.04779569180682301
2023-07-26 09:54:14,212 - epoch:5, training loss:1.0087 validation loss:0.5914
Updating learning rate to 9.999997814456623e-05
Updating learning rate to 9.999997814456623e-05
18412 2632 5260 0.7 0.2 26304
train 17981
vs, vt 0.5913445815443993 0.04648025087080896
2023-07-26 09:54:38,017 - epoch:6, training loss:1.0052 validation loss:0.5913
Updating learning rate to 9.956612105134122e-05
Updating learning rate to 9.956612105134122e-05
18412 2632 5260 0.7 0.2 26304
train 17981
vs, vt 0.5913486450910568 0.04572608331218362
2023-07-26 09:55:02,258 - epoch:7, training loss:1.0037 validation loss:0.5913
Updating learning rate to 9.828417730665822e-05
Updating learning rate to 9.828417730665822e-05
18412 2632 5260 0.7 0.2 26304
train 17981
vs, vt 0.5913338124752044 0.045008879993110894
2023-07-26 09:55:24,509 - epoch:8, training loss:1.0017 validation loss:0.5913
Updating learning rate to 9.617608132341072e-05
Updating learning rate to 9.617608132341072e-05
18412 2632 5260 0.7 0.2 26304
train 17981
vs, vt 0.591328352689743 0.04534157062880695
2023-07-26 09:55:47,386 - epoch:9, training loss:0.9999 validation loss:0.5913
Updating learning rate to 9.327790320834669e-05
Updating learning rate to 9.327790320834669e-05
18412 2632 5260 0.7 0.2 26304
train 17981
vs, vt 0.5913278117775917 0.045080845290794966
2023-07-26 09:56:11,638 - epoch:10, training loss:0.9985 validation loss:0.5913
Updating learning rate to 8.963923159254168e-05
Updating learning rate to 8.963923159254168e-05
18412 2632 5260 0.7 0.2 26304
train 17981
vs, vt 0.5913394868373871 0.04354502558708191
2023-07-26 09:56:34,696 - epoch:11, training loss:0.9974 validation loss:0.5913
Updating learning rate to 8.532232515617246e-05
Updating learning rate to 8.532232515617246e-05
18412 2632 5260 0.7 0.2 26304
train 17981
vs, vt 0.5913325682282448 0.043843427952378985
2023-07-26 09:56:57,719 - epoch:12, training loss:0.9967 validation loss:0.5913
Updating learning rate to 8.04010473652379e-05
Updating learning rate to 8.04010473652379e-05
18412 2632 5260 0.7 0.2 26304
train 17981
vs, vt 0.5913242682814598 0.04213066785596311
2023-07-26 09:57:20,650 - epoch:13, training loss:0.9959 validation loss:0.5913
Updating learning rate to 7.495960264717686e-05
Updating learning rate to 7.495960264717686e-05
18412 2632 5260 0.7 0.2 26304
train 17981
vs, vt 0.5913252085447311 0.04233201029710472
2023-07-26 09:57:44,441 - epoch:14, training loss:0.9951 validation loss:0.5913
Updating learning rate to 6.909109562976884e-05
Updating learning rate to 6.909109562976884e-05
18412 2632 5260 0.7 0.2 26304
train 17981
vs, vt 0.591323533654213 0.04214200251735747
2023-07-26 09:58:07,026 - epoch:15, training loss:0.9941 validation loss:0.5913
Updating learning rate to 6.289593809513925e-05
Updating learning rate to 6.289593809513925e-05
18412 2632 5260 0.7 0.2 26304
train 17981
vs, vt 0.591325943171978 0.04123142557218671
2023-07-26 09:58:31,729 - epoch:16, training loss:0.9934 validation loss:0.5913
Updating learning rate to 5.6480130906327764e-05
Updating learning rate to 5.6480130906327764e-05
18412 2632 5260 0.7 0.2 26304
train 17981
vs, vt 0.591328863799572 0.04093774543143809
2023-07-26 09:58:56,017 - epoch:17, training loss:0.9923 validation loss:0.5913
Updating learning rate to 4.995345030313274e-05
Updating learning rate to 4.995345030313274e-05
18412 2632 5260 0.7 0.2 26304
train 17981
vs, vt 0.5913258075714112 0.04060338442213833
2023-07-26 09:59:20,135 - epoch:18, training loss:0.9916 validation loss:0.5913
Updating learning rate to 4.3427569600212594e-05
Updating learning rate to 4.3427569600212594e-05
18412 2632 5260 0.7 0.2 26304
train 17981
vs, vt 0.5913250610232353 0.040239557763561605
2023-07-26 09:59:44,006 - epoch:19, training loss:0.9917 validation loss:0.5913
Updating learning rate to 3.70141484257102e-05
Updating learning rate to 3.70141484257102e-05
18412 2632 5260 0.7 0.2 26304
train 17981
vs, vt 0.5913284689188003 0.039996134117245674
2023-07-26 10:00:08,053 - epoch:20, training loss:0.9912 validation loss:0.5913
Updating learning rate to 3.0822922194057626e-05
Updating learning rate to 3.0822922194057626e-05
18412 2632 5260 0.7 0.2 26304
train 17981
vs, vt 0.5913268744945526 0.03989396686665714
2023-07-26 10:00:31,659 - epoch:21, training loss:0.9902 validation loss:0.5913
Updating learning rate to 2.4959824502610635e-05
Updating learning rate to 2.4959824502610635e-05
18412 2632 5260 0.7 0.2 26304
train 17981
vs, vt 0.5913258254528045 0.039637794345617296
2023-07-26 10:00:56,882 - epoch:22, training loss:0.9906 validation loss:0.5913
Updating learning rate to 1.9525174578427625e-05
Updating learning rate to 1.9525174578427625e-05
18412 2632 5260 0.7 0.2 26304
train 17981
vs, vt 0.5913268357515336 0.0395000665448606
2023-07-26 10:01:20,573 - epoch:23, training loss:0.9905 validation loss:0.5913
Updating learning rate to 1.4611960788481038e-05
Updating learning rate to 1.4611960788481038e-05
18412 2632 5260 0.7 0.2 26304
train 17981
vs, vt 0.5913261577486992 0.039545025676488876
2023-07-26 10:01:44,755 - epoch:24, training loss:0.9900 validation loss:0.5913
Updating learning rate to 1.0304249582917059e-05
Updating learning rate to 1.0304249582917059e-05
18412 2632 5260 0.7 0.2 26304
train 17981
vs, vt 0.5913265466690063 0.0393842691089958
2023-07-26 10:02:10,727 - epoch:25, training loss:0.9893 validation loss:0.5913
Updating learning rate to 6.675747094786052e-06
Updating learning rate to 6.675747094786052e-06
18412 2632 5260 0.7 0.2 26304
train 17981
vs, vt 0.5913263142108918 0.03918360713869333
2023-07-26 10:02:36,456 - epoch:26, training loss:0.9889 validation loss:0.5913
Updating learning rate to 3.7885380076709116e-06
Updating learning rate to 3.7885380076709116e-06
18412 2632 5260 0.7 0.2 26304
train 17981
vs, vt 0.5913262948393821 0.03915405017323792
2023-07-26 10:03:01,415 - epoch:27, training loss:0.9894 validation loss:0.5913
Updating learning rate to 1.6920232695377565e-06
Updating learning rate to 1.6920232695377565e-06
18412 2632 5260 0.7 0.2 26304
train 17981
vs, vt 0.5913261964917182 0.039105740608647466
2023-07-26 10:03:23,979 - epoch:28, training loss:0.9895 validation loss:0.5913
Updating learning rate to 4.220748288197363e-07
Updating learning rate to 4.220748288197363e-07
18412 2632 5260 0.7 0.2 26304
train 17981
vs, vt 0.591326181590557 0.039077587937936184
2023-07-26 10:03:48,046 - epoch:29, training loss:0.9892 validation loss:0.5913
Updating learning rate to 4.218554337707414e-10
Updating learning rate to 4.218554337707414e-10
check exp/ECL-PatchTST2023-07-26-09:51:12.330313/0/0.5913_epoch_15.pkl  &  0.039077587937936184
2023-07-26 10:03:50,058 - [*] loss:1.2289
2023-07-26 10:03:50,059 - [*] phase 0, testing
2023-07-26 10:03:50,079 - T:96	MAE	1.007283	RMSE	1.236378	MAPE	119.751120
2023-07-26 10:03:50,079 - 96	mae	1.0073	
2023-07-26 10:03:50,079 - 96	rmse	1.2364	
2023-07-26 10:03:50,079 - 96	mape	119.7511	
2023-07-26 10:03:51,697 - [*] loss:0.0827
2023-07-26 10:03:51,699 - [*] phase 0, testing
2023-07-26 10:03:51,708 - T:96	MAE	0.180734	RMSE	0.083352	MAPE	45.110291
2023-07-26 10:03:51,708 - 96	mae	0.1807	
2023-07-26 10:03:51,708 - 96	rmse	0.0834	
2023-07-26 10:03:51,708 - 96	mape	45.1103	
