2023-07-26 10:12:39,933 - logger name:exp/ECL-PatchTST2023-07-26-10:12:39.933564/ECL-PatchTST.log
2023-07-26 10:12:39,934 - params : {'conf': 'ECL-PatchTST', 'data_name': 'electricity', 'iteration': 1, 'load': True, 'build_graph': False, 'same_init': False, 'grad_norm': False, 'refiner_no_residual': True, 'root_path': '', 'exp_path': 'exp/', 'val_test_mix': False, 'pred_len': 96, 'noise_rate': 0.1, 'device': device(type='cuda', index=1), 'test_model_path': '/Disk/fhyega/code/BASE/exp/ECL-PatchTST2023-07-23-21:59:42.618606/0/0.0379_epoch_25.pkl', 'idx': 89, 'aligner': 0, 'refiner': 1, 'refiner_block_num': 1, 'enhance': 0, 'seed': 2021, 'batch_size': 128, '/* model related args*/': '//', 'model_name': 'PatchTST', 'seq_len': 336, 'label_len': 48, 'features': 'M', 'target': 'OT', 'graph_input': False, 'individual': False, 'e_layers': 3, 'd_layers': 1, 'factor': 1, 'n_heads': 16, 'd_model': 128, 'd_ff': 256, 'dropout': 0.2, 'fc_dropout': 0.2, 'head_dropout': 0.0, 'patch_len': 16, 'stride': 8, 'des': 'Exp', 'padding_patch': 'end', 'revin': 1, 'affine': 0, 'subtract_last': 0, 'decomposition': 0, 'kernel_size': 25, 'output_attention': 0, 'embed_type': 0, 'activation': 'gelu', 'lradj': 'TST', 'distil': 1, 'linear_output': 1, 'pct_start': 0.2, '/*train related args*/': '//', 'train': True, 'epoch': 30, 'lr': 0.0001, 'loss': 'mse', '/*dataset related args*/': '//', 'save_data_path': 'data/ECL/', 'data_process': True, 'embed': 'timeF', 'freq': 'h', 'begin_phase': 0, 'end_phase': 1, 'phase_len': 26304, 'val_ratio': 0.33, 'graph_size': 321, '/*strategy related args*/': '//', 'strategy': 'incremental', 'increase': False, 'detect': False, 'detect_strategy': 'feature', 'replay': False, 'replay_strategy': 'random', 'repaly_num_samples': 100, 'ewc': False, 'ewc_strategy': 'ewc', 'ewc_lambda': 0.0001, 'subgraph_train': False, 'num_hops': 2, 'logname': 'ECL-PatchTST', 'time': '2023-07-26-10:12:39.933564', 'path': 'exp/ECL-PatchTST2023-07-26-10:12:39.933564', 'num_workers': 4, 'start_train': 0, 'train_mode': 'pretrain', 'get_score': False, 'use_cm': True, 'logger': <Logger __main__ (INFO)>}
2023-07-26 10:12:39,934 - [*] phase 0 start training
0 26304
18412 2632 5260 0.7 0.2 26304
train 17981
18412 2632 5260 0.7 0.2 26304
val 2537
18412 2632 5260 0.7 0.2 26304
test 5165
2023-07-26 10:12:53,786 - [*] phase 0 Dataset load!
2023-07-26 10:12:54,912 - [*] phase 0 Training start
18412 2632 5260 0.7 0.2 26304
train 17981
2023-07-26 10:13:21,920 - epoch:0, training loss:0.9455 validation loss:0.5913
18412 2632 5260 0.7 0.2 26304
train 17981
vs, vt 0.5913383677601814 0.11002795603126288
Updating learning rate to 1.0445766508069865e-05
Updating learning rate to 1.0445766508069865e-05
18412 2632 5260 0.7 0.2 26304
train 17981
vs, vt 0.5913287475705147 0.07299164216965437
2023-07-26 10:14:08,699 - epoch:1, training loss:1.0888 validation loss:0.5913
Updating learning rate to 2.805190328742299e-05
Updating learning rate to 2.805190328742299e-05
18412 2632 5260 0.7 0.2 26304
train 17981
vs, vt 0.5913567140698432 0.06059771506115794
2023-07-26 10:14:36,680 - epoch:2, training loss:1.0463 validation loss:0.5914
Updating learning rate to 5.208986672185724e-05
Updating learning rate to 5.208986672185724e-05
18412 2632 5260 0.7 0.2 26304
train 17981
vs, vt 0.5913279414176941 0.054266450740396974
2023-07-26 10:14:57,395 - epoch:3, training loss:1.0242 validation loss:0.5913
Updating learning rate to 7.610369432687743e-05
Updating learning rate to 7.610369432687743e-05
18412 2632 5260 0.7 0.2 26304
train 17981
vs, vt 0.59141955524683 0.05064063239842653
2023-07-26 10:15:20,515 - epoch:4, training loss:1.0138 validation loss:0.5914
Updating learning rate to 9.364390586469177e-05
Updating learning rate to 9.364390586469177e-05
18412 2632 5260 0.7 0.2 26304
train 17981
vs, vt 0.5913256466388702 0.04820675933733583
2023-07-26 10:15:42,195 - epoch:5, training loss:1.0087 validation loss:0.5913
Updating learning rate to 9.999997814456623e-05
Updating learning rate to 9.999997814456623e-05
18412 2632 5260 0.7 0.2 26304
train 17981
vs, vt 0.5913373932242394 0.0470520967617631
2023-07-26 10:16:04,649 - epoch:6, training loss:1.0051 validation loss:0.5913
Updating learning rate to 9.956612105134122e-05
Updating learning rate to 9.956612105134122e-05
18412 2632 5260 0.7 0.2 26304
train 17981
vs, vt 0.5913223996758461 0.045602094708010556
2023-07-26 10:16:27,648 - epoch:7, training loss:1.0024 validation loss:0.5913
Updating learning rate to 9.828417730665822e-05
Updating learning rate to 9.828417730665822e-05
18412 2632 5260 0.7 0.2 26304
train 17981
vs, vt 0.5913254395127296 0.04565786710008979
2023-07-26 10:16:49,605 - epoch:8, training loss:1.0007 validation loss:0.5913
Updating learning rate to 9.617608132341072e-05
Updating learning rate to 9.617608132341072e-05
18412 2632 5260 0.7 0.2 26304
train 17981
vs, vt 0.591320626437664 0.04447919907979667
2023-07-26 10:17:11,985 - epoch:9, training loss:0.9997 validation loss:0.5913
Updating learning rate to 9.327790320834669e-05
Updating learning rate to 9.327790320834669e-05
18412 2632 5260 0.7 0.2 26304
train 17981
vs, vt 0.5913260743021965 0.04397029364481568
2023-07-26 10:17:34,412 - epoch:10, training loss:0.9985 validation loss:0.5913
Updating learning rate to 8.963923159254168e-05
Updating learning rate to 8.963923159254168e-05
18412 2632 5260 0.7 0.2 26304
train 17981
vs, vt 0.5913256213068963 0.043140312237665054
2023-07-26 10:17:56,144 - epoch:11, training loss:0.9968 validation loss:0.5913
Updating learning rate to 8.532232515617246e-05
Updating learning rate to 8.532232515617246e-05
18412 2632 5260 0.7 0.2 26304
train 17981
vs, vt 0.5913250580430031 0.04278102959506214
2023-07-26 10:18:18,470 - epoch:12, training loss:0.9954 validation loss:0.5913
Updating learning rate to 8.04010473652379e-05
Updating learning rate to 8.04010473652379e-05
18412 2632 5260 0.7 0.2 26304
train 17981
vs, vt 0.5913235902786255 0.04244145229458809
2023-07-26 10:18:41,652 - epoch:13, training loss:0.9951 validation loss:0.5913
Updating learning rate to 7.495960264717686e-05
Updating learning rate to 7.495960264717686e-05
18412 2632 5260 0.7 0.2 26304
train 17981
vs, vt 0.591325768828392 0.0425890033133328
2023-07-26 10:19:03,012 - epoch:14, training loss:0.9941 validation loss:0.5913
Updating learning rate to 6.909109562976884e-05
Updating learning rate to 6.909109562976884e-05
18412 2632 5260 0.7 0.2 26304
train 17981
vs, vt 0.5913254961371421 0.042299468303099275
2023-07-26 10:19:26,204 - epoch:15, training loss:0.9930 validation loss:0.5913
Updating learning rate to 6.289593809513925e-05
Updating learning rate to 6.289593809513925e-05
18412 2632 5260 0.7 0.2 26304
train 17981
vs, vt 0.591327103972435 0.041471439274027945
2023-07-26 10:19:48,281 - epoch:16, training loss:0.9931 validation loss:0.5913
Updating learning rate to 5.6480130906327764e-05
Updating learning rate to 5.6480130906327764e-05
18412 2632 5260 0.7 0.2 26304
train 17981
vs, vt 0.5913248956203461 0.04142352510243654
2023-07-26 10:20:11,488 - epoch:17, training loss:0.9920 validation loss:0.5913
Updating learning rate to 4.995345030313274e-05
Updating learning rate to 4.995345030313274e-05
18412 2632 5260 0.7 0.2 26304
train 17981
vs, vt 0.5913246586918831 0.0414367847610265
2023-07-26 10:20:34,883 - epoch:18, training loss:0.9919 validation loss:0.5913
Updating learning rate to 4.3427569600212594e-05
Updating learning rate to 4.3427569600212594e-05
18412 2632 5260 0.7 0.2 26304
train 17981
vs, vt 0.5913265749812127 0.040969056030735376
2023-07-26 10:20:57,267 - epoch:19, training loss:0.9910 validation loss:0.5913
Updating learning rate to 3.70141484257102e-05
Updating learning rate to 3.70141484257102e-05
18412 2632 5260 0.7 0.2 26304
train 17981
vs, vt 0.5913256883621216 0.04051825236529112
2023-07-26 10:21:20,100 - epoch:20, training loss:0.9910 validation loss:0.5913
Updating learning rate to 3.0822922194057626e-05
Updating learning rate to 3.0822922194057626e-05
18412 2632 5260 0.7 0.2 26304
train 17981
vs, vt 0.5913255527615547 0.040221689641475676
2023-07-26 10:21:43,372 - epoch:21, training loss:0.9902 validation loss:0.5913
Updating learning rate to 2.4959824502610635e-05
Updating learning rate to 2.4959824502610635e-05
18412 2632 5260 0.7 0.2 26304
train 17981
vs, vt 0.5913279384374619 0.04004110153764486
2023-07-26 10:22:05,110 - epoch:22, training loss:0.9905 validation loss:0.5913
Updating learning rate to 1.9525174578427625e-05
Updating learning rate to 1.9525174578427625e-05
18412 2632 5260 0.7 0.2 26304
train 17981
vs, vt 0.591327391564846 0.04001327743753791
2023-07-26 10:22:27,683 - epoch:23, training loss:0.9904 validation loss:0.5913
Updating learning rate to 1.4611960788481038e-05
Updating learning rate to 1.4611960788481038e-05
18412 2632 5260 0.7 0.2 26304
train 17981
vs, vt 0.5913275972008705 0.039867944875732066
2023-07-26 10:22:51,185 - epoch:24, training loss:0.9897 validation loss:0.5913
Updating learning rate to 1.0304249582917059e-05
Updating learning rate to 1.0304249582917059e-05
18412 2632 5260 0.7 0.2 26304
train 17981
vs, vt 0.5913267523050308 0.03987797941081226
2023-07-26 10:23:14,365 - epoch:25, training loss:0.9899 validation loss:0.5913
Updating learning rate to 6.675747094786052e-06
Updating learning rate to 6.675747094786052e-06
18412 2632 5260 0.7 0.2 26304
train 17981
vs, vt 0.5913266837596893 0.03966516358777881
2023-07-26 10:23:37,780 - epoch:26, training loss:0.9901 validation loss:0.5913
Updating learning rate to 3.7885380076709116e-06
Updating learning rate to 3.7885380076709116e-06
18412 2632 5260 0.7 0.2 26304
train 17981
vs, vt 0.5913268879055977 0.03962286012247205
2023-07-26 10:24:00,768 - epoch:27, training loss:0.9892 validation loss:0.5913
Updating learning rate to 1.6920232695377565e-06
Updating learning rate to 1.6920232695377565e-06
18412 2632 5260 0.7 0.2 26304
train 17981
vs, vt 0.591326753795147 0.039563771430402996
2023-07-26 10:24:23,615 - epoch:28, training loss:0.9898 validation loss:0.5913
Updating learning rate to 4.220748288197363e-07
Updating learning rate to 4.220748288197363e-07
18412 2632 5260 0.7 0.2 26304
train 17981
vs, vt 0.5913267642259598 0.039573867619037625
2023-07-26 10:24:46,621 - epoch:29, training loss:0.9890 validation loss:0.5913
Updating learning rate to 4.218554337707414e-10
Updating learning rate to 4.218554337707414e-10
check exp/ECL-PatchTST2023-07-26-10:12:39.933564/0/0.5913_epoch_9.pkl  &  0.039563771430402996
2023-07-26 10:24:48,769 - [*] loss:1.2290
2023-07-26 10:24:48,770 - [*] phase 0, testing
2023-07-26 10:24:48,779 - T:96	MAE	1.007258	RMSE	1.236388	MAPE	119.737959
2023-07-26 10:24:48,779 - 96	mae	1.0073	
2023-07-26 10:24:48,779 - 96	rmse	1.2364	
2023-07-26 10:24:48,779 - 96	mape	119.7380	
2023-07-26 10:24:50,853 - [*] loss:0.0827
2023-07-26 10:24:50,854 - [*] phase 0, testing
2023-07-26 10:24:50,863 - T:96	MAE	0.180326	RMSE	0.083342	MAPE	45.355782
2023-07-26 10:24:50,863 - 96	mae	0.1803	
2023-07-26 10:24:50,863 - 96	rmse	0.0833	
2023-07-26 10:24:50,863 - 96	mape	45.3558	
