2023-07-25 20:19:44,056 - logger name:exp/ECL-PatchTST2023-07-25-20:19:44.056230/ECL-PatchTST.log
2023-07-25 20:19:44,056 - params : {'conf': 'ECL-PatchTST', 'data_name': 'electricity', 'iteration': 1, 'load': True, 'build_graph': False, 'same_init': False, 'grad_norm': False, 'root_path': '', 'exp_path': 'exp/', 'val_test_mix': False, 'pred_len': 96, 'noise_rate': 0.1, 'device': device(type='cuda', index=1), 'test_model_path': '/Disk/fhyega/code/BASE/exp/ECL-PatchTST2023-07-23-21:59:42.618606/0/0.0379_epoch_25.pkl', 'idx': 89, 'aligner': 0, 'refiner': 1, 'refiner_block_num': 3, 'enhance': 0, 'seed': 2021, 'batch_size': 128, '/* model related args*/': '//', 'model_name': 'PatchTST', 'seq_len': 336, 'label_len': 48, 'features': 'M', 'target': 'OT', 'graph_input': False, 'individual': False, 'e_layers': 3, 'd_layers': 1, 'factor': 1, 'n_heads': 16, 'd_model': 128, 'd_ff': 256, 'dropout': 0.2, 'fc_dropout': 0.2, 'head_dropout': 0.0, 'patch_len': 16, 'stride': 8, 'des': 'Exp', 'padding_patch': 'end', 'revin': 1, 'affine': 0, 'subtract_last': 0, 'decomposition': 0, 'kernel_size': 25, 'output_attention': 0, 'embed_type': 0, 'activation': 'gelu', 'lradj': 'TST', 'distil': 1, 'linear_output': 1, 'pct_start': 0.2, '/*train related args*/': '//', 'train': True, 'epoch': 30, 'lr': 0.0001, 'loss': 'mse', '/*dataset related args*/': '//', 'save_data_path': 'data/ECL/', 'data_process': True, 'embed': 'timeF', 'freq': 'h', 'begin_phase': 0, 'end_phase': 1, 'phase_len': 26304, 'val_ratio': 0.33, 'graph_size': 321, '/*strategy related args*/': '//', 'strategy': 'incremental', 'increase': False, 'detect': False, 'detect_strategy': 'feature', 'replay': False, 'replay_strategy': 'random', 'repaly_num_samples': 100, 'ewc': False, 'ewc_strategy': 'ewc', 'ewc_lambda': 0.0001, 'subgraph_train': False, 'num_hops': 2, 'logname': 'ECL-PatchTST', 'time': '2023-07-25-20:19:44.056230', 'path': 'exp/ECL-PatchTST2023-07-25-20:19:44.056230', 'num_workers': 4, 'start_train': 0, 'train_mode': 'pretrain', 'get_score': False, 'use_cm': True, 'logger': <Logger __main__ (INFO)>}
2023-07-25 20:19:44,057 - [*] phase 0 start training
0 26304
18412 2632 5260 0.7 0.2 26304
train 17981
18412 2632 5260 0.7 0.2 26304
val 2537
18412 2632 5260 0.7 0.2 26304
test 5165
2023-07-25 20:19:55,891 - [*] phase 0 Dataset load!
2023-07-25 20:19:56,837 - [*] phase 0 Training start
18412 2632 5260 0.7 0.2 26304
train 17981
2023-07-25 20:20:04,293 - epoch:0, training loss:0.5561 validation loss:0.1164
18412 2632 5260 0.7 0.2 26304
train 17981
vs, vt 0.11639411561191082 0.11022027097642421
Updating learning rate to 1.0445766508069865e-05
Updating learning rate to 1.0445766508069865e-05
18412 2632 5260 0.7 0.2 26304
train 17981
vs, vt 0.07302228985354305 0.07225048104301095
2023-07-25 20:20:19,480 - epoch:1, training loss:0.3367 validation loss:0.0730
Updating learning rate to 2.805190328742299e-05
Updating learning rate to 2.805190328742299e-05
18412 2632 5260 0.7 0.2 26304
train 17981
vs, vt 0.06070638168603182 0.06061852294951677
2023-07-25 20:20:30,171 - epoch:2, training loss:0.2332 validation loss:0.0607
Updating learning rate to 5.208986672185724e-05
Updating learning rate to 5.208986672185724e-05
18412 2632 5260 0.7 0.2 26304
train 17981
vs, vt 0.05390040595084429 0.05441763885319233
2023-07-25 20:20:40,691 - epoch:3, training loss:0.1807 validation loss:0.0539
Updating learning rate to 7.610369432687743e-05
Updating learning rate to 7.610369432687743e-05
18412 2632 5260 0.7 0.2 26304
train 17981
vs, vt 0.049902099184691906 0.05144829610362649
2023-07-25 20:20:51,381 - epoch:4, training loss:0.1564 validation loss:0.0499
Updating learning rate to 9.364390586469177e-05
Updating learning rate to 9.364390586469177e-05
18412 2632 5260 0.7 0.2 26304
train 17981
vs, vt 0.0482129966840148 0.04890024298802018
2023-07-25 20:21:02,648 - epoch:5, training loss:0.1444 validation loss:0.0482
Updating learning rate to 9.999997814456623e-05
Updating learning rate to 9.999997814456623e-05
18412 2632 5260 0.7 0.2 26304
train 17981
vs, vt 0.04674857137724757 0.04766252795234323
2023-07-25 20:21:13,958 - epoch:6, training loss:0.1367 validation loss:0.0467
Updating learning rate to 9.956612105134122e-05
Updating learning rate to 9.956612105134122e-05
18412 2632 5260 0.7 0.2 26304
train 17981
vs, vt 0.046813891548663375 0.046614464931190015
2023-07-25 20:21:24,849 - epoch:7, training loss:0.1314 validation loss:0.0468
Updating learning rate to 9.828417730665822e-05
Updating learning rate to 9.828417730665822e-05
18412 2632 5260 0.7 0.2 26304
train 17981
vs, vt 0.045677018258720635 0.04575700159184635
2023-07-25 20:21:35,876 - epoch:8, training loss:0.1279 validation loss:0.0457
Updating learning rate to 9.617608132341072e-05
Updating learning rate to 9.617608132341072e-05
18412 2632 5260 0.7 0.2 26304
train 17981
vs, vt 0.04468462001532316 0.04535643551498651
2023-07-25 20:21:47,244 - epoch:9, training loss:0.1240 validation loss:0.0447
Updating learning rate to 9.327790320834669e-05
Updating learning rate to 9.327790320834669e-05
18412 2632 5260 0.7 0.2 26304
train 17981
vs, vt 0.045392563100904226 0.044521598424762485
2023-07-25 20:21:58,170 - epoch:10, training loss:0.1213 validation loss:0.0454
Updating learning rate to 8.963923159254168e-05
Updating learning rate to 8.963923159254168e-05
18412 2632 5260 0.7 0.2 26304
train 17981
vs, vt 0.04429640797898173 0.04409887888468802
2023-07-25 20:22:09,310 - epoch:11, training loss:0.1187 validation loss:0.0443
Updating learning rate to 8.532232515617246e-05
Updating learning rate to 8.532232515617246e-05
18412 2632 5260 0.7 0.2 26304
train 17981
vs, vt 0.044485161220654844 0.044196392968297006
2023-07-25 20:22:20,221 - epoch:12, training loss:0.1167 validation loss:0.0445
Updating learning rate to 8.04010473652379e-05
Updating learning rate to 8.04010473652379e-05
18412 2632 5260 0.7 0.2 26304
train 17981
vs, vt 0.04386377758346498 0.0430814724881202
2023-07-25 20:22:31,526 - epoch:13, training loss:0.1152 validation loss:0.0439
Updating learning rate to 7.495960264717686e-05
Updating learning rate to 7.495960264717686e-05
18412 2632 5260 0.7 0.2 26304
train 17981
vs, vt 0.04348351783119142 0.04300782536156476
2023-07-25 20:22:43,026 - epoch:14, training loss:0.1132 validation loss:0.0435
Updating learning rate to 6.909109562976884e-05
Updating learning rate to 6.909109562976884e-05
18412 2632 5260 0.7 0.2 26304
train 17981
vs, vt 0.043650857917964456 0.04282121523283422
2023-07-25 20:22:54,310 - epoch:15, training loss:0.1112 validation loss:0.0437
Updating learning rate to 6.289593809513925e-05
Updating learning rate to 6.289593809513925e-05
18412 2632 5260 0.7 0.2 26304
train 17981
vs, vt 0.04233350707218051 0.04238276360556483
2023-07-25 20:23:05,687 - epoch:16, training loss:0.1099 validation loss:0.0423
Updating learning rate to 5.6480130906327764e-05
Updating learning rate to 5.6480130906327764e-05
18412 2632 5260 0.7 0.2 26304
train 17981
vs, vt 0.043718425929546355 0.04161806958727539
2023-07-25 20:23:16,947 - epoch:17, training loss:0.1085 validation loss:0.0437
Updating learning rate to 4.995345030313274e-05
Updating learning rate to 4.995345030313274e-05
18412 2632 5260 0.7 0.2 26304
train 17981
vs, vt 0.042127385595813395 0.04154684105888009
2023-07-25 20:23:28,159 - epoch:18, training loss:0.1072 validation loss:0.0421
Updating learning rate to 4.3427569600212594e-05
Updating learning rate to 4.3427569600212594e-05
18412 2632 5260 0.7 0.2 26304
train 17981
vs, vt 0.04181148810312152 0.041207165084779264
2023-07-25 20:23:39,535 - epoch:19, training loss:0.1063 validation loss:0.0418
Updating learning rate to 3.70141484257102e-05
Updating learning rate to 3.70141484257102e-05
18412 2632 5260 0.7 0.2 26304
train 17981
vs, vt 0.04243949432857334 0.0408393133431673
2023-07-25 20:23:50,894 - epoch:20, training loss:0.1049 validation loss:0.0424
Updating learning rate to 3.0822922194057626e-05
Updating learning rate to 3.0822922194057626e-05
18412 2632 5260 0.7 0.2 26304
train 17981
vs, vt 0.04148297961801291 0.040894308732822536
2023-07-25 20:24:02,093 - epoch:21, training loss:0.1041 validation loss:0.0415
Updating learning rate to 2.4959824502610635e-05
Updating learning rate to 2.4959824502610635e-05
18412 2632 5260 0.7 0.2 26304
train 17981
vs, vt 0.04138308828696609 0.040576539700850844
2023-07-25 20:24:13,415 - epoch:22, training loss:0.1032 validation loss:0.0414
Updating learning rate to 1.9525174578427625e-05
Updating learning rate to 1.9525174578427625e-05
18412 2632 5260 0.7 0.2 26304
train 17981
vs, vt 0.041478635743260384 0.04052145648747683
2023-07-25 20:24:24,575 - epoch:23, training loss:0.1029 validation loss:0.0415
Updating learning rate to 1.4611960788481038e-05
Updating learning rate to 1.4611960788481038e-05
18412 2632 5260 0.7 0.2 26304
train 17981
vs, vt 0.041612233174964784 0.04044071920216084
2023-07-25 20:24:36,187 - epoch:24, training loss:0.1021 validation loss:0.0416
Updating learning rate to 1.0304249582917059e-05
Updating learning rate to 1.0304249582917059e-05
18412 2632 5260 0.7 0.2 26304
train 17981
vs, vt 0.041047032177448275 0.04023965853266418
2023-07-25 20:24:47,613 - epoch:25, training loss:0.1017 validation loss:0.0410
Updating learning rate to 6.675747094786052e-06
Updating learning rate to 6.675747094786052e-06
18412 2632 5260 0.7 0.2 26304
train 17981
vs, vt 0.04122956558130682 0.04011808629147708
2023-07-25 20:24:59,217 - epoch:26, training loss:0.1010 validation loss:0.0412
Updating learning rate to 3.7885380076709116e-06
Updating learning rate to 3.7885380076709116e-06
18412 2632 5260 0.7 0.2 26304
train 17981
vs, vt 0.04111265609972179 0.04007818391546607
2023-07-25 20:25:10,447 - epoch:27, training loss:0.1010 validation loss:0.0411
Updating learning rate to 1.6920232695377565e-06
Updating learning rate to 1.6920232695377565e-06
18412 2632 5260 0.7 0.2 26304
train 17981
vs, vt 0.041108474042266606 0.04002671306952834
2023-07-25 20:25:21,962 - epoch:28, training loss:0.1010 validation loss:0.0411
Updating learning rate to 4.220748288197363e-07
Updating learning rate to 4.220748288197363e-07
18412 2632 5260 0.7 0.2 26304
train 17981
vs, vt 0.04101353632286191 0.04000618271529675
2023-07-25 20:25:33,243 - epoch:29, training loss:0.1009 validation loss:0.0410
Updating learning rate to 4.218554337707414e-10
Updating learning rate to 4.218554337707414e-10
check exp/ECL-PatchTST2023-07-25-20:19:44.056230/0/0.041_epoch_29.pkl  &  0.04000618271529675
2023-07-25 20:25:34,034 - [*] loss:0.0821
2023-07-25 20:25:34,035 - [*] phase 0, testing
2023-07-25 20:25:34,044 - T:96	MAE	0.181975	RMSE	0.082617	MAPE	45.988753
2023-07-25 20:25:34,044 - 96	mae	0.1820	
2023-07-25 20:25:34,045 - 96	rmse	0.0826	
2023-07-25 20:25:34,045 - 96	mape	45.9888	
2023-07-25 20:25:34,652 - [*] loss:0.0812
2023-07-25 20:25:34,653 - [*] phase 0, testing
2023-07-25 20:25:34,661 - T:96	MAE	0.178617	RMSE	0.081810	MAPE	44.611135
2023-07-25 20:25:34,661 - 96	mae	0.1786	
2023-07-25 20:25:34,662 - 96	rmse	0.0818	
2023-07-25 20:25:34,662 - 96	mape	44.6111	
