2023-07-27 23:35:40,755 - logger name:exp/ECL-PatchTST2023-07-27-23:35:40.754801/ECL-PatchTST.log
2023-07-27 23:35:40,755 - params : {'conf': 'ECL-PatchTST', 'data_name': 'electricity', 'iteration': 1, 'load': True, 'build_graph': False, 'same_init': True, 'grad_norm': False, 'refiner_no_residual': False, 'root_path': '', 'exp_path': 'exp/', 'val_test_mix': False, 'pred_len': 96, 'noise_rate': 0.1, 'device': device(type='cuda', index=1), 'test_model_path': '/Disk/fhyega/code/BASE/exp/ECL-PatchTST2023-07-23-21:59:42.618606/0/0.0379_epoch_25.pkl', 'idx': 166, 'aligner': 1, 'refiner': 0, 'refiner_block_num': 1, 'enhance': 0, 'seed': 3040, 'batch_size': 128, '/* model related args*/': '//', 'model_name': 'PatchTST', 'seq_len': 336, 'label_len': 48, 'features': 'M', 'target': 'OT', 'graph_input': False, 'individual': False, 'e_layers': 3, 'd_layers': 1, 'factor': 1, 'n_heads': 16, 'd_model': 128, 'd_ff': 256, 'dropout': 0.2, 'fc_dropout': 0.2, 'head_dropout': 0.0, 'patch_len': 16, 'stride': 8, 'des': 'Exp', 'padding_patch': 'end', 'revin': 1, 'affine': 0, 'subtract_last': 0, 'decomposition': 0, 'kernel_size': 25, 'output_attention': 0, 'embed_type': 0, 'activation': 'gelu', 'lradj': 'TST', 'distil': 1, 'linear_output': 1, 'pct_start': 0.2, '/*train related args*/': '//', 'train': True, 'epoch': 30, 'lr': 0.0001, 'loss': 'mse', '/*dataset related args*/': '//', 'save_data_path': 'data/ECL/', 'data_process': True, 'embed': 'timeF', 'freq': 'h', 'begin_phase': 0, 'end_phase': 1, 'phase_len': 26304, 'val_ratio': 0.33, 'graph_size': 321, '/*strategy related args*/': '//', 'strategy': 'incremental', 'increase': False, 'detect': False, 'detect_strategy': 'feature', 'replay': False, 'replay_strategy': 'random', 'repaly_num_samples': 100, 'ewc': False, 'ewc_strategy': 'ewc', 'ewc_lambda': 0.0001, 'subgraph_train': False, 'num_hops': 2, 'logname': 'ECL-PatchTST', 'time': '2023-07-27-23:35:40.754801', 'path': 'exp/ECL-PatchTST2023-07-27-23:35:40.754801', 'num_workers': 4, 'start_train': 0, 'train_mode': 'pretrain', 'get_score': False, 'use_cm': True, 'logger': <Logger __main__ (INFO)>}
2023-07-27 23:35:40,755 - [*] phase 0 start training
0 26304
18412 2632 5260 0.7 0.2 26304
train 17981
18412 2632 5260 0.7 0.2 26304
val 2537
18412 2632 5260 0.7 0.2 26304
test 5165
2023-07-27 23:35:53,550 - [*] phase 0 Dataset load!
2023-07-27 23:35:54,594 - [*] phase 0 Training start
18412 2632 5260 0.7 0.2 26304
train 17981
2023-07-27 23:36:06,498 - epoch:0, training loss:0.5877 validation loss:0.1724
18412 2632 5260 0.7 0.2 26304
train 17981
vs, vt 0.17243348248302937 0.17170661315321922
Updating learning rate to 1.0445766508069865e-05
Updating learning rate to 1.0445766508069865e-05
18412 2632 5260 0.7 0.2 26304
train 17981
vs, vt 0.12086212281137705 0.12178049571812152
2023-07-27 23:36:26,388 - epoch:1, training loss:1.6877 validation loss:0.1209
Updating learning rate to 2.805190328742299e-05
Updating learning rate to 2.805190328742299e-05
18412 2632 5260 0.7 0.2 26304
train 17981
vs, vt 0.10389263294637203 0.10440076272934676
2023-07-27 23:36:37,759 - epoch:2, training loss:1.0982 validation loss:0.1039
Updating learning rate to 5.208986672185724e-05
Updating learning rate to 5.208986672185724e-05
18412 2632 5260 0.7 0.2 26304
train 17981
vs, vt 0.09551312196999788 0.09384030885994435
2023-07-27 23:36:49,445 - epoch:3, training loss:0.7895 validation loss:0.0955
Updating learning rate to 7.610369432687743e-05
Updating learning rate to 7.610369432687743e-05
18412 2632 5260 0.7 0.2 26304
train 17981
vs, vt 0.09052284387871623 0.08933671014383435
2023-07-27 23:37:00,671 - epoch:4, training loss:0.6469 validation loss:0.0905
Updating learning rate to 9.364390586469177e-05
Updating learning rate to 9.364390586469177e-05
18412 2632 5260 0.7 0.2 26304
train 17981
vs, vt 0.08833045195788145 0.08587607890367507
2023-07-27 23:37:12,154 - epoch:5, training loss:0.5704 validation loss:0.0883
Updating learning rate to 9.999997814456623e-05
Updating learning rate to 9.999997814456623e-05
18412 2632 5260 0.7 0.2 26304
train 17981
vs, vt 0.08622685316950082 0.08387401327490807
2023-07-27 23:37:24,264 - epoch:6, training loss:0.5211 validation loss:0.0862
Updating learning rate to 9.956612105134122e-05
Updating learning rate to 9.956612105134122e-05
18412 2632 5260 0.7 0.2 26304
train 17981
vs, vt 0.08684745756909251 0.08342009074985982
2023-07-27 23:37:35,803 - epoch:7, training loss:0.4889 validation loss:0.0868
Updating learning rate to 9.828417730665822e-05
Updating learning rate to 9.828417730665822e-05
18412 2632 5260 0.7 0.2 26304
train 17981
vs, vt 0.08464196566492319 0.08257526215165853
2023-07-27 23:37:47,278 - epoch:8, training loss:0.4634 validation loss:0.0846
Updating learning rate to 9.617608132341072e-05
Updating learning rate to 9.617608132341072e-05
18412 2632 5260 0.7 0.2 26304
train 17981
vs, vt 0.08358684293925762 0.08281312072649598
2023-07-27 23:37:59,119 - epoch:9, training loss:0.4440 validation loss:0.0836
Updating learning rate to 9.327790320834669e-05
Updating learning rate to 9.327790320834669e-05
18412 2632 5260 0.7 0.2 26304
train 17981
vs, vt 0.0830256232060492 0.08129128199070693
2023-07-27 23:38:10,253 - epoch:10, training loss:0.4298 validation loss:0.0830
Updating learning rate to 8.963923159254168e-05
Updating learning rate to 8.963923159254168e-05
18412 2632 5260 0.7 0.2 26304
train 17981
vs, vt 0.08530110381543636 0.0821391187608242
2023-07-27 23:38:21,509 - epoch:11, training loss:0.4167 validation loss:0.0853
Updating learning rate to 8.532232515617246e-05
Updating learning rate to 8.532232515617246e-05
18412 2632 5260 0.7 0.2 26304
train 17981
vs, vt 0.0823798212222755 0.0816375209018588
2023-07-27 23:38:33,646 - epoch:12, training loss:0.4069 validation loss:0.0824
Updating learning rate to 8.04010473652379e-05
Updating learning rate to 8.04010473652379e-05
18412 2632 5260 0.7 0.2 26304
train 17981
vs, vt 0.08165033962577581 0.08089848449453711
2023-07-27 23:38:45,866 - epoch:13, training loss:0.3991 validation loss:0.0817
Updating learning rate to 7.495960264717686e-05
Updating learning rate to 7.495960264717686e-05
18412 2632 5260 0.7 0.2 26304
train 17981
vs, vt 0.08065805081278085 0.08034144472330809
2023-07-27 23:38:57,851 - epoch:14, training loss:0.3917 validation loss:0.0807
Updating learning rate to 6.909109562976884e-05
Updating learning rate to 6.909109562976884e-05
18412 2632 5260 0.7 0.2 26304
train 17981
vs, vt 0.08256008233875037 0.08104440141469241
2023-07-27 23:39:08,871 - epoch:15, training loss:0.3851 validation loss:0.0826
Updating learning rate to 6.289593809513925e-05
Updating learning rate to 6.289593809513925e-05
18412 2632 5260 0.7 0.2 26304
train 17981
vs, vt 0.08076977329328656 0.07977608339861035
2023-07-27 23:39:26,569 - epoch:16, training loss:0.3801 validation loss:0.0808
Updating learning rate to 5.6480130906327764e-05
Updating learning rate to 5.6480130906327764e-05
18412 2632 5260 0.7 0.2 26304
train 17981
vs, vt 0.0822120064869523 0.08034877236932517
2023-07-27 23:39:41,091 - epoch:17, training loss:0.3749 validation loss:0.0822
Updating learning rate to 4.995345030313274e-05
Updating learning rate to 4.995345030313274e-05
18412 2632 5260 0.7 0.2 26304
train 17981
vs, vt 0.0799327996559441 0.07953041456639767
2023-07-27 23:39:52,958 - epoch:18, training loss:0.3721 validation loss:0.0799
Updating learning rate to 4.3427569600212594e-05
Updating learning rate to 4.3427569600212594e-05
18412 2632 5260 0.7 0.2 26304
train 17981
vs, vt 0.08016362013295293 0.07868841262534261
2023-07-27 23:40:04,900 - epoch:19, training loss:0.3677 validation loss:0.0802
Updating learning rate to 3.70141484257102e-05
Updating learning rate to 3.70141484257102e-05
18412 2632 5260 0.7 0.2 26304
train 17981
vs, vt 0.07908249543979765 0.07856063032522798
2023-07-27 23:40:16,351 - epoch:20, training loss:0.3655 validation loss:0.0791
Updating learning rate to 3.0822922194057626e-05
Updating learning rate to 3.0822922194057626e-05
18412 2632 5260 0.7 0.2 26304
train 17981
vs, vt 0.07960688900202513 0.07892964463680982
2023-07-27 23:40:38,023 - epoch:21, training loss:0.3622 validation loss:0.0796
Updating learning rate to 2.4959824502610635e-05
Updating learning rate to 2.4959824502610635e-05
18412 2632 5260 0.7 0.2 26304
train 17981
vs, vt 0.07859984701499342 0.07841257508844138
2023-07-27 23:40:59,018 - epoch:22, training loss:0.3603 validation loss:0.0786
Updating learning rate to 1.9525174578427625e-05
Updating learning rate to 1.9525174578427625e-05
18412 2632 5260 0.7 0.2 26304
train 17981
vs, vt 0.07828637743368745 0.07804274074733257
2023-07-27 23:41:11,590 - epoch:23, training loss:0.3587 validation loss:0.0783
Updating learning rate to 1.4611960788481038e-05
Updating learning rate to 1.4611960788481038e-05
18412 2632 5260 0.7 0.2 26304
train 17981
vs, vt 0.07840250534936785 0.07790617393329739
2023-07-27 23:41:24,909 - epoch:24, training loss:0.3569 validation loss:0.0784
Updating learning rate to 1.0304249582917059e-05
Updating learning rate to 1.0304249582917059e-05
18412 2632 5260 0.7 0.2 26304
train 17981
vs, vt 0.07836766559630633 0.07789632249623538
2023-07-27 23:41:45,215 - epoch:25, training loss:0.3562 validation loss:0.0784
Updating learning rate to 6.675747094786052e-06
Updating learning rate to 6.675747094786052e-06
18412 2632 5260 0.7 0.2 26304
train 17981
vs, vt 0.07823182987049222 0.0777890020981431
2023-07-27 23:42:01,891 - epoch:26, training loss:0.3550 validation loss:0.0782
Updating learning rate to 3.7885380076709116e-06
Updating learning rate to 3.7885380076709116e-06
18412 2632 5260 0.7 0.2 26304
train 17981
vs, vt 0.07812517881393433 0.07778323804959655
2023-07-27 23:42:13,688 - epoch:27, training loss:0.3546 validation loss:0.0781
Updating learning rate to 1.6920232695377565e-06
Updating learning rate to 1.6920232695377565e-06
18412 2632 5260 0.7 0.2 26304
train 17981
vs, vt 0.07802029829472304 0.07772222859784961
2023-07-27 23:42:25,655 - epoch:28, training loss:0.3544 validation loss:0.0780
Updating learning rate to 4.220748288197363e-07
Updating learning rate to 4.220748288197363e-07
18412 2632 5260 0.7 0.2 26304
train 17981
vs, vt 0.07799002807587385 0.07763623213395476
2023-07-27 23:42:37,976 - epoch:29, training loss:0.3543 validation loss:0.0780
Updating learning rate to 4.218554337707414e-10
Updating learning rate to 4.218554337707414e-10
check exp/ECL-PatchTST2023-07-27-23:35:40.754801/0/0.078_epoch_29.pkl  &  0.07763623213395476
2023-07-27 23:42:38,707 - [*] loss:0.1284
2023-07-27 23:42:38,709 - [*] phase 0, testing
2023-07-27 23:42:38,717 - T:96	MAE	0.247814	RMSE	0.129233	MAPE	65.943938
2023-07-27 23:42:38,717 - 96	mae	0.2478	
2023-07-27 23:42:38,717 - 96	rmse	0.1292	
2023-07-27 23:42:38,717 - 96	mape	65.9439	
2023-07-27 23:42:40,251 - [*] loss:0.1295
2023-07-27 23:42:40,253 - [*] phase 0, testing
2023-07-27 23:42:40,260 - T:96	MAE	0.248342	RMSE	0.130449	MAPE	64.319098
2023-07-27 23:42:40,260 - 96	mae	0.2483	
2023-07-27 23:42:40,260 - 96	rmse	0.1304	
2023-07-27 23:42:40,261 - 96	mape	64.3191	
