2023-07-27 23:48:42,915 - logger name:exp/ECL-PatchTST2023-07-27-23:48:42.915149/ECL-PatchTST.log
2023-07-27 23:48:42,915 - params : {'conf': 'ECL-PatchTST', 'data_name': 'electricity', 'iteration': 1, 'load': True, 'build_graph': False, 'same_init': True, 'grad_norm': False, 'refiner_no_residual': False, 'root_path': '', 'exp_path': 'exp/', 'val_test_mix': False, 'pred_len': 96, 'noise_rate': 0.1, 'device': device(type='cuda', index=1), 'test_model_path': '/Disk/fhyega/code/BASE/exp/ECL-PatchTST2023-07-23-21:59:42.618606/0/0.0379_epoch_25.pkl', 'idx': 166, 'aligner': 1, 'refiner': 0, 'refiner_block_num': 1, 'enhance': 0, 'seed': 4040, 'batch_size': 128, '/* model related args*/': '//', 'model_name': 'PatchTST', 'seq_len': 336, 'label_len': 48, 'features': 'M', 'target': 'OT', 'graph_input': False, 'individual': False, 'e_layers': 3, 'd_layers': 1, 'factor': 1, 'n_heads': 16, 'd_model': 128, 'd_ff': 256, 'dropout': 0.2, 'fc_dropout': 0.2, 'head_dropout': 0.0, 'patch_len': 16, 'stride': 8, 'des': 'Exp', 'padding_patch': 'end', 'revin': 1, 'affine': 0, 'subtract_last': 0, 'decomposition': 0, 'kernel_size': 25, 'output_attention': 0, 'embed_type': 0, 'activation': 'gelu', 'lradj': 'TST', 'distil': 1, 'linear_output': 1, 'pct_start': 0.2, '/*train related args*/': '//', 'train': True, 'epoch': 30, 'lr': 0.0001, 'loss': 'mse', '/*dataset related args*/': '//', 'save_data_path': 'data/ECL/', 'data_process': True, 'embed': 'timeF', 'freq': 'h', 'begin_phase': 0, 'end_phase': 1, 'phase_len': 26304, 'val_ratio': 0.33, 'graph_size': 321, '/*strategy related args*/': '//', 'strategy': 'incremental', 'increase': False, 'detect': False, 'detect_strategy': 'feature', 'replay': False, 'replay_strategy': 'random', 'repaly_num_samples': 100, 'ewc': False, 'ewc_strategy': 'ewc', 'ewc_lambda': 0.0001, 'subgraph_train': False, 'num_hops': 2, 'logname': 'ECL-PatchTST', 'time': '2023-07-27-23:48:42.915149', 'path': 'exp/ECL-PatchTST2023-07-27-23:48:42.915149', 'num_workers': 4, 'start_train': 0, 'train_mode': 'pretrain', 'get_score': False, 'use_cm': True, 'logger': <Logger __main__ (INFO)>}
2023-07-27 23:48:42,915 - [*] phase 0 start training
0 26304
18412 2632 5260 0.7 0.2 26304
train 17981
18412 2632 5260 0.7 0.2 26304
val 2537
18412 2632 5260 0.7 0.2 26304
test 5165
2023-07-27 23:48:55,275 - [*] phase 0 Dataset load!
2023-07-27 23:48:56,240 - [*] phase 0 Training start
18412 2632 5260 0.7 0.2 26304
train 17981
2023-07-27 23:49:05,664 - epoch:0, training loss:0.5569 validation loss:0.1652
18412 2632 5260 0.7 0.2 26304
train 17981
vs, vt 0.16519701182842256 0.16391002349555492
Updating learning rate to 1.0445766508069865e-05
Updating learning rate to 1.0445766508069865e-05
18412 2632 5260 0.7 0.2 26304
train 17981
vs, vt 0.11897541712969542 0.11836798638105392
2023-07-27 23:49:21,976 - epoch:1, training loss:1.7224 validation loss:0.1190
Updating learning rate to 2.805190328742299e-05
Updating learning rate to 2.805190328742299e-05
18412 2632 5260 0.7 0.2 26304
train 17981
vs, vt 0.10548369213938713 0.1043142495676875
2023-07-27 23:49:33,111 - epoch:2, training loss:1.1047 validation loss:0.1055
Updating learning rate to 5.208986672185724e-05
Updating learning rate to 5.208986672185724e-05
18412 2632 5260 0.7 0.2 26304
train 17981
vs, vt 0.09570147031918168 0.09534926619380713
2023-07-27 23:49:44,413 - epoch:3, training loss:0.7928 validation loss:0.0957
Updating learning rate to 7.610369432687743e-05
Updating learning rate to 7.610369432687743e-05
18412 2632 5260 0.7 0.2 26304
train 17981
vs, vt 0.09137131553143263 0.09037383170798421
2023-07-27 23:49:55,499 - epoch:4, training loss:0.6521 validation loss:0.0914
Updating learning rate to 9.364390586469177e-05
Updating learning rate to 9.364390586469177e-05
18412 2632 5260 0.7 0.2 26304
train 17981
vs, vt 0.08882488617673516 0.08631964633241296
2023-07-27 23:50:06,530 - epoch:5, training loss:0.5764 validation loss:0.0888
Updating learning rate to 9.999997814456623e-05
Updating learning rate to 9.999997814456623e-05
18412 2632 5260 0.7 0.2 26304
train 17981
vs, vt 0.08677535336464644 0.08456906238570809
2023-07-27 23:50:18,550 - epoch:6, training loss:0.5270 validation loss:0.0868
Updating learning rate to 9.956612105134122e-05
Updating learning rate to 9.956612105134122e-05
18412 2632 5260 0.7 0.2 26304
train 17981
vs, vt 0.08433362981304526 0.08304386241361499
2023-07-27 23:50:31,100 - epoch:7, training loss:0.4926 validation loss:0.0843
Updating learning rate to 9.828417730665822e-05
Updating learning rate to 9.828417730665822e-05
18412 2632 5260 0.7 0.2 26304
train 17981
vs, vt 0.08578926622867585 0.08235138859599829
2023-07-27 23:50:42,656 - epoch:8, training loss:0.4670 validation loss:0.0858
Updating learning rate to 9.617608132341072e-05
Updating learning rate to 9.617608132341072e-05
18412 2632 5260 0.7 0.2 26304
train 17981
vs, vt 0.08588842228055 0.08248159009963274
2023-07-27 23:50:53,799 - epoch:9, training loss:0.4478 validation loss:0.0859
Updating learning rate to 9.327790320834669e-05
Updating learning rate to 9.327790320834669e-05
18412 2632 5260 0.7 0.2 26304
train 17981
vs, vt 0.08331883922219277 0.08125529857352376
2023-07-27 23:51:04,428 - epoch:10, training loss:0.4325 validation loss:0.0833
Updating learning rate to 8.963923159254168e-05
Updating learning rate to 8.963923159254168e-05
18412 2632 5260 0.7 0.2 26304
train 17981
vs, vt 0.08192665297538042 0.08103592088446021
2023-07-27 23:51:16,392 - epoch:11, training loss:0.4190 validation loss:0.0819
Updating learning rate to 8.532232515617246e-05
Updating learning rate to 8.532232515617246e-05
18412 2632 5260 0.7 0.2 26304
train 17981
vs, vt 0.08395825866609812 0.08027599016204476
2023-07-27 23:51:27,894 - epoch:12, training loss:0.4095 validation loss:0.0840
Updating learning rate to 8.04010473652379e-05
Updating learning rate to 8.04010473652379e-05
18412 2632 5260 0.7 0.2 26304
train 17981
vs, vt 0.0832521840929985 0.08193368632346391
2023-07-27 23:51:39,951 - epoch:13, training loss:0.4017 validation loss:0.0833
Updating learning rate to 7.495960264717686e-05
Updating learning rate to 7.495960264717686e-05
18412 2632 5260 0.7 0.2 26304
train 17981
vs, vt 0.08194269612431526 0.08040287317708135
2023-07-27 23:51:51,082 - epoch:14, training loss:0.3949 validation loss:0.0819
Updating learning rate to 6.909109562976884e-05
Updating learning rate to 6.909109562976884e-05
18412 2632 5260 0.7 0.2 26304
train 17981
vs, vt 0.08008821858093143 0.079521737806499
2023-07-27 23:52:02,804 - epoch:15, training loss:0.3888 validation loss:0.0801
Updating learning rate to 6.289593809513925e-05
Updating learning rate to 6.289593809513925e-05
18412 2632 5260 0.7 0.2 26304
train 17981
vs, vt 0.07970106564462184 0.07928270688280463
2023-07-27 23:52:15,279 - epoch:16, training loss:0.3832 validation loss:0.0797
Updating learning rate to 5.6480130906327764e-05
Updating learning rate to 5.6480130906327764e-05
18412 2632 5260 0.7 0.2 26304
train 17981
vs, vt 0.0816135267727077 0.07935464065521955
2023-07-27 23:52:26,663 - epoch:17, training loss:0.3780 validation loss:0.0816
Updating learning rate to 4.995345030313274e-05
Updating learning rate to 4.995345030313274e-05
18412 2632 5260 0.7 0.2 26304
train 17981
vs, vt 0.07962471041828394 0.07899436773732305
2023-07-27 23:52:38,086 - epoch:18, training loss:0.3748 validation loss:0.0796
Updating learning rate to 4.3427569600212594e-05
Updating learning rate to 4.3427569600212594e-05
18412 2632 5260 0.7 0.2 26304
train 17981
vs, vt 0.07870991230010986 0.07826080182567238
2023-07-27 23:53:00,907 - epoch:19, training loss:0.3708 validation loss:0.0787
Updating learning rate to 3.70141484257102e-05
Updating learning rate to 3.70141484257102e-05
18412 2632 5260 0.7 0.2 26304
train 17981
vs, vt 0.07829771004617214 0.07806938216090202
2023-07-27 23:53:25,116 - epoch:20, training loss:0.3675 validation loss:0.0783
Updating learning rate to 3.0822922194057626e-05
Updating learning rate to 3.0822922194057626e-05
18412 2632 5260 0.7 0.2 26304
train 17981
vs, vt 0.07848390452563762 0.07765216631814838
2023-07-27 23:53:49,522 - epoch:21, training loss:0.3654 validation loss:0.0785
Updating learning rate to 2.4959824502610635e-05
Updating learning rate to 2.4959824502610635e-05
18412 2632 5260 0.7 0.2 26304
train 17981
vs, vt 0.07886383980512619 0.07793479273095727
2023-07-27 23:54:13,704 - epoch:22, training loss:0.3631 validation loss:0.0789
Updating learning rate to 1.9525174578427625e-05
Updating learning rate to 1.9525174578427625e-05
18412 2632 5260 0.7 0.2 26304
train 17981
vs, vt 0.0781901203095913 0.07751413378864527
2023-07-27 23:54:38,442 - epoch:23, training loss:0.3609 validation loss:0.0782
Updating learning rate to 1.4611960788481038e-05
Updating learning rate to 1.4611960788481038e-05
18412 2632 5260 0.7 0.2 26304
train 17981
vs, vt 0.07789066396653652 0.07727084225043654
2023-07-27 23:55:02,943 - epoch:24, training loss:0.3594 validation loss:0.0779
Updating learning rate to 1.0304249582917059e-05
Updating learning rate to 1.0304249582917059e-05
18412 2632 5260 0.7 0.2 26304
train 17981
vs, vt 0.07713269591331481 0.07695596581324934
2023-07-27 23:55:27,209 - epoch:25, training loss:0.3590 validation loss:0.0771
Updating learning rate to 6.675747094786052e-06
Updating learning rate to 6.675747094786052e-06
18412 2632 5260 0.7 0.2 26304
train 17981
vs, vt 0.07771149398759007 0.07698146719485521
2023-07-27 23:55:51,407 - epoch:26, training loss:0.3573 validation loss:0.0777
Updating learning rate to 3.7885380076709116e-06
Updating learning rate to 3.7885380076709116e-06
18412 2632 5260 0.7 0.2 26304
train 17981
vs, vt 0.07740464163944125 0.07688768031075596
2023-07-27 23:56:16,123 - epoch:27, training loss:0.3572 validation loss:0.0774
Updating learning rate to 1.6920232695377565e-06
Updating learning rate to 1.6920232695377565e-06
18412 2632 5260 0.7 0.2 26304
train 17981
vs, vt 0.07724499488249421 0.07681196397170424
2023-07-27 23:56:40,538 - epoch:28, training loss:0.3569 validation loss:0.0772
Updating learning rate to 4.220748288197363e-07
Updating learning rate to 4.220748288197363e-07
18412 2632 5260 0.7 0.2 26304
train 17981
vs, vt 0.07723037926480174 0.07680043103173376
2023-07-27 23:57:05,059 - epoch:29, training loss:0.3572 validation loss:0.0772
Updating learning rate to 4.218554337707414e-10
Updating learning rate to 4.218554337707414e-10
check exp/ECL-PatchTST2023-07-27-23:48:42.915149/0/0.0771_epoch_25.pkl  &  0.07680043103173376
2023-07-27 23:57:07,884 - [*] loss:0.1282
2023-07-27 23:57:07,885 - [*] phase 0, testing
2023-07-27 23:57:07,894 - T:96	MAE	0.248206	RMSE	0.129068	MAPE	66.085178
2023-07-27 23:57:07,894 - 96	mae	0.2482	
2023-07-27 23:57:07,894 - 96	rmse	0.1291	
2023-07-27 23:57:07,894 - 96	mape	66.0852	
2023-07-27 23:57:10,625 - [*] loss:0.1286
2023-07-27 23:57:10,627 - [*] phase 0, testing
2023-07-27 23:57:10,634 - T:96	MAE	0.247672	RMSE	0.129600	MAPE	64.002615
2023-07-27 23:57:10,635 - 96	mae	0.2477	
2023-07-27 23:57:10,635 - 96	rmse	0.1296	
2023-07-27 23:57:10,635 - 96	mape	64.0026	
