2023-07-27 23:23:34,402 - logger name:exp/ECL-PatchTST2023-07-27-23:23:34.402109/ECL-PatchTST.log
2023-07-27 23:23:34,402 - params : {'conf': 'ECL-PatchTST', 'data_name': 'electricity', 'iteration': 1, 'load': True, 'build_graph': False, 'same_init': True, 'grad_norm': False, 'refiner_no_residual': False, 'root_path': '', 'exp_path': 'exp/', 'val_test_mix': False, 'pred_len': 96, 'noise_rate': 0.1, 'device': device(type='cuda', index=1), 'test_model_path': '/Disk/fhyega/code/BASE/exp/ECL-PatchTST2023-07-23-21:59:42.618606/0/0.0379_epoch_25.pkl', 'idx': 166, 'aligner': 1, 'refiner': 0, 'refiner_block_num': 1, 'enhance': 0, 'seed': 2040, 'batch_size': 128, '/* model related args*/': '//', 'model_name': 'PatchTST', 'seq_len': 336, 'label_len': 48, 'features': 'M', 'target': 'OT', 'graph_input': False, 'individual': False, 'e_layers': 3, 'd_layers': 1, 'factor': 1, 'n_heads': 16, 'd_model': 128, 'd_ff': 256, 'dropout': 0.2, 'fc_dropout': 0.2, 'head_dropout': 0.0, 'patch_len': 16, 'stride': 8, 'des': 'Exp', 'padding_patch': 'end', 'revin': 1, 'affine': 0, 'subtract_last': 0, 'decomposition': 0, 'kernel_size': 25, 'output_attention': 0, 'embed_type': 0, 'activation': 'gelu', 'lradj': 'TST', 'distil': 1, 'linear_output': 1, 'pct_start': 0.2, '/*train related args*/': '//', 'train': True, 'epoch': 30, 'lr': 0.0001, 'loss': 'mse', '/*dataset related args*/': '//', 'save_data_path': 'data/ECL/', 'data_process': True, 'embed': 'timeF', 'freq': 'h', 'begin_phase': 0, 'end_phase': 1, 'phase_len': 26304, 'val_ratio': 0.33, 'graph_size': 321, '/*strategy related args*/': '//', 'strategy': 'incremental', 'increase': False, 'detect': False, 'detect_strategy': 'feature', 'replay': False, 'replay_strategy': 'random', 'repaly_num_samples': 100, 'ewc': False, 'ewc_strategy': 'ewc', 'ewc_lambda': 0.0001, 'subgraph_train': False, 'num_hops': 2, 'logname': 'ECL-PatchTST', 'time': '2023-07-27-23:23:34.402109', 'path': 'exp/ECL-PatchTST2023-07-27-23:23:34.402109', 'num_workers': 4, 'start_train': 0, 'train_mode': 'pretrain', 'get_score': False, 'use_cm': True, 'logger': <Logger __main__ (INFO)>}
2023-07-27 23:23:34,402 - [*] phase 0 start training
0 26304
18412 2632 5260 0.7 0.2 26304
train 17981
18412 2632 5260 0.7 0.2 26304
val 2537
18412 2632 5260 0.7 0.2 26304
test 5165
2023-07-27 23:23:46,840 - [*] phase 0 Dataset load!
2023-07-27 23:23:47,797 - [*] phase 0 Training start
18412 2632 5260 0.7 0.2 26304
train 17981
2023-07-27 23:23:56,478 - epoch:0, training loss:0.5618 validation loss:0.1783
18412 2632 5260 0.7 0.2 26304
train 17981
vs, vt 0.17832068540155888 0.17732825353741646
Updating learning rate to 1.0445766508069865e-05
Updating learning rate to 1.0445766508069865e-05
18412 2632 5260 0.7 0.2 26304
train 17981
vs, vt 0.12141274642199278 0.12113696113228797
2023-07-27 23:24:13,130 - epoch:1, training loss:1.7019 validation loss:0.1214
Updating learning rate to 2.805190328742299e-05
Updating learning rate to 2.805190328742299e-05
18412 2632 5260 0.7 0.2 26304
train 17981
vs, vt 0.10383034143596888 0.10399596001952886
2023-07-27 23:24:24,041 - epoch:2, training loss:1.0820 validation loss:0.1038
Updating learning rate to 5.208986672185724e-05
Updating learning rate to 5.208986672185724e-05
18412 2632 5260 0.7 0.2 26304
train 17981
vs, vt 0.09554484756663442 0.09482009205967187
2023-07-27 23:24:35,525 - epoch:3, training loss:0.7766 validation loss:0.0955
Updating learning rate to 7.610369432687743e-05
Updating learning rate to 7.610369432687743e-05
18412 2632 5260 0.7 0.2 26304
train 17981
vs, vt 0.09108981285244226 0.08976293914020061
2023-07-27 23:24:46,246 - epoch:4, training loss:0.6375 validation loss:0.0911
Updating learning rate to 9.364390586469177e-05
Updating learning rate to 9.364390586469177e-05
18412 2632 5260 0.7 0.2 26304
train 17981
vs, vt 0.0879663398489356 0.08536257538944483
2023-07-27 23:24:57,648 - epoch:5, training loss:0.5625 validation loss:0.0880
Updating learning rate to 9.999997814456623e-05
Updating learning rate to 9.999997814456623e-05
18412 2632 5260 0.7 0.2 26304
train 17981
vs, vt 0.08896307358518243 0.0861787467263639
2023-07-27 23:25:08,860 - epoch:6, training loss:0.5154 validation loss:0.0890
Updating learning rate to 9.956612105134122e-05
Updating learning rate to 9.956612105134122e-05
18412 2632 5260 0.7 0.2 26304
train 17981
vs, vt 0.08597993236035109 0.08305311892181635
2023-07-27 23:25:20,040 - epoch:7, training loss:0.4837 validation loss:0.0860
Updating learning rate to 9.828417730665822e-05
Updating learning rate to 9.828417730665822e-05
18412 2632 5260 0.7 0.2 26304
train 17981
vs, vt 0.08542736368253827 0.08268215730786324
2023-07-27 23:25:31,658 - epoch:8, training loss:0.4598 validation loss:0.0854
Updating learning rate to 9.617608132341072e-05
Updating learning rate to 9.617608132341072e-05
18412 2632 5260 0.7 0.2 26304
train 17981
vs, vt 0.08533091014251112 0.08266146946698427
2023-07-27 23:25:42,957 - epoch:9, training loss:0.4416 validation loss:0.0853
Updating learning rate to 9.327790320834669e-05
Updating learning rate to 9.327790320834669e-05
18412 2632 5260 0.7 0.2 26304
train 17981
vs, vt 0.08338246950879694 0.08107432704418897
2023-07-27 23:25:54,635 - epoch:10, training loss:0.4275 validation loss:0.0834
Updating learning rate to 8.963923159254168e-05
Updating learning rate to 8.963923159254168e-05
18412 2632 5260 0.7 0.2 26304
train 17981
vs, vt 0.08387906821444631 0.08260249961167573
2023-07-27 23:26:06,097 - epoch:11, training loss:0.4153 validation loss:0.0839
Updating learning rate to 8.532232515617246e-05
Updating learning rate to 8.532232515617246e-05
18412 2632 5260 0.7 0.2 26304
train 17981
vs, vt 0.08304515881463885 0.08048635562881827
2023-07-27 23:26:18,397 - epoch:12, training loss:0.4061 validation loss:0.0830
Updating learning rate to 8.04010473652379e-05
Updating learning rate to 8.04010473652379e-05
18412 2632 5260 0.7 0.2 26304
train 17981
vs, vt 0.08243891289457679 0.08034819504246116
2023-07-27 23:26:30,052 - epoch:13, training loss:0.3969 validation loss:0.0824
Updating learning rate to 7.495960264717686e-05
Updating learning rate to 7.495960264717686e-05
18412 2632 5260 0.7 0.2 26304
train 17981
vs, vt 0.08247252674773335 0.07955690426751971
2023-07-27 23:26:41,585 - epoch:14, training loss:0.3900 validation loss:0.0825
Updating learning rate to 6.909109562976884e-05
Updating learning rate to 6.909109562976884e-05
18412 2632 5260 0.7 0.2 26304
train 17981
vs, vt 0.08224453413859009 0.08015567157417536
2023-07-27 23:26:53,179 - epoch:15, training loss:0.3844 validation loss:0.0822
Updating learning rate to 6.289593809513925e-05
Updating learning rate to 6.289593809513925e-05
18412 2632 5260 0.7 0.2 26304
train 17981
vs, vt 0.08027453077957034 0.08016630997881294
2023-07-27 23:27:04,097 - epoch:16, training loss:0.3795 validation loss:0.0803
Updating learning rate to 5.6480130906327764e-05
Updating learning rate to 5.6480130906327764e-05
18412 2632 5260 0.7 0.2 26304
train 17981
vs, vt 0.0812559594400227 0.07968478528782726
2023-07-27 23:27:15,791 - epoch:17, training loss:0.3754 validation loss:0.0813
Updating learning rate to 4.995345030313274e-05
Updating learning rate to 4.995345030313274e-05
18412 2632 5260 0.7 0.2 26304
train 17981
vs, vt 0.08164989417418837 0.07977859741076827
2023-07-27 23:27:27,506 - epoch:18, training loss:0.3719 validation loss:0.0816
Updating learning rate to 4.3427569600212594e-05
Updating learning rate to 4.3427569600212594e-05
18412 2632 5260 0.7 0.2 26304
train 17981
vs, vt 0.07940167402848601 0.07848800038918853
2023-07-27 23:27:39,584 - epoch:19, training loss:0.3688 validation loss:0.0794
Updating learning rate to 3.70141484257102e-05
Updating learning rate to 3.70141484257102e-05
18412 2632 5260 0.7 0.2 26304
train 17981
vs, vt 0.08050305703654885 0.07889710078015924
2023-07-27 23:27:50,647 - epoch:20, training loss:0.3661 validation loss:0.0805
Updating learning rate to 3.0822922194057626e-05
Updating learning rate to 3.0822922194057626e-05
18412 2632 5260 0.7 0.2 26304
train 17981
vs, vt 0.07876056404784322 0.07797906864434481
2023-07-27 23:28:01,628 - epoch:21, training loss:0.3639 validation loss:0.0788
Updating learning rate to 2.4959824502610635e-05
Updating learning rate to 2.4959824502610635e-05
18412 2632 5260 0.7 0.2 26304
train 17981
vs, vt 0.07951295142993331 0.07797166965901851
2023-07-27 23:28:13,326 - epoch:22, training loss:0.3616 validation loss:0.0795
Updating learning rate to 1.9525174578427625e-05
Updating learning rate to 1.9525174578427625e-05
18412 2632 5260 0.7 0.2 26304
train 17981
vs, vt 0.0790788915939629 0.07801737682893872
2023-07-27 23:28:24,923 - epoch:23, training loss:0.3601 validation loss:0.0791
Updating learning rate to 1.4611960788481038e-05
Updating learning rate to 1.4611960788481038e-05
18412 2632 5260 0.7 0.2 26304
train 17981
vs, vt 0.07873843545094132 0.0778236536309123
2023-07-27 23:28:36,044 - epoch:24, training loss:0.3584 validation loss:0.0787
Updating learning rate to 1.0304249582917059e-05
Updating learning rate to 1.0304249582917059e-05
18412 2632 5260 0.7 0.2 26304
train 17981
vs, vt 0.07882252624258398 0.07743030628189444
2023-07-27 23:28:47,667 - epoch:25, training loss:0.3577 validation loss:0.0788
Updating learning rate to 6.675747094786052e-06
Updating learning rate to 6.675747094786052e-06
18412 2632 5260 0.7 0.2 26304
train 17981
vs, vt 0.07855441924184561 0.07740201475098729
2023-07-27 23:28:58,188 - epoch:26, training loss:0.3570 validation loss:0.0786
Updating learning rate to 3.7885380076709116e-06
Updating learning rate to 3.7885380076709116e-06
18412 2632 5260 0.7 0.2 26304
train 17981
vs, vt 0.07867453172802925 0.07740899436175823
2023-07-27 23:29:09,479 - epoch:27, training loss:0.3561 validation loss:0.0787
Updating learning rate to 1.6920232695377565e-06
Updating learning rate to 1.6920232695377565e-06
18412 2632 5260 0.7 0.2 26304
train 17981
vs, vt 0.07849082946777344 0.07738024368882179
2023-07-27 23:29:21,109 - epoch:28, training loss:0.3557 validation loss:0.0785
Updating learning rate to 4.220748288197363e-07
Updating learning rate to 4.220748288197363e-07
18412 2632 5260 0.7 0.2 26304
train 17981
vs, vt 0.07847624244168401 0.07735951533541083
2023-07-27 23:29:33,973 - epoch:29, training loss:0.3557 validation loss:0.0785
Updating learning rate to 4.218554337707414e-10
Updating learning rate to 4.218554337707414e-10
check exp/ECL-PatchTST2023-07-27-23:23:34.402109/0/0.0785_epoch_29.pkl  &  0.07735951533541083
2023-07-27 23:29:34,669 - [*] loss:0.1283
2023-07-27 23:29:34,670 - [*] phase 0, testing
2023-07-27 23:29:34,679 - T:96	MAE	0.248195	RMSE	0.129133	MAPE	66.467386
2023-07-27 23:29:34,679 - 96	mae	0.2482	
2023-07-27 23:29:34,679 - 96	rmse	0.1291	
2023-07-27 23:29:34,679 - 96	mape	66.4674	
2023-07-27 23:29:35,588 - [*] loss:0.1297
2023-07-27 23:29:35,590 - [*] phase 0, testing
2023-07-27 23:29:35,598 - T:96	MAE	0.248600	RMSE	0.130539	MAPE	64.168519
2023-07-27 23:29:35,598 - 96	mae	0.2486	
2023-07-27 23:29:35,598 - 96	rmse	0.1305	
2023-07-27 23:29:35,598 - 96	mape	64.1685	
