2023-07-28 00:25:11,994 - logger name:exp/ECL-PatchTST2023-07-28-00:25:11.994421/ECL-PatchTST.log
2023-07-28 00:25:11,995 - params : {'conf': 'ECL-PatchTST', 'data_name': 'electricity', 'iteration': 1, 'load': True, 'build_graph': False, 'same_init': True, 'grad_norm': False, 'refiner_no_residual': False, 'root_path': '', 'exp_path': 'exp/', 'val_test_mix': False, 'pred_len': 96, 'noise_rate': 0.1, 'device': device(type='cuda', index=1), 'test_model_path': '/Disk/fhyega/code/BASE/exp/ECL-PatchTST2023-07-23-21:59:42.618606/0/0.0379_epoch_25.pkl', 'idx': 226, 'aligner': 0, 'refiner': 0, 'refiner_block_num': 1, 'enhance': 0, 'seed': 3041, 'batch_size': 128, '/* model related args*/': '//', 'model_name': 'PatchTST', 'seq_len': 336, 'label_len': 48, 'features': 'M', 'target': 'OT', 'graph_input': False, 'individual': False, 'e_layers': 3, 'd_layers': 1, 'factor': 1, 'n_heads': 16, 'd_model': 128, 'd_ff': 256, 'dropout': 0.2, 'fc_dropout': 0.2, 'head_dropout': 0.0, 'patch_len': 16, 'stride': 8, 'des': 'Exp', 'padding_patch': 'end', 'revin': 1, 'affine': 0, 'subtract_last': 0, 'decomposition': 0, 'kernel_size': 25, 'output_attention': 0, 'embed_type': 0, 'activation': 'gelu', 'lradj': 'TST', 'distil': 1, 'linear_output': 1, 'pct_start': 0.2, '/*train related args*/': '//', 'train': True, 'epoch': 30, 'lr': 0.0001, 'loss': 'mse', '/*dataset related args*/': '//', 'save_data_path': 'data/ECL/', 'data_process': True, 'embed': 'timeF', 'freq': 'h', 'begin_phase': 0, 'end_phase': 1, 'phase_len': 26304, 'val_ratio': 0.33, 'graph_size': 321, '/*strategy related args*/': '//', 'strategy': 'incremental', 'increase': False, 'detect': False, 'detect_strategy': 'feature', 'replay': False, 'replay_strategy': 'random', 'repaly_num_samples': 100, 'ewc': False, 'ewc_strategy': 'ewc', 'ewc_lambda': 0.0001, 'subgraph_train': False, 'num_hops': 2, 'logname': 'ECL-PatchTST', 'time': '2023-07-28-00:25:11.994421', 'path': 'exp/ECL-PatchTST2023-07-28-00:25:11.994421', 'num_workers': 4, 'start_train': 0, 'train_mode': 'pretrain', 'get_score': False, 'use_cm': True, 'logger': <Logger __main__ (INFO)>}
2023-07-28 00:25:11,995 - [*] phase 0 start training
0 26304
18412 2632 5260 0.7 0.2 26304
train 17981
18412 2632 5260 0.7 0.2 26304
val 2537
18412 2632 5260 0.7 0.2 26304
test 5165
2023-07-28 00:25:25,347 - [*] phase 0 Dataset load!
2023-07-28 00:25:26,358 - [*] phase 0 Training start
18412 2632 5260 0.7 0.2 26304
train 17981
2023-07-28 00:25:47,139 - epoch:0, training loss:0.6284 validation loss:0.1443
18412 2632 5260 0.7 0.2 26304
train 17981
vs, vt 0.1443216908723116 0.14321992173790932
Updating learning rate to 1.0445766508069865e-05
Updating learning rate to 1.0445766508069865e-05
18412 2632 5260 0.7 0.2 26304
train 17981
vs, vt 0.07020334340631962 0.07046105638146401
2023-07-28 00:26:21,004 - epoch:1, training loss:0.4510 validation loss:0.0702
Updating learning rate to 2.805190328742299e-05
Updating learning rate to 2.805190328742299e-05
18412 2632 5260 0.7 0.2 26304
train 17981
vs, vt 0.052774745412170886 0.052840602584183216
2023-07-28 00:26:43,696 - epoch:2, training loss:0.3400 validation loss:0.0528
Updating learning rate to 5.208986672185724e-05
Updating learning rate to 5.208986672185724e-05
18412 2632 5260 0.7 0.2 26304
train 17981
vs, vt 0.04710662327706814 0.047393332421779635
2023-07-28 00:27:05,991 - epoch:3, training loss:0.2806 validation loss:0.0471
Updating learning rate to 7.610369432687743e-05
Updating learning rate to 7.610369432687743e-05
18412 2632 5260 0.7 0.2 26304
train 17981
vs, vt 0.04569643074646592 0.046150115132331845
2023-07-28 00:27:29,127 - epoch:4, training loss:0.2511 validation loss:0.0457
Updating learning rate to 9.364390586469177e-05
Updating learning rate to 9.364390586469177e-05
18412 2632 5260 0.7 0.2 26304
train 17981
vs, vt 0.04347344553098083 0.043238587118685244
2023-07-28 00:27:52,189 - epoch:5, training loss:0.2361 validation loss:0.0435
Updating learning rate to 9.999997814456623e-05
Updating learning rate to 9.999997814456623e-05
18412 2632 5260 0.7 0.2 26304
train 17981
vs, vt 0.045520446915179494 0.044263241719454526
2023-07-28 00:28:14,907 - epoch:6, training loss:0.2278 validation loss:0.0455
Updating learning rate to 9.956612105134122e-05
Updating learning rate to 9.956612105134122e-05
18412 2632 5260 0.7 0.2 26304
train 17981
vs, vt 0.043020366504788396 0.04383671125397086
2023-07-28 00:28:37,430 - epoch:7, training loss:0.2219 validation loss:0.0430
Updating learning rate to 9.828417730665822e-05
Updating learning rate to 9.828417730665822e-05
18412 2632 5260 0.7 0.2 26304
train 17981
vs, vt 0.044459772482514384 0.043064335267990826
2023-07-28 00:29:00,487 - epoch:8, training loss:0.2162 validation loss:0.0445
Updating learning rate to 9.617608132341072e-05
Updating learning rate to 9.617608132341072e-05
18412 2632 5260 0.7 0.2 26304
train 17981
vs, vt 0.0420308692380786 0.0420674885623157
2023-07-28 00:29:24,324 - epoch:9, training loss:0.2133 validation loss:0.0420
Updating learning rate to 9.327790320834669e-05
Updating learning rate to 9.327790320834669e-05
18412 2632 5260 0.7 0.2 26304
train 17981
vs, vt 0.0415726937353611 0.04263844070956111
2023-07-28 00:29:46,717 - epoch:10, training loss:0.2089 validation loss:0.0416
Updating learning rate to 8.963923159254168e-05
Updating learning rate to 8.963923159254168e-05
18412 2632 5260 0.7 0.2 26304
train 17981
vs, vt 0.04208958139643073 0.04294840125367046
2023-07-28 00:30:09,505 - epoch:11, training loss:0.2060 validation loss:0.0421
Updating learning rate to 8.532232515617246e-05
Updating learning rate to 8.532232515617246e-05
18412 2632 5260 0.7 0.2 26304
train 17981
vs, vt 0.041603993996977805 0.041674993466585875
2023-07-28 00:30:32,970 - epoch:12, training loss:0.2039 validation loss:0.0416
Updating learning rate to 8.04010473652379e-05
Updating learning rate to 8.04010473652379e-05
18412 2632 5260 0.7 0.2 26304
train 17981
vs, vt 0.041013428196311 0.041260510217398405
2023-07-28 00:30:56,148 - epoch:13, training loss:0.2000 validation loss:0.0410
Updating learning rate to 7.495960264717686e-05
Updating learning rate to 7.495960264717686e-05
18412 2632 5260 0.7 0.2 26304
train 17981
vs, vt 0.04139443188905716 0.041085347440093754
2023-07-28 00:31:18,948 - epoch:14, training loss:0.1978 validation loss:0.0414
Updating learning rate to 6.909109562976884e-05
Updating learning rate to 6.909109562976884e-05
18412 2632 5260 0.7 0.2 26304
train 17981
vs, vt 0.0410260746255517 0.04095518300309777
2023-07-28 00:31:42,353 - epoch:15, training loss:0.1961 validation loss:0.0410
Updating learning rate to 6.289593809513925e-05
Updating learning rate to 6.289593809513925e-05
18412 2632 5260 0.7 0.2 26304
train 17981
vs, vt 0.04096091892570257 0.0407617756165564
2023-07-28 00:32:05,908 - epoch:16, training loss:0.1936 validation loss:0.0410
Updating learning rate to 5.6480130906327764e-05
Updating learning rate to 5.6480130906327764e-05
18412 2632 5260 0.7 0.2 26304
train 17981
vs, vt 0.039635015465319154 0.04004841856658459
2023-07-28 00:32:28,684 - epoch:17, training loss:0.1923 validation loss:0.0396
Updating learning rate to 4.995345030313274e-05
Updating learning rate to 4.995345030313274e-05
18412 2632 5260 0.7 0.2 26304
train 17981
vs, vt 0.03968626633286476 0.04026184035465121
2023-07-28 00:32:51,535 - epoch:18, training loss:0.1908 validation loss:0.0397
Updating learning rate to 4.3427569600212594e-05
Updating learning rate to 4.3427569600212594e-05
18412 2632 5260 0.7 0.2 26304
train 17981
vs, vt 0.039904925413429736 0.04034179663285613
2023-07-28 00:33:14,732 - epoch:19, training loss:0.1888 validation loss:0.0399
Updating learning rate to 3.70141484257102e-05
Updating learning rate to 3.70141484257102e-05
18412 2632 5260 0.7 0.2 26304
train 17981
vs, vt 0.03934967601671815 0.03986527286469936
2023-07-28 00:33:38,180 - epoch:20, training loss:0.1880 validation loss:0.0393
Updating learning rate to 3.0822922194057626e-05
Updating learning rate to 3.0822922194057626e-05
18412 2632 5260 0.7 0.2 26304
train 17981
vs, vt 0.038968237582594156 0.039780869521200656
2023-07-28 00:34:01,170 - epoch:21, training loss:0.1864 validation loss:0.0390
Updating learning rate to 2.4959824502610635e-05
Updating learning rate to 2.4959824502610635e-05
18412 2632 5260 0.7 0.2 26304
train 17981
vs, vt 0.03905987096950412 0.03939066799357534
2023-07-28 00:34:24,882 - epoch:22, training loss:0.1855 validation loss:0.0391
Updating learning rate to 1.9525174578427625e-05
Updating learning rate to 1.9525174578427625e-05
18412 2632 5260 0.7 0.2 26304
train 17981
vs, vt 0.038733903970569375 0.039533921238034966
2023-07-28 00:34:48,773 - epoch:23, training loss:0.1848 validation loss:0.0387
Updating learning rate to 1.4611960788481038e-05
Updating learning rate to 1.4611960788481038e-05
18412 2632 5260 0.7 0.2 26304
train 17981
vs, vt 0.03871955489739776 0.03925098404288292
2023-07-28 00:35:12,301 - epoch:24, training loss:0.1838 validation loss:0.0387
Updating learning rate to 1.0304249582917059e-05
Updating learning rate to 1.0304249582917059e-05
18412 2632 5260 0.7 0.2 26304
train 17981
vs, vt 0.03849610686302185 0.03918058034032583
2023-07-28 00:35:35,019 - epoch:25, training loss:0.1833 validation loss:0.0385
Updating learning rate to 6.675747094786052e-06
Updating learning rate to 6.675747094786052e-06
18412 2632 5260 0.7 0.2 26304
train 17981
vs, vt 0.038431985210627316 0.03897436736151576
2023-07-28 00:35:58,432 - epoch:26, training loss:0.1829 validation loss:0.0384
Updating learning rate to 3.7885380076709116e-06
Updating learning rate to 3.7885380076709116e-06
18412 2632 5260 0.7 0.2 26304
train 17981
vs, vt 0.03841686202213168 0.03887805705890059
2023-07-28 00:36:22,130 - epoch:27, training loss:0.1822 validation loss:0.0384
Updating learning rate to 1.6920232695377565e-06
Updating learning rate to 1.6920232695377565e-06
18412 2632 5260 0.7 0.2 26304
train 17981
vs, vt 0.038293134234845635 0.03884531119838357
2023-07-28 00:36:44,393 - epoch:28, training loss:0.1818 validation loss:0.0383
Updating learning rate to 4.220748288197363e-07
Updating learning rate to 4.220748288197363e-07
18412 2632 5260 0.7 0.2 26304
train 17981
vs, vt 0.038275118079036476 0.03884749636054039
2023-07-28 00:37:07,685 - epoch:29, training loss:0.1817 validation loss:0.0383
Updating learning rate to 4.218554337707414e-10
Updating learning rate to 4.218554337707414e-10
check exp/ECL-PatchTST2023-07-28-00:25:11.994421/0/0.0383_epoch_29.pkl  &  0.03884531119838357
2023-07-28 00:37:10,303 - [*] loss:0.0712
2023-07-28 00:37:10,305 - [*] phase 0, testing
2023-07-28 00:37:10,315 - T:96	MAE	0.187559	RMSE	0.071107	MAPE	234.866238
2023-07-28 00:37:10,315 - 96	mae	0.1876	
2023-07-28 00:37:10,315 - 96	rmse	0.0711	
2023-07-28 00:37:10,315 - 96	mape	234.8662	
2023-07-28 00:37:12,374 - [*] loss:0.0710
2023-07-28 00:37:12,375 - [*] phase 0, testing
2023-07-28 00:37:12,384 - T:96	MAE	0.185974	RMSE	0.070979	MAPE	227.200222
2023-07-28 00:37:12,384 - 96	mae	0.1860	
2023-07-28 00:37:12,384 - 96	rmse	0.0710	
2023-07-28 00:37:12,384 - 96	mape	227.2002	
