2023-07-27 23:57:12,885 - logger name:exp/ECL-PatchTST2023-07-27-23:57:12.885017/ECL-PatchTST.log
2023-07-27 23:57:12,885 - params : {'conf': 'ECL-PatchTST', 'data_name': 'electricity', 'iteration': 1, 'load': True, 'build_graph': False, 'same_init': True, 'grad_norm': False, 'refiner_no_residual': False, 'root_path': '', 'exp_path': 'exp/', 'val_test_mix': False, 'pred_len': 96, 'noise_rate': 0.1, 'device': device(type='cuda', index=1), 'test_model_path': '/Disk/fhyega/code/BASE/exp/ECL-PatchTST2023-07-23-21:59:42.618606/0/0.0379_epoch_25.pkl', 'idx': 226, 'aligner': 0, 'refiner': 0, 'refiner_block_num': 1, 'enhance': 0, 'seed': 2041, 'batch_size': 128, '/* model related args*/': '//', 'model_name': 'PatchTST', 'seq_len': 336, 'label_len': 48, 'features': 'M', 'target': 'OT', 'graph_input': False, 'individual': False, 'e_layers': 3, 'd_layers': 1, 'factor': 1, 'n_heads': 16, 'd_model': 128, 'd_ff': 256, 'dropout': 0.2, 'fc_dropout': 0.2, 'head_dropout': 0.0, 'patch_len': 16, 'stride': 8, 'des': 'Exp', 'padding_patch': 'end', 'revin': 1, 'affine': 0, 'subtract_last': 0, 'decomposition': 0, 'kernel_size': 25, 'output_attention': 0, 'embed_type': 0, 'activation': 'gelu', 'lradj': 'TST', 'distil': 1, 'linear_output': 1, 'pct_start': 0.2, '/*train related args*/': '//', 'train': True, 'epoch': 30, 'lr': 0.0001, 'loss': 'mse', '/*dataset related args*/': '//', 'save_data_path': 'data/ECL/', 'data_process': True, 'embed': 'timeF', 'freq': 'h', 'begin_phase': 0, 'end_phase': 1, 'phase_len': 26304, 'val_ratio': 0.33, 'graph_size': 321, '/*strategy related args*/': '//', 'strategy': 'incremental', 'increase': False, 'detect': False, 'detect_strategy': 'feature', 'replay': False, 'replay_strategy': 'random', 'repaly_num_samples': 100, 'ewc': False, 'ewc_strategy': 'ewc', 'ewc_lambda': 0.0001, 'subgraph_train': False, 'num_hops': 2, 'logname': 'ECL-PatchTST', 'time': '2023-07-27-23:57:12.885017', 'path': 'exp/ECL-PatchTST2023-07-27-23:57:12.885017', 'num_workers': 4, 'start_train': 0, 'train_mode': 'pretrain', 'get_score': False, 'use_cm': True, 'logger': <Logger __main__ (INFO)>}
2023-07-27 23:57:12,886 - [*] phase 0 start training
0 26304
18412 2632 5260 0.7 0.2 26304
train 17981
18412 2632 5260 0.7 0.2 26304
val 2537
18412 2632 5260 0.7 0.2 26304
test 5165
2023-07-27 23:57:26,681 - [*] phase 0 Dataset load!
2023-07-27 23:57:27,717 - [*] phase 0 Training start
18412 2632 5260 0.7 0.2 26304
train 17981
2023-07-27 23:57:49,398 - epoch:0, training loss:0.6145 validation loss:0.1464
18412 2632 5260 0.7 0.2 26304
train 17981
vs, vt 0.1464393340051174 0.14495970383286477
Updating learning rate to 1.0445766508069865e-05
Updating learning rate to 1.0445766508069865e-05
18412 2632 5260 0.7 0.2 26304
train 17981
vs, vt 0.06989705543965101 0.0706339618191123
2023-07-27 23:58:26,114 - epoch:1, training loss:0.4474 validation loss:0.0699
Updating learning rate to 2.805190328742299e-05
Updating learning rate to 2.805190328742299e-05
18412 2632 5260 0.7 0.2 26304
train 17981
vs, vt 0.05234099579975009 0.05321144470945001
2023-07-27 23:58:50,202 - epoch:2, training loss:0.3391 validation loss:0.0523
Updating learning rate to 5.208986672185724e-05
Updating learning rate to 5.208986672185724e-05
18412 2632 5260 0.7 0.2 26304
train 17981
vs, vt 0.048126940801739695 0.04796796645969152
2023-07-27 23:59:14,350 - epoch:3, training loss:0.2804 validation loss:0.0481
Updating learning rate to 7.610369432687743e-05
Updating learning rate to 7.610369432687743e-05
18412 2632 5260 0.7 0.2 26304
train 17981
vs, vt 0.04492733487859368 0.04503243761137128
2023-07-27 23:59:38,340 - epoch:4, training loss:0.2516 validation loss:0.0449
Updating learning rate to 9.364390586469177e-05
Updating learning rate to 9.364390586469177e-05
18412 2632 5260 0.7 0.2 26304
train 17981
vs, vt 0.045526083558797836 0.04463981539011001
2023-07-28 00:00:02,899 - epoch:5, training loss:0.2368 validation loss:0.0455
Updating learning rate to 9.999997814456623e-05
Updating learning rate to 9.999997814456623e-05
18412 2632 5260 0.7 0.2 26304
train 17981
vs, vt 0.04424293152987957 0.044030603114515544
2023-07-28 00:00:27,360 - epoch:6, training loss:0.2282 validation loss:0.0442
Updating learning rate to 9.956612105134122e-05
Updating learning rate to 9.956612105134122e-05
18412 2632 5260 0.7 0.2 26304
train 17981
vs, vt 0.046631956845521925 0.045295918826013803
2023-07-28 00:00:51,197 - epoch:7, training loss:0.2212 validation loss:0.0466
Updating learning rate to 9.828417730665822e-05
Updating learning rate to 9.828417730665822e-05
18412 2632 5260 0.7 0.2 26304
train 17981
vs, vt 0.04392624823376536 0.04431781871244311
2023-07-28 00:01:15,971 - epoch:8, training loss:0.2180 validation loss:0.0439
Updating learning rate to 9.617608132341072e-05
Updating learning rate to 9.617608132341072e-05
18412 2632 5260 0.7 0.2 26304
train 17981
vs, vt 0.04268967593088746 0.04286109125241637
2023-07-28 00:01:40,227 - epoch:9, training loss:0.2132 validation loss:0.0427
Updating learning rate to 9.327790320834669e-05
Updating learning rate to 9.327790320834669e-05
18412 2632 5260 0.7 0.2 26304
train 17981
vs, vt 0.04416520679369569 0.042048464063555
2023-07-28 00:02:04,331 - epoch:10, training loss:0.2097 validation loss:0.0442
Updating learning rate to 8.963923159254168e-05
Updating learning rate to 8.963923159254168e-05
18412 2632 5260 0.7 0.2 26304
train 17981
vs, vt 0.04326069448143244 0.043725695367902516
2023-07-28 00:02:29,006 - epoch:11, training loss:0.2076 validation loss:0.0433
Updating learning rate to 8.532232515617246e-05
Updating learning rate to 8.532232515617246e-05
18412 2632 5260 0.7 0.2 26304
train 17981
vs, vt 0.0426707087084651 0.04328960627317428
2023-07-28 00:02:59,176 - epoch:12, training loss:0.2040 validation loss:0.0427
Updating learning rate to 8.04010473652379e-05
Updating learning rate to 8.04010473652379e-05
18412 2632 5260 0.7 0.2 26304
train 17981
vs, vt 0.04229552168399096 0.041214458737522365
2023-07-28 00:03:30,927 - epoch:13, training loss:0.2022 validation loss:0.0423
Updating learning rate to 7.495960264717686e-05
Updating learning rate to 7.495960264717686e-05
18412 2632 5260 0.7 0.2 26304
train 17981
vs, vt 0.04089756580069661 0.041970938164740804
2023-07-28 00:04:02,323 - epoch:14, training loss:0.1993 validation loss:0.0409
Updating learning rate to 6.909109562976884e-05
Updating learning rate to 6.909109562976884e-05
18412 2632 5260 0.7 0.2 26304
train 17981
vs, vt 0.041915138531476256 0.04145489055663347
2023-07-28 00:04:33,885 - epoch:15, training loss:0.1963 validation loss:0.0419
Updating learning rate to 6.289593809513925e-05
Updating learning rate to 6.289593809513925e-05
18412 2632 5260 0.7 0.2 26304
train 17981
vs, vt 0.04027899000793696 0.04043280798941851
2023-07-28 00:05:04,842 - epoch:16, training loss:0.1948 validation loss:0.0403
Updating learning rate to 5.6480130906327764e-05
Updating learning rate to 5.6480130906327764e-05
18412 2632 5260 0.7 0.2 26304
train 17981
vs, vt 0.040545763541013004 0.040672796312719584
2023-07-28 00:05:36,974 - epoch:17, training loss:0.1928 validation loss:0.0405
Updating learning rate to 4.995345030313274e-05
Updating learning rate to 4.995345030313274e-05
18412 2632 5260 0.7 0.2 26304
train 17981
vs, vt 0.04060285119339824 0.040390902385115626
2023-07-28 00:06:08,243 - epoch:18, training loss:0.1913 validation loss:0.0406
Updating learning rate to 4.3427569600212594e-05
Updating learning rate to 4.3427569600212594e-05
18412 2632 5260 0.7 0.2 26304
train 17981
vs, vt 0.040040816180408 0.04016594113782048
2023-07-28 00:06:39,803 - epoch:19, training loss:0.1899 validation loss:0.0400
Updating learning rate to 3.70141484257102e-05
Updating learning rate to 3.70141484257102e-05
18412 2632 5260 0.7 0.2 26304
train 17981
vs, vt 0.03956952858716249 0.04016114817932248
2023-07-28 00:07:11,538 - epoch:20, training loss:0.1884 validation loss:0.0396
Updating learning rate to 3.0822922194057626e-05
Updating learning rate to 3.0822922194057626e-05
18412 2632 5260 0.7 0.2 26304
train 17981
vs, vt 0.03918276345357299 0.03984509296715259
2023-07-28 00:07:42,824 - epoch:21, training loss:0.1873 validation loss:0.0392
Updating learning rate to 2.4959824502610635e-05
Updating learning rate to 2.4959824502610635e-05
18412 2632 5260 0.7 0.2 26304
train 17981
vs, vt 0.039316853228956464 0.039697053376585245
2023-07-28 00:08:14,598 - epoch:22, training loss:0.1866 validation loss:0.0393
Updating learning rate to 1.9525174578427625e-05
Updating learning rate to 1.9525174578427625e-05
18412 2632 5260 0.7 0.2 26304
train 17981
vs, vt 0.038812628015875816 0.03948709657415748
2023-07-28 00:08:46,197 - epoch:23, training loss:0.1853 validation loss:0.0388
Updating learning rate to 1.4611960788481038e-05
Updating learning rate to 1.4611960788481038e-05
18412 2632 5260 0.7 0.2 26304
train 17981
vs, vt 0.0390445445664227 0.0395637346431613
2023-07-28 00:09:17,372 - epoch:24, training loss:0.1844 validation loss:0.0390
Updating learning rate to 1.0304249582917059e-05
Updating learning rate to 1.0304249582917059e-05
18412 2632 5260 0.7 0.2 26304
train 17981
vs, vt 0.03858396355062723 0.03909751316532493
2023-07-28 00:09:48,586 - epoch:25, training loss:0.1843 validation loss:0.0386
Updating learning rate to 6.675747094786052e-06
Updating learning rate to 6.675747094786052e-06
18412 2632 5260 0.7 0.2 26304
train 17981
vs, vt 0.038479931000620124 0.03912711841985583
2023-07-28 00:10:19,960 - epoch:26, training loss:0.1832 validation loss:0.0385
Updating learning rate to 3.7885380076709116e-06
Updating learning rate to 3.7885380076709116e-06
18412 2632 5260 0.7 0.2 26304
train 17981
vs, vt 0.038435034826397894 0.038957802951335906
2023-07-28 00:10:51,165 - epoch:27, training loss:0.1831 validation loss:0.0384
Updating learning rate to 1.6920232695377565e-06
Updating learning rate to 1.6920232695377565e-06
18412 2632 5260 0.7 0.2 26304
train 17981
vs, vt 0.03836942035704851 0.03900253036990762
2023-07-28 00:11:22,383 - epoch:28, training loss:0.1831 validation loss:0.0384
Updating learning rate to 4.220748288197363e-07
Updating learning rate to 4.220748288197363e-07
18412 2632 5260 0.7 0.2 26304
train 17981
vs, vt 0.038408469315618275 0.038997157104313375
2023-07-28 00:11:53,490 - epoch:29, training loss:0.1827 validation loss:0.0384
Updating learning rate to 4.218554337707414e-10
Updating learning rate to 4.218554337707414e-10
check exp/ECL-PatchTST2023-07-27-23:57:12.885017/0/0.0384_epoch_28.pkl  &  0.038957802951335906
2023-07-28 00:11:57,013 - [*] loss:0.0711
2023-07-28 00:11:57,014 - [*] phase 0, testing
2023-07-28 00:11:57,025 - T:96	MAE	0.186929	RMSE	0.070965	MAPE	237.395167
2023-07-28 00:11:57,025 - 96	mae	0.1869	
2023-07-28 00:11:57,025 - 96	rmse	0.0710	
2023-07-28 00:11:57,026 - 96	mape	237.3952	
2023-07-28 00:12:00,665 - [*] loss:0.0711
2023-07-28 00:12:00,667 - [*] phase 0, testing
2023-07-28 00:12:00,675 - T:96	MAE	0.186025	RMSE	0.071100	MAPE	230.360651
2023-07-28 00:12:00,676 - 96	mae	0.1860	
2023-07-28 00:12:00,676 - 96	rmse	0.0711	
2023-07-28 00:12:00,676 - 96	mape	230.3607	
