2023-07-28 01:04:17,159 - logger name:exp/ECL-PatchTST2023-07-28-01:04:17.158810/ECL-PatchTST.log
2023-07-28 01:04:17,159 - params : {'conf': 'ECL-PatchTST', 'data_name': 'electricity', 'iteration': 1, 'load': True, 'build_graph': False, 'same_init': True, 'grad_norm': False, 'refiner_no_residual': False, 'root_path': '', 'exp_path': 'exp/', 'val_test_mix': False, 'pred_len': 96, 'noise_rate': 0.1, 'device': device(type='cuda', index=1), 'test_model_path': '/Disk/fhyega/code/BASE/exp/ECL-PatchTST2023-07-23-21:59:42.618606/0/0.0379_epoch_25.pkl', 'idx': 226, 'aligner': 1, 'refiner': 0, 'refiner_block_num': 1, 'enhance': 0, 'seed': 4041, 'batch_size': 128, '/* model related args*/': '//', 'model_name': 'PatchTST', 'seq_len': 336, 'label_len': 48, 'features': 'M', 'target': 'OT', 'graph_input': False, 'individual': False, 'e_layers': 3, 'd_layers': 1, 'factor': 1, 'n_heads': 16, 'd_model': 128, 'd_ff': 256, 'dropout': 0.2, 'fc_dropout': 0.2, 'head_dropout': 0.0, 'patch_len': 16, 'stride': 8, 'des': 'Exp', 'padding_patch': 'end', 'revin': 1, 'affine': 0, 'subtract_last': 0, 'decomposition': 0, 'kernel_size': 25, 'output_attention': 0, 'embed_type': 0, 'activation': 'gelu', 'lradj': 'TST', 'distil': 1, 'linear_output': 1, 'pct_start': 0.2, '/*train related args*/': '//', 'train': True, 'epoch': 30, 'lr': 0.0001, 'loss': 'mse', '/*dataset related args*/': '//', 'save_data_path': 'data/ECL/', 'data_process': True, 'embed': 'timeF', 'freq': 'h', 'begin_phase': 0, 'end_phase': 1, 'phase_len': 26304, 'val_ratio': 0.33, 'graph_size': 321, '/*strategy related args*/': '//', 'strategy': 'incremental', 'increase': False, 'detect': False, 'detect_strategy': 'feature', 'replay': False, 'replay_strategy': 'random', 'repaly_num_samples': 100, 'ewc': False, 'ewc_strategy': 'ewc', 'ewc_lambda': 0.0001, 'subgraph_train': False, 'num_hops': 2, 'logname': 'ECL-PatchTST', 'time': '2023-07-28-01:04:17.158810', 'path': 'exp/ECL-PatchTST2023-07-28-01:04:17.158810', 'num_workers': 4, 'start_train': 0, 'train_mode': 'pretrain', 'get_score': False, 'use_cm': True, 'logger': <Logger __main__ (INFO)>}
2023-07-28 01:04:17,159 - [*] phase 0 start training
0 26304
18412 2632 5260 0.7 0.2 26304
train 17981
18412 2632 5260 0.7 0.2 26304
val 2537
18412 2632 5260 0.7 0.2 26304
test 5165
2023-07-28 01:04:30,264 - [*] phase 0 Dataset load!
2023-07-28 01:04:31,240 - [*] phase 0 Training start
18412 2632 5260 0.7 0.2 26304
train 17981
2023-07-28 01:04:51,957 - epoch:0, training loss:0.6425 validation loss:0.1480
18412 2632 5260 0.7 0.2 26304
train 17981
vs, vt 0.1480021897703409 0.14720893874764443
Updating learning rate to 1.0445766508069865e-05
Updating learning rate to 1.0445766508069865e-05
18412 2632 5260 0.7 0.2 26304
train 17981
vs, vt 0.07880703546106815 0.07398721780627966
2023-07-28 01:05:26,476 - epoch:1, training loss:1.8252 validation loss:0.0788
Updating learning rate to 2.805190328742299e-05
Updating learning rate to 2.805190328742299e-05
18412 2632 5260 0.7 0.2 26304
train 17981
vs, vt 0.05699872188270092 0.05330489631742239
2023-07-28 01:05:49,038 - epoch:2, training loss:1.2250 validation loss:0.0570
Updating learning rate to 5.208986672185724e-05
Updating learning rate to 5.208986672185724e-05
18412 2632 5260 0.7 0.2 26304
train 17981
vs, vt 0.04965394185855985 0.04771348349750042
2023-07-28 01:06:12,137 - epoch:3, training loss:0.8881 validation loss:0.0497
Updating learning rate to 7.610369432687743e-05
Updating learning rate to 7.610369432687743e-05
18412 2632 5260 0.7 0.2 26304
train 17981
vs, vt 0.04683873858302832 0.04513340145349502
2023-07-28 01:06:34,475 - epoch:4, training loss:0.7146 validation loss:0.0468
Updating learning rate to 9.364390586469177e-05
Updating learning rate to 9.364390586469177e-05
18412 2632 5260 0.7 0.2 26304
train 17981
vs, vt 0.04545653481036425 0.04357926277443767
2023-07-28 01:06:56,851 - epoch:5, training loss:0.6220 validation loss:0.0455
Updating learning rate to 9.999997814456623e-05
Updating learning rate to 9.999997814456623e-05
18412 2632 5260 0.7 0.2 26304
train 17981
vs, vt 0.04623158676549792 0.04480790942907333
2023-07-28 01:07:20,645 - epoch:6, training loss:0.5656 validation loss:0.0462
Updating learning rate to 9.956612105134122e-05
Updating learning rate to 9.956612105134122e-05
18412 2632 5260 0.7 0.2 26304
train 17981
vs, vt 0.04353182576596737 0.042290493845939636
2023-07-28 01:07:43,414 - epoch:7, training loss:0.5273 validation loss:0.0435
Updating learning rate to 9.828417730665822e-05
Updating learning rate to 9.828417730665822e-05
18412 2632 5260 0.7 0.2 26304
train 17981
vs, vt 0.04663340207189322 0.044451364874839784
2023-07-28 01:08:06,226 - epoch:8, training loss:0.4994 validation loss:0.0466
Updating learning rate to 9.617608132341072e-05
Updating learning rate to 9.617608132341072e-05
18412 2632 5260 0.7 0.2 26304
train 17981
vs, vt 0.04213611492887139 0.04219741625711322
2023-07-28 01:08:28,955 - epoch:9, training loss:0.4779 validation loss:0.0421
Updating learning rate to 9.327790320834669e-05
Updating learning rate to 9.327790320834669e-05
18412 2632 5260 0.7 0.2 26304
train 17981
vs, vt 0.04265766581520438 0.041586052533239125
2023-07-28 01:08:52,197 - epoch:10, training loss:0.4613 validation loss:0.0427
Updating learning rate to 8.963923159254168e-05
Updating learning rate to 8.963923159254168e-05
18412 2632 5260 0.7 0.2 26304
train 17981
vs, vt 0.04348375434055925 0.04240621915087104
2023-07-28 01:09:15,123 - epoch:11, training loss:0.4484 validation loss:0.0435
Updating learning rate to 8.532232515617246e-05
Updating learning rate to 8.532232515617246e-05
18412 2632 5260 0.7 0.2 26304
train 17981
vs, vt 0.042822157964110374 0.04210686348378658
2023-07-28 01:09:38,602 - epoch:12, training loss:0.4368 validation loss:0.0428
Updating learning rate to 8.04010473652379e-05
Updating learning rate to 8.04010473652379e-05
18412 2632 5260 0.7 0.2 26304
train 17981
vs, vt 0.041646325029432774 0.04172191200777888
2023-07-28 01:10:02,197 - epoch:13, training loss:0.4280 validation loss:0.0416
Updating learning rate to 7.495960264717686e-05
Updating learning rate to 7.495960264717686e-05
18412 2632 5260 0.7 0.2 26304
train 17981
vs, vt 0.040865635965019464 0.042253950890153644
2023-07-28 01:10:26,282 - epoch:14, training loss:0.4197 validation loss:0.0409
Updating learning rate to 6.909109562976884e-05
Updating learning rate to 6.909109562976884e-05
18412 2632 5260 0.7 0.2 26304
train 17981
vs, vt 0.04202142283320427 0.040506979823112486
2023-07-28 01:10:50,277 - epoch:15, training loss:0.4131 validation loss:0.0420
Updating learning rate to 6.289593809513925e-05
Updating learning rate to 6.289593809513925e-05
18412 2632 5260 0.7 0.2 26304
train 17981
vs, vt 0.041097325086593625 0.040933822840452196
2023-07-28 01:11:13,512 - epoch:16, training loss:0.4078 validation loss:0.0411
Updating learning rate to 5.6480130906327764e-05
Updating learning rate to 5.6480130906327764e-05
18412 2632 5260 0.7 0.2 26304
train 17981
vs, vt 0.04149667648598552 0.04060156894847751
2023-07-28 01:11:36,827 - epoch:17, training loss:0.4023 validation loss:0.0415
Updating learning rate to 4.995345030313274e-05
Updating learning rate to 4.995345030313274e-05
18412 2632 5260 0.7 0.2 26304
train 17981
vs, vt 0.041311302315443756 0.040962657891213894
2023-07-28 01:11:57,840 - epoch:18, training loss:0.3981 validation loss:0.0413
Updating learning rate to 4.3427569600212594e-05
Updating learning rate to 4.3427569600212594e-05
18412 2632 5260 0.7 0.2 26304
train 17981
vs, vt 0.04074129480868578 0.04134713364765048
2023-07-28 01:12:21,124 - epoch:19, training loss:0.3949 validation loss:0.0407
Updating learning rate to 3.70141484257102e-05
Updating learning rate to 3.70141484257102e-05
18412 2632 5260 0.7 0.2 26304
train 17981
vs, vt 0.03942841831594705 0.039575221575796606
2023-07-28 01:12:43,709 - epoch:20, training loss:0.3915 validation loss:0.0394
Updating learning rate to 3.0822922194057626e-05
Updating learning rate to 3.0822922194057626e-05
18412 2632 5260 0.7 0.2 26304
train 17981
vs, vt 0.040005655866116284 0.039881855994462964
2023-07-28 01:13:06,879 - epoch:21, training loss:0.3896 validation loss:0.0400
Updating learning rate to 2.4959824502610635e-05
Updating learning rate to 2.4959824502610635e-05
18412 2632 5260 0.7 0.2 26304
train 17981
vs, vt 0.03936109822243452 0.04016332887113094
2023-07-28 01:13:34,427 - epoch:22, training loss:0.3875 validation loss:0.0394
Updating learning rate to 1.9525174578427625e-05
Updating learning rate to 1.9525174578427625e-05
18412 2632 5260 0.7 0.2 26304
train 17981
vs, vt 0.039091989118605855 0.039497339818626645
2023-07-28 01:14:05,838 - epoch:23, training loss:0.3856 validation loss:0.0391
Updating learning rate to 1.4611960788481038e-05
Updating learning rate to 1.4611960788481038e-05
18412 2632 5260 0.7 0.2 26304
train 17981
vs, vt 0.039088450092822316 0.039276592433452606
2023-07-28 01:14:37,437 - epoch:24, training loss:0.3844 validation loss:0.0391
Updating learning rate to 1.0304249582917059e-05
Updating learning rate to 1.0304249582917059e-05
18412 2632 5260 0.7 0.2 26304
train 17981
vs, vt 0.03906320771202445 0.03923735292628407
2023-07-28 01:15:08,439 - epoch:25, training loss:0.3832 validation loss:0.0391
Updating learning rate to 6.675747094786052e-06
Updating learning rate to 6.675747094786052e-06
18412 2632 5260 0.7 0.2 26304
train 17981
vs, vt 0.03868772527202964 0.03905861228704453
2023-07-28 01:15:39,559 - epoch:26, training loss:0.3825 validation loss:0.0387
Updating learning rate to 3.7885380076709116e-06
Updating learning rate to 3.7885380076709116e-06
18412 2632 5260 0.7 0.2 26304
train 17981
vs, vt 0.038757361192256215 0.03909201249480247
2023-07-28 01:16:11,339 - epoch:27, training loss:0.3814 validation loss:0.0388
Updating learning rate to 1.6920232695377565e-06
Updating learning rate to 1.6920232695377565e-06
18412 2632 5260 0.7 0.2 26304
train 17981
vs, vt 0.03865112699568272 0.039005845319479704
2023-07-28 01:16:42,853 - epoch:28, training loss:0.3812 validation loss:0.0387
Updating learning rate to 4.220748288197363e-07
Updating learning rate to 4.220748288197363e-07
18412 2632 5260 0.7 0.2 26304
train 17981
vs, vt 0.038645620550960304 0.03897218452766538
2023-07-28 01:17:14,508 - epoch:29, training loss:0.3812 validation loss:0.0386
Updating learning rate to 4.218554337707414e-10
Updating learning rate to 4.218554337707414e-10
check exp/ECL-PatchTST2023-07-28-01:04:17.158810/0/0.0386_epoch_29.pkl  &  0.03897218452766538
2023-07-28 01:17:18,210 - [*] loss:0.0716
2023-07-28 01:17:18,212 - [*] phase 0, testing
2023-07-28 01:17:18,223 - T:96	MAE	0.187315	RMSE	0.071506	MAPE	232.653499
2023-07-28 01:17:18,223 - 96	mae	0.1873	
2023-07-28 01:17:18,224 - 96	rmse	0.0715	
2023-07-28 01:17:18,224 - 96	mape	232.6535	
2023-07-28 01:17:21,600 - [*] loss:0.0713
2023-07-28 01:17:21,601 - [*] phase 0, testing
2023-07-28 01:17:21,609 - T:96	MAE	0.186341	RMSE	0.071222	MAPE	223.109555
2023-07-28 01:17:21,609 - 96	mae	0.1863	
2023-07-28 01:17:21,609 - 96	rmse	0.0712	
2023-07-28 01:17:21,609 - 96	mape	223.1096	
