2023-07-28 10:45:47,317 - logger name:exp/ECL-PatchTST2023-07-28-10:45:47.317384/ECL-PatchTST.log
2023-07-28 10:45:47,318 - params : {'conf': 'ECL-PatchTST', 'data_name': 'ETTh2', 'iteration': 1, 'load': True, 'build_graph': False, 'same_init': True, 'grad_norm': False, 'refiner_no_residual': False, 'root_path': '', 'exp_path': 'exp/', 'val_test_mix': False, 'pred_len': 96, 'noise_rate': 0.5, 'device': device(type='cuda', index=1), 'test_model_path': '/Disk/fhyega/code/BASE/exp/ECL-PatchTST2023-07-23-21:59:42.618606/0/0.0379_epoch_25.pkl', 'idx': -1, 'aligner': 1, 'refiner': 0, 'refiner_block_num': 1, 'enhance': 0, 'seed': 2034, 'batch_size': 128, '/* model related args*/': '//', 'model_name': 'PatchTST', 'seq_len': 336, 'label_len': 48, 'features': 'M', 'target': 'OT', 'graph_input': False, 'individual': False, 'e_layers': 3, 'd_layers': 1, 'factor': 1, 'n_heads': 16, 'd_model': 128, 'd_ff': 256, 'dropout': 0.2, 'fc_dropout': 0.2, 'head_dropout': 0.0, 'patch_len': 16, 'stride': 8, 'des': 'Exp', 'padding_patch': 'end', 'revin': 1, 'affine': 0, 'subtract_last': 0, 'decomposition': 0, 'kernel_size': 25, 'output_attention': 0, 'embed_type': 0, 'activation': 'gelu', 'lradj': 'TST', 'distil': 1, 'linear_output': 1, 'pct_start': 0.2, '/*train related args*/': '//', 'train': True, 'epoch': 30, 'lr': 0.0001, 'loss': 'mse', '/*dataset related args*/': '//', 'save_data_path': 'data/ECL/', 'data_process': True, 'embed': 'timeF', 'freq': 'h', 'begin_phase': 0, 'end_phase': 1, 'phase_len': 26304, 'val_ratio': 0.33, 'graph_size': 321, '/*strategy related args*/': '//', 'strategy': 'incremental', 'increase': False, 'detect': False, 'detect_strategy': 'feature', 'replay': False, 'replay_strategy': 'random', 'repaly_num_samples': 100, 'ewc': False, 'ewc_strategy': 'ewc', 'ewc_lambda': 0.0001, 'subgraph_train': False, 'num_hops': 2, 'logname': 'ECL-PatchTST', 'time': '2023-07-28-10:45:47.317384', 'path': 'exp/ECL-PatchTST2023-07-28-10:45:47.317384', 'num_workers': 4, 'start_train': 0, 'train_mode': 'pretrain', 'get_score': False, 'use_cm': True, 'logger': <Logger __main__ (INFO)>}
2023-07-28 10:45:47,318 - [*] phase 0 start training
0 26304
train 8209
val 2785
test 2785
2023-07-28 10:45:47,580 - [*] phase 0 Dataset load!
2023-07-28 10:45:48,732 - [*] phase 0 Training start
train 8209
2023-07-28 10:46:22,248 - epoch:0, training loss:0.6297 validation loss:0.2961
train 8209
vs, vt 0.29607544432986865 0.2968630397861654
Updating learning rate to 1.0463629820836433e-05
Updating learning rate to 1.0463629820836433e-05
train 8209
vs, vt 0.23759861798448997 0.24578119882128455
2023-07-28 10:47:23,392 - epoch:1, training loss:1.5202 validation loss:0.2376
Updating learning rate to 2.8113748014145436e-05
Updating learning rate to 2.8113748014145436e-05
train 8209
vs, vt 0.21798176657069812 0.2180934487418695
2023-07-28 10:48:08,486 - epoch:2, training loss:1.1960 validation loss:0.2180
Updating learning rate to 5.219686165094539e-05
Updating learning rate to 5.219686165094539e-05
train 8209
vs, vt 0.21719577874649654 0.20989406752315434
2023-07-28 10:48:54,503 - epoch:3, training loss:0.9335 validation loss:0.2172
Updating learning rate to 7.622695691951079e-05
Updating learning rate to 7.622695691951079e-05
train 8209
vs, vt 0.21228017048402267 0.21199379962953654
2023-07-28 10:49:39,082 - epoch:4, training loss:0.7970 validation loss:0.2123
Updating learning rate to 9.373229880419829e-05
Updating learning rate to 9.373229880419829e-05
train 8209
vs, vt 0.20888271250508048 0.21050058711658826
2023-07-28 10:50:23,550 - epoch:5, training loss:0.7344 validation loss:0.2089
Updating learning rate to 9.999989541836333e-05
Updating learning rate to 9.999989541836333e-05
train 8209
vs, vt 0.21101146292957393 0.20984019135886972
2023-07-28 10:51:10,096 - epoch:6, training loss:0.7048 validation loss:0.2110
Updating learning rate to 9.955879284407972e-05
Updating learning rate to 9.955879284407972e-05
train 8209
vs, vt 0.2112264490940354 0.2118648053570227
2023-07-28 10:51:54,677 - epoch:7, training loss:0.6827 validation loss:0.2112
Updating learning rate to 9.826972900599613e-05
Updating learning rate to 9.826972900599613e-05
train 8209
vs, vt 0.21647842533209108 0.20881566269831223
2023-07-28 10:52:38,173 - epoch:8, training loss:0.6740 validation loss:0.2165
Updating learning rate to 9.615476014377818e-05
Updating learning rate to 9.615476014377818e-05
train 8209
vs, vt 0.20692803236571225 0.21228976344520395
2023-07-28 10:53:14,618 - epoch:9, training loss:0.6571 validation loss:0.2069
Updating learning rate to 9.325007396103859e-05
Updating learning rate to 9.325007396103859e-05
train 8209
vs, vt 0.20620726692405614 0.20882649990645322
2023-07-28 10:53:51,181 - epoch:10, training loss:0.6519 validation loss:0.2062
Updating learning rate to 8.960537044369518e-05
Updating learning rate to 8.960537044369518e-05
train 8209
vs, vt 0.2093602940440178 0.2069098295813257
2023-07-28 10:54:28,398 - epoch:11, training loss:0.6331 validation loss:0.2094
Updating learning rate to 8.528301147943237e-05
Updating learning rate to 8.528301147943237e-05
train 8209
vs, vt 0.20911875773559918 0.2060129242864522
2023-07-28 10:55:03,564 - epoch:12, training loss:0.6205 validation loss:0.2091
Updating learning rate to 8.035695382851308e-05
Updating learning rate to 8.035695382851308e-05
train 8209
vs, vt 0.21309450336477972 0.20707580311731857
2023-07-28 10:55:39,580 - epoch:13, training loss:0.6300 validation loss:0.2131
Updating learning rate to 7.49114837031057e-05
Updating learning rate to 7.49114837031057e-05
train 8209
vs, vt 0.21342046829787167 0.21247738769108598
2023-07-28 10:56:15,537 - epoch:14, training loss:0.6208 validation loss:0.2134
Updating learning rate to 6.90397746068255e-05
Updating learning rate to 6.90397746068255e-05
train 8209
vs, vt 0.21298674019900235 0.21013131466778842
2023-07-28 10:56:51,278 - epoch:15, training loss:0.6403 validation loss:0.2130
Updating learning rate to 6.284229311025519e-05
Updating learning rate to 6.284229311025519e-05
train 8209
vs, vt 0.21831481260332194 0.2110079364343123
2023-07-28 10:57:27,995 - epoch:16, training loss:0.6400 validation loss:0.2183
Updating learning rate to 5.642507984006751e-05
Updating learning rate to 5.642507984006751e-05
train 8209
vs, vt 0.21734269979325208 0.217134414748712
2023-07-28 10:58:04,606 - epoch:17, training loss:0.6679 validation loss:0.2173
Updating learning rate to 4.989793509450307e-05
Updating learning rate to 4.989793509450307e-05
train 8209
vs, vt 0.21789854527874428 0.21551263772628523
2023-07-28 10:58:41,828 - epoch:18, training loss:0.6846 validation loss:0.2179
Updating learning rate to 4.337254012982485e-05
Updating learning rate to 4.337254012982485e-05
train 8209
vs, vt 0.21747513724998993 0.21633616428483615
2023-07-28 10:59:18,191 - epoch:19, training loss:0.6835 validation loss:0.2175
Updating learning rate to 3.696054626305981e-05
Updating learning rate to 3.696054626305981e-05
train 8209
vs, vt 0.21813945133577695 0.21554672447117892
2023-07-28 10:59:55,100 - epoch:20, training loss:0.6766 validation loss:0.2181
Updating learning rate to 3.0771664487008854e-05
Updating learning rate to 3.0771664487008854e-05
train 8209
vs, vt 0.2200927006250078 0.21690281345085663
2023-07-28 11:00:31,590 - epoch:21, training loss:0.6871 validation loss:0.2201
Updating learning rate to 2.491178828474237e-05
Updating learning rate to 2.491178828474237e-05
train 8209
vs, vt 0.21940807422453706 0.2186511131850156
2023-07-28 11:01:07,809 - epoch:22, training loss:0.6944 validation loss:0.2194
Updating learning rate to 1.9481181762745777e-05
Updating learning rate to 1.9481181762745777e-05
train 8209
vs, vt 0.22087852690707555 0.21662063320929353
2023-07-28 11:01:45,368 - epoch:23, training loss:0.6998 validation loss:0.2209
Updating learning rate to 1.4572764104259043e-05
Updating learning rate to 1.4572764104259043e-05
train 8209
vs, vt 0.2201951318843798 0.21924231709404426
2023-07-28 11:02:21,602 - epoch:24, training loss:0.6923 validation loss:0.2202
Updating learning rate to 1.0270519696289322e-05
Updating learning rate to 1.0270519696289322e-05
train 8209
vs, vt 0.22073184597221288 0.21983845769004387
2023-07-28 11:02:57,944 - epoch:25, training loss:0.6994 validation loss:0.2207
Updating learning rate to 6.648061133464466e-06
Updating learning rate to 6.648061133464466e-06
train 8209
vs, vt 0.22154791145162148 0.2194579318165779
2023-07-28 11:03:34,837 - epoch:26, training loss:0.6972 validation loss:0.2215
Updating learning rate to 3.7673696861296922e-06
Updating learning rate to 3.7673696861296922e-06
train 8209
vs, vt 0.22068192843686452 0.2197077518159693
2023-07-28 11:04:11,564 - epoch:27, training loss:0.7068 validation loss:0.2207
Updating learning rate to 1.6777347836274343e-06
Updating learning rate to 1.6777347836274343e-06
train 8209
vs, vt 0.22062476825985042 0.21914290738376704
2023-07-28 11:04:47,828 - epoch:28, training loss:0.6964 validation loss:0.2206
Updating learning rate to 4.1491065849575754e-07
Updating learning rate to 4.1491065849575754e-07
train 8209
vs, vt 0.2201640328223055 0.21998328546231444
2023-07-28 11:05:24,323 - epoch:29, training loss:0.7036 validation loss:0.2202
Updating learning rate to 5.045816366600914e-10
Updating learning rate to 5.045816366600914e-10
check exp/ECL-PatchTST2023-07-28-10:45:47.317384/0/0.2062_epoch_10.pkl  &  0.2060129242864522
2023-07-28 11:05:29,151 - [*] loss:0.2859
2023-07-28 11:05:29,155 - [*] phase 0, testing
2023-07-28 11:05:29,196 - T:96	MAE	0.344035	RMSE	0.285482	MAPE	141.367900
2023-07-28 11:05:29,198 - 96	mae	0.3440	
2023-07-28 11:05:29,198 - 96	rmse	0.2855	
2023-07-28 11:05:29,198 - 96	mape	141.3679	
2023-07-28 11:05:33,340 - [*] loss:0.2767
2023-07-28 11:05:33,344 - [*] phase 0, testing
2023-07-28 11:05:33,405 - T:96	MAE	0.335873	RMSE	0.276441	MAPE	136.577952
2023-07-28 11:05:33,406 - 96	mae	0.3359	
2023-07-28 11:05:33,406 - 96	rmse	0.2764	
2023-07-28 11:05:33,406 - 96	mape	136.5780	
