2023-07-28 13:19:53,846 - logger name:exp/ECL-PatchTST2023-07-28-13:19:53.845816/ECL-PatchTST.log
2023-07-28 13:19:53,846 - params : {'conf': 'ECL-PatchTST', 'data_name': 'ETTh2', 'iteration': 1, 'load': True, 'build_graph': False, 'same_init': True, 'grad_norm': False, 'refiner_no_residual': False, 'root_path': '', 'exp_path': 'exp/', 'val_test_mix': False, 'pred_len': 96, 'noise_rate': 0.5, 'device': device(type='cuda', index=1), 'test_model_path': '/Disk/fhyega/code/BASE/exp/ECL-PatchTST2023-07-23-21:59:42.618606/0/0.0379_epoch_25.pkl', 'idx': -1, 'aligner': 0, 'always_align': 1, 'refiner': 0, 'refiner_block_num': 1, 'enhance': 0, 'seed': 2030, 'batch_size': 128, '/* model related args*/': '//', 'model_name': 'PatchTST', 'seq_len': 336, 'label_len': 48, 'features': 'M', 'target': 'OT', 'graph_input': False, 'individual': False, 'e_layers': 3, 'd_layers': 1, 'factor': 1, 'n_heads': 16, 'd_model': 128, 'd_ff': 256, 'dropout': 0.2, 'fc_dropout': 0.2, 'head_dropout': 0.0, 'patch_len': 16, 'stride': 8, 'des': 'Exp', 'padding_patch': 'end', 'revin': 1, 'affine': 0, 'subtract_last': 0, 'decomposition': 0, 'kernel_size': 25, 'output_attention': 0, 'embed_type': 0, 'activation': 'gelu', 'lradj': 'TST', 'distil': 1, 'linear_output': 1, 'pct_start': 0.2, '/*train related args*/': '//', 'train': True, 'epoch': 30, 'lr': 0.0001, 'loss': 'mse', '/*dataset related args*/': '//', 'save_data_path': 'data/ECL/', 'data_process': True, 'embed': 'timeF', 'freq': 'h', 'begin_phase': 0, 'end_phase': 1, 'phase_len': 26304, 'val_ratio': 0.33, 'graph_size': 321, '/*strategy related args*/': '//', 'strategy': 'incremental', 'increase': False, 'detect': False, 'detect_strategy': 'feature', 'replay': False, 'replay_strategy': 'random', 'repaly_num_samples': 100, 'ewc': False, 'ewc_strategy': 'ewc', 'ewc_lambda': 0.0001, 'subgraph_train': False, 'num_hops': 2, 'logname': 'ECL-PatchTST', 'time': '2023-07-28-13:19:53.845816', 'path': 'exp/ECL-PatchTST2023-07-28-13:19:53.845816', 'num_workers': 4, 'start_train': 0, 'train_mode': 'pretrain', 'get_score': False, 'use_cm': True, 'logger': <Logger __main__ (INFO)>}
2023-07-28 13:19:53,846 - [*] phase 0 start training
0 26304
train 8209
val 2785
test 2785
2023-07-28 13:19:54,045 - [*] phase 0 Dataset load!
2023-07-28 13:19:55,018 - [*] phase 0 Training start
train 8209
2023-07-28 13:20:06,275 - epoch:0, training loss:0.6359 validation loss:0.3729
train 8209
vs, vt 0.3728980134156617 0.3781367956914685
Updating learning rate to 1.0463629820836433e-05
Updating learning rate to 1.0463629820836433e-05
train 8209
vs, vt 0.3075743849304589 0.3217883665453304
2023-07-28 13:20:32,033 - epoch:1, training loss:0.5787 validation loss:0.3076
Updating learning rate to 2.8113748014145436e-05
Updating learning rate to 2.8113748014145436e-05
train 8209
vs, vt 0.28767614489929244 0.2901161456988616
2023-07-28 13:20:49,990 - epoch:2, training loss:0.5046 validation loss:0.2877
Updating learning rate to 5.219686165094539e-05
Updating learning rate to 5.219686165094539e-05
train 8209
vs, vt 0.2806084548885172 0.2791315877640789
2023-07-28 13:21:08,158 - epoch:3, training loss:0.4631 validation loss:0.2806
Updating learning rate to 7.622695691951079e-05
Updating learning rate to 7.622695691951079e-05
train 8209
vs, vt 0.2820590851320462 0.27617540735412727
2023-07-28 13:21:25,831 - epoch:4, training loss:0.4390 validation loss:0.2821
Updating learning rate to 9.373229880419829e-05
Updating learning rate to 9.373229880419829e-05
train 8209
vs, vt 0.28299930827184155 0.27321042476052587
2023-07-28 13:21:43,934 - epoch:5, training loss:0.4210 validation loss:0.2830
Updating learning rate to 9.999989541836333e-05
Updating learning rate to 9.999989541836333e-05
train 8209
vs, vt 0.29427198168228974 0.2758584596555341
2023-07-28 13:22:02,171 - epoch:6, training loss:0.4012 validation loss:0.2943
Updating learning rate to 9.955879284407972e-05
Updating learning rate to 9.955879284407972e-05
train 8209
vs, vt 0.3076516210355542 0.27480952881953935
2023-07-28 13:22:19,996 - epoch:7, training loss:0.3816 validation loss:0.3077
Updating learning rate to 9.826972900599613e-05
Updating learning rate to 9.826972900599613e-05
train 8209
vs, vt 0.3113834768195044 0.27789380333640357
2023-07-28 13:22:37,503 - epoch:8, training loss:0.3681 validation loss:0.3114
Updating learning rate to 9.615476014377818e-05
Updating learning rate to 9.615476014377818e-05
train 8209
vs, vt 0.3132180713794448 0.27943722412667493
2023-07-28 13:22:55,672 - epoch:9, training loss:0.3582 validation loss:0.3132
Updating learning rate to 9.325007396103859e-05
Updating learning rate to 9.325007396103859e-05
train 8209
vs, vt 0.31040616672147403 0.2841822359372269
2023-07-28 13:23:13,639 - epoch:10, training loss:0.3474 validation loss:0.3104
Updating learning rate to 8.960537044369518e-05
Updating learning rate to 8.960537044369518e-05
train 8209
vs, vt 0.31642533161423425 0.28182625567371195
2023-07-28 13:23:31,529 - epoch:11, training loss:0.3398 validation loss:0.3164
Updating learning rate to 8.528301147943237e-05
Updating learning rate to 8.528301147943237e-05
train 8209
vs, vt 0.3163223507052118 0.2825908696448261
2023-07-28 13:23:49,221 - epoch:12, training loss:0.3331 validation loss:0.3163
Updating learning rate to 8.035695382851308e-05
Updating learning rate to 8.035695382851308e-05
train 8209
vs, vt 0.31579747067933733 0.28618240458044136
2023-07-28 13:24:07,100 - epoch:13, training loss:0.3285 validation loss:0.3158
Updating learning rate to 7.49114837031057e-05
Updating learning rate to 7.49114837031057e-05
train 8209
vs, vt 0.31754747083918616 0.28500009361993184
2023-07-28 13:24:25,189 - epoch:14, training loss:0.3238 validation loss:0.3175
Updating learning rate to 6.90397746068255e-05
Updating learning rate to 6.90397746068255e-05
train 8209
vs, vt 0.31720255738632247 0.2846626541153951
2023-07-28 13:24:43,552 - epoch:15, training loss:0.3195 validation loss:0.3172
Updating learning rate to 6.284229311025519e-05
Updating learning rate to 6.284229311025519e-05
train 8209
vs, vt 0.31997149539264763 0.2888208521022038
2023-07-28 13:25:01,714 - epoch:16, training loss:0.3158 validation loss:0.3200
Updating learning rate to 5.642507984006751e-05
Updating learning rate to 5.642507984006751e-05
train 8209
vs, vt 0.32070364633744414 0.28686221807517787
2023-07-28 13:25:19,486 - epoch:17, training loss:0.3122 validation loss:0.3207
Updating learning rate to 4.989793509450307e-05
Updating learning rate to 4.989793509450307e-05
train 8209
vs, vt 0.31790386428209866 0.28760716200552205
2023-07-28 13:25:37,132 - epoch:18, training loss:0.3090 validation loss:0.3179
Updating learning rate to 4.337254012982485e-05
Updating learning rate to 4.337254012982485e-05
train 8209
vs, vt 0.3235253107480027 0.28754365765912965
2023-07-28 13:25:54,843 - epoch:19, training loss:0.3063 validation loss:0.3235
Updating learning rate to 3.696054626305981e-05
Updating learning rate to 3.696054626305981e-05
train 8209
vs, vt 0.31838366558605974 0.28755867786028166
2023-07-28 13:26:12,703 - epoch:20, training loss:0.3057 validation loss:0.3184
Updating learning rate to 3.0771664487008854e-05
Updating learning rate to 3.0771664487008854e-05
train 8209
vs, vt 0.322575172748078 0.2839214053343643
2023-07-28 13:26:30,597 - epoch:21, training loss:0.3035 validation loss:0.3226
Updating learning rate to 2.491178828474237e-05
Updating learning rate to 2.491178828474237e-05
train 8209
vs, vt 0.32005072554404085 0.28697879578579555
2023-07-28 13:26:48,452 - epoch:22, training loss:0.3024 validation loss:0.3201
Updating learning rate to 1.9481181762745777e-05
Updating learning rate to 1.9481181762745777e-05
train 8209
vs, vt 0.32151829705319623 0.2861003689467907
2023-07-28 13:27:06,348 - epoch:23, training loss:0.3015 validation loss:0.3215
Updating learning rate to 1.4572764104259043e-05
Updating learning rate to 1.4572764104259043e-05
train 8209
vs, vt 0.31998128681020305 0.2856671671298417
2023-07-28 13:27:24,316 - epoch:24, training loss:0.2999 validation loss:0.3200
Updating learning rate to 1.0270519696289322e-05
Updating learning rate to 1.0270519696289322e-05
train 8209
vs, vt 0.32028327137231827 0.2858007756823843
2023-07-28 13:27:44,344 - epoch:25, training loss:0.2984 validation loss:0.3203
Updating learning rate to 6.648061133464466e-06
Updating learning rate to 6.648061133464466e-06
train 8209
vs, vt 0.3210581900043921 0.2859412162480029
2023-07-28 13:28:02,383 - epoch:26, training loss:0.2982 validation loss:0.3211
Updating learning rate to 3.7673696861296922e-06
Updating learning rate to 3.7673696861296922e-06
train 8209
vs, vt 0.31896707974374294 0.2854534328322519
2023-07-28 13:28:20,236 - epoch:27, training loss:0.2980 validation loss:0.3190
Updating learning rate to 1.6777347836274343e-06
Updating learning rate to 1.6777347836274343e-06
train 8209
vs, vt 0.31956018998541613 0.2855361876162616
2023-07-28 13:28:37,907 - epoch:28, training loss:0.2977 validation loss:0.3196
Updating learning rate to 4.1491065849575754e-07
Updating learning rate to 4.1491065849575754e-07
train 8209
vs, vt 0.3193817275830291 0.2855664666064761
2023-07-28 13:28:55,417 - epoch:29, training loss:0.2977 validation loss:0.3194
Updating learning rate to 5.045816366600914e-10
Updating learning rate to 5.045816366600914e-10
check exp/ECL-PatchTST2023-07-28-13:19:53.845816/0/0.2806_epoch_3.pkl  &  0.27321042476052587
2023-07-28 13:28:56,850 - [*] loss:0.2806
2023-07-28 13:28:56,853 - [*] phase 0, testing
2023-07-28 13:28:56,891 - T:96	MAE	0.342247	RMSE	0.280687	MAPE	138.364160
2023-07-28 13:28:56,892 - 96	mae	0.3422	
2023-07-28 13:28:56,892 - 96	rmse	0.2807	
2023-07-28 13:28:56,892 - 96	mape	138.3642	
2023-07-28 13:28:58,196 - [*] loss:0.2732
2023-07-28 13:28:58,199 - [*] phase 0, testing
2023-07-28 13:28:58,235 - T:96	MAE	0.332393	RMSE	0.273388	MAPE	131.423295
2023-07-28 13:28:58,236 - 96	mae	0.3324	
2023-07-28 13:28:58,236 - 96	rmse	0.2734	
2023-07-28 13:28:58,236 - 96	mape	131.4233	
