2023-07-27 22:07:08,423 - logger name:exp/ECL-PatchTST2023-07-27-22:07:08.418005/ECL-PatchTST.log
2023-07-27 22:07:08,423 - params : {'conf': 'ECL-PatchTST', 'data_name': 'ETTh2', 'iteration': 1, 'load': True, 'build_graph': False, 'same_init': True, 'grad_norm': False, 'refiner_no_residual': False, 'root_path': '', 'exp_path': 'exp/', 'val_test_mix': False, 'pred_len': 96, 'noise_rate': 0.5, 'device': device(type='cuda', index=1), 'test_model_path': '/Disk/fhyega/code/BASE/exp/ECL-PatchTST2023-07-23-21:59:42.618606/0/0.0379_epoch_25.pkl', 'idx': -1, 'aligner': 0, 'refiner': 0, 'refiner_block_num': 1, 'enhance': 0, 'seed': 2030, 'batch_size': 128, '/* model related args*/': '//', 'model_name': 'PatchTST', 'seq_len': 336, 'label_len': 48, 'features': 'M', 'target': 'OT', 'graph_input': False, 'individual': False, 'e_layers': 3, 'd_layers': 1, 'factor': 1, 'n_heads': 16, 'd_model': 128, 'd_ff': 256, 'dropout': 0.2, 'fc_dropout': 0.2, 'head_dropout': 0.0, 'patch_len': 16, 'stride': 8, 'des': 'Exp', 'padding_patch': 'end', 'revin': 1, 'affine': 0, 'subtract_last': 0, 'decomposition': 0, 'kernel_size': 25, 'output_attention': 0, 'embed_type': 0, 'activation': 'gelu', 'lradj': 'TST', 'distil': 1, 'linear_output': 1, 'pct_start': 0.2, '/*train related args*/': '//', 'train': True, 'epoch': 30, 'lr': 0.0001, 'loss': 'mse', '/*dataset related args*/': '//', 'save_data_path': 'data/ECL/', 'data_process': True, 'embed': 'timeF', 'freq': 'h', 'begin_phase': 0, 'end_phase': 1, 'phase_len': 26304, 'val_ratio': 0.33, 'graph_size': 321, '/*strategy related args*/': '//', 'strategy': 'incremental', 'increase': False, 'detect': False, 'detect_strategy': 'feature', 'replay': False, 'replay_strategy': 'random', 'repaly_num_samples': 100, 'ewc': False, 'ewc_strategy': 'ewc', 'ewc_lambda': 0.0001, 'subgraph_train': False, 'num_hops': 2, 'logname': 'ECL-PatchTST', 'time': '2023-07-27-22:07:08.418005', 'path': 'exp/ECL-PatchTST2023-07-27-22:07:08.418005', 'num_workers': 4, 'start_train': 0, 'train_mode': 'pretrain', 'get_score': False, 'use_cm': True, 'logger': <Logger __main__ (INFO)>}
2023-07-27 22:07:08,423 - [*] phase 0 start training
0 26304
train 8209
val 2785
test 2785
2023-07-27 22:07:08,616 - [*] phase 0 Dataset load!
2023-07-27 22:07:09,596 - [*] phase 0 Training start
train 8209
2023-07-27 22:07:35,183 - epoch:0, training loss:0.6359 validation loss:0.3005
train 8209
vs, vt 0.3005052750760859 0.3024600331078876
Updating learning rate to 1.0463629820836433e-05
Updating learning rate to 1.0463629820836433e-05
train 8209
vs, vt 0.24133570864796638 0.24848995798013426
2023-07-27 22:08:23,118 - epoch:1, training loss:0.5787 validation loss:0.2413
Updating learning rate to 2.8113748014145436e-05
Updating learning rate to 2.8113748014145436e-05
train 8209
vs, vt 0.22040047564289786 0.2217939580706033
2023-07-27 22:09:01,007 - epoch:2, training loss:0.5046 validation loss:0.2204
Updating learning rate to 5.219686165094539e-05
Updating learning rate to 5.219686165094539e-05
train 8209
vs, vt 0.21557410129091956 0.21181507848880507
2023-07-27 22:09:44,365 - epoch:3, training loss:0.4631 validation loss:0.2156
Updating learning rate to 7.622695691951079e-05
Updating learning rate to 7.622695691951079e-05
train 8209
vs, vt 0.21235674314878203 0.20887443558736282
2023-07-27 22:10:27,690 - epoch:4, training loss:0.4390 validation loss:0.2124
Updating learning rate to 9.373229880419829e-05
Updating learning rate to 9.373229880419829e-05
train 8209
vs, vt 0.2101328501647169 0.2112186381762678
2023-07-27 22:11:11,378 - epoch:5, training loss:0.4210 validation loss:0.2101
Updating learning rate to 9.999989541836333e-05
Updating learning rate to 9.999989541836333e-05
train 8209
vs, vt 0.2129444463009184 0.20774057101119647
2023-07-27 22:11:54,234 - epoch:6, training loss:0.4012 validation loss:0.2129
Updating learning rate to 9.955879284407972e-05
Updating learning rate to 9.955879284407972e-05
train 8209
vs, vt 0.2172212407670238 0.21169542318040674
2023-07-27 22:12:38,074 - epoch:7, training loss:0.3816 validation loss:0.2172
Updating learning rate to 9.826972900599613e-05
Updating learning rate to 9.826972900599613e-05
train 8209
vs, vt 0.21745257147333838 0.21343744918704033
2023-07-27 22:13:21,790 - epoch:8, training loss:0.3681 validation loss:0.2175
Updating learning rate to 9.615476014377818e-05
Updating learning rate to 9.615476014377818e-05
train 8209
vs, vt 0.21900596774437212 0.21721189435232768
2023-07-27 22:14:05,433 - epoch:9, training loss:0.3582 validation loss:0.2190
Updating learning rate to 9.325007396103859e-05
Updating learning rate to 9.325007396103859e-05
train 8209
vs, vt 0.21701456606388092 0.22418462417342447
2023-07-27 22:14:48,984 - epoch:10, training loss:0.3474 validation loss:0.2170
Updating learning rate to 8.960537044369518e-05
Updating learning rate to 8.960537044369518e-05
train 8209
vs, vt 0.21699232438748534 0.2151201150634072
2023-07-27 22:15:32,844 - epoch:11, training loss:0.3398 validation loss:0.2170
Updating learning rate to 8.528301147943237e-05
Updating learning rate to 8.528301147943237e-05
train 8209
vs, vt 0.21784454516389154 0.21511762555349956
2023-07-27 22:16:17,301 - epoch:12, training loss:0.3331 validation loss:0.2178
Updating learning rate to 8.035695382851308e-05
Updating learning rate to 8.035695382851308e-05
train 8209
vs, vt 0.2173842452466488 0.21564428203485228
2023-07-27 22:17:00,689 - epoch:13, training loss:0.3285 validation loss:0.2174
Updating learning rate to 7.49114837031057e-05
Updating learning rate to 7.49114837031057e-05
train 8209
vs, vt 0.2173803966831077 0.21576307307590137
2023-07-27 22:17:43,918 - epoch:14, training loss:0.3238 validation loss:0.2174
Updating learning rate to 6.90397746068255e-05
Updating learning rate to 6.90397746068255e-05
train 8209
vs, vt 0.21601273932240225 0.21441588787869972
2023-07-27 22:18:26,906 - epoch:15, training loss:0.3195 validation loss:0.2160
Updating learning rate to 6.284229311025519e-05
Updating learning rate to 6.284229311025519e-05
train 8209
vs, vt 0.21957821263508362 0.2145164842632684
2023-07-27 22:19:10,925 - epoch:16, training loss:0.3158 validation loss:0.2196
Updating learning rate to 5.642507984006751e-05
Updating learning rate to 5.642507984006751e-05
train 8209
vs, vt 0.21848579530011525 0.21450068733908914
2023-07-27 22:19:54,337 - epoch:17, training loss:0.3122 validation loss:0.2185
Updating learning rate to 4.989793509450307e-05
Updating learning rate to 4.989793509450307e-05
train 8209
vs, vt 0.2187879661267454 0.2140184627337889
2023-07-27 22:20:37,188 - epoch:18, training loss:0.3090 validation loss:0.2188
Updating learning rate to 4.337254012982485e-05
Updating learning rate to 4.337254012982485e-05
train 8209
vs, vt 0.21945073455572128 0.21720410612496463
2023-07-27 22:21:20,941 - epoch:19, training loss:0.3063 validation loss:0.2195
Updating learning rate to 3.696054626305981e-05
Updating learning rate to 3.696054626305981e-05
train 8209
vs, vt 0.21799884431741454 0.21624181724407457
2023-07-27 22:22:04,681 - epoch:20, training loss:0.3057 validation loss:0.2180
Updating learning rate to 3.0771664487008854e-05
Updating learning rate to 3.0771664487008854e-05
train 8209
vs, vt 0.21961519426920198 0.21352918683127922
2023-07-27 22:22:48,488 - epoch:21, training loss:0.3035 validation loss:0.2196
Updating learning rate to 2.491178828474237e-05
Updating learning rate to 2.491178828474237e-05
train 8209
vs, vt 0.21994537927887656 0.21337177299640395
2023-07-27 22:23:22,214 - epoch:22, training loss:0.3024 validation loss:0.2199
Updating learning rate to 1.9481181762745777e-05
Updating learning rate to 1.9481181762745777e-05
train 8209
vs, vt 0.21976097131317313 0.21216694976795802
2023-07-27 22:24:03,971 - epoch:23, training loss:0.3015 validation loss:0.2198
Updating learning rate to 1.4572764104259043e-05
Updating learning rate to 1.4572764104259043e-05
train 8209
vs, vt 0.2183553847399625 0.21177171848037027
2023-07-27 22:24:48,105 - epoch:24, training loss:0.2999 validation loss:0.2184
Updating learning rate to 1.0270519696289322e-05
Updating learning rate to 1.0270519696289322e-05
train 8209
vs, vt 0.21841314231807535 0.21194625070149248
2023-07-27 22:25:31,439 - epoch:25, training loss:0.2984 validation loss:0.2184
Updating learning rate to 6.648061133464466e-06
Updating learning rate to 6.648061133464466e-06
train 8209
vs, vt 0.2192182219163938 0.2118532992899418
2023-07-27 22:26:13,943 - epoch:26, training loss:0.2982 validation loss:0.2192
Updating learning rate to 3.7673696861296922e-06
Updating learning rate to 3.7673696861296922e-06
train 8209
vs, vt 0.21854449944062668 0.2116871320388534
2023-07-27 22:26:45,324 - epoch:27, training loss:0.2980 validation loss:0.2185
Updating learning rate to 1.6777347836274343e-06
Updating learning rate to 1.6777347836274343e-06
train 8209
vs, vt 0.2188330072570931 0.21183843470432542
2023-07-27 22:27:04,401 - epoch:28, training loss:0.2977 validation loss:0.2188
Updating learning rate to 4.1491065849575754e-07
Updating learning rate to 4.1491065849575754e-07
train 8209
vs, vt 0.21877524663101544 0.21176357499577783
2023-07-27 22:27:23,192 - epoch:29, training loss:0.2977 validation loss:0.2188
Updating learning rate to 5.045816366600914e-10
Updating learning rate to 5.045816366600914e-10
check exp/ECL-PatchTST2023-07-27-22:07:08.418005/0/0.2101_epoch_5.pkl  &  0.20774057101119647
2023-07-27 22:27:25,114 - [*] loss:0.2830
2023-07-27 22:27:25,117 - [*] phase 0, testing
2023-07-27 22:27:25,154 - T:96	MAE	0.342983	RMSE	0.283256	MAPE	142.589343
2023-07-27 22:27:25,156 - 96	mae	0.3430	
2023-07-27 22:27:25,156 - 96	rmse	0.2833	
2023-07-27 22:27:25,156 - 96	mape	142.5893	
2023-07-27 22:27:26,374 - [*] loss:0.2759
2023-07-27 22:27:26,377 - [*] phase 0, testing
2023-07-27 22:27:26,416 - T:96	MAE	0.332553	RMSE	0.276217	MAPE	134.438121
2023-07-27 22:27:26,418 - 96	mae	0.3326	
2023-07-27 22:27:26,418 - 96	rmse	0.2762	
2023-07-27 22:27:26,418 - 96	mape	134.4381	
