2023-07-28 09:46:08,738 - logger name:exp/ECL-PatchTST2023-07-28-09:46:08.738607/ECL-PatchTST.log
2023-07-28 09:46:08,739 - params : {'conf': 'ECL-PatchTST', 'data_name': 'ETTh2', 'iteration': 1, 'load': True, 'build_graph': False, 'same_init': True, 'grad_norm': False, 'refiner_no_residual': False, 'root_path': '', 'exp_path': 'exp/', 'val_test_mix': False, 'pred_len': 96, 'noise_rate': 0.5, 'device': device(type='cuda', index=1), 'test_model_path': '/Disk/fhyega/code/BASE/exp/ECL-PatchTST2023-07-23-21:59:42.618606/0/0.0379_epoch_25.pkl', 'idx': -1, 'aligner': 0, 'refiner': 0, 'refiner_block_num': 1, 'enhance': 0, 'seed': 2033, 'batch_size': 128, '/* model related args*/': '//', 'model_name': 'PatchTST', 'seq_len': 336, 'label_len': 48, 'features': 'M', 'target': 'OT', 'graph_input': False, 'individual': False, 'e_layers': 3, 'd_layers': 1, 'factor': 1, 'n_heads': 16, 'd_model': 128, 'd_ff': 256, 'dropout': 0.2, 'fc_dropout': 0.2, 'head_dropout': 0.0, 'patch_len': 16, 'stride': 8, 'des': 'Exp', 'padding_patch': 'end', 'revin': 1, 'affine': 0, 'subtract_last': 0, 'decomposition': 0, 'kernel_size': 25, 'output_attention': 0, 'embed_type': 0, 'activation': 'gelu', 'lradj': 'TST', 'distil': 1, 'linear_output': 1, 'pct_start': 0.2, '/*train related args*/': '//', 'train': True, 'epoch': 30, 'lr': 0.0001, 'loss': 'mse', '/*dataset related args*/': '//', 'save_data_path': 'data/ECL/', 'data_process': True, 'embed': 'timeF', 'freq': 'h', 'begin_phase': 0, 'end_phase': 1, 'phase_len': 26304, 'val_ratio': 0.33, 'graph_size': 321, '/*strategy related args*/': '//', 'strategy': 'incremental', 'increase': False, 'detect': False, 'detect_strategy': 'feature', 'replay': False, 'replay_strategy': 'random', 'repaly_num_samples': 100, 'ewc': False, 'ewc_strategy': 'ewc', 'ewc_lambda': 0.0001, 'subgraph_train': False, 'num_hops': 2, 'logname': 'ECL-PatchTST', 'time': '2023-07-28-09:46:08.738607', 'path': 'exp/ECL-PatchTST2023-07-28-09:46:08.738607', 'num_workers': 4, 'start_train': 0, 'train_mode': 'pretrain', 'get_score': False, 'use_cm': True, 'logger': <Logger __main__ (INFO)>}
2023-07-28 09:46:08,739 - [*] phase 0 start training
0 26304
train 8209
val 2785
test 2785
2023-07-28 09:46:09,035 - [*] phase 0 Dataset load!
2023-07-28 09:46:20,207 - [*] phase 0 Training start
train 8209
2023-07-28 09:47:03,756 - epoch:0, training loss:0.6224 validation loss:0.2953
train 8209
vs, vt 0.2953130616383119 0.29957944832064887
Updating learning rate to 1.0463629820836433e-05
Updating learning rate to 1.0463629820836433e-05
train 8209
vs, vt 0.24117092822085728 0.2477952248670838
2023-07-28 09:48:02,720 - epoch:1, training loss:0.5735 validation loss:0.2412
Updating learning rate to 2.8113748014145436e-05
Updating learning rate to 2.8113748014145436e-05
train 8209
vs, vt 0.21922117911956526 0.221828702498566
2023-07-28 09:48:46,623 - epoch:2, training loss:0.5010 validation loss:0.2192
Updating learning rate to 5.219686165094539e-05
Updating learning rate to 5.219686165094539e-05
train 8209
vs, vt 0.21715527976101096 0.21032032844695178
2023-07-28 09:49:31,127 - epoch:3, training loss:0.4641 validation loss:0.2172
Updating learning rate to 7.622695691951079e-05
Updating learning rate to 7.622695691951079e-05
train 8209
vs, vt 0.21101745353503662 0.21000677956776184
2023-07-28 09:50:10,829 - epoch:4, training loss:0.4395 validation loss:0.2110
Updating learning rate to 9.373229880419829e-05
Updating learning rate to 9.373229880419829e-05
train 8209
vs, vt 0.20813449980183082 0.20804668861356648
2023-07-28 09:50:45,171 - epoch:5, training loss:0.4200 validation loss:0.2081
Updating learning rate to 9.999989541836333e-05
Updating learning rate to 9.999989541836333e-05
train 8209
vs, vt 0.2126493382860314 0.20801630819385702
2023-07-28 09:51:20,665 - epoch:6, training loss:0.4005 validation loss:0.2126
Updating learning rate to 9.955879284407972e-05
Updating learning rate to 9.955879284407972e-05
train 8209
vs, vt 0.21329070830887015 0.20813851803541183
2023-07-28 09:51:57,461 - epoch:7, training loss:0.3830 validation loss:0.2133
Updating learning rate to 9.826972900599613e-05
Updating learning rate to 9.826972900599613e-05
train 8209
vs, vt 0.21760159595446152 0.20888964662497694
2023-07-28 09:52:32,182 - epoch:8, training loss:0.3699 validation loss:0.2176
Updating learning rate to 9.615476014377818e-05
Updating learning rate to 9.615476014377818e-05
train 8209
vs, vt 0.2184820706871423 0.2101337764073502
2023-07-28 09:53:08,416 - epoch:9, training loss:0.3591 validation loss:0.2185
Updating learning rate to 9.325007396103859e-05
Updating learning rate to 9.325007396103859e-05
train 8209
vs, vt 0.22372324324466966 0.2251330857927149
2023-07-28 09:53:43,768 - epoch:10, training loss:0.3512 validation loss:0.2237
Updating learning rate to 8.960537044369518e-05
Updating learning rate to 8.960537044369518e-05
train 8209
vs, vt 0.2215237712318247 0.22914066470482133
2023-07-28 09:54:19,383 - epoch:11, training loss:0.3437 validation loss:0.2215
Updating learning rate to 8.528301147943237e-05
Updating learning rate to 8.528301147943237e-05
train 8209
vs, vt 0.22004607116634195 0.22930246422236616
2023-07-28 09:54:55,483 - epoch:12, training loss:0.3358 validation loss:0.2200
Updating learning rate to 8.035695382851308e-05
Updating learning rate to 8.035695382851308e-05
train 8209
vs, vt 0.22490870444612068 0.22952278263189577
2023-07-28 09:55:31,727 - epoch:13, training loss:0.3323 validation loss:0.2249
Updating learning rate to 7.49114837031057e-05
Updating learning rate to 7.49114837031057e-05
train 8209
vs, vt 0.22263126921924678 0.24324616688218983
2023-07-28 09:56:08,023 - epoch:14, training loss:0.3264 validation loss:0.2226
Updating learning rate to 6.90397746068255e-05
Updating learning rate to 6.90397746068255e-05
train 8209
vs, vt 0.22113947333260017 0.24266298115253448
2023-07-28 09:56:43,688 - epoch:15, training loss:0.3220 validation loss:0.2211
Updating learning rate to 6.284229311025519e-05
Updating learning rate to 6.284229311025519e-05
train 8209
vs, vt 0.22014805369756438 0.22910749133337627
2023-07-28 09:57:19,743 - epoch:16, training loss:0.3186 validation loss:0.2201
Updating learning rate to 5.642507984006751e-05
Updating learning rate to 5.642507984006751e-05
train 8209
vs, vt 0.22013902427120643 0.22331739149310373
2023-07-28 09:57:55,842 - epoch:17, training loss:0.3146 validation loss:0.2201
Updating learning rate to 4.989793509450307e-05
Updating learning rate to 4.989793509450307e-05
train 8209
vs, vt 0.22287601605057716 0.2279380407523025
2023-07-28 09:58:32,348 - epoch:18, training loss:0.3119 validation loss:0.2229
Updating learning rate to 4.337254012982485e-05
Updating learning rate to 4.337254012982485e-05
train 8209
vs, vt 0.22281083633953874 0.2244301214814186
2023-07-28 09:59:07,743 - epoch:19, training loss:0.3101 validation loss:0.2228
Updating learning rate to 3.696054626305981e-05
Updating learning rate to 3.696054626305981e-05
train 8209
vs, vt 0.22258399562402206 0.22650117088447919
2023-07-28 09:59:44,843 - epoch:20, training loss:0.3077 validation loss:0.2226
Updating learning rate to 3.0771664487008854e-05
Updating learning rate to 3.0771664487008854e-05
train 8209
vs, vt 0.2212545976720073 0.22849532657048918
2023-07-28 10:00:21,159 - epoch:21, training loss:0.3069 validation loss:0.2213
Updating learning rate to 2.491178828474237e-05
Updating learning rate to 2.491178828474237e-05
train 8209
vs, vt 0.22323582050475207 0.22619817304340276
2023-07-28 10:00:56,727 - epoch:22, training loss:0.3048 validation loss:0.2232
Updating learning rate to 1.9481181762745777e-05
Updating learning rate to 1.9481181762745777e-05
train 8209
vs, vt 0.22242632948539473 0.22058279135010458
2023-07-28 10:01:33,214 - epoch:23, training loss:0.3031 validation loss:0.2224
Updating learning rate to 1.4572764104259043e-05
Updating learning rate to 1.4572764104259043e-05
train 8209
vs, vt 0.22231836142865094 0.21951565044847401
2023-07-28 10:02:09,429 - epoch:24, training loss:0.3033 validation loss:0.2223
Updating learning rate to 1.0270519696289322e-05
Updating learning rate to 1.0270519696289322e-05
train 8209
vs, vt 0.22252020172097467 0.22114018655636095
2023-07-28 10:02:44,588 - epoch:25, training loss:0.3021 validation loss:0.2225
Updating learning rate to 6.648061133464466e-06
Updating learning rate to 6.648061133464466e-06
train 8209
vs, vt 0.22214258496056905 0.22172868692062117
2023-07-28 10:03:21,322 - epoch:26, training loss:0.3011 validation loss:0.2221
Updating learning rate to 3.7673696861296922e-06
Updating learning rate to 3.7673696861296922e-06
train 8209
vs, vt 0.22209756144068457 0.22145092487335205
2023-07-28 10:03:58,107 - epoch:27, training loss:0.3001 validation loss:0.2221
Updating learning rate to 1.6777347836274343e-06
Updating learning rate to 1.6777347836274343e-06
train 8209
vs, vt 0.22208827564662154 0.22148866883733057
2023-07-28 10:04:33,462 - epoch:28, training loss:0.3000 validation loss:0.2221
Updating learning rate to 4.1491065849575754e-07
Updating learning rate to 4.1491065849575754e-07
train 8209
vs, vt 0.22186409174041313 0.22197466004978528
2023-07-28 10:05:10,341 - epoch:29, training loss:0.3010 validation loss:0.2219
Updating learning rate to 5.045816366600914e-10
Updating learning rate to 5.045816366600914e-10
check exp/ECL-PatchTST2023-07-28-09:46:08.738607/0/0.2081_epoch_5.pkl  &  0.20801630819385702
2023-07-28 10:05:15,152 - [*] loss:0.2844
2023-07-28 10:05:15,161 - [*] phase 0, testing
2023-07-28 10:05:15,301 - T:96	MAE	0.343245	RMSE	0.284636	MAPE	139.045262
2023-07-28 10:05:15,303 - 96	mae	0.3432	
2023-07-28 10:05:15,303 - 96	rmse	0.2846	
2023-07-28 10:05:15,303 - 96	mape	139.0453	
2023-07-28 10:05:19,844 - [*] loss:0.2753
2023-07-28 10:05:19,848 - [*] phase 0, testing
2023-07-28 10:05:19,942 - T:96	MAE	0.332651	RMSE	0.275412	MAPE	132.594872
2023-07-28 10:05:19,944 - 96	mae	0.3327	
2023-07-28 10:05:19,944 - 96	rmse	0.2754	
2023-07-28 10:05:19,944 - 96	mape	132.5949	
