2023-07-28 10:05:22,489 - logger name:exp/ECL-PatchTST2023-07-28-10:05:22.488795/ECL-PatchTST.log
2023-07-28 10:05:22,489 - params : {'conf': 'ECL-PatchTST', 'data_name': 'ETTh2', 'iteration': 1, 'load': True, 'build_graph': False, 'same_init': True, 'grad_norm': False, 'refiner_no_residual': False, 'root_path': '', 'exp_path': 'exp/', 'val_test_mix': False, 'pred_len': 96, 'noise_rate': 0.5, 'device': device(type='cuda', index=1), 'test_model_path': '/Disk/fhyega/code/BASE/exp/ECL-PatchTST2023-07-23-21:59:42.618606/0/0.0379_epoch_25.pkl', 'idx': -1, 'aligner': 1, 'refiner': 0, 'refiner_block_num': 1, 'enhance': 0, 'seed': 2033, 'batch_size': 128, '/* model related args*/': '//', 'model_name': 'PatchTST', 'seq_len': 336, 'label_len': 48, 'features': 'M', 'target': 'OT', 'graph_input': False, 'individual': False, 'e_layers': 3, 'd_layers': 1, 'factor': 1, 'n_heads': 16, 'd_model': 128, 'd_ff': 256, 'dropout': 0.2, 'fc_dropout': 0.2, 'head_dropout': 0.0, 'patch_len': 16, 'stride': 8, 'des': 'Exp', 'padding_patch': 'end', 'revin': 1, 'affine': 0, 'subtract_last': 0, 'decomposition': 0, 'kernel_size': 25, 'output_attention': 0, 'embed_type': 0, 'activation': 'gelu', 'lradj': 'TST', 'distil': 1, 'linear_output': 1, 'pct_start': 0.2, '/*train related args*/': '//', 'train': True, 'epoch': 30, 'lr': 0.0001, 'loss': 'mse', '/*dataset related args*/': '//', 'save_data_path': 'data/ECL/', 'data_process': True, 'embed': 'timeF', 'freq': 'h', 'begin_phase': 0, 'end_phase': 1, 'phase_len': 26304, 'val_ratio': 0.33, 'graph_size': 321, '/*strategy related args*/': '//', 'strategy': 'incremental', 'increase': False, 'detect': False, 'detect_strategy': 'feature', 'replay': False, 'replay_strategy': 'random', 'repaly_num_samples': 100, 'ewc': False, 'ewc_strategy': 'ewc', 'ewc_lambda': 0.0001, 'subgraph_train': False, 'num_hops': 2, 'logname': 'ECL-PatchTST', 'time': '2023-07-28-10:05:22.488795', 'path': 'exp/ECL-PatchTST2023-07-28-10:05:22.488795', 'num_workers': 4, 'start_train': 0, 'train_mode': 'pretrain', 'get_score': False, 'use_cm': True, 'logger': <Logger __main__ (INFO)>}
2023-07-28 10:05:22,489 - [*] phase 0 start training
0 26304
train 8209
val 2785
test 2785
2023-07-28 10:05:22,733 - [*] phase 0 Dataset load!
2023-07-28 10:05:23,835 - [*] phase 0 Training start
train 8209
2023-07-28 10:05:50,121 - epoch:0, training loss:0.6224 validation loss:0.2953
train 8209
vs, vt 0.2953130616383119 0.29957944832064887
Updating learning rate to 1.0463629820836433e-05
Updating learning rate to 1.0463629820836433e-05
train 8209
vs, vt 0.23950953476808287 0.2477952248670838
2023-07-28 10:06:40,194 - epoch:1, training loss:1.5217 validation loss:0.2395
Updating learning rate to 2.8113748014145436e-05
Updating learning rate to 2.8113748014145436e-05
train 8209
vs, vt 0.21648296815427867 0.22170809080654924
2023-07-28 10:07:17,878 - epoch:2, training loss:1.2117 validation loss:0.2165
Updating learning rate to 5.219686165094539e-05
Updating learning rate to 5.219686165094539e-05
train 8209
vs, vt 0.21584992652589624 0.20936102521690456
2023-07-28 10:07:54,164 - epoch:3, training loss:0.9592 validation loss:0.2158
Updating learning rate to 7.622695691951079e-05
Updating learning rate to 7.622695691951079e-05
train 8209
vs, vt 0.20924521711739627 0.20831006189638918
2023-07-28 10:08:30,066 - epoch:4, training loss:0.8124 validation loss:0.2092
Updating learning rate to 9.373229880419829e-05
Updating learning rate to 9.373229880419829e-05
train 8209
vs, vt 0.21162439239296046 0.20690388638864865
2023-07-28 10:09:07,338 - epoch:5, training loss:0.7474 validation loss:0.2116
Updating learning rate to 9.999989541836333e-05
Updating learning rate to 9.999989541836333e-05
train 8209
vs, vt 0.21404379470781845 0.21270798316056078
2023-07-28 10:09:50,830 - epoch:6, training loss:0.7060 validation loss:0.2140
Updating learning rate to 9.955879284407972e-05
Updating learning rate to 9.955879284407972e-05
train 8209
vs, vt 0.20987455716187303 0.21006954021074556
2023-07-28 10:10:36,068 - epoch:7, training loss:0.6801 validation loss:0.2099
Updating learning rate to 9.826972900599613e-05
Updating learning rate to 9.826972900599613e-05
train 8209
vs, vt 0.20880797065117143 0.20781145786697214
2023-07-28 10:11:20,513 - epoch:8, training loss:0.6613 validation loss:0.2088
Updating learning rate to 9.615476014377818e-05
Updating learning rate to 9.615476014377818e-05
train 8209
vs, vt 0.21025108139623294 0.20873918452046133
2023-07-28 10:12:04,626 - epoch:9, training loss:0.6401 validation loss:0.2103
Updating learning rate to 9.325007396103859e-05
Updating learning rate to 9.325007396103859e-05
train 8209
vs, vt 0.21682167290286583 0.20886654203588312
2023-07-28 10:12:49,964 - epoch:10, training loss:0.6299 validation loss:0.2168
Updating learning rate to 8.960537044369518e-05
Updating learning rate to 8.960537044369518e-05
train 8209
vs, vt 0.21496222269805995 0.21746078539978375
2023-07-28 10:13:34,417 - epoch:11, training loss:0.6248 validation loss:0.2150
Updating learning rate to 8.528301147943237e-05
Updating learning rate to 8.528301147943237e-05
train 8209
vs, vt 0.21366423978046936 0.21301282502033494
2023-07-28 10:14:19,442 - epoch:12, training loss:0.6119 validation loss:0.2137
Updating learning rate to 8.035695382851308e-05
Updating learning rate to 8.035695382851308e-05
train 8209
vs, vt 0.2227206165817651 0.2142868475480513
2023-07-28 10:15:04,101 - epoch:13, training loss:0.6082 validation loss:0.2227
Updating learning rate to 7.49114837031057e-05
Updating learning rate to 7.49114837031057e-05
train 8209
vs, vt 0.21694987842982466 0.22902935844930736
2023-07-28 10:15:49,413 - epoch:14, training loss:0.5996 validation loss:0.2169
Updating learning rate to 6.90397746068255e-05
Updating learning rate to 6.90397746068255e-05
train 8209
vs, vt 0.216022654351863 0.22239010239189322
2023-07-28 10:16:33,950 - epoch:15, training loss:0.5978 validation loss:0.2160
Updating learning rate to 6.284229311025519e-05
Updating learning rate to 6.284229311025519e-05
train 8209
vs, vt 0.21501880274577576 0.21772290258245033
2023-07-28 10:17:18,528 - epoch:16, training loss:0.5912 validation loss:0.2150
Updating learning rate to 5.642507984006751e-05
Updating learning rate to 5.642507984006751e-05
train 8209
vs, vt 0.2186750119382685 0.21731285378336906
2023-07-28 10:18:03,251 - epoch:17, training loss:0.5841 validation loss:0.2187
Updating learning rate to 4.989793509450307e-05
Updating learning rate to 4.989793509450307e-05
train 8209
vs, vt 0.21789038079706105 0.2241976796226068
2023-07-28 10:18:48,125 - epoch:18, training loss:0.5819 validation loss:0.2179
Updating learning rate to 4.337254012982485e-05
Updating learning rate to 4.337254012982485e-05
train 8209
vs, vt 0.2216620333492756 0.21816300262104382
2023-07-28 10:19:32,759 - epoch:19, training loss:0.5793 validation loss:0.2217
Updating learning rate to 3.696054626305981e-05
Updating learning rate to 3.696054626305981e-05
train 8209
vs, vt 0.22182505442337555 0.2237544855610891
2023-07-28 10:20:17,606 - epoch:20, training loss:0.5796 validation loss:0.2218
Updating learning rate to 3.0771664487008854e-05
Updating learning rate to 3.0771664487008854e-05
train 8209
vs, vt 0.2203031639483842 0.23032091016119177
2023-07-28 10:21:02,520 - epoch:21, training loss:0.5776 validation loss:0.2203
Updating learning rate to 2.491178828474237e-05
Updating learning rate to 2.491178828474237e-05
train 8209
vs, vt 0.22033791108564896 0.2257059873505072
2023-07-28 10:21:40,251 - epoch:22, training loss:0.5758 validation loss:0.2203
Updating learning rate to 1.9481181762745777e-05
Updating learning rate to 1.9481181762745777e-05
train 8209
vs, vt 0.21995446729389104 0.22282965007153424
2023-07-28 10:22:17,805 - epoch:23, training loss:0.5713 validation loss:0.2200
Updating learning rate to 1.4572764104259043e-05
Updating learning rate to 1.4572764104259043e-05
train 8209
vs, vt 0.22141659530726346 0.22525844147259538
2023-07-28 10:22:54,301 - epoch:24, training loss:0.5736 validation loss:0.2214
Updating learning rate to 1.0270519696289322e-05
Updating learning rate to 1.0270519696289322e-05
train 8209
vs, vt 0.22080639546567743 0.22627764161337505
2023-07-28 10:23:31,720 - epoch:25, training loss:0.5729 validation loss:0.2208
Updating learning rate to 6.648061133464466e-06
Updating learning rate to 6.648061133464466e-06
train 8209
vs, vt 0.2199618159369989 0.22636788169091399
2023-07-28 10:24:08,043 - epoch:26, training loss:0.5717 validation loss:0.2200
Updating learning rate to 3.7673696861296922e-06
Updating learning rate to 3.7673696861296922e-06
train 8209
vs, vt 0.22100896726955066 0.22538900578563864
2023-07-28 10:24:44,630 - epoch:27, training loss:0.5691 validation loss:0.2210
Updating learning rate to 1.6777347836274343e-06
Updating learning rate to 1.6777347836274343e-06
train 8209
vs, vt 0.22054718705740842 0.2251672771843997
2023-07-28 10:25:21,293 - epoch:28, training loss:0.5722 validation loss:0.2205
Updating learning rate to 4.1491065849575754e-07
Updating learning rate to 4.1491065849575754e-07
train 8209
vs, vt 0.2203024480153214 0.22577568820931695
2023-07-28 10:25:57,835 - epoch:29, training loss:0.5705 validation loss:0.2203
Updating learning rate to 5.045816366600914e-10
Updating learning rate to 5.045816366600914e-10
check exp/ECL-PatchTST2023-07-28-10:05:22.488795/0/0.2088_epoch_8.pkl  &  0.20690388638864865
2023-07-28 10:26:02,747 - [*] loss:0.2893
2023-07-28 10:26:02,751 - [*] phase 0, testing
2023-07-28 10:26:02,795 - T:96	MAE	0.344809	RMSE	0.288963	MAPE	139.237595
2023-07-28 10:26:02,797 - 96	mae	0.3448	
2023-07-28 10:26:02,797 - 96	rmse	0.2890	
2023-07-28 10:26:02,797 - 96	mape	139.2376	
2023-07-28 10:26:06,996 - [*] loss:0.2768
2023-07-28 10:26:06,999 - [*] phase 0, testing
2023-07-28 10:26:07,037 - T:96	MAE	0.332901	RMSE	0.277243	MAPE	133.433557
2023-07-28 10:26:07,038 - 96	mae	0.3329	
2023-07-28 10:26:07,038 - 96	rmse	0.2772	
2023-07-28 10:26:07,038 - 96	mape	133.4336	
