2023-07-28 13:29:00,290 - logger name:exp/ECL-PatchTST2023-07-28-13:29:00.290459/ECL-PatchTST.log
2023-07-28 13:29:00,291 - params : {'conf': 'ECL-PatchTST', 'data_name': 'ETTh2', 'iteration': 1, 'load': True, 'build_graph': False, 'same_init': True, 'grad_norm': False, 'refiner_no_residual': False, 'root_path': '', 'exp_path': 'exp/', 'val_test_mix': False, 'pred_len': 96, 'noise_rate': 0.5, 'device': device(type='cuda', index=1), 'test_model_path': '/Disk/fhyega/code/BASE/exp/ECL-PatchTST2023-07-23-21:59:42.618606/0/0.0379_epoch_25.pkl', 'idx': -1, 'aligner': 1, 'always_align': 1, 'refiner': 0, 'refiner_block_num': 1, 'enhance': 0, 'seed': 2030, 'batch_size': 128, '/* model related args*/': '//', 'model_name': 'PatchTST', 'seq_len': 336, 'label_len': 48, 'features': 'M', 'target': 'OT', 'graph_input': False, 'individual': False, 'e_layers': 3, 'd_layers': 1, 'factor': 1, 'n_heads': 16, 'd_model': 128, 'd_ff': 256, 'dropout': 0.2, 'fc_dropout': 0.2, 'head_dropout': 0.0, 'patch_len': 16, 'stride': 8, 'des': 'Exp', 'padding_patch': 'end', 'revin': 1, 'affine': 0, 'subtract_last': 0, 'decomposition': 0, 'kernel_size': 25, 'output_attention': 0, 'embed_type': 0, 'activation': 'gelu', 'lradj': 'TST', 'distil': 1, 'linear_output': 1, 'pct_start': 0.2, '/*train related args*/': '//', 'train': True, 'epoch': 30, 'lr': 0.0001, 'loss': 'mse', '/*dataset related args*/': '//', 'save_data_path': 'data/ECL/', 'data_process': True, 'embed': 'timeF', 'freq': 'h', 'begin_phase': 0, 'end_phase': 1, 'phase_len': 26304, 'val_ratio': 0.33, 'graph_size': 321, '/*strategy related args*/': '//', 'strategy': 'incremental', 'increase': False, 'detect': False, 'detect_strategy': 'feature', 'replay': False, 'replay_strategy': 'random', 'repaly_num_samples': 100, 'ewc': False, 'ewc_strategy': 'ewc', 'ewc_lambda': 0.0001, 'subgraph_train': False, 'num_hops': 2, 'logname': 'ECL-PatchTST', 'time': '2023-07-28-13:29:00.290459', 'path': 'exp/ECL-PatchTST2023-07-28-13:29:00.290459', 'num_workers': 4, 'start_train': 0, 'train_mode': 'pretrain', 'get_score': False, 'use_cm': True, 'logger': <Logger __main__ (INFO)>}
2023-07-28 13:29:00,291 - [*] phase 0 start training
0 26304
train 8209
val 2785
test 2785
2023-07-28 13:29:00,484 - [*] phase 0 Dataset load!
2023-07-28 13:29:01,454 - [*] phase 0 Training start
train 8209
2023-07-28 13:29:12,385 - epoch:0, training loss:0.6359 validation loss:0.3729
train 8209
vs, vt 0.3728980134156617 0.3781367956914685
Updating learning rate to 1.0463629820836433e-05
Updating learning rate to 1.0463629820836433e-05
train 8209
vs, vt 0.30730466002767737 0.3217883665453304
2023-07-28 13:29:38,163 - epoch:1, training loss:1.5288 validation loss:0.3073
Updating learning rate to 2.8113748014145436e-05
Updating learning rate to 2.8113748014145436e-05
train 8209
vs, vt 0.28820655816657975 0.29010912809859624
2023-07-28 13:29:56,590 - epoch:2, training loss:1.2123 validation loss:0.2882
Updating learning rate to 5.219686165094539e-05
Updating learning rate to 5.219686165094539e-05
train 8209
vs, vt 0.27908092296936293 0.2799307272176851
2023-07-28 13:30:15,018 - epoch:3, training loss:0.9562 validation loss:0.2791
Updating learning rate to 7.622695691951079e-05
Updating learning rate to 7.622695691951079e-05
train 8209
vs, vt 0.2794529121707786 0.2743388866497712
2023-07-28 13:30:33,399 - epoch:4, training loss:0.8101 validation loss:0.2795
Updating learning rate to 9.373229880419829e-05
Updating learning rate to 9.373229880419829e-05
train 8209
vs, vt 0.2786397979679433 0.27333354391157627
2023-07-28 13:30:53,496 - epoch:5, training loss:0.7483 validation loss:0.2786
Updating learning rate to 9.999989541836333e-05
Updating learning rate to 9.999989541836333e-05
train 8209
vs, vt 0.2847278184172782 0.27622680823233997
2023-07-28 13:31:11,783 - epoch:6, training loss:0.7107 validation loss:0.2847
Updating learning rate to 9.955879284407972e-05
Updating learning rate to 9.955879284407972e-05
train 8209
vs, vt 0.2853497402234511 0.27503829821944237
2023-07-28 13:31:29,884 - epoch:7, training loss:0.6837 validation loss:0.2853
Updating learning rate to 9.826972900599613e-05
Updating learning rate to 9.826972900599613e-05
train 8209
vs, vt 0.28806994889270177 0.2777619134973396
2023-07-28 13:31:47,897 - epoch:8, training loss:0.6622 validation loss:0.2881
Updating learning rate to 9.615476014377818e-05
Updating learning rate to 9.615476014377818e-05
train 8209
vs, vt 0.286932478912852 0.2796059609814124
2023-07-28 13:32:06,018 - epoch:9, training loss:0.6444 validation loss:0.2869
Updating learning rate to 9.325007396103859e-05
Updating learning rate to 9.325007396103859e-05
train 8209
vs, vt 0.29358424500308256 0.27832928096706216
2023-07-28 13:32:24,021 - epoch:10, training loss:0.6300 validation loss:0.2936
Updating learning rate to 8.960537044369518e-05
Updating learning rate to 8.960537044369518e-05
train 8209
vs, vt 0.29878156090324576 0.2777783545580777
2023-07-28 13:32:42,480 - epoch:11, training loss:0.6172 validation loss:0.2988
Updating learning rate to 8.528301147943237e-05
Updating learning rate to 8.528301147943237e-05
train 8209
vs, vt 0.2962470469488339 0.2816767416555773
2023-07-28 13:33:00,785 - epoch:12, training loss:0.6108 validation loss:0.2962
Updating learning rate to 8.035695382851308e-05
Updating learning rate to 8.035695382851308e-05
train 8209
vs, vt 0.30211543664336205 0.27742038819600234
2023-07-28 13:33:18,923 - epoch:13, training loss:0.6034 validation loss:0.3021
Updating learning rate to 7.49114837031057e-05
Updating learning rate to 7.49114837031057e-05
train 8209
