2023-07-25 02:24:28,775 - logger name:exp/ECL-PatchTST2023-07-25-02:24:28.774873/ECL-PatchTST.log
2023-07-25 02:24:28,775 - params : {'conf': 'ECL-PatchTST', 'data_name': 'ETTh2', 'iteration': 1, 'load': True, 'build_graph': False, 'grad_norm': False, 'root_path': '', 'exp_path': 'exp/', 'val_test_mix': False, 'pred_len': 96, 'noise_rate': 0.1, 'device': device(type='cuda', index=1), 'test_model_path': '/Disk/fhyega/code/BASE/exp/ECL-PatchTST2023-07-23-21:59:42.618606/0/0.0379_epoch_25.pkl', 'idx': -1, 'aligner': 0, 'refiner': 0, 'enhance': 0, 'seed': 2021, '/* model related args*/': '//', 'model_name': 'PatchTST', 'seq_len': 336, 'label_len': 48, 'features': 'M', 'target': 'OT', 'graph_input': False, 'individual': False, 'e_layers': 3, 'd_layers': 1, 'factor': 1, 'n_heads': 16, 'd_model': 128, 'd_ff': 256, 'dropout': 0.2, 'fc_dropout': 0.2, 'head_dropout': 0.0, 'patch_len': 16, 'stride': 8, 'des': 'Exp', 'padding_patch': 'end', 'revin': 1, 'affine': 0, 'subtract_last': 0, 'decomposition': 0, 'kernel_size': 25, 'output_attention': 0, 'embed_type': 0, 'activation': 'gelu', 'lradj': 'TST', 'distil': 1, 'linear_output': 1, 'pct_start': 0.2, '/*train related args*/': '//', 'train': True, 'epoch': 30, 'batch_size': 128, 'lr': 0.0001, 'loss': 'mse', '/*dataset related args*/': '//', 'save_data_path': 'data/ECL/', 'data_process': True, 'embed': 'timeF', 'freq': 'h', 'begin_phase': 0, 'end_phase': 1, 'phase_len': 26304, 'val_ratio': 0.33, 'graph_size': 321, '/*strategy related args*/': '//', 'strategy': 'incremental', 'increase': False, 'detect': False, 'detect_strategy': 'feature', 'replay': False, 'replay_strategy': 'random', 'repaly_num_samples': 100, 'ewc': False, 'ewc_strategy': 'ewc', 'ewc_lambda': 0.0001, 'subgraph_train': False, 'num_hops': 2, 'logname': 'ECL-PatchTST', 'time': '2023-07-25-02:24:28.774873', 'path': 'exp/ECL-PatchTST2023-07-25-02:24:28.774873', 'num_workers': 4, 'start_train': 0, 'train_mode': 'pretrain', 'get_score': False, 'use_cm': True, 'logger': <Logger __main__ (INFO)>}
2023-07-25 02:24:28,775 - [*] phase 0 start training
0 26304
train 8209
val 2785
test 2785
2023-07-25 02:24:28,998 - [*] phase 0 Dataset load!
2023-07-25 02:24:29,968 - [*] phase 0 Training start
train 8209
2023-07-25 02:24:56,968 - epoch:0, training loss:0.6336 validation loss:0.2988
train 8209
vs, vt 0.29884414036165585 0.30186393789269705
Updating learning rate to 1.0463629820836433e-05
Updating learning rate to 1.0463629820836433e-05
train 8209
vs, vt 0.24212319370020519 0.24887871945446188
2023-07-25 02:25:43,452 - epoch:1, training loss:0.7210 validation loss:0.2421
Updating learning rate to 2.8113748014145436e-05
Updating learning rate to 2.8113748014145436e-05
train 8209
vs, vt 0.21881908042864365 0.2222603542560881
2023-07-25 02:26:18,513 - epoch:2, training loss:0.6261 validation loss:0.2188
Updating learning rate to 5.219686165094539e-05
Updating learning rate to 5.219686165094539e-05
train 8209
vs, vt 0.21567470140077852 0.21709417992017485
2023-07-25 02:26:56,928 - epoch:3, training loss:0.5737 validation loss:0.2157
Updating learning rate to 7.622695691951079e-05
Updating learning rate to 7.622695691951079e-05
train 8209
vs, vt 0.21068480001254516 0.22215437313372438
2023-07-25 02:27:35,983 - epoch:4, training loss:0.5412 validation loss:0.2107
Updating learning rate to 9.373229880419829e-05
Updating learning rate to 9.373229880419829e-05
train 8209
vs, vt 0.2091089649633928 0.21848675811832602
2023-07-25 02:28:11,421 - epoch:5, training loss:0.5199 validation loss:0.2091
Updating learning rate to 9.999989541836333e-05
Updating learning rate to 9.999989541836333e-05
train 8209
vs, vt 0.21925684741952203 0.21759397130120883
2023-07-25 02:28:45,199 - epoch:6, training loss:0.4970 validation loss:0.2193
Updating learning rate to 9.955879284407972e-05
Updating learning rate to 9.955879284407972e-05
train 8209
vs, vt 0.2221453989093954 0.21884167025035078
2023-07-25 02:29:19,956 - epoch:7, training loss:0.4749 validation loss:0.2221
Updating learning rate to 9.826972900599613e-05
Updating learning rate to 9.826972900599613e-05
train 8209
vs, vt 0.21814545074647124 0.22324893589724193
2023-07-25 02:29:54,472 - epoch:8, training loss:0.4630 validation loss:0.2181
Updating learning rate to 9.615476014377818e-05
Updating learning rate to 9.615476014377818e-05
train 8209
vs, vt 0.22013122215867043 0.20904480665922165
2023-07-25 02:30:33,120 - epoch:9, training loss:0.4532 validation loss:0.2201
Updating learning rate to 9.325007396103859e-05
Updating learning rate to 9.325007396103859e-05
train 8209
vs, vt 0.21865711225704712 0.21056284857067195
2023-07-25 02:31:11,769 - epoch:10, training loss:0.4383 validation loss:0.2187
Updating learning rate to 8.960537044369518e-05
Updating learning rate to 8.960537044369518e-05
train 8209
vs, vt 0.2158261774615808 0.21340634910897774
2023-07-25 02:31:47,368 - epoch:11, training loss:0.4265 validation loss:0.2158
Updating learning rate to 8.528301147943237e-05
Updating learning rate to 8.528301147943237e-05
train 8209
vs, vt 0.21896143393083053 0.2106752209365368
2023-07-25 02:32:22,107 - epoch:12, training loss:0.4192 validation loss:0.2190
Updating learning rate to 8.035695382851308e-05
Updating learning rate to 8.035695382851308e-05
train 8209
vs, vt 0.2205033183775165 0.21816843206232245
2023-07-25 02:32:56,071 - epoch:13, training loss:0.4107 validation loss:0.2205
Updating learning rate to 7.49114837031057e-05
Updating learning rate to 7.49114837031057e-05
train 8209
vs, vt 0.2210537503388795 0.21161973442543636
2023-07-25 02:33:30,871 - epoch:14, training loss:0.4070 validation loss:0.2211
Updating learning rate to 6.90397746068255e-05
Updating learning rate to 6.90397746068255e-05
train 8209
vs, vt 0.22318802401423454 0.21373719417236067
2023-07-25 02:34:08,745 - epoch:15, training loss:0.4025 validation loss:0.2232
Updating learning rate to 6.284229311025519e-05
Updating learning rate to 6.284229311025519e-05
train 8209
vs, vt 0.2213305455039848 0.2134827548129992
2023-07-25 02:34:47,129 - epoch:16, training loss:0.3990 validation loss:0.2213
Updating learning rate to 5.642507984006751e-05
Updating learning rate to 5.642507984006751e-05
train 8209
vs, vt 0.22137730568647385 0.2150715288113464
2023-07-25 02:35:22,288 - epoch:17, training loss:0.3954 validation loss:0.2214
Updating learning rate to 4.989793509450307e-05
Updating learning rate to 4.989793509450307e-05
train 8209
vs, vt 0.22276471826163205 0.21680879829959435
2023-07-25 02:35:52,776 - epoch:18, training loss:0.3913 validation loss:0.2228
Updating learning rate to 4.337254012982485e-05
Updating learning rate to 4.337254012982485e-05
train 8209
vs, vt 0.22160711071707986 0.21309747783975166
2023-07-25 02:36:25,186 - epoch:19, training loss:0.3887 validation loss:0.2216
Updating learning rate to 3.696054626305981e-05
Updating learning rate to 3.696054626305981e-05
train 8209
vs, vt 0.2215279174799269 0.21543035385283557
2023-07-25 02:37:01,086 - epoch:20, training loss:0.3883 validation loss:0.2215
Updating learning rate to 3.0771664487008854e-05
Updating learning rate to 3.0771664487008854e-05
train 8209
vs, vt 0.22089166363531892 0.21503196385773746
2023-07-25 02:37:36,342 - epoch:21, training loss:0.3844 validation loss:0.2209
Updating learning rate to 2.491178828474237e-05
Updating learning rate to 2.491178828474237e-05
train 8209
vs, vt 0.22040347924286668 0.21464415233243594
2023-07-25 02:38:15,377 - epoch:22, training loss:0.3826 validation loss:0.2204
Updating learning rate to 1.9481181762745777e-05
Updating learning rate to 1.9481181762745777e-05
train 8209
vs, vt 0.22120861912315543 0.21474266255443747
2023-07-25 02:38:49,503 - epoch:23, training loss:0.3806 validation loss:0.2212
Updating learning rate to 1.4572764104259043e-05
Updating learning rate to 1.4572764104259043e-05
train 8209
vs, vt 0.21963386169888757 0.2135785719887777
2023-07-25 02:39:26,627 - epoch:24, training loss:0.3806 validation loss:0.2196
Updating learning rate to 1.0270519696289322e-05
Updating learning rate to 1.0270519696289322e-05
train 8209
vs, vt 0.22075759585608135 0.2148480818352916
2023-07-25 02:40:05,050 - epoch:25, training loss:0.3795 validation loss:0.2208
Updating learning rate to 6.648061133464466e-06
Updating learning rate to 6.648061133464466e-06
train 8209
vs, vt 0.220598870719021 0.21467352760109035
2023-07-25 02:40:41,425 - epoch:26, training loss:0.3785 validation loss:0.2206
Updating learning rate to 3.7673696861296922e-06
Updating learning rate to 3.7673696861296922e-06
train 8209
vs, vt 0.22026415982029654 0.21510111134160648
2023-07-25 02:41:18,793 - epoch:27, training loss:0.3782 validation loss:0.2203
Updating learning rate to 1.6777347836274343e-06
Updating learning rate to 1.6777347836274343e-06
train 8209
vs, vt 0.22037506306713278 0.2144165330312469
2023-07-25 02:41:57,321 - epoch:28, training loss:0.3779 validation loss:0.2204
Updating learning rate to 4.1491065849575754e-07
Updating learning rate to 4.1491065849575754e-07
train 8209
vs, vt 0.22064840014685283 0.214272563430396
2023-07-25 02:42:33,343 - epoch:29, training loss:0.3788 validation loss:0.2206
Updating learning rate to 5.045816366600914e-10
Updating learning rate to 5.045816366600914e-10
2023-07-25 02:42:37,845 - [*] loss:0.2861
2023-07-25 02:42:37,849 - [*] phase 0, testing
2023-07-25 02:42:37,894 - T:96	MAE	0.346340	RMSE	0.286166	MAPE	140.434098
2023-07-25 02:42:37,896 - 96	mae	0.3463	
2023-07-25 02:42:37,896 - 96	rmse	0.2862	
2023-07-25 02:42:37,896 - 96	mape	140.4341	
2023-07-25 02:42:43,463 - [*] loss:0.2871
2023-07-25 02:42:43,466 - [*] phase 0, testing
2023-07-25 02:42:43,510 - T:96	MAE	0.343193	RMSE	0.287185	MAPE	137.207484
2023-07-25 02:42:43,512 - 96	mae	0.3432	
2023-07-25 02:42:43,512 - 96	rmse	0.2872	
2023-07-25 02:42:43,512 - 96	mape	137.2075	
