2023-07-25 02:05:36,772 - logger name:exp/ECL-PatchTST2023-07-25-02:05:36.772653/ECL-PatchTST.log
2023-07-25 02:05:36,773 - params : {'conf': 'ECL-PatchTST', 'data_name': 'ETTh2', 'iteration': 1, 'load': True, 'build_graph': False, 'grad_norm': False, 'root_path': '', 'exp_path': 'exp/', 'val_test_mix': False, 'pred_len': 96, 'noise_rate': 0.1, 'device': device(type='cuda', index=1), 'test_model_path': '/Disk/fhyega/code/BASE/exp/ECL-PatchTST2023-07-23-21:59:42.618606/0/0.0379_epoch_25.pkl', 'idx': -1, 'aligner': 1, 'refiner': 0, 'enhance': 0, 'seed': 2021, '/* model related args*/': '//', 'model_name': 'PatchTST', 'seq_len': 336, 'label_len': 48, 'features': 'M', 'target': 'OT', 'graph_input': False, 'individual': False, 'e_layers': 3, 'd_layers': 1, 'factor': 1, 'n_heads': 16, 'd_model': 128, 'd_ff': 256, 'dropout': 0.2, 'fc_dropout': 0.2, 'head_dropout': 0.0, 'patch_len': 16, 'stride': 8, 'des': 'Exp', 'padding_patch': 'end', 'revin': 1, 'affine': 0, 'subtract_last': 0, 'decomposition': 0, 'kernel_size': 25, 'output_attention': 0, 'embed_type': 0, 'activation': 'gelu', 'lradj': 'TST', 'distil': 1, 'linear_output': 1, 'pct_start': 0.2, '/*train related args*/': '//', 'train': True, 'epoch': 30, 'batch_size': 128, 'lr': 0.0001, 'loss': 'mse', '/*dataset related args*/': '//', 'save_data_path': 'data/ECL/', 'data_process': True, 'embed': 'timeF', 'freq': 'h', 'begin_phase': 0, 'end_phase': 1, 'phase_len': 26304, 'val_ratio': 0.33, 'graph_size': 321, '/*strategy related args*/': '//', 'strategy': 'incremental', 'increase': False, 'detect': False, 'detect_strategy': 'feature', 'replay': False, 'replay_strategy': 'random', 'repaly_num_samples': 100, 'ewc': False, 'ewc_strategy': 'ewc', 'ewc_lambda': 0.0001, 'subgraph_train': False, 'num_hops': 2, 'logname': 'ECL-PatchTST', 'time': '2023-07-25-02:05:36.772653', 'path': 'exp/ECL-PatchTST2023-07-25-02:05:36.772653', 'num_workers': 4, 'start_train': 0, 'train_mode': 'pretrain', 'get_score': False, 'use_cm': True, 'logger': <Logger __main__ (INFO)>}
2023-07-25 02:05:36,773 - [*] phase 0 start training
0 26304
train 8209
val 2785
test 2785
2023-07-25 02:05:36,970 - [*] phase 0 Dataset load!
2023-07-25 02:05:37,996 - [*] phase 0 Training start
train 8209
2023-07-25 02:06:03,878 - epoch:0, training loss:0.6336 validation loss:0.2988
train 8209
vs, vt 0.29884414036165585 0.30186393789269705
Updating learning rate to 1.0463629820836433e-05
Updating learning rate to 1.0463629820836433e-05
train 8209
vs, vt 0.24403158676895229 0.24887871945446188
2023-07-25 02:06:56,557 - epoch:1, training loss:1.2485 validation loss:0.2440
Updating learning rate to 2.8113748014145436e-05
Updating learning rate to 2.8113748014145436e-05
train 8209
vs, vt 0.21881922808560458 0.22251543470404364
2023-07-25 02:07:36,362 - epoch:2, training loss:0.9411 validation loss:0.2188
Updating learning rate to 5.219686165094539e-05
Updating learning rate to 5.219686165094539e-05
train 8209
vs, vt 0.21681222387335516 0.21662700006907637
2023-07-25 02:08:14,438 - epoch:3, training loss:0.7337 validation loss:0.2168
Updating learning rate to 7.622695691951079e-05
Updating learning rate to 7.622695691951079e-05
train 8209
vs, vt 0.21148395639928905 0.22162919186732985
2023-07-25 02:08:50,936 - epoch:4, training loss:0.6511 validation loss:0.2115
Updating learning rate to 9.373229880419829e-05
Updating learning rate to 9.373229880419829e-05
train 8209
vs, vt 0.20946663550355218 0.2182962383058938
2023-07-25 02:09:25,140 - epoch:5, training loss:0.6141 validation loss:0.2095
Updating learning rate to 9.999989541836333e-05
Updating learning rate to 9.999989541836333e-05
train 8209
vs, vt 0.21553323993628676 0.21696872873739761
2023-07-25 02:10:02,363 - epoch:6, training loss:0.5878 validation loss:0.2155
Updating learning rate to 9.955879284407972e-05
Updating learning rate to 9.955879284407972e-05
train 8209
vs, vt 0.214319050650705 0.21837593581188808
2023-07-25 02:10:41,064 - epoch:7, training loss:0.5632 validation loss:0.2143
Updating learning rate to 9.826972900599613e-05
Updating learning rate to 9.826972900599613e-05
train 8209
vs, vt 0.2144410481507128 0.22098857367580588
2023-07-25 02:11:17,855 - epoch:8, training loss:0.5434 validation loss:0.2144
Updating learning rate to 9.615476014377818e-05
Updating learning rate to 9.615476014377818e-05
train 8209
vs, vt 0.21815984323620796 0.21326422860676592
2023-07-25 02:11:53,538 - epoch:9, training loss:0.5334 validation loss:0.2182
Updating learning rate to 9.325007396103859e-05
Updating learning rate to 9.325007396103859e-05
train 8209
vs, vt 0.2146132466467944 0.21193027902733197
2023-07-25 02:12:26,902 - epoch:10, training loss:0.5185 validation loss:0.2146
Updating learning rate to 8.960537044369518e-05
Updating learning rate to 8.960537044369518e-05
train 8209
vs, vt 0.21534029495987025 0.21114745871587234
2023-07-25 02:13:04,226 - epoch:11, training loss:0.5066 validation loss:0.2153
Updating learning rate to 8.528301147943237e-05
Updating learning rate to 8.528301147943237e-05
train 8209
vs, vt 0.21588345955718646 0.21171947467056187
2023-07-25 02:13:43,058 - epoch:12, training loss:0.4972 validation loss:0.2159
Updating learning rate to 8.035695382851308e-05
Updating learning rate to 8.035695382851308e-05
train 8209
vs, vt 0.21828543123873798 0.21472658318552104
2023-07-25 02:14:20,934 - epoch:13, training loss:0.4859 validation loss:0.2183
Updating learning rate to 7.49114837031057e-05
Updating learning rate to 7.49114837031057e-05
train 8209
vs, vt 0.2199229896068573 0.209881587123329
2023-07-25 02:14:57,576 - epoch:14, training loss:0.4777 validation loss:0.2199
Updating learning rate to 6.90397746068255e-05
Updating learning rate to 6.90397746068255e-05
train 8209
vs, vt 0.21941873973066156 0.2134504805911671
2023-07-25 02:15:33,006 - epoch:15, training loss:0.4707 validation loss:0.2194
Updating learning rate to 6.284229311025519e-05
Updating learning rate to 6.284229311025519e-05
train 8209
vs, vt 0.218922574411739 0.21154695241288704
2023-07-25 02:16:12,868 - epoch:16, training loss:0.4632 validation loss:0.2189
Updating learning rate to 5.642507984006751e-05
Updating learning rate to 5.642507984006751e-05
train 8209
vs, vt 0.21982747214761647 0.2119751846925779
2023-07-25 02:16:50,889 - epoch:17, training loss:0.4579 validation loss:0.2198
Updating learning rate to 4.989793509450307e-05
Updating learning rate to 4.989793509450307e-05
train 8209
vs, vt 0.2194437509910627 0.21619961444627156
2023-07-25 02:17:27,259 - epoch:18, training loss:0.4526 validation loss:0.2194
Updating learning rate to 4.337254012982485e-05
Updating learning rate to 4.337254012982485e-05
train 8209
vs, vt 0.22071649438955568 0.21208109469576317
2023-07-25 02:18:01,696 - epoch:19, training loss:0.4482 validation loss:0.2207
Updating learning rate to 3.696054626305981e-05
Updating learning rate to 3.696054626305981e-05
train 8209
vs, vt 0.2204703102734956 0.21247395771470937
2023-07-25 02:18:37,406 - epoch:20, training loss:0.4464 validation loss:0.2205
Updating learning rate to 3.0771664487008854e-05
Updating learning rate to 3.0771664487008854e-05
train 8209
vs, vt 0.22142851996150884 0.21349491754716093
2023-07-25 02:19:15,612 - epoch:21, training loss:0.4428 validation loss:0.2214
Updating learning rate to 2.491178828474237e-05
Updating learning rate to 2.491178828474237e-05
train 8209
vs, vt 0.21960409662940286 0.2132972258735787
2023-07-25 02:19:54,113 - epoch:22, training loss:0.4406 validation loss:0.2196
Updating learning rate to 1.9481181762745777e-05
Updating learning rate to 1.9481181762745777e-05
train 8209
vs, vt 0.22094483876770193 0.21348344500769267
2023-07-25 02:20:30,626 - epoch:23, training loss:0.4372 validation loss:0.2209
Updating learning rate to 1.4572764104259043e-05
Updating learning rate to 1.4572764104259043e-05
train 8209
vs, vt 0.2194253599101847 0.2123773836276748
2023-07-25 02:21:06,832 - epoch:24, training loss:0.4369 validation loss:0.2194
Updating learning rate to 1.0270519696289322e-05
Updating learning rate to 1.0270519696289322e-05
train 8209
vs, vt 0.22050684690475464 0.21291301433335652
2023-07-25 02:21:43,896 - epoch:25, training loss:0.4352 validation loss:0.2205
Updating learning rate to 6.648061133464466e-06
Updating learning rate to 6.648061133464466e-06
train 8209
vs, vt 0.22092688015916132 0.21320598335428673
2023-07-25 02:22:24,807 - epoch:26, training loss:0.4342 validation loss:0.2209
Updating learning rate to 3.7673696861296922e-06
Updating learning rate to 3.7673696861296922e-06
train 8209
vs, vt 0.2204422734000466 0.2139655134894631
2023-07-25 02:23:02,790 - epoch:27, training loss:0.4350 validation loss:0.2204
Updating learning rate to 1.6777347836274343e-06
Updating learning rate to 1.6777347836274343e-06
train 8209
vs, vt 0.2204925140196627 0.21319563009522177
2023-07-25 02:23:39,850 - epoch:28, training loss:0.4346 validation loss:0.2205
Updating learning rate to 4.1491065849575754e-07
Updating learning rate to 4.1491065849575754e-07
train 8209
vs, vt 0.2206349674273621 0.21299821612509814
2023-07-25 02:24:15,173 - epoch:29, training loss:0.4344 validation loss:0.2206
Updating learning rate to 5.045816366600914e-10
Updating learning rate to 5.045816366600914e-10
2023-07-25 02:24:20,284 - [*] loss:0.2804
2023-07-25 02:24:20,288 - [*] phase 0, testing
2023-07-25 02:24:20,328 - T:96	MAE	0.340682	RMSE	0.280485	MAPE	138.727927
2023-07-25 02:24:20,330 - 96	mae	0.3407	
2023-07-25 02:24:20,330 - 96	rmse	0.2805	
2023-07-25 02:24:20,330 - 96	mape	138.7279	
2023-07-25 02:24:26,182 - [*] loss:0.2958
2023-07-25 02:24:26,186 - [*] phase 0, testing
2023-07-25 02:24:26,229 - T:96	MAE	0.347107	RMSE	0.295284	MAPE	135.880244
2023-07-25 02:24:26,232 - 96	mae	0.3471	
2023-07-25 02:24:26,232 - 96	rmse	0.2953	
2023-07-25 02:24:26,233 - 96	mape	135.8802	
