2023-07-25 04:13:08,400 - logger name:exp/ECL-PatchTST2023-07-25-04:13:08.399738/ECL-PatchTST.log
2023-07-25 04:13:08,400 - params : {'conf': 'ECL-PatchTST', 'data_name': 'ETTh2', 'iteration': 1, 'load': True, 'build_graph': False, 'grad_norm': False, 'root_path': '', 'exp_path': 'exp/', 'val_test_mix': False, 'pred_len': 96, 'noise_rate': 0.1, 'device': device(type='cuda', index=1), 'test_model_path': '/Disk/fhyega/code/BASE/exp/ECL-PatchTST2023-07-23-21:59:42.618606/0/0.0379_epoch_25.pkl', 'idx': -1, 'aligner': 0, 'refiner': 0, 'enhance': 0, 'seed': 2022, '/* model related args*/': '//', 'model_name': 'PatchTST', 'seq_len': 336, 'label_len': 48, 'features': 'M', 'target': 'OT', 'graph_input': False, 'individual': False, 'e_layers': 3, 'd_layers': 1, 'factor': 1, 'n_heads': 16, 'd_model': 128, 'd_ff': 256, 'dropout': 0.2, 'fc_dropout': 0.2, 'head_dropout': 0.0, 'patch_len': 16, 'stride': 8, 'des': 'Exp', 'padding_patch': 'end', 'revin': 1, 'affine': 0, 'subtract_last': 0, 'decomposition': 0, 'kernel_size': 25, 'output_attention': 0, 'embed_type': 0, 'activation': 'gelu', 'lradj': 'TST', 'distil': 1, 'linear_output': 1, 'pct_start': 0.2, '/*train related args*/': '//', 'train': True, 'epoch': 30, 'batch_size': 128, 'lr': 0.0001, 'loss': 'mse', '/*dataset related args*/': '//', 'save_data_path': 'data/ECL/', 'data_process': True, 'embed': 'timeF', 'freq': 'h', 'begin_phase': 0, 'end_phase': 1, 'phase_len': 26304, 'val_ratio': 0.33, 'graph_size': 321, '/*strategy related args*/': '//', 'strategy': 'incremental', 'increase': False, 'detect': False, 'detect_strategy': 'feature', 'replay': False, 'replay_strategy': 'random', 'repaly_num_samples': 100, 'ewc': False, 'ewc_strategy': 'ewc', 'ewc_lambda': 0.0001, 'subgraph_train': False, 'num_hops': 2, 'logname': 'ECL-PatchTST', 'time': '2023-07-25-04:13:08.399738', 'path': 'exp/ECL-PatchTST2023-07-25-04:13:08.399738', 'num_workers': 4, 'start_train': 0, 'train_mode': 'pretrain', 'get_score': False, 'use_cm': True, 'logger': <Logger __main__ (INFO)>}
2023-07-25 04:13:08,400 - [*] phase 0 start training
0 26304
train 8209
val 2785
test 2785
2023-07-25 04:13:08,622 - [*] phase 0 Dataset load!
2023-07-25 04:13:09,696 - [*] phase 0 Training start
train 8209
2023-07-25 04:13:39,663 - epoch:0, training loss:0.6264 validation loss:0.2941
train 8209
vs, vt 0.2941044508056207 0.29733923890373926
Updating learning rate to 1.0463629820836433e-05
Updating learning rate to 1.0463629820836433e-05
train 8209
vs, vt 0.24180069159377704 0.24764945967630905
2023-07-25 04:14:32,877 - epoch:1, training loss:0.7217 validation loss:0.2418
Updating learning rate to 2.8113748014145436e-05
Updating learning rate to 2.8113748014145436e-05
train 8209
vs, vt 0.21995759044181218 0.2242730168456381
2023-07-25 04:15:11,262 - epoch:2, training loss:0.6250 validation loss:0.2200
Updating learning rate to 5.219686165094539e-05
Updating learning rate to 5.219686165094539e-05
train 8209
vs, vt 0.21529976955868982 0.21903174539858644
2023-07-25 04:15:49,307 - epoch:3, training loss:0.5716 validation loss:0.2153
Updating learning rate to 7.622695691951079e-05
Updating learning rate to 7.622695691951079e-05
train 8209
vs, vt 0.20985761826688593 0.21388285539366983
2023-07-25 04:16:29,415 - epoch:4, training loss:0.5403 validation loss:0.2099
Updating learning rate to 9.373229880419829e-05
Updating learning rate to 9.373229880419829e-05
train 8209
vs, vt 0.21170392869548363 0.21658369526267052
2023-07-25 04:17:08,857 - epoch:5, training loss:0.5197 validation loss:0.2117
Updating learning rate to 9.999989541836333e-05
Updating learning rate to 9.999989541836333e-05
train 8209
vs, vt 0.21160214360464702 0.21851116622036154
2023-07-25 04:17:44,293 - epoch:6, training loss:0.4932 validation loss:0.2116
Updating learning rate to 9.955879284407972e-05
Updating learning rate to 9.955879284407972e-05
train 8209
vs, vt 0.21821115199815144 0.2098163589835167
2023-07-25 04:18:23,830 - epoch:7, training loss:0.4727 validation loss:0.2182
Updating learning rate to 9.826972900599613e-05
Updating learning rate to 9.826972900599613e-05
train 8209
vs, vt 0.21574913845820862 0.2115455987778577
2023-07-25 04:19:01,877 - epoch:8, training loss:0.4597 validation loss:0.2157
Updating learning rate to 9.615476014377818e-05
Updating learning rate to 9.615476014377818e-05
train 8209
vs, vt 0.21885185519402678 0.20765041559934616
2023-07-25 04:19:42,002 - epoch:9, training loss:0.4460 validation loss:0.2189
Updating learning rate to 9.325007396103859e-05
Updating learning rate to 9.325007396103859e-05
train 8209
vs, vt 0.21953591230240735 0.2073432979258624
2023-07-25 04:20:21,885 - epoch:10, training loss:0.4342 validation loss:0.2195
Updating learning rate to 8.960537044369518e-05
Updating learning rate to 8.960537044369518e-05
train 8209
vs, vt 0.21401486139405856 0.2083238817074082
2023-07-25 04:21:01,128 - epoch:11, training loss:0.4221 validation loss:0.2140
Updating learning rate to 8.528301147943237e-05
Updating learning rate to 8.528301147943237e-05
train 8209
vs, vt 0.21927077763459898 0.210422257469459
2023-07-25 04:21:38,415 - epoch:12, training loss:0.4130 validation loss:0.2193
Updating learning rate to 8.035695382851308e-05
Updating learning rate to 8.035695382851308e-05
train 8209
vs, vt 0.220336088064042 0.20686079358512705
2023-07-25 04:22:18,104 - epoch:13, training loss:0.4074 validation loss:0.2203
Updating learning rate to 7.49114837031057e-05
Updating learning rate to 7.49114837031057e-05
train 8209
vs, vt 0.21903817287900232 0.20960955254056238
2023-07-25 04:22:56,434 - epoch:14, training loss:0.4039 validation loss:0.2190
Updating learning rate to 6.90397746068255e-05
Updating learning rate to 6.90397746068255e-05
train 8209
vs, vt 0.2201304452663118 0.20904942229390144
2023-07-25 04:23:36,921 - epoch:15, training loss:0.3983 validation loss:0.2201
Updating learning rate to 6.284229311025519e-05
Updating learning rate to 6.284229311025519e-05
train 8209
vs, vt 0.21884393150156195 0.20999076793139632
2023-07-25 04:24:15,136 - epoch:16, training loss:0.3939 validation loss:0.2188
Updating learning rate to 5.642507984006751e-05
Updating learning rate to 5.642507984006751e-05
train 8209
vs, vt 0.21849402378905902 0.2116341468962756
2023-07-25 04:24:53,511 - epoch:17, training loss:0.3902 validation loss:0.2185
Updating learning rate to 4.989793509450307e-05
Updating learning rate to 4.989793509450307e-05
train 8209
vs, vt 0.21905854886228388 0.21051530980251051
2023-07-25 04:25:33,126 - epoch:18, training loss:0.3860 validation loss:0.2191
Updating learning rate to 4.337254012982485e-05
Updating learning rate to 4.337254012982485e-05
train 8209
vs, vt 0.21604079109701244 0.21306524662808937
2023-07-25 04:26:10,895 - epoch:19, training loss:0.3839 validation loss:0.2160
Updating learning rate to 3.696054626305981e-05
Updating learning rate to 3.696054626305981e-05
train 8209
vs, vt 0.22128933600404047 0.21212486245415427
2023-07-25 04:26:50,040 - epoch:20, training loss:0.3805 validation loss:0.2213
Updating learning rate to 3.0771664487008854e-05
Updating learning rate to 3.0771664487008854e-05
train 8209
vs, vt 0.21850901977582413 0.2106280621479858
2023-07-25 04:27:26,881 - epoch:21, training loss:0.3805 validation loss:0.2185
Updating learning rate to 2.491178828474237e-05
Updating learning rate to 2.491178828474237e-05
train 8209
vs, vt 0.21679661016572604 0.2121892266652801
2023-07-25 04:28:06,821 - epoch:22, training loss:0.3769 validation loss:0.2168
Updating learning rate to 1.9481181762745777e-05
Updating learning rate to 1.9481181762745777e-05
train 8209
vs, vt 0.21796787868846546 0.2099921347742731
2023-07-25 04:28:44,962 - epoch:23, training loss:0.3760 validation loss:0.2180
Updating learning rate to 1.4572764104259043e-05
Updating learning rate to 1.4572764104259043e-05
train 8209
vs, vt 0.21871997754682193 0.21105875210328537
2023-07-25 04:29:24,872 - epoch:24, training loss:0.3753 validation loss:0.2187
Updating learning rate to 1.0270519696289322e-05
Updating learning rate to 1.0270519696289322e-05
train 8209
vs, vt 0.21802701936526733 0.21092819490215994
2023-07-25 04:30:03,264 - epoch:25, training loss:0.3734 validation loss:0.2180
Updating learning rate to 6.648061133464466e-06
Updating learning rate to 6.648061133464466e-06
train 8209
vs, vt 0.2181366871703755 0.2117190689525821
2023-07-25 04:30:41,711 - epoch:26, training loss:0.3734 validation loss:0.2181
Updating learning rate to 3.7673696861296922e-06
Updating learning rate to 3.7673696861296922e-06
train 8209
vs, vt 0.21833247555927796 0.21184753626585007
2023-07-25 04:31:22,705 - epoch:27, training loss:0.3722 validation loss:0.2183
Updating learning rate to 1.6777347836274343e-06
Updating learning rate to 1.6777347836274343e-06
train 8209
vs, vt 0.2182682640850544 0.21162198246880012
2023-07-25 04:32:01,660 - epoch:28, training loss:0.3727 validation loss:0.2183
Updating learning rate to 4.1491065849575754e-07
Updating learning rate to 4.1491065849575754e-07
train 8209
vs, vt 0.21845108541575345 0.2116858803413131
2023-07-25 04:32:35,940 - epoch:29, training loss:0.3710 validation loss:0.2185
Updating learning rate to 5.045816366600914e-10
Updating learning rate to 5.045816366600914e-10
2023-07-25 04:32:41,872 - [*] loss:0.2820
2023-07-25 04:32:41,876 - [*] phase 0, testing
2023-07-25 04:32:41,917 - T:96	MAE	0.341374	RMSE	0.282176	MAPE	137.984967
2023-07-25 04:32:41,919 - 96	mae	0.3414	
2023-07-25 04:32:41,919 - 96	rmse	0.2822	
2023-07-25 04:32:41,919 - 96	mape	137.9850	
2023-07-25 04:32:47,453 - [*] loss:0.2951
2023-07-25 04:32:47,456 - [*] phase 0, testing
2023-07-25 04:32:47,499 - T:96	MAE	0.347093	RMSE	0.294346	MAPE	134.875500
2023-07-25 04:32:47,500 - 96	mae	0.3471	
2023-07-25 04:32:47,500 - 96	rmse	0.2943	
2023-07-25 04:32:47,500 - 96	mape	134.8755	
