2023-07-25 17:52:04,930 - logger name:exp/ECL-PatchTST2023-07-25-17:52:04.930461/ECL-PatchTST.log
2023-07-25 17:52:04,931 - params : {'conf': 'ECL-PatchTST', 'data_name': 'ETTh2', 'iteration': 1, 'load': True, 'build_graph': False, 'same_init': True, 'grad_norm': False, 'root_path': '', 'exp_path': 'exp/', 'val_test_mix': False, 'pred_len': 96, 'noise_rate': 0.5, 'device': device(type='cuda', index=0), 'test_model_path': '/Disk/fhyega/code/BASE/exp/ECL-PatchTST2023-07-23-21:59:42.618606/0/0.0379_epoch_25.pkl', 'idx': -1, 'aligner': 0, 'refiner': 0, 'enhance': 0, 'seed': 2022, 'batch_size': 128, '/* model related args*/': '//', 'model_name': 'PatchTST', 'seq_len': 336, 'label_len': 48, 'features': 'M', 'target': 'OT', 'graph_input': False, 'individual': False, 'e_layers': 3, 'd_layers': 1, 'factor': 1, 'n_heads': 16, 'd_model': 128, 'd_ff': 256, 'dropout': 0.2, 'fc_dropout': 0.2, 'head_dropout': 0.0, 'patch_len': 16, 'stride': 8, 'des': 'Exp', 'padding_patch': 'end', 'revin': 1, 'affine': 0, 'subtract_last': 0, 'decomposition': 0, 'kernel_size': 25, 'output_attention': 0, 'embed_type': 0, 'activation': 'gelu', 'lradj': 'TST', 'distil': 1, 'linear_output': 1, 'pct_start': 0.2, '/*train related args*/': '//', 'train': True, 'epoch': 30, 'lr': 0.0001, 'loss': 'mse', '/*dataset related args*/': '//', 'save_data_path': 'data/ECL/', 'data_process': True, 'embed': 'timeF', 'freq': 'h', 'begin_phase': 0, 'end_phase': 1, 'phase_len': 26304, 'val_ratio': 0.33, 'graph_size': 321, '/*strategy related args*/': '//', 'strategy': 'incremental', 'increase': False, 'detect': False, 'detect_strategy': 'feature', 'replay': False, 'replay_strategy': 'random', 'repaly_num_samples': 100, 'ewc': False, 'ewc_strategy': 'ewc', 'ewc_lambda': 0.0001, 'subgraph_train': False, 'num_hops': 2, 'logname': 'ECL-PatchTST', 'time': '2023-07-25-17:52:04.930461', 'path': 'exp/ECL-PatchTST2023-07-25-17:52:04.930461', 'num_workers': 4, 'start_train': 0, 'train_mode': 'pretrain', 'get_score': False, 'use_cm': True, 'logger': <Logger __main__ (INFO)>}
2023-07-25 17:52:04,931 - [*] phase 0 start training
0 26304
train 8209
val 2785
test 2785
2023-07-25 17:52:05,124 - [*] phase 0 Dataset load!
2023-07-25 17:52:05,970 - [*] phase 0 Training start
train 8209
2023-07-25 17:52:15,861 - epoch:0, training loss:0.6260 validation loss:0.2945
train 8209
vs, vt 0.29448264092206955 0.29741947556083853
Updating learning rate to 1.0463629820836433e-05
Updating learning rate to 1.0463629820836433e-05
train 8209
vs, vt 0.2408587278967554 0.2474956874820319
2023-07-25 17:52:39,294 - epoch:1, training loss:0.5779 validation loss:0.2409
Updating learning rate to 2.8113748014145436e-05
Updating learning rate to 2.8113748014145436e-05
train 8209
vs, vt 0.216844419864091 0.22059222886508162
2023-07-25 17:52:55,707 - epoch:2, training loss:0.5001 validation loss:0.2168
Updating learning rate to 5.219686165094539e-05
Updating learning rate to 5.219686165094539e-05
train 8209
vs, vt 0.21459245783361522 0.20864083008332687
2023-07-25 17:53:12,061 - epoch:3, training loss:0.4611 validation loss:0.2146
Updating learning rate to 7.622695691951079e-05
Updating learning rate to 7.622695691951079e-05
train 8209
vs, vt 0.20899127931757408 0.208620988171209
2023-07-25 17:53:28,364 - epoch:4, training loss:0.4379 validation loss:0.2090
Updating learning rate to 9.373229880419829e-05
Updating learning rate to 9.373229880419829e-05
train 8209
vs, vt 0.20937907390973784 0.20775377039204945
2023-07-25 17:53:44,599 - epoch:5, training loss:0.4196 validation loss:0.2094
Updating learning rate to 9.999989541836333e-05
Updating learning rate to 9.999989541836333e-05
train 8209
vs, vt 0.21426795321432027 0.21187091009183365
2023-07-25 17:54:00,645 - epoch:6, training loss:0.3971 validation loss:0.2143
Updating learning rate to 9.955879284407972e-05
Updating learning rate to 9.955879284407972e-05
train 8209
vs, vt 0.21562681448730556 0.21752416681159625
2023-07-25 17:54:16,880 - epoch:7, training loss:0.3788 validation loss:0.2156
Updating learning rate to 9.826972900599613e-05
Updating learning rate to 9.826972900599613e-05
train 8209
vs, vt 0.21261026032946326 0.2189552861858498
2023-07-25 17:54:33,323 - epoch:8, training loss:0.3636 validation loss:0.2126
Updating learning rate to 9.615476014377818e-05
Updating learning rate to 9.615476014377818e-05
train 8209
vs, vt 0.21614136987111784 0.20911820537664674
2023-07-25 17:54:49,254 - epoch:9, training loss:0.3513 validation loss:0.2161
Updating learning rate to 9.325007396103859e-05
Updating learning rate to 9.325007396103859e-05
train 8209
vs, vt 0.2140058262104338 0.21226005933501504
2023-07-25 17:55:05,555 - epoch:10, training loss:0.3426 validation loss:0.2140
Updating learning rate to 8.960537044369518e-05
Updating learning rate to 8.960537044369518e-05
train 8209
vs, vt 0.21724276210774074 0.21496788852594115
2023-07-25 17:55:21,862 - epoch:11, training loss:0.3349 validation loss:0.2172
Updating learning rate to 8.528301147943237e-05
Updating learning rate to 8.528301147943237e-05
train 8209
vs, vt 0.2173685675317591 0.21258330887014215
2023-07-25 17:55:38,055 - epoch:12, training loss:0.3276 validation loss:0.2174
Updating learning rate to 8.035695382851308e-05
Updating learning rate to 8.035695382851308e-05
train 8209
vs, vt 0.22022128105163574 0.21393367275595665
2023-07-25 17:55:54,268 - epoch:13, training loss:0.3228 validation loss:0.2202
Updating learning rate to 7.49114837031057e-05
Updating learning rate to 7.49114837031057e-05
train 8209
vs, vt 0.21756029772487553 0.22168390622193163
2023-07-25 17:56:10,651 - epoch:14, training loss:0.3182 validation loss:0.2176
Updating learning rate to 6.90397746068255e-05
Updating learning rate to 6.90397746068255e-05
train 8209
vs, vt 0.21994126791303809 0.21333704279227692
2023-07-25 17:56:26,938 - epoch:15, training loss:0.3148 validation loss:0.2199
Updating learning rate to 6.284229311025519e-05
Updating learning rate to 6.284229311025519e-05
train 8209
vs, vt 0.21618568863381038 0.2170733894136819
2023-07-25 17:56:43,302 - epoch:16, training loss:0.3114 validation loss:0.2162
Updating learning rate to 5.642507984006751e-05
Updating learning rate to 5.642507984006751e-05
train 8209
vs, vt 0.21946290812709116 0.21718072620305148
2023-07-25 17:56:59,705 - epoch:17, training loss:0.3086 validation loss:0.2195
Updating learning rate to 4.989793509450307e-05
Updating learning rate to 4.989793509450307e-05
train 8209
vs, vt 0.22070180015130478 0.2155658667060462
2023-07-25 17:57:15,911 - epoch:18, training loss:0.3049 validation loss:0.2207
Updating learning rate to 4.337254012982485e-05
Updating learning rate to 4.337254012982485e-05
train 8209
vs, vt 0.2204333594576879 0.21728771857239984
2023-07-25 17:57:32,320 - epoch:19, training loss:0.3037 validation loss:0.2204
Updating learning rate to 3.696054626305981e-05
Updating learning rate to 3.696054626305981e-05
train 8209
vs, vt 0.2171760296279734 0.2145735855129632
2023-07-25 17:57:48,566 - epoch:20, training loss:0.3019 validation loss:0.2172
Updating learning rate to 3.0771664487008854e-05
Updating learning rate to 3.0771664487008854e-05
train 8209
vs, vt 0.21851538155566563 0.2137817679481073
2023-07-25 17:58:04,670 - epoch:21, training loss:0.3000 validation loss:0.2185
Updating learning rate to 2.491178828474237e-05
Updating learning rate to 2.491178828474237e-05
train 8209
vs, vt 0.21798712319948457 0.21311103213917126
2023-07-25 17:58:21,762 - epoch:22, training loss:0.2985 validation loss:0.2180
Updating learning rate to 1.9481181762745777e-05
Updating learning rate to 1.9481181762745777e-05
train 8209
vs, vt 0.21768734942783008 0.21353006227449936
2023-07-25 17:58:38,226 - epoch:23, training loss:0.2981 validation loss:0.2177
Updating learning rate to 1.4572764104259043e-05
Updating learning rate to 1.4572764104259043e-05
train 8209
vs, vt 0.21728865836154332 0.21132826060056686
2023-07-25 17:58:54,599 - epoch:24, training loss:0.2958 validation loss:0.2173
Updating learning rate to 1.0270519696289322e-05
Updating learning rate to 1.0270519696289322e-05
train 8209
vs, vt 0.217569327828559 0.21167739480733871
2023-07-25 17:59:12,285 - epoch:25, training loss:0.2961 validation loss:0.2176
Updating learning rate to 6.648061133464466e-06
Updating learning rate to 6.648061133464466e-06
train 8209
vs, vt 0.2176508784971454 0.2116430246017196
2023-07-25 17:59:29,980 - epoch:26, training loss:0.2967 validation loss:0.2177
Updating learning rate to 3.7673696861296922e-06
Updating learning rate to 3.7673696861296922e-06
train 8209
vs, vt 0.2177325893532146 0.21146393160928378
2023-07-25 17:59:46,915 - epoch:27, training loss:0.2947 validation loss:0.2177
Updating learning rate to 1.6777347836274343e-06
Updating learning rate to 1.6777347836274343e-06
train 8209
vs, vt 0.21760701489719478 0.2116013081236319
2023-07-25 18:00:04,173 - epoch:28, training loss:0.2950 validation loss:0.2176
Updating learning rate to 4.1491065849575754e-07
Updating learning rate to 4.1491065849575754e-07
train 8209
vs, vt 0.21760839223861694 0.21175284378907896
2023-07-25 18:00:20,310 - epoch:29, training loss:0.2948 validation loss:0.2176
Updating learning rate to 5.045816366600914e-10
Updating learning rate to 5.045816366600914e-10
check exp/ECL-PatchTST2023-07-25-17:52:04.930461/0/0.209_epoch_4.pkl  &  0.20775377039204945
2023-07-25 18:00:21,222 - [*] loss:0.2844
2023-07-25 18:00:21,225 - [*] phase 0, testing
2023-07-25 18:00:21,263 - T:96	MAE	0.343368	RMSE	0.284623	MAPE	141.364872
2023-07-25 18:00:21,264 - 96	mae	0.3434	
2023-07-25 18:00:21,264 - 96	rmse	0.2846	
2023-07-25 18:00:21,264 - 96	mape	141.3649	
2023-07-25 18:00:22,329 - [*] loss:0.2759
2023-07-25 18:00:22,331 - [*] phase 0, testing
2023-07-25 18:00:22,368 - T:96	MAE	0.333691	RMSE	0.276098	MAPE	135.458505
2023-07-25 18:00:22,369 - 96	mae	0.3337	
2023-07-25 18:00:22,369 - 96	rmse	0.2761	
2023-07-25 18:00:22,369 - 96	mape	135.4585	
