2023-07-25 02:42:45,974 - logger name:exp/ECL-PatchTST2023-07-25-02:42:45.974344/ECL-PatchTST.log
2023-07-25 02:42:45,975 - params : {'conf': 'ECL-PatchTST', 'data_name': 'ETTh2', 'iteration': 1, 'load': True, 'build_graph': False, 'grad_norm': False, 'root_path': '', 'exp_path': 'exp/', 'val_test_mix': False, 'pred_len': 96, 'noise_rate': 0.1, 'device': device(type='cuda', index=1), 'test_model_path': '/Disk/fhyega/code/BASE/exp/ECL-PatchTST2023-07-23-21:59:42.618606/0/0.0379_epoch_25.pkl', 'idx': -1, 'aligner': 1, 'refiner': 1, 'enhance': 1, 'seed': 2022, '/* model related args*/': '//', 'model_name': 'PatchTST', 'seq_len': 336, 'label_len': 48, 'features': 'M', 'target': 'OT', 'graph_input': False, 'individual': False, 'e_layers': 3, 'd_layers': 1, 'factor': 1, 'n_heads': 16, 'd_model': 128, 'd_ff': 256, 'dropout': 0.2, 'fc_dropout': 0.2, 'head_dropout': 0.0, 'patch_len': 16, 'stride': 8, 'des': 'Exp', 'padding_patch': 'end', 'revin': 1, 'affine': 0, 'subtract_last': 0, 'decomposition': 0, 'kernel_size': 25, 'output_attention': 0, 'embed_type': 0, 'activation': 'gelu', 'lradj': 'TST', 'distil': 1, 'linear_output': 1, 'pct_start': 0.2, '/*train related args*/': '//', 'train': True, 'epoch': 30, 'batch_size': 128, 'lr': 0.0001, 'loss': 'mse', '/*dataset related args*/': '//', 'save_data_path': 'data/ECL/', 'data_process': True, 'embed': 'timeF', 'freq': 'h', 'begin_phase': 0, 'end_phase': 1, 'phase_len': 26304, 'val_ratio': 0.33, 'graph_size': 321, '/*strategy related args*/': '//', 'strategy': 'incremental', 'increase': False, 'detect': False, 'detect_strategy': 'feature', 'replay': False, 'replay_strategy': 'random', 'repaly_num_samples': 100, 'ewc': False, 'ewc_strategy': 'ewc', 'ewc_lambda': 0.0001, 'subgraph_train': False, 'num_hops': 2, 'logname': 'ECL-PatchTST', 'time': '2023-07-25-02:42:45.974344', 'path': 'exp/ECL-PatchTST2023-07-25-02:42:45.974344', 'num_workers': 4, 'start_train': 0, 'train_mode': 'pretrain', 'get_score': False, 'use_cm': True, 'logger': <Logger __main__ (INFO)>}
2023-07-25 02:42:45,975 - [*] phase 0 start training
0 26304
train 8209
val 2785
test 2785
2023-07-25 02:42:46,201 - [*] phase 0 Dataset load!
2023-07-25 02:42:47,310 - [*] phase 0 Training start
train 8209
2023-07-25 02:43:18,124 - epoch:0, training loss:0.6265 validation loss:0.2941
train 8209
vs, vt 0.29412755370140076 0.2974827140569687
Updating learning rate to 1.0463629820836433e-05
Updating learning rate to 1.0463629820836433e-05
train 8209
vs, vt 0.242135593498295 0.2441930892792615
2023-07-25 02:44:21,347 - epoch:1, training loss:1.4770 validation loss:0.2421
Updating learning rate to 2.8113748014145436e-05
Updating learning rate to 2.8113748014145436e-05
train 8209
vs, vt 0.21777620979330756 0.21983023529702966
2023-07-25 02:45:11,356 - epoch:2, training loss:1.0362 validation loss:0.2178
Updating learning rate to 5.219686165094539e-05
Updating learning rate to 5.219686165094539e-05
train 8209
vs, vt 0.21278950639746405 0.21197209270163017
2023-07-25 02:46:01,833 - epoch:3, training loss:0.7416 validation loss:0.2128
Updating learning rate to 7.622695691951079e-05
Updating learning rate to 7.622695691951079e-05
train 8209
vs, vt 0.21390384875915266 0.2160459438508207
2023-07-25 02:46:51,045 - epoch:4, training loss:0.6464 validation loss:0.2139
Updating learning rate to 9.373229880419829e-05
Updating learning rate to 9.373229880419829e-05
train 8209
vs, vt 0.20918848568742926 0.21791175109418956
2023-07-25 02:47:41,999 - epoch:5, training loss:0.6100 validation loss:0.2092
Updating learning rate to 9.999989541836333e-05
Updating learning rate to 9.999989541836333e-05
train 8209
vs, vt 0.2107698947868564 0.2194295461204919
2023-07-25 02:48:31,392 - epoch:6, training loss:0.5814 validation loss:0.2108
Updating learning rate to 9.955879284407972e-05
Updating learning rate to 9.955879284407972e-05
train 8209
vs, vt 0.21848753264004533 0.22278762981295586
2023-07-25 02:49:17,643 - epoch:7, training loss:0.5515 validation loss:0.2185
Updating learning rate to 9.826972900599613e-05
Updating learning rate to 9.826972900599613e-05
train 8209
vs, vt 0.21704101393168623 0.2205891798843037
2023-07-25 02:50:05,902 - epoch:8, training loss:0.5311 validation loss:0.2170
Updating learning rate to 9.615476014377818e-05
Updating learning rate to 9.615476014377818e-05
train 8209
vs, vt 0.21704086288809776 0.2212353731420907
2023-07-25 02:50:53,877 - epoch:9, training loss:0.5172 validation loss:0.2170
Updating learning rate to 9.325007396103859e-05
Updating learning rate to 9.325007396103859e-05
train 8209
vs, vt 0.21963649412447755 0.22064298459074713
2023-07-25 02:51:42,315 - epoch:10, training loss:0.4991 validation loss:0.2196
Updating learning rate to 8.960537044369518e-05
Updating learning rate to 8.960537044369518e-05
train 8209
vs, vt 0.2194334099238569 0.20923865417187865
2023-07-25 02:52:33,347 - epoch:11, training loss:0.4908 validation loss:0.2194
Updating learning rate to 8.528301147943237e-05
Updating learning rate to 8.528301147943237e-05
train 8209
vs, vt 0.21585077690807256 0.21938449212095953
2023-07-25 02:53:23,233 - epoch:12, training loss:0.4746 validation loss:0.2159
Updating learning rate to 8.035695382851308e-05
Updating learning rate to 8.035695382851308e-05
train 8209
vs, vt 0.21680789136073805 0.21390039304440672
2023-07-25 02:54:14,065 - epoch:13, training loss:0.4686 validation loss:0.2168
Updating learning rate to 7.49114837031057e-05
Updating learning rate to 7.49114837031057e-05
train 8209
vs, vt 0.22081357003612953 0.21201679753986272
2023-07-25 02:55:06,162 - epoch:14, training loss:0.4598 validation loss:0.2208
Updating learning rate to 6.90397746068255e-05
Updating learning rate to 6.90397746068255e-05
train 8209
vs, vt 0.22235659137368202 0.21708193082701077
2023-07-25 02:55:57,937 - epoch:15, training loss:0.4508 validation loss:0.2224
Updating learning rate to 6.284229311025519e-05
Updating learning rate to 6.284229311025519e-05
train 8209
vs, vt 0.22084995528513734 0.2115137590603395
2023-07-25 02:56:49,703 - epoch:16, training loss:0.4459 validation loss:0.2208
Updating learning rate to 5.642507984006751e-05
Updating learning rate to 5.642507984006751e-05
train 8209
vs, vt 0.22152311558073218 0.2124394029378891
2023-07-25 02:57:42,216 - epoch:17, training loss:0.4384 validation loss:0.2215
Updating learning rate to 4.989793509450307e-05
Updating learning rate to 4.989793509450307e-05
train 8209
vs, vt 0.22267116538502954 0.2116554890843955
2023-07-25 02:58:32,798 - epoch:18, training loss:0.4348 validation loss:0.2227
Updating learning rate to 4.337254012982485e-05
Updating learning rate to 4.337254012982485e-05
train 8209
vs, vt 0.22140197862278332 0.21111208335919815
2023-07-25 02:59:24,476 - epoch:19, training loss:0.4310 validation loss:0.2214
Updating learning rate to 3.696054626305981e-05
Updating learning rate to 3.696054626305981e-05
train 8209
vs, vt 0.22109504585916345 0.21077007495544173
2023-07-25 03:00:16,708 - epoch:20, training loss:0.4285 validation loss:0.2211
Updating learning rate to 3.0771664487008854e-05
Updating learning rate to 3.0771664487008854e-05
train 8209
vs, vt 0.2212052924389189 0.2100114714015614
2023-07-25 03:01:09,272 - epoch:21, training loss:0.4252 validation loss:0.2212
Updating learning rate to 2.491178828474237e-05
Updating learning rate to 2.491178828474237e-05
train 8209
vs, vt 0.22141239419579506 0.21037786928090182
2023-07-25 03:02:00,427 - epoch:22, training loss:0.4216 validation loss:0.2214
Updating learning rate to 1.9481181762745777e-05
Updating learning rate to 1.9481181762745777e-05
train 8209
vs, vt 0.2216709019108252 0.21075704524462874
2023-07-25 03:02:51,469 - epoch:23, training loss:0.4201 validation loss:0.2217
Updating learning rate to 1.4572764104259043e-05
Updating learning rate to 1.4572764104259043e-05
train 8209
vs, vt 0.22164975513111462 0.20941740917888554
2023-07-25 03:03:42,259 - epoch:24, training loss:0.4189 validation loss:0.2216
Updating learning rate to 1.0270519696289322e-05
Updating learning rate to 1.0270519696289322e-05
train 8209
vs, vt 0.22095957229083235 0.20988967269659042
2023-07-25 03:04:35,423 - epoch:25, training loss:0.4171 validation loss:0.2210
Updating learning rate to 6.648061133464466e-06
Updating learning rate to 6.648061133464466e-06
train 8209
vs, vt 0.22060237587852913 0.20889013226736675
2023-07-25 03:05:26,645 - epoch:26, training loss:0.4161 validation loss:0.2206
Updating learning rate to 3.7673696861296922e-06
Updating learning rate to 3.7673696861296922e-06
train 8209
vs, vt 0.22073771364309572 0.20904128964651714
2023-07-25 03:06:14,618 - epoch:27, training loss:0.4162 validation loss:0.2207
Updating learning rate to 1.6777347836274343e-06
Updating learning rate to 1.6777347836274343e-06
train 8209
vs, vt 0.22104813835837625 0.20928412506526167
2023-07-25 03:07:05,093 - epoch:28, training loss:0.4155 validation loss:0.2210
Updating learning rate to 4.1491065849575754e-07
Updating learning rate to 4.1491065849575754e-07
train 8209
vs, vt 0.2211175083436749 0.20887258310209622
2023-07-25 03:07:52,746 - epoch:29, training loss:0.4155 validation loss:0.2211
Updating learning rate to 5.045816366600914e-10
Updating learning rate to 5.045816366600914e-10
2023-07-25 03:07:58,628 - [*] loss:0.2849
2023-07-25 03:07:58,632 - [*] phase 0, testing
2023-07-25 03:07:58,672 - T:96	MAE	0.342430	RMSE	0.284798	MAPE	138.588047
2023-07-25 03:07:58,674 - 96	mae	0.3424	
2023-07-25 03:07:58,674 - 96	rmse	0.2848	
2023-07-25 03:07:58,674 - 96	mape	138.5880	
2023-07-25 03:08:03,799 - [*] loss:0.2966
2023-07-25 03:08:03,802 - [*] phase 0, testing
2023-07-25 03:08:03,849 - T:96	MAE	0.345354	RMSE	0.295901	MAPE	131.927145
2023-07-25 03:08:03,850 - 96	mae	0.3454	
2023-07-25 03:08:03,850 - 96	rmse	0.2959	
2023-07-25 03:08:03,850 - 96	mape	131.9271	
