2023-07-25 03:32:48,810 - logger name:exp/ECL-PatchTST2023-07-25-03:32:48.810360/ECL-PatchTST.log
2023-07-25 03:32:48,810 - params : {'conf': 'ECL-PatchTST', 'data_name': 'ETTh2', 'iteration': 1, 'load': True, 'build_graph': False, 'grad_norm': False, 'root_path': '', 'exp_path': 'exp/', 'val_test_mix': False, 'pred_len': 96, 'noise_rate': 0.1, 'device': device(type='cuda', index=1), 'test_model_path': '/Disk/fhyega/code/BASE/exp/ECL-PatchTST2023-07-23-21:59:42.618606/0/0.0379_epoch_25.pkl', 'idx': -1, 'aligner': 0, 'refiner': 1, 'enhance': 0, 'seed': 2022, '/* model related args*/': '//', 'model_name': 'PatchTST', 'seq_len': 336, 'label_len': 48, 'features': 'M', 'target': 'OT', 'graph_input': False, 'individual': False, 'e_layers': 3, 'd_layers': 1, 'factor': 1, 'n_heads': 16, 'd_model': 128, 'd_ff': 256, 'dropout': 0.2, 'fc_dropout': 0.2, 'head_dropout': 0.0, 'patch_len': 16, 'stride': 8, 'des': 'Exp', 'padding_patch': 'end', 'revin': 1, 'affine': 0, 'subtract_last': 0, 'decomposition': 0, 'kernel_size': 25, 'output_attention': 0, 'embed_type': 0, 'activation': 'gelu', 'lradj': 'TST', 'distil': 1, 'linear_output': 1, 'pct_start': 0.2, '/*train related args*/': '//', 'train': True, 'epoch': 30, 'batch_size': 128, 'lr': 0.0001, 'loss': 'mse', '/*dataset related args*/': '//', 'save_data_path': 'data/ECL/', 'data_process': True, 'embed': 'timeF', 'freq': 'h', 'begin_phase': 0, 'end_phase': 1, 'phase_len': 26304, 'val_ratio': 0.33, 'graph_size': 321, '/*strategy related args*/': '//', 'strategy': 'incremental', 'increase': False, 'detect': False, 'detect_strategy': 'feature', 'replay': False, 'replay_strategy': 'random', 'repaly_num_samples': 100, 'ewc': False, 'ewc_strategy': 'ewc', 'ewc_lambda': 0.0001, 'subgraph_train': False, 'num_hops': 2, 'logname': 'ECL-PatchTST', 'time': '2023-07-25-03:32:48.810360', 'path': 'exp/ECL-PatchTST2023-07-25-03:32:48.810360', 'num_workers': 4, 'start_train': 0, 'train_mode': 'pretrain', 'get_score': False, 'use_cm': True, 'logger': <Logger __main__ (INFO)>}
2023-07-25 03:32:48,811 - [*] phase 0 start training
0 26304
train 8209
val 2785
test 2785
2023-07-25 03:32:49,050 - [*] phase 0 Dataset load!
2023-07-25 03:32:50,158 - [*] phase 0 Training start
train 8209
2023-07-25 03:33:21,697 - epoch:0, training loss:0.6265 validation loss:0.2941
train 8209
vs, vt 0.29412755370140076 0.2974827140569687
Updating learning rate to 1.0463629820836433e-05
Updating learning rate to 1.0463629820836433e-05
train 8209
vs, vt 0.2417757541618564 0.24787821959365497
2023-07-25 03:34:19,547 - epoch:1, training loss:0.7217 validation loss:0.2418
Updating learning rate to 2.8113748014145436e-05
Updating learning rate to 2.8113748014145436e-05
train 8209
vs, vt 0.2198563004759225 0.22447708249092102
2023-07-25 03:35:01,720 - epoch:2, training loss:0.6250 validation loss:0.2199
Updating learning rate to 5.219686165094539e-05
Updating learning rate to 5.219686165094539e-05
train 8209
vs, vt 0.21518904309381137 0.21916750445961952
2023-07-25 03:35:41,076 - epoch:3, training loss:0.5715 validation loss:0.2152
Updating learning rate to 7.622695691951079e-05
Updating learning rate to 7.622695691951079e-05
train 8209
vs, vt 0.20965009995482184 0.21380738947879185
2023-07-25 03:36:23,345 - epoch:4, training loss:0.5401 validation loss:0.2097
Updating learning rate to 9.373229880419829e-05
Updating learning rate to 9.373229880419829e-05
train 8209
vs, vt 0.2115701094947078 0.21764879335056653
2023-07-25 03:37:03,174 - epoch:5, training loss:0.5193 validation loss:0.2116
Updating learning rate to 9.999989541836333e-05
Updating learning rate to 9.999989541836333e-05
train 8209
vs, vt 0.2116035172207789 0.21894325654615054
2023-07-25 03:37:43,825 - epoch:6, training loss:0.4930 validation loss:0.2116
Updating learning rate to 9.955879284407972e-05
Updating learning rate to 9.955879284407972e-05
train 8209
vs, vt 0.21808459812944586 0.20919881625608963
2023-07-25 03:38:24,944 - epoch:7, training loss:0.4722 validation loss:0.2181
Updating learning rate to 9.826972900599613e-05
Updating learning rate to 9.826972900599613e-05
train 8209
vs, vt 0.21581303125078027 0.21170045909556476
2023-07-25 03:39:02,520 - epoch:8, training loss:0.4602 validation loss:0.2158
Updating learning rate to 9.615476014377818e-05
Updating learning rate to 9.615476014377818e-05
train 8209
vs, vt 0.21897217631340027 0.20710753039880234
2023-07-25 03:39:41,926 - epoch:9, training loss:0.4462 validation loss:0.2190
Updating learning rate to 9.325007396103859e-05
Updating learning rate to 9.325007396103859e-05
train 8209
vs, vt 0.21970710801807317 0.20749478075991978
2023-07-25 03:40:23,446 - epoch:10, training loss:0.4348 validation loss:0.2197
Updating learning rate to 8.960537044369518e-05
Updating learning rate to 8.960537044369518e-05
train 8209
vs, vt 0.21418337659402328 0.20832286808978429
2023-07-25 03:41:03,282 - epoch:11, training loss:0.4222 validation loss:0.2142
Updating learning rate to 8.528301147943237e-05
Updating learning rate to 8.528301147943237e-05
train 8209
vs, vt 0.22004740990021013 0.2100835188545964
2023-07-25 03:41:44,276 - epoch:12, training loss:0.4131 validation loss:0.2200
Updating learning rate to 8.035695382851308e-05
Updating learning rate to 8.035695382851308e-05
train 8209
vs, vt 0.22099517048759895 0.20853771811181848
2023-07-25 03:42:26,937 - epoch:13, training loss:0.4074 validation loss:0.2210
Updating learning rate to 7.49114837031057e-05
Updating learning rate to 7.49114837031057e-05
train 8209
vs, vt 0.21947433020580898 0.20971915837038646
2023-07-25 03:43:06,436 - epoch:14, training loss:0.4046 validation loss:0.2195
Updating learning rate to 6.90397746068255e-05
Updating learning rate to 6.90397746068255e-05
train 8209
vs, vt 0.22047710452567448 0.20928191393613815
2023-07-25 03:43:48,241 - epoch:15, training loss:0.3985 validation loss:0.2205
Updating learning rate to 6.284229311025519e-05
Updating learning rate to 6.284229311025519e-05
train 8209
vs, vt 0.219622941179709 0.21011038260026413
2023-07-25 03:44:29,495 - epoch:16, training loss:0.3937 validation loss:0.2196
Updating learning rate to 5.642507984006751e-05
Updating learning rate to 5.642507984006751e-05
train 8209
vs, vt 0.21861261468042026 0.21184770864519206
2023-07-25 03:45:08,013 - epoch:17, training loss:0.3903 validation loss:0.2186
Updating learning rate to 4.989793509450307e-05
Updating learning rate to 4.989793509450307e-05
train 8209
vs, vt 0.21915171667933464 0.21117216822775928
2023-07-25 03:45:50,073 - epoch:18, training loss:0.3863 validation loss:0.2192
Updating learning rate to 4.337254012982485e-05
Updating learning rate to 4.337254012982485e-05
train 8209
vs, vt 0.21649349954995242 0.21378281238404187
2023-07-25 03:46:31,437 - epoch:19, training loss:0.3840 validation loss:0.2165
Updating learning rate to 3.696054626305981e-05
Updating learning rate to 3.696054626305981e-05
train 8209
vs, vt 0.22136417336084627 0.2123713710091331
2023-07-25 03:47:08,444 - epoch:20, training loss:0.3807 validation loss:0.2214
Updating learning rate to 3.0771664487008854e-05
Updating learning rate to 3.0771664487008854e-05
train 8209
vs, vt 0.21875950321555138 0.21119863472201608
2023-07-25 03:47:51,547 - epoch:21, training loss:0.3802 validation loss:0.2188
Updating learning rate to 2.491178828474237e-05
Updating learning rate to 2.491178828474237e-05
train 8209
vs, vt 0.21677083285017448 0.2132869576188651
2023-07-25 03:48:30,802 - epoch:22, training loss:0.3771 validation loss:0.2168
Updating learning rate to 1.9481181762745777e-05
Updating learning rate to 1.9481181762745777e-05
train 8209
vs, vt 0.2180253484032371 0.21070616455240684
2023-07-25 03:49:10,245 - epoch:23, training loss:0.3763 validation loss:0.2180
Updating learning rate to 1.4572764104259043e-05
Updating learning rate to 1.4572764104259043e-05
train 8209
vs, vt 0.2188206467438828 0.21164560995318674
2023-07-25 03:49:52,776 - epoch:24, training loss:0.3753 validation loss:0.2188
Updating learning rate to 1.0270519696289322e-05
Updating learning rate to 1.0270519696289322e-05
train 8209
vs, vt 0.21824636141007597 0.21148210459134795
2023-07-25 03:50:34,607 - epoch:25, training loss:0.3736 validation loss:0.2182
Updating learning rate to 6.648061133464466e-06
Updating learning rate to 6.648061133464466e-06
train 8209
vs, vt 0.21826729280027476 0.21247648244554346
2023-07-25 03:51:15,085 - epoch:26, training loss:0.3734 validation loss:0.2183
Updating learning rate to 3.7673696861296922e-06
Updating learning rate to 3.7673696861296922e-06
train 8209
vs, vt 0.21845660866661507 0.21258709511973642
2023-07-25 03:51:58,486 - epoch:27, training loss:0.3724 validation loss:0.2185
Updating learning rate to 1.6777347836274343e-06
Updating learning rate to 1.6777347836274343e-06
train 8209
vs, vt 0.21840805120088838 0.21236435764215209
2023-07-25 03:52:39,549 - epoch:28, training loss:0.3728 validation loss:0.2184
Updating learning rate to 4.1491065849575754e-07
Updating learning rate to 4.1491065849575754e-07
train 8209
vs, vt 0.2185837457125837 0.21238358894532378
2023-07-25 03:53:21,972 - epoch:29, training loss:0.3716 validation loss:0.2186
Updating learning rate to 5.045816366600914e-10
Updating learning rate to 5.045816366600914e-10
2023-07-25 03:53:27,121 - [*] loss:0.2819
2023-07-25 03:53:27,125 - [*] phase 0, testing
2023-07-25 03:53:27,169 - T:96	MAE	0.341425	RMSE	0.282048	MAPE	138.223064
2023-07-25 03:53:27,171 - 96	mae	0.3414	
2023-07-25 03:53:27,171 - 96	rmse	0.2820	
2023-07-25 03:53:27,171 - 96	mape	138.2231	
2023-07-25 03:53:31,122 - [*] loss:0.2871
2023-07-25 03:53:31,125 - [*] phase 0, testing
2023-07-25 03:53:31,166 - T:96	MAE	0.341779	RMSE	0.287241	MAPE	136.861789
2023-07-25 03:53:31,168 - 96	mae	0.3418	
2023-07-25 03:53:31,168 - 96	rmse	0.2872	
2023-07-25 03:53:31,168 - 96	mape	136.8618	
