2023-07-25 16:00:54,990 - logger name:exp/ECL-PatchTST2023-07-25-16:00:54.989970/ECL-PatchTST.log
2023-07-25 16:00:54,990 - params : {'conf': 'ECL-PatchTST', 'data_name': 'ETTh2', 'iteration': 1, 'load': True, 'build_graph': False, 'same_init': True, 'grad_norm': False, 'root_path': '', 'exp_path': 'exp/', 'val_test_mix': False, 'pred_len': 96, 'noise_rate': 0.01, 'device': device(type='cuda', index=1), 'test_model_path': '/Disk/fhyega/code/BASE/exp/ECL-PatchTST2023-07-23-21:59:42.618606/0/0.0379_epoch_25.pkl', 'idx': -1, 'aligner': 1, 'refiner': 0, 'enhance': 0, 'seed': 2022, 'batch_size': 128, '/* model related args*/': '//', 'model_name': 'PatchTST', 'seq_len': 336, 'label_len': 48, 'features': 'M', 'target': 'OT', 'graph_input': False, 'individual': False, 'e_layers': 3, 'd_layers': 1, 'factor': 1, 'n_heads': 16, 'd_model': 128, 'd_ff': 256, 'dropout': 0.2, 'fc_dropout': 0.2, 'head_dropout': 0.0, 'patch_len': 16, 'stride': 8, 'des': 'Exp', 'padding_patch': 'end', 'revin': 1, 'affine': 0, 'subtract_last': 0, 'decomposition': 0, 'kernel_size': 25, 'output_attention': 0, 'embed_type': 0, 'activation': 'gelu', 'lradj': 'TST', 'distil': 1, 'linear_output': 1, 'pct_start': 0.2, '/*train related args*/': '//', 'train': True, 'epoch': 30, 'lr': 0.0001, 'loss': 'mse', '/*dataset related args*/': '//', 'save_data_path': 'data/ECL/', 'data_process': True, 'embed': 'timeF', 'freq': 'h', 'begin_phase': 0, 'end_phase': 1, 'phase_len': 26304, 'val_ratio': 0.33, 'graph_size': 321, '/*strategy related args*/': '//', 'strategy': 'incremental', 'increase': False, 'detect': False, 'detect_strategy': 'feature', 'replay': False, 'replay_strategy': 'random', 'repaly_num_samples': 100, 'ewc': False, 'ewc_strategy': 'ewc', 'ewc_lambda': 0.0001, 'subgraph_train': False, 'num_hops': 2, 'logname': 'ECL-PatchTST', 'time': '2023-07-25-16:00:54.989970', 'path': 'exp/ECL-PatchTST2023-07-25-16:00:54.989970', 'num_workers': 4, 'start_train': 0, 'train_mode': 'pretrain', 'get_score': False, 'use_cm': True, 'logger': <Logger __main__ (INFO)>}
2023-07-25 16:00:54,990 - [*] phase 0 start training
0 26304
train 8209
val 2785
test 2785
2023-07-25 16:00:55,179 - [*] phase 0 Dataset load!
2023-07-25 16:00:56,140 - [*] phase 0 Training start
train 8209
2023-07-25 16:01:25,317 - epoch:0, training loss:0.6260 validation loss:0.2945
train 8209
vs, vt 0.29448264092206955 0.29087322476235306
Updating learning rate to 1.0463629820836433e-05
Updating learning rate to 1.0463629820836433e-05
train 8209
vs, vt 0.2400620881129395 0.23808436332778496
2023-07-25 16:02:19,052 - epoch:1, training loss:1.1134 validation loss:0.2401
Updating learning rate to 2.8113748014145436e-05
Updating learning rate to 2.8113748014145436e-05
train 8209
vs, vt 0.21595074879852208 0.21513583307916467
2023-07-25 16:03:00,291 - epoch:2, training loss:0.9441 validation loss:0.2160
Updating learning rate to 5.219686165094539e-05
Updating learning rate to 5.219686165094539e-05
train 8209
vs, vt 0.21325913308696312 0.20823616195808758
2023-07-25 16:03:41,815 - epoch:3, training loss:0.8427 validation loss:0.2133
Updating learning rate to 7.622695691951079e-05
Updating learning rate to 7.622695691951079e-05
train 8209
vs, vt 0.20918786864389072 0.2053958854892037
2023-07-25 16:04:25,390 - epoch:4, training loss:0.7877 validation loss:0.2092
Updating learning rate to 9.373229880419829e-05
Updating learning rate to 9.373229880419829e-05
train 8209
vs, vt 0.20835492353547702 0.20137427679517053
2023-07-25 16:05:06,961 - epoch:5, training loss:0.7544 validation loss:0.2084
Updating learning rate to 9.999989541836333e-05
Updating learning rate to 9.999989541836333e-05
train 8209
vs, vt 0.2114347188987515 0.20248384875330058
2023-07-25 16:05:48,373 - epoch:6, training loss:0.7225 validation loss:0.2114
Updating learning rate to 9.955879284407972e-05
Updating learning rate to 9.955879284407972e-05
train 8209
vs, vt 0.21078265018083833 0.20263942703604698
2023-07-25 16:06:31,728 - epoch:7, training loss:0.6976 validation loss:0.2108
Updating learning rate to 9.826972900599613e-05
Updating learning rate to 9.826972900599613e-05
train 8209
vs, vt 0.21129389682954008 0.20242955738847906
2023-07-25 16:07:18,796 - epoch:8, training loss:0.6759 validation loss:0.2113
Updating learning rate to 9.615476014377818e-05
Updating learning rate to 9.615476014377818e-05
train 8209
vs, vt 0.21602391451597214 0.20318561352112077
2023-07-25 16:08:02,194 - epoch:9, training loss:0.6555 validation loss:0.2160
Updating learning rate to 9.325007396103859e-05
Updating learning rate to 9.325007396103859e-05
train 8209
vs, vt 0.21418696878985924 0.20477760379964655
2023-07-25 16:08:44,481 - epoch:10, training loss:0.6446 validation loss:0.2142
Updating learning rate to 8.960537044369518e-05
Updating learning rate to 8.960537044369518e-05
train 8209
vs, vt 0.2151562710377303 0.2059882709925825
2023-07-25 16:09:29,567 - epoch:11, training loss:0.6301 validation loss:0.2152
Updating learning rate to 8.528301147943237e-05
Updating learning rate to 8.528301147943237e-05
train 8209
vs, vt 0.21866122633218765 0.2068023427643559
2023-07-25 16:10:11,099 - epoch:12, training loss:0.6167 validation loss:0.2187
Updating learning rate to 8.035695382851308e-05
Updating learning rate to 8.035695382851308e-05
train 8209
vs, vt 0.21884849227287553 0.20912921090017667
2023-07-25 16:10:50,837 - epoch:13, training loss:0.6091 validation loss:0.2188
Updating learning rate to 7.49114837031057e-05
Updating learning rate to 7.49114837031057e-05
train 8209
vs, vt 0.2203662283718586 0.21049081093885683
2023-07-25 16:11:30,460 - epoch:14, training loss:0.6021 validation loss:0.2204
Updating learning rate to 6.90397746068255e-05
Updating learning rate to 6.90397746068255e-05
train 8209
vs, vt 0.22137203440070152 0.21389222924004903
2023-07-25 16:12:09,821 - epoch:15, training loss:0.5951 validation loss:0.2214
Updating learning rate to 6.284229311025519e-05
Updating learning rate to 6.284229311025519e-05
train 8209
vs, vt 0.21590672264044936 0.20968711680986665
2023-07-25 16:12:48,750 - epoch:16, training loss:0.5892 validation loss:0.2159
Updating learning rate to 5.642507984006751e-05
Updating learning rate to 5.642507984006751e-05
train 8209
vs, vt 0.22088752754709937 0.2126907201653177
2023-07-25 16:13:27,402 - epoch:17, training loss:0.5806 validation loss:0.2209
Updating learning rate to 4.989793509450307e-05
Updating learning rate to 4.989793509450307e-05
train 8209
vs, vt 0.21955021640116518 0.2136506929316304
2023-07-25 16:14:06,910 - epoch:18, training loss:0.5767 validation loss:0.2196
Updating learning rate to 4.337254012982485e-05
Updating learning rate to 4.337254012982485e-05
train 8209
vs, vt 0.22231960770758716 0.2149835110388019
2023-07-25 16:14:45,568 - epoch:19, training loss:0.5721 validation loss:0.2223
Updating learning rate to 3.696054626305981e-05
Updating learning rate to 3.696054626305981e-05
train 8209
vs, vt 0.21864426610144702 0.21252560378475624
2023-07-25 16:15:21,968 - epoch:20, training loss:0.5704 validation loss:0.2186
Updating learning rate to 3.0771664487008854e-05
Updating learning rate to 3.0771664487008854e-05
train 8209
vs, vt 0.21878464045849713 0.212783160534772
2023-07-25 16:15:59,886 - epoch:21, training loss:0.5671 validation loss:0.2188
Updating learning rate to 2.491178828474237e-05
Updating learning rate to 2.491178828474237e-05
train 8209
vs, vt 0.2186963680115613 0.21389781920747322
2023-07-25 16:16:37,111 - epoch:22, training loss:0.5638 validation loss:0.2187
Updating learning rate to 1.9481181762745777e-05
Updating learning rate to 1.9481181762745777e-05
train 8209
vs, vt 0.2182173833928325 0.2138953496786681
2023-07-25 16:17:15,079 - epoch:23, training loss:0.5617 validation loss:0.2182
Updating learning rate to 1.4572764104259043e-05
Updating learning rate to 1.4572764104259043e-05
train 8209
vs, vt 0.21794050931930542 0.21408465843309055
2023-07-25 16:17:52,549 - epoch:24, training loss:0.5595 validation loss:0.2179
Updating learning rate to 1.0270519696289322e-05
Updating learning rate to 1.0270519696289322e-05
train 8209
vs, vt 0.21855583482167937 0.21433835713700813
2023-07-25 16:18:29,169 - epoch:25, training loss:0.5602 validation loss:0.2186
Updating learning rate to 6.648061133464466e-06
Updating learning rate to 6.648061133464466e-06
train 8209
vs, vt 0.21863035620613533 0.2140820287168026
2023-07-25 16:19:05,742 - epoch:26, training loss:0.5580 validation loss:0.2186
Updating learning rate to 3.7673696861296922e-06
Updating learning rate to 3.7673696861296922e-06
train 8209
vs, vt 0.21876343712210655 0.21442891454154794
2023-07-25 16:19:43,496 - epoch:27, training loss:0.5567 validation loss:0.2188
Updating learning rate to 1.6777347836274343e-06
Updating learning rate to 1.6777347836274343e-06
train 8209
vs, vt 0.21868085590275851 0.21421800418333573
2023-07-25 16:20:20,720 - epoch:28, training loss:0.5562 validation loss:0.2187
Updating learning rate to 4.1491065849575754e-07
Updating learning rate to 4.1491065849575754e-07
train 8209
vs, vt 0.21871789612553336 0.2142452292821624
2023-07-25 16:20:54,832 - epoch:29, training loss:0.5565 validation loss:0.2187
Updating learning rate to 5.045816366600914e-10
Updating learning rate to 5.045816366600914e-10
check exp/ECL-PatchTST2023-07-25-16:00:54.989970/0/0.2084_epoch_5.pkl  &  0.20137427679517053
2023-07-25 16:20:55,934 - [*] loss:0.2853
2023-07-25 16:20:55,938 - [*] phase 0, testing
2023-07-25 16:20:55,975 - T:96	MAE	0.343449	RMSE	0.285444	MAPE	137.623787
2023-07-25 16:20:55,977 - 96	mae	0.3434	
2023-07-25 16:20:55,977 - 96	rmse	0.2854	
2023-07-25 16:20:55,977 - 96	mape	137.6238	
2023-07-25 16:20:57,140 - [*] loss:0.2844
2023-07-25 16:20:57,144 - [*] phase 0, testing
2023-07-25 16:20:57,181 - T:96	MAE	0.341114	RMSE	0.284502	MAPE	138.520110
2023-07-25 16:20:57,182 - 96	mae	0.3411	
2023-07-25 16:20:57,182 - 96	rmse	0.2845	
2023-07-25 16:20:57,182 - 96	mape	138.5201	
