2023-07-25 16:00:56,925 - logger name:exp/ECL-PatchTST2023-07-25-16:00:56.925080/ECL-PatchTST.log
2023-07-25 16:00:56,925 - params : {'conf': 'ECL-PatchTST', 'data_name': 'ETTh2', 'iteration': 1, 'load': True, 'build_graph': False, 'same_init': True, 'grad_norm': False, 'root_path': '', 'exp_path': 'exp/', 'val_test_mix': False, 'pred_len': 96, 'noise_rate': 0.5, 'device': device(type='cuda', index=0), 'test_model_path': '/Disk/fhyega/code/BASE/exp/ECL-PatchTST2023-07-23-21:59:42.618606/0/0.0379_epoch_25.pkl', 'idx': -1, 'aligner': 1, 'refiner': 0, 'enhance': 0, 'seed': 2022, 'batch_size': 128, '/* model related args*/': '//', 'model_name': 'PatchTST', 'seq_len': 336, 'label_len': 48, 'features': 'M', 'target': 'OT', 'graph_input': False, 'individual': False, 'e_layers': 3, 'd_layers': 1, 'factor': 1, 'n_heads': 16, 'd_model': 128, 'd_ff': 256, 'dropout': 0.2, 'fc_dropout': 0.2, 'head_dropout': 0.0, 'patch_len': 16, 'stride': 8, 'des': 'Exp', 'padding_patch': 'end', 'revin': 1, 'affine': 0, 'subtract_last': 0, 'decomposition': 0, 'kernel_size': 25, 'output_attention': 0, 'embed_type': 0, 'activation': 'gelu', 'lradj': 'TST', 'distil': 1, 'linear_output': 1, 'pct_start': 0.2, '/*train related args*/': '//', 'train': True, 'epoch': 30, 'lr': 0.0001, 'loss': 'mse', '/*dataset related args*/': '//', 'save_data_path': 'data/ECL/', 'data_process': True, 'embed': 'timeF', 'freq': 'h', 'begin_phase': 0, 'end_phase': 1, 'phase_len': 26304, 'val_ratio': 0.33, 'graph_size': 321, '/*strategy related args*/': '//', 'strategy': 'incremental', 'increase': False, 'detect': False, 'detect_strategy': 'feature', 'replay': False, 'replay_strategy': 'random', 'repaly_num_samples': 100, 'ewc': False, 'ewc_strategy': 'ewc', 'ewc_lambda': 0.0001, 'subgraph_train': False, 'num_hops': 2, 'logname': 'ECL-PatchTST', 'time': '2023-07-25-16:00:56.925080', 'path': 'exp/ECL-PatchTST2023-07-25-16:00:56.925080', 'num_workers': 4, 'start_train': 0, 'train_mode': 'pretrain', 'get_score': False, 'use_cm': True, 'logger': <Logger __main__ (INFO)>}
2023-07-25 16:00:56,926 - [*] phase 0 start training
0 26304
train 8209
val 2785
test 2785
2023-07-25 16:00:57,124 - [*] phase 0 Dataset load!
2023-07-25 16:00:57,991 - [*] phase 0 Training start
train 8209
2023-07-25 16:01:27,188 - epoch:0, training loss:0.6260 validation loss:0.2945
train 8209
vs, vt 0.29448264092206955 0.29741947556083853
Updating learning rate to 1.0463629820836433e-05
Updating learning rate to 1.0463629820836433e-05
train 8209
vs, vt 0.2408587278967554 0.2474956874820319
2023-07-25 16:02:19,710 - epoch:1, training loss:0.5779 validation loss:0.2409
Updating learning rate to 2.8113748014145436e-05
Updating learning rate to 2.8113748014145436e-05
train 8209
vs, vt 0.216844419864091 0.22059222886508162
2023-07-25 16:03:00,244 - epoch:2, training loss:0.5001 validation loss:0.2168
Updating learning rate to 5.219686165094539e-05
Updating learning rate to 5.219686165094539e-05
train 8209
vs, vt 0.21459245783361522 0.20864083008332687
2023-07-25 16:03:41,442 - epoch:3, training loss:0.4611 validation loss:0.2146
Updating learning rate to 7.622695691951079e-05
Updating learning rate to 7.622695691951079e-05
train 8209
vs, vt 0.20950349521907893 0.208620988171209
2023-07-25 16:04:24,994 - epoch:4, training loss:0.4862 validation loss:0.2095
Updating learning rate to 9.373229880419829e-05
Updating learning rate to 9.373229880419829e-05
train 8209
vs, vt 0.2093053592199629 0.20870671048760414
2023-07-25 16:05:06,277 - epoch:5, training loss:0.4606 validation loss:0.2093
Updating learning rate to 9.999989541836333e-05
Updating learning rate to 9.999989541836333e-05
train 8209
vs, vt 0.21257468008182265 0.2104392803528092
2023-07-25 16:05:47,713 - epoch:6, training loss:0.4379 validation loss:0.2126
Updating learning rate to 9.955879284407972e-05
Updating learning rate to 9.955879284407972e-05
train 8209
vs, vt 0.2135473449121822 0.21804328770800072
2023-07-25 16:06:30,974 - epoch:7, training loss:0.4172 validation loss:0.2135
Updating learning rate to 9.826972900599613e-05
Updating learning rate to 9.826972900599613e-05
train 8209
vs, vt 0.21253363618796522 0.217196197333661
2023-07-25 16:07:16,287 - epoch:8, training loss:0.3676 validation loss:0.2125
Updating learning rate to 9.615476014377818e-05
Updating learning rate to 9.615476014377818e-05
train 8209
vs, vt 0.21494602852246977 0.21318638189272446
2023-07-25 16:07:59,157 - epoch:9, training loss:0.3531 validation loss:0.2149
Updating learning rate to 9.325007396103859e-05
Updating learning rate to 9.325007396103859e-05
train 8209
vs, vt 0.21382802284576677 0.21113103966821323
2023-07-25 16:08:39,471 - epoch:10, training loss:0.3780 validation loss:0.2138
Updating learning rate to 8.960537044369518e-05
Updating learning rate to 8.960537044369518e-05
train 8209
vs, vt 0.21695800531994214 0.21729658137668262
2023-07-25 16:09:25,197 - epoch:11, training loss:0.3677 validation loss:0.2170
Updating learning rate to 8.528301147943237e-05
Updating learning rate to 8.528301147943237e-05
train 8209
vs, vt 0.21974315189502455 0.21203547140414064
2023-07-25 16:10:04,925 - epoch:12, training loss:0.3289 validation loss:0.2197
Updating learning rate to 8.035695382851308e-05
Updating learning rate to 8.035695382851308e-05
train 8209
vs, vt 0.22247917408292944 0.21454977481202644
2023-07-25 16:10:43,212 - epoch:13, training loss:0.3557 validation loss:0.2225
Updating learning rate to 7.49114837031057e-05
Updating learning rate to 7.49114837031057e-05
train 8209
vs, vt 0.22119227932258087 0.21960080923004585
2023-07-25 16:11:21,853 - epoch:14, training loss:0.3502 validation loss:0.2212
Updating learning rate to 6.90397746068255e-05
Updating learning rate to 6.90397746068255e-05
train 8209
vs, vt 0.22218683057210661 0.21422437646172263
2023-07-25 16:11:59,663 - epoch:15, training loss:0.3462 validation loss:0.2222
Updating learning rate to 6.284229311025519e-05
Updating learning rate to 6.284229311025519e-05
train 8209
vs, vt 0.2174863198941404 0.21956570548090068
2023-07-25 16:12:37,604 - epoch:16, training loss:0.3427 validation loss:0.2175
Updating learning rate to 5.642507984006751e-05
Updating learning rate to 5.642507984006751e-05
train 8209
vs, vt 0.22184480286457323 0.21842425485903566
2023-07-25 16:13:15,590 - epoch:17, training loss:0.3106 validation loss:0.2218
Updating learning rate to 4.989793509450307e-05
Updating learning rate to 4.989793509450307e-05
train 8209
vs, vt 0.22281279787421227 0.21517688442360272
2023-07-25 16:13:54,006 - epoch:18, training loss:0.3362 validation loss:0.2228
Updating learning rate to 4.337254012982485e-05
Updating learning rate to 4.337254012982485e-05
train 8209
vs, vt 0.22378356856378642 0.217131183906035
2023-07-25 16:14:30,588 - epoch:19, training loss:0.3342 validation loss:0.2238
Updating learning rate to 3.696054626305981e-05
Updating learning rate to 3.696054626305981e-05
train 8209
vs, vt 0.22038750215010208 0.21478440036827867
2023-07-25 16:15:08,173 - epoch:20, training loss:0.3326 validation loss:0.2204
Updating learning rate to 3.0771664487008854e-05
Updating learning rate to 3.0771664487008854e-05
train 8209
vs, vt 0.22143092040311207 0.21131173690611665
2023-07-25 16:15:44,938 - epoch:21, training loss:0.3308 validation loss:0.2214
Updating learning rate to 2.491178828474237e-05
Updating learning rate to 2.491178828474237e-05
train 8209
vs, vt 0.22024523940953342 0.2108297385275364
2023-07-25 16:16:22,994 - epoch:22, training loss:0.3290 validation loss:0.2202
Updating learning rate to 1.9481181762745777e-05
Updating learning rate to 1.9481181762745777e-05
train 8209
vs, vt 0.22051461989229376 0.2122466333887794
2023-07-25 16:16:59,499 - epoch:23, training loss:0.3281 validation loss:0.2205
Updating learning rate to 1.4572764104259043e-05
Updating learning rate to 1.4572764104259043e-05
train 8209
vs, vt 0.21927263994108548 0.21038398282094437
2023-07-25 16:17:37,617 - epoch:24, training loss:0.3264 validation loss:0.2193
Updating learning rate to 1.0270519696289322e-05
Updating learning rate to 1.0270519696289322e-05
train 8209
vs, vt 0.2205152271146124 0.2093564353205941
2023-07-25 16:18:13,364 - epoch:25, training loss:0.3267 validation loss:0.2205
Updating learning rate to 6.648061133464466e-06
Updating learning rate to 6.648061133464466e-06
train 8209
vs, vt 0.21997066180814395 0.20939460904760795
2023-07-25 16:18:51,327 - epoch:26, training loss:0.3263 validation loss:0.2200
Updating learning rate to 3.7673696861296922e-06
Updating learning rate to 3.7673696861296922e-06
train 8209
vs, vt 0.2204506959427487 0.20950726995413954
2023-07-25 16:19:28,424 - epoch:27, training loss:0.3244 validation loss:0.2205
Updating learning rate to 1.6777347836274343e-06
Updating learning rate to 1.6777347836274343e-06
train 8209
vs, vt 0.2202313400127671 0.20965164865959773
2023-07-25 16:20:03,953 - epoch:28, training loss:0.3249 validation loss:0.2202
Updating learning rate to 4.1491065849575754e-07
Updating learning rate to 4.1491065849575754e-07
train 8209
vs, vt 0.22030677240003238 0.20979162136262114
2023-07-25 16:20:41,469 - epoch:29, training loss:0.3248 validation loss:0.2203
Updating learning rate to 5.045816366600914e-10
Updating learning rate to 5.045816366600914e-10
check exp/ECL-PatchTST2023-07-25-16:00:56.925080/0/0.2093_epoch_5.pkl  &  0.208620988171209
2023-07-25 16:20:47,119 - [*] loss:0.2870
2023-07-25 16:20:47,122 - [*] phase 0, testing
2023-07-25 16:20:47,162 - T:96	MAE	0.344482	RMSE	0.287074	MAPE	138.539660
2023-07-25 16:20:47,163 - 96	mae	0.3445	
2023-07-25 16:20:47,163 - 96	rmse	0.2871	
2023-07-25 16:20:47,163 - 96	mape	138.5397	
2023-07-25 16:20:52,465 - [*] loss:0.2759
2023-07-25 16:20:52,468 - [*] phase 0, testing
2023-07-25 16:20:52,506 - T:96	MAE	0.333727	RMSE	0.276244	MAPE	134.888756
2023-07-25 16:20:52,507 - 96	mae	0.3337	
2023-07-25 16:20:52,507 - 96	rmse	0.2762	
2023-07-25 16:20:52,507 - 96	mape	134.8888	
