2023-07-25 11:54:46,666 - logger name:exp/ECL-PatchTST2023-07-25-11:54:46.665776/ECL-PatchTST.log
2023-07-25 11:54:46,666 - params : {'conf': 'ECL-PatchTST', 'data_name': 'ETTh2', 'iteration': 1, 'load': True, 'build_graph': False, 'grad_norm': False, 'root_path': '', 'exp_path': 'exp/', 'val_test_mix': False, 'pred_len': 96, 'noise_rate': 0.1, 'device': device(type='cuda', index=1), 'test_model_path': '/Disk/fhyega/code/BASE/exp/ECL-PatchTST2023-07-23-21:59:42.618606/0/0.0379_epoch_25.pkl', 'idx': -1, 'aligner': 1, 'refiner': 0, 'enhance': 0, 'seed': 2022, 'batch_size': 128, '/* model related args*/': '//', 'model_name': 'PatchTST', 'seq_len': 336, 'label_len': 48, 'features': 'M', 'target': 'OT', 'graph_input': False, 'individual': False, 'e_layers': 3, 'd_layers': 1, 'factor': 1, 'n_heads': 16, 'd_model': 128, 'd_ff': 256, 'dropout': 0.2, 'fc_dropout': 0.2, 'head_dropout': 0.0, 'patch_len': 16, 'stride': 8, 'des': 'Exp', 'padding_patch': 'end', 'revin': 1, 'affine': 0, 'subtract_last': 0, 'decomposition': 0, 'kernel_size': 25, 'output_attention': 0, 'embed_type': 0, 'activation': 'gelu', 'lradj': 'TST', 'distil': 1, 'linear_output': 1, 'pct_start': 0.2, '/*train related args*/': '//', 'train': True, 'epoch': 30, 'lr': 0.0001, 'loss': 'mse', '/*dataset related args*/': '//', 'save_data_path': 'data/ECL/', 'data_process': True, 'embed': 'timeF', 'freq': 'h', 'begin_phase': 0, 'end_phase': 1, 'phase_len': 26304, 'val_ratio': 0.33, 'graph_size': 321, '/*strategy related args*/': '//', 'strategy': 'incremental', 'increase': False, 'detect': False, 'detect_strategy': 'feature', 'replay': False, 'replay_strategy': 'random', 'repaly_num_samples': 100, 'ewc': False, 'ewc_strategy': 'ewc', 'ewc_lambda': 0.0001, 'subgraph_train': False, 'num_hops': 2, 'logname': 'ECL-PatchTST', 'time': '2023-07-25-11:54:46.665776', 'path': 'exp/ECL-PatchTST2023-07-25-11:54:46.665776', 'num_workers': 4, 'start_train': 0, 'train_mode': 'pretrain', 'get_score': False, 'use_cm': True, 'logger': <Logger __main__ (INFO)>}
2023-07-25 11:54:46,666 - [*] phase 0 start training
0 26304
train 8209
val 2785
test 2785
2023-07-25 11:54:46,854 - [*] phase 0 Dataset load!
2023-07-25 11:54:47,794 - [*] phase 0 Training start
train 8209
2023-07-25 11:54:59,727 - epoch:0, training loss:0.6264 validation loss:0.2941
train 8209
vs, vt 0.2941044508056207 0.29733923890373926
Updating learning rate to 1.0463629820836433e-05
Updating learning rate to 1.0463629820836433e-05
train 8209
vs, vt 0.24180069159377704 0.24764945967630905
2023-07-25 11:55:46,803 - epoch:1, training loss:0.7217 validation loss:0.2418
Updating learning rate to 2.8113748014145436e-05
Updating learning rate to 2.8113748014145436e-05
train 8209
vs, vt 0.21995759044181218 0.2242730168456381
2023-07-25 11:56:29,307 - epoch:2, training loss:0.6250 validation loss:0.2200
Updating learning rate to 5.219686165094539e-05
Updating learning rate to 5.219686165094539e-05
train 8209
vs, vt 0.21529976955868982 0.21903174539858644
2023-07-25 11:57:09,939 - epoch:3, training loss:0.5716 validation loss:0.2153
Updating learning rate to 7.622695691951079e-05
Updating learning rate to 7.622695691951079e-05
train 8209
vs, vt 0.20985761826688593 0.21388285539366983
2023-07-25 11:57:50,888 - epoch:4, training loss:0.5403 validation loss:0.2099
Updating learning rate to 9.373229880419829e-05
Updating learning rate to 9.373229880419829e-05
train 8209
vs, vt 0.21170392869548363 0.21658369526267052
2023-07-25 11:58:31,875 - epoch:5, training loss:0.5197 validation loss:0.2117
Updating learning rate to 9.999989541836333e-05
Updating learning rate to 9.999989541836333e-05
train 8209
vs, vt 0.21160214360464702 0.21851116622036154
2023-07-25 11:59:14,877 - epoch:6, training loss:0.4932 validation loss:0.2116
Updating learning rate to 9.955879284407972e-05
Updating learning rate to 9.955879284407972e-05
train 8209
vs, vt 0.21821115199815144 0.2098163589835167
2023-07-25 11:59:56,303 - epoch:7, training loss:0.4727 validation loss:0.2182
Updating learning rate to 9.826972900599613e-05
Updating learning rate to 9.826972900599613e-05
train 8209
vs, vt 0.2134307362139225 0.2115455987778577
2023-07-25 12:00:38,847 - epoch:8, training loss:0.9931 validation loss:0.2134
Updating learning rate to 9.615476014377818e-05
Updating learning rate to 9.615476014377818e-05
train 8209
vs, vt 0.21628126874566078 0.20766121386127037
2023-07-25 12:01:20,286 - epoch:9, training loss:0.7107 validation loss:0.2163
Updating learning rate to 9.325007396103859e-05
Updating learning rate to 9.325007396103859e-05
train 8209
vs, vt 0.22217084636742418 0.2072696861895648
2023-07-25 12:02:02,073 - epoch:10, training loss:0.6758 validation loss:0.2222
Updating learning rate to 8.960537044369518e-05
Updating learning rate to 8.960537044369518e-05
train 8209
vs, vt 0.21563167768445882 0.2082583074542609
2023-07-25 12:02:42,614 - epoch:11, training loss:0.6555 validation loss:0.2156
Updating learning rate to 8.528301147943237e-05
Updating learning rate to 8.528301147943237e-05
train 8209
vs, vt 0.22040340372107245 0.209261780096726
2023-07-25 12:03:23,794 - epoch:12, training loss:0.6387 validation loss:0.2204
Updating learning rate to 8.035695382851308e-05
Updating learning rate to 8.035695382851308e-05
train 8209
vs, vt 0.2217950536446138 0.2082031802697615
2023-07-25 12:04:04,574 - epoch:13, training loss:0.6247 validation loss:0.2218
Updating learning rate to 7.49114837031057e-05
Updating learning rate to 7.49114837031057e-05
train 8209
vs, vt 0.21984636038541794 0.21044870059598575
2023-07-25 12:04:45,930 - epoch:14, training loss:0.6133 validation loss:0.2198
Updating learning rate to 6.90397746068255e-05
Updating learning rate to 6.90397746068255e-05
train 8209
vs, vt 0.22309946471994574 0.21046642552722583
2023-07-25 12:05:27,171 - epoch:15, training loss:0.6033 validation loss:0.2231
Updating learning rate to 6.284229311025519e-05
Updating learning rate to 6.284229311025519e-05
train 8209
vs, vt 0.22016939927231183 0.21152788400650024
2023-07-25 12:06:07,070 - epoch:16, training loss:0.5954 validation loss:0.2202
Updating learning rate to 5.642507984006751e-05
Updating learning rate to 5.642507984006751e-05
train 8209
vs, vt 0.22016560591079973 0.2117816819386049
2023-07-25 12:06:47,686 - epoch:17, training loss:0.5895 validation loss:0.2202
Updating learning rate to 4.989793509450307e-05
Updating learning rate to 4.989793509450307e-05
train 8209
vs, vt 0.22085762938315218 0.2106213535774838
2023-07-25 12:07:28,838 - epoch:18, training loss:0.5837 validation loss:0.2209
Updating learning rate to 4.337254012982485e-05
Updating learning rate to 4.337254012982485e-05
train 8209
vs, vt 0.21684249422766946 0.21323082494464787
2023-07-25 12:08:10,073 - epoch:19, training loss:0.5795 validation loss:0.2168
Updating learning rate to 3.696054626305981e-05
Updating learning rate to 3.696054626305981e-05
train 8209
vs, vt 0.2228669449687004 0.21082605116746642
2023-07-25 12:08:49,987 - epoch:20, training loss:0.5742 validation loss:0.2229
Updating learning rate to 3.0771664487008854e-05
Updating learning rate to 3.0771664487008854e-05
train 8209
vs, vt 0.21928215771913528 0.21032255650921303
2023-07-25 12:09:30,730 - epoch:21, training loss:0.5734 validation loss:0.2193
Updating learning rate to 2.491178828474237e-05
Updating learning rate to 2.491178828474237e-05
train 8209
vs, vt 0.218061625957489 0.21213587271896275
2023-07-25 12:10:11,284 - epoch:22, training loss:0.5680 validation loss:0.2181
Updating learning rate to 1.9481181762745777e-05
Updating learning rate to 1.9481181762745777e-05
train 8209
vs, vt 0.2187735868448561 0.20999614318663423
2023-07-25 12:10:53,071 - epoch:23, training loss:0.5688 validation loss:0.2188
Updating learning rate to 1.4572764104259043e-05
Updating learning rate to 1.4572764104259043e-05
train 8209
vs, vt 0.21892744878476317 0.21080948039889336
2023-07-25 12:11:33,658 - epoch:24, training loss:0.5658 validation loss:0.2189
Updating learning rate to 1.0270519696289322e-05
Updating learning rate to 1.0270519696289322e-05
train 8209
vs, vt 0.21939207952130924 0.21093201264739037
2023-07-25 12:12:16,051 - epoch:25, training loss:0.5642 validation loss:0.2194
Updating learning rate to 6.648061133464466e-06
Updating learning rate to 6.648061133464466e-06
train 8209
vs, vt 0.21919918636029417 0.21204762194644322
2023-07-25 12:12:55,858 - epoch:26, training loss:0.5643 validation loss:0.2192
Updating learning rate to 3.7673696861296922e-06
Updating learning rate to 3.7673696861296922e-06
train 8209
vs, vt 0.2194512662562457 0.21155098283832724
2023-07-25 12:13:38,193 - epoch:27, training loss:0.5626 validation loss:0.2195
Updating learning rate to 1.6777347836274343e-06
Updating learning rate to 1.6777347836274343e-06
train 8209
vs, vt 0.21910428458994086 0.2114996605298736
2023-07-25 12:14:20,552 - epoch:28, training loss:0.5626 validation loss:0.2191
Updating learning rate to 4.1491065849575754e-07
Updating learning rate to 4.1491065849575754e-07
train 8209
vs, vt 0.2193665893917734 0.21153809028592976
2023-07-25 12:15:03,785 - epoch:29, training loss:0.5615 validation loss:0.2194
Updating learning rate to 5.045816366600914e-10
Updating learning rate to 5.045816366600914e-10
2023-07-25 12:15:08,266 - [*] loss:0.2820
2023-07-25 12:15:08,271 - [*] phase 0, testing
2023-07-25 12:15:08,318 - T:96	MAE	0.341374	RMSE	0.282176	MAPE	137.984967
2023-07-25 12:15:08,319 - 96	mae	0.3414	
2023-07-25 12:15:08,319 - 96	rmse	0.2822	
2023-07-25 12:15:08,319 - 96	mape	137.9850	
2023-07-25 12:15:13,846 - [*] loss:0.2920
2023-07-25 12:15:13,849 - [*] phase 0, testing
2023-07-25 12:15:13,890 - T:96	MAE	0.345412	RMSE	0.291789	MAPE	134.854329
2023-07-25 12:15:13,891 - 96	mae	0.3454	
2023-07-25 12:15:13,891 - 96	rmse	0.2918	
2023-07-25 12:15:13,891 - 96	mape	134.8543	
