2023-07-25 06:02:19,613 - logger name:exp/ECL-PatchTST2023-07-25-06:02:19.613037/ECL-PatchTST.log
2023-07-25 06:02:19,613 - params : {'conf': 'ECL-PatchTST', 'data_name': 'ETTh2', 'iteration': 1, 'load': True, 'build_graph': False, 'grad_norm': False, 'root_path': '', 'exp_path': 'exp/', 'val_test_mix': False, 'pred_len': 96, 'noise_rate': 0.1, 'device': device(type='cuda', index=1), 'test_model_path': '/Disk/fhyega/code/BASE/exp/ECL-PatchTST2023-07-23-21:59:42.618606/0/0.0379_epoch_25.pkl', 'idx': -1, 'aligner': 0, 'refiner': 0, 'enhance': 0, 'seed': 2023, '/* model related args*/': '//', 'model_name': 'PatchTST', 'seq_len': 336, 'label_len': 48, 'features': 'M', 'target': 'OT', 'graph_input': False, 'individual': False, 'e_layers': 3, 'd_layers': 1, 'factor': 1, 'n_heads': 16, 'd_model': 128, 'd_ff': 256, 'dropout': 0.2, 'fc_dropout': 0.2, 'head_dropout': 0.0, 'patch_len': 16, 'stride': 8, 'des': 'Exp', 'padding_patch': 'end', 'revin': 1, 'affine': 0, 'subtract_last': 0, 'decomposition': 0, 'kernel_size': 25, 'output_attention': 0, 'embed_type': 0, 'activation': 'gelu', 'lradj': 'TST', 'distil': 1, 'linear_output': 1, 'pct_start': 0.2, '/*train related args*/': '//', 'train': True, 'epoch': 30, 'batch_size': 128, 'lr': 0.0001, 'loss': 'mse', '/*dataset related args*/': '//', 'save_data_path': 'data/ECL/', 'data_process': True, 'embed': 'timeF', 'freq': 'h', 'begin_phase': 0, 'end_phase': 1, 'phase_len': 26304, 'val_ratio': 0.33, 'graph_size': 321, '/*strategy related args*/': '//', 'strategy': 'incremental', 'increase': False, 'detect': False, 'detect_strategy': 'feature', 'replay': False, 'replay_strategy': 'random', 'repaly_num_samples': 100, 'ewc': False, 'ewc_strategy': 'ewc', 'ewc_lambda': 0.0001, 'subgraph_train': False, 'num_hops': 2, 'logname': 'ECL-PatchTST', 'time': '2023-07-25-06:02:19.613037', 'path': 'exp/ECL-PatchTST2023-07-25-06:02:19.613037', 'num_workers': 4, 'start_train': 0, 'train_mode': 'pretrain', 'get_score': False, 'use_cm': True, 'logger': <Logger __main__ (INFO)>}
2023-07-25 06:02:19,614 - [*] phase 0 start training
0 26304
train 8209
val 2785
test 2785
2023-07-25 06:02:19,817 - [*] phase 0 Dataset load!
2023-07-25 06:02:20,822 - [*] phase 0 Training start
train 8209
2023-07-25 06:02:47,888 - epoch:0, training loss:0.6270 validation loss:0.2959
train 8209
vs, vt 0.2959458042274822 0.29603882337158377
Updating learning rate to 1.0463629820836433e-05
Updating learning rate to 1.0463629820836433e-05
train 8209
vs, vt 0.2403693456541408 0.24775709787553007
2023-07-25 06:03:37,893 - epoch:1, training loss:0.7205 validation loss:0.2404
Updating learning rate to 2.8113748014145436e-05
Updating learning rate to 2.8113748014145436e-05
train 8209
vs, vt 0.21838854558088563 0.22254624556411395
2023-07-25 06:04:17,596 - epoch:2, training loss:0.6236 validation loss:0.2184
Updating learning rate to 5.219686165094539e-05
Updating learning rate to 5.219686165094539e-05
train 8209
vs, vt 0.21384959295392036 0.2157664563168179
2023-07-25 06:04:54,449 - epoch:3, training loss:0.5720 validation loss:0.2138
Updating learning rate to 7.622695691951079e-05
Updating learning rate to 7.622695691951079e-05
train 8209
vs, vt 0.21137802065773445 0.21842041984200478
2023-07-25 06:05:29,267 - epoch:4, training loss:0.5435 validation loss:0.2114
Updating learning rate to 9.373229880419829e-05
Updating learning rate to 9.373229880419829e-05
train 8209
vs, vt 0.20933988317847252 0.22013581916689873
2023-07-25 06:06:02,188 - epoch:5, training loss:0.5252 validation loss:0.2093
Updating learning rate to 9.999989541836333e-05
Updating learning rate to 9.999989541836333e-05
train 8209
vs, vt 0.21194648234681648 0.21815481409430504
2023-07-25 06:06:35,607 - epoch:6, training loss:0.5030 validation loss:0.2119
Updating learning rate to 9.955879284407972e-05
Updating learning rate to 9.955879284407972e-05
train 8209
vs, vt 0.21551183645020833 0.21595146507024765
2023-07-25 06:07:12,678 - epoch:7, training loss:0.4803 validation loss:0.2155
Updating learning rate to 9.826972900599613e-05
Updating learning rate to 9.826972900599613e-05
train 8209
vs, vt 0.21874131160703572 0.20834325457161124
2023-07-25 06:07:51,892 - epoch:8, training loss:0.4651 validation loss:0.2187
Updating learning rate to 9.615476014377818e-05
Updating learning rate to 9.615476014377818e-05
train 8209
vs, vt 0.22269253094087949 0.20752868056297302
2023-07-25 06:08:28,698 - epoch:9, training loss:0.4515 validation loss:0.2227
Updating learning rate to 9.325007396103859e-05
Updating learning rate to 9.325007396103859e-05
train 8209
vs, vt 0.22027399323203348 0.20960541645234282
2023-07-25 06:09:03,919 - epoch:10, training loss:0.4388 validation loss:0.2203
Updating learning rate to 8.960537044369518e-05
Updating learning rate to 8.960537044369518e-05
train 8209
vs, vt 0.21745659885081378 0.21011753888292747
2023-07-25 06:09:36,364 - epoch:11, training loss:0.4265 validation loss:0.2175
Updating learning rate to 8.528301147943237e-05
Updating learning rate to 8.528301147943237e-05
train 8209
vs, vt 0.21928063949400728 0.21036852930079808
2023-07-25 06:10:10,842 - epoch:12, training loss:0.4187 validation loss:0.2193
Updating learning rate to 8.035695382851308e-05
Updating learning rate to 8.035695382851308e-05
train 8209
vs, vt 0.21949389746243303 0.2083581086586822
2023-07-25 06:10:45,852 - epoch:13, training loss:0.4090 validation loss:0.2195
Updating learning rate to 7.49114837031057e-05
Updating learning rate to 7.49114837031057e-05
train 8209
vs, vt 0.22085284678773445 0.2089863053777001
2023-07-25 06:11:24,052 - epoch:14, training loss:0.4043 validation loss:0.2209
Updating learning rate to 6.90397746068255e-05
Updating learning rate to 6.90397746068255e-05
train 8209
vs, vt 0.2207867123863914 0.20944568853486667
2023-07-25 06:12:01,311 - epoch:15, training loss:0.4006 validation loss:0.2208
Updating learning rate to 6.284229311025519e-05
Updating learning rate to 6.284229311025519e-05
train 8209
vs, vt 0.22057695652950893 0.20929012989456003
2023-07-25 06:12:36,531 - epoch:16, training loss:0.3957 validation loss:0.2206
Updating learning rate to 5.642507984006751e-05
Updating learning rate to 5.642507984006751e-05
train 8209
vs, vt 0.21819617971777916 0.21031341193751854
2023-07-25 06:13:12,550 - epoch:17, training loss:0.3912 validation loss:0.2182
Updating learning rate to 4.989793509450307e-05
Updating learning rate to 4.989793509450307e-05
train 8209
vs, vt 0.21898756311698395 0.2074814374473962
2023-07-25 06:13:46,755 - epoch:18, training loss:0.3874 validation loss:0.2190
Updating learning rate to 4.337254012982485e-05
Updating learning rate to 4.337254012982485e-05
train 8209
vs, vt 0.22117041728713296 0.20844607461582532
2023-07-25 06:14:23,043 - epoch:19, training loss:0.3837 validation loss:0.2212
Updating learning rate to 3.696054626305981e-05
Updating learning rate to 3.696054626305981e-05
train 8209
vs, vt 0.21975669874386353 0.2106691033325412
2023-07-25 06:15:01,772 - epoch:20, training loss:0.3843 validation loss:0.2198
Updating learning rate to 3.0771664487008854e-05
Updating learning rate to 3.0771664487008854e-05
train 8209
vs, vt 0.21994249454953455 0.20952428741888565
2023-07-25 06:15:37,091 - epoch:21, training loss:0.3821 validation loss:0.2199
Updating learning rate to 2.491178828474237e-05
Updating learning rate to 2.491178828474237e-05
train 8209
vs, vt 0.22007823498411613 0.2100477096709338
2023-07-25 06:16:13,444 - epoch:22, training loss:0.3787 validation loss:0.2201
Updating learning rate to 1.9481181762745777e-05
Updating learning rate to 1.9481181762745777e-05
train 8209
vs, vt 0.21954246508804234 0.2090470144017176
2023-07-25 06:16:51,258 - epoch:23, training loss:0.3781 validation loss:0.2195
Updating learning rate to 1.4572764104259043e-05
Updating learning rate to 1.4572764104259043e-05
train 8209
vs, vt 0.21917710927399722 0.20788618956099858
2023-07-25 06:17:28,653 - epoch:24, training loss:0.3779 validation loss:0.2192
Updating learning rate to 1.0270519696289322e-05
Updating learning rate to 1.0270519696289322e-05
train 8209
vs, vt 0.21933735703880136 0.2092733450911262
2023-07-25 06:18:06,100 - epoch:25, training loss:0.3749 validation loss:0.2193
Updating learning rate to 6.648061133464466e-06
Updating learning rate to 6.648061133464466e-06
train 8209
vs, vt 0.21936829726804385 0.20921658927744086
2023-07-25 06:18:41,259 - epoch:26, training loss:0.3763 validation loss:0.2194
Updating learning rate to 3.7673696861296922e-06
Updating learning rate to 3.7673696861296922e-06
train 8209
vs, vt 0.21924769099463115 0.20861586284908382
2023-07-25 06:19:18,273 - epoch:27, training loss:0.3747 validation loss:0.2192
Updating learning rate to 1.6777347836274343e-06
Updating learning rate to 1.6777347836274343e-06
train 8209
vs, vt 0.21933409876444124 0.20902798494154756
2023-07-25 06:19:57,079 - epoch:28, training loss:0.3736 validation loss:0.2193
Updating learning rate to 4.1491065849575754e-07
Updating learning rate to 4.1491065849575754e-07
train 8209
vs, vt 0.21924277903004127 0.20902126654982567
2023-07-25 06:20:34,864 - epoch:29, training loss:0.3747 validation loss:0.2192
Updating learning rate to 5.045816366600914e-10
Updating learning rate to 5.045816366600914e-10
2023-07-25 06:20:38,889 - [*] loss:0.2896
2023-07-25 06:20:38,893 - [*] phase 0, testing
2023-07-25 06:20:38,936 - T:96	MAE	0.347050	RMSE	0.289490	MAPE	140.191102
2023-07-25 06:20:38,937 - 96	mae	0.3471	
2023-07-25 06:20:38,938 - 96	rmse	0.2895	
2023-07-25 06:20:38,938 - 96	mape	140.1911	
2023-07-25 06:20:43,722 - [*] loss:0.3031
2023-07-25 06:20:43,725 - [*] phase 0, testing
2023-07-25 06:20:43,767 - T:96	MAE	0.350314	RMSE	0.302508	MAPE	134.417725
2023-07-25 06:20:43,768 - 96	mae	0.3503	
2023-07-25 06:20:43,768 - 96	rmse	0.3025	
2023-07-25 06:20:43,768 - 96	mape	134.4177	
