2023-07-25 04:57:04,531 - logger name:exp/ECL-PatchTST2023-07-25-04:57:04.531179/ECL-PatchTST.log
2023-07-25 04:57:04,531 - params : {'conf': 'ECL-PatchTST', 'data_name': 'ETTh2', 'iteration': 1, 'load': True, 'build_graph': False, 'grad_norm': False, 'root_path': '', 'exp_path': 'exp/', 'val_test_mix': False, 'pred_len': 96, 'noise_rate': 0.1, 'device': device(type='cuda', index=1), 'test_model_path': '/Disk/fhyega/code/BASE/exp/ECL-PatchTST2023-07-23-21:59:42.618606/0/0.0379_epoch_25.pkl', 'idx': -1, 'aligner': 0, 'refiner': 1, 'enhance': 1, 'seed': 2023, '/* model related args*/': '//', 'model_name': 'PatchTST', 'seq_len': 336, 'label_len': 48, 'features': 'M', 'target': 'OT', 'graph_input': False, 'individual': False, 'e_layers': 3, 'd_layers': 1, 'factor': 1, 'n_heads': 16, 'd_model': 128, 'd_ff': 256, 'dropout': 0.2, 'fc_dropout': 0.2, 'head_dropout': 0.0, 'patch_len': 16, 'stride': 8, 'des': 'Exp', 'padding_patch': 'end', 'revin': 1, 'affine': 0, 'subtract_last': 0, 'decomposition': 0, 'kernel_size': 25, 'output_attention': 0, 'embed_type': 0, 'activation': 'gelu', 'lradj': 'TST', 'distil': 1, 'linear_output': 1, 'pct_start': 0.2, '/*train related args*/': '//', 'train': True, 'epoch': 30, 'batch_size': 128, 'lr': 0.0001, 'loss': 'mse', '/*dataset related args*/': '//', 'save_data_path': 'data/ECL/', 'data_process': True, 'embed': 'timeF', 'freq': 'h', 'begin_phase': 0, 'end_phase': 1, 'phase_len': 26304, 'val_ratio': 0.33, 'graph_size': 321, '/*strategy related args*/': '//', 'strategy': 'incremental', 'increase': False, 'detect': False, 'detect_strategy': 'feature', 'replay': False, 'replay_strategy': 'random', 'repaly_num_samples': 100, 'ewc': False, 'ewc_strategy': 'ewc', 'ewc_lambda': 0.0001, 'subgraph_train': False, 'num_hops': 2, 'logname': 'ECL-PatchTST', 'time': '2023-07-25-04:57:04.531179', 'path': 'exp/ECL-PatchTST2023-07-25-04:57:04.531179', 'num_workers': 4, 'start_train': 0, 'train_mode': 'pretrain', 'get_score': False, 'use_cm': True, 'logger': <Logger __main__ (INFO)>}
2023-07-25 04:57:04,532 - [*] phase 0 start training
0 26304
train 8209
val 2785
test 2785
2023-07-25 04:57:04,756 - [*] phase 0 Dataset load!
2023-07-25 04:57:05,943 - [*] phase 0 Training start
train 8209
2023-07-25 04:57:32,010 - epoch:0, training loss:0.6271 validation loss:0.2960
train 8209
vs, vt 0.2960200756788254 0.2961532703854821
Updating learning rate to 1.0463629820836433e-05
Updating learning rate to 1.0463629820836433e-05
train 8209
vs, vt 0.2402984005483714 0.24392717534845526
2023-07-25 04:58:35,165 - epoch:1, training loss:0.9658 validation loss:0.2403
Updating learning rate to 2.8113748014145436e-05
Updating learning rate to 2.8113748014145436e-05
train 8209
vs, vt 0.21900711039250548 0.22124221243641592
2023-07-25 04:59:21,577 - epoch:2, training loss:0.7437 validation loss:0.2190
Updating learning rate to 5.219686165094539e-05
Updating learning rate to 5.219686165094539e-05
train 8209
vs, vt 0.21396571871909228 0.21775668216022578
2023-07-25 05:00:13,103 - epoch:3, training loss:0.6242 validation loss:0.2140
Updating learning rate to 7.622695691951079e-05
Updating learning rate to 7.622695691951079e-05
train 8209
vs, vt 0.21397981216961687 0.2181525013663552
2023-07-25 05:00:59,802 - epoch:4, training loss:0.5841 validation loss:0.2140
Updating learning rate to 9.373229880419829e-05
Updating learning rate to 9.373229880419829e-05
train 8209
vs, vt 0.2139651704240929 0.22260367091406474
2023-07-25 05:01:50,525 - epoch:5, training loss:0.5564 validation loss:0.2140
Updating learning rate to 9.999989541836333e-05
Updating learning rate to 9.999989541836333e-05
train 8209
vs, vt 0.21437032385305924 0.22027769176797432
2023-07-25 05:02:41,401 - epoch:6, training loss:0.5321 validation loss:0.2144
Updating learning rate to 9.955879284407972e-05
Updating learning rate to 9.955879284407972e-05
train 8209
vs, vt 0.21430648389187726 0.22774653576991774
2023-07-25 05:03:31,325 - epoch:7, training loss:0.5093 validation loss:0.2143
Updating learning rate to 9.826972900599613e-05
Updating learning rate to 9.826972900599613e-05
train 8209
vs, vt 0.21722302755171602 0.21849665248935873
2023-07-25 05:04:19,748 - epoch:8, training loss:0.4891 validation loss:0.2172
Updating learning rate to 9.615476014377818e-05
Updating learning rate to 9.615476014377818e-05
train 8209
vs, vt 0.219724004580216 0.21676249192519623
2023-07-25 05:05:06,524 - epoch:9, training loss:0.4774 validation loss:0.2197
Updating learning rate to 9.325007396103859e-05
Updating learning rate to 9.325007396103859e-05
train 8209
vs, vt 0.21704365854913538 0.21494438702409918
2023-07-25 05:05:54,449 - epoch:10, training loss:0.4652 validation loss:0.2170
Updating learning rate to 8.960537044369518e-05
Updating learning rate to 8.960537044369518e-05
train 8209
vs, vt 0.21714275973764333 0.21013022112575444
2023-07-25 05:06:45,113 - epoch:11, training loss:0.4524 validation loss:0.2171
Updating learning rate to 8.528301147943237e-05
Updating learning rate to 8.528301147943237e-05
train 8209
vs, vt 0.21939082477580418 0.2107568464495919
2023-07-25 05:07:35,830 - epoch:12, training loss:0.4446 validation loss:0.2194
Updating learning rate to 8.035695382851308e-05
Updating learning rate to 8.035695382851308e-05
train 8209
vs, vt 0.21857115897265347 0.20924983681602913
2023-07-25 05:08:26,124 - epoch:13, training loss:0.4343 validation loss:0.2186
Updating learning rate to 7.49114837031057e-05
Updating learning rate to 7.49114837031057e-05
train 8209
vs, vt 0.21733743561939758 0.21027898754585872
2023-07-25 05:09:14,703 - epoch:14, training loss:0.4261 validation loss:0.2173
Updating learning rate to 6.90397746068255e-05
Updating learning rate to 6.90397746068255e-05
train 8209
vs, vt 0.21692622927102176 0.20706277747045865
2023-07-25 05:10:01,044 - epoch:15, training loss:0.4201 validation loss:0.2169
Updating learning rate to 6.284229311025519e-05
Updating learning rate to 6.284229311025519e-05
train 8209
vs, vt 0.21744255586103958 0.2097496563060717
2023-07-25 05:10:49,830 - epoch:16, training loss:0.4151 validation loss:0.2174
Updating learning rate to 5.642507984006751e-05
Updating learning rate to 5.642507984006751e-05
train 8209
vs, vt 0.21879058805379 0.20830250294371086
2023-07-25 05:11:38,364 - epoch:17, training loss:0.4112 validation loss:0.2188
Updating learning rate to 4.989793509450307e-05
Updating learning rate to 4.989793509450307e-05
train 8209
vs, vt 0.2197362215004184 0.2116875279356133
2023-07-25 05:12:29,475 - epoch:18, training loss:0.4074 validation loss:0.2197
Updating learning rate to 4.337254012982485e-05
Updating learning rate to 4.337254012982485e-05
train 8209
vs, vt 0.22011525387113745 0.21233772418715738
2023-07-25 05:13:20,681 - epoch:19, training loss:0.4030 validation loss:0.2201
Updating learning rate to 3.696054626305981e-05
Updating learning rate to 3.696054626305981e-05
train 8209
vs, vt 0.21986279128627342 0.210264593701471
2023-07-25 05:14:10,223 - epoch:20, training loss:0.4012 validation loss:0.2199
Updating learning rate to 3.0771664487008854e-05
Updating learning rate to 3.0771664487008854e-05
train 8209
vs, vt 0.2190057493068955 0.2127502462403341
2023-07-25 05:14:59,656 - epoch:21, training loss:0.3976 validation loss:0.2190
Updating learning rate to 2.491178828474237e-05
Updating learning rate to 2.491178828474237e-05
train 8209
vs, vt 0.2192401411858472 0.21124667471105402
2023-07-25 05:15:45,608 - epoch:22, training loss:0.3951 validation loss:0.2192
Updating learning rate to 1.9481181762745777e-05
Updating learning rate to 1.9481181762745777e-05
train 8209
vs, vt 0.21989481726830656 0.2143323580649766
2023-07-25 05:16:35,995 - epoch:23, training loss:0.3939 validation loss:0.2199
Updating learning rate to 1.4572764104259043e-05
Updating learning rate to 1.4572764104259043e-05
train 8209
vs, vt 0.2197631306268952 0.2105323032222011
2023-07-25 05:17:26,666 - epoch:24, training loss:0.3927 validation loss:0.2198
Updating learning rate to 1.0270519696289322e-05
Updating learning rate to 1.0270519696289322e-05
train 8209
vs, vt 0.21961921792138706 0.21111489527604796
2023-07-25 05:18:17,636 - epoch:25, training loss:0.3919 validation loss:0.2196
Updating learning rate to 6.648061133464466e-06
Updating learning rate to 6.648061133464466e-06
train 8209
vs, vt 0.21978171745484526 0.21199872615662488
2023-07-25 05:19:09,846 - epoch:26, training loss:0.3904 validation loss:0.2198
Updating learning rate to 3.7673696861296922e-06
Updating learning rate to 3.7673696861296922e-06
train 8209
vs, vt 0.21971167420799081 0.21107656305486505
2023-07-25 05:19:59,749 - epoch:27, training loss:0.3898 validation loss:0.2197
Updating learning rate to 1.6777347836274343e-06
Updating learning rate to 1.6777347836274343e-06
train 8209
vs, vt 0.21970036591995845 0.2114961679008874
2023-07-25 05:20:50,322 - epoch:28, training loss:0.3904 validation loss:0.2197
Updating learning rate to 4.1491065849575754e-07
Updating learning rate to 4.1491065849575754e-07
train 8209
vs, vt 0.21917696568098935 0.21169126914306122
2023-07-25 05:21:41,221 - epoch:29, training loss:0.3900 validation loss:0.2192
Updating learning rate to 5.045816366600914e-10
Updating learning rate to 5.045816366600914e-10
2023-07-25 05:21:46,667 - [*] loss:0.2871
2023-07-25 05:21:46,671 - [*] phase 0, testing
2023-07-25 05:21:46,711 - T:96	MAE	0.347597	RMSE	0.286891	MAPE	141.968882
2023-07-25 05:21:46,713 - 96	mae	0.3476	
2023-07-25 05:21:46,713 - 96	rmse	0.2869	
2023-07-25 05:21:46,713 - 96	mape	141.9689	
2023-07-25 05:21:50,791 - [*] loss:0.2971
2023-07-25 05:21:50,795 - [*] phase 0, testing
2023-07-25 05:21:50,834 - T:96	MAE	0.345824	RMSE	0.297291	MAPE	135.798824
2023-07-25 05:21:50,845 - 96	mae	0.3458	
2023-07-25 05:21:50,845 - 96	rmse	0.2973	
2023-07-25 05:21:50,845 - 96	mape	135.7988	
