2023-07-25 05:43:52,070 - logger name:exp/ECL-PatchTST2023-07-25-05:43:52.069501/ECL-PatchTST.log
2023-07-25 05:43:52,070 - params : {'conf': 'ECL-PatchTST', 'data_name': 'ETTh2', 'iteration': 1, 'load': True, 'build_graph': False, 'grad_norm': False, 'root_path': '', 'exp_path': 'exp/', 'val_test_mix': False, 'pred_len': 96, 'noise_rate': 0.1, 'device': device(type='cuda', index=1), 'test_model_path': '/Disk/fhyega/code/BASE/exp/ECL-PatchTST2023-07-23-21:59:42.618606/0/0.0379_epoch_25.pkl', 'idx': -1, 'aligner': 1, 'refiner': 0, 'enhance': 0, 'seed': 2023, '/* model related args*/': '//', 'model_name': 'PatchTST', 'seq_len': 336, 'label_len': 48, 'features': 'M', 'target': 'OT', 'graph_input': False, 'individual': False, 'e_layers': 3, 'd_layers': 1, 'factor': 1, 'n_heads': 16, 'd_model': 128, 'd_ff': 256, 'dropout': 0.2, 'fc_dropout': 0.2, 'head_dropout': 0.0, 'patch_len': 16, 'stride': 8, 'des': 'Exp', 'padding_patch': 'end', 'revin': 1, 'affine': 0, 'subtract_last': 0, 'decomposition': 0, 'kernel_size': 25, 'output_attention': 0, 'embed_type': 0, 'activation': 'gelu', 'lradj': 'TST', 'distil': 1, 'linear_output': 1, 'pct_start': 0.2, '/*train related args*/': '//', 'train': True, 'epoch': 30, 'batch_size': 128, 'lr': 0.0001, 'loss': 'mse', '/*dataset related args*/': '//', 'save_data_path': 'data/ECL/', 'data_process': True, 'embed': 'timeF', 'freq': 'h', 'begin_phase': 0, 'end_phase': 1, 'phase_len': 26304, 'val_ratio': 0.33, 'graph_size': 321, '/*strategy related args*/': '//', 'strategy': 'incremental', 'increase': False, 'detect': False, 'detect_strategy': 'feature', 'replay': False, 'replay_strategy': 'random', 'repaly_num_samples': 100, 'ewc': False, 'ewc_strategy': 'ewc', 'ewc_lambda': 0.0001, 'subgraph_train': False, 'num_hops': 2, 'logname': 'ECL-PatchTST', 'time': '2023-07-25-05:43:52.069501', 'path': 'exp/ECL-PatchTST2023-07-25-05:43:52.069501', 'num_workers': 4, 'start_train': 0, 'train_mode': 'pretrain', 'get_score': False, 'use_cm': True, 'logger': <Logger __main__ (INFO)>}
2023-07-25 05:43:52,071 - [*] phase 0 start training
0 26304
train 8209
val 2785
test 2785
2023-07-25 05:43:52,298 - [*] phase 0 Dataset load!
2023-07-25 05:43:53,389 - [*] phase 0 Training start
train 8209
2023-07-25 05:44:19,591 - epoch:0, training loss:0.6270 validation loss:0.2959
train 8209
vs, vt 0.2959458042274822 0.29603882337158377
Updating learning rate to 1.0463629820836433e-05
Updating learning rate to 1.0463629820836433e-05
train 8209
vs, vt 0.2403094507753849 0.24775709787553007
2023-07-25 05:45:13,452 - epoch:1, training loss:1.2163 validation loss:0.2403
Updating learning rate to 2.8113748014145436e-05
Updating learning rate to 2.8113748014145436e-05
train 8209
vs, vt 0.21762108972126787 0.22257169573144478
2023-07-25 05:45:51,102 - epoch:2, training loss:0.9086 validation loss:0.2176
Updating learning rate to 5.219686165094539e-05
Updating learning rate to 5.219686165094539e-05
train 8209
vs, vt 0.21262440220876175 0.2152231806381182
2023-07-25 05:46:25,089 - epoch:3, training loss:0.7141 validation loss:0.2126
Updating learning rate to 7.622695691951079e-05
Updating learning rate to 7.622695691951079e-05
train 8209
vs, vt 0.213477378541773 0.21707003902305255
2023-07-25 05:46:59,685 - epoch:4, training loss:0.6438 validation loss:0.2135
Updating learning rate to 9.373229880419829e-05
Updating learning rate to 9.373229880419829e-05
train 8209
vs, vt 0.21144115958701482 0.22183128175410358
2023-07-25 05:47:34,842 - epoch:5, training loss:0.6132 validation loss:0.2114
Updating learning rate to 9.999989541836333e-05
Updating learning rate to 9.999989541836333e-05
train 8209
vs, vt 0.21154394034634938 0.2186102606356144
2023-07-25 05:48:12,345 - epoch:6, training loss:0.5904 validation loss:0.2115
Updating learning rate to 9.955879284407972e-05
Updating learning rate to 9.955879284407972e-05
train 8209
vs, vt 0.21186508915641092 0.21760442378846082
2023-07-25 05:48:50,650 - epoch:7, training loss:0.5689 validation loss:0.2119
Updating learning rate to 9.826972900599613e-05
Updating learning rate to 9.826972900599613e-05
train 8209
vs, vt 0.2104848243973472 0.21475573595274577
2023-07-25 05:49:28,758 - epoch:8, training loss:0.5500 validation loss:0.2105
Updating learning rate to 9.615476014377818e-05
Updating learning rate to 9.615476014377818e-05
train 8209
vs, vt 0.21318199891935696 0.21096812967549672
2023-07-25 05:50:02,356 - epoch:9, training loss:0.5339 validation loss:0.2132
Updating learning rate to 9.325007396103859e-05
Updating learning rate to 9.325007396103859e-05
train 8209
vs, vt 0.21387371082197537 0.2128198112953793
2023-07-25 05:50:34,620 - epoch:10, training loss:0.5204 validation loss:0.2139
Updating learning rate to 8.960537044369518e-05
Updating learning rate to 8.960537044369518e-05
train 8209
vs, vt 0.21023207327181642 0.21380952237681908
2023-07-25 05:51:10,404 - epoch:11, training loss:0.5070 validation loss:0.2102
Updating learning rate to 8.528301147943237e-05
Updating learning rate to 8.528301147943237e-05
train 8209
vs, vt 0.2148939347402616 0.20874524455178867
2023-07-25 05:51:49,557 - epoch:12, training loss:0.4984 validation loss:0.2149
Updating learning rate to 8.035695382851308e-05
Updating learning rate to 8.035695382851308e-05
train 8209
vs, vt 0.21330189196900887 0.20849701762199402
2023-07-25 05:52:27,763 - epoch:13, training loss:0.4857 validation loss:0.2133
Updating learning rate to 7.49114837031057e-05
Updating learning rate to 7.49114837031057e-05
train 8209
vs, vt 0.21680008552291177 0.20784096182747322
2023-07-25 05:53:03,618 - epoch:14, training loss:0.4797 validation loss:0.2168
Updating learning rate to 6.90397746068255e-05
Updating learning rate to 6.90397746068255e-05
train 8209
vs, vt 0.21556050364266743 0.21188966963778844
2023-07-25 05:53:38,296 - epoch:15, training loss:0.4726 validation loss:0.2156
Updating learning rate to 6.284229311025519e-05
Updating learning rate to 6.284229311025519e-05
train 8209
vs, vt 0.2152738825164058 0.21067423034798016
2023-07-25 05:54:11,188 - epoch:16, training loss:0.4660 validation loss:0.2153
Updating learning rate to 5.642507984006751e-05
Updating learning rate to 5.642507984006751e-05
train 8209
vs, vt 0.21519837155938148 0.2098186124454845
2023-07-25 05:54:46,765 - epoch:17, training loss:0.4604 validation loss:0.2152
Updating learning rate to 4.989793509450307e-05
Updating learning rate to 4.989793509450307e-05
train 8209
vs, vt 0.21631325442682614 0.20982470498843628
2023-07-25 05:55:25,801 - epoch:18, training loss:0.4555 validation loss:0.2163
Updating learning rate to 4.337254012982485e-05
Updating learning rate to 4.337254012982485e-05
train 8209
vs, vt 0.21730774573304437 0.20904999361796814
2023-07-25 05:56:04,229 - epoch:19, training loss:0.4509 validation loss:0.2173
Updating learning rate to 3.696054626305981e-05
Updating learning rate to 3.696054626305981e-05
train 8209
vs, vt 0.21535998887636446 0.2126124734905633
2023-07-25 05:56:40,691 - epoch:20, training loss:0.4480 validation loss:0.2154
Updating learning rate to 3.0771664487008854e-05
Updating learning rate to 3.0771664487008854e-05
train 8209
vs, vt 0.21762987293980338 0.20936339856548744
2023-07-25 05:57:14,275 - epoch:21, training loss:0.4448 validation loss:0.2176
Updating learning rate to 2.491178828474237e-05
Updating learning rate to 2.491178828474237e-05
train 8209
vs, vt 0.21582482314922594 0.21084284579212015
2023-07-25 05:57:49,365 - epoch:22, training loss:0.4428 validation loss:0.2158
Updating learning rate to 1.9481181762745777e-05
Updating learning rate to 1.9481181762745777e-05
train 8209
vs, vt 0.216886159371246 0.21008119427345015
2023-07-25 05:58:27,938 - epoch:23, training loss:0.4420 validation loss:0.2169
Updating learning rate to 1.4572764104259043e-05
Updating learning rate to 1.4572764104259043e-05
train 8209
vs, vt 0.21551039306954903 0.20908617228269577
2023-07-25 05:59:08,857 - epoch:24, training loss:0.4403 validation loss:0.2155
Updating learning rate to 1.0270519696289322e-05
Updating learning rate to 1.0270519696289322e-05
train 8209
vs, vt 0.21547036651860585 0.20994563570076769
2023-07-25 05:59:46,493 - epoch:25, training loss:0.4376 validation loss:0.2155
Updating learning rate to 6.648061133464466e-06
Updating learning rate to 6.648061133464466e-06
train 8209
vs, vt 0.21580429205840285 0.20964494008909573
2023-07-25 06:00:19,878 - epoch:26, training loss:0.4387 validation loss:0.2158
Updating learning rate to 3.7673696861296922e-06
Updating learning rate to 3.7673696861296922e-06
train 8209
vs, vt 0.21590498597784477 0.20926434648307887
2023-07-25 06:00:52,801 - epoch:27, training loss:0.4371 validation loss:0.2159
Updating learning rate to 1.6777347836274343e-06
Updating learning rate to 1.6777347836274343e-06
train 8209
vs, vt 0.2158818387172439 0.2096790105781772
2023-07-25 06:01:31,968 - epoch:28, training loss:0.4369 validation loss:0.2159
Updating learning rate to 4.1491065849575754e-07
Updating learning rate to 4.1491065849575754e-07
train 8209
vs, vt 0.215772672471675 0.2097477296536619
2023-07-25 06:02:09,754 - epoch:29, training loss:0.4376 validation loss:0.2158
Updating learning rate to 5.045816366600914e-10
Updating learning rate to 5.045816366600914e-10
2023-07-25 06:02:13,684 - [*] loss:0.3098
2023-07-25 06:02:13,689 - [*] phase 0, testing
2023-07-25 06:02:13,743 - T:96	MAE	0.359688	RMSE	0.309259	MAPE	148.903847
2023-07-25 06:02:13,743 - 96	mae	0.3597	
2023-07-25 06:02:13,743 - 96	rmse	0.3093	
2023-07-25 06:02:13,743 - 96	mape	148.9038	
2023-07-25 06:02:17,369 - [*] loss:0.2975
2023-07-25 06:02:17,372 - [*] phase 0, testing
2023-07-25 06:02:17,414 - T:96	MAE	0.347493	RMSE	0.297138	MAPE	134.166265
2023-07-25 06:02:17,415 - 96	mae	0.3475	
2023-07-25 06:02:17,415 - 96	rmse	0.2971	
2023-07-25 06:02:17,415 - 96	mape	134.1663	
