2023-07-25 07:27:50,904 - logger name:exp/ECL-PatchTST2023-07-25-07:27:50.904681/ECL-PatchTST.log
2023-07-25 07:27:50,905 - params : {'conf': 'ECL-PatchTST', 'data_name': 'ETTh2', 'iteration': 1, 'load': True, 'build_graph': False, 'grad_norm': False, 'root_path': '', 'exp_path': 'exp/', 'val_test_mix': False, 'pred_len': 96, 'noise_rate': 0.1, 'device': device(type='cuda', index=1), 'test_model_path': '/Disk/fhyega/code/BASE/exp/ECL-PatchTST2023-07-23-21:59:42.618606/0/0.0379_epoch_25.pkl', 'idx': -1, 'aligner': 1, 'refiner': 0, 'enhance': 0, 'seed': 2024, '/* model related args*/': '//', 'model_name': 'PatchTST', 'seq_len': 336, 'label_len': 48, 'features': 'M', 'target': 'OT', 'graph_input': False, 'individual': False, 'e_layers': 3, 'd_layers': 1, 'factor': 1, 'n_heads': 16, 'd_model': 128, 'd_ff': 256, 'dropout': 0.2, 'fc_dropout': 0.2, 'head_dropout': 0.0, 'patch_len': 16, 'stride': 8, 'des': 'Exp', 'padding_patch': 'end', 'revin': 1, 'affine': 0, 'subtract_last': 0, 'decomposition': 0, 'kernel_size': 25, 'output_attention': 0, 'embed_type': 0, 'activation': 'gelu', 'lradj': 'TST', 'distil': 1, 'linear_output': 1, 'pct_start': 0.2, '/*train related args*/': '//', 'train': True, 'epoch': 30, 'batch_size': 128, 'lr': 0.0001, 'loss': 'mse', '/*dataset related args*/': '//', 'save_data_path': 'data/ECL/', 'data_process': True, 'embed': 'timeF', 'freq': 'h', 'begin_phase': 0, 'end_phase': 1, 'phase_len': 26304, 'val_ratio': 0.33, 'graph_size': 321, '/*strategy related args*/': '//', 'strategy': 'incremental', 'increase': False, 'detect': False, 'detect_strategy': 'feature', 'replay': False, 'replay_strategy': 'random', 'repaly_num_samples': 100, 'ewc': False, 'ewc_strategy': 'ewc', 'ewc_lambda': 0.0001, 'subgraph_train': False, 'num_hops': 2, 'logname': 'ECL-PatchTST', 'time': '2023-07-25-07:27:50.904681', 'path': 'exp/ECL-PatchTST2023-07-25-07:27:50.904681', 'num_workers': 4, 'start_train': 0, 'train_mode': 'pretrain', 'get_score': False, 'use_cm': True, 'logger': <Logger __main__ (INFO)>}
2023-07-25 07:27:50,905 - [*] phase 0 start training
0 26304
train 8209
val 2785
test 2785
2023-07-25 07:27:51,104 - [*] phase 0 Dataset load!
2023-07-25 07:27:56,172 - [*] phase 0 Training start
train 8209
2023-07-25 07:28:07,006 - epoch:0, training loss:0.6368 validation loss:0.2970
train 8209
vs, vt 0.29700668968937616 0.2983701398426836
Updating learning rate to 1.0463629820836433e-05
Updating learning rate to 1.0463629820836433e-05
train 8209
vs, vt 0.2413398748771711 0.24815660986033353
2023-07-25 07:28:31,792 - epoch:1, training loss:1.2175 validation loss:0.2413
Updating learning rate to 2.8113748014145436e-05
Updating learning rate to 2.8113748014145436e-05
train 8209
vs, vt 0.21832014620304108 0.22402537139979276
2023-07-25 07:28:49,383 - epoch:2, training loss:0.9112 validation loss:0.2183
Updating learning rate to 5.219686165094539e-05
Updating learning rate to 5.219686165094539e-05
train 8209
vs, vt 0.2132892202247273 0.21676736223426732
2023-07-25 07:29:06,715 - epoch:3, training loss:0.7160 validation loss:0.2133
Updating learning rate to 7.622695691951079e-05
Updating learning rate to 7.622695691951079e-05
train 8209
vs, vt 0.2182342051105066 0.2142832072621042
2023-07-25 07:29:23,889 - epoch:4, training loss:0.6436 validation loss:0.2182
Updating learning rate to 9.373229880419829e-05
Updating learning rate to 9.373229880419829e-05
train 8209
vs, vt 0.21010484851219438 0.21909851919520984
2023-07-25 07:29:41,272 - epoch:5, training loss:0.6039 validation loss:0.2101
Updating learning rate to 9.999989541836333e-05
Updating learning rate to 9.999989541836333e-05
train 8209
vs, vt 0.21021513708613135 0.2183084592900493
2023-07-25 07:29:58,725 - epoch:6, training loss:0.5770 validation loss:0.2102
Updating learning rate to 9.955879284407972e-05
Updating learning rate to 9.955879284407972e-05
train 8209
vs, vt 0.21054646169597452 0.21234212172302333
2023-07-25 07:30:16,128 - epoch:7, training loss:0.5509 validation loss:0.2105
Updating learning rate to 9.826972900599613e-05
Updating learning rate to 9.826972900599613e-05
train 8209
vs, vt 0.21214835345745087 0.20714862475341017
2023-07-25 07:30:33,600 - epoch:8, training loss:0.5344 validation loss:0.2121
Updating learning rate to 9.615476014377818e-05
Updating learning rate to 9.615476014377818e-05
train 8209
vs, vt 0.2107446938753128 0.2094099684195085
2023-07-25 07:30:51,222 - epoch:9, training loss:0.5220 validation loss:0.2107
Updating learning rate to 9.325007396103859e-05
Updating learning rate to 9.325007396103859e-05
train 8209
vs, vt 0.21082525395534255 0.2096665555780584
2023-07-25 07:31:08,422 - epoch:10, training loss:0.5064 validation loss:0.2108
Updating learning rate to 8.960537044369518e-05
Updating learning rate to 8.960537044369518e-05
train 8209
vs, vt 0.2221755622462793 0.21131197972731156
2023-07-25 07:31:25,802 - epoch:11, training loss:0.4942 validation loss:0.2222
Updating learning rate to 8.528301147943237e-05
Updating learning rate to 8.528301147943237e-05
train 8209
vs, vt 0.2155749909579754 0.214285536584529
2023-07-25 07:31:43,238 - epoch:12, training loss:0.4844 validation loss:0.2156
Updating learning rate to 8.035695382851308e-05
Updating learning rate to 8.035695382851308e-05
train 8209
vs, vt 0.21645199676806276 0.21190366386012596
2023-07-25 07:32:00,887 - epoch:13, training loss:0.4750 validation loss:0.2165
Updating learning rate to 7.49114837031057e-05
Updating learning rate to 7.49114837031057e-05
train 8209
vs, vt 0.2184100950306112 0.21428167244250124
2023-07-25 07:32:18,618 - epoch:14, training loss:0.4653 validation loss:0.2184
Updating learning rate to 6.90397746068255e-05
Updating learning rate to 6.90397746068255e-05
train 8209
vs, vt 0.21545433219183574 0.2094973318956115
2023-07-25 07:32:36,199 - epoch:15, training loss:0.4605 validation loss:0.2155
Updating learning rate to 6.284229311025519e-05
Updating learning rate to 6.284229311025519e-05
train 8209
vs, vt 0.21867769008333032 0.20983226902105592
2023-07-25 07:32:53,598 - epoch:16, training loss:0.4532 validation loss:0.2187
Updating learning rate to 5.642507984006751e-05
Updating learning rate to 5.642507984006751e-05
train 8209
vs, vt 0.2158876427195289 0.21085663884878159
2023-07-25 07:33:11,374 - epoch:17, training loss:0.4494 validation loss:0.2159
Updating learning rate to 4.989793509450307e-05
Updating learning rate to 4.989793509450307e-05
train 8209
vs, vt 0.21816229583187538 0.21415020728653128
2023-07-25 07:33:29,089 - epoch:18, training loss:0.4431 validation loss:0.2182
Updating learning rate to 4.337254012982485e-05
Updating learning rate to 4.337254012982485e-05
train 8209
vs, vt 0.2196362739936872 0.21068609844554553
2023-07-25 07:33:46,631 - epoch:19, training loss:0.4393 validation loss:0.2196
Updating learning rate to 3.696054626305981e-05
Updating learning rate to 3.696054626305981e-05
train 8209
vs, vt 0.22075511582873084 0.21250106970017607
2023-07-25 07:34:03,979 - epoch:20, training loss:0.4360 validation loss:0.2208
Updating learning rate to 3.0771664487008854e-05
Updating learning rate to 3.0771664487008854e-05
train 8209
vs, vt 0.2189879281954332 0.21223631060936235
2023-07-25 07:34:22,334 - epoch:21, training loss:0.4343 validation loss:0.2190
Updating learning rate to 2.491178828474237e-05
Updating learning rate to 2.491178828474237e-05
train 8209
vs, vt 0.2197446423498067 0.21311273967677896
2023-07-25 07:34:39,990 - epoch:22, training loss:0.4319 validation loss:0.2197
Updating learning rate to 1.9481181762745777e-05
Updating learning rate to 1.9481181762745777e-05
train 8209
vs, vt 0.21847972104495222 0.21133184399117122
2023-07-25 07:34:57,504 - epoch:23, training loss:0.4293 validation loss:0.2185
Updating learning rate to 1.4572764104259043e-05
Updating learning rate to 1.4572764104259043e-05
train 8209
vs, vt 0.2202134538780559 0.21092872626402162
2023-07-25 07:35:15,386 - epoch:24, training loss:0.4282 validation loss:0.2202
Updating learning rate to 1.0270519696289322e-05
Updating learning rate to 1.0270519696289322e-05
train 8209
vs, vt 0.21878095851703125 0.21142485297539018
2023-07-25 07:35:32,953 - epoch:25, training loss:0.4265 validation loss:0.2188
Updating learning rate to 6.648061133464466e-06
Updating learning rate to 6.648061133464466e-06
train 8209
vs, vt 0.2189929454841397 0.21207920800555835
2023-07-25 07:35:50,226 - epoch:26, training loss:0.4251 validation loss:0.2190
Updating learning rate to 3.7673696861296922e-06
Updating learning rate to 3.7673696861296922e-06
train 8209
vs, vt 0.21887856383215298 0.21176130561666054
2023-07-25 07:36:07,514 - epoch:27, training loss:0.4253 validation loss:0.2189
Updating learning rate to 1.6777347836274343e-06
Updating learning rate to 1.6777347836274343e-06
train 8209
vs, vt 0.21865716779773886 0.2117914195087823
2023-07-25 07:36:25,178 - epoch:28, training loss:0.4251 validation loss:0.2187
Updating learning rate to 4.1491065849575754e-07
Updating learning rate to 4.1491065849575754e-07
train 8209
vs, vt 0.2186130786483938 0.2119521007619121
2023-07-25 07:36:42,811 - epoch:29, training loss:0.4252 validation loss:0.2186
Updating learning rate to 5.045816366600914e-10
Updating learning rate to 5.045816366600914e-10
2023-07-25 07:36:43,820 - [*] loss:0.2815
2023-07-25 07:36:43,824 - [*] phase 0, testing
2023-07-25 07:36:43,862 - T:96	MAE	0.342155	RMSE	0.281486	MAPE	139.172888
2023-07-25 07:36:43,864 - 96	mae	0.3422	
2023-07-25 07:36:43,864 - 96	rmse	0.2815	
2023-07-25 07:36:43,864 - 96	mape	139.1729	
2023-07-25 07:36:44,980 - [*] loss:0.2826
2023-07-25 07:36:44,983 - [*] phase 0, testing
2023-07-25 07:36:45,020 - T:96	MAE	0.338255	RMSE	0.283096	MAPE	135.791612
2023-07-25 07:36:45,021 - 96	mae	0.3383	
2023-07-25 07:36:45,021 - 96	rmse	0.2831	
2023-07-25 07:36:45,021 - 96	mape	135.7916	
