2023-07-25 08:33:37,094 - logger name:exp/ECL-PatchTST2023-07-25-08:33:37.094346/ECL-PatchTST.log
2023-07-25 08:33:37,094 - params : {'conf': 'ECL-PatchTST', 'data_name': 'ETTh2', 'iteration': 1, 'load': True, 'build_graph': False, 'grad_norm': False, 'root_path': '', 'exp_path': 'exp/', 'val_test_mix': False, 'pred_len': 96, 'noise_rate': 0.1, 'device': device(type='cuda', index=1), 'test_model_path': '/Disk/fhyega/code/BASE/exp/ECL-PatchTST2023-07-23-21:59:42.618606/0/0.0379_epoch_25.pkl', 'idx': -1, 'aligner': 0, 'refiner': 0, 'enhance': 0, 'seed': 2025, '/* model related args*/': '//', 'model_name': 'PatchTST', 'seq_len': 336, 'label_len': 48, 'features': 'M', 'target': 'OT', 'graph_input': False, 'individual': False, 'e_layers': 3, 'd_layers': 1, 'factor': 1, 'n_heads': 16, 'd_model': 128, 'd_ff': 256, 'dropout': 0.2, 'fc_dropout': 0.2, 'head_dropout': 0.0, 'patch_len': 16, 'stride': 8, 'des': 'Exp', 'padding_patch': 'end', 'revin': 1, 'affine': 0, 'subtract_last': 0, 'decomposition': 0, 'kernel_size': 25, 'output_attention': 0, 'embed_type': 0, 'activation': 'gelu', 'lradj': 'TST', 'distil': 1, 'linear_output': 1, 'pct_start': 0.2, '/*train related args*/': '//', 'train': True, 'epoch': 30, 'batch_size': 128, 'lr': 0.0001, 'loss': 'mse', '/*dataset related args*/': '//', 'save_data_path': 'data/ECL/', 'data_process': True, 'embed': 'timeF', 'freq': 'h', 'begin_phase': 0, 'end_phase': 1, 'phase_len': 26304, 'val_ratio': 0.33, 'graph_size': 321, '/*strategy related args*/': '//', 'strategy': 'incremental', 'increase': False, 'detect': False, 'detect_strategy': 'feature', 'replay': False, 'replay_strategy': 'random', 'repaly_num_samples': 100, 'ewc': False, 'ewc_strategy': 'ewc', 'ewc_lambda': 0.0001, 'subgraph_train': False, 'num_hops': 2, 'logname': 'ECL-PatchTST', 'time': '2023-07-25-08:33:37.094346', 'path': 'exp/ECL-PatchTST2023-07-25-08:33:37.094346', 'num_workers': 4, 'start_train': 0, 'train_mode': 'pretrain', 'get_score': False, 'use_cm': True, 'logger': <Logger __main__ (INFO)>}
2023-07-25 08:33:37,095 - [*] phase 0 start training
0 26304
train 8209
val 2785
test 2785
2023-07-25 08:33:37,286 - [*] phase 0 Dataset load!
2023-07-25 08:33:38,261 - [*] phase 0 Training start
train 8209
2023-07-25 08:33:48,648 - epoch:0, training loss:0.6232 validation loss:0.2936
train 8209
vs, vt 0.29363667355342343 0.2986023466695439
Updating learning rate to 1.0463629820836433e-05
Updating learning rate to 1.0463629820836433e-05
train 8209
vs, vt 0.24203663793477145 0.24799418821930885
2023-07-25 08:34:13,842 - epoch:1, training loss:0.7217 validation loss:0.2420
Updating learning rate to 2.8113748014145436e-05
Updating learning rate to 2.8113748014145436e-05
train 8209
vs, vt 0.22183708711103958 0.22185586460612036
2023-07-25 08:34:31,216 - epoch:2, training loss:0.6269 validation loss:0.2218
Updating learning rate to 5.219686165094539e-05
Updating learning rate to 5.219686165094539e-05
train 8209
vs, vt 0.21154187856750054 0.2181844904341481
2023-07-25 08:34:48,444 - epoch:3, training loss:0.5721 validation loss:0.2115
Updating learning rate to 7.622695691951079e-05
Updating learning rate to 7.622695691951079e-05
train 8209
vs, vt 0.21975153549150986 0.2138755131851543
2023-07-25 08:35:06,323 - epoch:4, training loss:0.5432 validation loss:0.2198
Updating learning rate to 9.373229880419829e-05
Updating learning rate to 9.373229880419829e-05
train 8209
vs, vt 0.2137767073105682 0.2317551269449971
2023-07-25 08:35:23,450 - epoch:5, training loss:0.5269 validation loss:0.2138
Updating learning rate to 9.999989541836333e-05
Updating learning rate to 9.999989541836333e-05
train 8209
vs, vt 0.21378718282688747 0.22613320093263278
2023-07-25 08:35:40,995 - epoch:6, training loss:0.5045 validation loss:0.2138
Updating learning rate to 9.955879284407972e-05
Updating learning rate to 9.955879284407972e-05
train 8209
vs, vt 0.2204353494400328 0.22233442013913934
2023-07-25 08:35:58,751 - epoch:7, training loss:0.4822 validation loss:0.2204
Updating learning rate to 9.826972900599613e-05
Updating learning rate to 9.826972900599613e-05
train 8209
vs, vt 0.22364641184156592 0.2152234326032075
2023-07-25 08:36:16,128 - epoch:8, training loss:0.4647 validation loss:0.2236
Updating learning rate to 9.615476014377818e-05
Updating learning rate to 9.615476014377818e-05
train 8209
vs, vt 0.22354565967213025 0.21761166067285972
2023-07-25 08:36:33,607 - epoch:9, training loss:0.4539 validation loss:0.2235
Updating learning rate to 9.325007396103859e-05
Updating learning rate to 9.325007396103859e-05
train 8209
vs, vt 0.2197073366154324 0.2155956355008212
2023-07-25 08:36:50,989 - epoch:10, training loss:0.4426 validation loss:0.2197
Updating learning rate to 8.960537044369518e-05
Updating learning rate to 8.960537044369518e-05
train 8209
vs, vt 0.22364362972703847 0.21086174486712975
2023-07-25 08:37:08,068 - epoch:11, training loss:0.4328 validation loss:0.2236
Updating learning rate to 8.528301147943237e-05
Updating learning rate to 8.528301147943237e-05
train 8209
vs, vt 0.2173213968900117 0.20802039890126747
2023-07-25 08:37:26,137 - epoch:12, training loss:0.4255 validation loss:0.2173
Updating learning rate to 8.035695382851308e-05
Updating learning rate to 8.035695382851308e-05
train 8209
vs, vt 0.22085229070349174 0.2112947820939801
2023-07-25 08:37:44,228 - epoch:13, training loss:0.4155 validation loss:0.2209
Updating learning rate to 7.49114837031057e-05
Updating learning rate to 7.49114837031057e-05
train 8209
vs, vt 0.22133845294063742 0.21124157343398442
2023-07-25 08:38:01,508 - epoch:14, training loss:0.4092 validation loss:0.2213
Updating learning rate to 6.90397746068255e-05
Updating learning rate to 6.90397746068255e-05
train 8209
vs, vt 0.21994310448115523 0.2102636332538995
2023-07-25 08:38:18,646 - epoch:15, training loss:0.4039 validation loss:0.2199
Updating learning rate to 6.284229311025519e-05
Updating learning rate to 6.284229311025519e-05
train 8209
vs, vt 0.22133658521554686 0.212738653475588
2023-07-25 08:38:35,956 - epoch:16, training loss:0.3998 validation loss:0.2213
Updating learning rate to 5.642507984006751e-05
Updating learning rate to 5.642507984006751e-05
train 8209
vs, vt 0.22122607414018025 0.21422592313452202
2023-07-25 08:38:53,038 - epoch:17, training loss:0.3972 validation loss:0.2212
Updating learning rate to 4.989793509450307e-05
Updating learning rate to 4.989793509450307e-05
train 8209
vs, vt 0.21863252635706554 0.21130158921534364
2023-07-25 08:39:10,196 - epoch:18, training loss:0.3923 validation loss:0.2186
Updating learning rate to 4.337254012982485e-05
Updating learning rate to 4.337254012982485e-05
train 8209
vs, vt 0.21997962688857858 0.21149049394510008
2023-07-25 08:39:27,538 - epoch:19, training loss:0.3893 validation loss:0.2200
Updating learning rate to 3.696054626305981e-05
Updating learning rate to 3.696054626305981e-05
train 8209
vs, vt 0.22006879950111563 0.2118512364951047
2023-07-25 08:39:44,854 - epoch:20, training loss:0.3871 validation loss:0.2201
Updating learning rate to 3.0771664487008854e-05
Updating learning rate to 3.0771664487008854e-05
train 8209
vs, vt 0.21893017197197134 0.2119712812656706
2023-07-25 08:40:02,279 - epoch:21, training loss:0.3856 validation loss:0.2189
Updating learning rate to 2.491178828474237e-05
Updating learning rate to 2.491178828474237e-05
train 8209
vs, vt 0.220468882471323 0.21354562078009953
2023-07-25 08:40:19,419 - epoch:22, training loss:0.3823 validation loss:0.2205
Updating learning rate to 1.9481181762745777e-05
Updating learning rate to 1.9481181762745777e-05
train 8209
vs, vt 0.22010766748677602 0.212096322666515
2023-07-25 08:40:36,675 - epoch:23, training loss:0.3812 validation loss:0.2201
Updating learning rate to 1.4572764104259043e-05
Updating learning rate to 1.4572764104259043e-05
train 8209
vs, vt 0.22000399604439735 0.21208757703954523
2023-07-25 08:40:54,248 - epoch:24, training loss:0.3792 validation loss:0.2200
Updating learning rate to 1.0270519696289322e-05
Updating learning rate to 1.0270519696289322e-05
train 8209
vs, vt 0.22047598456794565 0.21306100115180016
2023-07-25 08:41:11,616 - epoch:25, training loss:0.3801 validation loss:0.2205
Updating learning rate to 6.648061133464466e-06
Updating learning rate to 6.648061133464466e-06
train 8209
vs, vt 0.21983419832858173 0.21287193250927058
2023-07-25 08:41:28,946 - epoch:26, training loss:0.3803 validation loss:0.2198
Updating learning rate to 3.7673696861296922e-06
Updating learning rate to 3.7673696861296922e-06
train 8209
vs, vt 0.21970388462597673 0.21250872381708838
2023-07-25 08:41:46,210 - epoch:27, training loss:0.3786 validation loss:0.2197
Updating learning rate to 1.6777347836274343e-06
Updating learning rate to 1.6777347836274343e-06
train 8209
vs, vt 0.21990922025658868 0.2128030268306082
2023-07-25 08:42:04,013 - epoch:28, training loss:0.3783 validation loss:0.2199
Updating learning rate to 4.1491065849575754e-07
Updating learning rate to 4.1491065849575754e-07
train 8209
vs, vt 0.21969232911413367 0.21275229210203345
2023-07-25 08:42:21,158 - epoch:29, training loss:0.3777 validation loss:0.2197
Updating learning rate to 5.045816366600914e-10
Updating learning rate to 5.045816366600914e-10
2023-07-25 08:42:22,266 - [*] loss:0.2817
2023-07-25 08:42:22,270 - [*] phase 0, testing
2023-07-25 08:42:22,305 - T:96	MAE	0.341691	RMSE	0.281784	MAPE	139.513755
2023-07-25 08:42:22,307 - 96	mae	0.3417	
2023-07-25 08:42:22,307 - 96	rmse	0.2818	
2023-07-25 08:42:22,307 - 96	mape	139.5138	
2023-07-25 08:42:23,374 - [*] loss:0.2941
2023-07-25 08:42:23,377 - [*] phase 0, testing
2023-07-25 08:42:23,414 - T:96	MAE	0.346270	RMSE	0.294413	MAPE	136.939430
2023-07-25 08:42:23,415 - 96	mae	0.3463	
2023-07-25 08:42:23,415 - 96	rmse	0.2944	
2023-07-25 08:42:23,415 - 96	mape	136.9394	
