2023-07-25 07:46:16,585 - logger name:exp/ECL-PatchTST2023-07-25-07:46:16.585700/ECL-PatchTST.log
2023-07-25 07:46:16,586 - params : {'conf': 'ECL-PatchTST', 'data_name': 'ETTh2', 'iteration': 1, 'load': True, 'build_graph': False, 'grad_norm': False, 'root_path': '', 'exp_path': 'exp/', 'val_test_mix': False, 'pred_len': 96, 'noise_rate': 0.1, 'device': device(type='cuda', index=1), 'test_model_path': '/Disk/fhyega/code/BASE/exp/ECL-PatchTST2023-07-23-21:59:42.618606/0/0.0379_epoch_25.pkl', 'idx': -1, 'aligner': 1, 'refiner': 1, 'enhance': 1, 'seed': 2025, '/* model related args*/': '//', 'model_name': 'PatchTST', 'seq_len': 336, 'label_len': 48, 'features': 'M', 'target': 'OT', 'graph_input': False, 'individual': False, 'e_layers': 3, 'd_layers': 1, 'factor': 1, 'n_heads': 16, 'd_model': 128, 'd_ff': 256, 'dropout': 0.2, 'fc_dropout': 0.2, 'head_dropout': 0.0, 'patch_len': 16, 'stride': 8, 'des': 'Exp', 'padding_patch': 'end', 'revin': 1, 'affine': 0, 'subtract_last': 0, 'decomposition': 0, 'kernel_size': 25, 'output_attention': 0, 'embed_type': 0, 'activation': 'gelu', 'lradj': 'TST', 'distil': 1, 'linear_output': 1, 'pct_start': 0.2, '/*train related args*/': '//', 'train': True, 'epoch': 30, 'batch_size': 128, 'lr': 0.0001, 'loss': 'mse', '/*dataset related args*/': '//', 'save_data_path': 'data/ECL/', 'data_process': True, 'embed': 'timeF', 'freq': 'h', 'begin_phase': 0, 'end_phase': 1, 'phase_len': 26304, 'val_ratio': 0.33, 'graph_size': 321, '/*strategy related args*/': '//', 'strategy': 'incremental', 'increase': False, 'detect': False, 'detect_strategy': 'feature', 'replay': False, 'replay_strategy': 'random', 'repaly_num_samples': 100, 'ewc': False, 'ewc_strategy': 'ewc', 'ewc_lambda': 0.0001, 'subgraph_train': False, 'num_hops': 2, 'logname': 'ECL-PatchTST', 'time': '2023-07-25-07:46:16.585700', 'path': 'exp/ECL-PatchTST2023-07-25-07:46:16.585700', 'num_workers': 4, 'start_train': 0, 'train_mode': 'pretrain', 'get_score': False, 'use_cm': True, 'logger': <Logger __main__ (INFO)>}
2023-07-25 07:46:16,586 - [*] phase 0 start training
0 26304
train 8209
val 2785
test 2785
2023-07-25 07:46:16,778 - [*] phase 0 Dataset load!
2023-07-25 07:46:17,769 - [*] phase 0 Training start
train 8209
2023-07-25 07:46:29,894 - epoch:0, training loss:0.6233 validation loss:0.2937
train 8209
vs, vt 0.29369409111413086 0.2987358807162805
Updating learning rate to 1.0463629820836433e-05
Updating learning rate to 1.0463629820836433e-05
train 8209
vs, vt 0.24208121916109865 0.24406388842246748
2023-07-25 07:47:06,500 - epoch:1, training loss:1.4881 validation loss:0.2421
Updating learning rate to 2.8113748014145436e-05
Updating learning rate to 2.8113748014145436e-05
train 8209
vs, vt 0.21751903674819253 0.2205044271593744
2023-07-25 07:47:34,838 - epoch:2, training loss:1.0346 validation loss:0.2175
Updating learning rate to 5.219686165094539e-05
Updating learning rate to 5.219686165094539e-05
train 8209
vs, vt 0.21519507535479285 0.21936353329907765
2023-07-25 07:48:03,174 - epoch:3, training loss:0.7391 validation loss:0.2152
Updating learning rate to 7.622695691951079e-05
Updating learning rate to 7.622695691951079e-05
train 8209
vs, vt 0.21442324735901572 0.21815259890122848
2023-07-25 07:48:31,690 - epoch:4, training loss:0.6420 validation loss:0.2144
Updating learning rate to 9.373229880419829e-05
Updating learning rate to 9.373229880419829e-05
train 8209
vs, vt 0.21580976688049056 0.2242496277798306
2023-07-25 07:48:59,994 - epoch:5, training loss:0.6076 validation loss:0.2158
Updating learning rate to 9.999989541836333e-05
Updating learning rate to 9.999989541836333e-05
train 8209
vs, vt 0.21017462319948457 0.21949254348874092
2023-07-25 07:49:28,466 - epoch:6, training loss:0.5815 validation loss:0.2102
Updating learning rate to 9.955879284407972e-05
Updating learning rate to 9.955879284407972e-05
train 8209
vs, vt 0.2176077856936238 0.2223460968922485
2023-07-25 07:49:56,676 - epoch:7, training loss:0.5537 validation loss:0.2176
Updating learning rate to 9.826972900599613e-05
Updating learning rate to 9.826972900599613e-05
train 8209
vs, vt 0.21818046610463748 0.23009006611325525
2023-07-25 07:50:25,068 - epoch:8, training loss:0.5321 validation loss:0.2182
Updating learning rate to 9.615476014377818e-05
Updating learning rate to 9.615476014377818e-05
train 8209
vs, vt 0.21714875068176875 0.22059280018914829
2023-07-25 07:50:53,218 - epoch:9, training loss:0.5174 validation loss:0.2171
Updating learning rate to 9.325007396103859e-05
Updating learning rate to 9.325007396103859e-05
train 8209
vs, vt 0.21988183903423222 0.21474013951691714
2023-07-25 07:51:21,495 - epoch:10, training loss:0.5067 validation loss:0.2199
Updating learning rate to 8.960537044369518e-05
Updating learning rate to 8.960537044369518e-05
train 8209
vs, vt 0.21871569481762973 0.21624688804149628
2023-07-25 07:51:50,048 - epoch:11, training loss:0.4948 validation loss:0.2187
Updating learning rate to 8.528301147943237e-05
Updating learning rate to 8.528301147943237e-05
train 8209
vs, vt 0.2182048772546378 0.21436117115345868
2023-07-25 07:52:18,654 - epoch:12, training loss:0.4827 validation loss:0.2182
Updating learning rate to 8.035695382851308e-05
Updating learning rate to 8.035695382851308e-05
train 8209
vs, vt 0.22012250125408173 0.2143889536911791
2023-07-25 07:52:46,872 - epoch:13, training loss:0.4759 validation loss:0.2201
Updating learning rate to 7.49114837031057e-05
Updating learning rate to 7.49114837031057e-05
train 8209
vs, vt 0.21906212039969183 0.213429313830354
2023-07-25 07:53:15,474 - epoch:14, training loss:0.4658 validation loss:0.2191
Updating learning rate to 6.90397746068255e-05
Updating learning rate to 6.90397746068255e-05
train 8209
vs, vt 0.22269075871868568 0.21081347797404637
2023-07-25 07:53:43,709 - epoch:15, training loss:0.4576 validation loss:0.2227
Updating learning rate to 6.284229311025519e-05
Updating learning rate to 6.284229311025519e-05
train 8209
vs, vt 0.2190447419204495 0.21246481449766594
2023-07-25 07:54:12,404 - epoch:16, training loss:0.4498 validation loss:0.2190
Updating learning rate to 5.642507984006751e-05
Updating learning rate to 5.642507984006751e-05
train 8209
vs, vt 0.220382209867239 0.21222231367772276
2023-07-25 07:54:40,833 - epoch:17, training loss:0.4462 validation loss:0.2204
Updating learning rate to 4.989793509450307e-05
Updating learning rate to 4.989793509450307e-05
train 8209
vs, vt 0.22079600021243095 0.211035298014229
2023-07-25 07:55:08,759 - epoch:18, training loss:0.4379 validation loss:0.2208
Updating learning rate to 4.337254012982485e-05
Updating learning rate to 4.337254012982485e-05
train 8209
vs, vt 0.22067192603241315 0.21126808158376
2023-07-25 07:55:36,948 - epoch:19, training loss:0.4349 validation loss:0.2207
Updating learning rate to 3.696054626305981e-05
Updating learning rate to 3.696054626305981e-05
train 8209
vs, vt 0.21811402690681544 0.2077390734444965
2023-07-25 07:56:05,317 - epoch:20, training loss:0.4310 validation loss:0.2181
Updating learning rate to 3.0771664487008854e-05
Updating learning rate to 3.0771664487008854e-05
train 8209
vs, vt 0.22031031515110622 0.20924113860184496
2023-07-25 07:56:33,471 - epoch:21, training loss:0.4265 validation loss:0.2203
Updating learning rate to 2.491178828474237e-05
Updating learning rate to 2.491178828474237e-05
train 8209
vs, vt 0.22121883285316554 0.2091060070828958
2023-07-25 07:57:01,709 - epoch:22, training loss:0.4263 validation loss:0.2212
Updating learning rate to 1.9481181762745777e-05
Updating learning rate to 1.9481181762745777e-05
train 8209
vs, vt 0.21925461393865672 0.2086497484283014
2023-07-25 07:57:29,817 - epoch:23, training loss:0.4244 validation loss:0.2193
Updating learning rate to 1.4572764104259043e-05
Updating learning rate to 1.4572764104259043e-05
train 8209
vs, vt 0.22013163126327775 0.20970677719874817
2023-07-25 07:57:58,662 - epoch:24, training loss:0.4209 validation loss:0.2201
Updating learning rate to 1.0270519696289322e-05
Updating learning rate to 1.0270519696289322e-05
train 8209
vs, vt 0.2198128222741864 0.2091957428915934
2023-07-25 07:58:27,355 - epoch:25, training loss:0.4200 validation loss:0.2198
Updating learning rate to 6.648061133464466e-06
Updating learning rate to 6.648061133464466e-06
train 8209
vs, vt 0.2196243710138581 0.20950561524792152
2023-07-25 07:58:55,859 - epoch:26, training loss:0.4190 validation loss:0.2196
Updating learning rate to 3.7673696861296922e-06
Updating learning rate to 3.7673696861296922e-06
train 8209
vs, vt 0.21948101269927892 0.20879639515822584
2023-07-25 07:59:24,628 - epoch:27, training loss:0.4176 validation loss:0.2195
Updating learning rate to 1.6777347836274343e-06
Updating learning rate to 1.6777347836274343e-06
train 8209
vs, vt 0.21991797096349977 0.20868150077082895
2023-07-25 07:59:52,894 - epoch:28, training loss:0.4182 validation loss:0.2199
Updating learning rate to 4.1491065849575754e-07
Updating learning rate to 4.1491065849575754e-07
train 8209
vs, vt 0.2195866456763311 0.20857009630311618
2023-07-25 08:00:21,364 - epoch:29, training loss:0.4170 validation loss:0.2196
Updating learning rate to 5.045816366600914e-10
Updating learning rate to 5.045816366600914e-10
2023-07-25 08:00:22,574 - [*] loss:0.2906
2023-07-25 08:00:22,577 - [*] phase 0, testing
2023-07-25 08:00:22,615 - T:96	MAE	0.348034	RMSE	0.290651	MAPE	141.443861
2023-07-25 08:00:22,616 - 96	mae	0.3480	
2023-07-25 08:00:22,616 - 96	rmse	0.2907	
2023-07-25 08:00:22,616 - 96	mape	141.4439	
2023-07-25 08:00:23,761 - [*] loss:0.2889
2023-07-25 08:00:23,764 - [*] phase 0, testing
2023-07-25 08:00:23,800 - T:96	MAE	0.341705	RMSE	0.289100	MAPE	135.665035
2023-07-25 08:00:23,801 - 96	mae	0.3417	
2023-07-25 08:00:23,801 - 96	rmse	0.2891	
2023-07-25 08:00:23,801 - 96	mape	135.6650	
