2023-07-25 08:14:27,999 - logger name:exp/ECL-PatchTST2023-07-25-08:14:27.998731/ECL-PatchTST.log
2023-07-25 08:14:27,999 - params : {'conf': 'ECL-PatchTST', 'data_name': 'ETTh2', 'iteration': 1, 'load': True, 'build_graph': False, 'grad_norm': False, 'root_path': '', 'exp_path': 'exp/', 'val_test_mix': False, 'pred_len': 96, 'noise_rate': 0.1, 'device': device(type='cuda', index=1), 'test_model_path': '/Disk/fhyega/code/BASE/exp/ECL-PatchTST2023-07-23-21:59:42.618606/0/0.0379_epoch_25.pkl', 'idx': -1, 'aligner': 0, 'refiner': 1, 'enhance': 0, 'seed': 2025, '/* model related args*/': '//', 'model_name': 'PatchTST', 'seq_len': 336, 'label_len': 48, 'features': 'M', 'target': 'OT', 'graph_input': False, 'individual': False, 'e_layers': 3, 'd_layers': 1, 'factor': 1, 'n_heads': 16, 'd_model': 128, 'd_ff': 256, 'dropout': 0.2, 'fc_dropout': 0.2, 'head_dropout': 0.0, 'patch_len': 16, 'stride': 8, 'des': 'Exp', 'padding_patch': 'end', 'revin': 1, 'affine': 0, 'subtract_last': 0, 'decomposition': 0, 'kernel_size': 25, 'output_attention': 0, 'embed_type': 0, 'activation': 'gelu', 'lradj': 'TST', 'distil': 1, 'linear_output': 1, 'pct_start': 0.2, '/*train related args*/': '//', 'train': True, 'epoch': 30, 'batch_size': 128, 'lr': 0.0001, 'loss': 'mse', '/*dataset related args*/': '//', 'save_data_path': 'data/ECL/', 'data_process': True, 'embed': 'timeF', 'freq': 'h', 'begin_phase': 0, 'end_phase': 1, 'phase_len': 26304, 'val_ratio': 0.33, 'graph_size': 321, '/*strategy related args*/': '//', 'strategy': 'incremental', 'increase': False, 'detect': False, 'detect_strategy': 'feature', 'replay': False, 'replay_strategy': 'random', 'repaly_num_samples': 100, 'ewc': False, 'ewc_strategy': 'ewc', 'ewc_lambda': 0.0001, 'subgraph_train': False, 'num_hops': 2, 'logname': 'ECL-PatchTST', 'time': '2023-07-25-08:14:27.998731', 'path': 'exp/ECL-PatchTST2023-07-25-08:14:27.998731', 'num_workers': 4, 'start_train': 0, 'train_mode': 'pretrain', 'get_score': False, 'use_cm': True, 'logger': <Logger __main__ (INFO)>}
2023-07-25 08:14:27,999 - [*] phase 0 start training
0 26304
train 8209
val 2785
test 2785
2023-07-25 08:14:28,190 - [*] phase 0 Dataset load!
2023-07-25 08:14:29,171 - [*] phase 0 Training start
train 8209
2023-07-25 08:14:41,035 - epoch:0, training loss:0.6233 validation loss:0.2937
train 8209
vs, vt 0.29369409111413086 0.2987358807162805
Updating learning rate to 1.0463629820836433e-05
Updating learning rate to 1.0463629820836433e-05
train 8209
vs, vt 0.24197779291055418 0.24815324592319402
2023-07-25 08:15:10,059 - epoch:1, training loss:0.7217 validation loss:0.2420
Updating learning rate to 2.8113748014145436e-05
Updating learning rate to 2.8113748014145436e-05
train 8209
vs, vt 0.22169887003573505 0.22197135944258084
2023-07-25 08:15:30,387 - epoch:2, training loss:0.6269 validation loss:0.2217
Updating learning rate to 5.219686165094539e-05
Updating learning rate to 5.219686165094539e-05
train 8209
vs, vt 0.21136023138057103 0.21815018931573088
2023-07-25 08:15:50,842 - epoch:3, training loss:0.5720 validation loss:0.2114
Updating learning rate to 7.622695691951079e-05
Updating learning rate to 7.622695691951079e-05
train 8209
vs, vt 0.21973510560664264 0.21461296792734752
2023-07-25 08:16:11,196 - epoch:4, training loss:0.5429 validation loss:0.2197
Updating learning rate to 9.373229880419829e-05
Updating learning rate to 9.373229880419829e-05
train 8209
vs, vt 0.21359774436463008 0.23183431950482455
2023-07-25 08:16:31,835 - epoch:5, training loss:0.5267 validation loss:0.2136
Updating learning rate to 9.999989541836333e-05
Updating learning rate to 9.999989541836333e-05
train 8209
vs, vt 0.2138913988389752 0.22737388854677026
2023-07-25 08:16:52,140 - epoch:6, training loss:0.5043 validation loss:0.2139
Updating learning rate to 9.955879284407972e-05
Updating learning rate to 9.955879284407972e-05
train 8209
vs, vt 0.2200980938293717 0.22330241785808044
2023-07-25 08:17:12,837 - epoch:7, training loss:0.4819 validation loss:0.2201
Updating learning rate to 9.826972900599613e-05
Updating learning rate to 9.826972900599613e-05
train 8209
vs, vt 0.2240951880812645 0.2172674976966598
2023-07-25 08:17:33,430 - epoch:8, training loss:0.4641 validation loss:0.2241
Updating learning rate to 9.615476014377818e-05
Updating learning rate to 9.615476014377818e-05
train 8209
vs, vt 0.22305933386087418 0.2187847982753407
2023-07-25 08:17:53,530 - epoch:9, training loss:0.4538 validation loss:0.2231
Updating learning rate to 9.325007396103859e-05
Updating learning rate to 9.325007396103859e-05
train 8209
vs, vt 0.2201431200585582 0.21652380377054214
2023-07-25 08:18:14,007 - epoch:10, training loss:0.4425 validation loss:0.2201
Updating learning rate to 8.960537044369518e-05
Updating learning rate to 8.960537044369518e-05
train 8209
vs, vt 0.22418276593089104 0.21244635128162123
2023-07-25 08:18:34,231 - epoch:11, training loss:0.4330 validation loss:0.2242
Updating learning rate to 8.528301147943237e-05
Updating learning rate to 8.528301147943237e-05
train 8209
vs, vt 0.21746463057669727 0.20711292292584071
2023-07-25 08:18:54,702 - epoch:12, training loss:0.4260 validation loss:0.2175
Updating learning rate to 8.035695382851308e-05
Updating learning rate to 8.035695382851308e-05
train 8209
vs, vt 0.22101842713626949 0.21081358499147676
2023-07-25 08:19:14,957 - epoch:13, training loss:0.4154 validation loss:0.2210
Updating learning rate to 7.49114837031057e-05
Updating learning rate to 7.49114837031057e-05
train 8209
vs, vt 0.22046261145309967 0.21106817370111292
2023-07-25 08:19:35,547 - epoch:14, training loss:0.4090 validation loss:0.2205
Updating learning rate to 6.90397746068255e-05
Updating learning rate to 6.90397746068255e-05
train 8209
vs, vt 0.21963299573822456 0.20902534235607495
2023-07-25 08:19:56,129 - epoch:15, training loss:0.4040 validation loss:0.2196
Updating learning rate to 6.284229311025519e-05
Updating learning rate to 6.284229311025519e-05
train 8209
vs, vt 0.22151222757317804 0.21318287707187913
2023-07-25 08:20:16,525 - epoch:16, training loss:0.3997 validation loss:0.2215
Updating learning rate to 5.642507984006751e-05
Updating learning rate to 5.642507984006751e-05
train 8209
vs, vt 0.22083972259001297 0.2140028764578429
2023-07-25 08:20:36,574 - epoch:17, training loss:0.3970 validation loss:0.2208
Updating learning rate to 4.989793509450307e-05
Updating learning rate to 4.989793509450307e-05
train 8209
vs, vt 0.21820025823333047 0.21155087751421062
2023-07-25 08:20:57,295 - epoch:18, training loss:0.3919 validation loss:0.2182
Updating learning rate to 4.337254012982485e-05
Updating learning rate to 4.337254012982485e-05
train 8209
vs, vt 0.219896388663487 0.21207400445233693
2023-07-25 08:21:17,461 - epoch:19, training loss:0.3887 validation loss:0.2199
Updating learning rate to 3.696054626305981e-05
Updating learning rate to 3.696054626305981e-05
train 8209
vs, vt 0.21987279132008553 0.21227193894711407
2023-07-25 08:21:37,495 - epoch:20, training loss:0.3860 validation loss:0.2199
Updating learning rate to 3.0771664487008854e-05
Updating learning rate to 3.0771664487008854e-05
train 8209
vs, vt 0.2186322327364575 0.21336199038408019
2023-07-25 08:21:57,818 - epoch:21, training loss:0.3857 validation loss:0.2186
Updating learning rate to 2.491178828474237e-05
Updating learning rate to 2.491178828474237e-05
train 8209
vs, vt 0.21985003826293079 0.21407519788904625
2023-07-25 08:22:18,084 - epoch:22, training loss:0.3818 validation loss:0.2199
Updating learning rate to 1.9481181762745777e-05
Updating learning rate to 1.9481181762745777e-05
train 8209
vs, vt 0.2194476459514011 0.21191321347247472
2023-07-25 08:22:39,395 - epoch:23, training loss:0.3809 validation loss:0.2194
Updating learning rate to 1.4572764104259043e-05
Updating learning rate to 1.4572764104259043e-05
train 8209
vs, vt 0.2194062268192118 0.21217940612272781
2023-07-25 08:22:59,724 - epoch:24, training loss:0.3790 validation loss:0.2194
Updating learning rate to 1.0270519696289322e-05
Updating learning rate to 1.0270519696289322e-05
train 8209
vs, vt 0.2199044298719276 0.21329933709718965
2023-07-25 08:23:19,722 - epoch:25, training loss:0.3798 validation loss:0.2199
Updating learning rate to 6.648061133464466e-06
Updating learning rate to 6.648061133464466e-06
train 8209
vs, vt 0.21915495598858054 0.21288435432043942
2023-07-25 08:23:40,183 - epoch:26, training loss:0.3799 validation loss:0.2192
Updating learning rate to 3.7673696861296922e-06
Updating learning rate to 3.7673696861296922e-06
train 8209
vs, vt 0.21912502971562473 0.21266797557473183
2023-07-25 08:24:00,606 - epoch:27, training loss:0.3785 validation loss:0.2191
Updating learning rate to 1.6777347836274343e-06
Updating learning rate to 1.6777347836274343e-06
train 8209
vs, vt 0.21930818259716034 0.2131511081348766
2023-07-25 08:24:20,701 - epoch:28, training loss:0.3779 validation loss:0.2193
Updating learning rate to 4.1491065849575754e-07
Updating learning rate to 4.1491065849575754e-07
train 8209
vs, vt 0.21908797357570042 0.21312166411768307
2023-07-25 08:24:40,950 - epoch:29, training loss:0.3777 validation loss:0.2191
Updating learning rate to 5.045816366600914e-10
Updating learning rate to 5.045816366600914e-10
2023-07-25 08:24:42,310 - [*] loss:0.2815
2023-07-25 08:24:42,314 - [*] phase 0, testing
2023-07-25 08:24:42,352 - T:96	MAE	0.341713	RMSE	0.281624	MAPE	139.706981
2023-07-25 08:24:42,353 - 96	mae	0.3417	
2023-07-25 08:24:42,353 - 96	rmse	0.2816	
2023-07-25 08:24:42,353 - 96	mape	139.7070	
2023-07-25 08:24:43,630 - [*] loss:0.2939
2023-07-25 08:24:43,634 - [*] phase 0, testing
2023-07-25 08:24:43,670 - T:96	MAE	0.345955	RMSE	0.294315	MAPE	137.750864
2023-07-25 08:24:43,671 - 96	mae	0.3460	
2023-07-25 08:24:43,671 - 96	rmse	0.2943	
2023-07-25 08:24:43,671 - 96	mape	137.7509	
