2023-07-24 13:12:29,472 - logger name:exp/ECL-PatchTST2023-07-24-13:12:29.472661/ECL-PatchTST.log
2023-07-24 13:12:29,473 - params : {'conf': 'ECL-PatchTST', 'data_name': 'electricity', 'iteration': 1, 'load': True, 'build_graph': False, 'root_path': '', 'exp_path': 'exp/', 'val_test_mix': False, 'pred_len': 96, 'noise_rate': 0.1, 'device': device(type='cuda', index=0), 'test_model_path': '/Disk/fhyega/code/BASE/exp/ECL-PatchTST2023-07-23-21:59:42.618606/0/0.0379_epoch_25.pkl', 'idx': 89, 'aligner': 0, 'refiner': 0, 'seed': 2021, '/* model related args*/': '//', 'model_name': 'PatchTST', 'seq_len': 336, 'label_len': 48, 'features': 'M', 'target': 'OT', 'graph_input': False, 'individual': False, 'e_layers': 3, 'd_layers': 1, 'factor': 1, 'n_heads': 16, 'd_model': 128, 'd_ff': 256, 'dropout': 0.2, 'fc_dropout': 0.2, 'head_dropout': 0.0, 'patch_len': 16, 'stride': 8, 'des': 'Exp', 'padding_patch': 'end', 'revin': 1, 'affine': 0, 'subtract_last': 0, 'decomposition': 0, 'kernel_size': 25, 'output_attention': 0, 'embed_type': 0, 'activation': 'gelu', 'lradj': 'TST', 'distil': 1, 'linear_output': 1, 'pct_start': 0.2, '/*train related args*/': '//', 'train': True, 'epoch': 30, 'batch_size': 16, 'lr': 0.0001, 'loss': 'mse', '/*dataset related args*/': '//', 'save_data_path': 'data/ECL/', 'data_process': False, 'embed': 'timeF', 'freq': 'h', 'begin_phase': 0, 'end_phase': 1, 'phase_len': 26304, 'val_ratio': 0.33, 'graph_size': 321, '/*strategy related args*/': '//', 'strategy': 'incremental', 'increase': False, 'detect': False, 'detect_strategy': 'feature', 'replay': False, 'replay_strategy': 'random', 'repaly_num_samples': 100, 'ewc': False, 'ewc_strategy': 'ewc', 'ewc_lambda': 0.0001, 'subgraph_train': False, 'num_hops': 2, 'logname': 'ECL-PatchTST', 'time': '2023-07-24-13:12:29.472661', 'path': 'exp/ECL-PatchTST2023-07-24-13:12:29.472661', 'num_workers': 4, 'start_train': 0, 'logger': <Logger __main__ (INFO)>}
2023-07-24 13:12:29,473 - [*] phase 0 start training
18412 2632 5260 0.7 0.2 26304
train 17981
18412 2632 5260 0.7 0.2 26304
val 2537
18412 2632 5260 0.7 0.2 26304
test 5165
2023-07-24 13:12:32,632 - [*] phase 0 Dataset load!
2023-07-24 13:12:33,466 - [*] phase 0 Training start
18412 2632 5260 0.7 0.2 26304
train 17981
2023-07-24 13:12:51,609 - epoch:0, training loss:0.2328 validation loss:0.0643
18412 2632 5260 0.7 0.2 26304
train 17981
vs, vt 0.0642692537673708 0.06569237206951252
Updating learning rate to 1.0432646020812621e-05
Updating learning rate to 1.0432646020812621e-05
18412 2632 5260 0.7 0.2 26304
train 17981
vs, vt 0.05089156614300215 0.05104147607706628
2023-07-24 13:13:34,127 - epoch:1, training loss:0.2323 validation loss:0.0509
Updating learning rate to 2.8006461798705615e-05
Updating learning rate to 2.8006461798705615e-05
18412 2632 5260 0.7 0.2 26304
train 17981
vs, vt 0.050284370633556785 0.04990031960297306
2023-07-24 13:14:02,714 - epoch:2, training loss:0.1841 validation loss:0.0503
Updating learning rate to 5.201119166142244e-05
Updating learning rate to 5.201119166142244e-05
18412 2632 5260 0.7 0.2 26304
train 17981
vs, vt 0.047666265260217326 0.047852892674646284
2023-07-24 13:14:31,141 - epoch:3, training loss:0.1716 validation loss:0.0477
Updating learning rate to 7.601292185762613e-05
Updating learning rate to 7.601292185762613e-05
18412 2632 5260 0.7 0.2 26304
train 17981
vs, vt 0.05137370287809732 0.05094176161823408
2023-07-24 13:14:59,725 - epoch:4, training loss:0.1651 validation loss:0.0514
Updating learning rate to 9.357854262734886e-05
Updating learning rate to 9.357854262734886e-05
18412 2632 5260 0.7 0.2 26304
train 17981
vs, vt 0.047627429003423115 0.04554974910973003
2023-07-24 13:15:28,140 - epoch:5, training loss:0.1580 validation loss:0.0476
Updating learning rate to 9.999999966033092e-05
Updating learning rate to 9.999999966033092e-05
18412 2632 5260 0.7 0.2 26304
train 17981
vs, vt 0.04501065713757614 0.04488873936868501
2023-07-24 13:15:56,556 - epoch:6, training loss:0.1502 validation loss:0.0450
Updating learning rate to 9.957148372299848e-05
Updating learning rate to 9.957148372299848e-05
18412 2632 5260 0.7 0.2 26304
train 17981
vs, vt 0.04142817517496505 0.04134665071120802
2023-07-24 13:16:25,187 - epoch:7, training loss:0.1416 validation loss:0.0414
Updating learning rate to 9.829478937740917e-05
Updating learning rate to 9.829478937740917e-05
18412 2632 5260 0.7 0.2 26304
train 17981
vs, vt 0.0424097123022818 0.04247520133595234
2023-07-24 13:16:53,637 - epoch:8, training loss:0.1341 validation loss:0.0424
Updating learning rate to 9.619176121778259e-05
Updating learning rate to 9.619176121778259e-05
18412 2632 5260 0.7 0.2 26304
train 17981
vs, vt 0.04604545008367712 0.045477264859485174
2023-07-24 13:17:22,151 - epoch:9, training loss:0.1288 validation loss:0.0460
Updating learning rate to 9.32983826389995e-05
Updating learning rate to 9.32983826389995e-05
18412 2632 5260 0.7 0.2 26304
train 17981
vs, vt 0.04353425798223079 0.04333222851321195
2023-07-24 13:17:50,649 - epoch:10, training loss:0.1254 validation loss:0.0435
Updating learning rate to 8.966416015073898e-05
Updating learning rate to 8.966416015073898e-05
18412 2632 5260 0.7 0.2 26304
train 17981
vs, vt 0.04163253725559082 0.04189471131389808
2023-07-24 13:18:19,300 - epoch:11, training loss:0.1211 validation loss:0.0416
Updating learning rate to 8.5351276307372e-05
Updating learning rate to 8.5351276307372e-05
18412 2632 5260 0.7 0.2 26304
train 17981
vs, vt 0.04293344889140729 0.04153949592215647
2023-07-24 13:18:47,789 - epoch:12, training loss:0.1167 validation loss:0.0429
Updating learning rate to 8.043352574721588e-05
Updating learning rate to 8.043352574721588e-05
18412 2632 5260 0.7 0.2 26304
train 17981
vs, vt 0.0413082702635969 0.040918940935963356
2023-07-24 13:19:16,329 - epoch:13, training loss:0.1147 validation loss:0.0413
Updating learning rate to 7.499505254581293e-05
Updating learning rate to 7.499505254581293e-05
18412 2632 5260 0.7 0.2 26304
train 17981
vs, vt 0.04091966079559716 0.04174338642554651
2023-07-24 13:19:45,008 - epoch:14, training loss:0.1116 validation loss:0.0409
Updating learning rate to 6.912891048746876e-05
Updating learning rate to 6.912891048746876e-05
18412 2632 5260 0.7 0.2 26304
train 17981
vs, vt 0.040132406706564455 0.0409205598616094
2023-07-24 13:20:13,451 - epoch:15, training loss:0.1083 validation loss:0.0401
Updating learning rate to 6.293547088920353e-05
Updating learning rate to 6.293547088920353e-05
18412 2632 5260 0.7 0.2 26304
train 17981
vs, vt 0.041053953562986176 0.04084017462794136
2023-07-24 13:20:42,024 - epoch:16, training loss:0.1061 validation loss:0.0411
Updating learning rate to 5.652070521968939e-05
Updating learning rate to 5.652070521968939e-05
18412 2632 5260 0.7 0.2 26304
train 17981
vs, vt 0.03972814812576808 0.0402774315344978
2023-07-24 13:21:10,619 - epoch:17, training loss:0.1032 validation loss:0.0397
Updating learning rate to 4.999437189804077e-05
Updating learning rate to 4.999437189804077e-05
18412 2632 5260 0.7 0.2 26304
train 17981
vs, vt 0.041764086168025086 0.04083503868266846
2023-07-24 13:21:38,955 - epoch:18, training loss:0.1013 validation loss:0.0418
Updating learning rate to 4.346813829683254e-05
Updating learning rate to 4.346813829683254e-05
18412 2632 5260 0.7 0.2 26304
train 17981
vs, vt 0.04038626561234207 0.03995384352351978
2023-07-24 13:22:07,506 - epoch:19, training loss:0.0988 validation loss:0.0404
Updating learning rate to 3.705367008239516e-05
Updating learning rate to 3.705367008239516e-05
18412 2632 5260 0.7 0.2 26304
train 17981
vs, vt 0.039635397523126135 0.038794738252254775
2023-07-24 13:22:36,016 - epoch:20, training loss:0.0971 validation loss:0.0396
Updating learning rate to 3.086072058430419e-05
Updating learning rate to 3.086072058430419e-05
18412 2632 5260 0.7 0.2 26304
train 17981
vs, vt 0.03974077901539375 0.03925148900539714
2023-07-24 13:23:04,639 - epoch:21, training loss:0.0951 validation loss:0.0397
Updating learning rate to 2.499525288548201e-05
Updating learning rate to 2.499525288548201e-05
18412 2632 5260 0.7 0.2 26304
train 17981
vs, vt 0.03973676240270805 0.039151170349580315
2023-07-24 13:23:33,278 - epoch:22, training loss:0.0939 validation loss:0.0397
Updating learning rate to 1.9557626764470303e-05
Updating learning rate to 1.9557626764470303e-05
18412 2632 5260 0.7 0.2 26304
train 17981
vs, vt 0.038909521006610034 0.03896118753806413
2023-07-24 13:24:01,833 - epoch:23, training loss:0.0922 validation loss:0.0389
Updating learning rate to 1.4640881511794355e-05
Updating learning rate to 1.4640881511794355e-05
18412 2632 5260 0.7 0.2 26304
train 17981
vs, vt 0.03884232661587262 0.039067195335977106
2023-07-24 13:24:30,469 - epoch:24, training loss:0.0908 validation loss:0.0388
Updating learning rate to 1.0329144001906798e-05
Updating learning rate to 1.0329144001906798e-05
18412 2632 5260 0.7 0.2 26304
train 17981
vs, vt 0.03909408320444373 0.0387704862404685
2023-07-24 13:24:59,038 - epoch:25, training loss:0.0902 validation loss:0.0391
Updating learning rate to 6.696189259041272e-06
Updating learning rate to 6.696189259041272e-06
18412 2632 5260 0.7 0.2 26304
train 17981
vs, vt 0.038470299252595916 0.03830786391436679
2023-07-24 13:25:27,684 - epoch:26, training loss:0.0893 validation loss:0.0385
Updating learning rate to 3.804178146093549e-06
Updating learning rate to 3.804178146093549e-06
18412 2632 5260 0.7 0.2 26304
train 17981
vs, vt 0.038694613115311416 0.03859617923380538
2023-07-24 13:25:56,243 - epoch:27, training loss:0.0886 validation loss:0.0387
Updating learning rate to 1.7025937750231399e-06
Updating learning rate to 1.7025937750231399e-06
18412 2632 5260 0.7 0.2 26304
train 17981
vs, vt 0.03837996848372731 0.038361644196622774
2023-07-24 13:26:24,988 - epoch:28, training loss:0.0882 validation loss:0.0384
Updating learning rate to 4.2739483708831805e-07
Updating learning rate to 4.2739483708831805e-07
18412 2632 5260 0.7 0.2 26304
train 17981
vs, vt 0.03845644612509593 0.03844637996897851
2023-07-24 13:26:53,814 - epoch:29, training loss:0.0878 validation loss:0.0385
Updating learning rate to 4.003396690830917e-10
Updating learning rate to 4.003396690830917e-10
2023-07-24 13:26:55,050 - [*] loss:0.0894
2023-07-24 13:26:55,052 - [*] phase 0, testing
2023-07-24 13:26:55,062 - T:96	MAE	0.188357	RMSE	0.089427	MAPE	189.385378
2023-07-24 13:26:55,062 - 96	mae	0.1884	
2023-07-24 13:26:55,062 - 96	rmse	0.0894	
2023-07-24 13:26:55,062 - 96	mape	189.3854	
