2023-07-24 13:12:31,503 - logger name:exp/ECL-PatchTST2023-07-24-13:12:31.503256/ECL-PatchTST.log
2023-07-24 13:12:31,503 - params : {'conf': 'ECL-PatchTST', 'data_name': 'electricity', 'iteration': 1, 'load': True, 'build_graph': False, 'root_path': '', 'exp_path': 'exp/', 'val_test_mix': False, 'pred_len': 96, 'noise_rate': 0.1, 'device': device(type='cuda', index=1), 'test_model_path': '/Disk/fhyega/code/BASE/exp/ECL-PatchTST2023-07-23-21:59:42.618606/0/0.0379_epoch_25.pkl', 'idx': 89, 'aligner': 1, 'refiner': 0, 'seed': 2021, '/* model related args*/': '//', 'model_name': 'PatchTST', 'seq_len': 336, 'label_len': 48, 'features': 'M', 'target': 'OT', 'graph_input': False, 'individual': False, 'e_layers': 3, 'd_layers': 1, 'factor': 1, 'n_heads': 16, 'd_model': 128, 'd_ff': 256, 'dropout': 0.2, 'fc_dropout': 0.2, 'head_dropout': 0.0, 'patch_len': 16, 'stride': 8, 'des': 'Exp', 'padding_patch': 'end', 'revin': 1, 'affine': 0, 'subtract_last': 0, 'decomposition': 0, 'kernel_size': 25, 'output_attention': 0, 'embed_type': 0, 'activation': 'gelu', 'lradj': 'TST', 'distil': 1, 'linear_output': 1, 'pct_start': 0.2, '/*train related args*/': '//', 'train': True, 'epoch': 30, 'batch_size': 16, 'lr': 0.0001, 'loss': 'mse', '/*dataset related args*/': '//', 'save_data_path': 'data/ECL/', 'data_process': False, 'embed': 'timeF', 'freq': 'h', 'begin_phase': 0, 'end_phase': 1, 'phase_len': 26304, 'val_ratio': 0.33, 'graph_size': 321, '/*strategy related args*/': '//', 'strategy': 'incremental', 'increase': False, 'detect': False, 'detect_strategy': 'feature', 'replay': False, 'replay_strategy': 'random', 'repaly_num_samples': 100, 'ewc': False, 'ewc_strategy': 'ewc', 'ewc_lambda': 0.0001, 'subgraph_train': False, 'num_hops': 2, 'logname': 'ECL-PatchTST', 'time': '2023-07-24-13:12:31.503256', 'path': 'exp/ECL-PatchTST2023-07-24-13:12:31.503256', 'num_workers': 4, 'start_train': 0, 'logger': <Logger __main__ (INFO)>}
2023-07-24 13:12:31,503 - [*] phase 0 start training
18412 2632 5260 0.7 0.2 26304
train 17981
18412 2632 5260 0.7 0.2 26304
val 2537
18412 2632 5260 0.7 0.2 26304
test 5165
2023-07-24 13:12:34,723 - [*] phase 0 Dataset load!
2023-07-24 13:12:35,683 - [*] phase 0 Training start
18412 2632 5260 0.7 0.2 26304
train 17981
2023-07-24 13:12:54,095 - epoch:0, training loss:0.2328 validation loss:0.0643
18412 2632 5260 0.7 0.2 26304
train 17981
vs, vt 0.0642692537673708 0.06569237206951252
Updating learning rate to 1.0432646020812621e-05
Updating learning rate to 1.0432646020812621e-05
18412 2632 5260 0.7 0.2 26304
train 17981
vs, vt 0.053241876440134436 0.05104147607706628
2023-07-24 13:13:37,403 - epoch:1, training loss:0.3195 validation loss:0.0532
Updating learning rate to 2.8006461798705615e-05
Updating learning rate to 2.8006461798705615e-05
18412 2632 5260 0.7 0.2 26304
train 17981
vs, vt 0.06013480600836517 0.04990031960297306
2023-07-24 13:14:06,370 - epoch:2, training loss:0.2449 validation loss:0.0601
Updating learning rate to 5.201119166142244e-05
Updating learning rate to 5.201119166142244e-05
18412 2632 5260 0.7 0.2 26304
train 17981
vs, vt 0.056741135558054885 0.047852892674646284
2023-07-24 13:14:35,374 - epoch:3, training loss:0.2382 validation loss:0.0567
Updating learning rate to 7.601292185762613e-05
Updating learning rate to 7.601292185762613e-05
18412 2632 5260 0.7 0.2 26304
train 17981
vs, vt 0.05430433554164831 0.05094176161823408
2023-07-24 13:15:04,445 - epoch:4, training loss:0.2304 validation loss:0.0543
Updating learning rate to 9.357854262734886e-05
Updating learning rate to 9.357854262734886e-05
18412 2632 5260 0.7 0.2 26304
train 17981
vs, vt 0.047509956899913226 0.04554974910973003
2023-07-24 13:15:33,433 - epoch:5, training loss:0.2062 validation loss:0.0475
Updating learning rate to 9.999999966033092e-05
Updating learning rate to 9.999999966033092e-05
18412 2632 5260 0.7 0.2 26304
train 17981
vs, vt 0.049204600488755315 0.04488873936868501
2023-07-24 13:16:02,412 - epoch:6, training loss:0.1911 validation loss:0.0492
Updating learning rate to 9.957148372299848e-05
Updating learning rate to 9.957148372299848e-05
18412 2632 5260 0.7 0.2 26304
train 17981
vs, vt 0.04830925160749528 0.04134665071120802
2023-07-24 13:16:31,626 - epoch:7, training loss:0.1786 validation loss:0.0483
Updating learning rate to 9.829478937740917e-05
Updating learning rate to 9.829478937740917e-05
18412 2632 5260 0.7 0.2 26304
train 17981
vs, vt 0.04589277918233811 0.04247520133595234
2023-07-24 13:17:00,609 - epoch:8, training loss:0.1678 validation loss:0.0459
Updating learning rate to 9.619176121778259e-05
Updating learning rate to 9.619176121778259e-05
18412 2632 5260 0.7 0.2 26304
train 17981
vs, vt 0.047780744614278746 0.045477264859485174
2023-07-24 13:17:29,764 - epoch:9, training loss:0.1576 validation loss:0.0478
Updating learning rate to 9.32983826389995e-05
Updating learning rate to 9.32983826389995e-05
18412 2632 5260 0.7 0.2 26304
train 17981
vs, vt 0.0432612302789242 0.04333222851321195
2023-07-24 13:17:58,731 - epoch:10, training loss:0.1512 validation loss:0.0433
Updating learning rate to 8.966416015073898e-05
Updating learning rate to 8.966416015073898e-05
18412 2632 5260 0.7 0.2 26304
train 17981
vs, vt 0.042468470193258244 0.04189471131389808
2023-07-24 13:18:27,851 - epoch:11, training loss:0.1441 validation loss:0.0425
Updating learning rate to 8.5351276307372e-05
Updating learning rate to 8.5351276307372e-05
18412 2632 5260 0.7 0.2 26304
train 17981
vs, vt 0.042071115717572986 0.04153949592215647
2023-07-24 13:18:56,977 - epoch:12, training loss:0.1377 validation loss:0.0421
Updating learning rate to 8.043352574721588e-05
Updating learning rate to 8.043352574721588e-05
18412 2632 5260 0.7 0.2 26304
train 17981
vs, vt 0.04086255162966045 0.040918940935963356
2023-07-24 13:19:26,072 - epoch:13, training loss:0.1338 validation loss:0.0409
Updating learning rate to 7.499505254581293e-05
Updating learning rate to 7.499505254581293e-05
18412 2632 5260 0.7 0.2 26304
train 17981
vs, vt 0.04076787736852589 0.04174338642554651
2023-07-24 13:19:55,178 - epoch:14, training loss:0.1290 validation loss:0.0408
Updating learning rate to 6.912891048746876e-05
Updating learning rate to 6.912891048746876e-05
18412 2632 5260 0.7 0.2 26304
train 17981
vs, vt 0.04086159570318348 0.0409205598616094
2023-07-24 13:20:24,206 - epoch:15, training loss:0.1243 validation loss:0.0409
Updating learning rate to 6.293547088920353e-05
Updating learning rate to 6.293547088920353e-05
18412 2632 5260 0.7 0.2 26304
train 17981
vs, vt 0.04076352049508747 0.04084017462794136
2023-07-24 13:20:53,158 - epoch:16, training loss:0.1211 validation loss:0.0408
Updating learning rate to 5.652070521968939e-05
Updating learning rate to 5.652070521968939e-05
18412 2632 5260 0.7 0.2 26304
train 17981
vs, vt 0.039836488535288 0.0402774315344978
2023-07-24 13:21:22,434 - epoch:17, training loss:0.1170 validation loss:0.0398
Updating learning rate to 4.999437189804077e-05
Updating learning rate to 4.999437189804077e-05
18412 2632 5260 0.7 0.2 26304
train 17981
vs, vt 0.04134505798559893 0.04083503868266846
2023-07-24 13:21:51,589 - epoch:18, training loss:0.1146 validation loss:0.0413
Updating learning rate to 4.346813829683254e-05
Updating learning rate to 4.346813829683254e-05
18412 2632 5260 0.7 0.2 26304
train 17981
vs, vt 0.039064325008588204 0.03995384352351978
2023-07-24 13:22:20,630 - epoch:19, training loss:0.1113 validation loss:0.0391
Updating learning rate to 3.705367008239516e-05
Updating learning rate to 3.705367008239516e-05
18412 2632 5260 0.7 0.2 26304
train 17981
vs, vt 0.03947336155827503 0.038794738252254775
2023-07-24 13:22:49,897 - epoch:20, training loss:0.1088 validation loss:0.0395
Updating learning rate to 3.086072058430419e-05
Updating learning rate to 3.086072058430419e-05
18412 2632 5260 0.7 0.2 26304
train 17981
vs, vt 0.03901677396230446 0.03925148900539714
2023-07-24 13:23:18,978 - epoch:21, training loss:0.1066 validation loss:0.0390
Updating learning rate to 2.499525288548201e-05
Updating learning rate to 2.499525288548201e-05
18412 2632 5260 0.7 0.2 26304
train 17981
vs, vt 0.039346474372201935 0.039151170349580315
2023-07-24 13:23:48,012 - epoch:22, training loss:0.1049 validation loss:0.0393
Updating learning rate to 1.9557626764470303e-05
Updating learning rate to 1.9557626764470303e-05
18412 2632 5260 0.7 0.2 26304
train 17981
vs, vt 0.03877851888010243 0.03896118753806413
2023-07-24 13:24:17,134 - epoch:23, training loss:0.1027 validation loss:0.0388
Updating learning rate to 1.4640881511794355e-05
Updating learning rate to 1.4640881511794355e-05
18412 2632 5260 0.7 0.2 26304
train 17981
vs, vt 0.03897657684993538 0.039067195335977106
2023-07-24 13:24:46,433 - epoch:24, training loss:0.1011 validation loss:0.0390
Updating learning rate to 1.0329144001906798e-05
Updating learning rate to 1.0329144001906798e-05
18412 2632 5260 0.7 0.2 26304
train 17981
vs, vt 0.03910467079577019 0.0387704862404685
2023-07-24 13:25:15,431 - epoch:25, training loss:0.1001 validation loss:0.0391
Updating learning rate to 6.696189259041272e-06
Updating learning rate to 6.696189259041272e-06
18412 2632 5260 0.7 0.2 26304
train 17981
vs, vt 0.0382403511870301 0.03830786391436679
2023-07-24 13:25:44,725 - epoch:26, training loss:0.0989 validation loss:0.0382
Updating learning rate to 3.804178146093549e-06
Updating learning rate to 3.804178146093549e-06
18412 2632 5260 0.7 0.2 26304
train 17981
vs, vt 0.03842983092327819 0.03859617923380538
2023-07-24 13:26:13,851 - epoch:27, training loss:0.0980 validation loss:0.0384
Updating learning rate to 1.7025937750231399e-06
Updating learning rate to 1.7025937750231399e-06
18412 2632 5260 0.7 0.2 26304
train 17981
vs, vt 0.03834559156635554 0.038361644196622774
2023-07-24 13:26:43,201 - epoch:28, training loss:0.0977 validation loss:0.0383
Updating learning rate to 4.2739483708831805e-07
Updating learning rate to 4.2739483708831805e-07
18412 2632 5260 0.7 0.2 26304
train 17981
vs, vt 0.03843715343091332 0.03844637996897851
2023-07-24 13:27:12,679 - epoch:29, training loss:0.0974 validation loss:0.0384
Updating learning rate to 4.003396690830917e-10
Updating learning rate to 4.003396690830917e-10
2023-07-24 13:27:13,938 - [*] loss:0.0894
2023-07-24 13:27:13,940 - [*] phase 0, testing
2023-07-24 13:27:13,949 - T:96	MAE	0.186071	RMSE	0.089446	MAPE	186.466146
2023-07-24 13:27:13,949 - 96	mae	0.1861	
2023-07-24 13:27:13,949 - 96	rmse	0.0894	
2023-07-24 13:27:13,949 - 96	mape	186.4661	
