2023-07-24 13:27:16,032 - logger name:exp/ECL-PatchTST2023-07-24-13:27:16.032396/ECL-PatchTST.log
2023-07-24 13:27:16,033 - params : {'conf': 'ECL-PatchTST', 'data_name': 'electricity', 'iteration': 1, 'load': True, 'build_graph': False, 'root_path': '', 'exp_path': 'exp/', 'val_test_mix': False, 'pred_len': 96, 'noise_rate': 0.1, 'device': device(type='cuda', index=1), 'test_model_path': '/Disk/fhyega/code/BASE/exp/ECL-PatchTST2023-07-23-21:59:42.618606/0/0.0379_epoch_25.pkl', 'idx': 89, 'aligner': 1, 'refiner': 0, 'seed': 2022, '/* model related args*/': '//', 'model_name': 'PatchTST', 'seq_len': 336, 'label_len': 48, 'features': 'M', 'target': 'OT', 'graph_input': False, 'individual': False, 'e_layers': 3, 'd_layers': 1, 'factor': 1, 'n_heads': 16, 'd_model': 128, 'd_ff': 256, 'dropout': 0.2, 'fc_dropout': 0.2, 'head_dropout': 0.0, 'patch_len': 16, 'stride': 8, 'des': 'Exp', 'padding_patch': 'end', 'revin': 1, 'affine': 0, 'subtract_last': 0, 'decomposition': 0, 'kernel_size': 25, 'output_attention': 0, 'embed_type': 0, 'activation': 'gelu', 'lradj': 'TST', 'distil': 1, 'linear_output': 1, 'pct_start': 0.2, '/*train related args*/': '//', 'train': True, 'epoch': 30, 'batch_size': 16, 'lr': 0.0001, 'loss': 'mse', '/*dataset related args*/': '//', 'save_data_path': 'data/ECL/', 'data_process': False, 'embed': 'timeF', 'freq': 'h', 'begin_phase': 0, 'end_phase': 1, 'phase_len': 26304, 'val_ratio': 0.33, 'graph_size': 321, '/*strategy related args*/': '//', 'strategy': 'incremental', 'increase': False, 'detect': False, 'detect_strategy': 'feature', 'replay': False, 'replay_strategy': 'random', 'repaly_num_samples': 100, 'ewc': False, 'ewc_strategy': 'ewc', 'ewc_lambda': 0.0001, 'subgraph_train': False, 'num_hops': 2, 'logname': 'ECL-PatchTST', 'time': '2023-07-24-13:27:16.032396', 'path': 'exp/ECL-PatchTST2023-07-24-13:27:16.032396', 'num_workers': 4, 'start_train': 0, 'logger': <Logger __main__ (INFO)>}
2023-07-24 13:27:16,033 - [*] phase 0 start training
18412 2632 5260 0.7 0.2 26304
train 17981
18412 2632 5260 0.7 0.2 26304
val 2537
18412 2632 5260 0.7 0.2 26304
test 5165
2023-07-24 13:27:19,332 - [*] phase 0 Dataset load!
2023-07-24 13:27:20,290 - [*] phase 0 Training start
18412 2632 5260 0.7 0.2 26304
train 17981
2023-07-24 13:27:38,786 - epoch:0, training loss:0.2355 validation loss:0.0652
18412 2632 5260 0.7 0.2 26304
train 17981
vs, vt 0.06524540773891616 0.06460750262317418
Updating learning rate to 1.0432646020812621e-05
Updating learning rate to 1.0432646020812621e-05
18412 2632 5260 0.7 0.2 26304
train 17981
vs, vt 0.054688462981684775 0.052137805195818156
2023-07-24 13:28:22,293 - epoch:1, training loss:0.3187 validation loss:0.0547
Updating learning rate to 2.8006461798705615e-05
Updating learning rate to 2.8006461798705615e-05
18412 2632 5260 0.7 0.2 26304
train 17981
vs, vt 0.05417358660894745 0.04791547717678847
2023-07-24 13:28:51,585 - epoch:2, training loss:0.2448 validation loss:0.0542
Updating learning rate to 5.201119166142244e-05
Updating learning rate to 5.201119166142244e-05
18412 2632 5260 0.7 0.2 26304
train 17981
vs, vt 0.057561646315193025 0.04772604308998997
2023-07-24 13:29:20,985 - epoch:3, training loss:0.2366 validation loss:0.0576
Updating learning rate to 7.601292185762613e-05
Updating learning rate to 7.601292185762613e-05
18412 2632 5260 0.7 0.2 26304
train 17981
vs, vt 0.0542268656522223 0.056603540894839
2023-07-24 13:29:50,281 - epoch:4, training loss:0.2317 validation loss:0.0542
Updating learning rate to 9.357854262734886e-05
Updating learning rate to 9.357854262734886e-05
18412 2632 5260 0.7 0.2 26304
train 17981
vs, vt 0.047285305025676884 0.045196548572876166
2023-07-24 13:30:19,475 - epoch:5, training loss:0.2064 validation loss:0.0473
Updating learning rate to 9.999999966033092e-05
Updating learning rate to 9.999999966033092e-05
18412 2632 5260 0.7 0.2 26304
train 17981
vs, vt 0.04813410529175644 0.04754228780995
2023-07-24 13:30:48,822 - epoch:6, training loss:0.1880 validation loss:0.0481
Updating learning rate to 9.957148372299848e-05
Updating learning rate to 9.957148372299848e-05
18412 2632 5260 0.7 0.2 26304
train 17981
vs, vt 0.04811058936746053 0.045631553555996913
2023-07-24 13:31:18,205 - epoch:7, training loss:0.1781 validation loss:0.0481
Updating learning rate to 9.829478937740917e-05
Updating learning rate to 9.829478937740917e-05
18412 2632 5260 0.7 0.2 26304
train 17981
vs, vt 0.04473083600425308 0.043602727224710605
2023-07-24 13:31:47,410 - epoch:8, training loss:0.1671 validation loss:0.0447
Updating learning rate to 9.619176121778259e-05
Updating learning rate to 9.619176121778259e-05
18412 2632 5260 0.7 0.2 26304
train 17981
vs, vt 0.041891071986430474 0.04362462749177555
2023-07-24 13:32:16,869 - epoch:9, training loss:0.1566 validation loss:0.0419
Updating learning rate to 9.32983826389995e-05
Updating learning rate to 9.32983826389995e-05
18412 2632 5260 0.7 0.2 26304
train 17981
vs, vt 0.04618721505709039 0.042281074297128234
2023-07-24 13:32:46,161 - epoch:10, training loss:0.1498 validation loss:0.0462
Updating learning rate to 8.966416015073898e-05
Updating learning rate to 8.966416015073898e-05
18412 2632 5260 0.7 0.2 26304
train 17981
vs, vt 0.04470973152596996 0.04375411037636815
2023-07-24 13:33:15,502 - epoch:11, training loss:0.1430 validation loss:0.0447
Updating learning rate to 8.5351276307372e-05
Updating learning rate to 8.5351276307372e-05
18412 2632 5260 0.7 0.2 26304
train 17981
vs, vt 0.042055040832210636 0.040390724474388476
2023-07-24 13:33:44,987 - epoch:12, training loss:0.1379 validation loss:0.0421
Updating learning rate to 8.043352574721588e-05
Updating learning rate to 8.043352574721588e-05
18412 2632 5260 0.7 0.2 26304
train 17981
vs, vt 0.04178631970506606 0.0405795109464125
2023-07-24 13:34:14,395 - epoch:13, training loss:0.1323 validation loss:0.0418
Updating learning rate to 7.499505254581293e-05
Updating learning rate to 7.499505254581293e-05
18412 2632 5260 0.7 0.2 26304
train 17981
vs, vt 0.03975632095580581 0.03992614551277468
2023-07-24 13:34:43,697 - epoch:14, training loss:0.1279 validation loss:0.0398
Updating learning rate to 6.912891048746876e-05
Updating learning rate to 6.912891048746876e-05
18412 2632 5260 0.7 0.2 26304
train 17981
vs, vt 0.042387433669313135 0.041979336771387724
2023-07-24 13:35:13,122 - epoch:15, training loss:0.1244 validation loss:0.0424
Updating learning rate to 6.293547088920353e-05
Updating learning rate to 6.293547088920353e-05
18412 2632 5260 0.7 0.2 26304
train 17981
vs, vt 0.03992814990639124 0.04019078971384644
2023-07-24 13:35:42,993 - epoch:16, training loss:0.1205 validation loss:0.0399
Updating learning rate to 5.652070521968939e-05
Updating learning rate to 5.652070521968939e-05
18412 2632 5260 0.7 0.2 26304
train 17981
vs, vt 0.040277327735961044 0.04089764226520867
2023-07-24 13:36:12,262 - epoch:17, training loss:0.1171 validation loss:0.0403
Updating learning rate to 4.999437189804077e-05
Updating learning rate to 4.999437189804077e-05
18412 2632 5260 0.7 0.2 26304
train 17981
vs, vt 0.03889036899338822 0.03904245484842913
2023-07-24 13:36:41,640 - epoch:18, training loss:0.1143 validation loss:0.0389
Updating learning rate to 4.346813829683254e-05
Updating learning rate to 4.346813829683254e-05
18412 2632 5260 0.7 0.2 26304
train 17981
vs, vt 0.03981488632659117 0.03866994393837152
2023-07-24 13:37:10,920 - epoch:19, training loss:0.1114 validation loss:0.0398
Updating learning rate to 3.705367008239516e-05
Updating learning rate to 3.705367008239516e-05
18412 2632 5260 0.7 0.2 26304
train 17981
vs, vt 0.03878040325318305 0.03967447210771014
2023-07-24 13:37:40,091 - epoch:20, training loss:0.1091 validation loss:0.0388
Updating learning rate to 3.086072058430419e-05
Updating learning rate to 3.086072058430419e-05
18412 2632 5260 0.7 0.2 26304
train 17981
vs, vt 0.039030383405445505 0.039184936849435546
2023-07-24 13:38:09,436 - epoch:21, training loss:0.1066 validation loss:0.0390
Updating learning rate to 2.499525288548201e-05
Updating learning rate to 2.499525288548201e-05
18412 2632 5260 0.7 0.2 26304
train 17981
vs, vt 0.03956148598589144 0.03847308222017011
2023-07-24 13:38:38,762 - epoch:22, training loss:0.1047 validation loss:0.0396
Updating learning rate to 1.9557626764470303e-05
Updating learning rate to 1.9557626764470303e-05
18412 2632 5260 0.7 0.2 26304
train 17981
vs, vt 0.03915201884594822 0.03871757911705652
2023-07-24 13:39:08,136 - epoch:23, training loss:0.1030 validation loss:0.0392
Updating learning rate to 1.4640881511794355e-05
Updating learning rate to 1.4640881511794355e-05
18412 2632 5260 0.7 0.2 26304
train 17981
vs, vt 0.03852264703479859 0.03806293040291412
2023-07-24 13:39:37,679 - epoch:24, training loss:0.1015 validation loss:0.0385
Updating learning rate to 1.0329144001906798e-05
Updating learning rate to 1.0329144001906798e-05
18412 2632 5260 0.7 0.2 26304
train 17981
vs, vt 0.03866709939221728 0.03842742785038251
2023-07-24 13:40:07,121 - epoch:25, training loss:0.1002 validation loss:0.0387
Updating learning rate to 6.696189259041272e-06
Updating learning rate to 6.696189259041272e-06
18412 2632 5260 0.7 0.2 26304
train 17981
vs, vt 0.038214736831895774 0.03794680926187327
2023-07-24 13:40:36,736 - epoch:26, training loss:0.0991 validation loss:0.0382
Updating learning rate to 3.804178146093549e-06
Updating learning rate to 3.804178146093549e-06
18412 2632 5260 0.7 0.2 26304
train 17981
vs, vt 0.03812318571415618 0.03768604917967188
2023-07-24 13:41:06,124 - epoch:27, training loss:0.0982 validation loss:0.0381
Updating learning rate to 1.7025937750231399e-06
Updating learning rate to 1.7025937750231399e-06
18412 2632 5260 0.7 0.2 26304
train 17981
vs, vt 0.038140275058740715 0.03779249059610397
2023-07-24 13:41:35,797 - epoch:28, training loss:0.0979 validation loss:0.0381
Updating learning rate to 4.2739483708831805e-07
Updating learning rate to 4.2739483708831805e-07
18412 2632 5260 0.7 0.2 26304
train 17981
vs, vt 0.03815129372355698 0.03759541466492433
2023-07-24 13:42:05,352 - epoch:29, training loss:0.0976 validation loss:0.0382
Updating learning rate to 4.003396690830917e-10
Updating learning rate to 4.003396690830917e-10
2023-07-24 13:42:06,650 - [*] loss:0.0894
2023-07-24 13:42:06,651 - [*] phase 0, testing
2023-07-24 13:42:06,661 - T:96	MAE	0.186456	RMSE	0.089472	MAPE	185.813200
2023-07-24 13:42:06,661 - 96	mae	0.1865	
2023-07-24 13:42:06,661 - 96	rmse	0.0895	
2023-07-24 13:42:06,661 - 96	mape	185.8132	
