2023-07-24 13:42:08,705 - logger name:exp/ECL-PatchTST2023-07-24-13:42:08.705628/ECL-PatchTST.log
2023-07-24 13:42:08,706 - params : {'conf': 'ECL-PatchTST', 'data_name': 'electricity', 'iteration': 1, 'load': True, 'build_graph': False, 'root_path': '', 'exp_path': 'exp/', 'val_test_mix': False, 'pred_len': 96, 'noise_rate': 0.1, 'device': device(type='cuda', index=1), 'test_model_path': '/Disk/fhyega/code/BASE/exp/ECL-PatchTST2023-07-23-21:59:42.618606/0/0.0379_epoch_25.pkl', 'idx': 89, 'aligner': 1, 'refiner': 0, 'seed': 2023, '/* model related args*/': '//', 'model_name': 'PatchTST', 'seq_len': 336, 'label_len': 48, 'features': 'M', 'target': 'OT', 'graph_input': False, 'individual': False, 'e_layers': 3, 'd_layers': 1, 'factor': 1, 'n_heads': 16, 'd_model': 128, 'd_ff': 256, 'dropout': 0.2, 'fc_dropout': 0.2, 'head_dropout': 0.0, 'patch_len': 16, 'stride': 8, 'des': 'Exp', 'padding_patch': 'end', 'revin': 1, 'affine': 0, 'subtract_last': 0, 'decomposition': 0, 'kernel_size': 25, 'output_attention': 0, 'embed_type': 0, 'activation': 'gelu', 'lradj': 'TST', 'distil': 1, 'linear_output': 1, 'pct_start': 0.2, '/*train related args*/': '//', 'train': True, 'epoch': 30, 'batch_size': 16, 'lr': 0.0001, 'loss': 'mse', '/*dataset related args*/': '//', 'save_data_path': 'data/ECL/', 'data_process': False, 'embed': 'timeF', 'freq': 'h', 'begin_phase': 0, 'end_phase': 1, 'phase_len': 26304, 'val_ratio': 0.33, 'graph_size': 321, '/*strategy related args*/': '//', 'strategy': 'incremental', 'increase': False, 'detect': False, 'detect_strategy': 'feature', 'replay': False, 'replay_strategy': 'random', 'repaly_num_samples': 100, 'ewc': False, 'ewc_strategy': 'ewc', 'ewc_lambda': 0.0001, 'subgraph_train': False, 'num_hops': 2, 'logname': 'ECL-PatchTST', 'time': '2023-07-24-13:42:08.705628', 'path': 'exp/ECL-PatchTST2023-07-24-13:42:08.705628', 'num_workers': 4, 'start_train': 0, 'logger': <Logger __main__ (INFO)>}
2023-07-24 13:42:08,706 - [*] phase 0 start training
18412 2632 5260 0.7 0.2 26304
train 17981
18412 2632 5260 0.7 0.2 26304
val 2537
18412 2632 5260 0.7 0.2 26304
test 5165
2023-07-24 13:42:12,141 - [*] phase 0 Dataset load!
2023-07-24 13:42:13,146 - [*] phase 0 Training start
18412 2632 5260 0.7 0.2 26304
train 17981
2023-07-24 13:42:31,699 - epoch:0, training loss:0.2405 validation loss:0.0657
18412 2632 5260 0.7 0.2 26304
train 17981
vs, vt 0.06565761451357566 0.06529762742912057
Updating learning rate to 1.0432646020812621e-05
Updating learning rate to 1.0432646020812621e-05
18412 2632 5260 0.7 0.2 26304
train 17981
vs, vt 0.0549408176140684 0.05230438927739109
2023-07-24 13:43:15,382 - epoch:1, training loss:0.3211 validation loss:0.0549
Updating learning rate to 2.8006461798705615e-05
Updating learning rate to 2.8006461798705615e-05
18412 2632 5260 0.7 0.2 26304
train 17981
vs, vt 0.054182155122219015 0.04822558610342771
2023-07-24 13:43:44,932 - epoch:2, training loss:0.2459 validation loss:0.0542
Updating learning rate to 5.201119166142244e-05
Updating learning rate to 5.201119166142244e-05
18412 2632 5260 0.7 0.2 26304
train 17981
vs, vt 0.0659344484150972 0.04867371885141112
2023-07-24 13:44:14,300 - epoch:3, training loss:0.2342 validation loss:0.0659
Updating learning rate to 7.601292185762613e-05
Updating learning rate to 7.601292185762613e-05
18412 2632 5260 0.7 0.2 26304
train 17981
vs, vt 0.051027056608794245 0.050629974747041485
2023-07-24 13:44:43,878 - epoch:4, training loss:0.2277 validation loss:0.0510
Updating learning rate to 9.357854262734886e-05
Updating learning rate to 9.357854262734886e-05
18412 2632 5260 0.7 0.2 26304
train 17981
vs, vt 0.04730489291250706 0.0461333402426644
2023-07-24 13:45:13,533 - epoch:5, training loss:0.2095 validation loss:0.0473
Updating learning rate to 9.999999966033092e-05
Updating learning rate to 9.999999966033092e-05
18412 2632 5260 0.7 0.2 26304
train 17981
vs, vt 0.0455418449457524 0.044178174779334535
2023-07-24 13:45:43,094 - epoch:6, training loss:0.1891 validation loss:0.0455
Updating learning rate to 9.957148372299848e-05
Updating learning rate to 9.957148372299848e-05
18412 2632 5260 0.7 0.2 26304
train 17981
vs, vt 0.047068177095655375 0.044538654006267865
2023-07-24 13:46:12,403 - epoch:7, training loss:0.1794 validation loss:0.0471
Updating learning rate to 9.829478937740917e-05
Updating learning rate to 9.829478937740917e-05
18412 2632 5260 0.7 0.2 26304
train 17981
vs, vt 0.049477271501373196 0.04675595564240555
2023-07-24 13:46:41,980 - epoch:8, training loss:0.1686 validation loss:0.0495
Updating learning rate to 9.619176121778259e-05
Updating learning rate to 9.619176121778259e-05
18412 2632 5260 0.7 0.2 26304
train 17981
vs, vt 0.0455228244335209 0.04546962110852858
2023-07-24 13:47:12,098 - epoch:9, training loss:0.1583 validation loss:0.0455
Updating learning rate to 9.32983826389995e-05
Updating learning rate to 9.32983826389995e-05
18412 2632 5260 0.7 0.2 26304
train 17981
vs, vt 0.04536192320029503 0.04432981791056739
2023-07-24 13:47:41,509 - epoch:10, training loss:0.1511 validation loss:0.0454
Updating learning rate to 8.966416015073898e-05
Updating learning rate to 8.966416015073898e-05
18412 2632 5260 0.7 0.2 26304
train 17981
vs, vt 0.04382198493716852 0.041495292974671104
2023-07-24 13:48:11,285 - epoch:11, training loss:0.1448 validation loss:0.0438
Updating learning rate to 8.5351276307372e-05
Updating learning rate to 8.5351276307372e-05
18412 2632 5260 0.7 0.2 26304
train 17981
vs, vt 0.04235020279298601 0.04219877827069107
2023-07-24 13:48:40,998 - epoch:12, training loss:0.1395 validation loss:0.0424
Updating learning rate to 8.043352574721588e-05
Updating learning rate to 8.043352574721588e-05
18412 2632 5260 0.7 0.2 26304
train 17981
vs, vt 0.04298141592258365 0.044566057792296575
2023-07-24 13:49:10,616 - epoch:13, training loss:0.1342 validation loss:0.0430
Updating learning rate to 7.499505254581293e-05
Updating learning rate to 7.499505254581293e-05
18412 2632 5260 0.7 0.2 26304
train 17981
vs, vt 0.04254536458976426 0.04330517058758616
2023-07-24 13:49:40,673 - epoch:14, training loss:0.1292 validation loss:0.0425
Updating learning rate to 6.912891048746876e-05
Updating learning rate to 6.912891048746876e-05
18412 2632 5260 0.7 0.2 26304
train 17981
vs, vt 0.04267212244207567 0.04195922834552684
2023-07-24 13:50:10,487 - epoch:15, training loss:0.1250 validation loss:0.0427
Updating learning rate to 6.293547088920353e-05
Updating learning rate to 6.293547088920353e-05
18412 2632 5260 0.7 0.2 26304
train 17981
vs, vt 0.039828639404274196 0.040461445628495525
2023-07-24 13:50:40,767 - epoch:16, training loss:0.1213 validation loss:0.0398
Updating learning rate to 5.652070521968939e-05
Updating learning rate to 5.652070521968939e-05
18412 2632 5260 0.7 0.2 26304
train 17981
vs, vt 0.04027386012036096 0.04129921207380182
2023-07-24 13:51:10,395 - epoch:17, training loss:0.1177 validation loss:0.0403
Updating learning rate to 4.999437189804077e-05
Updating learning rate to 4.999437189804077e-05
18412 2632 5260 0.7 0.2 26304
train 17981
vs, vt 0.04033303790309894 0.04011779327132979
2023-07-24 13:51:40,601 - epoch:18, training loss:0.1150 validation loss:0.0403
Updating learning rate to 4.346813829683254e-05
Updating learning rate to 4.346813829683254e-05
18412 2632 5260 0.7 0.2 26304
train 17981
vs, vt 0.03926135181396637 0.03885958071669224
2023-07-24 13:52:10,569 - epoch:19, training loss:0.1121 validation loss:0.0393
Updating learning rate to 3.705367008239516e-05
Updating learning rate to 3.705367008239516e-05
18412 2632 5260 0.7 0.2 26304
train 17981
vs, vt 0.0394681169264862 0.03936222837300702
2023-07-24 13:52:40,971 - epoch:20, training loss:0.1091 validation loss:0.0395
Updating learning rate to 3.086072058430419e-05
Updating learning rate to 3.086072058430419e-05
18412 2632 5260 0.7 0.2 26304
train 17981
vs, vt 0.039962736356698864 0.039894805231231185
2023-07-24 13:53:12,253 - epoch:21, training loss:0.1067 validation loss:0.0400
Updating learning rate to 2.499525288548201e-05
Updating learning rate to 2.499525288548201e-05
18412 2632 5260 0.7 0.2 26304
train 17981
vs, vt 0.0387393766984859 0.03869448301716233
2023-07-24 13:53:42,909 - epoch:22, training loss:0.1045 validation loss:0.0387
Updating learning rate to 1.9557626764470303e-05
Updating learning rate to 1.9557626764470303e-05
18412 2632 5260 0.7 0.2 26304
train 17981
vs, vt 0.038274271302393775 0.038532693794219745
2023-07-24 13:54:13,879 - epoch:23, training loss:0.1032 validation loss:0.0383
Updating learning rate to 1.4640881511794355e-05
Updating learning rate to 1.4640881511794355e-05
18412 2632 5260 0.7 0.2 26304
train 17981
vs, vt 0.038169860037383416 0.03833651508105063
2023-07-24 13:54:43,963 - epoch:24, training loss:0.1013 validation loss:0.0382
Updating learning rate to 1.0329144001906798e-05
Updating learning rate to 1.0329144001906798e-05
18412 2632 5260 0.7 0.2 26304
train 17981
vs, vt 0.037777102098407796 0.038156635962637526
2023-07-24 13:55:14,691 - epoch:25, training loss:0.1001 validation loss:0.0378
Updating learning rate to 6.696189259041272e-06
Updating learning rate to 6.696189259041272e-06
18412 2632 5260 0.7 0.2 26304
train 17981
vs, vt 0.0382400647247995 0.038891566996374784
2023-07-24 13:55:45,517 - epoch:26, training loss:0.0990 validation loss:0.0382
Updating learning rate to 3.804178146093549e-06
Updating learning rate to 3.804178146093549e-06
18412 2632 5260 0.7 0.2 26304
train 17981
vs, vt 0.037836806507453136 0.03827695774629056
2023-07-24 13:56:15,699 - epoch:27, training loss:0.0987 validation loss:0.0378
Updating learning rate to 1.7025937750231399e-06
Updating learning rate to 1.7025937750231399e-06
18412 2632 5260 0.7 0.2 26304
train 17981
vs, vt 0.037772347065532265 0.0383197997591265
2023-07-24 13:56:44,991 - epoch:28, training loss:0.0979 validation loss:0.0378
Updating learning rate to 4.2739483708831805e-07
Updating learning rate to 4.2739483708831805e-07
18412 2632 5260 0.7 0.2 26304
train 17981
vs, vt 0.037753002663910296 0.038218645311587446
2023-07-24 13:57:14,447 - epoch:29, training loss:0.0975 validation loss:0.0378
Updating learning rate to 4.003396690830917e-10
Updating learning rate to 4.003396690830917e-10
2023-07-24 13:57:15,742 - [*] loss:0.0890
2023-07-24 13:57:15,744 - [*] phase 0, testing
2023-07-24 13:57:15,753 - T:96	MAE	0.186270	RMSE	0.089059	MAPE	182.328689
2023-07-24 13:57:15,754 - 96	mae	0.1863	
2023-07-24 13:57:15,754 - 96	rmse	0.0891	
2023-07-24 13:57:15,754 - 96	mape	182.3287	
