2023-07-24 13:56:05,762 - logger name:exp/ECL-PatchTST2023-07-24-13:56:05.761918/ECL-PatchTST.log
2023-07-24 13:56:05,762 - params : {'conf': 'ECL-PatchTST', 'data_name': 'electricity', 'iteration': 1, 'load': True, 'build_graph': False, 'root_path': '', 'exp_path': 'exp/', 'val_test_mix': False, 'pred_len': 96, 'noise_rate': 0.1, 'device': device(type='cuda', index=0), 'test_model_path': '/Disk/fhyega/code/BASE/exp/ECL-PatchTST2023-07-23-21:59:42.618606/0/0.0379_epoch_25.pkl', 'idx': 89, 'aligner': 0, 'refiner': 1, 'seed': 2021, '/* model related args*/': '//', 'model_name': 'PatchTST', 'seq_len': 336, 'label_len': 48, 'features': 'M', 'target': 'OT', 'graph_input': False, 'individual': False, 'e_layers': 3, 'd_layers': 1, 'factor': 1, 'n_heads': 16, 'd_model': 128, 'd_ff': 256, 'dropout': 0.2, 'fc_dropout': 0.2, 'head_dropout': 0.0, 'patch_len': 16, 'stride': 8, 'des': 'Exp', 'padding_patch': 'end', 'revin': 1, 'affine': 0, 'subtract_last': 0, 'decomposition': 0, 'kernel_size': 25, 'output_attention': 0, 'embed_type': 0, 'activation': 'gelu', 'lradj': 'TST', 'distil': 1, 'linear_output': 1, 'pct_start': 0.2, '/*train related args*/': '//', 'train': True, 'epoch': 30, 'batch_size': 16, 'lr': 0.0001, 'loss': 'mse', '/*dataset related args*/': '//', 'save_data_path': 'data/ECL/', 'data_process': False, 'embed': 'timeF', 'freq': 'h', 'begin_phase': 0, 'end_phase': 1, 'phase_len': 26304, 'val_ratio': 0.33, 'graph_size': 321, '/*strategy related args*/': '//', 'strategy': 'incremental', 'increase': False, 'detect': False, 'detect_strategy': 'feature', 'replay': False, 'replay_strategy': 'random', 'repaly_num_samples': 100, 'ewc': False, 'ewc_strategy': 'ewc', 'ewc_lambda': 0.0001, 'subgraph_train': False, 'num_hops': 2, 'logname': 'ECL-PatchTST', 'time': '2023-07-24-13:56:05.761918', 'path': 'exp/ECL-PatchTST2023-07-24-13:56:05.761918', 'num_workers': 4, 'start_train': 0, 'logger': <Logger __main__ (INFO)>}
2023-07-24 13:56:05,762 - [*] phase 0 start training
18412 2632 5260 0.7 0.2 26304
train 17981
18412 2632 5260 0.7 0.2 26304
val 2537
18412 2632 5260 0.7 0.2 26304
test 5165
2023-07-24 13:56:09,084 - [*] phase 0 Dataset load!
2023-07-24 13:56:09,947 - [*] phase 0 Training start
18412 2632 5260 0.7 0.2 26304
train 17981
2023-07-24 13:56:32,345 - epoch:0, training loss:0.2328 validation loss:0.0643
18412 2632 5260 0.7 0.2 26304
train 17981
vs, vt 0.06429796777782762 0.06569185816688733
Updating learning rate to 1.0432646020812621e-05
Updating learning rate to 1.0432646020812621e-05
18412 2632 5260 0.7 0.2 26304
train 17981
vs, vt 0.05088300252063844 0.05102699780075243
2023-07-24 13:57:25,455 - epoch:1, training loss:0.2323 validation loss:0.0509
Updating learning rate to 2.8006461798705615e-05
Updating learning rate to 2.8006461798705615e-05
18412 2632 5260 0.7 0.2 26304
train 17981
vs, vt 0.05027043508986632 0.0498667397952211
2023-07-24 13:57:59,443 - epoch:2, training loss:0.1841 validation loss:0.0503
Updating learning rate to 5.201119166142244e-05
Updating learning rate to 5.201119166142244e-05
18412 2632 5260 0.7 0.2 26304
train 17981
vs, vt 0.04767544578128266 0.04787293665767091
2023-07-24 13:58:33,750 - epoch:3, training loss:0.1716 validation loss:0.0477
Updating learning rate to 7.601292185762613e-05
Updating learning rate to 7.601292185762613e-05
18412 2632 5260 0.7 0.2 26304
train 17981
vs, vt 0.05137883833135074 0.050952746579716414
2023-07-24 13:59:07,819 - epoch:4, training loss:0.1651 validation loss:0.0514
Updating learning rate to 9.357854262734886e-05
Updating learning rate to 9.357854262734886e-05
18412 2632 5260 0.7 0.2 26304
train 17981
vs, vt 0.04765111302265768 0.04557763947373104
2023-07-24 13:59:41,994 - epoch:5, training loss:0.1581 validation loss:0.0477
Updating learning rate to 9.999999966033092e-05
Updating learning rate to 9.999999966033092e-05
18412 2632 5260 0.7 0.2 26304
train 17981
vs, vt 0.04501697097746831 0.044874965588111174
2023-07-24 14:00:16,250 - epoch:6, training loss:0.1502 validation loss:0.0450
Updating learning rate to 9.957148372299848e-05
Updating learning rate to 9.957148372299848e-05
18412 2632 5260 0.7 0.2 26304
train 17981
vs, vt 0.041457107981795784 0.04135759007302845
2023-07-24 14:00:50,426 - epoch:7, training loss:0.1417 validation loss:0.0415
Updating learning rate to 9.829478937740917e-05
Updating learning rate to 9.829478937740917e-05
18412 2632 5260 0.7 0.2 26304
train 17981
vs, vt 0.04243618601335669 0.042516023693781976
2023-07-24 14:01:24,692 - epoch:8, training loss:0.1341 validation loss:0.0424
Updating learning rate to 9.619176121778259e-05
Updating learning rate to 9.619176121778259e-05
18412 2632 5260 0.7 0.2 26304
train 17981
vs, vt 0.045964387696494094 0.04550946196365469
2023-07-24 14:01:58,906 - epoch:9, training loss:0.1288 validation loss:0.0460
Updating learning rate to 9.32983826389995e-05
Updating learning rate to 9.32983826389995e-05
18412 2632 5260 0.7 0.2 26304
train 17981
vs, vt 0.043532402793519526 0.04335105820974839
2023-07-24 14:02:33,341 - epoch:10, training loss:0.1254 validation loss:0.0435
Updating learning rate to 8.966416015073898e-05
Updating learning rate to 8.966416015073898e-05
18412 2632 5260 0.7 0.2 26304
train 17981
vs, vt 0.04164001371406909 0.04192031255729918
2023-07-24 14:03:07,521 - epoch:11, training loss:0.1211 validation loss:0.0416
Updating learning rate to 8.5351276307372e-05
Updating learning rate to 8.5351276307372e-05
18412 2632 5260 0.7 0.2 26304
train 17981
vs, vt 0.042962890516661995 0.04154862610494378
2023-07-24 14:03:41,661 - epoch:12, training loss:0.1167 validation loss:0.0430
Updating learning rate to 8.043352574721588e-05
Updating learning rate to 8.043352574721588e-05
18412 2632 5260 0.7 0.2 26304
train 17981
vs, vt 0.04130974454723252 0.0409094050245465
2023-07-24 14:04:15,887 - epoch:13, training loss:0.1147 validation loss:0.0413
Updating learning rate to 7.499505254581293e-05
Updating learning rate to 7.499505254581293e-05
18412 2632 5260 0.7 0.2 26304
train 17981
vs, vt 0.04090160703719974 0.041705219543673705
2023-07-24 14:04:50,178 - epoch:14, training loss:0.1116 validation loss:0.0409
Updating learning rate to 6.912891048746876e-05
Updating learning rate to 6.912891048746876e-05
18412 2632 5260 0.7 0.2 26304
train 17981
vs, vt 0.040135551607177695 0.040890481522154506
2023-07-24 14:05:24,357 - epoch:15, training loss:0.1083 validation loss:0.0401
Updating learning rate to 6.293547088920353e-05
Updating learning rate to 6.293547088920353e-05
18412 2632 5260 0.7 0.2 26304
train 17981
vs, vt 0.04104708974489813 0.040822034520126366
2023-07-24 14:05:58,409 - epoch:16, training loss:0.1061 validation loss:0.0410
Updating learning rate to 5.652070521968939e-05
Updating learning rate to 5.652070521968939e-05
18412 2632 5260 0.7 0.2 26304
train 17981
vs, vt 0.03978235926479101 0.04024804627475967
2023-07-24 14:06:32,752 - epoch:17, training loss:0.1032 validation loss:0.0398
Updating learning rate to 4.999437189804077e-05
Updating learning rate to 4.999437189804077e-05
18412 2632 5260 0.7 0.2 26304
train 17981
vs, vt 0.04176218523907493 0.04079181277456711
2023-07-24 14:07:07,153 - epoch:18, training loss:0.1013 validation loss:0.0418
Updating learning rate to 4.346813829683254e-05
Updating learning rate to 4.346813829683254e-05
18412 2632 5260 0.7 0.2 26304
train 17981
vs, vt 0.04040453289840488 0.039914083221939
2023-07-24 14:07:41,550 - epoch:19, training loss:0.0988 validation loss:0.0404
Updating learning rate to 3.705367008239516e-05
Updating learning rate to 3.705367008239516e-05
18412 2632 5260 0.7 0.2 26304
train 17981
vs, vt 0.03965166880040424 0.03876846772765026
2023-07-24 14:08:15,732 - epoch:20, training loss:0.0971 validation loss:0.0397
Updating learning rate to 3.086072058430419e-05
Updating learning rate to 3.086072058430419e-05
18412 2632 5260 0.7 0.2 26304
train 17981
vs, vt 0.03976729774332178 0.039244203268895925
2023-07-24 14:08:50,163 - epoch:21, training loss:0.0951 validation loss:0.0398
Updating learning rate to 2.499525288548201e-05
Updating learning rate to 2.499525288548201e-05
18412 2632 5260 0.7 0.2 26304
train 17981
vs, vt 0.03973499687575975 0.039124877057360403
2023-07-24 14:09:24,470 - epoch:22, training loss:0.0939 validation loss:0.0397
Updating learning rate to 1.9557626764470303e-05
Updating learning rate to 1.9557626764470303e-05
18412 2632 5260 0.7 0.2 26304
train 17981
vs, vt 0.038917814448780425 0.03893253454095069
2023-07-24 14:09:58,693 - epoch:23, training loss:0.0922 validation loss:0.0389
Updating learning rate to 1.4640881511794355e-05
Updating learning rate to 1.4640881511794355e-05
18412 2632 5260 0.7 0.2 26304
train 17981
vs, vt 0.038861646261300495 0.03903667494924095
2023-07-24 14:10:33,394 - epoch:24, training loss:0.0908 validation loss:0.0389
Updating learning rate to 1.0329144001906798e-05
Updating learning rate to 1.0329144001906798e-05
18412 2632 5260 0.7 0.2 26304
train 17981
vs, vt 0.039099527698642805 0.03873232734805477
2023-07-24 14:11:07,808 - epoch:25, training loss:0.0902 validation loss:0.0391
Updating learning rate to 6.696189259041272e-06
Updating learning rate to 6.696189259041272e-06
18412 2632 5260 0.7 0.2 26304
train 17981
vs, vt 0.03848909900623298 0.038286791672145236
2023-07-24 14:11:42,501 - epoch:26, training loss:0.0893 validation loss:0.0385
Updating learning rate to 3.804178146093549e-06
Updating learning rate to 3.804178146093549e-06
18412 2632 5260 0.7 0.2 26304
train 17981
vs, vt 0.03870603836686263 0.0385829076118205
2023-07-24 14:12:17,184 - epoch:27, training loss:0.0886 validation loss:0.0387
Updating learning rate to 1.7025937750231399e-06
Updating learning rate to 1.7025937750231399e-06
18412 2632 5260 0.7 0.2 26304
train 17981
vs, vt 0.038386565498398535 0.03834130380115232
2023-07-24 14:12:51,822 - epoch:28, training loss:0.0882 validation loss:0.0384
Updating learning rate to 4.2739483708831805e-07
Updating learning rate to 4.2739483708831805e-07
18412 2632 5260 0.7 0.2 26304
train 17981
vs, vt 0.038464770128118726 0.03842402381072723
2023-07-24 14:13:26,313 - epoch:29, training loss:0.0878 validation loss:0.0385
Updating learning rate to 4.003396690830917e-10
Updating learning rate to 4.003396690830917e-10
2023-07-24 14:13:27,762 - [*] loss:0.0894
2023-07-24 14:13:27,764 - [*] phase 0, testing
2023-07-24 14:13:27,772 - T:96	MAE	0.188447	RMSE	0.089471	MAPE	189.731872
2023-07-24 14:13:27,772 - 96	mae	0.1884	
2023-07-24 14:13:27,772 - 96	rmse	0.0895	
2023-07-24 14:13:27,772 - 96	mape	189.7319	
