2023-07-24 14:13:29,742 - logger name:exp/ECL-PatchTST2023-07-24-14:13:29.742314/ECL-PatchTST.log
2023-07-24 14:13:29,742 - params : {'conf': 'ECL-PatchTST', 'data_name': 'electricity', 'iteration': 1, 'load': True, 'build_graph': False, 'root_path': '', 'exp_path': 'exp/', 'val_test_mix': False, 'pred_len': 96, 'noise_rate': 0.1, 'device': device(type='cuda', index=0), 'test_model_path': '/Disk/fhyega/code/BASE/exp/ECL-PatchTST2023-07-23-21:59:42.618606/0/0.0379_epoch_25.pkl', 'idx': 89, 'aligner': 0, 'refiner': 1, 'seed': 2022, '/* model related args*/': '//', 'model_name': 'PatchTST', 'seq_len': 336, 'label_len': 48, 'features': 'M', 'target': 'OT', 'graph_input': False, 'individual': False, 'e_layers': 3, 'd_layers': 1, 'factor': 1, 'n_heads': 16, 'd_model': 128, 'd_ff': 256, 'dropout': 0.2, 'fc_dropout': 0.2, 'head_dropout': 0.0, 'patch_len': 16, 'stride': 8, 'des': 'Exp', 'padding_patch': 'end', 'revin': 1, 'affine': 0, 'subtract_last': 0, 'decomposition': 0, 'kernel_size': 25, 'output_attention': 0, 'embed_type': 0, 'activation': 'gelu', 'lradj': 'TST', 'distil': 1, 'linear_output': 1, 'pct_start': 0.2, '/*train related args*/': '//', 'train': True, 'epoch': 30, 'batch_size': 16, 'lr': 0.0001, 'loss': 'mse', '/*dataset related args*/': '//', 'save_data_path': 'data/ECL/', 'data_process': False, 'embed': 'timeF', 'freq': 'h', 'begin_phase': 0, 'end_phase': 1, 'phase_len': 26304, 'val_ratio': 0.33, 'graph_size': 321, '/*strategy related args*/': '//', 'strategy': 'incremental', 'increase': False, 'detect': False, 'detect_strategy': 'feature', 'replay': False, 'replay_strategy': 'random', 'repaly_num_samples': 100, 'ewc': False, 'ewc_strategy': 'ewc', 'ewc_lambda': 0.0001, 'subgraph_train': False, 'num_hops': 2, 'logname': 'ECL-PatchTST', 'time': '2023-07-24-14:13:29.742314', 'path': 'exp/ECL-PatchTST2023-07-24-14:13:29.742314', 'num_workers': 4, 'start_train': 0, 'logger': <Logger __main__ (INFO)>}
2023-07-24 14:13:29,742 - [*] phase 0 start training
18412 2632 5260 0.7 0.2 26304
train 17981
18412 2632 5260 0.7 0.2 26304
val 2537
18412 2632 5260 0.7 0.2 26304
test 5165
2023-07-24 14:13:32,893 - [*] phase 0 Dataset load!
2023-07-24 14:13:33,724 - [*] phase 0 Training start
18412 2632 5260 0.7 0.2 26304
train 17981
2023-07-24 14:13:55,145 - epoch:0, training loss:0.2356 validation loss:0.0653
18412 2632 5260 0.7 0.2 26304
train 17981
vs, vt 0.06526476457574458 0.06465095159767559
Updating learning rate to 1.0432646020812621e-05
Updating learning rate to 1.0432646020812621e-05
18412 2632 5260 0.7 0.2 26304
train 17981
vs, vt 0.05249135568737984 0.05214989540875895
2023-07-24 14:14:46,615 - epoch:1, training loss:0.2316 validation loss:0.0525
Updating learning rate to 2.8006461798705615e-05
Updating learning rate to 2.8006461798705615e-05
18412 2632 5260 0.7 0.2 26304
train 17981
vs, vt 0.04841852094978094 0.047913743563746135
2023-07-24 14:15:21,225 - epoch:2, training loss:0.1846 validation loss:0.0484
Updating learning rate to 5.201119166142244e-05
Updating learning rate to 5.201119166142244e-05
18412 2632 5260 0.7 0.2 26304
train 17981
vs, vt 0.047107595323625975 0.04773166226867422
2023-07-24 14:15:55,964 - epoch:3, training loss:0.1720 validation loss:0.0471
Updating learning rate to 7.601292185762613e-05
Updating learning rate to 7.601292185762613e-05
18412 2632 5260 0.7 0.2 26304
train 17981
vs, vt 0.05538482890235928 0.05660017673511925
2023-07-24 14:16:30,888 - epoch:4, training loss:0.1646 validation loss:0.0554
Updating learning rate to 9.357854262734886e-05
Updating learning rate to 9.357854262734886e-05
18412 2632 5260 0.7 0.2 26304
train 17981
vs, vt 0.04630469049930385 0.0452005039818538
2023-07-24 14:17:05,792 - epoch:5, training loss:0.1565 validation loss:0.0463
Updating learning rate to 9.999999966033092e-05
Updating learning rate to 9.999999966033092e-05
18412 2632 5260 0.7 0.2 26304
train 17981
vs, vt 0.047258948315661284 0.04755694241667131
2023-07-24 14:17:41,000 - epoch:6, training loss:0.1479 validation loss:0.0473
Updating learning rate to 9.957148372299848e-05
Updating learning rate to 9.957148372299848e-05
18412 2632 5260 0.7 0.2 26304
train 17981
vs, vt 0.045150280824669126 0.04560705783935088
2023-07-24 14:18:15,901 - epoch:7, training loss:0.1414 validation loss:0.0452
Updating learning rate to 9.829478937740917e-05
Updating learning rate to 9.829478937740917e-05
18412 2632 5260 0.7 0.2 26304
train 17981
vs, vt 0.04363867126217803 0.043636673317530995
2023-07-24 14:18:50,756 - epoch:8, training loss:0.1349 validation loss:0.0436
Updating learning rate to 9.619176121778259e-05
Updating learning rate to 9.619176121778259e-05
18412 2632 5260 0.7 0.2 26304
train 17981
vs, vt 0.042335461145676906 0.04365852111423353
2023-07-24 14:19:25,538 - epoch:9, training loss:0.1285 validation loss:0.0423
Updating learning rate to 9.32983826389995e-05
Updating learning rate to 9.32983826389995e-05
18412 2632 5260 0.7 0.2 26304
train 17981
vs, vt 0.0445065883298715 0.04225693422270083
2023-07-24 14:20:00,331 - epoch:10, training loss:0.1247 validation loss:0.0445
Updating learning rate to 8.966416015073898e-05
Updating learning rate to 8.966416015073898e-05
18412 2632 5260 0.7 0.2 26304
train 17981
vs, vt 0.04401428290531508 0.04374928350718516
2023-07-24 14:20:34,921 - epoch:11, training loss:0.1205 validation loss:0.0440
Updating learning rate to 8.5351276307372e-05
Updating learning rate to 8.5351276307372e-05
18412 2632 5260 0.7 0.2 26304
train 17981
vs, vt 0.04112386008220836 0.040428581190699676
2023-07-24 14:21:10,071 - epoch:12, training loss:0.1171 validation loss:0.0411
Updating learning rate to 8.043352574721588e-05
Updating learning rate to 8.043352574721588e-05
18412 2632 5260 0.7 0.2 26304
train 17981
vs, vt 0.040335759371167644 0.04059142386247902
2023-07-24 14:21:44,892 - epoch:13, training loss:0.1137 validation loss:0.0403
Updating learning rate to 7.499505254581293e-05
Updating learning rate to 7.499505254581293e-05
18412 2632 5260 0.7 0.2 26304
train 17981
vs, vt 0.0399400602217834 0.03994501471144598
2023-07-24 14:22:19,787 - epoch:14, training loss:0.1106 validation loss:0.0399
Updating learning rate to 6.912891048746876e-05
Updating learning rate to 6.912891048746876e-05
18412 2632 5260 0.7 0.2 26304
train 17981
vs, vt 0.042088253789657505 0.04195305160920387
2023-07-24 14:22:54,928 - epoch:15, training loss:0.1082 validation loss:0.0421
Updating learning rate to 6.293547088920353e-05
Updating learning rate to 6.293547088920353e-05
18412 2632 5260 0.7 0.2 26304
train 17981
vs, vt 0.04107033382257763 0.040241568191152696
2023-07-24 14:23:29,639 - epoch:16, training loss:0.1054 validation loss:0.0411
Updating learning rate to 5.652070521968939e-05
Updating learning rate to 5.652070521968939e-05
18412 2632 5260 0.7 0.2 26304
train 17981
vs, vt 0.04130689575448163 0.0409164432752526
2023-07-24 14:24:03,951 - epoch:17, training loss:0.1027 validation loss:0.0413
Updating learning rate to 4.999437189804077e-05
Updating learning rate to 4.999437189804077e-05
18412 2632 5260 0.7 0.2 26304
train 17981
vs, vt 0.040227638891423646 0.039113427934078675
2023-07-24 14:24:38,488 - epoch:18, training loss:0.1006 validation loss:0.0402
Updating learning rate to 4.346813829683254e-05
Updating learning rate to 4.346813829683254e-05
18412 2632 5260 0.7 0.2 26304
train 17981
vs, vt 0.04016638000981894 0.038691557311224485
2023-07-24 14:25:13,223 - epoch:19, training loss:0.0986 validation loss:0.0402
Updating learning rate to 3.705367008239516e-05
Updating learning rate to 3.705367008239516e-05
18412 2632 5260 0.7 0.2 26304
train 17981
vs, vt 0.04030890117908986 0.03969189162371949
2023-07-24 14:25:47,879 - epoch:20, training loss:0.0966 validation loss:0.0403
Updating learning rate to 3.086072058430419e-05
Updating learning rate to 3.086072058430419e-05
18412 2632 5260 0.7 0.2 26304
train 17981
vs, vt 0.04012174965263163 0.03925730364174588
2023-07-24 14:26:22,712 - epoch:21, training loss:0.0948 validation loss:0.0401
Updating learning rate to 2.499525288548201e-05
Updating learning rate to 2.499525288548201e-05
18412 2632 5260 0.7 0.2 26304
train 17981
vs, vt 0.0393522573289397 0.038544276342639384
2023-07-24 14:26:57,429 - epoch:22, training loss:0.0932 validation loss:0.0394
Updating learning rate to 1.9557626764470303e-05
Updating learning rate to 1.9557626764470303e-05
18412 2632 5260 0.7 0.2 26304
train 17981
vs, vt 0.04047586223251134 0.038850743218131784
2023-07-24 14:27:32,119 - epoch:23, training loss:0.0921 validation loss:0.0405
Updating learning rate to 1.4640881511794355e-05
Updating learning rate to 1.4640881511794355e-05
18412 2632 5260 0.7 0.2 26304
train 17981
vs, vt 0.03923195105268614 0.038122106651019935
2023-07-24 14:28:06,636 - epoch:24, training loss:0.0910 validation loss:0.0392
Updating learning rate to 1.0329144001906798e-05
Updating learning rate to 1.0329144001906798e-05
18412 2632 5260 0.7 0.2 26304
train 17981
vs, vt 0.03954534722000079 0.03852334589574416
2023-07-24 14:28:41,347 - epoch:25, training loss:0.0899 validation loss:0.0395
Updating learning rate to 6.696189259041272e-06
Updating learning rate to 6.696189259041272e-06
18412 2632 5260 0.7 0.2 26304
train 17981
vs, vt 0.03873775477093533 0.03802190384821697
2023-07-24 14:29:16,046 - epoch:26, training loss:0.0891 validation loss:0.0387
Updating learning rate to 3.804178146093549e-06
Updating learning rate to 3.804178146093549e-06
18412 2632 5260 0.7 0.2 26304
train 17981
vs, vt 0.038728601609667145 0.03775742885205637
2023-07-24 14:29:50,314 - epoch:27, training loss:0.0883 validation loss:0.0387
Updating learning rate to 1.7025937750231399e-06
Updating learning rate to 1.7025937750231399e-06
18412 2632 5260 0.7 0.2 26304
train 17981
vs, vt 0.0387372465675357 0.037867602924435584
2023-07-24 14:30:24,747 - epoch:28, training loss:0.0881 validation loss:0.0387
Updating learning rate to 4.2739483708831805e-07
Updating learning rate to 4.2739483708831805e-07
18412 2632 5260 0.7 0.2 26304
train 17981
vs, vt 0.03875203691305792 0.03766230696741984
2023-07-24 14:30:59,042 - epoch:29, training loss:0.0879 validation loss:0.0388
Updating learning rate to 4.003396690830917e-10
Updating learning rate to 4.003396690830917e-10
2023-07-24 14:31:00,455 - [*] loss:0.0889
2023-07-24 14:31:00,457 - [*] phase 0, testing
2023-07-24 14:31:00,466 - T:96	MAE	0.187608	RMSE	0.088908	MAPE	194.954848
2023-07-24 14:31:00,466 - 96	mae	0.1876	
2023-07-24 14:31:00,466 - 96	rmse	0.0889	
2023-07-24 14:31:00,466 - 96	mape	194.9548	
