2023-07-29 10:27:23,871 - logger name:exp/ECL-PatchTST2023-07-29-10:27:23.870929/ECL-PatchTST.log
2023-07-29 10:27:23,871 - params : {'conf': 'ECL-PatchTST', 'data_name': 'electricity', 'iteration': 1, 'load': True, 'build_graph': False, 'same_init': True, 'grad_norm': False, 'refiner_no_residual': False, 'root_path': '', 'exp_path': 'exp/', 'val_test_mix': False, 'pred_len': 96, 'noise_rate': 0.2, 'device': device(type='cuda', index=0), 'test_model_path': '/Disk/fhyega/code/BASE/exp/ECL-PatchTST2023-07-23-21:59:42.618606/0/0.0379_epoch_25.pkl', 'idx': -1, 'aligner': 1, 'always_align': 1, 'refiner': 0, 'refiner_block_num': 1, 'enhance': 0, 'enhance_type': 0, 'seed': 2022, 'batch_size': 8, '/* model related args*/': '//', 'model_name': 'PatchTST', 'seq_len': 336, 'label_len': 48, 'features': 'M', 'target': 'OT', 'graph_input': False, 'individual': False, 'e_layers': 3, 'd_layers': 1, 'factor': 1, 'n_heads': 16, 'd_model': 128, 'd_ff': 256, 'dropout': 0.2, 'fc_dropout': 0.2, 'head_dropout': 0.0, 'patch_len': 16, 'stride': 8, 'des': 'Exp', 'padding_patch': 'end', 'revin': 1, 'affine': 0, 'subtract_last': 0, 'decomposition': 0, 'kernel_size': 25, 'output_attention': 0, 'embed_type': 0, 'activation': 'gelu', 'lradj': 'TST', 'distil': 1, 'linear_output': 1, 'pct_start': 0.2, '/*train related args*/': '//', 'train': True, 'epoch': 30, 'lr': 0.0001, 'loss': 'mse', '/*dataset related args*/': '//', 'save_data_path': 'data/ECL/', 'data_process': True, 'embed': 'timeF', 'freq': 'h', 'begin_phase': 0, 'end_phase': 1, 'phase_len': 26304, 'val_ratio': 0.33, 'graph_size': 321, '/*strategy related args*/': '//', 'strategy': 'incremental', 'increase': False, 'detect': False, 'detect_strategy': 'feature', 'replay': False, 'replay_strategy': 'random', 'repaly_num_samples': 100, 'ewc': False, 'ewc_strategy': 'ewc', 'ewc_lambda': 0.0001, 'subgraph_train': False, 'num_hops': 2, 'logname': 'ECL-PatchTST', 'time': '2023-07-29-10:27:23.870929', 'path': 'exp/ECL-PatchTST2023-07-29-10:27:23.870929', 'num_workers': 4, 'start_train': 0, 'train_mode': 'pretrain', 'get_score': False, 'use_cm': True, 'logger': <Logger __main__ (INFO)>}
2023-07-29 10:27:23,871 - [*] phase 0 start training
0 26304
18412 2632 5260 0.7 0.2 26304
train 17981
18412 2632 5260 0.7 0.2 26304
val 2537
18412 2632 5260 0.7 0.2 26304
test 5165
2023-07-29 10:27:36,073 - [*] phase 0 Dataset load!
2023-07-29 10:27:36,915 - [*] phase 0 Training start
18412 2632 5260 0.7 0.2 26304
train 17981
2023-07-29 10:47:31,976 - epoch:0, training loss:0.2679 validation loss:0.1553
18412 2632 5260 0.7 0.2 26304
train 17981
vs, vt 0.15526007489523283 0.15445819948064654
Updating learning rate to 1.0431712803889287e-05
Updating learning rate to 1.0431712803889287e-05
18412 2632 5260 0.7 0.2 26304
train 17981
vs, vt 0.14944876479013786 0.14531353748066136
2023-07-29 11:25:13,542 - epoch:1, training loss:2.3025 validation loss:0.1494
Updating learning rate to 2.800322914923577e-05
Updating learning rate to 2.800322914923577e-05
18412 2632 5260 0.7 0.2 26304
train 17981
vs, vt 0.14418158664053807 0.14170175278703495
2023-07-29 11:50:39,656 - epoch:2, training loss:0.9429 validation loss:0.1442
Updating learning rate to 5.200559292511799e-05
Updating learning rate to 5.200559292511799e-05
18412 2632 5260 0.7 0.2 26304
train 17981
vs, vt 0.14316691324437736 0.14061673431896574
2023-07-29 12:16:07,717 - epoch:3, training loss:0.7313 validation loss:0.1432
Updating learning rate to 7.600645786399634e-05
Updating learning rate to 7.600645786399634e-05
18412 2632 5260 0.7 0.2 26304
train 17981
vs, vt 0.143020016536255 0.14077958191280762
2023-07-29 12:41:35,882 - epoch:4, training loss:0.6368 validation loss:0.1430
Updating learning rate to 9.357387936871244e-05
Updating learning rate to 9.357387936871244e-05
18412 2632 5260 0.7 0.2 26304
train 17981
vs, vt 0.14222512727505282 0.13927757082616582
2023-07-29 13:07:09,214 - epoch:5, training loss:0.6097 validation loss:0.1422
Updating learning rate to 9.99999999151583e-05
Updating learning rate to 9.99999999151583e-05
18412 2632 5260 0.7 0.2 26304
train 17981
vs, vt 0.13930742665202625 0.1370232986061381
2023-07-29 13:32:42,948 - epoch:6, training loss:0.6140 validation loss:0.1393
Updating learning rate to 9.9571864504898e-05
Updating learning rate to 9.9571864504898e-05
18412 2632 5260 0.7 0.2 26304
train 17981
vs, vt 0.1381431026816737 0.13571210512343576
2023-07-29 13:58:30,928 - epoch:7, training loss:0.6300 validation loss:0.1381
Updating learning rate to 9.829554417109698e-05
Updating learning rate to 9.829554417109698e-05
18412 2632 5260 0.7 0.2 26304
train 17981
vs, vt 0.13747708775080025 0.1349369721031595
2023-07-29 14:24:24,183 - epoch:8, training loss:0.6475 validation loss:0.1375
Updating learning rate to 9.619287710852942e-05
Updating learning rate to 9.619287710852942e-05
18412 2632 5260 0.7 0.2 26304
train 17981
vs, vt 0.13689085931139464 0.13353355292334645
2023-07-29 14:56:54,767 - epoch:9, training loss:0.6565 validation loss:0.1369
Updating learning rate to 9.329984053360527e-05
Updating learning rate to 9.329984053360527e-05
18412 2632 5260 0.7 0.2 26304
train 17981
vs, vt 0.13544346513255462 0.13525933720425187
2023-07-29 15:26:50,348 - epoch:10, training loss:0.6527 validation loss:0.1354
Updating learning rate to 8.966593510422282e-05
Updating learning rate to 8.966593510422282e-05
18412 2632 5260 0.7 0.2 26304
train 17981
vs, vt 0.13501167198175987 0.13316834230125874
2023-07-29 15:56:47,260 - epoch:11, training loss:0.6350 validation loss:0.1350
Updating learning rate to 8.535333794978767e-05
Updating learning rate to 8.535333794978767e-05
18412 2632 5260 0.7 0.2 26304
train 17981
vs, vt 0.1342670279482939 0.133836532617132
2023-07-29 16:22:43,415 - epoch:12, training loss:0.6114 validation loss:0.1343
Updating learning rate to 8.043583880329002e-05
Updating learning rate to 8.043583880329002e-05
18412 2632 5260 0.7 0.2 26304
train 17981
vs, vt 0.13386330648610836 0.13239880621248723
2023-07-29 16:48:39,230 - epoch:13, training loss:0.5887 validation loss:0.1339
Updating learning rate to 7.499757743851482e-05
Updating learning rate to 7.499757743851482e-05
18412 2632 5260 0.7 0.2 26304
train 17981
vs, vt 0.13403622611157665 0.13278926597567903
2023-07-29 17:14:34,649 - epoch:14, training loss:0.5658 validation loss:0.1340
Updating learning rate to 6.913160401518429e-05
Updating learning rate to 6.913160401518429e-05
18412 2632 5260 0.7 0.2 26304
train 17981
vs, vt 0.1341243395495341 0.13185101654092224
2023-07-29 17:40:28,204 - epoch:15, training loss:0.5636 validation loss:0.1341
Updating learning rate to 6.293828696492663e-05
Updating learning rate to 6.293828696492663e-05
18412 2632 5260 0.7 0.2 26304
train 17981
vs, vt 0.134561063508408 0.13208245292259813
2023-07-29 18:06:23,975 - epoch:16, training loss:0.5535 validation loss:0.1346
Updating learning rate to 5.652359565958372e-05
Updating learning rate to 5.652359565958372e-05
18412 2632 5260 0.7 0.2 26304
train 17981
vs, vt 0.13309586890064895 0.13186320054687953
2023-07-29 18:32:18,089 - epoch:17, training loss:0.5402 validation loss:0.1331
Updating learning rate to 4.999728724587835e-05
Updating learning rate to 4.999728724587835e-05
18412 2632 5260 0.7 0.2 26304
train 17981
vs, vt 0.13246545793009987 0.1317108963319207
2023-07-29 18:58:15,822 - epoch:18, training loss:0.5402 validation loss:0.1325
Updating learning rate to 4.347102867020358e-05
Updating learning rate to 4.347102867020358e-05
18412 2632 5260 0.7 0.2 26304
train 17981
vs, vt 0.1328856762579351 0.13106298797270832
2023-07-29 19:24:13,373 - epoch:19, training loss:0.5336 validation loss:0.1329
Updating learning rate to 3.705648602620991e-05
Updating learning rate to 3.705648602620991e-05
18412 2632 5260 0.7 0.2 26304
train 17981
vs, vt 0.1323416305723205 0.130843361937686
2023-07-29 19:50:46,469 - epoch:20, training loss:0.5350 validation loss:0.1323
Updating learning rate to 3.086341391698327e-05
Updating learning rate to 3.086341391698327e-05
18412 2632 5260 0.7 0.2 26304
train 17981
vs, vt 0.13174856739009128 0.13060880642695694
2023-07-29 20:16:56,822 - epoch:21, training loss:0.5293 validation loss:0.1317
Updating learning rate to 2.4997777523356542e-05
Updating learning rate to 2.4997777523356542e-05
18412 2632 5260 0.7 0.2 26304
train 17981
vs, vt 0.13198202173730167 0.13032646431088818
2023-07-29 20:42:56,641 - epoch:22, training loss:0.5236 validation loss:0.1320
Updating learning rate to 1.955993951028629e-05
Updating learning rate to 1.955993951028629e-05
18412 2632 5260 0.7 0.2 26304
train 17981
vs, vt 0.13212175722646272 0.13053836964139998
2023-07-29 21:08:58,003 - epoch:23, training loss:0.5225 validation loss:0.1321
Updating learning rate to 1.4642942793829668e-05
Updating learning rate to 1.4642942793829668e-05
18412 2632 5260 0.7 0.2 26304
train 17981
vs, vt 0.13155531833646097 0.13027825018523648
2023-07-29 21:34:56,596 - epoch:24, training loss:0.5181 validation loss:0.1316
Updating learning rate to 1.0330918551054317e-05
Updating learning rate to 1.0330918551054317e-05
18412 2632 5260 0.7 0.2 26304
train 17981
vs, vt 0.13150381757056012 0.13017995657843334
2023-07-29 22:01:03,222 - epoch:25, training loss:0.5157 validation loss:0.1315
Updating learning rate to 6.697646712273085e-06
Updating learning rate to 6.697646712273085e-06
18412 2632 5260 0.7 0.2 26304
train 17981
vs, vt 0.1315436855235336 0.1301574525956768
2023-07-29 22:27:07,822 - epoch:26, training loss:0.5143 validation loss:0.1315
Updating learning rate to 3.8052935659807757e-06
Updating learning rate to 3.8052935659807757e-06
18412 2632 5260 0.7 0.2 26304
train 17981
vs, vt 0.13133913035224834 0.13017899493453303
2023-07-29 22:53:15,207 - epoch:27, training loss:0.5142 validation loss:0.1313
Updating learning rate to 1.7033480764222616e-06
Updating learning rate to 1.7033480764222616e-06
18412 2632 5260 0.7 0.2 26304
train 17981
vs, vt 0.13137729179932975 0.13017305817120584
2023-07-29 23:19:17,513 - epoch:28, training loss:0.5143 validation loss:0.1314
Updating learning rate to 4.277751136932553e-07
Updating learning rate to 4.277751136932553e-07
18412 2632 5260 0.7 0.2 26304
train 17981
vs, vt 0.13129864748417408 0.13010512155137563
2023-07-29 23:45:19,307 - epoch:29, training loss:0.5132 validation loss:0.1313
Updating learning rate to 4.000848417051328e-10
Updating learning rate to 4.000848417051328e-10
check exp/ECL-PatchTST2023-07-29-10:27:23.870929/0/0.1313_epoch_29.pkl  &  0.13010512155137563
2023-07-29 23:46:37,618 - [*] loss:0.1313
2023-07-29 23:46:38,899 - [*] phase 0, testing
2023-07-29 23:46:57,617 - T:96	MAE	0.224251	RMSE	0.131283	MAPE	226.395702
2023-07-29 23:46:57,661 - 96	mae	0.2243	
2023-07-29 23:46:57,661 - 96	rmse	0.1313	
2023-07-29 23:46:57,661 - 96	mape	226.3957	
2023-07-29 23:48:13,403 - [*] loss:0.1301
2023-07-29 23:48:14,739 - [*] phase 0, testing
2023-07-29 23:48:36,099 - T:96	MAE	0.219492	RMSE	0.130089	MAPE	221.525598
2023-07-29 23:48:36,123 - 96	mae	0.2195	
2023-07-29 23:48:36,123 - 96	rmse	0.1301	
2023-07-29 23:48:36,123 - 96	mape	221.5256	
