2023-07-28 15:52:00,348 - logger name:exp/ECL-PatchTST2023-07-28-15:52:00.348535/ECL-PatchTST.log
2023-07-28 15:52:00,348 - params : {'conf': 'ECL-PatchTST', 'data_name': 'electricity', 'iteration': 1, 'load': True, 'build_graph': False, 'same_init': True, 'grad_norm': False, 'refiner_no_residual': False, 'root_path': '', 'exp_path': 'exp/', 'val_test_mix': False, 'pred_len': 96, 'noise_rate': 0.2, 'device': device(type='cuda', index=0), 'test_model_path': '/Disk/fhyega/code/BASE/exp/ECL-PatchTST2023-07-23-21:59:42.618606/0/0.0379_epoch_25.pkl', 'idx': -1, 'aligner': 1, 'always_align': 1, 'refiner': 0, 'refiner_block_num': 1, 'enhance': 0, 'seed': 2022, 'batch_size': 8, '/* model related args*/': '//', 'model_name': 'PatchTST', 'seq_len': 336, 'label_len': 48, 'features': 'M', 'target': 'OT', 'graph_input': False, 'individual': False, 'e_layers': 3, 'd_layers': 1, 'factor': 1, 'n_heads': 16, 'd_model': 128, 'd_ff': 256, 'dropout': 0.2, 'fc_dropout': 0.2, 'head_dropout': 0.0, 'patch_len': 16, 'stride': 8, 'des': 'Exp', 'padding_patch': 'end', 'revin': 1, 'affine': 0, 'subtract_last': 0, 'decomposition': 0, 'kernel_size': 25, 'output_attention': 0, 'embed_type': 0, 'activation': 'gelu', 'lradj': 'TST', 'distil': 1, 'linear_output': 1, 'pct_start': 0.2, '/*train related args*/': '//', 'train': True, 'epoch': 30, 'lr': 0.0001, 'loss': 'mse', '/*dataset related args*/': '//', 'save_data_path': 'data/ECL/', 'data_process': True, 'embed': 'timeF', 'freq': 'h', 'begin_phase': 0, 'end_phase': 1, 'phase_len': 26304, 'val_ratio': 0.33, 'graph_size': 321, '/*strategy related args*/': '//', 'strategy': 'incremental', 'increase': False, 'detect': False, 'detect_strategy': 'feature', 'replay': False, 'replay_strategy': 'random', 'repaly_num_samples': 100, 'ewc': False, 'ewc_strategy': 'ewc', 'ewc_lambda': 0.0001, 'subgraph_train': False, 'num_hops': 2, 'logname': 'ECL-PatchTST', 'time': '2023-07-28-15:52:00.348535', 'path': 'exp/ECL-PatchTST2023-07-28-15:52:00.348535', 'num_workers': 4, 'start_train': 0, 'train_mode': 'pretrain', 'get_score': False, 'use_cm': True, 'logger': <Logger __main__ (INFO)>}
2023-07-28 15:52:00,349 - [*] phase 0 start training
0 26304
18412 2632 5260 0.7 0.2 26304
train 17981
18412 2632 5260 0.7 0.2 26304
val 2537
18412 2632 5260 0.7 0.2 26304
test 5165
2023-07-28 15:52:13,323 - [*] phase 0 Dataset load!
2023-07-28 15:52:14,271 - [*] phase 0 Training start
18412 2632 5260 0.7 0.2 26304
train 17981
2023-07-28 16:11:10,943 - epoch:0, training loss:0.2679 validation loss:0.1553
18412 2632 5260 0.7 0.2 26304
train 17981
vs, vt 0.15526007489523283 0.15445819948064654
Updating learning rate to 1.0431712803889287e-05
Updating learning rate to 1.0431712803889287e-05
18412 2632 5260 0.7 0.2 26304
train 17981
vs, vt 0.14629686025227925 0.14531353748066136
2023-07-28 16:49:33,527 - epoch:1, training loss:0.5951 validation loss:0.1463
Updating learning rate to 2.800322914923577e-05
Updating learning rate to 2.800322914923577e-05
18412 2632 5260 0.7 0.2 26304
train 17981
vs, vt 0.14277075248375395 0.1416289313312839
2023-07-28 17:15:01,987 - epoch:2, training loss:0.4307 validation loss:0.1428
Updating learning rate to 5.200559292511799e-05
Updating learning rate to 5.200559292511799e-05
18412 2632 5260 0.7 0.2 26304
train 17981
vs, vt 0.14269766173449464 0.14050543272504495
2023-07-28 17:40:15,741 - epoch:3, training loss:0.3748 validation loss:0.1427
Updating learning rate to 7.600645786399634e-05
Updating learning rate to 7.600645786399634e-05
18412 2632 5260 0.7 0.2 26304
train 17981
vs, vt 0.14134408632760445 0.1407946048783075
2023-07-28 18:05:36,853 - epoch:4, training loss:0.3471 validation loss:0.1413
Updating learning rate to 9.357387936871244e-05
Updating learning rate to 9.357387936871244e-05
18412 2632 5260 0.7 0.2 26304
train 17981
vs, vt 0.14119138147670418 0.13903724238414883
2023-07-28 18:35:12,692 - epoch:5, training loss:0.3377 validation loss:0.1412
Updating learning rate to 9.99999999151583e-05
Updating learning rate to 9.99999999151583e-05
18412 2632 5260 0.7 0.2 26304
train 17981
vs, vt 0.13808383406269661 0.13679447572897463
2023-07-28 19:03:45,862 - epoch:6, training loss:0.3387 validation loss:0.1381
Updating learning rate to 9.9571864504898e-05
Updating learning rate to 9.9571864504898e-05
18412 2632 5260 0.7 0.2 26304
train 17981
