2023-07-27 09:34:37,369 - logger name:exp/ECL-PatchTST2023-07-27-09:34:37.369081/ECL-PatchTST.log
2023-07-27 09:34:37,369 - params : {'conf': 'ECL-PatchTST', 'data_name': 'electricity', 'iteration': 1, 'load': True, 'build_graph': False, 'same_init': True, 'grad_norm': False, 'refiner_no_residual': False, 'root_path': '', 'exp_path': 'exp/', 'val_test_mix': False, 'pred_len': 96, 'noise_rate': 0.5, 'device': device(type='cuda', index=0), 'test_model_path': '/Disk/fhyega/code/BASE/exp/ECL-PatchTST2023-07-23-21:59:42.618606/0/0.0379_epoch_25.pkl', 'idx': -1, 'aligner': 0, 'refiner': 0, 'refiner_block_num': 1, 'enhance': 0, 'seed': 2022, 'batch_size': 8, '/* model related args*/': '//', 'model_name': 'PatchTST', 'seq_len': 336, 'label_len': 48, 'features': 'M', 'target': 'OT', 'graph_input': False, 'individual': False, 'e_layers': 3, 'd_layers': 1, 'factor': 1, 'n_heads': 16, 'd_model': 128, 'd_ff': 256, 'dropout': 0.2, 'fc_dropout': 0.2, 'head_dropout': 0.0, 'patch_len': 16, 'stride': 8, 'des': 'Exp', 'padding_patch': 'end', 'revin': 1, 'affine': 0, 'subtract_last': 0, 'decomposition': 0, 'kernel_size': 25, 'output_attention': 0, 'embed_type': 0, 'activation': 'gelu', 'lradj': 'TST', 'distil': 1, 'linear_output': 1, 'pct_start': 0.2, '/*train related args*/': '//', 'train': True, 'epoch': 30, 'lr': 0.0001, 'loss': 'mse', '/*dataset related args*/': '//', 'save_data_path': 'data/ECL/', 'data_process': True, 'embed': 'timeF', 'freq': 'h', 'begin_phase': 0, 'end_phase': 1, 'phase_len': 26304, 'val_ratio': 0.33, 'graph_size': 321, '/*strategy related args*/': '//', 'strategy': 'incremental', 'increase': False, 'detect': False, 'detect_strategy': 'feature', 'replay': False, 'replay_strategy': 'random', 'repaly_num_samples': 100, 'ewc': False, 'ewc_strategy': 'ewc', 'ewc_lambda': 0.0001, 'subgraph_train': False, 'num_hops': 2, 'logname': 'ECL-PatchTST', 'time': '2023-07-27-09:34:37.369081', 'path': 'exp/ECL-PatchTST2023-07-27-09:34:37.369081', 'num_workers': 4, 'start_train': 0, 'train_mode': 'pretrain', 'get_score': False, 'use_cm': True, 'logger': <Logger __main__ (INFO)>}
2023-07-27 09:34:37,369 - [*] phase 0 start training
0 26304
18412 2632 5260 0.7 0.2 26304
train 17981
18412 2632 5260 0.7 0.2 26304
val 2537
18412 2632 5260 0.7 0.2 26304
test 5165
2023-07-27 09:34:50,939 - [*] phase 0 Dataset load!
2023-07-27 09:35:02,574 - [*] phase 0 Training start
18412 2632 5260 0.7 0.2 26304
train 17981
2023-07-27 09:49:52,266 - epoch:0, training loss:0.2679 validation loss:0.1342
18412 2632 5260 0.7 0.2 26304
train 17981
vs, vt 0.13415852917721435 0.13356658781193337
Updating learning rate to 1.0431712803889287e-05
Updating learning rate to 1.0431712803889287e-05
18412 2632 5260 0.7 0.2 26304
train 17981
vs, vt 0.12551314772674874 0.12415444518222749
2023-07-27 10:25:08,126 - epoch:1, training loss:0.2101 validation loss:0.1255
Updating learning rate to 2.800322914923577e-05
Updating learning rate to 2.800322914923577e-05
18412 2632 5260 0.7 0.2 26304
train 17981
vs, vt 0.12271561375204122 0.12132816204110032
2023-07-27 10:50:13,896 - epoch:2, training loss:0.1926 validation loss:0.1227
Updating learning rate to 5.200559292511799e-05
Updating learning rate to 5.200559292511799e-05
18412 2632 5260 0.7 0.2 26304
train 17981
vs, vt 0.12272716765789865 0.12044101170961212
2023-07-27 11:15:23,155 - epoch:3, training loss:0.1838 validation loss:0.1227
Updating learning rate to 7.600645786399634e-05
Updating learning rate to 7.600645786399634e-05
18412 2632 5260 0.7 0.2 26304
train 17981
vs, vt 0.12342511056541647 0.12062345105428365
2023-07-27 11:40:33,320 - epoch:4, training loss:0.1781 validation loss:0.1234
Updating learning rate to 9.357387936871244e-05
Updating learning rate to 9.357387936871244e-05
18412 2632 5260 0.7 0.2 26304
train 17981
vs, vt 0.12279612034465531 0.12001497924046696
2023-07-27 12:05:42,439 - epoch:5, training loss:0.1738 validation loss:0.1228
Updating learning rate to 9.99999999151583e-05
Updating learning rate to 9.99999999151583e-05
18412 2632 5260 0.7 0.2 26304
train 17981
vs, vt 0.11920260951953864 0.11803646772256438
2023-07-27 12:30:57,368 - epoch:6, training loss:0.1704 validation loss:0.1192
Updating learning rate to 9.9571864504898e-05
Updating learning rate to 9.9571864504898e-05
18412 2632 5260 0.7 0.2 26304
train 17981
vs, vt 0.11869301194758536 0.11711940223222259
2023-07-27 12:56:16,960 - epoch:7, training loss:0.1674 validation loss:0.1187
Updating learning rate to 9.829554417109698e-05
Updating learning rate to 9.829554417109698e-05
18412 2632 5260 0.7 0.2 26304
train 17981
vs, vt 0.11798763877284602 0.12413534395537286
2023-07-27 13:21:30,750 - epoch:8, training loss:0.1651 validation loss:0.1180
Updating learning rate to 9.619287710852942e-05
Updating learning rate to 9.619287710852942e-05
18412 2632 5260 0.7 0.2 26304
train 17981
vs, vt 0.1169662207552472 0.1188287876265229
2023-07-27 13:46:44,071 - epoch:9, training loss:0.1632 validation loss:0.1170
Updating learning rate to 9.329984053360527e-05
Updating learning rate to 9.329984053360527e-05
18412 2632 5260 0.7 0.2 26304
train 17981
vs, vt 0.11562258536991833 0.11674147225775809
2023-07-27 14:12:02,163 - epoch:10, training loss:0.1616 validation loss:0.1156
Updating learning rate to 8.966593510422282e-05
Updating learning rate to 8.966593510422282e-05
18412 2632 5260 0.7 0.2 26304
train 17981
vs, vt 0.11500893479341981 0.11530034757166538
2023-07-27 14:37:28,954 - epoch:11, training loss:0.1601 validation loss:0.1150
Updating learning rate to 8.535333794978767e-05
Updating learning rate to 8.535333794978767e-05
18412 2632 5260 0.7 0.2 26304
train 17981
vs, vt 0.11562988281531154 0.1165880485666248
2023-07-27 15:01:14,799 - epoch:12, training loss:0.1590 validation loss:0.1156
Updating learning rate to 8.043583880329002e-05
Updating learning rate to 8.043583880329002e-05
18412 2632 5260 0.7 0.2 26304
train 17981
vs, vt 0.11446786805425051 0.11742568322978679
2023-07-27 15:25:03,183 - epoch:13, training loss:0.1580 validation loss:0.1145
Updating learning rate to 7.499757743851482e-05
Updating learning rate to 7.499757743851482e-05
18412 2632 5260 0.7 0.2 26304
train 17981
vs, vt 0.11357891604116878 0.12026309212611157
2023-07-27 15:48:52,484 - epoch:14, training loss:0.1568 validation loss:0.1136
Updating learning rate to 6.913160401518429e-05
Updating learning rate to 6.913160401518429e-05
18412 2632 5260 0.7 0.2 26304
train 17981
vs, vt 0.11337663685469507 0.11428371746585055
2023-07-27 16:12:44,850 - epoch:15, training loss:0.1562 validation loss:0.1134
Updating learning rate to 6.293828696492663e-05
Updating learning rate to 6.293828696492663e-05
18412 2632 5260 0.7 0.2 26304
train 17981
vs, vt 0.11372249090821489 0.11520866002395468
2023-07-27 16:36:40,995 - epoch:16, training loss:0.1553 validation loss:0.1137
Updating learning rate to 5.652359565958372e-05
Updating learning rate to 5.652359565958372e-05
18412 2632 5260 0.7 0.2 26304
train 17981
vs, vt 0.1132080096446868 0.11728483567354064
2023-07-27 17:00:37,325 - epoch:17, training loss:0.1546 validation loss:0.1132
Updating learning rate to 4.999728724587835e-05
Updating learning rate to 4.999728724587835e-05
18412 2632 5260 0.7 0.2 26304
train 17981
vs, vt 0.11256322494280413 0.11548283248671196
2023-07-27 17:24:34,412 - epoch:18, training loss:0.1541 validation loss:0.1126
Updating learning rate to 4.347102867020358e-05
Updating learning rate to 4.347102867020358e-05
18412 2632 5260 0.7 0.2 26304
train 17981
vs, vt 0.11221196748456864 0.1134829820842488
2023-07-27 17:48:31,464 - epoch:19, training loss:0.1534 validation loss:0.1122
Updating learning rate to 3.705648602620991e-05
Updating learning rate to 3.705648602620991e-05
18412 2632 5260 0.7 0.2 26304
train 17981
vs, vt 0.11264787790066791 0.11331536030431963
2023-07-27 18:12:32,864 - epoch:20, training loss:0.1529 validation loss:0.1126
Updating learning rate to 3.086341391698327e-05
Updating learning rate to 3.086341391698327e-05
18412 2632 5260 0.7 0.2 26304
train 17981
vs, vt 0.11218542031615784 0.11355064825723006
2023-07-27 18:36:38,585 - epoch:21, training loss:0.1526 validation loss:0.1122
Updating learning rate to 2.4997777523356542e-05
Updating learning rate to 2.4997777523356542e-05
18412 2632 5260 0.7 0.2 26304
train 17981
vs, vt 0.11210306187939344 0.11321130942014403
2023-07-27 19:03:51,664 - epoch:22, training loss:0.1521 validation loss:0.1121
Updating learning rate to 1.955993951028629e-05
Updating learning rate to 1.955993951028629e-05
18412 2632 5260 0.7 0.2 26304
train 17981
vs, vt 0.11161381559177015 0.11293726423813862
2023-07-27 19:34:19,116 - epoch:23, training loss:0.1518 validation loss:0.1116
Updating learning rate to 1.4642942793829668e-05
Updating learning rate to 1.4642942793829668e-05
18412 2632 5260 0.7 0.2 26304
train 17981
vs, vt 0.11176279667507177 0.11302445674279951
2023-07-27 20:00:15,262 - epoch:24, training loss:0.1515 validation loss:0.1118
Updating learning rate to 1.0330918551054317e-05
Updating learning rate to 1.0330918551054317e-05
18412 2632 5260 0.7 0.2 26304
train 17981
vs, vt 0.11157625866760998 0.11282073537696083
2023-07-27 20:24:43,818 - epoch:25, training loss:0.1513 validation loss:0.1116
Updating learning rate to 6.697646712273085e-06
Updating learning rate to 6.697646712273085e-06
18412 2632 5260 0.7 0.2 26304
train 17981
vs, vt 0.11145622901759057 0.11260286822868218
2023-07-27 20:55:07,037 - epoch:26, training loss:0.1511 validation loss:0.1115
Updating learning rate to 3.8052935659807757e-06
Updating learning rate to 3.8052935659807757e-06
18412 2632 5260 0.7 0.2 26304
train 17981
vs, vt 0.11150266879103468 0.11268368984262149
2023-07-27 21:25:00,510 - epoch:27, training loss:0.1509 validation loss:0.1115
Updating learning rate to 1.7033480764222616e-06
Updating learning rate to 1.7033480764222616e-06
18412 2632 5260 0.7 0.2 26304
train 17981
vs, vt 0.11127279755079521 0.11266934806070987
2023-07-27 21:49:46,403 - epoch:28, training loss:0.1509 validation loss:0.1113
Updating learning rate to 4.277751136932553e-07
Updating learning rate to 4.277751136932553e-07
18412 2632 5260 0.7 0.2 26304
train 17981
vs, vt 0.11132603893115085 0.1125688807886539
2023-07-27 22:20:32,902 - epoch:29, training loss:0.1508 validation loss:0.1113
Updating learning rate to 4.000848417051328e-10
Updating learning rate to 4.000848417051328e-10
check exp/ECL-PatchTST2023-07-27-09:34:37.369081/0/0.1113_epoch_28.pkl  &  0.1125688807886539
2023-07-27 22:23:11,565 - [*] loss:0.1300
2023-07-27 22:23:13,373 - [*] phase 0, testing
2023-07-27 22:23:35,241 - T:96	MAE	0.223184	RMSE	0.129961	MAPE	231.395960
2023-07-27 22:23:35,292 - 96	mae	0.2232	
2023-07-27 22:23:35,292 - 96	rmse	0.1300	
2023-07-27 22:23:35,293 - 96	mape	231.3960	
2023-07-27 22:26:12,312 - [*] loss:0.1316
2023-07-27 22:26:12,548 - [*] phase 0, testing
2023-07-27 22:26:45,820 - T:96	MAE	0.220406	RMSE	0.131630	MAPE	225.037718
2023-07-27 22:26:45,822 - 96	mae	0.2204	
2023-07-27 22:26:45,822 - 96	rmse	0.1316	
2023-07-27 22:26:45,822 - 96	mape	225.0377	
