2023-07-25 23:33:53,778 - logger name:exp/ECL-PatchTST2023-07-25-23:33:53.778411/ECL-PatchTST.log
2023-07-25 23:33:53,779 - params : {'conf': 'ECL-PatchTST', 'data_name': 'electricity', 'iteration': 1, 'load': True, 'build_graph': False, 'same_init': True, 'grad_norm': False, 'root_path': '', 'exp_path': 'exp/', 'val_test_mix': False, 'pred_len': 96, 'noise_rate': 0.1, 'device': device(type='cuda', index=0), 'test_model_path': '/Disk/fhyega/code/BASE/exp/ECL-PatchTST2023-07-23-21:59:42.618606/0/0.0379_epoch_25.pkl', 'idx': -1, 'aligner': 0, 'refiner': 0, 'refiner_block_num': 1, 'enhance': 0, 'seed': 2022, 'batch_size': 8, '/* model related args*/': '//', 'model_name': 'PatchTST', 'seq_len': 336, 'label_len': 48, 'features': 'M', 'target': 'OT', 'graph_input': False, 'individual': False, 'e_layers': 3, 'd_layers': 1, 'factor': 1, 'n_heads': 16, 'd_model': 128, 'd_ff': 256, 'dropout': 0.2, 'fc_dropout': 0.2, 'head_dropout': 0.0, 'patch_len': 16, 'stride': 8, 'des': 'Exp', 'padding_patch': 'end', 'revin': 1, 'affine': 0, 'subtract_last': 0, 'decomposition': 0, 'kernel_size': 25, 'output_attention': 0, 'embed_type': 0, 'activation': 'gelu', 'lradj': 'TST', 'distil': 1, 'linear_output': 1, 'pct_start': 0.2, '/*train related args*/': '//', 'train': True, 'epoch': 30, 'lr': 0.0001, 'loss': 'mse', '/*dataset related args*/': '//', 'save_data_path': 'data/ECL/', 'data_process': True, 'embed': 'timeF', 'freq': 'h', 'begin_phase': 0, 'end_phase': 1, 'phase_len': 26304, 'val_ratio': 0.33, 'graph_size': 321, '/*strategy related args*/': '//', 'strategy': 'incremental', 'increase': False, 'detect': False, 'detect_strategy': 'feature', 'replay': False, 'replay_strategy': 'random', 'repaly_num_samples': 100, 'ewc': False, 'ewc_strategy': 'ewc', 'ewc_lambda': 0.0001, 'subgraph_train': False, 'num_hops': 2, 'logname': 'ECL-PatchTST', 'time': '2023-07-25-23:33:53.778411', 'path': 'exp/ECL-PatchTST2023-07-25-23:33:53.778411', 'num_workers': 4, 'start_train': 0, 'train_mode': 'pretrain', 'get_score': False, 'use_cm': True, 'logger': <Logger __main__ (INFO)>}
2023-07-25 23:33:53,779 - [*] phase 0 start training
0 26304
18412 2632 5260 0.7 0.2 26304
train 17981
18412 2632 5260 0.7 0.2 26304
val 2537
18412 2632 5260 0.7 0.2 26304
test 5165
2023-07-25 23:34:05,535 - [*] phase 0 Dataset load!
2023-07-25 23:34:06,452 - [*] phase 0 Training start
18412 2632 5260 0.7 0.2 26304
train 17981
2023-07-25 23:47:15,414 - epoch:0, training loss:0.2679 validation loss:0.1342
18412 2632 5260 0.7 0.2 26304
train 17981
vs, vt 0.13415852917721435 0.1330357146853546
Updating learning rate to 1.0431712803889287e-05
Updating learning rate to 1.0431712803889287e-05
18412 2632 5260 0.7 0.2 26304
train 17981
vs, vt 0.12551314772674874 0.12442373641350735
2023-07-26 00:20:39,371 - epoch:1, training loss:0.2832 validation loss:0.1255
Updating learning rate to 2.800322914923577e-05
Updating learning rate to 2.800322914923577e-05
18412 2632 5260 0.7 0.2 26304
train 17981
vs, vt 0.12271561375204122 0.1204701709391186
2023-07-26 00:44:04,281 - epoch:2, training loss:0.2600 validation loss:0.1227
Updating learning rate to 5.200559292511799e-05
Updating learning rate to 5.200559292511799e-05
18412 2632 5260 0.7 0.2 26304
train 17981
vs, vt 0.12272716765789865 0.12022485103715891
2023-07-26 01:07:27,999 - epoch:3, training loss:0.2481 validation loss:0.1227
Updating learning rate to 7.600645786399634e-05
Updating learning rate to 7.600645786399634e-05
18412 2632 5260 0.7 0.2 26304
train 17981
vs, vt 0.12342511056541647 0.12130781059276383
2023-07-26 01:30:53,332 - epoch:4, training loss:0.2406 validation loss:0.1234
Updating learning rate to 9.357387936871244e-05
Updating learning rate to 9.357387936871244e-05
18412 2632 5260 0.7 0.2 26304
train 17981
vs, vt 0.12279612034465531 0.1202030581123424
2023-07-26 01:54:21,313 - epoch:5, training loss:0.2349 validation loss:0.1228
Updating learning rate to 9.99999999151583e-05
Updating learning rate to 9.99999999151583e-05
18412 2632 5260 0.7 0.2 26304
train 17981
vs, vt 0.11920260951953864 0.11823050900356574
2023-07-26 02:17:50,578 - epoch:6, training loss:0.2303 validation loss:0.1192
Updating learning rate to 9.9571864504898e-05
Updating learning rate to 9.9571864504898e-05
18412 2632 5260 0.7 0.2 26304
train 17981
vs, vt 0.11869301194758536 0.11752219781654435
2023-07-26 02:41:17,913 - epoch:7, training loss:0.2264 validation loss:0.1187
Updating learning rate to 9.829554417109698e-05
Updating learning rate to 9.829554417109698e-05
18412 2632 5260 0.7 0.2 26304
train 17981
vs, vt 0.11798763877284602 0.11602048006541324
2023-07-26 03:04:47,747 - epoch:8, training loss:0.2233 validation loss:0.1180
Updating learning rate to 9.619287710852942e-05
Updating learning rate to 9.619287710852942e-05
18412 2632 5260 0.7 0.2 26304
train 17981
vs, vt 0.1169662207552472 0.11492027370434887
2023-07-26 03:28:26,081 - epoch:9, training loss:0.2207 validation loss:0.1170
Updating learning rate to 9.329984053360527e-05
Updating learning rate to 9.329984053360527e-05
18412 2632 5260 0.7 0.2 26304
train 17981
vs, vt 0.11562258536991833 0.11545798644048613
2023-07-26 03:51:48,947 - epoch:10, training loss:0.2184 validation loss:0.1156
Updating learning rate to 8.966593510422282e-05
Updating learning rate to 8.966593510422282e-05
18412 2632 5260 0.7 0.2 26304
train 17981
vs, vt 0.11500893479341981 0.11371501649981774
2023-07-26 04:15:19,894 - epoch:11, training loss:0.2166 validation loss:0.1150
Updating learning rate to 8.535333794978767e-05
Updating learning rate to 8.535333794978767e-05
18412 2632 5260 0.7 0.2 26304
train 17981
vs, vt 0.11562988281531154 0.11499201063558741
2023-07-26 04:38:46,735 - epoch:12, training loss:0.2151 validation loss:0.1156
Updating learning rate to 8.043583880329002e-05
Updating learning rate to 8.043583880329002e-05
18412 2632 5260 0.7 0.2 26304
train 17981
vs, vt 0.11446786805425051 0.11327881853348054
2023-07-26 05:02:17,630 - epoch:13, training loss:0.2138 validation loss:0.1145
Updating learning rate to 7.499757743851482e-05
Updating learning rate to 7.499757743851482e-05
18412 2632 5260 0.7 0.2 26304
train 17981
vs, vt 0.11357891604116878 0.11303929647184768
2023-07-26 05:25:47,918 - epoch:14, training loss:0.2124 validation loss:0.1136
Updating learning rate to 6.913160401518429e-05
Updating learning rate to 6.913160401518429e-05
18412 2632 5260 0.7 0.2 26304
train 17981
vs, vt 0.11337663685469507 0.11272053294024377
2023-07-26 05:49:31,486 - epoch:15, training loss:0.2114 validation loss:0.1134
Updating learning rate to 6.293828696492663e-05
Updating learning rate to 6.293828696492663e-05
18412 2632 5260 0.7 0.2 26304
train 17981
vs, vt 0.11372249090821489 0.1128110538629241
2023-07-26 06:13:01,476 - epoch:16, training loss:0.2103 validation loss:0.1137
Updating learning rate to 5.652359565958372e-05
Updating learning rate to 5.652359565958372e-05
18412 2632 5260 0.7 0.2 26304
train 17981
vs, vt 0.1132080096446868 0.1121060885957577
2023-07-26 06:36:35,380 - epoch:17, training loss:0.2093 validation loss:0.1132
Updating learning rate to 4.999728724587835e-05
Updating learning rate to 4.999728724587835e-05
18412 2632 5260 0.7 0.2 26304
train 17981
vs, vt 0.11256322494280413 0.11208466937144597
2023-07-26 07:04:00,351 - epoch:18, training loss:0.2085 validation loss:0.1126
Updating learning rate to 4.347102867020358e-05
Updating learning rate to 4.347102867020358e-05
18412 2632 5260 0.7 0.2 26304
train 17981
vs, vt 0.11221196748456864 0.1112544464662015
2023-07-26 07:27:37,000 - epoch:19, training loss:0.2077 validation loss:0.1122
Updating learning rate to 3.705648602620991e-05
Updating learning rate to 3.705648602620991e-05
18412 2632 5260 0.7 0.2 26304
train 17981
vs, vt 0.11264787790066791 0.11150538867468354
2023-07-26 07:51:17,884 - epoch:20, training loss:0.2070 validation loss:0.1126
Updating learning rate to 3.086341391698327e-05
Updating learning rate to 3.086341391698327e-05
18412 2632 5260 0.7 0.2 26304
train 17981
vs, vt 0.11218542031615784 0.11125691310039856
2023-07-26 08:14:58,111 - epoch:21, training loss:0.2065 validation loss:0.1122
Updating learning rate to 2.4997777523356542e-05
Updating learning rate to 2.4997777523356542e-05
18412 2632 5260 0.7 0.2 26304
train 17981
vs, vt 0.11210306187939344 0.1111549807466426
2023-07-26 08:38:35,285 - epoch:22, training loss:0.2059 validation loss:0.1121
Updating learning rate to 1.955993951028629e-05
Updating learning rate to 1.955993951028629e-05
18412 2632 5260 0.7 0.2 26304
train 17981
vs, vt 0.11161381559177015 0.11061606235193007
2023-07-26 09:02:17,037 - epoch:23, training loss:0.2055 validation loss:0.1116
Updating learning rate to 1.4642942793829668e-05
Updating learning rate to 1.4642942793829668e-05
18412 2632 5260 0.7 0.2 26304
train 17981
vs, vt 0.11176279667507177 0.11090435115796216
2023-07-26 09:25:52,585 - epoch:24, training loss:0.2051 validation loss:0.1118
Updating learning rate to 1.0330918551054317e-05
Updating learning rate to 1.0330918551054317e-05
18412 2632 5260 0.7 0.2 26304
train 17981
vs, vt 0.11157625866760998 0.11071185509926118
2023-07-26 09:49:41,500 - epoch:25, training loss:0.2048 validation loss:0.1116
Updating learning rate to 6.697646712273085e-06
Updating learning rate to 6.697646712273085e-06
18412 2632 5260 0.7 0.2 26304
train 17981
vs, vt 0.11145622901759057 0.11057463192246245
2023-07-26 10:14:30,975 - epoch:26, training loss:0.2046 validation loss:0.1115
Updating learning rate to 3.8052935659807757e-06
Updating learning rate to 3.8052935659807757e-06
18412 2632 5260 0.7 0.2 26304
train 17981
vs, vt 0.11150266879103468 0.11060408327095914
2023-07-26 10:38:21,662 - epoch:27, training loss:0.2044 validation loss:0.1115
Updating learning rate to 1.7033480764222616e-06
Updating learning rate to 1.7033480764222616e-06
18412 2632 5260 0.7 0.2 26304
train 17981
vs, vt 0.11127279755079521 0.1104998398314482
2023-07-26 11:02:05,380 - epoch:28, training loss:0.2043 validation loss:0.1113
Updating learning rate to 4.277751136932553e-07
Updating learning rate to 4.277751136932553e-07
18412 2632 5260 0.7 0.2 26304
train 17981
vs, vt 0.11132603893115085 0.11047365954555806
2023-07-26 11:25:44,474 - epoch:29, training loss:0.2042 validation loss:0.1113
Updating learning rate to 4.000848417051328e-10
Updating learning rate to 4.000848417051328e-10
check exp/ECL-PatchTST2023-07-25-23:33:53.778411/0/0.1113_epoch_28.pkl  &  0.11047365954555806
2023-07-26 11:26:47,668 - [*] loss:0.1300
2023-07-26 11:26:49,694 - [*] phase 0, testing
2023-07-26 11:27:01,101 - T:96	MAE	0.223184	RMSE	0.129961	MAPE	231.395960
2023-07-26 11:27:01,145 - 96	mae	0.2232	
2023-07-26 11:27:01,146 - 96	rmse	0.1300	
2023-07-26 11:27:01,146 - 96	mape	231.3960	
2023-07-26 11:28:04,805 - [*] loss:0.1295
2023-07-26 11:28:04,973 - [*] phase 0, testing
2023-07-26 11:28:14,683 - T:96	MAE	0.219991	RMSE	0.129518	MAPE	219.732213
2023-07-26 11:28:14,685 - 96	mae	0.2200	
2023-07-26 11:28:14,685 - 96	rmse	0.1295	
2023-07-26 11:28:14,685 - 96	mape	219.7322	
