2023-08-10 16:30:33,722 - logger name:exp/ECL-PatchTST2023-08-10-16:30:33.722217/ECL-PatchTST.log
2023-08-10 16:30:33,723 - params : {'loss': 'huber', 'conf': 'ECL-PatchTST', 'data_name': 'ETTh2', 'iteration': 1, 'train': 1, 'load': True, 'build_graph': False, 'same_init': True, 'grad_norm': False, 'refiner_residual': 0, 'root_path': '', 'exp_path': 'exp/', 'val_test_mix': False, 'pred_len': 96, 'noise_rate': 0.5, 'device': device(type='cuda', index=1), 'test_model_path': '/Disk/fhyega/code/BASE/exp/ECL-PatchTST2023-08-10-13:34:50.069903/0/best_model.pkl', 'idx': -1, 'aligner': 1, 'always_align': 1, 'refiner': 1, 'refiner_block_num': 1, 'enhance': 1, 'enhance_type': 5, 'seed': 34, 'batch_size': 128, 'share_head': 0, 'add_noise': 1, 'jitter_sigma': 0.5, 'slope_rate': 0.01, 'slope_range': 0.5, 'alpha': 10.0, 'beta': 1.0, 'gamma': 0.0, 'feature_jittering': 1, 'rec_intra_feature': 0, 'rec_ori': 1, 'mid_dim': 128, 'test_en': 0, '/* model related args*/': '//', 'model_name': 'PatchTST', 'seq_len': 336, 'label_len': 48, 'features': 'M', 'target': 'OT', 'graph_input': False, 'individual': False, 'e_layers': 3, 'd_layers': 1, 'factor': 1, 'n_heads': 16, 'd_model': 128, 'd_ff': 256, 'dropout': 0.2, 'fc_dropout': 0.2, 'head_dropout': 0.0, 'patch_len': 16, 'stride': 8, 'des': 'Exp', 'padding_patch': 'end', 'revin': 1, 'affine': 0, 'subtract_last': 0, 'decomposition': 0, 'kernel_size': 25, 'output_attention': 0, 'embed_type': 0, 'activation': 'gelu', 'lradj': 'TST', 'distil': 1, 'linear_output': 1, 'pct_start': 0.2, '/*train related args*/': '//', 'epoch': 30, 'lr': 0.0001, '/*dataset related args*/': '//', 'save_data_path': 'data/ECL/', 'data_process': True, 'embed': 'timeF', 'freq': 'h', 'begin_phase': 0, 'end_phase': 1, 'phase_len': 26304, 'val_ratio': 0.33, 'graph_size': 321, '/*strategy related args*/': '//', 'strategy': 'incremental', 'increase': False, 'detect': False, 'detect_strategy': 'feature', 'replay': False, 'replay_strategy': 'random', 'repaly_num_samples': 100, 'ewc': False, 'ewc_strategy': 'ewc', 'ewc_lambda': 0.0001, 'subgraph_train': False, 'num_hops': 2, 'logname': 'ECL-PatchTST', 'time': '2023-08-10-16:30:33.722217', 'path': 'exp/ECL-PatchTST2023-08-10-16:30:33.722217', 'num_workers': 4, 'start_train': 0, 'train_mode': 'pretrain', 'get_score': False, 'use_cm': True, 'logger': <Logger __main__ (INFO)>}
2023-08-10 16:30:33,723 - [*] phase 0 start training
0 26304
train 8209
val 2785
test 2785
2023-08-10 16:30:33,955 - [*] phase 0 Dataset load!
2023-08-10 16:30:35,011 - [*] phase 0 Training start
train 8209
2023-08-10 16:31:09,082 - epoch:0, training loss:0.2158 validation loss:0.1638
train 8209
vs, vt 0.16376373341137712 0.16511986861852082
Updating learning rate to 1.0463629820836433e-05
Updating learning rate to 1.0463629820836433e-05
train 8209
vs, vt 0.13881802795962853 0.1368354225361889
need align? ->  True 0.1368354225361889
2023-08-10 16:32:19,436 - epoch:1, training loss:3.8100 validation loss:0.1388
Updating learning rate to 2.8113748014145436e-05
Updating learning rate to 2.8113748014145436e-05
train 8209
vs, vt 0.1288551533256065 0.1287995773282918
need align? ->  True 0.1287995773282918
2023-08-10 16:33:18,193 - epoch:2, training loss:3.0785 validation loss:0.1289
Updating learning rate to 5.219686165094539e-05
Updating learning rate to 5.219686165094539e-05
train 8209
vs, vt 0.12493793378499421 0.12543915982612155
need align? ->  False 0.12543915982612155
2023-08-10 16:34:17,314 - epoch:3, training loss:2.3049 validation loss:0.1249
Updating learning rate to 7.622695691951079e-05
Updating learning rate to 7.622695691951079e-05
train 8209
vs, vt 0.12597193475812674 0.1252065465192903
need align? ->  True 0.1252065465192903
2023-08-10 16:35:17,119 - epoch:4, training loss:1.8466 validation loss:0.1260
Updating learning rate to 9.373229880419829e-05
Updating learning rate to 9.373229880419829e-05
train 8209
vs, vt 0.12307220629670403 0.12579254323447292
need align? ->  False 0.1252065465192903
2023-08-10 16:36:17,319 - epoch:5, training loss:1.6496 validation loss:0.1231
Updating learning rate to 9.999989541836333e-05
Updating learning rate to 9.999989541836333e-05
train 8209
vs, vt 0.1236786028708924 0.1232137404043566
need align? ->  True 0.1232137404043566
2023-08-10 16:37:18,070 - epoch:6, training loss:1.5808 validation loss:0.1237
Updating learning rate to 9.955879284407972e-05
Updating learning rate to 9.955879284407972e-05
train 8209
vs, vt 0.12312343598089436 0.12377346891232512
need align? ->  False 0.1232137404043566
2023-08-10 16:38:19,578 - epoch:7, training loss:1.5610 validation loss:0.1231
Updating learning rate to 9.826972900599613e-05
Updating learning rate to 9.826972900599613e-05
train 8209
vs, vt 0.12364448640834201 0.12222022309222004
need align? ->  True 0.12222022309222004
2023-08-10 16:39:20,824 - epoch:8, training loss:1.4955 validation loss:0.1236
Updating learning rate to 9.615476014377818e-05
Updating learning rate to 9.615476014377818e-05
train 8209
vs, vt 0.12295498453419317 0.12297438449141654
need align? ->  True 0.12222022309222004
2023-08-10 16:40:21,633 - epoch:9, training loss:1.5430 validation loss:0.1230
Updating learning rate to 9.325007396103859e-05
Updating learning rate to 9.325007396103859e-05
train 8209
vs, vt 0.12307903365316716 0.12174496571110054
need align? ->  True 0.12174496571110054
2023-08-10 16:41:21,714 - epoch:10, training loss:1.4860 validation loss:0.1231
Updating learning rate to 8.960537044369518e-05
Updating learning rate to 8.960537044369518e-05
train 8209
vs, vt 0.1231519454582171 0.12311331470581618
need align? ->  True 0.12174496571110054
2023-08-10 16:42:22,902 - epoch:11, training loss:1.5615 validation loss:0.1232
Updating learning rate to 8.528301147943237e-05
Updating learning rate to 8.528301147943237e-05
train 8209
vs, vt 0.12337012859908017 0.12227863107215274
need align? ->  True 0.12174496571110054
2023-08-10 16:43:23,871 - epoch:12, training loss:1.5043 validation loss:0.1234
Updating learning rate to 8.035695382851308e-05
Updating learning rate to 8.035695382851308e-05
train 8209
vs, vt 0.12293920979242433 0.1216831464659084
need align? ->  True 0.1216831464659084
2023-08-10 16:44:26,349 - epoch:13, training loss:1.4849 validation loss:0.1229
Updating learning rate to 7.49114837031057e-05
Updating learning rate to 7.49114837031057e-05
train 8209
vs, vt 0.1231376352635297 0.12241007895632224
need align? ->  True 0.1216831464659084
2023-08-10 16:45:28,475 - epoch:14, training loss:1.5912 validation loss:0.1231
Updating learning rate to 6.90397746068255e-05
Updating learning rate to 6.90397746068255e-05
train 8209
vs, vt 0.1229851996018128 0.12249975101175634
need align? ->  True 0.1216831464659084
2023-08-10 16:46:30,402 - epoch:15, training loss:1.5361 validation loss:0.1230
Updating learning rate to 6.284229311025519e-05
Updating learning rate to 6.284229311025519e-05
train 8209
vs, vt 0.12338087775490501 0.12228183372115548
need align? ->  True 0.1216831464659084
2023-08-10 16:47:33,762 - epoch:16, training loss:1.5155 validation loss:0.1234
Updating learning rate to 5.642507984006751e-05
Updating learning rate to 5.642507984006751e-05
train 8209
vs, vt 0.12261757881126621 0.12221880324862221
need align? ->  True 0.1216831464659084
2023-08-10 16:48:35,886 - epoch:17, training loss:1.5063 validation loss:0.1226
Updating learning rate to 4.989793509450307e-05
Updating learning rate to 4.989793509450307e-05
train 8209
vs, vt 0.12282640453089368 0.12185190592638472
need align? ->  True 0.1216831464659084
2023-08-10 16:49:37,948 - epoch:18, training loss:1.4950 validation loss:0.1228
Updating learning rate to 4.337254012982485e-05
Updating learning rate to 4.337254012982485e-05
train 8209
vs, vt 0.12283791872588071 0.12281135512007908
need align? ->  True 0.1216831464659084
2023-08-10 16:50:40,129 - epoch:19, training loss:1.4828 validation loss:0.1228
Updating learning rate to 3.696054626305981e-05
Updating learning rate to 3.696054626305981e-05
train 8209
vs, vt 0.12275158825584433 0.1223855016075752
need align? ->  True 0.1216831464659084
2023-08-10 16:51:41,561 - epoch:20, training loss:1.4743 validation loss:0.1228
Updating learning rate to 3.0771664487008854e-05
Updating learning rate to 3.0771664487008854e-05
train 8209
vs, vt 0.12204498636790297 0.12223809508776123
need align? ->  True 0.1216831464659084
2023-08-10 16:52:45,086 - epoch:21, training loss:1.4726 validation loss:0.1220
Updating learning rate to 2.491178828474237e-05
Updating learning rate to 2.491178828474237e-05
train 8209
vs, vt 0.12264630460942333 0.12195015783337029
need align? ->  True 0.1216831464659084
2023-08-10 16:53:48,420 - epoch:22, training loss:1.4651 validation loss:0.1226
Updating learning rate to 1.9481181762745777e-05
Updating learning rate to 1.9481181762745777e-05
train 8209
vs, vt 0.12270603769204834 0.12253815088082444
need align? ->  True 0.1216831464659084
2023-08-10 16:54:52,382 - epoch:23, training loss:1.4638 validation loss:0.1227
Updating learning rate to 1.4572764104259043e-05
Updating learning rate to 1.4572764104259043e-05
train 8209
vs, vt 0.1226275119591843 0.12221378562125293
need align? ->  True 0.1216831464659084
2023-08-10 16:55:56,562 - epoch:24, training loss:1.4609 validation loss:0.1226
Updating learning rate to 1.0270519696289322e-05
Updating learning rate to 1.0270519696289322e-05
train 8209
vs, vt 0.12248801050538366 0.1221975873817097
need align? ->  True 0.1216831464659084
2023-08-10 16:56:59,148 - epoch:25, training loss:1.4588 validation loss:0.1225
Updating learning rate to 6.648061133464466e-06
Updating learning rate to 6.648061133464466e-06
train 8209
vs, vt 0.12246172756633976 0.12234069923446937
need align? ->  True 0.1216831464659084
2023-08-10 16:58:02,025 - epoch:26, training loss:1.4563 validation loss:0.1225
Updating learning rate to 3.7673696861296922e-06
Updating learning rate to 3.7673696861296922e-06
train 8209
vs, vt 0.12226172849874604 0.12227469741959464
need align? ->  True 0.1216831464659084
2023-08-10 16:59:05,781 - epoch:27, training loss:1.4583 validation loss:0.1223
Updating learning rate to 1.6777347836274343e-06
Updating learning rate to 1.6777347836274343e-06
train 8209
vs, vt 0.12238598132336681 0.12232897947119041
need align? ->  True 0.1216831464659084
2023-08-10 16:59:49,063 - epoch:28, training loss:1.4538 validation loss:0.1224
Updating learning rate to 4.1491065849575754e-07
Updating learning rate to 4.1491065849575754e-07
train 8209
vs, vt 0.12247070162133737 0.12232951464300806
need align? ->  True 0.1216831464659084
2023-08-10 17:00:29,187 - epoch:29, training loss:1.4541 validation loss:0.1225
Updating learning rate to 5.045816366600914e-10
Updating learning rate to 5.045816366600914e-10
check exp/ECL-PatchTST2023-08-10-16:30:33.722217/0/0.122_epoch_21.pkl  &  0.1216831464659084
2023-08-10 17:00:31,042 - [*] loss:0.2717
2023-08-10 17:00:31,045 - [*] phase 0, testing
2023-08-10 17:00:31,083 - T:96	MAE	0.330320	RMSE	0.272037	MAPE	133.296990
2023-08-10 17:00:31,084 - 96	mae	0.3303	
2023-08-10 17:00:31,084 - 96	rmse	0.2720	
2023-08-10 17:00:31,084 - 96	mape	133.2970	
2023-08-10 17:00:32,251 - [*] loss:0.2704
2023-08-10 17:00:32,254 - [*] phase 0, testing
2023-08-10 17:00:32,291 - T:96	MAE	0.329463	RMSE	0.270928	MAPE	133.081639
2023-08-10 17:00:33,308 - [*] loss:0.2709
2023-08-10 17:00:33,311 - [*] phase 0, testing
2023-08-10 17:00:33,348 - T:96	MAE	0.329670	RMSE	0.271177	MAPE	129.803395
2023-08-10 17:00:33,349 - 96	mae	0.3297	
2023-08-10 17:00:33,350 - 96	rmse	0.2712	
2023-08-10 17:00:33,350 - 96	mape	129.8034	
