2023-08-10 22:33:03,035 - logger name:exp/ECL-PatchTST2023-08-10-22:33:03.035667/ECL-PatchTST.log
2023-08-10 22:33:03,036 - params : {'loss': 'huber', 'conf': 'ECL-PatchTST', 'data_name': 'ETTh2', 'iteration': 1, 'train': 1, 'load': True, 'build_graph': False, 'same_init': True, 'grad_norm': False, 'refiner_residual': 0, 'root_path': '', 'exp_path': 'exp/', 'val_test_mix': False, 'pred_len': 96, 'noise_rate': 0.5, 'device': device(type='cuda', index=1), 'test_model_path': '/Disk/fhyega/code/BASE/exp/ECL-PatchTST2023-08-10-19:42:10.085068/0/best_model.pkl', 'idx': -1, 'aligner': 1, 'always_align': 1, 'refiner': 1, 'refiner_block_num': 1, 'enhance': 1, 'enhance_type': 5, 'seed': 34, 'batch_size': 128, 'share_head': 0, 'add_noise': 1, 'jitter_sigma': 0.5, 'slope_rate': 0.01, 'slope_range': 0.5, 'alpha': 10.0, 'beta': 1.0, 'gamma': 0.0, 'theta': 1.0, 'feature_jittering': 1, 'rec_intra_feature': 0, 'rec_ori': 1, 'mid_dim': 128, 'test_en': 0, '/* model related args*/': '//', 'model_name': 'PatchTST', 'seq_len': 336, 'label_len': 48, 'features': 'M', 'target': 'OT', 'graph_input': False, 'individual': False, 'e_layers': 3, 'd_layers': 1, 'factor': 1, 'n_heads': 16, 'd_model': 128, 'd_ff': 256, 'dropout': 0.2, 'fc_dropout': 0.2, 'head_dropout': 0.0, 'patch_len': 16, 'stride': 8, 'des': 'Exp', 'padding_patch': 'end', 'revin': 1, 'affine': 0, 'subtract_last': 0, 'decomposition': 0, 'kernel_size': 25, 'output_attention': 0, 'embed_type': 0, 'activation': 'gelu', 'lradj': 'TST', 'distil': 1, 'linear_output': 1, 'pct_start': 0.2, '/*train related args*/': '//', 'epoch': 30, 'lr': 0.0001, '/*dataset related args*/': '//', 'save_data_path': 'data/ECL/', 'data_process': True, 'embed': 'timeF', 'freq': 'h', 'begin_phase': 0, 'end_phase': 1, 'phase_len': 26304, 'val_ratio': 0.33, 'graph_size': 321, '/*strategy related args*/': '//', 'strategy': 'incremental', 'increase': False, 'detect': False, 'detect_strategy': 'feature', 'replay': False, 'replay_strategy': 'random', 'repaly_num_samples': 100, 'ewc': False, 'ewc_strategy': 'ewc', 'ewc_lambda': 0.0001, 'subgraph_train': False, 'num_hops': 2, 'logname': 'ECL-PatchTST', 'time': '2023-08-10-22:33:03.035667', 'path': 'exp/ECL-PatchTST2023-08-10-22:33:03.035667', 'num_workers': 4, 'start_train': 0, 'train_mode': 'pretrain', 'get_score': False, 'use_cm': True, 'logger': <Logger __main__ (INFO)>}
2023-08-10 22:33:03,036 - [*] phase 0 start training
0 26304
train 8209
val 2785
test 2785
2023-08-10 22:33:03,225 - [*] phase 0 Dataset load!
2023-08-10 22:33:04,183 - [*] phase 0 Training start
train 8209
2023-08-10 22:33:21,749 - epoch:0, training loss:0.2142 validation loss:0.1638
train 8209
vs, vt 0.1638173179870302 0.16525300659916617
Updating learning rate to 1.0463629820836433e-05
Updating learning rate to 1.0463629820836433e-05
train 8209
vs, vt 0.1390313534912738 0.13668640415099534
need align? ->  True 0.13668640415099534
2023-08-10 22:34:10,673 - epoch:1, training loss:4.2624 validation loss:0.1390
Updating learning rate to 2.8113748014145436e-05
Updating learning rate to 2.8113748014145436e-05
train 8209
vs, vt 0.12888991223140198 0.12789546164937995
need align? ->  True 0.12789546164937995
2023-08-10 22:34:50,130 - epoch:2, training loss:3.4606 validation loss:0.1289
Updating learning rate to 5.219686165094539e-05
Updating learning rate to 5.219686165094539e-05
train 8209
vs, vt 0.12542497188868848 0.1247796303677288
need align? ->  True 0.1247796303677288
2023-08-10 22:35:29,989 - epoch:3, training loss:2.6244 validation loss:0.1254
Updating learning rate to 7.622695691951079e-05
Updating learning rate to 7.622695691951079e-05
train 8209
vs, vt 0.12578263193030248 0.1244144793599844
need align? ->  True 0.1244144793599844
2023-08-10 22:36:11,679 - epoch:4, training loss:2.1141 validation loss:0.1258
Updating learning rate to 9.373229880419829e-05
Updating learning rate to 9.373229880419829e-05
train 8209
vs, vt 0.12309038943865082 0.1255514311011542
need align? ->  False 0.1244144793599844
2023-08-10 22:36:51,943 - epoch:5, training loss:1.8974 validation loss:0.1231
Updating learning rate to 9.999989541836333e-05
Updating learning rate to 9.999989541836333e-05
train 8209
vs, vt 0.1234745674512603 0.12327434393492612
need align? ->  True 0.12327434393492612
2023-08-10 22:37:32,097 - epoch:6, training loss:1.8405 validation loss:0.1235
Updating learning rate to 9.955879284407972e-05
Updating learning rate to 9.955879284407972e-05
train 8209
vs, vt 0.12261972457847813 0.12379319889640267
need align? ->  False 0.12327434393492612
2023-08-10 22:38:12,452 - epoch:7, training loss:1.8068 validation loss:0.1226
Updating learning rate to 9.826972900599613e-05
Updating learning rate to 9.826972900599613e-05
train 8209
vs, vt 0.12311848100613464 0.12202566760507497
need align? ->  True 0.12202566760507497
2023-08-10 22:38:52,789 - epoch:8, training loss:1.7599 validation loss:0.1231
Updating learning rate to 9.615476014377818e-05
Updating learning rate to 9.615476014377818e-05
train 8209
vs, vt 0.1223332282494415 0.12297379225492477
need align? ->  True 0.12202566760507497
2023-08-10 22:39:33,187 - epoch:9, training loss:1.7949 validation loss:0.1223
Updating learning rate to 9.325007396103859e-05
Updating learning rate to 9.325007396103859e-05
train 8209
vs, vt 0.12297911654141816 0.12176285912706093
need align? ->  True 0.12176285912706093
2023-08-10 22:40:12,608 - epoch:10, training loss:1.7542 validation loss:0.1230
Updating learning rate to 8.960537044369518e-05
Updating learning rate to 8.960537044369518e-05
train 8209
vs, vt 0.12508264658125964 0.12301091976802457
need align? ->  True 0.12176285912706093
2023-08-10 22:40:54,113 - epoch:11, training loss:1.8088 validation loss:0.1251
Updating learning rate to 8.528301147943237e-05
Updating learning rate to 8.528301147943237e-05
train 8209
vs, vt 0.12347806143489751 0.12264708150178194
need align? ->  True 0.12176285912706093
2023-08-10 22:41:33,863 - epoch:12, training loss:1.7650 validation loss:0.1235
Updating learning rate to 8.035695382851308e-05
Updating learning rate to 8.035695382851308e-05
train 8209
vs, vt 0.12425254403867504 0.1219724001024257
need align? ->  True 0.12176285912706093
2023-08-10 22:42:14,219 - epoch:13, training loss:1.7517 validation loss:0.1243
Updating learning rate to 7.49114837031057e-05
Updating learning rate to 7.49114837031057e-05
train 8209
vs, vt 0.12287515308707952 0.12217134999280627
need align? ->  True 0.12176285912706093
2023-08-10 22:42:52,288 - epoch:14, training loss:1.7378 validation loss:0.1229
Updating learning rate to 6.90397746068255e-05
Updating learning rate to 6.90397746068255e-05
train 8209
vs, vt 0.12309115786444057 0.1218951071866534
need align? ->  True 0.12176285912706093
2023-08-10 22:43:31,580 - epoch:15, training loss:1.7264 validation loss:0.1231
Updating learning rate to 6.284229311025519e-05
Updating learning rate to 6.284229311025519e-05
train 8209
vs, vt 0.12330654813823375 0.12151686347682368
need align? ->  True 0.12151686347682368
2023-08-10 22:44:10,713 - epoch:16, training loss:1.7159 validation loss:0.1233
Updating learning rate to 5.642507984006751e-05
Updating learning rate to 5.642507984006751e-05
train 8209
vs, vt 0.12308639211749489 0.12155158800834959
need align? ->  True 0.12151686347682368
2023-08-10 22:44:49,566 - epoch:17, training loss:1.8172 validation loss:0.1231
Updating learning rate to 4.989793509450307e-05
Updating learning rate to 4.989793509450307e-05
train 8209
vs, vt 0.12346431655301289 0.12143713743849234
need align? ->  True 0.12143713743849234
2023-08-10 22:45:28,096 - epoch:18, training loss:1.7590 validation loss:0.1235
Updating learning rate to 4.337254012982485e-05
Updating learning rate to 4.337254012982485e-05
train 8209
vs, vt 0.12420177129520611 0.12291354262693362
need align? ->  True 0.12143713743849234
2023-08-10 22:46:08,413 - epoch:19, training loss:1.8315 validation loss:0.1242
Updating learning rate to 3.696054626305981e-05
Updating learning rate to 3.696054626305981e-05
train 8209
vs, vt 0.12403017968278039 0.12218845322389495
need align? ->  True 0.12143713743849234
2023-08-10 22:46:47,250 - epoch:20, training loss:1.7926 validation loss:0.1240
Updating learning rate to 3.0771664487008854e-05
Updating learning rate to 3.0771664487008854e-05
train 8209
vs, vt 0.12274271461435339 0.12215241383422505
need align? ->  True 0.12143713743849234
2023-08-10 22:47:27,203 - epoch:21, training loss:1.7904 validation loss:0.1227
Updating learning rate to 2.491178828474237e-05
Updating learning rate to 2.491178828474237e-05
train 8209
vs, vt 0.12368178147483956 0.12169605696743185
need align? ->  True 0.12143713743849234
2023-08-10 22:48:05,691 - epoch:22, training loss:1.7796 validation loss:0.1237
Updating learning rate to 1.9481181762745777e-05
Updating learning rate to 1.9481181762745777e-05
train 8209
vs, vt 0.12397516849027439 0.1224857470528646
need align? ->  True 0.12143713743849234
2023-08-10 22:48:44,880 - epoch:23, training loss:1.7764 validation loss:0.1240
Updating learning rate to 1.4572764104259043e-05
Updating learning rate to 1.4572764104259043e-05
train 8209
vs, vt 0.12368454623290083 0.12207131485708735
need align? ->  True 0.12143713743849234
2023-08-10 22:49:23,474 - epoch:24, training loss:1.7727 validation loss:0.1237
Updating learning rate to 1.0270519696289322e-05
Updating learning rate to 1.0270519696289322e-05
train 8209
vs, vt 0.12359731017865917 0.12200129201466386
need align? ->  True 0.12143713743849234
2023-08-10 22:50:02,540 - epoch:25, training loss:1.7721 validation loss:0.1236
Updating learning rate to 6.648061133464466e-06
Updating learning rate to 6.648061133464466e-06
train 8209
vs, vt 0.12357477335767313 0.12213684093545783
need align? ->  True 0.12143713743849234
2023-08-10 22:50:43,055 - epoch:26, training loss:1.7655 validation loss:0.1236
Updating learning rate to 3.7673696861296922e-06
Updating learning rate to 3.7673696861296922e-06
train 8209
vs, vt 0.12354224683208899 0.12213810702616518
need align? ->  True 0.12143713743849234
2023-08-10 22:51:22,849 - epoch:27, training loss:1.7710 validation loss:0.1235
Updating learning rate to 1.6777347836274343e-06
Updating learning rate to 1.6777347836274343e-06
train 8209
vs, vt 0.12366049694405361 0.12213497795164585
need align? ->  True 0.12143713743849234
2023-08-10 22:52:03,862 - epoch:28, training loss:1.7640 validation loss:0.1237
Updating learning rate to 4.1491065849575754e-07
Updating learning rate to 4.1491065849575754e-07
train 8209
vs, vt 0.12369275846603242 0.12211729230528529
need align? ->  True 0.12143713743849234
2023-08-10 22:52:44,704 - epoch:29, training loss:1.7662 validation loss:0.1237
Updating learning rate to 5.045816366600914e-10
Updating learning rate to 5.045816366600914e-10
check exp/ECL-PatchTST2023-08-10-22:33:03.035667/0/0.1223_epoch_9.pkl  &  0.12143713743849234
2023-08-10 22:52:46,568 - [*] loss:0.2714
2023-08-10 22:52:46,572 - [*] phase 0, testing
2023-08-10 22:52:46,631 - T:96	MAE	0.332216	RMSE	0.271526	MAPE	134.903002
2023-08-10 22:52:46,633 - 96	mae	0.3322	
2023-08-10 22:52:46,634 - 96	rmse	0.2715	
2023-08-10 22:52:46,634 - 96	mape	134.9030	
2023-08-10 22:52:47,646 - [*] loss:0.2705
2023-08-10 22:52:47,649 - [*] phase 0, testing
2023-08-10 22:52:47,707 - T:96	MAE	0.331602	RMSE	0.270699	MAPE	134.670746
2023-08-10 22:52:48,757 - [*] loss:0.2703
2023-08-10 22:52:48,760 - [*] phase 0, testing
2023-08-10 22:52:48,812 - T:96	MAE	0.329046	RMSE	0.270610	MAPE	128.865433
2023-08-10 22:52:48,813 - 96	mae	0.3290	
2023-08-10 22:52:48,813 - 96	rmse	0.2706	
2023-08-10 22:52:48,813 - 96	mape	128.8654	
