2023-08-10 22:52:50,936 - logger name:exp/ECL-PatchTST2023-08-10-22:52:50.936414/ECL-PatchTST.log
2023-08-10 22:52:50,937 - params : {'loss': 'huber', 'conf': 'ECL-PatchTST', 'data_name': 'ETTh2', 'iteration': 1, 'train': 1, 'load': True, 'build_graph': False, 'same_init': True, 'grad_norm': False, 'refiner_residual': 0, 'root_path': '', 'exp_path': 'exp/', 'val_test_mix': False, 'pred_len': 96, 'noise_rate': 0.5, 'device': device(type='cuda', index=1), 'test_model_path': '/Disk/fhyega/code/BASE/exp/ECL-PatchTST2023-08-10-19:42:10.085068/0/best_model.pkl', 'idx': -1, 'aligner': 1, 'always_align': 1, 'refiner': 1, 'refiner_block_num': 1, 'enhance': 1, 'enhance_type': 5, 'seed': 34, 'batch_size': 128, 'share_head': 0, 'add_noise': 1, 'jitter_sigma': 0.5, 'slope_rate': 0.01, 'slope_range': 0.5, 'alpha': 10.0, 'beta': 1.0, 'gamma': 0.0, 'theta': 0.5, 'feature_jittering': 1, 'rec_intra_feature': 0, 'rec_ori': 1, 'mid_dim': 128, 'test_en': 0, '/* model related args*/': '//', 'model_name': 'PatchTST', 'seq_len': 336, 'label_len': 48, 'features': 'M', 'target': 'OT', 'graph_input': False, 'individual': False, 'e_layers': 3, 'd_layers': 1, 'factor': 1, 'n_heads': 16, 'd_model': 128, 'd_ff': 256, 'dropout': 0.2, 'fc_dropout': 0.2, 'head_dropout': 0.0, 'patch_len': 16, 'stride': 8, 'des': 'Exp', 'padding_patch': 'end', 'revin': 1, 'affine': 0, 'subtract_last': 0, 'decomposition': 0, 'kernel_size': 25, 'output_attention': 0, 'embed_type': 0, 'activation': 'gelu', 'lradj': 'TST', 'distil': 1, 'linear_output': 1, 'pct_start': 0.2, '/*train related args*/': '//', 'epoch': 30, 'lr': 0.0001, '/*dataset related args*/': '//', 'save_data_path': 'data/ECL/', 'data_process': True, 'embed': 'timeF', 'freq': 'h', 'begin_phase': 0, 'end_phase': 1, 'phase_len': 26304, 'val_ratio': 0.33, 'graph_size': 321, '/*strategy related args*/': '//', 'strategy': 'incremental', 'increase': False, 'detect': False, 'detect_strategy': 'feature', 'replay': False, 'replay_strategy': 'random', 'repaly_num_samples': 100, 'ewc': False, 'ewc_strategy': 'ewc', 'ewc_lambda': 0.0001, 'subgraph_train': False, 'num_hops': 2, 'logname': 'ECL-PatchTST', 'time': '2023-08-10-22:52:50.936414', 'path': 'exp/ECL-PatchTST2023-08-10-22:52:50.936414', 'num_workers': 4, 'start_train': 0, 'train_mode': 'pretrain', 'get_score': False, 'use_cm': True, 'logger': <Logger __main__ (INFO)>}
2023-08-10 22:52:50,937 - [*] phase 0 start training
0 26304
train 8209
val 2785
test 2785
2023-08-10 22:52:51,131 - [*] phase 0 Dataset load!
2023-08-10 22:52:52,100 - [*] phase 0 Training start
train 8209
2023-08-10 22:53:09,595 - epoch:0, training loss:0.2127 validation loss:0.1645
train 8209
vs, vt 0.1644692090763287 0.16561574336480012
Updating learning rate to 1.0463629820836433e-05
Updating learning rate to 1.0463629820836433e-05
train 8209
vs, vt 0.13907765444706788 0.13672887305305761
need align? ->  True 0.13672887305305761
2023-08-10 22:53:55,423 - epoch:1, training loss:4.3983 validation loss:0.1391
Updating learning rate to 2.8113748014145436e-05
Updating learning rate to 2.8113748014145436e-05
train 8209
vs, vt 0.12868955799124457 0.12774129296568307
need align? ->  True 0.12774129296568307
2023-08-10 22:54:50,518 - epoch:2, training loss:3.5492 validation loss:0.1287
Updating learning rate to 5.219686165094539e-05
Updating learning rate to 5.219686165094539e-05
train 8209
vs, vt 0.12520668283104897 0.12470379268581216
need align? ->  True 0.12470379268581216
2023-08-10 22:55:28,138 - epoch:3, training loss:2.6789 validation loss:0.1252
Updating learning rate to 7.622695691951079e-05
Updating learning rate to 7.622695691951079e-05
train 8209
vs, vt 0.12583468414165758 0.12433318463577465
need align? ->  True 0.12433318463577465
2023-08-10 22:56:09,365 - epoch:4, training loss:2.1507 validation loss:0.1258
Updating learning rate to 9.373229880419829e-05
Updating learning rate to 9.373229880419829e-05
train 8209
vs, vt 0.12339292635971849 0.1252949254756624
need align? ->  False 0.12433318463577465
2023-08-10 22:56:49,949 - epoch:5, training loss:1.9231 validation loss:0.1234
Updating learning rate to 9.999989541836333e-05
Updating learning rate to 9.999989541836333e-05
train 8209
vs, vt 0.12340939171950925 0.12290699255060065
need align? ->  True 0.12290699255060065
2023-08-10 22:57:29,948 - epoch:6, training loss:1.8626 validation loss:0.1234
Updating learning rate to 9.955879284407972e-05
Updating learning rate to 9.955879284407972e-05
train 8209
vs, vt 0.1231436910615726 0.12333583399992097
need align? ->  True 0.12290699255060065
2023-08-10 22:58:08,748 - epoch:7, training loss:1.8190 validation loss:0.1231
Updating learning rate to 9.826972900599613e-05
Updating learning rate to 9.826972900599613e-05
train 8209
vs, vt 0.1238336091522466 0.12179593098434535
need align? ->  True 0.12179593098434535
2023-08-10 22:58:48,088 - epoch:8, training loss:1.7693 validation loss:0.1238
Updating learning rate to 9.615476014377818e-05
Updating learning rate to 9.615476014377818e-05
train 8209
vs, vt 0.12270911901511929 0.1225527287884192
need align? ->  True 0.12179593098434535
2023-08-10 22:59:27,842 - epoch:9, training loss:1.8013 validation loss:0.1227
Updating learning rate to 9.325007396103859e-05
Updating learning rate to 9.325007396103859e-05
train 8209
vs, vt 0.12293267969719389 0.12151025684381073
need align? ->  True 0.12151025684381073
2023-08-10 23:00:09,227 - epoch:10, training loss:1.7599 validation loss:0.1229
Updating learning rate to 8.960537044369518e-05
Updating learning rate to 8.960537044369518e-05
train 8209
vs, vt 0.12537295633757656 0.12232054829258811
need align? ->  True 0.12151025684381073
2023-08-10 23:00:49,369 - epoch:11, training loss:1.8106 validation loss:0.1254
Updating learning rate to 8.528301147943237e-05
Updating learning rate to 8.528301147943237e-05
train 8209
vs, vt 0.12315877552398226 0.12188719450072809
need align? ->  True 0.12151025684381073
2023-08-10 23:01:27,780 - epoch:12, training loss:1.7647 validation loss:0.1232
Updating learning rate to 8.035695382851308e-05
Updating learning rate to 8.035695382851308e-05
train 8209
vs, vt 0.12561962330205875 0.1211636471985416
need align? ->  True 0.1211636471985416
2023-08-10 23:02:07,577 - epoch:13, training loss:1.7501 validation loss:0.1256
Updating learning rate to 7.49114837031057e-05
Updating learning rate to 7.49114837031057e-05
train 8209
vs, vt 0.12341599530455741 0.1223427735438401
need align? ->  True 0.1211636471985416
2023-08-10 23:02:48,111 - epoch:14, training loss:1.8188 validation loss:0.1234
Updating learning rate to 6.90397746068255e-05
Updating learning rate to 6.90397746068255e-05
train 8209
vs, vt 0.12330628203397448 0.1218987653370608
need align? ->  True 0.1211636471985416
2023-08-10 23:03:48,458 - epoch:15, training loss:1.7732 validation loss:0.1233
Updating learning rate to 6.284229311025519e-05
Updating learning rate to 6.284229311025519e-05
train 8209
vs, vt 0.12430286238139326 0.12151590971784158
need align? ->  True 0.1211636471985416
2023-08-10 23:04:52,604 - epoch:16, training loss:1.7566 validation loss:0.1243
Updating learning rate to 5.642507984006751e-05
Updating learning rate to 5.642507984006751e-05
train 8209
vs, vt 0.12285078045996753 0.1212721737948331
need align? ->  True 0.1211636471985416
2023-08-10 23:05:36,889 - epoch:17, training loss:1.7517 validation loss:0.1229
Updating learning rate to 4.989793509450307e-05
Updating learning rate to 4.989793509450307e-05
train 8209
vs, vt 0.12314432326026938 0.12115534564310854
need align? ->  True 0.12115534564310854
2023-08-10 23:06:16,702 - epoch:18, training loss:1.7397 validation loss:0.1231
Updating learning rate to 4.337254012982485e-05
Updating learning rate to 4.337254012982485e-05
train 8209
vs, vt 0.12404261901974678 0.12220485271377997
need align? ->  True 0.12115534564310854
2023-08-10 23:06:56,095 - epoch:19, training loss:1.8398 validation loss:0.1240
Updating learning rate to 3.696054626305981e-05
Updating learning rate to 3.696054626305981e-05
train 8209
vs, vt 0.12441062495451082 0.12158127002079379
need align? ->  True 0.12115534564310854
2023-08-10 23:07:38,215 - epoch:20, training loss:1.7903 validation loss:0.1244
Updating learning rate to 3.0771664487008854e-05
Updating learning rate to 3.0771664487008854e-05
train 8209
vs, vt 0.12304418550973589 0.12171409643170508
need align? ->  True 0.12115534564310854
2023-08-10 23:08:16,760 - epoch:21, training loss:1.7881 validation loss:0.1230
Updating learning rate to 2.491178828474237e-05
Updating learning rate to 2.491178828474237e-05
train 8209
vs, vt 0.12381502494893291 0.12140336285599253
need align? ->  True 0.12115534564310854
2023-08-10 23:08:56,687 - epoch:22, training loss:1.7792 validation loss:0.1238
Updating learning rate to 1.9481181762745777e-05
Updating learning rate to 1.9481181762745777e-05
train 8209
vs, vt 0.12407151160931046 0.12212344580753283
need align? ->  True 0.12115534564310854
2023-08-10 23:09:36,739 - epoch:23, training loss:1.7756 validation loss:0.1241
Updating learning rate to 1.4572764104259043e-05
Updating learning rate to 1.4572764104259043e-05
train 8209
vs, vt 0.12393218092620373 0.12176750854335049
need align? ->  True 0.12115534564310854
2023-08-10 23:10:16,856 - epoch:24, training loss:1.7716 validation loss:0.1239
Updating learning rate to 1.0270519696289322e-05
Updating learning rate to 1.0270519696289322e-05
train 8209
vs, vt 0.12367836699228395 0.1216726481745189
need align? ->  True 0.12115534564310854
2023-08-10 23:10:55,117 - epoch:25, training loss:1.7714 validation loss:0.1237
Updating learning rate to 6.648061133464466e-06
Updating learning rate to 6.648061133464466e-06
train 8209
vs, vt 0.12368791076270017 0.12180179518393495
need align? ->  True 0.12115534564310854
2023-08-10 23:11:34,294 - epoch:26, training loss:1.7654 validation loss:0.1237
Updating learning rate to 3.7673696861296922e-06
Updating learning rate to 3.7673696861296922e-06
train 8209
vs, vt 0.12385059664533897 0.12177154929800467
need align? ->  True 0.12115534564310854
2023-08-10 23:12:13,238 - epoch:27, training loss:1.7706 validation loss:0.1239
Updating learning rate to 1.6777347836274343e-06
Updating learning rate to 1.6777347836274343e-06
train 8209
vs, vt 0.12392171023582871 0.12177176417952235
need align? ->  True 0.12115534564310854
2023-08-10 23:12:51,370 - epoch:28, training loss:1.7634 validation loss:0.1239
Updating learning rate to 4.1491065849575754e-07
Updating learning rate to 4.1491065849575754e-07
train 8209
vs, vt 0.12394850777292793 0.12177392188459635
need align? ->  True 0.12115534564310854
2023-08-10 23:13:29,836 - epoch:29, training loss:1.7653 validation loss:0.1239
Updating learning rate to 5.045816366600914e-10
Updating learning rate to 5.045816366600914e-10
check exp/ECL-PatchTST2023-08-10-22:52:50.936414/0/0.1227_epoch_9.pkl  &  0.12115534564310854
2023-08-10 23:13:31,713 - [*] loss:0.2723
2023-08-10 23:13:31,717 - [*] phase 0, testing
2023-08-10 23:13:31,754 - T:96	MAE	0.332715	RMSE	0.272260	MAPE	134.311724
2023-08-10 23:13:31,756 - 96	mae	0.3327	
2023-08-10 23:13:31,756 - 96	rmse	0.2723	
2023-08-10 23:13:31,756 - 96	mape	134.3117	
2023-08-10 23:13:32,731 - [*] loss:0.2705
2023-08-10 23:13:32,734 - [*] phase 0, testing
2023-08-10 23:13:32,771 - T:96	MAE	0.331385	RMSE	0.270724	MAPE	134.322512
2023-08-10 23:13:33,890 - [*] loss:0.2700
2023-08-10 23:13:33,894 - [*] phase 0, testing
2023-08-10 23:13:33,930 - T:96	MAE	0.328574	RMSE	0.270322	MAPE	128.420925
2023-08-10 23:13:33,931 - 96	mae	0.3286	
2023-08-10 23:13:33,931 - 96	rmse	0.2703	
2023-08-10 23:13:33,931 - 96	mape	128.4209	
