2023-09-05 11:06:49,567 - logger name:exp/ECL-Autoformer2023-09-05-11:06:49.566329/ECL-Autoformer.log
2023-09-05 11:06:49,567 - params : {'loss': 'mse', 'conf': 'ECL-Autoformer', 'data_name': 'ETTh2', 'iteration': 1, 'train': 1, 'mainrs': 0, 'abl': 0, 'abl_tmp_context': 0, 'abl_ae': 0, 'load': True, 'build_graph': False, 'same_init': True, 'grad_norm': False, 'refiner_residual': 0, 'root_path': '', 'exp_path': 'exp/', 'val_test_mix': False, 'lr': 0.0001, 'lradj': 'TST', 'dropout': 0.1, 'fc_dropout': 0.0, 'head_dropout': 0.0, 'patch_len': 16, 'stride': 8, 'd_ff': 512, 'd_model': 128, 'n_heads': 8, 'seq_len': 96, 'pred_len': 96, 'noise_rate': 0.5, 'device': device(type='cuda', index=1), 'test_model_path': '/Disk/fhyega/code/BASE/exp/ECL-PatchTST2023-08-26-13:08:31.837686/0/best_model.pkl', 'idx': -1, 'aligner': 1, 'always_align': 1, 'refiner': 1, 'rec_block_num': 1, 'enhance': 1, 'enhance_type': 5, 'seed': 34, 'batch_size': 64, 'share_head': 0, 'add_noise': 1, 'add_norm': 0, 'jitter_sigma': 0.4, 'slope_rate': 0.01, 'slope_range': 0.2, 'alpha': 10.0, 'beta': 1.0, 'gamma': 0.15, 'feature_jittering': 1, 'rec_intra_feature': 0, 'rec_ori': 1, 'mid_dim': 128, 'test_en': 0, 'debugger': 0, 'summary': 0, 'omega': 1.0, 'theta': 1.5, 'mask_border': 1, 'sup_weight': 10.0, 'rec_length_ratio': 0.8, 'ref_dropout': 0.0, 'ref_block_num': 2, 'add_FFN': 0, 'add_residual': 0, 'rec_all': 0, 'e_layers': 2, 'early_break': 0, 'early_stop': 10, '/* model related args*/': '//', 'model_name': 'Autoformer', 'label_len': 48, 'features': 'M', 'target': 'OT', 'graph_input': False, 'individual': False, 'd_layers': 1, 'factor': 3, 'des': 'Exp', 'padding_patch': 'end', 'revin': 1, 'affine': 0, 'subtract_last': 0, 'decomposition': 0, 'kernel_size': 25, 'output_attention': 0, 'embed_type': 0, 'activation': 'gelu', 'distil': 1, 'linear_output': 0, 'pct_start': 0.3, 'moving_avg': 25, 'indie': 0, '/*train related args*/': '//', 'epoch': 30, '/*dataset related args*/': '//', 'save_data_path': 'data/ECL/', 'data_process': False, 'embed': 'timeF', 'freq': 'h', 'begin_phase': 0, 'end_phase': 1, 'phase_len': 26304, 'val_ratio': 0.33, 'graph_size': 321, '/*strategy related args*/': '//', 'strategy': 'incremental', 'increase': False, 'detect': False, 'detect_strategy': 'feature', 'replay': False, 'replay_strategy': 'random', 'repaly_num_samples': 100, 'ewc': False, 'ewc_strategy': 'ewc', 'ewc_lambda': 0.0001, 'subgraph_train': False, 'num_hops': 2, 'logname': 'ECL-Autoformer', 'time': '2023-09-05-11:06:49.566329', 'path': 'exp/ECL-Autoformer2023-09-05-11:06:49.566329', 'num_workers': 4, 'start_train': 0, 'train_mode': 'pretrain', 'get_score': False, 'use_cm': True, 'logger': <Logger __main__ (INFO)>}
2023-09-05 11:06:49,567 - [*] phase 0 start training
train 8449
val 2785
test 2785
2023-09-05 11:06:49,635 - [*] phase 0 Dataset load!
True
1 True None
2023-09-05 11:06:50,675 - [*] phase 0 Training start
train 8449
2023-09-05 11:07:07,456 - epoch:0, training loss:0.7630 validation loss:0.3989
(8449, 1)
(8449, 1) True
train 8449
vs, vt 0.39894309131936595 0.4012182947586883
Updating learning rate to 6.899583955836529e-06
Updating learning rate to 6.899583955836529e-06
(8449, 1)
(8449, 1) True
train 8449
vs, vt 0.2971229902045293 0.3235705013979565
need align? ->  False 0.3235705013979565
2023-09-05 11:08:26,090 - epoch:1, training loss:22.2292 validation loss:0.2971
Updating learning rate to 1.5248019693473428e-05
Updating learning rate to 1.5248019693473428e-05
(8449, 1)
(8449, 1) True
train 8449
vs, vt 0.26921209574423055 0.2811071523888545
need align? ->  False 0.2811071523888545
2023-09-05 11:09:02,485 - epoch:2, training loss:21.8670 validation loss:0.2692
Updating learning rate to 2.8036682616194676e-05
Updating learning rate to 2.8036682616194676e-05
(8449, 1)
(8449, 1) True
train 8449
vs, vt 0.2620607072656805 0.2677259042181752
need align? ->  False 0.2677259042181752
2023-09-05 11:09:41,819 - epoch:3, training loss:21.1035 validation loss:0.2621
Updating learning rate to 4.3720497647861784e-05
Updating learning rate to 4.3720497647861784e-05
(8449, 1)
(8449, 1) True
train 8449
vs, vt 0.2685319505293261 0.2624937783588063
need align? ->  True 0.2624937783588063
2023-09-05 11:10:59,150 - epoch:4, training loss:18.5946 validation loss:0.2685
Updating learning rate to 6.040460902046933e-05
Updating learning rate to 6.040460902046933e-05
(8449, 1)
(8449, 1) True
train 8449
vs, vt 0.27490170062942937 0.2624311306598512
need align? ->  True 0.2624311306598512
2023-09-05 11:12:09,824 - epoch:5, training loss:14.4331 validation loss:0.2749
Updating learning rate to 7.607330916512556e-05
Updating learning rate to 7.607330916512556e-05
(8449, 1)
(8449, 1) True
train 8449
vs, vt 0.27420881018042564 0.26364629004489293
need align? ->  True 0.2624311306598512
2023-09-05 11:12:45,774 - epoch:6, training loss:12.0107 validation loss:0.2742
Updating learning rate to 8.883356843398634e-05
Updating learning rate to 8.883356843398634e-05
(8449, 1)
(8449, 1) True
train 8449
vs, vt 0.27968842383812775 0.2594705154611306
need align? ->  True 0.2594705154611306
2023-09-05 11:13:22,428 - epoch:7, training loss:11.4008 validation loss:0.2797
Updating learning rate to 9.714374336670574e-05
Updating learning rate to 9.714374336670574e-05
(8449, 1)
(8449, 1) True
train 8449
vs, vt 0.27913103117184207 0.2559778725897724
need align? ->  True 0.2559778725897724
2023-09-05 11:13:59,300 - epoch:8, training loss:11.1874 validation loss:0.2791
Updating learning rate to 9.999996788917095e-05
Updating learning rate to 9.999996788917095e-05
(8449, 1)
(8449, 1) True
train 8449
vs, vt 0.29191066612574185 0.2558871360326355
need align? ->  True 0.2558871360326355
2023-09-05 11:14:35,776 - epoch:9, training loss:10.8864 validation loss:0.2919
Updating learning rate to 9.943306611983748e-05
Updating learning rate to 9.943306611983748e-05
(8449, 1)
(8449, 1) True
train 8449
vs, vt 0.2886559125036001 0.25425221771001816
need align? ->  True 0.25425221771001816
2023-09-05 11:15:12,586 - epoch:10, training loss:10.5766 validation loss:0.2887
Updating learning rate to 9.776191580673917e-05
Updating learning rate to 9.776191580673917e-05
(8449, 1)
(8449, 1) True
train 8449
vs, vt 0.28621677275408397 0.25632161156020383
need align? ->  True 0.25425221771001816
2023-09-05 11:15:48,989 - epoch:11, training loss:10.2086 validation loss:0.2862
Updating learning rate to 9.502384768637787e-05
Updating learning rate to 9.502384768637787e-05
(8449, 1)
(8449, 1) True
train 8449
vs, vt 0.28341146575456316 0.25585680708966474
need align? ->  True 0.25425221771001816
2023-09-05 11:17:18,707 - epoch:12, training loss:9.8797 validation loss:0.2834
Updating learning rate to 9.128002567604108e-05
Updating learning rate to 9.128002567604108e-05
(8449, 1)
(8449, 1) True
train 8449
vs, vt 0.2815870757807385 0.2557181285863573
need align? ->  True 0.25425221771001816
2023-09-05 11:18:37,874 - epoch:13, training loss:9.5918 validation loss:0.2816
Updating learning rate to 8.661408057296008e-05
Updating learning rate to 8.661408057296008e-05
(8449, 1)
(8449, 1) True
train 8449
vs, vt 0.28113244321535935 0.25650347159667447
need align? ->  True 0.25425221771001816
2023-09-05 11:20:04,743 - epoch:14, training loss:9.3181 validation loss:0.2811
True
check exp/ECL-Autoformer2023-09-05-11:06:49.566329/0/0.2621_epoch_3.pkl  &  0.25425221771001816
2023-09-05 11:20:14,519 - [*] loss:0.3488
2023-09-05 11:20:14,521 - [*] phase 0, testing
2023-09-05 11:20:14,554 - T:96	MAE	0.392367	RMSE	0.351295	MAPE	160.398352
2023-09-05 11:20:14,555 - 96	mae	0.3924	
2023-09-05 11:20:14,555 - 96	rmse	0.3513	
2023-09-05 11:20:14,555 - 96	mape	160.3984	
2023-09-05 11:20:22,558 - [*] loss:0.3489
2023-09-05 11:20:22,560 - [*] phase 0, testing
2023-09-05 11:20:22,595 - T:96	MAE	0.392367	RMSE	0.351304	MAPE	160.397696
