2023-05-16 22:47:25,980 - logger name:exp/district3F11T17/ECL-Informer2023-05-16-22:47:25.980344/ECL-Informer.log
2023-05-16 22:47:25,980 - params : {'conf': 'ECL-Informer', 'load_config': 'configs/', 'data_process': False, 'auto_test': 1, 'load': True, 'device': device(type='cuda', index=1), 'build_graph': False, 'dynamic_graph': False, 'graph_input': False, 'model_name': 'informer', 'data_name': 'electricity', 'root_path': '', 'raw_data_path': 'data/district3F11T17/finaldata/', 'graph_path': 'data/district3F11T17/graph/', 'save_data_path': 'data/ECL/', 'model_path': 'exp/district3F11T17/', 'phase': 2012, 'days': 31, '/* model related args*/': '//', 'x_len': 96, 'y_len': 96, 'label_len': 48, 'features': 'M', 'target': 'OT', 'individual': False, 'test_model_path': 'exp/district3F11T17/ECL-Informer2023-05-16-17:28:55.300415/1/0.5668_epoch_5.pkl', 'e_layers': 2, 'd_layers': 1, 'factor': 3, 'n_heads': 16, 'd_model': 128, 'd_ff': 256, 'dropout': 0.2, 'fc_dropout': 0.2, 'head_dropout': 0, 'patch_len': 16, 'stride': 8, 'des': 'Exp', 'padding_patch': 'end', 'revin': 1, 'affine': 0, 'subtract_last': 0, 'decomposition': 0, 'kernel_size': 25, 'output_attention': 0, 'embed_type': 0, 'activation': 'gelu', 'distil': 1, 'linear_output': 0, '/*train related args*/': '//', 'train': True, 'epoch': 100, 'batch_size': 128, 'lr': 0.0001, 'loss': 'mse', '/*dataset related args*/': '//', 'embed': 'timeF', 'freq': 'h', 'begin_phase': 1, 'end_phase': 1, 'phase_len': 15667, 'val_ratio': 0.5, 'graph_size': 321, '/*strategy related args*/': '//', 'strategy': 'incremental', 'increase': False, 'detect': False, 'detect_strategy': 'feature', 'replay': False, 'replay_strategy': 'random', 'repaly_num_samples': 100, 'ewc': False, 'ewc_strategy': 'ewc', 'ewc_lambda': 0.0001, 'subgraph_train': False, 'num_hops': 2, 'logname': 'ECL-Informer', 'time': '2023-05-16-22:47:25.980344', 'path': 'exp/district3F11T17/ECL-Informer2023-05-16-22:47:25.980344', 'logger': <Logger __main__ (INFO)>}
2023-05-16 22:47:25,981 - [*] phase 1 load from data/ECL/1_30day.npz
2023-05-16 22:47:25,981 - [*] phase 1 Dataset load!
2023-05-16 22:48:18,212 - [*] phase 1 Training start
2023-05-16 22:48:18,539 - node number torch.Size([41088, 96])
2023-05-16 22:48:39,717 - epoch:0, training loss:0.8376 validation loss:0.7029
2023-05-16 22:49:00,467 - epoch:1, training loss:0.5869 validation loss:0.6087
2023-05-16 22:49:21,332 - epoch:2, training loss:0.5213 validation loss:0.5784
2023-05-16 22:49:42,447 - epoch:3, training loss:0.4912 validation loss:0.5739
2023-05-16 22:50:03,344 - epoch:4, training loss:0.4651 validation loss:0.6088
2023-05-16 22:50:24,605 - epoch:5, training loss:0.4395 validation loss:0.6529
2023-05-16 22:50:45,595 - epoch:6, training loss:0.4229 validation loss:0.6628
2023-05-16 22:51:06,810 - epoch:7, training loss:0.4108 validation loss:0.6694
2023-05-16 22:51:27,805 - epoch:8, training loss:0.4002 validation loss:0.6774
2023-05-16 22:51:48,833 - epoch:9, training loss:0.3908 validation loss:0.6772
2023-05-16 22:52:09,881 - epoch:10, training loss:0.3814 validation loss:0.6758
2023-05-16 22:52:30,797 - epoch:11, training loss:0.3731 validation loss:0.6725
2023-05-16 22:52:51,681 - epoch:12, training loss:0.3661 validation loss:0.6699
2023-05-16 22:53:12,759 - epoch:13, training loss:0.3605 validation loss:0.6674
2023-05-16 22:53:33,118 - epoch:14, training loss:0.3557 validation loss:0.6589
2023-05-16 22:53:54,412 - epoch:15, training loss:0.3515 validation loss:0.6682
2023-05-16 22:54:15,097 - epoch:16, training loss:0.3482 validation loss:0.6619
2023-05-16 22:54:38,732 - epoch:17, training loss:0.3447 validation loss:0.6661
2023-05-16 22:55:00,009 - epoch:18, training loss:0.3418 validation loss:0.6648
2023-05-16 22:55:21,589 - epoch:19, training loss:0.3390 validation loss:0.6637
2023-05-16 22:55:42,820 - epoch:20, training loss:0.3366 validation loss:0.6630
2023-05-16 22:56:04,213 - epoch:21, training loss:0.3347 validation loss:0.6648
2023-05-16 22:56:25,423 - epoch:22, training loss:0.3327 validation loss:0.6627
2023-05-16 22:56:46,514 - epoch:23, training loss:0.3307 validation loss:0.6587
2023-05-16 22:57:07,954 - epoch:24, training loss:0.3288 validation loss:0.6587
2023-05-16 22:57:31,846 - epoch:25, training loss:0.3271 validation loss:0.6585
2023-05-16 22:57:53,303 - epoch:26, training loss:0.3253 validation loss:0.6551
2023-05-16 22:58:14,395 - epoch:27, training loss:0.3233 validation loss:0.6569
2023-05-16 22:58:35,792 - epoch:28, training loss:0.3220 validation loss:0.6533
2023-05-16 22:58:57,378 - epoch:29, training loss:0.3205 validation loss:0.6652
2023-05-16 22:59:18,707 - epoch:30, training loss:0.3190 validation loss:0.6618
2023-05-16 22:59:40,336 - epoch:31, training loss:0.3175 validation loss:0.6521
2023-05-16 23:00:01,918 - epoch:32, training loss:0.3162 validation loss:0.6471
2023-05-16 23:00:23,417 - epoch:33, training loss:0.3151 validation loss:0.6455
2023-05-16 23:00:45,028 - epoch:34, training loss:0.3135 validation loss:0.6469
2023-05-16 23:01:06,451 - epoch:35, training loss:0.3126 validation loss:0.6530
2023-05-16 23:01:27,848 - epoch:36, training loss:0.3114 validation loss:0.6535
2023-05-16 23:01:49,312 - epoch:37, training loss:0.3107 validation loss:0.6432
2023-05-16 23:02:10,994 - epoch:38, training loss:0.3093 validation loss:0.6460
2023-05-16 23:02:32,803 - epoch:39, training loss:0.3085 validation loss:0.6437
2023-05-16 23:02:54,424 - epoch:40, training loss:0.3075 validation loss:0.6504
2023-05-16 23:03:15,827 - epoch:41, training loss:0.3067 validation loss:0.6410
2023-05-16 23:03:37,332 - epoch:42, training loss:0.3059 validation loss:0.6457
2023-05-16 23:03:58,447 - epoch:43, training loss:0.3053 validation loss:0.6397
2023-05-16 23:04:19,675 - epoch:44, training loss:0.3046 validation loss:0.6417
2023-05-16 23:04:41,230 - epoch:45, training loss:0.3036 validation loss:0.6392
2023-05-16 23:05:02,712 - epoch:46, training loss:0.3028 validation loss:0.6388
2023-05-16 23:05:24,293 - epoch:47, training loss:0.3025 validation loss:0.6406
2023-05-16 23:05:45,826 - epoch:48, training loss:0.3018 validation loss:0.6341
2023-05-16 23:06:07,346 - epoch:49, training loss:0.3009 validation loss:0.6320
2023-05-16 23:06:29,124 - epoch:50, training loss:0.3004 validation loss:0.6354
2023-05-16 23:06:50,510 - epoch:51, training loss:0.2995 validation loss:0.6310
2023-05-16 23:07:11,979 - epoch:52, training loss:0.2994 validation loss:0.6356
2023-05-16 23:07:33,561 - epoch:53, training loss:0.2986 validation loss:0.6349
2023-05-16 23:07:55,248 - epoch:54, training loss:0.2980 validation loss:0.6257
2023-05-16 23:07:55,478 - Finished optimization, total time:936.47 s, best model:exp/district3F11T17/ECL-Informer2023-05-16-22:47:25.980344/1/0.5739_epoch_3.pkl
2023-05-16 23:07:59,095 - [*] loss:0.5370
2023-05-16 23:07:59,647 - [*] phase 1, testing
2023-05-16 23:07:59,964 - T:3	MAE	0.5144	RMSE	0.6922	MAPE	494.5460
2023-05-16 23:08:00,361 - T:6	MAE	0.5157	RMSE	0.6948	MAPE	493.0856
2023-05-16 23:08:00,913 - T:12	MAE	0.5426	RMSE	0.7302	MAPE	528.1942
2023-05-16 23:08:20,287 - T:96	MAE	0.5501	RMSE	0.7314	MAPE	515.7409
2023-05-16 23:08:20,302 - 3	mae	0.51	
2023-05-16 23:08:20,302 - 3	rmse	0.69	
2023-05-16 23:08:20,302 - 3	mape	494.55	
2023-05-16 23:08:20,302 - 6	mae	0.52	
2023-05-16 23:08:20,302 - 6	rmse	0.69	
2023-05-16 23:08:20,302 - 6	mape	493.09	
2023-05-16 23:08:20,302 - 12	mae	0.54	
2023-05-16 23:08:20,302 - 12	rmse	0.73	
2023-05-16 23:08:20,302 - 12	mape	528.19	
2023-05-16 23:08:20,302 - 96	mae	0.55	
2023-05-16 23:08:20,302 - 96	rmse	0.73	
2023-05-16 23:08:20,302 - 96	mape	515.74	
2023-05-16 23:08:20,302 - phase	1	total_time	936.4726290000001	average_time	17.02678309090909	epoch	55
