2023-08-02 18:02:43,935 - logger name:exp/ECL-PatchTST2023-08-02-18:02:43.935525/ECL-PatchTST.log
2023-08-02 18:02:43,936 - params : {'loss': 'huber', 'conf': 'ECL-PatchTST', 'data_name': 'ETTh2', 'iteration': 1, 'load': True, 'build_graph': False, 'same_init': True, 'grad_norm': False, 'refiner_no_residual': False, 'root_path': '', 'exp_path': 'exp/', 'val_test_mix': False, 'pred_len': 96, 'noise_rate': 0.5, 'device': device(type='cuda', index=0), 'test_model_path': '/Disk/fhyega/code/BASE/exp/ECL-PatchTST2023-07-23-21:59:42.618606/0/0.0379_epoch_25.pkl', 'idx': -1, 'aligner': 1, 'always_align': 1, 'refiner': 1, 'refiner_block_num': 1, 'enhance': 0, 'enhance_type': 3, 'seed': 42033, 'batch_size': 128, 'share_head': 0, 'jitter_sigma': 0.2, 'slope_rate': 0.01, 'slope_range': 0.5, 'beta': 1.0, '/* model related args*/': '//', 'model_name': 'PatchTST', 'seq_len': 336, 'label_len': 48, 'features': 'M', 'target': 'OT', 'graph_input': False, 'individual': False, 'e_layers': 3, 'd_layers': 1, 'factor': 1, 'n_heads': 16, 'd_model': 128, 'd_ff': 256, 'dropout': 0.2, 'fc_dropout': 0.2, 'head_dropout': 0.0, 'patch_len': 16, 'stride': 8, 'des': 'Exp', 'padding_patch': 'end', 'revin': 1, 'affine': 0, 'subtract_last': 0, 'decomposition': 0, 'kernel_size': 25, 'output_attention': 0, 'embed_type': 0, 'activation': 'gelu', 'lradj': 'TST', 'distil': 1, 'linear_output': 1, 'pct_start': 0.2, '/*train related args*/': '//', 'train': True, 'epoch': 30, 'lr': 0.0001, '/*dataset related args*/': '//', 'save_data_path': 'data/ECL/', 'data_process': True, 'embed': 'timeF', 'freq': 'h', 'begin_phase': 0, 'end_phase': 1, 'phase_len': 26304, 'val_ratio': 0.33, 'graph_size': 321, '/*strategy related args*/': '//', 'strategy': 'incremental', 'increase': False, 'detect': False, 'detect_strategy': 'feature', 'replay': False, 'replay_strategy': 'random', 'repaly_num_samples': 100, 'ewc': False, 'ewc_strategy': 'ewc', 'ewc_lambda': 0.0001, 'subgraph_train': False, 'num_hops': 2, 'logname': 'ECL-PatchTST', 'time': '2023-08-02-18:02:43.935525', 'path': 'exp/ECL-PatchTST2023-08-02-18:02:43.935525', 'num_workers': 4, 'start_train': 0, 'train_mode': 'pretrain', 'get_score': False, 'use_cm': True, 'logger': <Logger __main__ (INFO)>}
2023-08-02 18:02:43,936 - [*] phase 0 start training
0 26304
train 8209
val 2785
test 2785
2023-08-02 18:02:44,127 - [*] phase 0 Dataset load!
2023-08-02 18:02:44,984 - [*] phase 0 Training start
train 8209
2023-08-02 18:02:57,003 - epoch:0, training loss:0.2071 validation loss:0.1610
train 8209
vs, vt 0.160981329835274 0.16870617849582975
Updating learning rate to 1.0463629820836433e-05
Updating learning rate to 1.0463629820836433e-05
train 8209
vs, vt 0.13680509308522398 0.14479171146046033
2023-08-02 18:03:22,927 - epoch:1, training loss:2.5435 validation loss:0.1368
Updating learning rate to 2.8113748014145436e-05
Updating learning rate to 2.8113748014145436e-05
train 8209
vs, vt 0.12776616926897655 0.14050850966437298
2023-08-02 18:03:41,859 - epoch:2, training loss:1.9495 validation loss:0.1278
Updating learning rate to 5.219686165094539e-05
Updating learning rate to 5.219686165094539e-05
train 8209
vs, vt 0.12537484599108045 0.13547442116859285
2023-08-02 18:04:01,284 - epoch:3, training loss:1.2202 validation loss:0.1254
Updating learning rate to 7.622695691951079e-05
Updating learning rate to 7.622695691951079e-05
train 8209
vs, vt 0.12354489034888419 0.1389234568077055
2023-08-02 18:04:20,270 - epoch:4, training loss:0.7721 validation loss:0.1235
Updating learning rate to 9.373229880419829e-05
Updating learning rate to 9.373229880419829e-05
train 8209
vs, vt 0.12435960261659189 0.1388240713118152
2023-08-02 18:04:39,510 - epoch:5, training loss:0.6082 validation loss:0.1244
Updating learning rate to 9.999989541836333e-05
Updating learning rate to 9.999989541836333e-05
train 8209
vs, vt 0.12396329988471487 0.13617151086641985
2023-08-02 18:04:59,133 - epoch:6, training loss:0.5316 validation loss:0.1240
Updating learning rate to 9.955879284407972e-05
Updating learning rate to 9.955879284407972e-05
train 8209
vs, vt 0.12534972915256565 0.13567860712381927
2023-08-02 18:05:18,155 - epoch:7, training loss:0.4881 validation loss:0.1253
Updating learning rate to 9.826972900599613e-05
Updating learning rate to 9.826972900599613e-05
train 8209
vs, vt 0.1260869526727633 0.13749134650623257
2023-08-02 18:05:37,094 - epoch:8, training loss:0.4574 validation loss:0.1261
Updating learning rate to 9.615476014377818e-05
Updating learning rate to 9.615476014377818e-05
train 8209
vs, vt 0.1266209086911245 0.1410953440618786
2023-08-02 18:05:56,644 - epoch:9, training loss:0.4235 validation loss:0.1266
Updating learning rate to 9.325007396103859e-05
Updating learning rate to 9.325007396103859e-05
train 8209
vs, vt 0.12641256480393084 0.1419240478426218
2023-08-02 18:06:15,491 - epoch:10, training loss:0.4043 validation loss:0.1264
Updating learning rate to 8.960537044369518e-05
Updating learning rate to 8.960537044369518e-05
train 8209
vs, vt 0.12533532370897857 0.1410254491493106
2023-08-02 18:06:34,607 - epoch:11, training loss:0.3877 validation loss:0.1253
Updating learning rate to 8.528301147943237e-05
Updating learning rate to 8.528301147943237e-05
train 8209
vs, vt 0.1250854976983233 0.13954781232909722
2023-08-02 18:06:53,795 - epoch:12, training loss:0.3685 validation loss:0.1251
Updating learning rate to 8.035695382851308e-05
Updating learning rate to 8.035695382851308e-05
train 8209
vs, vt 0.1253346281803467 0.14127054361795838
2023-08-02 18:07:14,293 - epoch:13, training loss:0.3607 validation loss:0.1253
Updating learning rate to 7.49114837031057e-05
Updating learning rate to 7.49114837031057e-05
train 8209
vs, vt 0.12423962269994346 0.13923298161138187
2023-08-02 18:07:33,850 - epoch:14, training loss:0.3597 validation loss:0.1242
Updating learning rate to 6.90397746068255e-05
Updating learning rate to 6.90397746068255e-05
train 8209
vs, vt 0.12565624942495066 0.13877735651013526
2023-08-02 18:07:56,651 - epoch:15, training loss:0.3554 validation loss:0.1257
Updating learning rate to 6.284229311025519e-05
Updating learning rate to 6.284229311025519e-05
train 8209
vs, vt 0.1263181958347559 0.14215905591845512
2023-08-02 18:08:15,880 - epoch:16, training loss:0.3455 validation loss:0.1263
Updating learning rate to 5.642507984006751e-05
Updating learning rate to 5.642507984006751e-05
train 8209
vs, vt 0.1257756824012507 0.14171359916640955
2023-08-02 18:08:35,124 - epoch:17, training loss:0.3442 validation loss:0.1258
Updating learning rate to 4.989793509450307e-05
Updating learning rate to 4.989793509450307e-05
train 8209
vs, vt 0.12606260290538723 0.1422065497291359
2023-08-02 18:08:54,421 - epoch:18, training loss:0.3396 validation loss:0.1261
Updating learning rate to 4.337254012982485e-05
Updating learning rate to 4.337254012982485e-05
train 8209
vs, vt 0.12639827094972134 0.14231811192902652
2023-08-02 18:09:13,682 - epoch:19, training loss:0.3372 validation loss:0.1264
Updating learning rate to 3.696054626305981e-05
Updating learning rate to 3.696054626305981e-05
train 8209
vs, vt 0.12676700052212586 0.14081984910775314
2023-08-02 18:09:32,975 - epoch:20, training loss:0.3357 validation loss:0.1268
Updating learning rate to 3.0771664487008854e-05
Updating learning rate to 3.0771664487008854e-05
train 8209
vs, vt 0.12642691267484968 0.14166646840220148
2023-08-02 18:09:52,151 - epoch:21, training loss:0.3367 validation loss:0.1264
Updating learning rate to 2.491178828474237e-05
Updating learning rate to 2.491178828474237e-05
train 8209
vs, vt 0.12629218907518822 0.14062495656650176
2023-08-02 18:10:11,705 - epoch:22, training loss:0.3351 validation loss:0.1263
Updating learning rate to 1.9481181762745777e-05
Updating learning rate to 1.9481181762745777e-05
train 8209
vs, vt 0.12613742688501423 0.1406539756466042
2023-08-02 18:10:30,747 - epoch:23, training loss:0.3355 validation loss:0.1261
Updating learning rate to 1.4572764104259043e-05
Updating learning rate to 1.4572764104259043e-05
train 8209
vs, vt 0.1263559585098516 0.14101150259375572
2023-08-02 18:10:50,909 - epoch:24, training loss:0.3358 validation loss:0.1264
Updating learning rate to 1.0270519696289322e-05
Updating learning rate to 1.0270519696289322e-05
train 8209
vs, vt 0.12660427391529083 0.14064939692616463
2023-08-02 18:11:11,009 - epoch:25, training loss:0.3338 validation loss:0.1266
Updating learning rate to 6.648061133464466e-06
Updating learning rate to 6.648061133464466e-06
train 8209
vs, vt 0.12663321832025592 0.14049899696626447
2023-08-02 18:11:32,870 - epoch:26, training loss:0.3340 validation loss:0.1266
Updating learning rate to 3.7673696861296922e-06
Updating learning rate to 3.7673696861296922e-06
train 8209
vs, vt 0.12667742794887585 0.1406922530890866
2023-08-02 18:11:54,822 - epoch:27, training loss:0.3310 validation loss:0.1267
Updating learning rate to 1.6777347836274343e-06
Updating learning rate to 1.6777347836274343e-06
train 8209
vs, vt 0.12707719062878328 0.1408109962940216
2023-08-02 18:12:14,555 - epoch:28, training loss:0.3359 validation loss:0.1271
Updating learning rate to 4.1491065849575754e-07
Updating learning rate to 4.1491065849575754e-07
train 8209
vs, vt 0.12641265302557836 0.14069816656410694
2023-08-02 18:12:33,874 - epoch:29, training loss:0.3320 validation loss:0.1264
Updating learning rate to 5.045816366600914e-10
Updating learning rate to 5.045816366600914e-10
check exp/ECL-PatchTST2023-08-02-18:02:43.935525/0/0.1235_epoch_4.pkl  &  0.13547442116859285
2023-08-02 18:12:35,771 - [*] loss:0.2742
2023-08-02 18:12:35,774 - [*] phase 0, testing
2023-08-02 18:12:35,812 - T:96	MAE	0.333676	RMSE	0.274409	MAPE	133.586955
2023-08-02 18:12:35,814 - 96	mae	0.3337	
2023-08-02 18:12:35,814 - 96	rmse	0.2744	
2023-08-02 18:12:35,814 - 96	mape	133.5870	
2023-08-02 18:12:36,718 - [*] loss:0.3000
2023-08-02 18:12:36,721 - [*] phase 0, testing
2023-08-02 18:12:36,759 - T:96	MAE	0.356753	RMSE	0.298019	MAPE	137.804329
2023-08-02 18:12:36,760 - 96	mae	0.3568	
2023-08-02 18:12:36,760 - 96	rmse	0.2980	
2023-08-02 18:12:36,760 - 96	mape	137.8043	
2023-08-02 18:12:38,842 - logger name:exp/ECL-PatchTST2023-08-02-18:12:38.841799/ECL-PatchTST.log
2023-08-02 18:12:38,842 - params : {'loss': 'huber', 'conf': 'ECL-PatchTST', 'data_name': 'ETTh2', 'iteration': 1, 'load': True, 'build_graph': False, 'same_init': True, 'grad_norm': False, 'refiner_no_residual': False, 'root_path': '', 'exp_path': 'exp/', 'val_test_mix': False, 'pred_len': 96, 'noise_rate': 0.5, 'device': device(type='cuda', index=0), 'test_model_path': '/Disk/fhyega/code/BASE/exp/ECL-PatchTST2023-07-23-21:59:42.618606/0/0.0379_epoch_25.pkl', 'idx': -1, 'aligner': 1, 'always_align': 1, 'refiner': 1, 'refiner_block_num': 1, 'enhance': 1, 'enhance_type': 3, 'seed': 33, 'batch_size': 128, 'share_head': 0, 'jitter_sigma': 0.2, 'slope_rate': 0.01, 'slope_range': 0.5, 'beta': 1.0, '/* model related args*/': '//', 'model_name': 'PatchTST', 'seq_len': 336, 'label_len': 48, 'features': 'M', 'target': 'OT', 'graph_input': False, 'individual': False, 'e_layers': 3, 'd_layers': 1, 'factor': 1, 'n_heads': 16, 'd_model': 128, 'd_ff': 256, 'dropout': 0.2, 'fc_dropout': 0.2, 'head_dropout': 0.0, 'patch_len': 16, 'stride': 8, 'des': 'Exp', 'padding_patch': 'end', 'revin': 1, 'affine': 0, 'subtract_last': 0, 'decomposition': 0, 'kernel_size': 25, 'output_attention': 0, 'embed_type': 0, 'activation': 'gelu', 'lradj': 'TST', 'distil': 1, 'linear_output': 1, 'pct_start': 0.2, '/*train related args*/': '//', 'train': True, 'epoch': 30, 'lr': 0.0001, '/*dataset related args*/': '//', 'save_data_path': 'data/ECL/', 'data_process': True, 'embed': 'timeF', 'freq': 'h', 'begin_phase': 0, 'end_phase': 1, 'phase_len': 26304, 'val_ratio': 0.33, 'graph_size': 321, '/*strategy related args*/': '//', 'strategy': 'incremental', 'increase': False, 'detect': False, 'detect_strategy': 'feature', 'replay': False, 'replay_strategy': 'random', 'repaly_num_samples': 100, 'ewc': False, 'ewc_strategy': 'ewc', 'ewc_lambda': 0.0001, 'subgraph_train': False, 'num_hops': 2, 'logname': 'ECL-PatchTST', 'time': '2023-08-02-18:12:38.841799', 'path': 'exp/ECL-PatchTST2023-08-02-18:12:38.841799', 'num_workers': 4, 'start_train': 0, 'train_mode': 'pretrain', 'get_score': False, 'use_cm': True, 'logger': <Logger __main__ (INFO)>}
2023-08-02 18:12:38,842 - [*] phase 0 start training
0 26304
train 8209
val 2785
test 2785
2023-08-02 18:12:39,035 - [*] phase 0 Dataset load!
2023-08-02 18:12:39,857 - [*] phase 0 Training start
train 8209
2023-08-02 18:12:52,666 - epoch:0, training loss:0.2061 validation loss:0.1606
train 8209
vs, vt 0.16056942804293198 0.17089635912667622
Updating learning rate to 1.0463629820836433e-05
Updating learning rate to 1.0463629820836433e-05
train 8209
vs, vt 0.13772251761772417 0.14846634221347896
2023-08-02 18:13:24,661 - epoch:1, training loss:2.9410 validation loss:0.1377
Updating learning rate to 2.8113748014145436e-05
Updating learning rate to 2.8113748014145436e-05
train 8209
