2023-08-02 18:52:52,000 - logger name:exp/ECL-PatchTST2023-08-02-18:52:52.000267/ECL-PatchTST.log
2023-08-02 18:52:52,000 - params : {'loss': 'huber', 'conf': 'ECL-PatchTST', 'data_name': 'ETTh2', 'iteration': 1, 'load': True, 'build_graph': False, 'same_init': True, 'grad_norm': False, 'refiner_no_residual': False, 'root_path': '', 'exp_path': 'exp/', 'val_test_mix': False, 'pred_len': 96, 'noise_rate': 0.5, 'device': device(type='cuda', index=0), 'test_model_path': '/Disk/fhyega/code/BASE/exp/ECL-PatchTST2023-07-23-21:59:42.618606/0/0.0379_epoch_25.pkl', 'idx': -1, 'aligner': 1, 'always_align': 1, 'refiner': 1, 'refiner_block_num': 1, 'enhance': 1, 'enhance_type': 3, 'seed': 42033, 'batch_size': 128, 'share_head': 0, 'jitter_sigma': 0.2, 'slope_rate': 0.01, 'slope_range': 0.5, 'beta': 1.0, '/* model related args*/': '//', 'model_name': 'PatchTST', 'seq_len': 336, 'label_len': 48, 'features': 'M', 'target': 'OT', 'graph_input': False, 'individual': False, 'e_layers': 3, 'd_layers': 1, 'factor': 1, 'n_heads': 16, 'd_model': 128, 'd_ff': 256, 'dropout': 0.2, 'fc_dropout': 0.2, 'head_dropout': 0.0, 'patch_len': 16, 'stride': 8, 'des': 'Exp', 'padding_patch': 'end', 'revin': 1, 'affine': 0, 'subtract_last': 0, 'decomposition': 0, 'kernel_size': 25, 'output_attention': 0, 'embed_type': 0, 'activation': 'gelu', 'lradj': 'TST', 'distil': 1, 'linear_output': 1, 'pct_start': 0.2, '/*train related args*/': '//', 'train': True, 'epoch': 30, 'lr': 0.0001, '/*dataset related args*/': '//', 'save_data_path': 'data/ECL/', 'data_process': True, 'embed': 'timeF', 'freq': 'h', 'begin_phase': 0, 'end_phase': 1, 'phase_len': 26304, 'val_ratio': 0.33, 'graph_size': 321, '/*strategy related args*/': '//', 'strategy': 'incremental', 'increase': False, 'detect': False, 'detect_strategy': 'feature', 'replay': False, 'replay_strategy': 'random', 'repaly_num_samples': 100, 'ewc': False, 'ewc_strategy': 'ewc', 'ewc_lambda': 0.0001, 'subgraph_train': False, 'num_hops': 2, 'logname': 'ECL-PatchTST', 'time': '2023-08-02-18:52:52.000267', 'path': 'exp/ECL-PatchTST2023-08-02-18:52:52.000267', 'num_workers': 4, 'start_train': 0, 'train_mode': 'pretrain', 'get_score': False, 'use_cm': True, 'logger': <Logger __main__ (INFO)>}
2023-08-02 18:52:52,000 - [*] phase 0 start training
0 26304
train 8209
val 2785
test 2785
2023-08-02 18:52:52,191 - [*] phase 0 Dataset load!
2023-08-02 18:52:53,055 - [*] phase 0 Training start
train 8209
2023-08-02 18:53:05,413 - epoch:0, training loss:0.2314 validation loss:0.1648
train 8209
vs, vt 0.164839189668948 0.16582881862466986
Updating learning rate to 1.0463629820836433e-05
Updating learning rate to 1.0463629820836433e-05
train 8209
vs, vt 0.13986683535304936 0.13520987509665164
2023-08-02 18:53:37,372 - epoch:1, training loss:2.6675 validation loss:0.1399
Updating learning rate to 2.8113748014145436e-05
Updating learning rate to 2.8113748014145436e-05
train 8209
vs, vt 0.13054362159561028 0.12768631504679268
2023-08-02 18:54:02,620 - epoch:2, training loss:2.0447 validation loss:0.1305
Updating learning rate to 5.219686165094539e-05
Updating learning rate to 5.219686165094539e-05
train 8209
vs, vt 0.12826060867783698 0.1251069116829471
2023-08-02 18:54:27,705 - epoch:3, training loss:1.3427 validation loss:0.1283
Updating learning rate to 7.622695691951079e-05
Updating learning rate to 7.622695691951079e-05
train 8209
vs, vt 0.1254628331146457 0.1254617167128758
2023-08-02 18:54:52,136 - epoch:4, training loss:0.9357 validation loss:0.1255
Updating learning rate to 9.373229880419829e-05
Updating learning rate to 9.373229880419829e-05
train 8209
vs, vt 0.12485714375295422 0.12344907672906463
2023-08-02 18:55:16,965 - epoch:5, training loss:0.7954 validation loss:0.1249
Updating learning rate to 9.999989541836333e-05
Updating learning rate to 9.999989541836333e-05
train 8209
vs, vt 0.1253000387752598 0.12526378120211037
2023-08-02 18:55:41,463 - epoch:6, training loss:0.7503 validation loss:0.1253
Updating learning rate to 9.955879284407972e-05
Updating learning rate to 9.955879284407972e-05
train 8209
vs, vt 0.12555217065594412 0.12290348891507495
2023-08-02 18:56:06,110 - epoch:7, training loss:0.7265 validation loss:0.1256
Updating learning rate to 9.826972900599613e-05
Updating learning rate to 9.826972900599613e-05
train 8209
vs, vt 0.12608943854204632 0.12375587970018387
2023-08-02 18:56:31,625 - epoch:8, training loss:0.6910 validation loss:0.1261
Updating learning rate to 9.615476014377818e-05
Updating learning rate to 9.615476014377818e-05
train 8209
vs, vt 0.12615163725885478 0.1231230388988148
2023-08-02 18:56:56,600 - epoch:9, training loss:0.6756 validation loss:0.1262
Updating learning rate to 9.325007396103859e-05
Updating learning rate to 9.325007396103859e-05
train 8209
vs, vt 0.1260549435392022 0.12564240209758282
2023-08-02 18:57:22,114 - epoch:10, training loss:0.6625 validation loss:0.1261
Updating learning rate to 8.960537044369518e-05
Updating learning rate to 8.960537044369518e-05
train 8209
vs, vt 0.12458719330077822 0.12364064224741676
2023-08-02 18:57:47,018 - epoch:11, training loss:0.6372 validation loss:0.1246
Updating learning rate to 8.528301147943237e-05
Updating learning rate to 8.528301147943237e-05
train 8209
vs, vt 0.12508017231117596 0.12386159209365194
2023-08-02 18:58:11,489 - epoch:12, training loss:0.6041 validation loss:0.1251
Updating learning rate to 8.035695382851308e-05
Updating learning rate to 8.035695382851308e-05
train 8209
vs, vt 0.1251481630924073 0.12336079886352475
2023-08-02 18:58:36,068 - epoch:13, training loss:0.5843 validation loss:0.1251
Updating learning rate to 7.49114837031057e-05
Updating learning rate to 7.49114837031057e-05
train 8209
vs, vt 0.1251266092400659 0.12225656973367388
2023-08-02 18:59:00,743 - epoch:14, training loss:0.5681 validation loss:0.1251
Updating learning rate to 6.90397746068255e-05
Updating learning rate to 6.90397746068255e-05
train 8209
vs, vt 0.12515111665495418 0.12295155150985176
2023-08-02 18:59:25,579 - epoch:15, training loss:0.5543 validation loss:0.1252
Updating learning rate to 6.284229311025519e-05
Updating learning rate to 6.284229311025519e-05
train 8209
vs, vt 0.12517421015284277 0.12314702367240732
2023-08-02 18:59:50,664 - epoch:16, training loss:0.5416 validation loss:0.1252
Updating learning rate to 5.642507984006751e-05
Updating learning rate to 5.642507984006751e-05
train 8209
vs, vt 0.12561925940892912 0.1226742249828848
2023-08-02 19:00:16,723 - epoch:17, training loss:0.5368 validation loss:0.1256
Updating learning rate to 4.989793509450307e-05
Updating learning rate to 4.989793509450307e-05
train 8209
vs, vt 0.12533012167973953 0.12281917670572345
2023-08-02 19:00:41,180 - epoch:18, training loss:0.5344 validation loss:0.1253
Updating learning rate to 4.337254012982485e-05
Updating learning rate to 4.337254012982485e-05
train 8209
vs, vt 0.12619253451173956 0.12298556916754354
2023-08-02 19:01:06,364 - epoch:19, training loss:0.5281 validation loss:0.1262
Updating learning rate to 3.696054626305981e-05
Updating learning rate to 3.696054626305981e-05
train 8209
vs, vt 0.12637914751063695 0.12220682991160588
2023-08-02 19:01:31,723 - epoch:20, training loss:0.5272 validation loss:0.1264
Updating learning rate to 3.0771664487008854e-05
Updating learning rate to 3.0771664487008854e-05
train 8209
vs, vt 0.12600682040845806 0.12213669446381656
2023-08-02 19:02:00,215 - epoch:21, training loss:0.5256 validation loss:0.1260
Updating learning rate to 2.491178828474237e-05
Updating learning rate to 2.491178828474237e-05
train 8209
vs, vt 0.12603108034553853 0.12241236315193502
2023-08-02 19:02:25,960 - epoch:22, training loss:0.5216 validation loss:0.1260
Updating learning rate to 1.9481181762745777e-05
Updating learning rate to 1.9481181762745777e-05
train 8209
vs, vt 0.12582605840130287 0.12228220354088327
2023-08-02 19:02:52,021 - epoch:23, training loss:0.5183 validation loss:0.1258
Updating learning rate to 1.4572764104259043e-05
Updating learning rate to 1.4572764104259043e-05
train 8209
vs, vt 0.12609839600256897 0.1223503342744979
2023-08-02 19:03:16,516 - epoch:24, training loss:0.5169 validation loss:0.1261
Updating learning rate to 1.0270519696289322e-05
Updating learning rate to 1.0270519696289322e-05
train 8209
vs, vt 0.12623283300887456 0.12219005255875262
2023-08-02 19:03:41,870 - epoch:25, training loss:0.5161 validation loss:0.1262
Updating learning rate to 6.648061133464466e-06
Updating learning rate to 6.648061133464466e-06
train 8209
vs, vt 0.12605912704020739 0.12213422908363017
2023-08-02 19:04:06,755 - epoch:26, training loss:0.5172 validation loss:0.1261
Updating learning rate to 3.7673696861296922e-06
Updating learning rate to 3.7673696861296922e-06
train 8209
vs, vt 0.1258521954613653 0.12209839221428741
2023-08-02 19:04:35,104 - epoch:27, training loss:0.5178 validation loss:0.1259
Updating learning rate to 1.6777347836274343e-06
Updating learning rate to 1.6777347836274343e-06
train 8209
vs, vt 0.12587172402576965 0.12211020959710533
2023-08-02 19:04:59,921 - epoch:28, training loss:0.5147 validation loss:0.1259
Updating learning rate to 4.1491065849575754e-07
Updating learning rate to 4.1491065849575754e-07
train 8209
vs, vt 0.1260045092044906 0.1222061977129091
2023-08-02 19:05:25,230 - epoch:29, training loss:0.5132 validation loss:0.1260
Updating learning rate to 5.045816366600914e-10
Updating learning rate to 5.045816366600914e-10
check exp/ECL-PatchTST2023-08-02-18:52:52.000267/0/0.1246_epoch_11.pkl  &  0.12209839221428741
2023-08-02 19:05:27,652 - [*] loss:0.2768
2023-08-02 19:05:27,667 - [*] phase 0, testing
2023-08-02 19:05:27,722 - T:96	MAE	0.335591	RMSE	0.276820	MAPE	133.599544
2023-08-02 19:05:27,724 - 96	mae	0.3356	
2023-08-02 19:05:27,724 - 96	rmse	0.2768	
2023-08-02 19:05:27,724 - 96	mape	133.5995	
2023-08-02 19:05:28,675 - [*] loss:0.2720
2023-08-02 19:05:28,746 - [*] phase 0, testing
2023-08-02 19:05:28,796 - T:96	MAE	0.329597	RMSE	0.272403	MAPE	130.033314
2023-08-02 19:05:28,799 - 96	mae	0.3296	
2023-08-02 19:05:28,799 - 96	rmse	0.2724	
2023-08-02 19:05:28,799 - 96	mape	130.0333	
