2023-08-02 14:40:08,950 - logger name:exp/ECL-PatchTST2023-08-02-14:40:08.950425/ECL-PatchTST.log
2023-08-02 14:40:08,951 - params : {'loss': 'huber', 'conf': 'ECL-PatchTST', 'data_name': 'ETTh2', 'iteration': 1, 'load': True, 'build_graph': False, 'same_init': True, 'grad_norm': False, 'refiner_no_residual': False, 'root_path': '', 'exp_path': 'exp/', 'val_test_mix': False, 'pred_len': 96, 'noise_rate': 0.5, 'device': device(type='cuda', index=0), 'test_model_path': '/Disk/fhyega/code/BASE/exp/ECL-PatchTST2023-07-23-21:59:42.618606/0/0.0379_epoch_25.pkl', 'idx': -1, 'aligner': 1, 'always_align': 1, 'refiner': 1, 'refiner_block_num': 1, 'enhance': 1, 'enhance_type': 6, 'seed': 42033, 'batch_size': 128, 'share_head': 0, 'jitter_sigma': 0.2, 'slope_rate': 0.01, 'slope_range': 0.5, '/* model related args*/': '//', 'model_name': 'PatchTST', 'seq_len': 336, 'label_len': 48, 'features': 'M', 'target': 'OT', 'graph_input': False, 'individual': False, 'e_layers': 3, 'd_layers': 1, 'factor': 1, 'n_heads': 16, 'd_model': 128, 'd_ff': 256, 'dropout': 0.2, 'fc_dropout': 0.2, 'head_dropout': 0.0, 'patch_len': 16, 'stride': 8, 'des': 'Exp', 'padding_patch': 'end', 'revin': 1, 'affine': 0, 'subtract_last': 0, 'decomposition': 0, 'kernel_size': 25, 'output_attention': 0, 'embed_type': 0, 'activation': 'gelu', 'lradj': 'TST', 'distil': 1, 'linear_output': 1, 'pct_start': 0.2, '/*train related args*/': '//', 'train': True, 'epoch': 30, 'lr': 0.0001, '/*dataset related args*/': '//', 'save_data_path': 'data/ECL/', 'data_process': True, 'embed': 'timeF', 'freq': 'h', 'begin_phase': 0, 'end_phase': 1, 'phase_len': 26304, 'val_ratio': 0.33, 'graph_size': 321, '/*strategy related args*/': '//', 'strategy': 'incremental', 'increase': False, 'detect': False, 'detect_strategy': 'feature', 'replay': False, 'replay_strategy': 'random', 'repaly_num_samples': 100, 'ewc': False, 'ewc_strategy': 'ewc', 'ewc_lambda': 0.0001, 'subgraph_train': False, 'num_hops': 2, 'logname': 'ECL-PatchTST', 'time': '2023-08-02-14:40:08.950425', 'path': 'exp/ECL-PatchTST2023-08-02-14:40:08.950425', 'num_workers': 4, 'start_train': 0, 'train_mode': 'pretrain', 'get_score': False, 'use_cm': True, 'logger': <Logger __main__ (INFO)>}
2023-08-02 14:40:08,951 - [*] phase 0 start training
0 26304
train 8209
val 2785
test 2785
2023-08-02 14:40:09,145 - [*] phase 0 Dataset load!
2023-08-02 14:40:09,992 - [*] phase 0 Training start
train 8209
2023-08-02 14:40:26,137 - epoch:0, training loss:0.2071 validation loss:0.1610
train 8209
vs, vt 0.160981329835274 0.16870617849582975
Updating learning rate to 1.0463629820836433e-05
Updating learning rate to 1.0463629820836433e-05
train 8209
vs, vt 0.13865290294316682 0.16025502674958922
2023-08-02 14:40:58,960 - epoch:1, training loss:4.4230 validation loss:0.1387
Updating learning rate to 2.8113748014145436e-05
Updating learning rate to 2.8113748014145436e-05
train 8209
vs, vt 0.12970633855597538 0.14250289437107064
2023-08-02 14:41:22,377 - epoch:2, training loss:3.5397 validation loss:0.1297
Updating learning rate to 5.219686165094539e-05
Updating learning rate to 5.219686165094539e-05
train 8209
vs, vt 0.1255388283594088 0.1369479135186835
2023-08-02 14:41:45,977 - epoch:3, training loss:2.5397 validation loss:0.1255
Updating learning rate to 7.622695691951079e-05
Updating learning rate to 7.622695691951079e-05
train 8209
vs, vt 0.12462791631167586 0.1298343264921145
2023-08-02 14:42:09,792 - epoch:4, training loss:1.7842 validation loss:0.1246
Updating learning rate to 9.373229880419829e-05
Updating learning rate to 9.373229880419829e-05
train 8209
vs, vt 0.124634254808453 0.1255382394248789
2023-08-02 14:42:33,310 - epoch:5, training loss:1.5101 validation loss:0.1246
Updating learning rate to 9.999989541836333e-05
Updating learning rate to 9.999989541836333e-05
train 8209
vs, vt 0.12912710011005402 0.1280591335486282
2023-08-02 14:42:57,401 - epoch:6, training loss:1.4076 validation loss:0.1291
Updating learning rate to 9.955879284407972e-05
Updating learning rate to 9.955879284407972e-05
train 8209
vs, vt 0.1261486548253081 0.12759923621673475
2023-08-02 14:43:31,917 - epoch:7, training loss:1.3408 validation loss:0.1261
Updating learning rate to 9.826972900599613e-05
Updating learning rate to 9.826972900599613e-05
train 8209
vs, vt 0.12686000383374366 0.12481237152083353
2023-08-02 14:44:19,378 - epoch:8, training loss:1.2587 validation loss:0.1269
Updating learning rate to 9.615476014377818e-05
Updating learning rate to 9.615476014377818e-05
train 8209
vs, vt 0.1252894223752347 0.1247366179119457
2023-08-02 14:45:07,016 - epoch:9, training loss:1.1863 validation loss:0.1253
Updating learning rate to 9.325007396103859e-05
Updating learning rate to 9.325007396103859e-05
train 8209
vs, vt 0.12629909347742796 0.12516128805211998
2023-08-02 14:45:53,108 - epoch:10, training loss:1.2032 validation loss:0.1263
Updating learning rate to 8.960537044369518e-05
Updating learning rate to 8.960537044369518e-05
train 8209
vs, vt 0.12427595012228597 0.1243497363545678
2023-08-02 14:46:38,509 - epoch:11, training loss:1.1429 validation loss:0.1243
Updating learning rate to 8.528301147943237e-05
Updating learning rate to 8.528301147943237e-05
train 8209
vs, vt 0.1244655257429589 0.12388025512072173
2023-08-02 14:47:26,113 - epoch:12, training loss:1.1410 validation loss:0.1245
Updating learning rate to 8.035695382851308e-05
Updating learning rate to 8.035695382851308e-05
train 8209
vs, vt 0.12393460930748419 0.1247318558902903
2023-08-02 14:48:14,260 - epoch:13, training loss:1.1290 validation loss:0.1239
Updating learning rate to 7.49114837031057e-05
Updating learning rate to 7.49114837031057e-05
train 8209
vs, vt 0.12398069944571365 0.12418368357149037
2023-08-02 14:49:03,596 - epoch:14, training loss:1.1298 validation loss:0.1240
Updating learning rate to 6.90397746068255e-05
Updating learning rate to 6.90397746068255e-05
train 8209
vs, vt 0.1239310647784309 0.12356963372704657
2023-08-02 14:49:54,753 - epoch:15, training loss:1.1187 validation loss:0.1239
Updating learning rate to 6.284229311025519e-05
Updating learning rate to 6.284229311025519e-05
train 8209
vs, vt 0.12397607212716882 0.12352250872010534
2023-08-02 14:50:45,751 - epoch:16, training loss:1.1248 validation loss:0.1240
Updating learning rate to 5.642507984006751e-05
Updating learning rate to 5.642507984006751e-05
train 8209
vs, vt 0.12352618829093197 0.12348793802613561
2023-08-02 14:51:34,453 - epoch:17, training loss:1.1157 validation loss:0.1235
Updating learning rate to 4.989793509450307e-05
Updating learning rate to 4.989793509450307e-05
train 8209
vs, vt 0.12406970001757145 0.12434573539278725
2023-08-02 14:52:24,019 - epoch:18, training loss:1.1111 validation loss:0.1241
Updating learning rate to 4.337254012982485e-05
Updating learning rate to 4.337254012982485e-05
train 8209
vs, vt 0.12355681669644335 0.12452714568512006
2023-08-02 14:53:21,007 - epoch:19, training loss:1.1185 validation loss:0.1236
Updating learning rate to 3.696054626305981e-05
Updating learning rate to 3.696054626305981e-05
train 8209
vs, vt 0.12370112089609558 0.12475304153155196
2023-08-02 14:54:08,814 - epoch:20, training loss:1.1154 validation loss:0.1237
Updating learning rate to 3.0771664487008854e-05
Updating learning rate to 3.0771664487008854e-05
train 8209
vs, vt 0.12339500041509216 0.124348845586858
2023-08-02 14:54:58,371 - epoch:21, training loss:1.1184 validation loss:0.1234
Updating learning rate to 2.491178828474237e-05
Updating learning rate to 2.491178828474237e-05
train 8209
vs, vt 0.12347187237306075 0.12461858191950755
2023-08-02 14:55:47,080 - epoch:22, training loss:1.1172 validation loss:0.1235
Updating learning rate to 1.9481181762745777e-05
Updating learning rate to 1.9481181762745777e-05
train 8209
vs, vt 0.12369788912209598 0.12480113155801188
2023-08-02 14:56:35,672 - epoch:23, training loss:1.1115 validation loss:0.1237
Updating learning rate to 1.4572764104259043e-05
Updating learning rate to 1.4572764104259043e-05
train 8209
vs, vt 0.12340963403271003 0.12501173441044308
2023-08-02 14:57:25,985 - epoch:24, training loss:1.1126 validation loss:0.1234
Updating learning rate to 1.0270519696289322e-05
Updating learning rate to 1.0270519696289322e-05
train 8209
vs, vt 0.12360728659074414 0.12508201573721386
2023-08-02 14:58:16,829 - epoch:25, training loss:1.1113 validation loss:0.1236
Updating learning rate to 6.648061133464466e-06
Updating learning rate to 6.648061133464466e-06
train 8209
vs, vt 0.12345136354931376 0.12451806131073019
2023-08-02 14:59:07,632 - epoch:26, training loss:1.1138 validation loss:0.1235
Updating learning rate to 3.7673696861296922e-06
Updating learning rate to 3.7673696861296922e-06
train 8209
vs, vt 0.12353539492257616 0.1250204166228121
2023-08-02 14:59:56,489 - epoch:27, training loss:1.1163 validation loss:0.1235
Updating learning rate to 1.6777347836274343e-06
Updating learning rate to 1.6777347836274343e-06
train 8209
vs, vt 0.12353980363431302 0.12475706797770479
2023-08-02 15:00:42,650 - epoch:28, training loss:1.1074 validation loss:0.1235
Updating learning rate to 4.1491065849575754e-07
Updating learning rate to 4.1491065849575754e-07
train 8209
vs, vt 0.12360794613645835 0.12468486490913412
2023-08-02 15:01:29,276 - epoch:29, training loss:1.1042 validation loss:0.1236
Updating learning rate to 5.045816366600914e-10
Updating learning rate to 5.045816366600914e-10
check exp/ECL-PatchTST2023-08-02-14:40:08.950425/0/0.1234_epoch_21.pkl  &  0.12348793802613561
2023-08-02 15:01:35,467 - [*] loss:0.2742
2023-08-02 15:01:35,471 - [*] phase 0, testing
2023-08-02 15:01:35,519 - T:96	MAE	0.333270	RMSE	0.274517	MAPE	131.417108
2023-08-02 15:01:35,521 - 96	mae	0.3333	
2023-08-02 15:01:35,521 - 96	rmse	0.2745	
2023-08-02 15:01:35,521 - 96	mape	131.4171	
2023-08-02 15:01:41,986 - [*] loss:0.2738
2023-08-02 15:01:41,990 - [*] phase 0, testing
2023-08-02 15:01:42,063 - T:96	MAE	0.335777	RMSE	0.273304	MAPE	130.324197
2023-08-02 15:01:42,077 - 96	mae	0.3358	
2023-08-02 15:01:42,077 - 96	rmse	0.2733	
2023-08-02 15:01:42,077 - 96	mape	130.3242	
