2023-07-24 20:52:12,734 - logger name:exp/ECL-PatchTST2023-07-24-20:52:12.734196/ECL-PatchTST.log
2023-07-24 20:52:12,734 - params : {'conf': 'ECL-PatchTST', 'data_name': 'ETTh2', 'iteration': 1, 'load': True, 'build_graph': False, 'root_path': '', 'exp_path': 'exp/', 'val_test_mix': False, 'pred_len': 96, 'noise_rate': 0.1, 'device': device(type='cuda', index=0), 'test_model_path': '/Disk/fhyega/code/BASE/exp/ECL-PatchTST2023-07-23-21:59:42.618606/0/0.0379_epoch_25.pkl', 'idx': -1, 'aligner': 0, 'refiner': 0, 'enhance': 0, 'seed': 2021, '/* model related args*/': '//', 'model_name': 'PatchTST', 'seq_len': 336, 'label_len': 48, 'features': 'M', 'target': 'OT', 'graph_input': False, 'individual': False, 'e_layers': 3, 'd_layers': 1, 'factor': 1, 'n_heads': 16, 'd_model': 128, 'd_ff': 256, 'dropout': 0.2, 'fc_dropout': 0.2, 'head_dropout': 0.0, 'patch_len': 16, 'stride': 8, 'des': 'Exp', 'padding_patch': 'end', 'revin': 1, 'affine': 0, 'subtract_last': 0, 'decomposition': 0, 'kernel_size': 25, 'output_attention': 0, 'embed_type': 0, 'activation': 'gelu', 'lradj': 'TST', 'distil': 1, 'linear_output': 1, 'pct_start': 0.2, '/*train related args*/': '//', 'train': True, 'epoch': 30, 'batch_size': 16, 'lr': 0.0001, 'loss': 'mse', '/*dataset related args*/': '//', 'save_data_path': 'data/ECL/', 'data_process': True, 'embed': 'timeF', 'freq': 'h', 'begin_phase': 0, 'end_phase': 1, 'phase_len': 26304, 'val_ratio': 0.33, 'graph_size': 321, '/*strategy related args*/': '//', 'strategy': 'incremental', 'increase': False, 'detect': False, 'detect_strategy': 'feature', 'replay': False, 'replay_strategy': 'random', 'repaly_num_samples': 100, 'ewc': False, 'ewc_strategy': 'ewc', 'ewc_lambda': 0.0001, 'subgraph_train': False, 'num_hops': 2, 'logname': 'ECL-PatchTST', 'time': '2023-07-24-20:52:12.734196', 'path': 'exp/ECL-PatchTST2023-07-24-20:52:12.734196', 'num_workers': 4, 'start_train': 0, 'train_mode': 'pretrain', 'logger': <Logger __main__ (INFO)>}
2023-07-24 20:52:12,734 - [*] phase 0 start training
0 26304
train 8209
val 2785
test 2785
2023-07-24 20:52:12,954 - [*] phase 0 Dataset load!
2023-07-24 20:52:13,901 - [*] phase 0 Training start
train 8209
/Disk/fhyega/code/BASE/main.py:302: DeprecationWarning: elementwise comparison failed; this will raise an error in the future.
  if self.args.Score == []: self.args.Score = self.lossfunc(pred, true, reduction="none").mean(dim=1).detach().cpu().numpy()
2023-07-24 20:52:30,415 - epoch:0, training loss:0.5459 validation loss:0.2353
train 8209
vs, vt 0.23525179926838194 0.2332008575115885
Updating learning rate to 1.0434865188521956e-05
Updating learning rate to 1.0434865188521956e-05
train 8209
vs, vt 0.213197435098035 0.2193189878123147
/Disk/fhyega/code/BASE/main.py:302: DeprecationWarning: elementwise comparison failed; this will raise an error in the future.
  if self.args.Score == []: self.args.Score = self.lossfunc(pred, true, reduction="none").mean(dim=1).detach().cpu().numpy()
2023-07-24 20:53:07,413 - epoch:1, training loss:0.6080 validation loss:0.2132
Updating learning rate to 2.801414867098567e-05
Updating learning rate to 2.801414867098567e-05
train 8209
vs, vt 0.2088815617987088 0.21504908936364311
/Disk/fhyega/code/BASE/main.py:302: DeprecationWarning: elementwise comparison failed; this will raise an error in the future.
  if self.args.Score == []: self.args.Score = self.lossfunc(pred, true, reduction="none").mean(dim=1).detach().cpu().numpy()
2023-07-24 20:53:28,277 - epoch:2, training loss:0.5549 validation loss:0.2089
Updating learning rate to 5.2024503809038435e-05
Updating learning rate to 5.2024503809038435e-05
train 8209
vs, vt 0.21039906416620527 0.20852218172379902
/Disk/fhyega/code/BASE/main.py:302: DeprecationWarning: elementwise comparison failed; this will raise an error in the future.
  if self.args.Score == []: self.args.Score = self.lossfunc(pred, true, reduction="none").mean(dim=1).detach().cpu().numpy()
2023-07-24 20:53:49,046 - epoch:3, training loss:0.5237 validation loss:0.2104
Updating learning rate to 7.602828900093422e-05
Updating learning rate to 7.602828900093422e-05
train 8209
vs, vt 0.21913922782455172 0.22337944690670286
/Disk/fhyega/code/BASE/main.py:302: DeprecationWarning: elementwise comparison failed; this will raise an error in the future.
  if self.args.Score == []: self.args.Score = self.lossfunc(pred, true, reduction="none").mean(dim=1).detach().cpu().numpy()
2023-07-24 20:54:09,930 - epoch:4, training loss:0.4806 validation loss:0.2191
Updating learning rate to 9.358962417483598e-05
Updating learning rate to 9.358962417483598e-05
train 8209
vs, vt 0.21562867688281195 0.21123267586742128
/Disk/fhyega/code/BASE/main.py:302: DeprecationWarning: elementwise comparison failed; this will raise an error in the future.
  if self.args.Score == []: self.args.Score = self.lossfunc(pred, true, reduction="none").mean(dim=1).detach().cpu().numpy()
2023-07-24 20:54:30,807 - epoch:5, training loss:0.4517 validation loss:0.2156
Updating learning rate to 9.999999837227587e-05
Updating learning rate to 9.999999837227587e-05
train 8209
vs, vt 0.22650269572223936 0.20956857579095023
/Disk/fhyega/code/BASE/main.py:302: DeprecationWarning: elementwise comparison failed; this will raise an error in the future.
  if self.args.Score == []: self.args.Score = self.lossfunc(pred, true, reduction="none").mean(dim=1).detach().cpu().numpy()
2023-07-24 20:54:52,294 - epoch:6, training loss:0.4277 validation loss:0.2265
Updating learning rate to 9.957057788618477e-05
Updating learning rate to 9.957057788618477e-05
train 8209
vs, vt 0.2264352892977851 0.21581840391669954
/Disk/fhyega/code/BASE/main.py:302: DeprecationWarning: elementwise comparison failed; this will raise an error in the future.
  if self.args.Score == []: self.args.Score = self.lossfunc(pred, true, reduction="none").mean(dim=1).detach().cpu().numpy()
2023-07-24 20:55:13,631 - epoch:7, training loss:0.4149 validation loss:0.2264
Updating learning rate to 9.829299449095581e-05
Updating learning rate to 9.829299449095581e-05
train 8209
vs, vt 0.21926169199602943 0.21876595675945282
/Disk/fhyega/code/BASE/main.py:302: DeprecationWarning: elementwise comparison failed; this will raise an error in the future.
  if self.args.Score == []: self.args.Score = self.lossfunc(pred, true, reduction="none").mean(dim=1).detach().cpu().numpy()
2023-07-24 20:55:34,649 - epoch:8, training loss:0.3985 validation loss:0.2193
Updating learning rate to 9.618910799269445e-05
Updating learning rate to 9.618910799269445e-05
train 8209
vs, vt 0.2224326441543443 0.21512485606329781
/Disk/fhyega/code/BASE/main.py:302: DeprecationWarning: elementwise comparison failed; this will raise an error in the future.
  if self.args.Score == []: self.args.Score = self.lossfunc(pred, true, reduction="none").mean(dim=1).detach().cpu().numpy()
2023-07-24 20:55:56,660 - epoch:9, training loss:0.3856 validation loss:0.2224
Updating learning rate to 9.329491647269345e-05
Updating learning rate to 9.329491647269345e-05
train 8209
vs, vt 0.2238735228776932 0.21552670150995254
/Disk/fhyega/code/BASE/main.py:302: DeprecationWarning: elementwise comparison failed; this will raise an error in the future.
  if self.args.Score == []: self.args.Score = self.lossfunc(pred, true, reduction="none").mean(dim=1).detach().cpu().numpy()
2023-07-24 20:56:17,952 - epoch:10, training loss:0.3756 validation loss:0.2239
Updating learning rate to 8.965994035028152e-05
Updating learning rate to 8.965994035028152e-05
train 8209
vs, vt 0.21935018982206073 0.21557601762669426
/Disk/fhyega/code/BASE/main.py:302: DeprecationWarning: elementwise comparison failed; this will raise an error in the future.
  if self.args.Score == []: self.args.Score = self.lossfunc(pred, true, reduction="none").mean(dim=1).detach().cpu().numpy()
2023-07-24 20:56:39,473 - epoch:11, training loss:0.3660 validation loss:0.2194
Updating learning rate to 8.534637507471889e-05
Updating learning rate to 8.534637507471889e-05
train 8209
vs, vt 0.21966731075729642 0.2164792458500181
/Disk/fhyega/code/BASE/main.py:302: DeprecationWarning: elementwise comparison failed; this will raise an error in the future.
  if self.args.Score == []: self.args.Score = self.lossfunc(pred, true, reduction="none").mean(dim=1).detach().cpu().numpy()
2023-07-24 20:57:00,994 - epoch:12, training loss:0.3572 validation loss:0.2197
Updating learning rate to 8.04280269438167e-05
Updating learning rate to 8.04280269438167e-05
train 8209
vs, vt 0.21557338586875371 0.21341829993895123
/Disk/fhyega/code/BASE/main.py:302: DeprecationWarning: elementwise comparison failed; this will raise an error in the future.
  if self.args.Score == []: self.args.Score = self.lossfunc(pred, true, reduction="none").mean(dim=1).detach().cpu().numpy()
2023-07-24 20:57:22,344 - epoch:13, training loss:0.3518 validation loss:0.2156
Updating learning rate to 7.498905025771838e-05
Updating learning rate to 7.498905025771838e-05
train 8209
vs, vt 0.2182189484153475 0.21606387925999504
/Disk/fhyega/code/BASE/main.py:302: DeprecationWarning: elementwise comparison failed; this will raise an error in the future.
  if self.args.Score == []: self.args.Score = self.lossfunc(pred, true, reduction="none").mean(dim=1).detach().cpu().numpy()
2023-07-24 20:57:44,165 - epoch:14, training loss:0.3471 validation loss:0.2182
Updating learning rate to 6.912250741549232e-05
Updating learning rate to 6.912250741549232e-05
train 8209
vs, vt 0.2176405059014048 0.21816467770508358
/Disk/fhyega/code/BASE/main.py:302: DeprecationWarning: elementwise comparison failed; this will raise an error in the future.
  if self.args.Score == []: self.args.Score = self.lossfunc(pred, true, reduction="none").mean(dim=1).detach().cpu().numpy()
2023-07-24 20:58:05,422 - epoch:15, training loss:0.3428 validation loss:0.2176
Updating learning rate to 6.292877659168197e-05
Updating learning rate to 6.292877659168197e-05
train 8209
vs, vt 0.21723965248891286 0.21674471165452686
/Disk/fhyega/code/BASE/main.py:302: DeprecationWarning: elementwise comparison failed; this will raise an error in the future.
  if self.args.Score == []: self.args.Score = self.lossfunc(pred, true, reduction="none").mean(dim=1).detach().cpu().numpy()
2023-07-24 20:58:27,166 - epoch:16, training loss:0.3347 validation loss:0.2172
Updating learning rate to 5.65138342379093e-05
Updating learning rate to 5.65138342379093e-05
train 8209
vs, vt 0.21561098635196685 0.21926241312708172
/Disk/fhyega/code/BASE/main.py:302: DeprecationWarning: elementwise comparison failed; this will raise an error in the future.
  if self.args.Score == []: self.args.Score = self.lossfunc(pred, true, reduction="none").mean(dim=1).detach().cpu().numpy()
2023-07-24 20:58:48,617 - epoch:17, training loss:0.3282 validation loss:0.2156
Updating learning rate to 4.9987441796405436e-05
Updating learning rate to 4.9987441796405436e-05
train 8209
vs, vt 0.21859610974788665 0.216978092278753
/Disk/fhyega/code/BASE/main.py:302: DeprecationWarning: elementwise comparison failed; this will raise an error in the future.
  if self.args.Score == []: self.args.Score = self.lossfunc(pred, true, reduction="none").mean(dim=1).detach().cpu().numpy()
2023-07-24 20:59:10,619 - epoch:18, training loss:0.3236 validation loss:0.2186
Updating learning rate to 4.3461267651302295e-05
Updating learning rate to 4.3461267651302295e-05
train 8209
vs, vt 0.21628074509756906 0.21574912603412355
/Disk/fhyega/code/BASE/main.py:302: DeprecationWarning: elementwise comparison failed; this will raise an error in the future.
  if self.args.Score == []: self.args.Score = self.lossfunc(pred, true, reduction="none").mean(dim=1).detach().cpu().numpy()
2023-07-24 20:59:32,363 - epoch:19, training loss:0.3226 validation loss:0.2163
Updating learning rate to 3.7046976451619936e-05
Updating learning rate to 3.7046976451619936e-05
train 8209
vs, vt 0.2188046876021794 0.22132033054317746
/Disk/fhyega/code/BASE/main.py:302: DeprecationWarning: elementwise comparison failed; this will raise an error in the future.
  if self.args.Score == []: self.args.Score = self.lossfunc(pred, true, reduction="none").mean(dim=1).detach().cpu().numpy()
2023-07-24 20:59:53,760 - epoch:20, training loss:0.3164 validation loss:0.2188
Updating learning rate to 3.0854318498162414e-05
Updating learning rate to 3.0854318498162414e-05
train 8209
vs, vt 0.2170416765979358 0.21766782483884267
/Disk/fhyega/code/BASE/main.py:302: DeprecationWarning: elementwise comparison failed; this will raise an error in the future.
  if self.args.Score == []: self.args.Score = self.lossfunc(pred, true, reduction="none").mean(dim=1).detach().cpu().numpy()
2023-07-24 21:00:16,859 - epoch:21, training loss:0.3139 validation loss:0.2170
Updating learning rate to 2.4989251885442504e-05
Updating learning rate to 2.4989251885442504e-05
train 8209
vs, vt 0.21653790776218687 0.21761747683797564
/Disk/fhyega/code/BASE/main.py:302: DeprecationWarning: elementwise comparison failed; this will raise an error in the future.
  if self.args.Score == []: self.args.Score = self.lossfunc(pred, true, reduction="none").mean(dim=1).detach().cpu().numpy()
2023-07-24 21:00:38,907 - epoch:22, training loss:0.3099 validation loss:0.2165
Updating learning rate to 1.9552129529307566e-05
Updating learning rate to 1.9552129529307566e-05
train 8209
vs, vt 0.21442024980272564 0.21666279516049794
/Disk/fhyega/code/BASE/main.py:302: DeprecationWarning: elementwise comparison failed; this will raise an error in the future.
  if self.args.Score == []: self.args.Score = self.lossfunc(pred, true, reduction="none").mean(dim=1).detach().cpu().numpy()
2023-07-24 21:01:00,759 - epoch:23, training loss:0.3082 validation loss:0.2144
Updating learning rate to 1.4635982100726154e-05
Updating learning rate to 1.4635982100726154e-05
train 8209
vs, vt 0.21708020116601673 0.2158502145750182
/Disk/fhyega/code/BASE/main.py:302: DeprecationWarning: elementwise comparison failed; this will raise an error in the future.
  if self.args.Score == []: self.args.Score = self.lossfunc(pred, true, reduction="none").mean(dim=1).detach().cpu().numpy()
2023-07-24 21:01:22,422 - epoch:24, training loss:0.3052 validation loss:0.2171
Updating learning rate to 1.0324926245214855e-05
Updating learning rate to 1.0324926245214855e-05
train 8209
vs, vt 0.21688345542975834 0.21671325951814652
/Disk/fhyega/code/BASE/main.py:302: DeprecationWarning: elementwise comparison failed; this will raise an error in the future.
  if self.args.Score == []: self.args.Score = self.lossfunc(pred, true, reduction="none").mean(dim=1).detach().cpu().numpy()
2023-07-24 21:01:44,292 - epoch:25, training loss:0.3054 validation loss:0.2169
Updating learning rate to 6.692725323711985e-06
Updating learning rate to 6.692725323711985e-06
train 8209
vs, vt 0.21597008905240467 0.21659330312694822
/Disk/fhyega/code/BASE/main.py:302: DeprecationWarning: elementwise comparison failed; this will raise an error in the future.
  if self.args.Score == []: self.args.Score = self.lossfunc(pred, true, reduction="none").mean(dim=1).detach().cpu().numpy()
2023-07-24 21:02:06,159 - epoch:26, training loss:0.3027 validation loss:0.2160
Updating learning rate to 3.801527301020793e-06
Updating learning rate to 3.801527301020793e-06
train 8209
vs, vt 0.21630664395434515 0.21742383778095245
/Disk/fhyega/code/BASE/main.py:302: DeprecationWarning: elementwise comparison failed; this will raise an error in the future.
  if self.args.Score == []: self.args.Score = self.lossfunc(pred, true, reduction="none").mean(dim=1).detach().cpu().numpy()
2023-07-24 21:02:27,958 - epoch:27, training loss:0.3038 validation loss:0.2163
Updating learning rate to 1.7008013769010436e-06
Updating learning rate to 1.7008013769010436e-06
train 8209
vs, vt 0.2161262911132404 0.21608369669743946
/Disk/fhyega/code/BASE/main.py:302: DeprecationWarning: elementwise comparison failed; this will raise an error in the future.
  if self.args.Score == []: self.args.Score = self.lossfunc(pred, true, reduction="none").mean(dim=1).detach().cpu().numpy()
2023-07-24 21:02:49,661 - epoch:28, training loss:0.3017 validation loss:0.2161
Updating learning rate to 4.264915543457112e-07
Updating learning rate to 4.264915543457112e-07
train 8209
vs, vt 0.21604319325515203 0.21609675786324908
/Disk/fhyega/code/BASE/main.py:302: DeprecationWarning: elementwise comparison failed; this will raise an error in the future.
  if self.args.Score == []: self.args.Score = self.lossfunc(pred, true, reduction="none").mean(dim=1).detach().cpu().numpy()
2023-07-24 21:03:11,927 - epoch:29, training loss:0.3019 validation loss:0.2160
Updating learning rate to 4.0162772412824173e-10
Updating learning rate to 4.0162772412824173e-10
2023-07-24 21:03:13,958 - [*] loss:0.2796
2023-07-24 21:03:13,962 - [*] phase 0, testing
2023-07-24 21:03:14,002 - T:96  MAE     0.339970        RMSE    0.280320        MAPE    139.210105
2023-07-24 21:03:14,004 - 96    mae     0.3400
2023-07-24 21:03:14,004 - 96    rmse    0.2803
2023-07-24 21:03:14,004 - 96    mape    139.2101