2023-05-18 20:22:00,254 - logger name:exp/district3F11T17/test_all2023-05-18-20:22:00.253810/test_all.log
2023-05-18 20:22:00,254 - params : {'conf': 'test_all', 'data_name': 'ETTm1', 'load_config': 'configs/', 'data_process': True, 'auto_test': 1, 'load': True, 'device': device(type='cuda', index=1), 'build_graph': False, 'dynamic_graph': False, 'graph_input': False, 'model_name': 'Linear', 'root_path': '', 'raw_data_path': 'data/district3F11T17/finaldata/', 'graph_path': 'data/district3F11T17/graph/', 'save_data_path': 'data/district3F11T17/FastData/', 'model_path': 'exp/district3F11T17/', 'phase': 2012, 'days': 31, '/* model related args*/': '//', 'x_len': 96, 'y_len': 96, 'label_len': 48, 'features': 'M', 'target': 'OT', 'dropout': 0.0, 'individual': False, 'test_model_path': 'exp/district3F11T17/CUSTOM-TEST2023-05-14-19:41:54.522136/1/0.2784_epoch_7.pkl', 'linear_output': 1, '/*train related args*/': '//', 'train': True, 'epoch': 1, 'batch_size': 128, 'lr': 0.01, 'loss': 'mse', '/*dataset related args*/': '//', 'embed': 'timeF', 'freq': 'H', 'begin_phase': 1, 'end_phase': 2, 'phase_len': 2192, 'val_ratio': 0.5, '/*strategy related args*/': '//', 'strategy': 'incremental', 'increase': False, 'detect': False, 'detect_strategy': 'feature', 'replay': False, 'replay_strategy': 'random', 'repaly_num_samples': 100, 'ewc': False, 'ewc_strategy': 'ewc', 'ewc_lambda': 0.0001, 'subgraph_train': False, 'num_hops': 2, 'logname': 'test_all', 'time': '2023-05-18-20:22:00.253810', 'path': 'exp/district3F11T17/test_all2023-05-18-20:22:00.253810', 'logger': <Logger __main__ (INFO)>}
2023-05-18 20:22:00,254 - [*] phase 1 load from data/district3F11T17/FastData/1_30day.npz
2023-05-18 20:22:03,913 - [*] phase 1 Dataset load!
2023-05-18 20:22:04,852 - [*] phase 1 Training start
2023-05-18 20:22:04,909 - node number torch.Size([896, 96])
2023-05-18 20:22:05,462 - epoch:0, training loss:0.5794 validation loss:0.5227
2023-05-18 20:22:05,584 - [*] loss:0.4811
2023-05-18 20:22:05,586 - [*] phase 1, testing
2023-05-18 20:22:05,587 - T:3	MAE	0.3693	RMSE	0.4985	MAPE	104.4505
2023-05-18 20:22:05,589 - T:6	MAE	0.4177	RMSE	0.5653	MAPE	104.8215
2023-05-18 20:22:05,590 - T:12	MAE	0.4646	RMSE	0.6185	MAPE	114.1273
2023-05-18 20:22:05,601 - T:96	MAE	0.5183	RMSE	0.6941	MAPE	153.9075
2023-05-18 20:22:05,602 - 3	mae	0.37	
2023-05-18 20:22:05,602 - 3	rmse	0.50	
2023-05-18 20:22:05,602 - 3	mape	104.45	
2023-05-18 20:22:05,602 - 6	mae	0.42	
2023-05-18 20:22:05,602 - 6	rmse	0.57	
2023-05-18 20:22:05,602 - 6	mape	104.82	
2023-05-18 20:22:05,602 - 12	mae	0.46	
2023-05-18 20:22:05,602 - 12	rmse	0.62	
2023-05-18 20:22:05,602 - 12	mape	114.13	
2023-05-18 20:22:05,602 - 96	mae	0.52	
2023-05-18 20:22:05,602 - 96	rmse	0.69	
2023-05-18 20:22:05,602 - 96	mape	153.91	
