2023-08-28 12:49:51,394 - logger name:exp/ECL-PatchTST2023-08-28-12:49:51.393848/ECL-PatchTST.log
2023-08-28 12:49:51,394 - params : {'loss': 'mse', 'conf': 'ECL-PatchTST', 'data_name': 'exchange_rate', 'iteration': 1, 'train': 1, 'load': True, 'build_graph': False, 'same_init': True, 'grad_norm': False, 'refiner_residual': 0, 'root_path': '', 'exp_path': 'exp/', 'val_test_mix': False, 'lr': 0.0001, 'lradj': 'TST', 'dropout': 0.2, 'fc_dropout': 0.2, 'head_dropout': 0.0, 'patch_len': 16, 'stride': 8, 'd_ff': 256, 'd_model': 128, 'n_heads': 16, 'seq_len': 336, 'pred_len': 96, 'noise_rate': 0.5, 'device': device(type='cuda', index=1), 'test_model_path': '/Disk/fhyega/code/BASE/exp/ECL-PatchTST2023-08-26-13:08:31.837686/0/best_model.pkl', 'idx': -1, 'aligner': 1, 'always_align': 1, 'refiner': 1, 'rec_block_num': 1, 'enhance': 1, 'enhance_type': 5, 'seed': 34, 'batch_size': 128, 'share_head': 0, 'add_noise': 1, 'jitter_sigma': 0.4, 'slope_rate': 0.01, 'slope_range': 0.2, 'alpha': 10.0, 'beta': 1.0, 'gamma': 0.15, 'feature_jittering': 1, 'rec_intra_feature': 0, 'rec_ori': 1, 'mid_dim': 128, 'test_en': 0, 'debugger': 0, 'summary': 0, 'omega': 1.0, 'theta': 1.5, 'mask_border': 1, 'sup_weight': 10.0, 'rec_length_ratio': 0.8, 'ref_dropout': 0.0, 'ref_block_num': 2, 'add_FFN': 0, 'add_residual': 0, 'rec_all': 0, 'e_layers': 3, '/* model related args*/': '//', 'model_name': 'PatchTST', 'label_len': 48, 'features': 'M', 'target': 'OT', 'graph_input': False, 'individual': False, 'd_layers': 1, 'factor': 1, 'des': 'Exp', 'padding_patch': 'end', 'revin': 1, 'affine': 0, 'subtract_last': 0, 'decomposition': 0, 'kernel_size': 25, 'output_attention': 0, 'embed_type': 0, 'activation': 'gelu', 'distil': 1, 'linear_output': 1, 'pct_start': 0.2, '/*train related args*/': '//', 'epoch': 30, '/*dataset related args*/': '//', 'save_data_path': 'data/ECL/', 'data_process': True, 'embed': 'timeF', 'freq': 'h', 'begin_phase': 0, 'end_phase': 1, 'phase_len': -1, 'val_ratio': 0.33, 'graph_size': 321, '/*strategy related args*/': '//', 'strategy': 'incremental', 'increase': False, 'detect': False, 'detect_strategy': 'feature', 'replay': False, 'replay_strategy': 'random', 'repaly_num_samples': 100, 'ewc': False, 'ewc_strategy': 'ewc', 'ewc_lambda': 0.0001, 'subgraph_train': False, 'num_hops': 2, 'logname': 'ECL-PatchTST', 'time': '2023-08-28-12:49:51.393848', 'path': 'exp/ECL-PatchTST2023-08-28-12:49:51.393848', 'num_workers': 4, 'start_train': 0, 'train_mode': 'pretrain', 'get_score': False, 'use_cm': True, 'logger': <Logger __main__ (INFO)>}
2023-08-28 12:49:51,394 - [*] phase 0 start training
0 7588
5311 760 1517 0.7 0.2 7588
train 4880
5311 760 1517 0.7 0.2 7588
val 665
5311 760 1517 0.7 0.2 7588
test 1422
2023-08-28 12:49:51,465 - [*] phase 0 Dataset load!
2023-08-28 12:49:52,489 - [*] phase 0 Training start
5311 760 1517 0.7 0.2 7588
train 4880
2023-08-28 12:50:09,721 - epoch:0, training loss:0.3789 validation loss:0.2382
5311 760 1517 0.7 0.2 7588
train 4880
vs, vt 0.23818993692596754 0.24066764985521635
Updating learning rate to 1.048624961282033e-05
Updating learning rate to 1.048624961282033e-05
5311 760 1517 0.7 0.2 7588
train 4880
2023-08-28 12:50:22,230 - logger name:exp/ECL-PatchTST2023-08-28-12:50:22.229852/ECL-PatchTST.log
2023-08-28 12:50:22,230 - params : {'loss': 'mse', 'conf': 'ECL-PatchTST', 'data_name': 'exchange_rate', 'iteration': 1, 'train': 1, 'load': True, 'build_graph': False, 'same_init': True, 'grad_norm': False, 'refiner_residual': 0, 'root_path': '', 'exp_path': 'exp/', 'val_test_mix': False, 'lr': 0.0001, 'lradj': 'TST', 'dropout': 0.2, 'fc_dropout': 0.2, 'head_dropout': 0.0, 'patch_len': 16, 'stride': 8, 'd_ff': 256, 'd_model': 128, 'n_heads': 16, 'seq_len': 336, 'pred_len': 192, 'noise_rate': 0.5, 'device': device(type='cuda', index=1), 'test_model_path': '/Disk/fhyega/code/BASE/exp/ECL-PatchTST2023-08-26-13:08:31.837686/0/best_model.pkl', 'idx': -1, 'aligner': 1, 'always_align': 1, 'refiner': 1, 'rec_block_num': 1, 'enhance': 1, 'enhance_type': 5, 'seed': 34, 'batch_size': 128, 'share_head': 0, 'add_noise': 1, 'jitter_sigma': 0.4, 'slope_rate': 0.01, 'slope_range': 0.2, 'alpha': 10.0, 'beta': 1.0, 'gamma': 0.15, 'feature_jittering': 1, 'rec_intra_feature': 0, 'rec_ori': 1, 'mid_dim': 128, 'test_en': 0, 'debugger': 0, 'summary': 0, 'omega': 1.0, 'theta': 1.5, 'mask_border': 1, 'sup_weight': 10.0, 'rec_length_ratio': 0.8, 'ref_dropout': 0.0, 'ref_block_num': 2, 'add_FFN': 0, 'add_residual': 0, 'rec_all': 0, 'e_layers': 3, '/* model related args*/': '//', 'model_name': 'PatchTST', 'label_len': 48, 'features': 'M', 'target': 'OT', 'graph_input': False, 'individual': False, 'd_layers': 1, 'factor': 1, 'des': 'Exp', 'padding_patch': 'end', 'revin': 1, 'affine': 0, 'subtract_last': 0, 'decomposition': 0, 'kernel_size': 25, 'output_attention': 0, 'embed_type': 0, 'activation': 'gelu', 'distil': 1, 'linear_output': 1, 'pct_start': 0.2, '/*train related args*/': '//', 'epoch': 30, '/*dataset related args*/': '//', 'save_data_path': 'data/ECL/', 'data_process': True, 'embed': 'timeF', 'freq': 'h', 'begin_phase': 0, 'end_phase': 1, 'phase_len': -1, 'val_ratio': 0.33, 'graph_size': 321, '/*strategy related args*/': '//', 'strategy': 'incremental', 'increase': False, 'detect': False, 'detect_strategy': 'feature', 'replay': False, 'replay_strategy': 'random', 'repaly_num_samples': 100, 'ewc': False, 'ewc_strategy': 'ewc', 'ewc_lambda': 0.0001, 'subgraph_train': False, 'num_hops': 2, 'logname': 'ECL-PatchTST', 'time': '2023-08-28-12:50:22.229852', 'path': 'exp/ECL-PatchTST2023-08-28-12:50:22.229852', 'num_workers': 4, 'start_train': 0, 'train_mode': 'pretrain', 'get_score': False, 'use_cm': True, 'logger': <Logger __main__ (INFO)>}
2023-08-28 12:50:22,230 - [*] phase 0 start training
0 7588
5311 760 1517 0.7 0.2 7588
train 4784
5311 760 1517 0.7 0.2 7588
val 569
5311 760 1517 0.7 0.2 7588
test 1326
2023-08-28 12:50:22,302 - [*] phase 0 Dataset load!
2023-08-28 12:50:23,277 - [*] phase 0 Training start
5311 760 1517 0.7 0.2 7588
train 4784
2023-08-28 12:50:37,432 - epoch:0, training loss:0.4944 validation loss:0.3584
5311 760 1517 0.7 0.2 7588
train 4784
vs, vt 0.35836274474859237 0.3645239293575287
Updating learning rate to 1.0487758639348156e-05
Updating learning rate to 1.0487758639348156e-05
5311 760 1517 0.7 0.2 7588
train 4784
2023-08-28 12:51:00,705 - logger name:exp/ECL-PatchTST2023-08-28-12:51:00.704741/ECL-PatchTST.log
2023-08-28 12:51:00,705 - params : {'loss': 'mse', 'conf': 'ECL-PatchTST', 'data_name': 'exchange_rate', 'iteration': 1, 'train': 1, 'load': True, 'build_graph': False, 'same_init': True, 'grad_norm': False, 'refiner_residual': 0, 'root_path': '', 'exp_path': 'exp/', 'val_test_mix': False, 'lr': 0.0001, 'lradj': 'TST', 'dropout': 0.2, 'fc_dropout': 0.2, 'head_dropout': 0.0, 'patch_len': 16, 'stride': 8, 'd_ff': 256, 'd_model': 128, 'n_heads': 16, 'seq_len': 336, 'pred_len': 336, 'noise_rate': 0.5, 'device': device(type='cuda', index=1), 'test_model_path': '/Disk/fhyega/code/BASE/exp/ECL-PatchTST2023-08-26-13:08:31.837686/0/best_model.pkl', 'idx': -1, 'aligner': 1, 'always_align': 1, 'refiner': 1, 'rec_block_num': 1, 'enhance': 1, 'enhance_type': 5, 'seed': 34, 'batch_size': 128, 'share_head': 0, 'add_noise': 1, 'jitter_sigma': 0.4, 'slope_rate': 0.01, 'slope_range': 0.2, 'alpha': 10.0, 'beta': 1.0, 'gamma': 0.15, 'feature_jittering': 1, 'rec_intra_feature': 0, 'rec_ori': 1, 'mid_dim': 128, 'test_en': 0, 'debugger': 0, 'summary': 0, 'omega': 1.0, 'theta': 1.5, 'mask_border': 1, 'sup_weight': 10.0, 'rec_length_ratio': 0.8, 'ref_dropout': 0.0, 'ref_block_num': 2, 'add_FFN': 0, 'add_residual': 0, 'rec_all': 0, 'e_layers': 3, '/* model related args*/': '//', 'model_name': 'PatchTST', 'label_len': 48, 'features': 'M', 'target': 'OT', 'graph_input': False, 'individual': False, 'd_layers': 1, 'factor': 1, 'des': 'Exp', 'padding_patch': 'end', 'revin': 1, 'affine': 0, 'subtract_last': 0, 'decomposition': 0, 'kernel_size': 25, 'output_attention': 0, 'embed_type': 0, 'activation': 'gelu', 'distil': 1, 'linear_output': 1, 'pct_start': 0.2, '/*train related args*/': '//', 'epoch': 30, '/*dataset related args*/': '//', 'save_data_path': 'data/ECL/', 'data_process': True, 'embed': 'timeF', 'freq': 'h', 'begin_phase': 0, 'end_phase': 1, 'phase_len': -1, 'val_ratio': 0.33, 'graph_size': 321, '/*strategy related args*/': '//', 'strategy': 'incremental', 'increase': False, 'detect': False, 'detect_strategy': 'feature', 'replay': False, 'replay_strategy': 'random', 'repaly_num_samples': 100, 'ewc': False, 'ewc_strategy': 'ewc', 'ewc_lambda': 0.0001, 'subgraph_train': False, 'num_hops': 2, 'logname': 'ECL-PatchTST', 'time': '2023-08-28-12:51:00.704741', 'path': 'exp/ECL-PatchTST2023-08-28-12:51:00.704741', 'num_workers': 4, 'start_train': 0, 'train_mode': 'pretrain', 'get_score': False, 'use_cm': True, 'logger': <Logger __main__ (INFO)>}
2023-08-28 12:51:00,705 - [*] phase 0 start training
0 7588
5311 760 1517 0.7 0.2 7588
train 4640
5311 760 1517 0.7 0.2 7588
val 425
5311 760 1517 0.7 0.2 7588
test 1182
2023-08-28 12:51:00,777 - [*] phase 0 Dataset load!
2023-08-28 12:51:01,769 - [*] phase 0 Training start
5311 760 1517 0.7 0.2 7588
train 4640
2023-08-28 12:51:17,200 - epoch:0, training loss:0.6643 validation loss:0.5505
5311 760 1517 0.7 0.2 7588
train 4640
vs, vt 0.550472330302 0.5571636706590652
Updating learning rate to 1.0489352067289656e-05
Updating learning rate to 1.0489352067289656e-05
5311 760 1517 0.7 0.2 7588
train 4640
2023-08-28 12:51:31,223 - logger name:exp/ECL-PatchTST2023-08-28-12:51:31.223047/ECL-PatchTST.log
2023-08-28 12:51:31,223 - params : {'loss': 'mse', 'conf': 'ECL-PatchTST', 'data_name': 'exchange_rate', 'iteration': 1, 'train': 1, 'load': True, 'build_graph': False, 'same_init': True, 'grad_norm': False, 'refiner_residual': 0, 'root_path': '', 'exp_path': 'exp/', 'val_test_mix': False, 'lr': 0.0001, 'lradj': 'TST', 'dropout': 0.2, 'fc_dropout': 0.2, 'head_dropout': 0.0, 'patch_len': 16, 'stride': 8, 'd_ff': 256, 'd_model': 128, 'n_heads': 16, 'seq_len': 336, 'pred_len': 720, 'noise_rate': 0.5, 'device': device(type='cuda', index=1), 'test_model_path': '/Disk/fhyega/code/BASE/exp/ECL-PatchTST2023-08-26-13:08:31.837686/0/best_model.pkl', 'idx': -1, 'aligner': 1, 'always_align': 1, 'refiner': 1, 'rec_block_num': 1, 'enhance': 1, 'enhance_type': 5, 'seed': 34, 'batch_size': 128, 'share_head': 0, 'add_noise': 1, 'jitter_sigma': 0.4, 'slope_rate': 0.01, 'slope_range': 0.2, 'alpha': 10.0, 'beta': 1.0, 'gamma': 0.15, 'feature_jittering': 1, 'rec_intra_feature': 0, 'rec_ori': 1, 'mid_dim': 128, 'test_en': 0, 'debugger': 0, 'summary': 0, 'omega': 1.0, 'theta': 1.5, 'mask_border': 1, 'sup_weight': 10.0, 'rec_length_ratio': 0.8, 'ref_dropout': 0.0, 'ref_block_num': 2, 'add_FFN': 0, 'add_residual': 0, 'rec_all': 0, 'e_layers': 3, '/* model related args*/': '//', 'model_name': 'PatchTST', 'label_len': 48, 'features': 'M', 'target': 'OT', 'graph_input': False, 'individual': False, 'd_layers': 1, 'factor': 1, 'des': 'Exp', 'padding_patch': 'end', 'revin': 1, 'affine': 0, 'subtract_last': 0, 'decomposition': 0, 'kernel_size': 25, 'output_attention': 0, 'embed_type': 0, 'activation': 'gelu', 'distil': 1, 'linear_output': 1, 'pct_start': 0.2, '/*train related args*/': '//', 'epoch': 30, '/*dataset related args*/': '//', 'save_data_path': 'data/ECL/', 'data_process': True, 'embed': 'timeF', 'freq': 'h', 'begin_phase': 0, 'end_phase': 1, 'phase_len': -1, 'val_ratio': 0.33, 'graph_size': 321, '/*strategy related args*/': '//', 'strategy': 'incremental', 'increase': False, 'detect': False, 'detect_strategy': 'feature', 'replay': False, 'replay_strategy': 'random', 'repaly_num_samples': 100, 'ewc': False, 'ewc_strategy': 'ewc', 'ewc_lambda': 0.0001, 'subgraph_train': False, 'num_hops': 2, 'logname': 'ECL-PatchTST', 'time': '2023-08-28-12:51:31.223047', 'path': 'exp/ECL-PatchTST2023-08-28-12:51:31.223047', 'num_workers': 4, 'start_train': 0, 'train_mode': 'pretrain', 'get_score': False, 'use_cm': True, 'logger': <Logger __main__ (INFO)>}
2023-08-28 12:51:31,223 - [*] phase 0 start training
0 7588
5311 760 1517 0.7 0.2 7588
train 4256
5311 760 1517 0.7 0.2 7588
val 41
5311 760 1517 0.7 0.2 7588
test 798
2023-08-28 12:51:31,296 - [*] phase 0 Dataset load!
2023-08-28 12:51:32,287 - [*] phase 0 Training start
5311 760 1517 0.7 0.2 7588
train 4256
2023-08-28 12:51:44,099 - epoch:0, training loss:1.0393 validation loss:1.1643
5311 760 1517 0.7 0.2 7588
train 4256
vs, vt 1.1642677783966064 1.1533349752426147
Updating learning rate to 1.0494716053729492e-05
Updating learning rate to 1.0494716053729492e-05
5311 760 1517 0.7 0.2 7588
train 4256
