2023-08-10 10:59:54,655 - logger name:exp/ECL-PatchTST2023-08-10-10:59:54.655464/ECL-PatchTST.log
2023-08-10 10:59:54,656 - params : {'loss': 'huber', 'conf': 'ECL-PatchTST', 'data_name': 'ETTh2', 'iteration': 1, 'train': 0, 'load': False, 'build_graph': False, 'same_init': True, 'grad_norm': False, 'refiner_residual': 0, 'root_path': '', 'exp_path': 'exp/', 'val_test_mix': False, 'pred_len': 96, 'noise_rate': 0.5, 'device': device(type='cuda', index=1), 'test_model_path': '/Disk/fhyega/code/BASE/exp/ECL-PatchTST2023-08-09-10:08:25.216520/0/best_model.pkl', 'idx': -1, 'aligner': 1, 'always_align': 1, 'refiner': 1, 'refiner_block_num': 1, 'enhance': 1, 'enhance_type': 5, 'seed': 34, 'batch_size': 128, 'share_head': 0, 'add_noise': 1, 'jitter_sigma': 0.5, 'slope_rate': 0.01, 'slope_range': 0.5, 'alpha': 10.0, 'beta': 1.0, 'gamma': 0.0, 'feature_jittering': 1, 'rec_intra_feature': 1, 'rec_ori': 1, 'mid_dim': 128, 'test_en': 1, '/* model related args*/': '//', 'model_name': 'PatchTST', 'seq_len': 336, 'label_len': 48, 'features': 'M', 'target': 'OT', 'graph_input': False, 'individual': False, 'e_layers': 3, 'd_layers': 1, 'factor': 1, 'n_heads': 16, 'd_model': 128, 'd_ff': 256, 'dropout': 0.2, 'fc_dropout': 0.2, 'head_dropout': 0.0, 'patch_len': 16, 'stride': 8, 'des': 'Exp', 'padding_patch': 'end', 'revin': 1, 'affine': 0, 'subtract_last': 0, 'decomposition': 0, 'kernel_size': 25, 'output_attention': 0, 'embed_type': 0, 'activation': 'gelu', 'lradj': 'TST', 'distil': 1, 'linear_output': 1, 'pct_start': 0.2, '/*train related args*/': '//', 'epoch': 30, 'lr': 0.0001, '/*dataset related args*/': '//', 'save_data_path': 'data/ECL/', 'data_process': True, 'embed': 'timeF', 'freq': 'h', 'begin_phase': 0, 'end_phase': 1, 'phase_len': 26304, 'val_ratio': 0.33, 'graph_size': 321, '/*strategy related args*/': '//', 'strategy': 'incremental', 'increase': False, 'detect': False, 'detect_strategy': 'feature', 'replay': False, 'replay_strategy': 'random', 'repaly_num_samples': 100, 'ewc': False, 'ewc_strategy': 'ewc', 'ewc_lambda': 0.0001, 'subgraph_train': False, 'num_hops': 2, 'logname': 'ECL-PatchTST', 'time': '2023-08-10-10:59:54.655464', 'path': 'exp/ECL-PatchTST2023-08-10-10:59:54.655464', 'num_workers': 4, 'start_train': 0, 'train_mode': 'pretrain', 'get_score': False, 'use_cm': True, 'logger': <Logger __main__ (INFO)>}
2023-08-10 10:59:54,656 - [*] phase 0 start training
0 26304
train 8209
val 2785
test 2785
2023-08-10 10:59:54,844 - [*] phase 0 Dataset load!
2023-08-10 10:59:57,879 - [*] loss:0.3114
2023-08-10 10:59:57,881 - [*] phase 0, testing
2023-08-10 10:59:57,917 - T:96	MAE	0.386153	RMSE	0.311462	MAPE	192.507291
2023-08-10 10:59:57,919 - 96	mae	0.3862	
2023-08-10 10:59:57,919 - 96	rmse	0.3115	
2023-08-10 10:59:57,919 - 96	mape	192.5073	
2023-08-10 10:59:58,974 - [*] loss:0.3265
2023-08-10 10:59:58,977 - [*] phase 0, testing
2023-08-10 10:59:59,012 - T:96	MAE	0.400174	RMSE	0.326558	MAPE	214.147592
2023-08-10 11:00:00,103 - [*] loss:0.3268
2023-08-10 11:00:00,106 - [*] phase 0, testing
2023-08-10 11:00:00,142 - T:96	MAE	0.396230	RMSE	0.326782	MAPE	215.354896
2023-08-10 11:00:00,143 - 96	mae	0.3962	
2023-08-10 11:00:00,143 - 96	rmse	0.3268	
2023-08-10 11:00:00,143 - 96	mape	215.3549	
2023-08-10 11:00:02,077 - logger name:exp/ECL-PatchTST2023-08-10-11:00:02.077511/ECL-PatchTST.log
2023-08-10 11:00:02,078 - params : {'loss': 'huber', 'conf': 'ECL-PatchTST', 'data_name': 'ETTh2', 'iteration': 1, 'train': 0, 'load': False, 'build_graph': False, 'same_init': True, 'grad_norm': False, 'refiner_residual': 0, 'root_path': '', 'exp_path': 'exp/', 'val_test_mix': False, 'pred_len': 96, 'noise_rate': 0.5, 'device': device(type='cuda', index=1), 'test_model_path': '/Disk/fhyega/code/BASE/exp/ECL-PatchTST2023-08-09-10:08:25.216520/0/best_model.pkl', 'idx': -1, 'aligner': 1, 'always_align': 1, 'refiner': 1, 'refiner_block_num': 1, 'enhance': 1, 'enhance_type': 5, 'seed': 34, 'batch_size': 128, 'share_head': 0, 'add_noise': 1, 'jitter_sigma': 0.5, 'slope_rate': 0.01, 'slope_range': 0.5, 'alpha': 10.0, 'beta': 1.0, 'gamma': 0.15, 'feature_jittering': 1, 'rec_intra_feature': 1, 'rec_ori': 1, 'mid_dim': 128, 'test_en': 1, '/* model related args*/': '//', 'model_name': 'PatchTST', 'seq_len': 336, 'label_len': 48, 'features': 'M', 'target': 'OT', 'graph_input': False, 'individual': False, 'e_layers': 3, 'd_layers': 1, 'factor': 1, 'n_heads': 16, 'd_model': 128, 'd_ff': 256, 'dropout': 0.2, 'fc_dropout': 0.2, 'head_dropout': 0.0, 'patch_len': 16, 'stride': 8, 'des': 'Exp', 'padding_patch': 'end', 'revin': 1, 'affine': 0, 'subtract_last': 0, 'decomposition': 0, 'kernel_size': 25, 'output_attention': 0, 'embed_type': 0, 'activation': 'gelu', 'lradj': 'TST', 'distil': 1, 'linear_output': 1, 'pct_start': 0.2, '/*train related args*/': '//', 'epoch': 30, 'lr': 0.0001, '/*dataset related args*/': '//', 'save_data_path': 'data/ECL/', 'data_process': True, 'embed': 'timeF', 'freq': 'h', 'begin_phase': 0, 'end_phase': 1, 'phase_len': 26304, 'val_ratio': 0.33, 'graph_size': 321, '/*strategy related args*/': '//', 'strategy': 'incremental', 'increase': False, 'detect': False, 'detect_strategy': 'feature', 'replay': False, 'replay_strategy': 'random', 'repaly_num_samples': 100, 'ewc': False, 'ewc_strategy': 'ewc', 'ewc_lambda': 0.0001, 'subgraph_train': False, 'num_hops': 2, 'logname': 'ECL-PatchTST', 'time': '2023-08-10-11:00:02.077511', 'path': 'exp/ECL-PatchTST2023-08-10-11:00:02.077511', 'num_workers': 4, 'start_train': 0, 'train_mode': 'pretrain', 'get_score': False, 'use_cm': True, 'logger': <Logger __main__ (INFO)>}
2023-08-10 11:00:02,078 - [*] phase 0 start training
0 26304
train 8209
val 2785
test 2785
2023-08-10 11:00:02,263 - [*] phase 0 Dataset load!
2023-08-10 11:00:06,621 - [*] loss:0.3112
2023-08-10 11:00:06,660 - [*] phase 0, testing
2023-08-10 11:00:06,816 - T:96	MAE	0.385102	RMSE	0.311287	MAPE	188.228357
2023-08-10 11:00:06,818 - 96	mae	0.3851	
2023-08-10 11:00:06,818 - 96	rmse	0.3113	
2023-08-10 11:00:06,819 - 96	mape	188.2284	
2023-08-10 11:00:07,976 - [*] loss:0.3265
2023-08-10 11:00:07,979 - [*] phase 0, testing
2023-08-10 11:00:08,016 - T:96	MAE	0.400174	RMSE	0.326558	MAPE	214.147592
2023-08-10 11:00:08,977 - [*] loss:0.3268
2023-08-10 11:00:08,981 - [*] phase 0, testing
2023-08-10 11:00:09,019 - T:96	MAE	0.396230	RMSE	0.326782	MAPE	215.354896
2023-08-10 11:00:09,020 - 96	mae	0.3962	
2023-08-10 11:00:09,020 - 96	rmse	0.3268	
2023-08-10 11:00:09,020 - 96	mape	215.3549	
2023-08-10 11:00:10,925 - logger name:exp/ECL-PatchTST2023-08-10-11:00:10.924046/ECL-PatchTST.log
2023-08-10 11:00:10,925 - params : {'loss': 'huber', 'conf': 'ECL-PatchTST', 'data_name': 'ETTh2', 'iteration': 1, 'train': 0, 'load': False, 'build_graph': False, 'same_init': True, 'grad_norm': False, 'refiner_residual': 0, 'root_path': '', 'exp_path': 'exp/', 'val_test_mix': False, 'pred_len': 96, 'noise_rate': 0.5, 'device': device(type='cuda', index=1), 'test_model_path': '/Disk/fhyega/code/BASE/exp/ECL-PatchTST2023-08-09-10:08:25.216520/0/best_model.pkl', 'idx': -1, 'aligner': 1, 'always_align': 1, 'refiner': 1, 'refiner_block_num': 1, 'enhance': 1, 'enhance_type': 5, 'seed': 34, 'batch_size': 128, 'share_head': 0, 'add_noise': 1, 'jitter_sigma': 0.5, 'slope_rate': 0.01, 'slope_range': 0.5, 'alpha': 10.0, 'beta': 1.0, 'gamma': 0.1, 'feature_jittering': 1, 'rec_intra_feature': 1, 'rec_ori': 1, 'mid_dim': 128, 'test_en': 1, '/* model related args*/': '//', 'model_name': 'PatchTST', 'seq_len': 336, 'label_len': 48, 'features': 'M', 'target': 'OT', 'graph_input': False, 'individual': False, 'e_layers': 3, 'd_layers': 1, 'factor': 1, 'n_heads': 16, 'd_model': 128, 'd_ff': 256, 'dropout': 0.2, 'fc_dropout': 0.2, 'head_dropout': 0.0, 'patch_len': 16, 'stride': 8, 'des': 'Exp', 'padding_patch': 'end', 'revin': 1, 'affine': 0, 'subtract_last': 0, 'decomposition': 0, 'kernel_size': 25, 'output_attention': 0, 'embed_type': 0, 'activation': 'gelu', 'lradj': 'TST', 'distil': 1, 'linear_output': 1, 'pct_start': 0.2, '/*train related args*/': '//', 'epoch': 30, 'lr': 0.0001, '/*dataset related args*/': '//', 'save_data_path': 'data/ECL/', 'data_process': True, 'embed': 'timeF', 'freq': 'h', 'begin_phase': 0, 'end_phase': 1, 'phase_len': 26304, 'val_ratio': 0.33, 'graph_size': 321, '/*strategy related args*/': '//', 'strategy': 'incremental', 'increase': False, 'detect': False, 'detect_strategy': 'feature', 'replay': False, 'replay_strategy': 'random', 'repaly_num_samples': 100, 'ewc': False, 'ewc_strategy': 'ewc', 'ewc_lambda': 0.0001, 'subgraph_train': False, 'num_hops': 2, 'logname': 'ECL-PatchTST', 'time': '2023-08-10-11:00:10.924046', 'path': 'exp/ECL-PatchTST2023-08-10-11:00:10.924046', 'num_workers': 4, 'start_train': 0, 'train_mode': 'pretrain', 'get_score': False, 'use_cm': True, 'logger': <Logger __main__ (INFO)>}
2023-08-10 11:00:10,925 - [*] phase 0 start training
0 26304
train 8209
val 2785
test 2785
2023-08-10 11:00:11,113 - [*] phase 0 Dataset load!
2023-08-10 11:00:14,388 - [*] loss:0.3107
2023-08-10 11:00:14,391 - [*] phase 0, testing
2023-08-10 11:00:14,428 - T:96	MAE	0.384682	RMSE	0.310799	MAPE	188.676012
2023-08-10 11:00:14,429 - 96	mae	0.3847	
2023-08-10 11:00:14,429 - 96	rmse	0.3108	
2023-08-10 11:00:14,429 - 96	mape	188.6760	
2023-08-10 11:00:15,303 - [*] loss:0.3265
2023-08-10 11:00:15,306 - [*] phase 0, testing
2023-08-10 11:00:15,342 - T:96	MAE	0.400174	RMSE	0.326558	MAPE	214.147592
2023-08-10 11:00:16,494 - [*] loss:0.3268
2023-08-10 11:00:16,497 - [*] phase 0, testing
2023-08-10 11:00:16,532 - T:96	MAE	0.396230	RMSE	0.326782	MAPE	215.354896
2023-08-10 11:00:16,533 - 96	mae	0.3962	
2023-08-10 11:00:16,533 - 96	rmse	0.3268	
2023-08-10 11:00:16,533 - 96	mape	215.3549	
2023-08-10 11:00:18,415 - logger name:exp/ECL-PatchTST2023-08-10-11:00:18.414922/ECL-PatchTST.log
2023-08-10 11:00:18,415 - params : {'loss': 'huber', 'conf': 'ECL-PatchTST', 'data_name': 'ETTh2', 'iteration': 1, 'train': 0, 'load': False, 'build_graph': False, 'same_init': True, 'grad_norm': False, 'refiner_residual': 0, 'root_path': '', 'exp_path': 'exp/', 'val_test_mix': False, 'pred_len': 96, 'noise_rate': 0.5, 'device': device(type='cuda', index=1), 'test_model_path': '/Disk/fhyega/code/BASE/exp/ECL-PatchTST2023-08-09-10:08:25.216520/0/best_model.pkl', 'idx': -1, 'aligner': 1, 'always_align': 1, 'refiner': 1, 'refiner_block_num': 1, 'enhance': 1, 'enhance_type': 5, 'seed': 34, 'batch_size': 128, 'share_head': 0, 'add_noise': 1, 'jitter_sigma': 0.5, 'slope_rate': 0.01, 'slope_range': 0.5, 'alpha': 10.0, 'beta': 1.0, 'gamma': 0.15, 'feature_jittering': 1, 'rec_intra_feature': 1, 'rec_ori': 1, 'mid_dim': 128, 'test_en': 1, '/* model related args*/': '//', 'model_name': 'PatchTST', 'seq_len': 336, 'label_len': 48, 'features': 'M', 'target': 'OT', 'graph_input': False, 'individual': False, 'e_layers': 3, 'd_layers': 1, 'factor': 1, 'n_heads': 16, 'd_model': 128, 'd_ff': 256, 'dropout': 0.2, 'fc_dropout': 0.2, 'head_dropout': 0.0, 'patch_len': 16, 'stride': 8, 'des': 'Exp', 'padding_patch': 'end', 'revin': 1, 'affine': 0, 'subtract_last': 0, 'decomposition': 0, 'kernel_size': 25, 'output_attention': 0, 'embed_type': 0, 'activation': 'gelu', 'lradj': 'TST', 'distil': 1, 'linear_output': 1, 'pct_start': 0.2, '/*train related args*/': '//', 'epoch': 30, 'lr': 0.0001, '/*dataset related args*/': '//', 'save_data_path': 'data/ECL/', 'data_process': True, 'embed': 'timeF', 'freq': 'h', 'begin_phase': 0, 'end_phase': 1, 'phase_len': 26304, 'val_ratio': 0.33, 'graph_size': 321, '/*strategy related args*/': '//', 'strategy': 'incremental', 'increase': False, 'detect': False, 'detect_strategy': 'feature', 'replay': False, 'replay_strategy': 'random', 'repaly_num_samples': 100, 'ewc': False, 'ewc_strategy': 'ewc', 'ewc_lambda': 0.0001, 'subgraph_train': False, 'num_hops': 2, 'logname': 'ECL-PatchTST', 'time': '2023-08-10-11:00:18.414922', 'path': 'exp/ECL-PatchTST2023-08-10-11:00:18.414922', 'num_workers': 4, 'start_train': 0, 'train_mode': 'pretrain', 'get_score': False, 'use_cm': True, 'logger': <Logger __main__ (INFO)>}
2023-08-10 11:00:18,415 - [*] phase 0 start training
0 26304
train 8209
val 2785
test 2785
2023-08-10 11:00:18,604 - [*] phase 0 Dataset load!
2023-08-10 11:00:21,950 - [*] loss:0.3112
2023-08-10 11:00:21,953 - [*] phase 0, testing
2023-08-10 11:00:21,990 - T:96	MAE	0.385102	RMSE	0.311287	MAPE	188.228357
2023-08-10 11:00:21,990 - 96	mae	0.3851	
2023-08-10 11:00:21,991 - 96	rmse	0.3113	
2023-08-10 11:00:21,991 - 96	mape	188.2284	
2023-08-10 11:00:22,897 - [*] loss:0.3265
2023-08-10 11:00:22,900 - [*] phase 0, testing
2023-08-10 11:00:22,936 - T:96	MAE	0.400174	RMSE	0.326558	MAPE	214.147592
2023-08-10 11:00:23,815 - [*] loss:0.3268
2023-08-10 11:00:23,819 - [*] phase 0, testing
2023-08-10 11:00:23,856 - T:96	MAE	0.396230	RMSE	0.326782	MAPE	215.354896
2023-08-10 11:00:23,857 - 96	mae	0.3962	
2023-08-10 11:00:23,858 - 96	rmse	0.3268	
2023-08-10 11:00:23,858 - 96	mape	215.3549	
2023-08-10 11:00:25,789 - logger name:exp/ECL-PatchTST2023-08-10-11:00:25.789614/ECL-PatchTST.log
2023-08-10 11:00:25,790 - params : {'loss': 'huber', 'conf': 'ECL-PatchTST', 'data_name': 'ETTh2', 'iteration': 1, 'train': 0, 'load': False, 'build_graph': False, 'same_init': True, 'grad_norm': False, 'refiner_residual': 0, 'root_path': '', 'exp_path': 'exp/', 'val_test_mix': False, 'pred_len': 96, 'noise_rate': 0.5, 'device': device(type='cuda', index=1), 'test_model_path': '/Disk/fhyega/code/BASE/exp/ECL-PatchTST2023-08-09-10:08:25.216520/0/best_model.pkl', 'idx': -1, 'aligner': 1, 'always_align': 1, 'refiner': 1, 'refiner_block_num': 1, 'enhance': 1, 'enhance_type': 5, 'seed': 34, 'batch_size': 128, 'share_head': 0, 'add_noise': 1, 'jitter_sigma': 0.5, 'slope_rate': 0.01, 'slope_range': 0.5, 'alpha': 10.0, 'beta': 1.0, 'gamma': 0.2, 'feature_jittering': 1, 'rec_intra_feature': 1, 'rec_ori': 1, 'mid_dim': 128, 'test_en': 1, '/* model related args*/': '//', 'model_name': 'PatchTST', 'seq_len': 336, 'label_len': 48, 'features': 'M', 'target': 'OT', 'graph_input': False, 'individual': False, 'e_layers': 3, 'd_layers': 1, 'factor': 1, 'n_heads': 16, 'd_model': 128, 'd_ff': 256, 'dropout': 0.2, 'fc_dropout': 0.2, 'head_dropout': 0.0, 'patch_len': 16, 'stride': 8, 'des': 'Exp', 'padding_patch': 'end', 'revin': 1, 'affine': 0, 'subtract_last': 0, 'decomposition': 0, 'kernel_size': 25, 'output_attention': 0, 'embed_type': 0, 'activation': 'gelu', 'lradj': 'TST', 'distil': 1, 'linear_output': 1, 'pct_start': 0.2, '/*train related args*/': '//', 'epoch': 30, 'lr': 0.0001, '/*dataset related args*/': '//', 'save_data_path': 'data/ECL/', 'data_process': True, 'embed': 'timeF', 'freq': 'h', 'begin_phase': 0, 'end_phase': 1, 'phase_len': 26304, 'val_ratio': 0.33, 'graph_size': 321, '/*strategy related args*/': '//', 'strategy': 'incremental', 'increase': False, 'detect': False, 'detect_strategy': 'feature', 'replay': False, 'replay_strategy': 'random', 'repaly_num_samples': 100, 'ewc': False, 'ewc_strategy': 'ewc', 'ewc_lambda': 0.0001, 'subgraph_train': False, 'num_hops': 2, 'logname': 'ECL-PatchTST', 'time': '2023-08-10-11:00:25.789614', 'path': 'exp/ECL-PatchTST2023-08-10-11:00:25.789614', 'num_workers': 4, 'start_train': 0, 'train_mode': 'pretrain', 'get_score': False, 'use_cm': True, 'logger': <Logger __main__ (INFO)>}
2023-08-10 11:00:25,790 - [*] phase 0 start training
0 26304
train 8209
val 2785
test 2785
2023-08-10 11:00:25,981 - [*] phase 0 Dataset load!
2023-08-10 11:00:29,241 - [*] loss:0.3118
2023-08-10 11:00:29,244 - [*] phase 0, testing
2023-08-10 11:00:29,280 - T:96	MAE	0.385433	RMSE	0.311835	MAPE	187.924993
2023-08-10 11:00:29,281 - 96	mae	0.3854	
2023-08-10 11:00:29,281 - 96	rmse	0.3118	
2023-08-10 11:00:29,281 - 96	mape	187.9250	
2023-08-10 11:00:30,222 - [*] loss:0.3265
2023-08-10 11:00:30,225 - [*] phase 0, testing
2023-08-10 11:00:30,261 - T:96	MAE	0.400174	RMSE	0.326558	MAPE	214.147592
2023-08-10 11:00:31,305 - [*] loss:0.3268
2023-08-10 11:00:31,308 - [*] phase 0, testing
2023-08-10 11:00:31,346 - T:96	MAE	0.396230	RMSE	0.326782	MAPE	215.354896
2023-08-10 11:00:31,347 - 96	mae	0.3962	
2023-08-10 11:00:31,347 - 96	rmse	0.3268	
2023-08-10 11:00:31,347 - 96	mape	215.3549	
2023-08-10 11:00:33,240 - logger name:exp/ECL-PatchTST2023-08-10-11:00:33.239795/ECL-PatchTST.log
2023-08-10 11:00:33,240 - params : {'loss': 'huber', 'conf': 'ECL-PatchTST', 'data_name': 'ETTh2', 'iteration': 1, 'train': 0, 'load': False, 'build_graph': False, 'same_init': True, 'grad_norm': False, 'refiner_residual': 0, 'root_path': '', 'exp_path': 'exp/', 'val_test_mix': False, 'pred_len': 96, 'noise_rate': 0.5, 'device': device(type='cuda', index=1), 'test_model_path': '/Disk/fhyega/code/BASE/exp/ECL-PatchTST2023-08-09-10:08:25.216520/0/best_model.pkl', 'idx': -1, 'aligner': 1, 'always_align': 1, 'refiner': 1, 'refiner_block_num': 1, 'enhance': 1, 'enhance_type': 5, 'seed': 34, 'batch_size': 128, 'share_head': 0, 'add_noise': 1, 'jitter_sigma': 0.5, 'slope_rate': 0.01, 'slope_range': 0.5, 'alpha': 10.0, 'beta': 1.0, 'gamma': 0.5, 'feature_jittering': 1, 'rec_intra_feature': 1, 'rec_ori': 1, 'mid_dim': 128, 'test_en': 1, '/* model related args*/': '//', 'model_name': 'PatchTST', 'seq_len': 336, 'label_len': 48, 'features': 'M', 'target': 'OT', 'graph_input': False, 'individual': False, 'e_layers': 3, 'd_layers': 1, 'factor': 1, 'n_heads': 16, 'd_model': 128, 'd_ff': 256, 'dropout': 0.2, 'fc_dropout': 0.2, 'head_dropout': 0.0, 'patch_len': 16, 'stride': 8, 'des': 'Exp', 'padding_patch': 'end', 'revin': 1, 'affine': 0, 'subtract_last': 0, 'decomposition': 0, 'kernel_size': 25, 'output_attention': 0, 'embed_type': 0, 'activation': 'gelu', 'lradj': 'TST', 'distil': 1, 'linear_output': 1, 'pct_start': 0.2, '/*train related args*/': '//', 'epoch': 30, 'lr': 0.0001, '/*dataset related args*/': '//', 'save_data_path': 'data/ECL/', 'data_process': True, 'embed': 'timeF', 'freq': 'h', 'begin_phase': 0, 'end_phase': 1, 'phase_len': 26304, 'val_ratio': 0.33, 'graph_size': 321, '/*strategy related args*/': '//', 'strategy': 'incremental', 'increase': False, 'detect': False, 'detect_strategy': 'feature', 'replay': False, 'replay_strategy': 'random', 'repaly_num_samples': 100, 'ewc': False, 'ewc_strategy': 'ewc', 'ewc_lambda': 0.0001, 'subgraph_train': False, 'num_hops': 2, 'logname': 'ECL-PatchTST', 'time': '2023-08-10-11:00:33.239795', 'path': 'exp/ECL-PatchTST2023-08-10-11:00:33.239795', 'num_workers': 4, 'start_train': 0, 'train_mode': 'pretrain', 'get_score': False, 'use_cm': True, 'logger': <Logger __main__ (INFO)>}
2023-08-10 11:00:33,240 - [*] phase 0 start training
0 26304
train 8209
val 2785
test 2785
2023-08-10 11:00:33,429 - [*] phase 0 Dataset load!
2023-08-10 11:00:36,658 - [*] loss:0.3136
2023-08-10 11:00:36,660 - [*] phase 0, testing
2023-08-10 11:00:36,696 - T:96	MAE	0.385074	RMSE	0.313543	MAPE	183.482623
2023-08-10 11:00:36,697 - 96	mae	0.3851	
2023-08-10 11:00:36,697 - 96	rmse	0.3135	
2023-08-10 11:00:36,697 - 96	mape	183.4826	
2023-08-10 11:00:37,722 - [*] loss:0.3265
2023-08-10 11:00:37,725 - [*] phase 0, testing
2023-08-10 11:00:37,761 - T:96	MAE	0.400174	RMSE	0.326558	MAPE	214.147592
2023-08-10 11:00:38,671 - [*] loss:0.3268
2023-08-10 11:00:38,674 - [*] phase 0, testing
2023-08-10 11:00:38,709 - T:96	MAE	0.396230	RMSE	0.326782	MAPE	215.354896
2023-08-10 11:00:38,710 - 96	mae	0.3962	
2023-08-10 11:00:38,710 - 96	rmse	0.3268	
2023-08-10 11:00:38,710 - 96	mape	215.3549	
2023-08-10 11:00:40,641 - logger name:exp/ECL-PatchTST2023-08-10-11:00:40.641116/ECL-PatchTST.log
2023-08-10 11:00:40,641 - params : {'loss': 'huber', 'conf': 'ECL-PatchTST', 'data_name': 'ETTh2', 'iteration': 1, 'train': 0, 'load': False, 'build_graph': False, 'same_init': True, 'grad_norm': False, 'refiner_residual': 0, 'root_path': '', 'exp_path': 'exp/', 'val_test_mix': False, 'pred_len': 96, 'noise_rate': 0.5, 'device': device(type='cuda', index=1), 'test_model_path': '/Disk/fhyega/code/BASE/exp/ECL-PatchTST2023-08-09-10:08:25.216520/0/best_model.pkl', 'idx': -1, 'aligner': 1, 'always_align': 1, 'refiner': 1, 'refiner_block_num': 1, 'enhance': 1, 'enhance_type': 5, 'seed': 34, 'batch_size': 128, 'share_head': 0, 'add_noise': 1, 'jitter_sigma': 0.5, 'slope_rate': 0.01, 'slope_range': 0.5, 'alpha': 10.0, 'beta': 1.0, 'gamma': 0.3, 'feature_jittering': 1, 'rec_intra_feature': 1, 'rec_ori': 1, 'mid_dim': 128, 'test_en': 1, '/* model related args*/': '//', 'model_name': 'PatchTST', 'seq_len': 336, 'label_len': 48, 'features': 'M', 'target': 'OT', 'graph_input': False, 'individual': False, 'e_layers': 3, 'd_layers': 1, 'factor': 1, 'n_heads': 16, 'd_model': 128, 'd_ff': 256, 'dropout': 0.2, 'fc_dropout': 0.2, 'head_dropout': 0.0, 'patch_len': 16, 'stride': 8, 'des': 'Exp', 'padding_patch': 'end', 'revin': 1, 'affine': 0, 'subtract_last': 0, 'decomposition': 0, 'kernel_size': 25, 'output_attention': 0, 'embed_type': 0, 'activation': 'gelu', 'lradj': 'TST', 'distil': 1, 'linear_output': 1, 'pct_start': 0.2, '/*train related args*/': '//', 'epoch': 30, 'lr': 0.0001, '/*dataset related args*/': '//', 'save_data_path': 'data/ECL/', 'data_process': True, 'embed': 'timeF', 'freq': 'h', 'begin_phase': 0, 'end_phase': 1, 'phase_len': 26304, 'val_ratio': 0.33, 'graph_size': 321, '/*strategy related args*/': '//', 'strategy': 'incremental', 'increase': False, 'detect': False, 'detect_strategy': 'feature', 'replay': False, 'replay_strategy': 'random', 'repaly_num_samples': 100, 'ewc': False, 'ewc_strategy': 'ewc', 'ewc_lambda': 0.0001, 'subgraph_train': False, 'num_hops': 2, 'logname': 'ECL-PatchTST', 'time': '2023-08-10-11:00:40.641116', 'path': 'exp/ECL-PatchTST2023-08-10-11:00:40.641116', 'num_workers': 4, 'start_train': 0, 'train_mode': 'pretrain', 'get_score': False, 'use_cm': True, 'logger': <Logger __main__ (INFO)>}
2023-08-10 11:00:40,641 - [*] phase 0 start training
0 26304
train 8209
val 2785
test 2785
2023-08-10 11:00:40,832 - [*] phase 0 Dataset load!
2023-08-10 11:00:44,105 - [*] loss:0.3122
2023-08-10 11:00:44,108 - [*] phase 0, testing
2023-08-10 11:00:44,145 - T:96	MAE	0.385416	RMSE	0.312211	MAPE	186.977923
2023-08-10 11:00:44,146 - 96	mae	0.3854	
2023-08-10 11:00:44,146 - 96	rmse	0.3122	
2023-08-10 11:00:44,147 - 96	mape	186.9779	
2023-08-10 11:00:45,116 - [*] loss:0.3265
2023-08-10 11:00:45,119 - [*] phase 0, testing
2023-08-10 11:00:45,155 - T:96	MAE	0.400174	RMSE	0.326558	MAPE	214.147592
2023-08-10 11:00:46,047 - [*] loss:0.3268
2023-08-10 11:00:46,050 - [*] phase 0, testing
2023-08-10 11:00:46,086 - T:96	MAE	0.396230	RMSE	0.326782	MAPE	215.354896
2023-08-10 11:00:46,087 - 96	mae	0.3962	
2023-08-10 11:00:46,087 - 96	rmse	0.3268	
2023-08-10 11:00:46,087 - 96	mape	215.3549	
2023-08-10 11:00:48,008 - logger name:exp/ECL-PatchTST2023-08-10-11:00:48.008660/ECL-PatchTST.log
2023-08-10 11:00:48,009 - params : {'loss': 'huber', 'conf': 'ECL-PatchTST', 'data_name': 'ETTh2', 'iteration': 1, 'train': 0, 'load': False, 'build_graph': False, 'same_init': True, 'grad_norm': False, 'refiner_residual': 0, 'root_path': '', 'exp_path': 'exp/', 'val_test_mix': False, 'pred_len': 96, 'noise_rate': 0.5, 'device': device(type='cuda', index=1), 'test_model_path': '/Disk/fhyega/code/BASE/exp/ECL-PatchTST2023-08-09-10:08:25.216520/0/best_model.pkl', 'idx': -1, 'aligner': 1, 'always_align': 1, 'refiner': 1, 'refiner_block_num': 1, 'enhance': 1, 'enhance_type': 5, 'seed': 34, 'batch_size': 128, 'share_head': 0, 'add_noise': 1, 'jitter_sigma': 0.5, 'slope_rate': 0.01, 'slope_range': 0.5, 'alpha': 10.0, 'beta': 1.0, 'gamma': 0.4, 'feature_jittering': 1, 'rec_intra_feature': 1, 'rec_ori': 1, 'mid_dim': 128, 'test_en': 1, '/* model related args*/': '//', 'model_name': 'PatchTST', 'seq_len': 336, 'label_len': 48, 'features': 'M', 'target': 'OT', 'graph_input': False, 'individual': False, 'e_layers': 3, 'd_layers': 1, 'factor': 1, 'n_heads': 16, 'd_model': 128, 'd_ff': 256, 'dropout': 0.2, 'fc_dropout': 0.2, 'head_dropout': 0.0, 'patch_len': 16, 'stride': 8, 'des': 'Exp', 'padding_patch': 'end', 'revin': 1, 'affine': 0, 'subtract_last': 0, 'decomposition': 0, 'kernel_size': 25, 'output_attention': 0, 'embed_type': 0, 'activation': 'gelu', 'lradj': 'TST', 'distil': 1, 'linear_output': 1, 'pct_start': 0.2, '/*train related args*/': '//', 'epoch': 30, 'lr': 0.0001, '/*dataset related args*/': '//', 'save_data_path': 'data/ECL/', 'data_process': True, 'embed': 'timeF', 'freq': 'h', 'begin_phase': 0, 'end_phase': 1, 'phase_len': 26304, 'val_ratio': 0.33, 'graph_size': 321, '/*strategy related args*/': '//', 'strategy': 'incremental', 'increase': False, 'detect': False, 'detect_strategy': 'feature', 'replay': False, 'replay_strategy': 'random', 'repaly_num_samples': 100, 'ewc': False, 'ewc_strategy': 'ewc', 'ewc_lambda': 0.0001, 'subgraph_train': False, 'num_hops': 2, 'logname': 'ECL-PatchTST', 'time': '2023-08-10-11:00:48.008660', 'path': 'exp/ECL-PatchTST2023-08-10-11:00:48.008660', 'num_workers': 4, 'start_train': 0, 'train_mode': 'pretrain', 'get_score': False, 'use_cm': True, 'logger': <Logger __main__ (INFO)>}
2023-08-10 11:00:48,009 - [*] phase 0 start training
0 26304
train 8209
val 2785
test 2785
2023-08-10 11:00:48,196 - [*] phase 0 Dataset load!
2023-08-10 11:00:51,542 - [*] loss:0.3130
2023-08-10 11:00:51,545 - [*] phase 0, testing
2023-08-10 11:00:51,581 - T:96	MAE	0.385336	RMSE	0.312973	MAPE	185.354543
2023-08-10 11:00:51,582 - 96	mae	0.3853	
2023-08-10 11:00:51,582 - 96	rmse	0.3130	
2023-08-10 11:00:51,582 - 96	mape	185.3545	
2023-08-10 11:00:52,489 - [*] loss:0.3265
2023-08-10 11:00:52,492 - [*] phase 0, testing
2023-08-10 11:00:52,528 - T:96	MAE	0.400174	RMSE	0.326558	MAPE	214.147592
2023-08-10 11:00:53,439 - [*] loss:0.3268
2023-08-10 11:00:53,442 - [*] phase 0, testing
2023-08-10 11:00:53,479 - T:96	MAE	0.396230	RMSE	0.326782	MAPE	215.354896
2023-08-10 11:00:53,480 - 96	mae	0.3962	
2023-08-10 11:00:53,480 - 96	rmse	0.3268	
2023-08-10 11:00:53,480 - 96	mape	215.3549	
2023-08-10 11:00:55,433 - logger name:exp/ECL-PatchTST2023-08-10-11:00:55.432888/ECL-PatchTST.log
2023-08-10 11:00:55,433 - params : {'loss': 'huber', 'conf': 'ECL-PatchTST', 'data_name': 'ETTh2', 'iteration': 1, 'train': 0, 'load': False, 'build_graph': False, 'same_init': True, 'grad_norm': False, 'refiner_residual': 0, 'root_path': '', 'exp_path': 'exp/', 'val_test_mix': False, 'pred_len': 96, 'noise_rate': 0.5, 'device': device(type='cuda', index=1), 'test_model_path': '/Disk/fhyega/code/BASE/exp/ECL-PatchTST2023-08-09-10:08:25.216520/0/best_model.pkl', 'idx': -1, 'aligner': 1, 'always_align': 1, 'refiner': 1, 'refiner_block_num': 1, 'enhance': 1, 'enhance_type': 5, 'seed': 34, 'batch_size': 128, 'share_head': 0, 'add_noise': 1, 'jitter_sigma': 0.5, 'slope_rate': 0.01, 'slope_range': 0.5, 'alpha': 10.0, 'beta': 1.0, 'gamma': 0.6, 'feature_jittering': 1, 'rec_intra_feature': 1, 'rec_ori': 1, 'mid_dim': 128, 'test_en': 1, '/* model related args*/': '//', 'model_name': 'PatchTST', 'seq_len': 336, 'label_len': 48, 'features': 'M', 'target': 'OT', 'graph_input': False, 'individual': False, 'e_layers': 3, 'd_layers': 1, 'factor': 1, 'n_heads': 16, 'd_model': 128, 'd_ff': 256, 'dropout': 0.2, 'fc_dropout': 0.2, 'head_dropout': 0.0, 'patch_len': 16, 'stride': 8, 'des': 'Exp', 'padding_patch': 'end', 'revin': 1, 'affine': 0, 'subtract_last': 0, 'decomposition': 0, 'kernel_size': 25, 'output_attention': 0, 'embed_type': 0, 'activation': 'gelu', 'lradj': 'TST', 'distil': 1, 'linear_output': 1, 'pct_start': 0.2, '/*train related args*/': '//', 'epoch': 30, 'lr': 0.0001, '/*dataset related args*/': '//', 'save_data_path': 'data/ECL/', 'data_process': True, 'embed': 'timeF', 'freq': 'h', 'begin_phase': 0, 'end_phase': 1, 'phase_len': 26304, 'val_ratio': 0.33, 'graph_size': 321, '/*strategy related args*/': '//', 'strategy': 'incremental', 'increase': False, 'detect': False, 'detect_strategy': 'feature', 'replay': False, 'replay_strategy': 'random', 'repaly_num_samples': 100, 'ewc': False, 'ewc_strategy': 'ewc', 'ewc_lambda': 0.0001, 'subgraph_train': False, 'num_hops': 2, 'logname': 'ECL-PatchTST', 'time': '2023-08-10-11:00:55.432888', 'path': 'exp/ECL-PatchTST2023-08-10-11:00:55.432888', 'num_workers': 4, 'start_train': 0, 'train_mode': 'pretrain', 'get_score': False, 'use_cm': True, 'logger': <Logger __main__ (INFO)>}
2023-08-10 11:00:55,433 - [*] phase 0 start training
0 26304
train 8209
val 2785
test 2785
2023-08-10 11:00:55,619 - [*] phase 0 Dataset load!
2023-08-10 11:00:58,938 - [*] loss:0.3143
2023-08-10 11:00:58,941 - [*] phase 0, testing
2023-08-10 11:00:58,977 - T:96	MAE	0.384976	RMSE	0.314252	MAPE	181.938136
2023-08-10 11:00:58,978 - 96	mae	0.3850	
2023-08-10 11:00:58,978 - 96	rmse	0.3143	
2023-08-10 11:00:58,978 - 96	mape	181.9381	
2023-08-10 11:00:59,878 - [*] loss:0.3265
2023-08-10 11:00:59,882 - [*] phase 0, testing
2023-08-10 11:00:59,917 - T:96	MAE	0.400174	RMSE	0.326558	MAPE	214.147592
2023-08-10 11:01:00,866 - [*] loss:0.3268
2023-08-10 11:01:00,869 - [*] phase 0, testing
2023-08-10 11:01:00,905 - T:96	MAE	0.396230	RMSE	0.326782	MAPE	215.354896
2023-08-10 11:01:00,906 - 96	mae	0.3962	
2023-08-10 11:01:00,906 - 96	rmse	0.3268	
2023-08-10 11:01:00,906 - 96	mape	215.3549	
2023-08-10 11:01:02,799 - logger name:exp/ECL-PatchTST2023-08-10-11:01:02.799607/ECL-PatchTST.log
2023-08-10 11:01:02,800 - params : {'loss': 'huber', 'conf': 'ECL-PatchTST', 'data_name': 'ETTh2', 'iteration': 1, 'train': 0, 'load': False, 'build_graph': False, 'same_init': True, 'grad_norm': False, 'refiner_residual': 0, 'root_path': '', 'exp_path': 'exp/', 'val_test_mix': False, 'pred_len': 96, 'noise_rate': 0.5, 'device': device(type='cuda', index=1), 'test_model_path': '/Disk/fhyega/code/BASE/exp/ECL-PatchTST2023-08-09-10:08:25.216520/0/best_model.pkl', 'idx': -1, 'aligner': 1, 'always_align': 1, 'refiner': 1, 'refiner_block_num': 1, 'enhance': 1, 'enhance_type': 5, 'seed': 34, 'batch_size': 128, 'share_head': 0, 'add_noise': 1, 'jitter_sigma': 0.5, 'slope_rate': 0.01, 'slope_range': 0.5, 'alpha': 10.0, 'beta': 1.0, 'gamma': 0.8, 'feature_jittering': 1, 'rec_intra_feature': 1, 'rec_ori': 1, 'mid_dim': 128, 'test_en': 1, '/* model related args*/': '//', 'model_name': 'PatchTST', 'seq_len': 336, 'label_len': 48, 'features': 'M', 'target': 'OT', 'graph_input': False, 'individual': False, 'e_layers': 3, 'd_layers': 1, 'factor': 1, 'n_heads': 16, 'd_model': 128, 'd_ff': 256, 'dropout': 0.2, 'fc_dropout': 0.2, 'head_dropout': 0.0, 'patch_len': 16, 'stride': 8, 'des': 'Exp', 'padding_patch': 'end', 'revin': 1, 'affine': 0, 'subtract_last': 0, 'decomposition': 0, 'kernel_size': 25, 'output_attention': 0, 'embed_type': 0, 'activation': 'gelu', 'lradj': 'TST', 'distil': 1, 'linear_output': 1, 'pct_start': 0.2, '/*train related args*/': '//', 'epoch': 30, 'lr': 0.0001, '/*dataset related args*/': '//', 'save_data_path': 'data/ECL/', 'data_process': True, 'embed': 'timeF', 'freq': 'h', 'begin_phase': 0, 'end_phase': 1, 'phase_len': 26304, 'val_ratio': 0.33, 'graph_size': 321, '/*strategy related args*/': '//', 'strategy': 'incremental', 'increase': False, 'detect': False, 'detect_strategy': 'feature', 'replay': False, 'replay_strategy': 'random', 'repaly_num_samples': 100, 'ewc': False, 'ewc_strategy': 'ewc', 'ewc_lambda': 0.0001, 'subgraph_train': False, 'num_hops': 2, 'logname': 'ECL-PatchTST', 'time': '2023-08-10-11:01:02.799607', 'path': 'exp/ECL-PatchTST2023-08-10-11:01:02.799607', 'num_workers': 4, 'start_train': 0, 'train_mode': 'pretrain', 'get_score': False, 'use_cm': True, 'logger': <Logger __main__ (INFO)>}
2023-08-10 11:01:02,800 - [*] phase 0 start training
0 26304
train 8209
val 2785
test 2785
2023-08-10 11:01:02,986 - [*] phase 0 Dataset load!
2023-08-10 11:01:06,276 - [*] loss:0.3163
2023-08-10 11:01:06,279 - [*] phase 0, testing
2023-08-10 11:01:06,316 - T:96	MAE	0.385260	RMSE	0.316250	MAPE	178.978312
2023-08-10 11:01:06,317 - 96	mae	0.3853	
2023-08-10 11:01:06,317 - 96	rmse	0.3163	
2023-08-10 11:01:06,318 - 96	mape	178.9783	
2023-08-10 11:01:07,205 - [*] loss:0.3265
2023-08-10 11:01:07,208 - [*] phase 0, testing
2023-08-10 11:01:07,245 - T:96	MAE	0.400174	RMSE	0.326558	MAPE	214.147592
2023-08-10 11:01:08,244 - [*] loss:0.3268
2023-08-10 11:01:08,247 - [*] phase 0, testing
2023-08-10 11:01:08,284 - T:96	MAE	0.396230	RMSE	0.326782	MAPE	215.354896
2023-08-10 11:01:08,284 - 96	mae	0.3962	
2023-08-10 11:01:08,285 - 96	rmse	0.3268	
2023-08-10 11:01:08,285 - 96	mape	215.3549	
2023-08-10 11:01:10,212 - logger name:exp/ECL-PatchTST2023-08-10-11:01:10.211942/ECL-PatchTST.log
2023-08-10 11:01:10,212 - params : {'loss': 'huber', 'conf': 'ECL-PatchTST', 'data_name': 'ETTh2', 'iteration': 1, 'train': 0, 'load': False, 'build_graph': False, 'same_init': True, 'grad_norm': False, 'refiner_residual': 0, 'root_path': '', 'exp_path': 'exp/', 'val_test_mix': False, 'pred_len': 96, 'noise_rate': 0.5, 'device': device(type='cuda', index=1), 'test_model_path': '/Disk/fhyega/code/BASE/exp/ECL-PatchTST2023-08-09-10:08:25.216520/0/best_model.pkl', 'idx': -1, 'aligner': 1, 'always_align': 1, 'refiner': 1, 'refiner_block_num': 1, 'enhance': 1, 'enhance_type': 5, 'seed': 34, 'batch_size': 128, 'share_head': 0, 'add_noise': 1, 'jitter_sigma': 0.5, 'slope_rate': 0.01, 'slope_range': 0.5, 'alpha': 10.0, 'beta': 1.0, 'gamma': 1.0, 'feature_jittering': 1, 'rec_intra_feature': 1, 'rec_ori': 1, 'mid_dim': 128, 'test_en': 1, '/* model related args*/': '//', 'model_name': 'PatchTST', 'seq_len': 336, 'label_len': 48, 'features': 'M', 'target': 'OT', 'graph_input': False, 'individual': False, 'e_layers': 3, 'd_layers': 1, 'factor': 1, 'n_heads': 16, 'd_model': 128, 'd_ff': 256, 'dropout': 0.2, 'fc_dropout': 0.2, 'head_dropout': 0.0, 'patch_len': 16, 'stride': 8, 'des': 'Exp', 'padding_patch': 'end', 'revin': 1, 'affine': 0, 'subtract_last': 0, 'decomposition': 0, 'kernel_size': 25, 'output_attention': 0, 'embed_type': 0, 'activation': 'gelu', 'lradj': 'TST', 'distil': 1, 'linear_output': 1, 'pct_start': 0.2, '/*train related args*/': '//', 'epoch': 30, 'lr': 0.0001, '/*dataset related args*/': '//', 'save_data_path': 'data/ECL/', 'data_process': True, 'embed': 'timeF', 'freq': 'h', 'begin_phase': 0, 'end_phase': 1, 'phase_len': 26304, 'val_ratio': 0.33, 'graph_size': 321, '/*strategy related args*/': '//', 'strategy': 'incremental', 'increase': False, 'detect': False, 'detect_strategy': 'feature', 'replay': False, 'replay_strategy': 'random', 'repaly_num_samples': 100, 'ewc': False, 'ewc_strategy': 'ewc', 'ewc_lambda': 0.0001, 'subgraph_train': False, 'num_hops': 2, 'logname': 'ECL-PatchTST', 'time': '2023-08-10-11:01:10.211942', 'path': 'exp/ECL-PatchTST2023-08-10-11:01:10.211942', 'num_workers': 4, 'start_train': 0, 'train_mode': 'pretrain', 'get_score': False, 'use_cm': True, 'logger': <Logger __main__ (INFO)>}
2023-08-10 11:01:10,212 - [*] phase 0 start training
0 26304
train 8209
val 2785
test 2785
2023-08-10 11:01:10,402 - [*] phase 0 Dataset load!
2023-08-10 11:01:13,695 - [*] loss:0.3192
2023-08-10 11:01:13,698 - [*] phase 0, testing
2023-08-10 11:01:13,738 - T:96	MAE	0.386233	RMSE	0.319041	MAPE	176.870012
2023-08-10 11:01:13,740 - 96	mae	0.3862	
2023-08-10 11:01:13,740 - 96	rmse	0.3190	
2023-08-10 11:01:13,740 - 96	mape	176.8700	
2023-08-10 11:01:14,761 - [*] loss:0.3265
2023-08-10 11:01:14,764 - [*] phase 0, testing
2023-08-10 11:01:14,799 - T:96	MAE	0.400174	RMSE	0.326558	MAPE	214.147592
2023-08-10 11:01:15,733 - [*] loss:0.3268
2023-08-10 11:01:15,736 - [*] phase 0, testing
2023-08-10 11:01:15,774 - T:96	MAE	0.396230	RMSE	0.326782	MAPE	215.354896
2023-08-10 11:01:15,775 - 96	mae	0.3962	
2023-08-10 11:01:15,775 - 96	rmse	0.3268	
2023-08-10 11:01:15,775 - 96	mape	215.3549	
