2023-08-31 13:12:07,731 - logger name:exp/ECL-Informer2023-08-31-13:12:07.730494/ECL-Informer.log
2023-08-31 13:12:07,743 - params : {'loss': 'mse', 'conf': 'ECL-Informer', 'data_name': 'ETTh2', 'iteration': 1, 'train': 1, 'mainrs': 0, 'abl': 0, 'load': True, 'build_graph': False, 'same_init': True, 'grad_norm': False, 'refiner_residual': 0, 'root_path': '', 'exp_path': 'exp/', 'val_test_mix': False, 'lr': 0.0001, 'lradj': 'type3', 'dropout': 0.05, 'fc_dropout': 0.05, 'head_dropout': 0.0, 'patch_len': 16, 'stride': 8, 'd_ff': 2048, 'd_model': 512, 'n_heads': 8, 'seq_len': 96, 'pred_len': 96, 'noise_rate': 0.5, 'device': device(type='cuda', index=1), 'test_model_path': '/Disk/fhyega/code/BASE/exp/ECL-PatchTST2023-08-26-13:08:31.837686/0/best_model.pkl', 'idx': -1, 'aligner': 0, 'always_align': 1, 'refiner': 1, 'rec_block_num': 1, 'enhance': 1, 'enhance_type': 5, 'seed': 34, 'batch_size': 128, 'share_head': 0, 'add_noise': 1, 'jitter_sigma': 0.4, 'slope_rate': 0.01, 'slope_range': 0.2, 'alpha': 10.0, 'beta': 1.0, 'gamma': 0.15, 'feature_jittering': 1, 'rec_intra_feature': 0, 'rec_ori': 1, 'mid_dim': 128, 'test_en': 0, 'debugger': 0, 'summary': 0, 'omega': 1.0, 'theta': 1.5, 'mask_border': 1, 'sup_weight': 10.0, 'rec_length_ratio': 0.8, 'ref_dropout': 0.0, 'ref_block_num': 2, 'add_FFN': 0, 'add_residual': 0, 'rec_all': 0, 'e_layers': 2, 'early_break': 0, 'early_stop': 100, '/* model related args*/': '//', 'model_name': 'informer', 'label_len': 48, 'features': 'M', 'target': 'OT', 'graph_input': False, 'individual': False, 'd_layers': 1, 'factor': 3, 'des': 'Exp', 'padding_patch': 'end', 'revin': 1, 'affine': 0, 'subtract_last': 0, 'decomposition': 0, 'kernel_size': 25, 'output_attention': 0, 'embed_type': 0, 'activation': 'gelu', 'distil': 1, 'linear_output': 0, 'pct_start': 0.3, '/*train related args*/': '//', 'epoch': 30, '/*dataset related args*/': '//', 'save_data_path': 'data/ECL/', 'data_process': False, 'embed': 'timeF', 'freq': 'h', 'begin_phase': 0, 'end_phase': 1, 'phase_len': 26304, 'val_ratio': 0.33, 'graph_size': 321, '/*strategy related args*/': '//', 'strategy': 'incremental', 'increase': False, 'detect': False, 'detect_strategy': 'feature', 'replay': False, 'replay_strategy': 'random', 'repaly_num_samples': 100, 'ewc': False, 'ewc_strategy': 'ewc', 'ewc_lambda': 0.0001, 'subgraph_train': False, 'num_hops': 2, 'logname': 'ECL-Informer', 'time': '2023-08-31-13:12:07.730494', 'path': 'exp/ECL-Informer2023-08-31-13:12:07.730494', 'num_workers': 4, 'start_train': 0, 'train_mode': 'pretrain', 'get_score': False, 'use_cm': True, 'logger': <Logger __main__ (INFO)>}
2023-08-31 13:12:07,743 - [*] phase 0 start training
train 8449
val 2785
test 2785
2023-08-31 13:12:07,812 - [*] phase 0 Dataset load!
dropout 0.05
dropout 0.05
2023-08-31 13:12:09,423 - [*] phase 0 Training start
train 8449
2023-08-31 13:12:51,332 - epoch:0, training loss:0.8519 validation loss:0.9341
train 8449
vs, vt 0.9340912659059871 1.138071133331819
Updating learning rate to 0.0001
Updating learning rate to 0.0001
train 8449
2023-08-31 13:13:21,005 - logger name:exp/ECL-Informer2023-08-31-13:13:21.005176/ECL-Informer.log
2023-08-31 13:13:21,005 - params : {'loss': 'mse', 'conf': 'ECL-Informer', 'data_name': 'ETTh2', 'iteration': 1, 'train': 1, 'mainrs': 0, 'abl': 0, 'load': True, 'build_graph': False, 'same_init': True, 'grad_norm': False, 'refiner_residual': 0, 'root_path': '', 'exp_path': 'exp/', 'val_test_mix': False, 'lr': 0.0001, 'lradj': 'type3', 'dropout': 0.05, 'fc_dropout': 0.05, 'head_dropout': 0.0, 'patch_len': 16, 'stride': 8, 'd_ff': 2048, 'd_model': 512, 'n_heads': 8, 'seq_len': 96, 'pred_len': 96, 'noise_rate': 0.5, 'device': device(type='cuda', index=1), 'test_model_path': '/Disk/fhyega/code/BASE/exp/ECL-PatchTST2023-08-26-13:08:31.837686/0/best_model.pkl', 'idx': -1, 'aligner': 0, 'always_align': 1, 'refiner': 0, 'rec_block_num': 1, 'enhance': 0, 'enhance_type': 5, 'seed': 34, 'batch_size': 64, 'share_head': 0, 'add_noise': 1, 'jitter_sigma': 0.4, 'slope_rate': 0.01, 'slope_range': 0.2, 'alpha': 10.0, 'beta': 1.0, 'gamma': 0.15, 'feature_jittering': 1, 'rec_intra_feature': 0, 'rec_ori': 1, 'mid_dim': 512, 'test_en': 0, 'debugger': 0, 'summary': 0, 'omega': 1.0, 'theta': 1.5, 'mask_border': 1, 'sup_weight': 10.0, 'rec_length_ratio': 0.8, 'ref_dropout': 0.0, 'ref_block_num': 2, 'add_FFN': 0, 'add_residual': 0, 'rec_all': 0, 'e_layers': 2, 'early_break': 0, 'early_stop': 100, '/* model related args*/': '//', 'model_name': 'informer', 'label_len': 48, 'features': 'M', 'target': 'OT', 'graph_input': False, 'individual': False, 'd_layers': 1, 'factor': 3, 'des': 'Exp', 'padding_patch': 'end', 'revin': 1, 'affine': 0, 'subtract_last': 0, 'decomposition': 0, 'kernel_size': 25, 'output_attention': 0, 'embed_type': 0, 'activation': 'gelu', 'distil': 1, 'linear_output': 0, 'pct_start': 0.3, '/*train related args*/': '//', 'epoch': 30, '/*dataset related args*/': '//', 'save_data_path': 'data/ECL/', 'data_process': False, 'embed': 'timeF', 'freq': 'h', 'begin_phase': 0, 'end_phase': 1, 'phase_len': 26304, 'val_ratio': 0.33, 'graph_size': 321, '/*strategy related args*/': '//', 'strategy': 'incremental', 'increase': False, 'detect': False, 'detect_strategy': 'feature', 'replay': False, 'replay_strategy': 'random', 'repaly_num_samples': 100, 'ewc': False, 'ewc_strategy': 'ewc', 'ewc_lambda': 0.0001, 'subgraph_train': False, 'num_hops': 2, 'logname': 'ECL-Informer', 'time': '2023-08-31-13:13:21.005176', 'path': 'exp/ECL-Informer2023-08-31-13:13:21.005176', 'num_workers': 4, 'start_train': 0, 'train_mode': 'pretrain', 'get_score': False, 'use_cm': True, 'logger': <Logger __main__ (INFO)>}
2023-08-31 13:13:21,005 - [*] phase 0 start training
train 8449
val 2785
test 2785
2023-08-31 13:13:21,073 - [*] phase 0 Dataset load!
dropout 0.05
dropout 0.05
2023-08-31 13:13:22,779 - [*] phase 0 Training start
train 8449
2023-08-31 13:14:23,455 - epoch:0, training loss:0.7895 validation loss:0.7140
train 8449
vs, vt 0.714039662683552 0.9705064418641004
Updating learning rate to 0.0001
Updating learning rate to 0.0001
train 8449
vs, vt 1.11126481030475 0.7107793146913702
need align? ->  True 0.7107793146913702
2023-08-31 13:16:13,264 - epoch:1, training loss:0.4500 validation loss:1.1113
Updating learning rate to 0.0001
Updating learning rate to 0.0001
train 8449
vs, vt 1.0042889124967835 0.8116430992429907
need align? ->  True 0.7107793146913702
2023-08-31 13:17:32,583 - epoch:2, training loss:0.3617 validation loss:1.0043
Updating learning rate to 0.0001
Updating learning rate to 0.0001
train 8449
vs, vt 1.0172300755300305 0.7174585112793879
need align? ->  True 0.7107793146913702
2023-08-31 13:18:56,651 - epoch:3, training loss:0.3117 validation loss:1.0172
Updating learning rate to 9e-05
Updating learning rate to 9e-05
train 8449
vs, vt 1.1327265145426446 0.6668839170174166
need align? ->  True 0.6668839170174166
2023-08-31 13:20:15,170 - epoch:4, training loss:0.2831 validation loss:1.1327
Updating learning rate to 8.1e-05
Updating learning rate to 8.1e-05
train 8449
vs, vt 1.1049381924623793 0.5995736775750463
need align? ->  True 0.5995736775750463
2023-08-31 13:21:37,471 - epoch:5, training loss:0.2616 validation loss:1.1049
Updating learning rate to 7.290000000000001e-05
Updating learning rate to 7.290000000000001e-05
train 8449
vs, vt 1.2074180137027393 0.5880583074282516
need align? ->  True 0.5880583074282516
2023-08-31 13:22:55,956 - epoch:6, training loss:0.2439 validation loss:1.2074
Updating learning rate to 6.561e-05
Updating learning rate to 6.561e-05
train 8449
vs, vt 1.2058872326531194 0.5989987900988623
need align? ->  True 0.5880583074282516
2023-08-31 13:24:16,646 - epoch:7, training loss:0.2320 validation loss:1.2059
Updating learning rate to 5.904900000000001e-05
Updating learning rate to 5.904900000000001e-05
train 8449
vs, vt 1.115977068855004 0.6175740855661306
need align? ->  True 0.5880583074282516
2023-08-31 13:25:41,498 - epoch:8, training loss:0.2233 validation loss:1.1160
Updating learning rate to 5.3144100000000005e-05
Updating learning rate to 5.3144100000000005e-05
train 8449
vs, vt 1.3329431096261197 0.6231820407238874
need align? ->  True 0.5880583074282516
2023-08-31 13:27:00,007 - epoch:9, training loss:0.2145 validation loss:1.3329
Updating learning rate to 4.782969000000001e-05
Updating learning rate to 4.782969000000001e-05
train 8449
vs, vt 1.2576167295602234 0.6201213964007117
need align? ->  True 0.5880583074282516
2023-08-31 13:28:23,899 - epoch:10, training loss:0.2071 validation loss:1.2576
Updating learning rate to 4.304672100000001e-05
Updating learning rate to 4.304672100000001e-05
train 8449
vs, vt 1.246823107654398 0.636087257753719
need align? ->  True 0.5880583074282516
2023-08-31 13:29:42,713 - epoch:11, training loss:0.2015 validation loss:1.2468
Updating learning rate to 3.874204890000001e-05
Updating learning rate to 3.874204890000001e-05
train 8449
vs, vt 1.3285533105107872 0.6248035356402397
need align? ->  True 0.5880583074282516
2023-08-31 13:31:03,190 - epoch:12, training loss:0.1972 validation loss:1.3286
Updating learning rate to 3.486784401000001e-05
Updating learning rate to 3.486784401000001e-05
train 8449
vs, vt 1.3246470838785172 0.6454277986829932
need align? ->  True 0.5880583074282516
2023-08-31 13:32:28,668 - epoch:13, training loss:0.1917 validation loss:1.3246
Updating learning rate to 3.138105960900001e-05
Updating learning rate to 3.138105960900001e-05
train 8449
vs, vt 1.3064020919528874 0.6759755804457448
need align? ->  True 0.5880583074282516
2023-08-31 13:33:47,179 - epoch:14, training loss:0.1881 validation loss:1.3064
Updating learning rate to 2.824295364810001e-05
Updating learning rate to 2.824295364810001e-05
train 8449
vs, vt 1.435305987230756 0.6575109261003408
need align? ->  True 0.5880583074282516
2023-08-31 13:35:10,497 - epoch:15, training loss:0.1851 validation loss:1.4353
Updating learning rate to 2.541865828329001e-05
Updating learning rate to 2.541865828329001e-05
train 8449
vs, vt 1.3588581518693403 0.6878724999048493
need align? ->  True 0.5880583074282516
2023-08-31 13:36:28,599 - epoch:16, training loss:0.1827 validation loss:1.3589
Updating learning rate to 2.287679245496101e-05
Updating learning rate to 2.287679245496101e-05
train 8449
vs, vt 1.2907936071807689 0.7078006924553351
need align? ->  True 0.5880583074282516
2023-08-31 13:37:48,756 - epoch:17, training loss:0.1803 validation loss:1.2908
Updating learning rate to 2.0589113209464907e-05
Updating learning rate to 2.0589113209464907e-05
train 8449
vs, vt 1.3120094676586715 0.7111089117825031
need align? ->  True 0.5880583074282516
2023-08-31 13:39:13,214 - epoch:18, training loss:0.1782 validation loss:1.3120
Updating learning rate to 1.8530201888518416e-05
Updating learning rate to 1.8530201888518416e-05
train 8449
vs, vt 1.3295474059202455 0.7170459831302817
need align? ->  True 0.5880583074282516
2023-08-31 13:40:31,578 - epoch:19, training loss:0.1758 validation loss:1.3295
Updating learning rate to 1.6677181699666577e-05
Updating learning rate to 1.6677181699666577e-05
train 8449
vs, vt 1.3063656586137684 0.6818600103936412
need align? ->  True 0.5880583074282516
2023-08-31 13:41:54,853 - epoch:20, training loss:0.1745 validation loss:1.3064
Updating learning rate to 1.5009463529699919e-05
Updating learning rate to 1.5009463529699919e-05
train 8449
vs, vt 1.331866997548125 0.6903030340644446
need align? ->  True 0.5880583074282516
2023-08-31 13:43:12,705 - epoch:21, training loss:0.1728 validation loss:1.3319
Updating learning rate to 1.3508517176729929e-05
Updating learning rate to 1.3508517176729929e-05
train 8449
vs, vt 1.329990584741939 0.7106281921944835
need align? ->  True 0.5880583074282516
2023-08-31 13:44:32,918 - epoch:22, training loss:0.1716 validation loss:1.3300
Updating learning rate to 1.2157665459056936e-05
Updating learning rate to 1.2157665459056936e-05
train 8449
vs, vt 1.3173898885195905 0.7131722555919127
need align? ->  True 0.5880583074282516
2023-08-31 13:45:56,147 - epoch:23, training loss:0.1703 validation loss:1.3174
Updating learning rate to 1.0941898913151242e-05
Updating learning rate to 1.0941898913151242e-05
train 8449
vs, vt 1.2601158422502605 0.7244305468418382
need align? ->  True 0.5880583074282516
2023-08-31 13:47:14,149 - epoch:24, training loss:0.1687 validation loss:1.2601
Updating learning rate to 9.847709021836118e-06
Updating learning rate to 9.847709021836118e-06
train 8449
vs, vt 1.3296193893660198 0.7183979475362734
need align? ->  True 0.5880583074282516
2023-08-31 13:48:38,964 - epoch:25, training loss:0.1679 validation loss:1.3296
Updating learning rate to 8.862938119652508e-06
Updating learning rate to 8.862938119652508e-06
train 8449
vs, vt 1.3208701170303605 0.72212511097843
need align? ->  True 0.5880583074282516
2023-08-31 13:49:54,976 - epoch:26, training loss:0.1671 validation loss:1.3209
Updating learning rate to 7.976644307687255e-06
Updating learning rate to 7.976644307687255e-06
train 8449
vs, vt 1.3413768701932647 0.7137261459773238
need align? ->  True 0.5880583074282516
2023-08-31 13:51:16,494 - epoch:27, training loss:0.1663 validation loss:1.3414
Updating learning rate to 7.178979876918531e-06
Updating learning rate to 7.178979876918531e-06
train 8449
vs, vt 1.2982804666865955 0.7250832028009675
need align? ->  True 0.5880583074282516
2023-08-31 13:52:40,908 - epoch:28, training loss:0.1656 validation loss:1.2983
Updating learning rate to 6.4610818892266776e-06
Updating learning rate to 6.4610818892266776e-06
train 8449
vs, vt 1.3116432286121629 0.7283805466511033
need align? ->  True 0.5880583074282516
2023-08-31 13:53:59,005 - epoch:29, training loss:0.1651 validation loss:1.3116
Updating learning rate to 5.8149737003040096e-06
Updating learning rate to 5.8149737003040096e-06
dropout 0.05
dropout 0.05
check exp/ECL-Informer2023-08-31-13:13:21.005176/0/0.714_epoch_0.pkl  &  0.5880583074282516
2023-08-31 13:54:07,409 - [*] loss:1.6205
2023-08-31 13:54:07,413 - [*] phase 0, testing
2023-08-31 13:54:07,451 - T:96	MAE	1.048057	RMSE	1.626354	MAPE	494.457865
2023-08-31 13:54:07,452 - 96	mae	1.0481	
2023-08-31 13:54:07,452 - 96	rmse	1.6264	
2023-08-31 13:54:07,452 - 96	mape	494.4579	
2023-08-31 13:54:15,097 - [*] loss:1.6201
2023-08-31 13:54:15,102 - [*] phase 0, testing
2023-08-31 13:54:15,136 - T:96	MAE	1.047931	RMSE	1.626001	MAPE	494.789791
2023-08-31 13:54:17,293 - logger name:exp/ECL-Informer2023-08-31-13:54:17.292887/ECL-Informer.log
2023-08-31 13:54:17,293 - params : {'loss': 'mse', 'conf': 'ECL-Informer', 'data_name': 'ETTh2', 'iteration': 1, 'train': 1, 'mainrs': 0, 'abl': 0, 'load': True, 'build_graph': False, 'same_init': True, 'grad_norm': False, 'refiner_residual': 0, 'root_path': '', 'exp_path': 'exp/', 'val_test_mix': False, 'lr': 0.0001, 'lradj': 'type3', 'dropout': 0.05, 'fc_dropout': 0.05, 'head_dropout': 0.0, 'patch_len': 16, 'stride': 8, 'd_ff': 2048, 'd_model': 512, 'n_heads': 8, 'seq_len': 96, 'pred_len': 96, 'noise_rate': 0.5, 'device': device(type='cuda', index=1), 'test_model_path': '/Disk/fhyega/code/BASE/exp/ECL-PatchTST2023-08-26-13:08:31.837686/0/best_model.pkl', 'idx': -1, 'aligner': 0, 'always_align': 1, 'refiner': 1, 'rec_block_num': 1, 'enhance': 1, 'enhance_type': 5, 'seed': 34, 'batch_size': 64, 'share_head': 0, 'add_noise': 1, 'jitter_sigma': 0.4, 'slope_rate': 0.01, 'slope_range': 0.2, 'alpha': 10.0, 'beta': 1.0, 'gamma': 0.15, 'feature_jittering': 1, 'rec_intra_feature': 0, 'rec_ori': 1, 'mid_dim': 512, 'test_en': 0, 'debugger': 0, 'summary': 0, 'omega': 1.0, 'theta': 1.5, 'mask_border': 1, 'sup_weight': 10.0, 'rec_length_ratio': 0.8, 'ref_dropout': 0.0, 'ref_block_num': 2, 'add_FFN': 0, 'add_residual': 0, 'rec_all': 0, 'e_layers': 2, 'early_break': 0, 'early_stop': 100, '/* model related args*/': '//', 'model_name': 'informer', 'label_len': 48, 'features': 'M', 'target': 'OT', 'graph_input': False, 'individual': False, 'd_layers': 1, 'factor': 3, 'des': 'Exp', 'padding_patch': 'end', 'revin': 1, 'affine': 0, 'subtract_last': 0, 'decomposition': 0, 'kernel_size': 25, 'output_attention': 0, 'embed_type': 0, 'activation': 'gelu', 'distil': 1, 'linear_output': 0, 'pct_start': 0.3, '/*train related args*/': '//', 'epoch': 30, '/*dataset related args*/': '//', 'save_data_path': 'data/ECL/', 'data_process': False, 'embed': 'timeF', 'freq': 'h', 'begin_phase': 0, 'end_phase': 1, 'phase_len': 26304, 'val_ratio': 0.33, 'graph_size': 321, '/*strategy related args*/': '//', 'strategy': 'incremental', 'increase': False, 'detect': False, 'detect_strategy': 'feature', 'replay': False, 'replay_strategy': 'random', 'repaly_num_samples': 100, 'ewc': False, 'ewc_strategy': 'ewc', 'ewc_lambda': 0.0001, 'subgraph_train': False, 'num_hops': 2, 'logname': 'ECL-Informer', 'time': '2023-08-31-13:54:17.292887', 'path': 'exp/ECL-Informer2023-08-31-13:54:17.292887', 'num_workers': 4, 'start_train': 0, 'train_mode': 'pretrain', 'get_score': False, 'use_cm': True, 'logger': <Logger __main__ (INFO)>}
2023-08-31 13:54:17,293 - [*] phase 0 start training
train 8449
val 2785
test 2785
2023-08-31 13:54:17,362 - [*] phase 0 Dataset load!
dropout 0.05
dropout 0.05
2023-08-31 13:54:19,029 - [*] phase 0 Training start
train 8449
2023-08-31 13:55:19,518 - epoch:0, training loss:0.7895 validation loss:0.7140
train 8449
vs, vt 0.7140396244146607 0.9705179360779849
Updating learning rate to 0.0001
Updating learning rate to 0.0001
train 8449
