2023-09-04 02:09:03,482 - logger name:exp/ECL-LSTNet2023-09-04-02:09:03.482274/ECL-LSTNet.log
2023-09-04 02:09:03,482 - params : {'loss': 'huber', 'conf': 'ECL-LSTNet', 'data_name': 'traffic', 'iteration': 1, 'train': 1, 'mainrs': 0, 'abl': 0, 'abl_tmp_context': 0, 'abl_ae': 0, 'load': True, 'build_graph': False, 'same_init': True, 'grad_norm': False, 'refiner_residual': 0, 'root_path': '', 'exp_path': 'exp/', 'val_test_mix': False, 'lr': 0.0001, 'lradj': 'TST', 'dropout': 0.2, 'fc_dropout': 0.2, 'head_dropout': 0.0, 'patch_len': 16, 'stride': 8, 'd_ff': 256, 'd_model': 128, 'n_heads': 16, 'seq_len': 96, 'pred_len': 720, 'noise_rate': 0.5, 'device': device(type='cuda', index=1), 'test_model_path': '/Disk/fhyega/code/BASE/exp/ECL-PatchTST2023-08-26-13:08:31.837686/0/best_model.pkl', 'idx': -1, 'aligner': 1, 'always_align': 1, 'refiner': 1, 'rec_block_num': 1, 'enhance': 1, 'enhance_type': 5, 'seed': 34, 'batch_size': 32, 'share_head': 0, 'add_noise': 1, 'add_norm': 0, 'jitter_sigma': 0.4, 'slope_rate': 0.01, 'slope_range': 0.2, 'alpha': 10.0, 'beta': 1.0, 'gamma': 0.15, 'feature_jittering': 1, 'rec_intra_feature': 0, 'rec_ori': 1, 'mid_dim': 128, 'test_en': 0, 'debugger': 2, 'indie': 0, 'summary': 0, 'omega': 1.0, 'theta': 1.5, 'mask_border': 1, 'sup_weight': 10.0, 'rec_length_ratio': 0.8, 'ref_dropout': 0.0, 'ref_block_num': 2, 'add_FFN': 0, 'add_residual': 0, 'rec_all': 0, 'e_layers': 3, 'early_break': 0, 'early_stop': 10, '/* model related args*/': '//', 'model_name': 'LSTNet', 'label_len': 48, 'features': 'M', 'target': 'OT', 'graph_input': False, 'individual': False, 'd_layers': 1, 'factor': 3, 'des': 'Exp', 'padding_patch': 'end', 'revin': 1, 'affine': 0, 'subtract_last': 0, 'decomposition': 0, 'kernel_size': 25, 'output_attention': 0, 'embed_type': 0, 'activation': 'gelu', 'distil': 1, 'linear_output': 1, 'pct_start': 0.3, 'hidCNN': 100, 'hidRNN': 100, 'window': 96, 'CNN_kernel': 6, 'highway_window': 24, 'clip': 10.0, 'epochs': 100, 'gpu': None, 'cuda': True, 'horizon': 12, 'skip': 24, 'hidSkip': 5, 'normalize': 2, 'output_fun': 'sigmoid', '/*train related args*/': '//', 'epoch': 30, '/*dataset related args*/': '//', 'save_data_path': 'data/ECL/', 'data_process': False, 'embed': 'timeF', 'freq': 'h', 'begin_phase': 0, 'end_phase': 1, 'phase_len': 26304, 'val_ratio': 0.33, 'graph_size': 321, '/*strategy related args*/': '//', 'strategy': 'incremental', 'increase': False, 'detect': False, 'detect_strategy': 'feature', 'replay': False, 'replay_strategy': 'random', 'repaly_num_samples': 100, 'ewc': False, 'ewc_strategy': 'ewc', 'ewc_lambda': 0.0001, 'subgraph_train': False, 'num_hops': 2, 'logname': 'ECL-LSTNet', 'time': '2023-09-04-02:09:03.482274', 'path': 'exp/ECL-LSTNet2023-09-04-02:09:03.482274', 'num_workers': 4, 'start_train': 0, 'train_mode': 'pretrain', 'get_score': False, 'use_cm': True, 'logger': <Logger __main__ (INFO)>}
2023-09-04 02:09:03,482 - [*] phase 0 start training
12280 1756 3508 0.7 0.2 17544
train 11465
12280 1756 3508 0.7 0.2 17544
val 1037
12280 1756 3508 0.7 0.2 17544
test 2789
2023-09-04 02:09:07,067 - [*] phase 0 Dataset load!
2023-09-04 02:09:07,228 - [*] phase 0 Training start
F torch.Size([32, 220])
F torch.Size([32, 220])
F torch.Size([32, 220])
F torch.Size([32, 220])
F torch.Size([32, 220])
F torch.Size([32, 220])
F torch.Size([32, 220])
F torch.Size([32, 220])
F torch.Size([32, 220])
F torch.Size([32, 220])
F torch.Size([32, 220])
F torch.Size([32, 220])
F torch.Size([32, 220])
F torch.Size([32, 220])
F torch.Size([32, 220])
F torch.Size([32, 220])
F torch.Size([32, 220])
F torch.Size([32, 220])
F torch.Size([32, 220])
F torch.Size([32, 220])
F torch.Size([32, 220])
F torch.Size([32, 220])
F torch.Size([32, 220])
F torch.Size([32, 220])
F torch.Size([32, 220])
F torch.Size([32, 220])
F torch.Size([32, 220])
F torch.Size([32, 220])
F torch.Size([32, 220])
F torch.Size([32, 220])
F torch.Size([32, 220])
F torch.Size([32, 220])
F torch.Size([32, 220])
F torch.Size([32, 220])
F torch.Size([32, 220])
F torch.Size([32, 220])
F torch.Size([32, 220])
F torch.Size([32, 220])
F torch.Size([32, 220])
F torch.Size([32, 220])
F torch.Size([32, 220])
F torch.Size([32, 220])
F torch.Size([32, 220])
F torch.Size([32, 220])
F torch.Size([32, 220])
F torch.Size([32, 220])
F torch.Size([32, 220])
F torch.Size([32, 220])
F torch.Size([32, 220])
F torch.Size([32, 220])
F torch.Size([32, 220])
F torch.Size([32, 220])
F torch.Size([32, 220])
F torch.Size([32, 220])
F torch.Size([32, 220])
F torch.Size([32, 220])
F torch.Size([32, 220])
F torch.Size([32, 220])
F torch.Size([32, 220])
F torch.Size([32, 220])
F torch.Size([32, 220])
F torch.Size([32, 220])
F torch.Size([32, 220])
F torch.Size([32, 220])
F torch.Size([32, 220])
F torch.Size([32, 220])
F torch.Size([32, 220])
F torch.Size([32, 220])
F torch.Size([32, 220])
F torch.Size([32, 220])
F torch.Size([32, 220])
F torch.Size([32, 220])
F torch.Size([32, 220])
F torch.Size([32, 220])
F torch.Size([32, 220])
F torch.Size([32, 220])
F torch.Size([32, 220])
F torch.Size([32, 220])
F torch.Size([32, 220])
F torch.Size([32, 220])
F torch.Size([32, 220])
F torch.Size([32, 220])
F torch.Size([32, 220])
F torch.Size([32, 220])
F torch.Size([32, 220])
F torch.Size([32, 220])
F torch.Size([32, 220])
F torch.Size([32, 220])
F torch.Size([32, 220])
F torch.Size([32, 220])
F torch.Size([32, 220])
F torch.Size([32, 220])
F torch.Size([32, 220])
F torch.Size([32, 220])
F torch.Size([32, 220])
F torch.Size([32, 220])
F torch.Size([32, 220])
F torch.Size([32, 220])
F torch.Size([32, 220])
F torch.Size([32, 220])
F torch.Size([32, 220])
F torch.Size([32, 220])
F torch.Size([32, 220])
F torch.Size([32, 220])
F torch.Size([32, 220])
F torch.Size([32, 220])
F torch.Size([32, 220])
F torch.Size([32, 220])
F torch.Size([32, 220])
F torch.Size([32, 220])
F torch.Size([32, 220])
F torch.Size([32, 220])
F torch.Size([32, 220])
F torch.Size([32, 220])
F torch.Size([32, 220])
F torch.Size([32, 220])
F torch.Size([32, 220])
F torch.Size([32, 220])
F torch.Size([32, 220])
F torch.Size([32, 220])
F torch.Size([32, 220])
F torch.Size([32, 220])
F torch.Size([32, 220])
F torch.Size([32, 220])
F torch.Size([32, 220])
F torch.Size([32, 220])
F torch.Size([32, 220])
F torch.Size([32, 220])
F torch.Size([32, 220])
F torch.Size([32, 220])
F torch.Size([32, 220])
F torch.Size([32, 220])
F torch.Size([32, 220])
F torch.Size([32, 220])
F torch.Size([32, 220])
F torch.Size([32, 220])
F torch.Size([32, 220])
F torch.Size([32, 220])
F torch.Size([32, 220])
F torch.Size([32, 220])
F torch.Size([32, 220])
F torch.Size([32, 220])
F torch.Size([32, 220])
F torch.Size([32, 220])
F torch.Size([32, 220])
F torch.Size([32, 220])
F torch.Size([32, 220])
F torch.Size([32, 220])
F torch.Size([32, 220])
F torch.Size([32, 220])
F torch.Size([32, 220])
F torch.Size([32, 220])
F torch.Size([32, 220])
F torch.Size([32, 220])
F torch.Size([32, 220])
F torch.Size([32, 220])
F torch.Size([32, 220])
F torch.Size([32, 220])
F torch.Size([32, 220])
F torch.Size([32, 220])
F torch.Size([32, 220])
F torch.Size([32, 220])
F torch.Size([32, 220])
F torch.Size([32, 220])
F torch.Size([32, 220])
F torch.Size([32, 220])
F torch.Size([32, 220])
F torch.Size([32, 220])
F torch.Size([32, 220])
F torch.Size([32, 220])
F torch.Size([32, 220])
F torch.Size([32, 220])
F torch.Size([32, 220])
F torch.Size([32, 220])
F torch.Size([32, 220])
F torch.Size([32, 220])
F torch.Size([32, 220])
F torch.Size([32, 220])
F torch.Size([32, 220])
F torch.Size([32, 220])
F torch.Size([32, 220])
F torch.Size([32, 220])
F torch.Size([32, 220])
F torch.Size([32, 220])
F torch.Size([32, 220])
F torch.Size([32, 220])
F torch.Size([32, 220])
F torch.Size([32, 220])
F torch.Size([32, 220])
F torch.Size([32, 220])
F torch.Size([32, 220])
F torch.Size([32, 220])
F torch.Size([32, 220])
F torch.Size([32, 220])
F torch.Size([32, 220])
F torch.Size([32, 220])
F torch.Size([32, 220])
F torch.Size([32, 220])
F torch.Size([32, 220])
F torch.Size([32, 220])
F torch.Size([32, 220])
F torch.Size([32, 220])
F torch.Size([32, 220])
F torch.Size([32, 220])
F torch.Size([32, 220])
F torch.Size([32, 220])
F torch.Size([32, 220])
F torch.Size([32, 220])
F torch.Size([32, 220])
F torch.Size([32, 220])
F torch.Size([32, 220])
F torch.Size([32, 220])
F torch.Size([32, 220])
F torch.Size([32, 220])
F torch.Size([32, 220])
F torch.Size([32, 220])
F torch.Size([32, 220])
F torch.Size([32, 220])
F torch.Size([32, 220])
F torch.Size([32, 220])
F torch.Size([32, 220])
F torch.Size([32, 220])
F torch.Size([32, 220])
F torch.Size([32, 220])
F torch.Size([32, 220])
F torch.Size([32, 220])
F torch.Size([32, 220])
F torch.Size([32, 220])
F torch.Size([32, 220])
F torch.Size([32, 220])
F torch.Size([32, 220])
F torch.Size([32, 220])
F torch.Size([32, 220])
F torch.Size([32, 220])
F torch.Size([32, 220])
F torch.Size([32, 220])
F torch.Size([32, 220])
F torch.Size([32, 220])
F torch.Size([32, 220])
F torch.Size([32, 220])
F torch.Size([32, 220])
F torch.Size([32, 220])
F torch.Size([32, 220])
F torch.Size([32, 220])
F torch.Size([32, 220])
F torch.Size([32, 220])
F torch.Size([32, 220])
F torch.Size([32, 220])
F torch.Size([32, 220])
F torch.Size([32, 220])
F torch.Size([32, 220])
F torch.Size([32, 220])
F torch.Size([32, 220])
F torch.Size([32, 220])
F torch.Size([32, 220])
F torch.Size([32, 220])
F torch.Size([32, 220])
F torch.Size([32, 220])
F torch.Size([32, 220])
F torch.Size([32, 220])
F torch.Size([32, 220])
F torch.Size([32, 220])
F torch.Size([32, 220])
F torch.Size([32, 220])
F torch.Size([32, 220])
F torch.Size([32, 220])
F torch.Size([32, 220])
F torch.Size([32, 220])
F torch.Size([32, 220])
F torch.Size([32, 220])
F torch.Size([32, 220])
F torch.Size([32, 220])
F torch.Size([32, 220])
F torch.Size([32, 220])
F torch.Size([32, 220])
F torch.Size([32, 220])
F torch.Size([32, 220])
F torch.Size([32, 220])
F torch.Size([32, 220])
F torch.Size([32, 220])
F torch.Size([32, 220])
F torch.Size([32, 220])
F torch.Size([32, 220])
F torch.Size([32, 220])
F torch.Size([32, 220])
F torch.Size([32, 220])
F torch.Size([32, 220])
F torch.Size([32, 220])
F torch.Size([32, 220])
F torch.Size([32, 220])
F torch.Size([32, 220])
F torch.Size([32, 220])
F torch.Size([32, 220])
F torch.Size([32, 220])
F torch.Size([32, 220])
F torch.Size([32, 220])
F torch.Size([32, 220])
F torch.Size([32, 220])
F torch.Size([32, 220])
F torch.Size([32, 220])
F torch.Size([32, 220])
F torch.Size([32, 220])
F torch.Size([32, 220])
F torch.Size([32, 220])
F torch.Size([32, 220])
F torch.Size([32, 220])
F torch.Size([32, 220])
F torch.Size([32, 220])
F torch.Size([32, 220])
F torch.Size([32, 220])
F torch.Size([32, 220])
F torch.Size([32, 220])
F torch.Size([32, 220])
F torch.Size([32, 220])
F torch.Size([32, 220])
F torch.Size([32, 220])
F torch.Size([32, 220])
F torch.Size([32, 220])
F torch.Size([32, 220])
F torch.Size([32, 220])
F torch.Size([32, 220])
F torch.Size([32, 220])
F torch.Size([32, 220])
F torch.Size([32, 220])
F torch.Size([32, 220])
F torch.Size([32, 220])
F torch.Size([32, 220])
F torch.Size([32, 220])
F torch.Size([32, 220])
F torch.Size([32, 220])
F torch.Size([32, 220])
F torch.Size([32, 220])
F torch.Size([32, 220])
F torch.Size([32, 220])
F torch.Size([32, 220])
F torch.Size([32, 220])
F torch.Size([32, 220])
F torch.Size([32, 220])
F torch.Size([32, 220])
F torch.Size([32, 220])
F torch.Size([32, 220])
F torch.Size([32, 220])
F torch.Size([32, 220])
F torch.Size([32, 220])
F torch.Size([32, 220])
F torch.Size([32, 220])
F torch.Size([32, 220])
F torch.Size([32, 220])
F torch.Size([32, 220])
F torch.Size([32, 220])
F torch.Size([32, 220])
F torch.Size([32, 220])
F torch.Size([32, 220])
F torch.Size([32, 220])
F torch.Size([32, 220])
F torch.Size([32, 220])
F torch.Size([32, 220])
F torch.Size([32, 220])
F torch.Size([9, 220])
vs, vt 1 1
Updating learning rate to 4.000000000000002e-06
Updating learning rate to 4.000000000000002e-06
12280 1756 3508 0.7 0.2 17544
(11465, 1)
(11465, 1) False
train 11465
F torch.Size([32, 220])
F torch.Size([32, 220])
