2023-06-19 22:26:22,190 - logger name:exp/ECL-Informer2023-06-19-22:26:22.189875/ECL-Informer.log
2023-06-19 22:26:22,190 - params : {'conf': 'ECL-Informer', 'data_name': 'electricity', 'iteration': 1, 'auto_test': 1, 'load': False, 'build_graph': False, 'root_path': '', 'exp_path': 'exp/', 'val_test_mix': False, 'end_phase': 1, 'seq_len': 96, 'pred_len': 96, 'device': device(type='cuda', index=0), '/* model related args*/': '//', 'model_name': 'informer', 'label_len': 48, 'features': 'M', 'target': 'OT', 'graph_input': False, 'individual': False, 'test_model_path': '/Disk/fhyega/code/BASE/exp/ECL-Informer2023-06-19-16:21:45.072592/0/best_model.pkl', 'e_layers': 2, 'd_layers': 1, 'factor': 3, 'n_heads': 8, 'd_model': 512, 'd_ff': 2048, 'dropout': 0.05, 'fc_dropout': 0.05, 'head_dropout': 0, 'patch_len': 16, 'stride': 8, 'des': 'Exp', 'padding_patch': 'end', 'revin': 1, 'affine': 0, 'subtract_last': 0, 'decomposition': 0, 'kernel_size': 25, 'output_attention': 0, 'embed_type': 0, 'activation': 'gelu', 'lradj': 'type3', 'distil': 1, 'linear_output': 0, '/*train related args*/': '//', 'train': True, 'epoch': 100, 'batch_size': 128, 'lr': 0.0001, 'loss': 'mse', '/*dataset related args*/': '//', 'save_data_path': 'data/ECL/', 'data_process': False, 'embed': 'timeF', 'freq': 'h', 'begin_phase': 0, 'phase_len': 26304, 'val_ratio': 0.33, 'graph_size': 321, '/*strategy related args*/': '//', 'strategy': 'incremental', 'increase': False, 'detect': False, 'detect_strategy': 'feature', 'replay': False, 'replay_strategy': 'random', 'repaly_num_samples': 100, 'ewc': False, 'ewc_strategy': 'ewc', 'ewc_lambda': 0.0001, 'subgraph_train': False, 'num_hops': 2, 'logname': 'ECL-Informer', 'time': '2023-06-19-22:26:22.189875', 'path': 'exp/ECL-Informer2023-06-19-22:26:22.189875', 'num_workers': 4, 'logger': <Logger __main__ (INFO)>}
2023-06-19 22:26:22,190 - [*] phase 0 start training
train 18221
val 2537
test 5165
2023-06-19 22:26:24,899 - [*] phase 0 Dataset load!
2023-06-19 22:26:26,192 - [*] phase 0 Training start
tensor(0.6117, device='cuda:0')
loss  tensor(1.3478, device='cuda:0', grad_fn=<MseLossBackward0>)
tensor(0.0788, device='cuda:0')
loss  tensor(1.3264, device='cuda:0', grad_fn=<MseLossBackward0>)
tensor(0.3452, device='cuda:0')
loss  tensor(1.3017, device='cuda:0', grad_fn=<MseLossBackward0>)
tensor(1.8678, device='cuda:0')
loss  tensor(1.2938, device='cuda:0', grad_fn=<MseLossBackward0>)
tensor(1.7155, device='cuda:0')
loss  tensor(1.3039, device='cuda:0', grad_fn=<MseLossBackward0>)
tensor(1.4872, device='cuda:0')
loss  tensor(1.3034, device='cuda:0', grad_fn=<MseLossBackward0>)
tensor(0.3833, device='cuda:0')
loss  tensor(1.2994, device='cuda:0', grad_fn=<MseLossBackward0>)
tensor(-1.1773, device='cuda:0')
loss  tensor(1.3088, device='cuda:0', grad_fn=<MseLossBackward0>)
tensor(0.8020, device='cuda:0')
loss  tensor(1.3127, device='cuda:0', grad_fn=<MseLossBackward0>)
tensor(0.0407, device='cuda:0')
loss  tensor(1.3080, device='cuda:0', grad_fn=<MseLossBackward0>)
tensor(-0.4922, device='cuda:0')
loss  tensor(1.3047, device='cuda:0', grad_fn=<MseLossBackward0>)
tensor(-0.9870, device='cuda:0')
loss  tensor(1.3343, device='cuda:0', grad_fn=<MseLossBackward0>)
tensor(-0.7967, device='cuda:0')
loss  tensor(1.2796, device='cuda:0', grad_fn=<MseLossBackward0>)
tensor(1.2968, device='cuda:0')
loss  tensor(1.2406, device='cuda:0', grad_fn=<MseLossBackward0>)
tensor(-1.2915, device='cuda:0')
loss  tensor(1.2944, device='cuda:0', grad_fn=<MseLossBackward0>)
tensor(1.7155, device='cuda:0')
loss  tensor(1.2902, device='cuda:0', grad_fn=<MseLossBackward0>)
tensor(0.7259, device='cuda:0')
loss  tensor(1.2822, device='cuda:0', grad_fn=<MseLossBackward0>)
tensor(-0.3018, device='cuda:0')
loss  tensor(1.2920, device='cuda:0', grad_fn=<MseLossBackward0>)
tensor(-0.8728, device='cuda:0')
loss  tensor(1.2611, device='cuda:0', grad_fn=<MseLossBackward0>)
tensor(1.1446, device='cuda:0')
loss  tensor(1.2525, device='cuda:0', grad_fn=<MseLossBackward0>)
tensor(-0.1877, device='cuda:0')
loss  tensor(1.2381, device='cuda:0', grad_fn=<MseLossBackward0>)
tensor(0.6497, device='cuda:0')
loss  tensor(1.2841, device='cuda:0', grad_fn=<MseLossBackward0>)
tensor(0.3072, device='cuda:0')
loss  tensor(1.2739, device='cuda:0', grad_fn=<MseLossBackward0>)
tensor(2.4768, device='cuda:0')
loss  tensor(1.2669, device='cuda:0', grad_fn=<MseLossBackward0>)
tensor(0.2310, device='cuda:0')
loss  tensor(1.2683, device='cuda:0', grad_fn=<MseLossBackward0>)
tensor(-0.9870, device='cuda:0')
loss  tensor(1.2673, device='cuda:0', grad_fn=<MseLossBackward0>)
tensor(-0.9870, device='cuda:0')
loss  tensor(1.2915, device='cuda:0', grad_fn=<MseLossBackward0>)
tensor(-0.9109, device='cuda:0')
loss  tensor(1.2736, device='cuda:0', grad_fn=<MseLossBackward0>)
tensor(-0.8728, device='cuda:0')
loss  tensor(1.2461, device='cuda:0', grad_fn=<MseLossBackward0>)
tensor(-0.1115, device='cuda:0')
loss  tensor(1.2826, device='cuda:0', grad_fn=<MseLossBackward0>)
tensor(0.1549, device='cuda:0')
loss  tensor(1.2611, device='cuda:0', grad_fn=<MseLossBackward0>)
tensor(-0.0354, device='cuda:0')
loss  tensor(1.2650, device='cuda:0', grad_fn=<MseLossBackward0>)
tensor(0.2310, device='cuda:0')
loss  tensor(1.1950, device='cuda:0', grad_fn=<MseLossBackward0>)
tensor(-1.3676, device='cuda:0')
loss  tensor(1.2740, device='cuda:0', grad_fn=<MseLossBackward0>)
tensor(1.9439, device='cuda:0')
loss  tensor(1.2436, device='cuda:0', grad_fn=<MseLossBackward0>)
tensor(-3.1186, device='cuda:0')
loss  tensor(1.2342, device='cuda:0', grad_fn=<MseLossBackward0>)
tensor(-0.3780, device='cuda:0')
loss  tensor(1.2640, device='cuda:0', grad_fn=<MseLossBackward0>)
tensor(0.0027, device='cuda:0')
loss  tensor(1.2357, device='cuda:0', grad_fn=<MseLossBackward0>)
tensor(1.0684, device='cuda:0')
loss  tensor(1.2420, device='cuda:0', grad_fn=<MseLossBackward0>)
tensor(0.3072, device='cuda:0')
loss  tensor(1.2426, device='cuda:0', grad_fn=<MseLossBackward0>)
tensor(-0.9870, device='cuda:0')
loss  tensor(1.2209, device='cuda:0', grad_fn=<MseLossBackward0>)
tensor(0.1549, device='cuda:0')
loss  tensor(1.2599, device='cuda:0', grad_fn=<MseLossBackward0>)
tensor(0.1549, device='cuda:0')
loss  tensor(1.2434, device='cuda:0', grad_fn=<MseLossBackward0>)
tensor(-1.0251, device='cuda:0')
loss  tensor(1.2353, device='cuda:0', grad_fn=<MseLossBackward0>)
tensor(0.2691, device='cuda:0')
loss  tensor(1.2086, device='cuda:0', grad_fn=<MseLossBackward0>)
tensor(2.0962, device='cuda:0')
loss  tensor(1.2232, device='cuda:0', grad_fn=<MseLossBackward0>)
tensor(1.6775, device='cuda:0')
loss  tensor(1.2109, device='cuda:0', grad_fn=<MseLossBackward0>)
tensor(0.4975, device='cuda:0')
loss  tensor(1.2207, device='cuda:0', grad_fn=<MseLossBackward0>)
tensor(1.1826, device='cuda:0')
loss  tensor(1.1890, device='cuda:0', grad_fn=<MseLossBackward0>)
tensor(0.7639, device='cuda:0')
loss  tensor(1.2257, device='cuda:0', grad_fn=<MseLossBackward0>)
tensor(1.5633, device='cuda:0')
loss  tensor(1.2134, device='cuda:0', grad_fn=<MseLossBackward0>)
tensor(0.5736, device='cuda:0')
loss  tensor(1.2262, device='cuda:0', grad_fn=<MseLossBackward0>)
tensor(0.6878, device='cuda:0')
loss  tensor(1.2227, device='cuda:0', grad_fn=<MseLossBackward0>)
tensor(-0.4541, device='cuda:0')
loss  tensor(1.2353, device='cuda:0', grad_fn=<MseLossBackward0>)
tensor(0.0788, device='cuda:0')
loss  tensor(1.2259, device='cuda:0', grad_fn=<MseLossBackward0>)
tensor(-1.2915, device='cuda:0')
loss  tensor(1.2350, device='cuda:0', grad_fn=<MseLossBackward0>)
tensor(-1.1012, device='cuda:0')
loss  tensor(1.1777, device='cuda:0', grad_fn=<MseLossBackward0>)
tensor(0.8781, device='cuda:0')
loss  tensor(1.1876, device='cuda:0', grad_fn=<MseLossBackward0>)
tensor(-0.8347, device='cuda:0')
loss  tensor(1.1967, device='cuda:0', grad_fn=<MseLossBackward0>)
tensor(0.3452, device='cuda:0')
loss  tensor(1.1716, device='cuda:0', grad_fn=<MseLossBackward0>)
tensor(-0.3018, device='cuda:0')
loss  tensor(1.1948, device='cuda:0', grad_fn=<MseLossBackward0>)
tensor(2.0200, device='cuda:0')
loss  tensor(1.2070, device='cuda:0', grad_fn=<MseLossBackward0>)
tensor(-1.1773, device='cuda:0')
loss  tensor(1.1762, device='cuda:0', grad_fn=<MseLossBackward0>)
tensor(0.0788, device='cuda:0')
loss  tensor(1.1984, device='cuda:0', grad_fn=<MseLossBackward0>)
tensor(-1.8625, device='cuda:0')
loss  tensor(1.1807, device='cuda:0', grad_fn=<MseLossBackward0>)
tensor(-0.1115, device='cuda:0')
loss  tensor(1.1947, device='cuda:0', grad_fn=<MseLossBackward0>)
tensor(-1.4818, device='cuda:0')
loss  tensor(1.1842, device='cuda:0', grad_fn=<MseLossBackward0>)
tensor(-0.7205, device='cuda:0')
loss  tensor(1.1539, device='cuda:0', grad_fn=<MseLossBackward0>)
tensor(-0.8728, device='cuda:0')
loss  tensor(1.1567, device='cuda:0', grad_fn=<MseLossBackward0>)
tensor(0.6497, device='cuda:0')
loss  tensor(1.1875, device='cuda:0', grad_fn=<MseLossBackward0>)
tensor(-0.8728, device='cuda:0')
loss  tensor(1.1612, device='cuda:0', grad_fn=<MseLossBackward0>)
tensor(-0.2257, device='cuda:0')
loss  tensor(1.1459, device='cuda:0', grad_fn=<MseLossBackward0>)
tensor(0.0407, device='cuda:0')
loss  tensor(1.1972, device='cuda:0', grad_fn=<MseLossBackward0>)
tensor(0.1930, device='cuda:0')
loss  tensor(1.1937, device='cuda:0', grad_fn=<MseLossBackward0>)
tensor(-0.1496, device='cuda:0')
loss  tensor(1.1831, device='cuda:0', grad_fn=<MseLossBackward0>)
tensor(1.0304, device='cuda:0')
loss  tensor(1.1582, device='cuda:0', grad_fn=<MseLossBackward0>)
tensor(-0.0735, device='cuda:0')
loss  tensor(1.1549, device='cuda:0', grad_fn=<MseLossBackward0>)
tensor(-0.8347, device='cuda:0')
loss  tensor(1.1732, device='cuda:0', grad_fn=<MseLossBackward0>)
tensor(0.0027, device='cuda:0')
loss  tensor(1.1860, device='cuda:0', grad_fn=<MseLossBackward0>)
tensor(1.3730, device='cuda:0')
loss  tensor(1.1530, device='cuda:0', grad_fn=<MseLossBackward0>)
tensor(0.0407, device='cuda:0')
loss  tensor(1.1320, device='cuda:0', grad_fn=<MseLossBackward0>)
tensor(1.1446, device='cuda:0')
loss  tensor(1.1411, device='cuda:0', grad_fn=<MseLossBackward0>)
tensor(-0.3399, device='cuda:0')
loss  tensor(1.1451, device='cuda:0', grad_fn=<MseLossBackward0>)
tensor(-1.8625, device='cuda:0')
loss  tensor(1.1462, device='cuda:0', grad_fn=<MseLossBackward0>)
tensor(0.0788, device='cuda:0')
loss  tensor(1.1488, device='cuda:0', grad_fn=<MseLossBackward0>)
tensor(-0.3780, device='cuda:0')
loss  tensor(1.1589, device='cuda:0', grad_fn=<MseLossBackward0>)
tensor(-0.0354, device='cuda:0')
loss  tensor(1.1815, device='cuda:0', grad_fn=<MseLossBackward0>)
tensor(-3.5373, device='cuda:0')
loss  tensor(1.1400, device='cuda:0', grad_fn=<MseLossBackward0>)
tensor(1.7155, device='cuda:0')
loss  tensor(1.1455, device='cuda:0', grad_fn=<MseLossBackward0>)
