2023-07-23 21:59:42,618 - logger name:exp/ECL-PatchTST2023-07-23-21:59:42.618606/ECL-PatchTST.log
2023-07-23 21:59:42,619 - params : {'conf': 'ECL-PatchTST', 'data_name': 'electricity', 'iteration': 1, 'load': True, 'build_graph': False, 'root_path': '', 'exp_path': 'exp/', 'val_test_mix': False, 'pred_len': 96, 'noise_rate': 0.1, 'device': device(type='cuda', index=0), 'test_model_path': '/Disk/fhyega/code/BASE/exp/ECL-DLinear2023-07-23-15:55:44.736530/0/0.04_epoch_78.pkl', 'idx': 89, '/* model related args*/': '//', 'model_name': 'PatchTST', 'seq_len': 336, 'label_len': 48, 'features': 'M', 'target': 'OT', 'graph_input': False, 'individual': False, 'e_layers': 3, 'd_layers': 1, 'factor': 1, 'n_heads': 16, 'd_model': 128, 'd_ff': 256, 'dropout': 0.2, 'fc_dropout': 0.2, 'head_dropout': 0.0, 'patch_len': 16, 'stride': 8, 'des': 'Exp', 'padding_patch': 'end', 'revin': 1, 'affine': 0, 'subtract_last': 0, 'decomposition': 0, 'kernel_size': 25, 'output_attention': 0, 'embed_type': 0, 'activation': 'gelu', 'lradj': 'TST', 'distil': 1, 'linear_output': 1, 'pct_start': 0.2, '/*train related args*/': '//', 'train': True, 'epoch': 30, 'batch_size': 16, 'lr': 0.0001, 'loss': 'mse', '/*dataset related args*/': '//', 'save_data_path': 'data/ECL/', 'data_process': False, 'embed': 'timeF', 'freq': 'h', 'begin_phase': 0, 'end_phase': 1, 'phase_len': 26304, 'val_ratio': 0.33, 'graph_size': 321, '/*strategy related args*/': '//', 'strategy': 'incremental', 'increase': False, 'detect': False, 'detect_strategy': 'feature', 'replay': False, 'replay_strategy': 'random', 'repaly_num_samples': 100, 'ewc': False, 'ewc_strategy': 'ewc', 'ewc_lambda': 0.0001, 'subgraph_train': False, 'num_hops': 2, 'logname': 'ECL-PatchTST', 'time': '2023-07-23-21:59:42.618606', 'path': 'exp/ECL-PatchTST2023-07-23-21:59:42.618606', 'num_workers': 4, 'start_train': 0, 'logger': <Logger __main__ (INFO)>}
2023-07-23 21:59:42,619 - [*] phase 0 start training
18412 2632 5260 0.7 0.2 26304
train 17981
18412 2632 5260 0.7 0.2 26304
val 2537
18412 2632 5260 0.7 0.2 26304
test 5165
2023-07-23 21:59:45,781 - [*] phase 0 Dataset load!
2023-07-23 21:59:46,635 - [*] phase 0 Training start
18412 2632 5260 0.7 0.2 26304
train 17981
2023-07-23 22:00:05,211 - epoch:0, training loss:0.2330 validation loss:0.0644
18412 2632 5260 0.7 0.2 26304
train 17981
vs, vt 0.06442701527790266 0.06457373616432056
Updating learning rate to 1.0432646020812621e-05
Updating learning rate to 1.0432646020812621e-05
18412 2632 5260 0.7 0.2 26304
train 17981
vs, vt 0.05264829275485292 0.05134734718726491
2023-07-23 22:00:47,603 - epoch:1, training loss:0.3216 validation loss:0.0526
Updating learning rate to 2.8006461798705615e-05
Updating learning rate to 2.8006461798705615e-05
18412 2632 5260 0.7 0.2 26304
train 17981
vs, vt 0.05768659906520408 0.04718391734333533
2023-07-23 22:01:15,977 - epoch:2, training loss:0.2451 validation loss:0.0577
Updating learning rate to 5.201119166142244e-05
Updating learning rate to 5.201119166142244e-05
18412 2632 5260 0.7 0.2 26304
train 17981
vs, vt 0.05453011059090964 0.04864006507673166
2023-07-23 22:01:44,427 - epoch:3, training loss:0.2351 validation loss:0.0545
Updating learning rate to 7.601292185762613e-05
Updating learning rate to 7.601292185762613e-05
18412 2632 5260 0.7 0.2 26304
train 17981
vs, vt 0.05315544067313836 0.046580547642595366
2023-07-23 22:02:12,875 - epoch:4, training loss:0.2299 validation loss:0.0532
Updating learning rate to 9.357854262734886e-05
Updating learning rate to 9.357854262734886e-05
18412 2632 5260 0.7 0.2 26304
train 17981
vs, vt 0.048200891979929036 0.04670430517773021
2023-07-23 22:02:41,285 - epoch:5, training loss:0.2095 validation loss:0.0482
Updating learning rate to 9.999999966033092e-05
Updating learning rate to 9.999999966033092e-05
18412 2632 5260 0.7 0.2 26304
train 17981
vs, vt 0.045689842271261244 0.042080767171562845
2023-07-23 22:03:09,618 - epoch:6, training loss:0.1884 validation loss:0.0457
Updating learning rate to 9.957148372299848e-05
Updating learning rate to 9.957148372299848e-05
18412 2632 5260 0.7 0.2 26304
train 17981
vs, vt 0.04553689539385666 0.04327243510868002
2023-07-23 22:03:37,944 - epoch:7, training loss:0.1777 validation loss:0.0455
Updating learning rate to 9.829478937740917e-05
Updating learning rate to 9.829478937740917e-05
18412 2632 5260 0.7 0.2 26304
train 17981
vs, vt 0.046065919218385744 0.04331558802803545
2023-07-23 22:04:06,390 - epoch:8, training loss:0.1660 validation loss:0.0461
Updating learning rate to 9.619176121778259e-05
Updating learning rate to 9.619176121778259e-05
18412 2632 5260 0.7 0.2 26304
train 17981
vs, vt 0.04573817320355454 0.048103577012207896
2023-07-23 22:04:34,741 - epoch:9, training loss:0.1577 validation loss:0.0457
Updating learning rate to 9.32983826389995e-05
Updating learning rate to 9.32983826389995e-05
18412 2632 5260 0.7 0.2 26304
train 17981
vs, vt 0.042391547488060385 0.04443422286132784
2023-07-23 22:05:03,173 - epoch:10, training loss:0.1486 validation loss:0.0424
Updating learning rate to 8.966416015073898e-05
Updating learning rate to 8.966416015073898e-05
18412 2632 5260 0.7 0.2 26304
train 17981
vs, vt 0.04325175125433026 0.04585307309368871
2023-07-23 22:05:31,707 - epoch:11, training loss:0.1428 validation loss:0.0433
Updating learning rate to 8.5351276307372e-05
Updating learning rate to 8.5351276307372e-05
18412 2632 5260 0.7 0.2 26304
train 17981
vs, vt 0.04309729945922048 0.04204143279191083
2023-07-23 22:06:00,266 - epoch:12, training loss:0.1364 validation loss:0.0431
Updating learning rate to 8.043352574721588e-05
Updating learning rate to 8.043352574721588e-05
18412 2632 5260 0.7 0.2 26304
train 17981
vs, vt 0.04197711020169206 0.04208214139952412
2023-07-23 22:06:28,652 - epoch:13, training loss:0.1311 validation loss:0.0420
Updating learning rate to 7.499505254581293e-05
Updating learning rate to 7.499505254581293e-05
18412 2632 5260 0.7 0.2 26304
train 17981
vs, vt 0.039751672279675423 0.04037608556543131
2023-07-23 22:06:57,056 - epoch:14, training loss:0.1281 validation loss:0.0398
Updating learning rate to 6.912891048746876e-05
Updating learning rate to 6.912891048746876e-05
18412 2632 5260 0.7 0.2 26304
train 17981
vs, vt 0.03984705341757281 0.04020430029914627
2023-07-23 22:07:25,240 - epoch:15, training loss:0.1245 validation loss:0.0398
Updating learning rate to 6.293547088920353e-05
Updating learning rate to 6.293547088920353e-05
18412 2632 5260 0.7 0.2 26304
train 17981
vs, vt 0.04026800001028386 0.040228454252622975
2023-07-23 22:07:53,543 - epoch:16, training loss:0.1204 validation loss:0.0403
Updating learning rate to 5.652070521968939e-05
Updating learning rate to 5.652070521968939e-05
18412 2632 5260 0.7 0.2 26304
train 17981
vs, vt 0.04010452989067109 0.0391920313338673
2023-07-23 22:08:22,111 - epoch:17, training loss:0.1168 validation loss:0.0401
Updating learning rate to 4.999437189804077e-05
Updating learning rate to 4.999437189804077e-05
18412 2632 5260 0.7 0.2 26304
train 17981
vs, vt 0.03898176546179274 0.03964595402350778
2023-07-23 22:08:50,622 - epoch:18, training loss:0.1141 validation loss:0.0390
Updating learning rate to 4.346813829683254e-05
Updating learning rate to 4.346813829683254e-05
18412 2632 5260 0.7 0.2 26304
train 17981
vs, vt 0.038761853887670256 0.039039955374860914
2023-07-23 22:09:19,069 - epoch:19, training loss:0.1115 validation loss:0.0388
Updating learning rate to 3.705367008239516e-05
Updating learning rate to 3.705367008239516e-05
18412 2632 5260 0.7 0.2 26304
train 17981
vs, vt 0.03889804382357489 0.04029525691678502
2023-07-23 22:09:47,390 - epoch:20, training loss:0.1088 validation loss:0.0389
Updating learning rate to 3.086072058430419e-05
Updating learning rate to 3.086072058430419e-05
18412 2632 5260 0.7 0.2 26304
train 17981
vs, vt 0.038284093018550916 0.0390416947369165
2023-07-23 22:10:15,859 - epoch:21, training loss:0.1067 validation loss:0.0383
Updating learning rate to 2.499525288548201e-05
Updating learning rate to 2.499525288548201e-05
18412 2632 5260 0.7 0.2 26304
train 17981
vs, vt 0.03852419212823675 0.039705828933408426
2023-07-23 22:10:44,128 - epoch:22, training loss:0.1045 validation loss:0.0385
Updating learning rate to 1.9557626764470303e-05
Updating learning rate to 1.9557626764470303e-05
18412 2632 5260 0.7 0.2 26304
train 17981
vs, vt 0.03831575479967601 0.039108658736606815
2023-07-23 22:11:12,540 - epoch:23, training loss:0.1031 validation loss:0.0383
Updating learning rate to 1.4640881511794355e-05
Updating learning rate to 1.4640881511794355e-05
18412 2632 5260 0.7 0.2 26304
train 17981
vs, vt 0.03865601376589364 0.03899964093634824
2023-07-23 22:11:40,783 - epoch:24, training loss:0.1014 validation loss:0.0387
Updating learning rate to 1.0329144001906798e-05
Updating learning rate to 1.0329144001906798e-05
18412 2632 5260 0.7 0.2 26304
train 17981
vs, vt 0.03789725471522261 0.03861755513111657
2023-07-23 22:12:09,437 - epoch:25, training loss:0.1002 validation loss:0.0379
Updating learning rate to 6.696189259041272e-06
Updating learning rate to 6.696189259041272e-06
18412 2632 5260 0.7 0.2 26304
train 17981
vs, vt 0.0379125060332037 0.038300836769243084
2023-07-23 22:12:37,685 - epoch:26, training loss:0.0993 validation loss:0.0379
Updating learning rate to 3.804178146093549e-06
Updating learning rate to 3.804178146093549e-06
18412 2632 5260 0.7 0.2 26304
train 17981
vs, vt 0.03811370065353764 0.038485622405420125
2023-07-23 22:13:06,069 - epoch:27, training loss:0.0984 validation loss:0.0381
Updating learning rate to 1.7025937750231399e-06
Updating learning rate to 1.7025937750231399e-06
18412 2632 5260 0.7 0.2 26304
train 17981
vs, vt 0.0379013553373047 0.03826957840894191
2023-07-23 22:13:34,434 - epoch:28, training loss:0.0981 validation loss:0.0379
Updating learning rate to 4.2739483708831805e-07
Updating learning rate to 4.2739483708831805e-07
18412 2632 5260 0.7 0.2 26304
train 17981
vs, vt 0.03803024798303655 0.03841688104981334
2023-07-23 22:14:03,050 - epoch:29, training loss:0.0979 validation loss:0.0380
Updating learning rate to 4.003396690830917e-10
Updating learning rate to 4.003396690830917e-10
2023-07-23 22:19:06,174 - [*] loss:0.0684
2023-07-23 22:19:06,176 - [*] phase 0, testing
2023-07-23 22:19:06,184 - T:96  MAE     0.188810        RMSE    0.068409        MAPE    105.603218
2023-07-23 22:19:06,184 - 96    mae     0.1888
2023-07-23 22:19:06,184 - 96    rmse    0.0684
2023-07-23 22:19:06,184 - 96    mape    105.6032