2023-06-14 16:39:29,482 - logger name:exp/ECL-Informer2023-06-14-16:39:29.482006/ECL-Informer.log
2023-06-14 16:39:29,482 - params : {'conf': 'ECL-Informer', 'data_name': 'electricity', 'iteration': 1, 'auto_test': 1, 'load': False, 'build_graph': False, 'root_path': '', 'exp_path': 'exp/', 'val_test_mix': False, 'end_phase': 1, 'x_len': 96, 'y_len': 96, 'device': device(type='cuda', index=1), '/* model related args*/': '//', 'model_name': 'informer', 'label_len': 48, 'features': 'M', 'target': 'OT', 'graph_input': False, 'individual': False, 'test_model_path': '/Disk/fhyega/code/PatchTST/PatchTST_supervised/checkpoints/electricity_96_96_Informer_custom_ftM_sl96_ll48_pl96_dm512_nh8_el2_dl1_df2048_fc3_ebtimeF_dtTrue_Exp_0/checkpoint.pth', 'e_layers': 2, 'd_layers': 1, 'factor': 3, 'n_heads': 8, 'd_model': 512, 'd_ff': 2048, 'dropout': 0.05, 'fc_dropout': 0.05, 'head_dropout': 0, 'patch_len': 16, 'stride': 8, 'des': 'Exp', 'padding_patch': 'end', 'revin': 1, 'affine': 0, 'subtract_last': 0, 'decomposition': 0, 'kernel_size': 25, 'output_attention': 0, 'embed_type': 0, 'activation': 'gelu', 'distil': 1, 'linear_output': 0, '/*train related args*/': '//', 'train': True, 'epoch': 100, 'batch_size': 128, 'lr': 0.0001, 'loss': 'mse', '/*dataset related args*/': '//', 'save_data_path': 'data/ECL/', 'data_process': False, 'embed': 'timeF', 'freq': 'h', 'begin_phase': 1, 'phase_len_ratio': 0.6, 'val_ratio': 0.5, 'graph_size': 321, '/*strategy related args*/': '//', 'strategy': 'incremental', 'increase': False, 'detect': False, 'detect_strategy': 'feature', 'replay': False, 'replay_strategy': 'random', 'repaly_num_samples': 100, 'ewc': False, 'ewc_strategy': 'ewc', 'ewc_lambda': 0.0001, 'subgraph_train': False, 'num_hops': 2, 'logname': 'ECL-Informer', 'time': '2023-06-14-16:39:29.482006', 'path': 'exp/ECL-Informer2023-06-14-16:39:29.482006', 'pred_len': 96, 'logger': <Logger __main__ (INFO)>}
2023-06-14 16:39:29,482 - [*] phase 1 start training
2023-06-14 16:39:32,022 - [*] phase 1 Dataset load!
2023-06-14 16:41:00,512 - [*] phase 1 Training start
2023-06-14 16:41:40,929 - epoch:0, training loss:0.7536 validation loss:0.6497
2023-06-14 16:42:21,508 - epoch:1, training loss:0.4951 validation loss:0.5731
2023-06-14 16:43:02,376 - epoch:2, training loss:0.3415 validation loss:0.5488
2023-06-14 16:43:42,683 - epoch:3, training loss:0.2515 validation loss:0.5670
2023-06-14 16:44:24,572 - epoch:4, training loss:0.2170 validation loss:0.6141
2023-06-14 16:45:07,029 - epoch:5, training loss:0.1992 validation loss:0.5934
2023-06-14 16:45:49,671 - epoch:6, training loss:0.1881 validation loss:0.6373
2023-06-14 16:46:34,303 - epoch:7, training loss:0.1805 validation loss:0.6434
2023-06-14 16:47:19,356 - epoch:8, training loss:0.1739 validation loss:0.6442
2023-06-14 17:01:04,393 - epoch:9, training loss:0.1691 validation loss:0.6050
2023-06-14 17:01:49,328 - epoch:10, training loss:0.1623 validation loss:0.6273
2023-06-14 17:02:35,834 - epoch:11, training loss:0.1577 validation loss:0.6012
2023-06-14 17:03:20,516 - epoch:12, training loss:0.1536 validation loss:0.5954
2023-06-14 17:04:06,338 - epoch:13, training loss:0.1498 validation loss:0.5905
2023-06-14 17:04:13,057 - [*] loss:0.6010
2023-06-14 17:04:13,340 - [*] phase 1, testing
2023-06-14 17:04:15,539 - T:96	MAE	0.6248	RMSE	0.6832	MAPE	916.1192
2023-06-14 17:04:15,543 - 96	mae	0.6248	
2023-06-14 17:04:15,543 - 96	rmse	0.6832	
2023-06-14 17:04:15,543 - 96	mape	916.1192	
