2023-08-22 19:37:48,813 - logger name:exp/ECL-PatchTST2023-08-22-19:37:48.813300/ECL-PatchTST.log
2023-08-22 19:37:48,814 - params : {'loss': 'huber', 'conf': 'ECL-PatchTST', 'data_name': 'ETTh2', 'iteration': 1, 'train': 1, 'load': True, 'build_graph': False, 'same_init': True, 'grad_norm': False, 'refiner_residual': 0, 'root_path': '', 'exp_path': 'exp/', 'val_test_mix': False, 'pred_len': 96, 'noise_rate': 0.5, 'device': device(type='cuda', index=1), 'test_model_path': '/Disk/fhyega/code/BASE/exp/ECL-PatchTST2023-08-22-16:06:01.346218/0/best_model.pkl', 'idx': -1, 'aligner': 1, 'always_align': 1, 'refiner': 1, 'rec_block_num': 1, 'ref_block_num': 2, 'enhance': 1, 'enhance_type': 5, 'seed': 34, 'batch_size': 128, 'share_head': 0, 'add_noise': 1, 'jitter_sigma': 2.0, 'slope_rate': 0.01, 'slope_range': 0.5, 'alpha': 10.0, 'beta': 1.0, 'gamma': 0.15, 'theta': 1.5, 'rec_length_ratio': 0.7, 'feature_jittering': 1, 'rec_intra_feature': 0, 'rec_ori': 1, 'mid_dim': 128, 'test_en': 0, 'debugger': 0, '/* model related args*/': '//', 'model_name': 'PatchTST', 'seq_len': 336, 'label_len': 48, 'features': 'M', 'target': 'OT', 'graph_input': False, 'individual': False, 'e_layers': 3, 'd_layers': 1, 'factor': 1, 'n_heads': 16, 'd_model': 128, 'd_ff': 256, 'dropout': 0.2, 'fc_dropout': 0.2, 'head_dropout': 0.0, 'patch_len': 16, 'stride': 8, 'des': 'Exp', 'padding_patch': 'end', 'revin': 1, 'affine': 0, 'subtract_last': 0, 'decomposition': 0, 'kernel_size': 25, 'output_attention': 0, 'embed_type': 0, 'activation': 'gelu', 'lradj': 'TST', 'distil': 1, 'linear_output': 1, 'pct_start': 0.2, '/*train related args*/': '//', 'epoch': 30, 'lr': 0.0001, '/*dataset related args*/': '//', 'save_data_path': 'data/ECL/', 'data_process': True, 'embed': 'timeF', 'freq': 'h', 'begin_phase': 0, 'end_phase': 1, 'phase_len': 26304, 'val_ratio': 0.33, 'graph_size': 321, '/*strategy related args*/': '//', 'strategy': 'incremental', 'increase': False, 'detect': False, 'detect_strategy': 'feature', 'replay': False, 'replay_strategy': 'random', 'repaly_num_samples': 100, 'ewc': False, 'ewc_strategy': 'ewc', 'ewc_lambda': 0.0001, 'subgraph_train': False, 'num_hops': 2, 'logname': 'ECL-PatchTST', 'time': '2023-08-22-19:37:48.813300', 'path': 'exp/ECL-PatchTST2023-08-22-19:37:48.813300', 'num_workers': 4, 'start_train': 0, 'train_mode': 'pretrain', 'get_score': False, 'use_cm': True, 'logger': <Logger __main__ (INFO)>}
2023-08-22 19:37:48,814 - [*] phase 0 start training
0 26304
train 8209
val 2785
test 2785
2023-08-22 19:37:49,003 - [*] phase 0 Dataset load!
2023-08-22 19:37:49,948 - [*] phase 0 Training start
train 8209
2023-08-22 19:37:59,282 - epoch:0, training loss:0.2223 validation loss:0.1619
train 8209
vs, vt 0.1619003186510368 0.1647822740064426
Updating learning rate to 1.0463629820836433e-05
Updating learning rate to 1.0463629820836433e-05
train 8209
vs, vt 0.137186257337982 0.14328568784350698
need align? ->  False 0.14328568784350698
2023-08-22 19:38:48,133 - epoch:1, training loss:4.4427 validation loss:0.1372
Updating learning rate to 2.8113748014145436e-05
Updating learning rate to 2.8113748014145436e-05
train 8209
vs, vt 0.12900201849300752 0.13147373345087876
need align? ->  False 0.13147373345087876
2023-08-22 19:39:31,391 - epoch:2, training loss:3.4576 validation loss:0.1290
Updating learning rate to 5.219686165094539e-05
Updating learning rate to 5.219686165094539e-05
train 8209
vs, vt 0.12501556502485817 0.1272515148263086
need align? ->  False 0.1272515148263086
2023-08-22 19:40:14,795 - epoch:3, training loss:2.6005 validation loss:0.1250
Updating learning rate to 7.622695691951079e-05
Updating learning rate to 7.622695691951079e-05
train 8209
vs, vt 0.12547580550678752 0.12435471088710157
need align? ->  True 0.12435471088710157
2023-08-22 19:41:00,101 - epoch:4, training loss:1.9602 validation loss:0.1255
Updating learning rate to 9.373229880419829e-05
Updating learning rate to 9.373229880419829e-05
train 8209
vs, vt 0.12462470561943272 0.12436573952436447
need align? ->  True 0.12435471088710157
2023-08-22 19:41:42,746 - epoch:5, training loss:1.6367 validation loss:0.1246
Updating learning rate to 9.999989541836333e-05
Updating learning rate to 9.999989541836333e-05
train 8209
vs, vt 0.12493875047022646 0.1235883164812218
need align? ->  True 0.1235883164812218
2023-08-22 19:42:26,178 - epoch:6, training loss:1.5844 validation loss:0.1249
Updating learning rate to 9.955879284407972e-05
Updating learning rate to 9.955879284407972e-05
train 8209
vs, vt 0.1229715734212236 0.12339235105636445
need align? ->  False 0.12339235105636445
2023-08-22 19:43:11,096 - epoch:7, training loss:1.4554 validation loss:0.1230
Updating learning rate to 9.826972900599613e-05
Updating learning rate to 9.826972900599613e-05
train 8209
vs, vt 0.12421138195151632 0.1232259011065418
need align? ->  True 0.1232259011065418
2023-08-22 19:43:54,519 - epoch:8, training loss:1.3994 validation loss:0.1242
Updating learning rate to 9.615476014377818e-05
Updating learning rate to 9.615476014377818e-05
train 8209
vs, vt 0.12580807727168908 0.12459296462210742
need align? ->  True 0.1232259011065418
2023-08-22 19:44:38,234 - epoch:9, training loss:1.3774 validation loss:0.1258
Updating learning rate to 9.325007396103859e-05
Updating learning rate to 9.325007396103859e-05
train 8209
vs, vt 0.12612046792425893 0.12437729656018993
need align? ->  True 0.1232259011065418
2023-08-22 19:45:22,250 - epoch:10, training loss:1.3557 validation loss:0.1261
Updating learning rate to 8.960537044369518e-05
Updating learning rate to 8.960537044369518e-05
train 8209
vs, vt 0.12412028437988325 0.1249740757894787
need align? ->  True 0.1232259011065418
2023-08-22 19:46:06,056 - epoch:11, training loss:1.3348 validation loss:0.1241
Updating learning rate to 8.528301147943237e-05
Updating learning rate to 8.528301147943237e-05
train 8209
vs, vt 0.12303646010431377 0.12541612931950527
need align? ->  False 0.1232259011065418
2023-08-22 19:46:49,773 - epoch:12, training loss:1.3196 validation loss:0.1230
Updating learning rate to 8.035695382851308e-05
Updating learning rate to 8.035695382851308e-05
train 8209
vs, vt 0.1258526254783977 0.12401681444184347
need align? ->  True 0.1232259011065418
2023-08-22 19:47:33,758 - epoch:13, training loss:1.3112 validation loss:0.1259
Updating learning rate to 7.49114837031057e-05
Updating learning rate to 7.49114837031057e-05
train 8209
vs, vt 0.12470296330072662 0.12442503801800987
need align? ->  True 0.1232259011065418
2023-08-22 19:48:17,169 - epoch:14, training loss:1.2969 validation loss:0.1247
Updating learning rate to 6.90397746068255e-05
Updating learning rate to 6.90397746068255e-05
train 8209
vs, vt 0.12734416643665594 0.1253480901941657
need align? ->  True 0.1232259011065418
2023-08-22 19:49:00,853 - epoch:15, training loss:1.2854 validation loss:0.1273
Updating learning rate to 6.284229311025519e-05
Updating learning rate to 6.284229311025519e-05
train 8209
vs, vt 0.12695534163239328 0.12464098615402525
need align? ->  True 0.1232259011065418
2023-08-22 19:49:45,091 - epoch:16, training loss:1.2753 validation loss:0.1270
Updating learning rate to 5.642507984006751e-05
Updating learning rate to 5.642507984006751e-05
train 8209
vs, vt 0.12597020478411156 0.12497084672478112
need align? ->  True 0.1232259011065418
2023-08-22 19:50:28,798 - epoch:17, training loss:1.2612 validation loss:0.1260
Updating learning rate to 4.989793509450307e-05
Updating learning rate to 4.989793509450307e-05
train 8209
vs, vt 0.12727787311781535 0.1259419462558898
need align? ->  True 0.1232259011065418
2023-08-22 19:51:13,469 - epoch:18, training loss:1.2583 validation loss:0.1273
Updating learning rate to 4.337254012982485e-05
Updating learning rate to 4.337254012982485e-05
train 8209
vs, vt 0.12501281322064725 0.12518902300772342
need align? ->  True 0.1232259011065418
2023-08-22 19:51:57,607 - epoch:19, training loss:1.2541 validation loss:0.1250
Updating learning rate to 3.696054626305981e-05
Updating learning rate to 3.696054626305981e-05
train 8209
vs, vt 0.12701405779543248 0.12545665531334552
need align? ->  True 0.1232259011065418
2023-08-22 19:52:41,937 - epoch:20, training loss:1.2412 validation loss:0.1270
Updating learning rate to 3.0771664487008854e-05
Updating learning rate to 3.0771664487008854e-05
train 8209
vs, vt 0.12664308602159674 0.12510980648750608
need align? ->  True 0.1232259011065418
2023-08-22 19:53:26,144 - epoch:21, training loss:1.2456 validation loss:0.1266
Updating learning rate to 2.491178828474237e-05
Updating learning rate to 2.491178828474237e-05
train 8209
vs, vt 0.12688719786026262 0.12548709051175552
need align? ->  True 0.1232259011065418
2023-08-22 19:54:11,278 - epoch:22, training loss:1.2422 validation loss:0.1269
Updating learning rate to 1.9481181762745777e-05
Updating learning rate to 1.9481181762745777e-05
train 8209
vs, vt 0.1260773062875325 0.12567946365611118
need align? ->  True 0.1232259011065418
2023-08-22 19:54:55,039 - epoch:23, training loss:1.2377 validation loss:0.1261
Updating learning rate to 1.4572764104259043e-05
Updating learning rate to 1.4572764104259043e-05
train 8209
vs, vt 0.12621123555370353 0.12542924911461092
need align? ->  True 0.1232259011065418
2023-08-22 19:55:39,085 - epoch:24, training loss:1.2330 validation loss:0.1262
Updating learning rate to 1.0270519696289322e-05
Updating learning rate to 1.0270519696289322e-05
train 8209
vs, vt 0.12717148382216692 0.12514042109251022
need align? ->  True 0.1232259011065418
2023-08-22 19:56:23,078 - epoch:25, training loss:1.2294 validation loss:0.1272
Updating learning rate to 6.648061133464466e-06
Updating learning rate to 6.648061133464466e-06
train 8209
vs, vt 0.1266145297241482 0.12534104812551627
need align? ->  True 0.1232259011065418
2023-08-22 19:57:07,268 - epoch:26, training loss:1.2305 validation loss:0.1266
Updating learning rate to 3.7673696861296922e-06
Updating learning rate to 3.7673696861296922e-06
train 8209
vs, vt 0.12684154451232066 0.1253347500142726
need align? ->  True 0.1232259011065418
2023-08-22 19:57:51,462 - epoch:27, training loss:1.2303 validation loss:0.1268
Updating learning rate to 1.6777347836274343e-06
Updating learning rate to 1.6777347836274343e-06
train 8209
vs, vt 0.1270634320310571 0.1253220716660673
need align? ->  True 0.1232259011065418
2023-08-22 19:58:35,826 - epoch:28, training loss:1.2282 validation loss:0.1271
Updating learning rate to 4.1491065849575754e-07
Updating learning rate to 4.1491065849575754e-07
train 8209
vs, vt 0.12694041524082422 0.12523479827425696
need align? ->  True 0.1232259011065418
2023-08-22 19:59:20,041 - epoch:29, training loss:1.2276 validation loss:0.1269
Updating learning rate to 5.045816366600914e-10
Updating learning rate to 5.045816366600914e-10
check exp/ECL-PatchTST2023-08-22-19:37:48.813300/0/0.123_epoch_7.pkl  &  0.1232259011065418
2023-08-22 19:59:24,098 - [*] loss:0.2725
2023-08-22 19:59:24,101 - [*] phase 0, testing
2023-08-22 19:59:24,165 - T:96	MAE	0.333537	RMSE	0.272593	MAPE	135.515332
2023-08-22 19:59:24,167 - 96	mae	0.3335	
2023-08-22 19:59:24,167 - 96	rmse	0.2726	
2023-08-22 19:59:24,167 - 96	mape	135.5153	
2023-08-22 19:59:25,554 - [*] loss:0.2717
2023-08-22 19:59:25,557 - [*] phase 0, testing
2023-08-22 19:59:25,629 - T:96	MAE	0.332358	RMSE	0.271775	MAPE	135.144699
2023-08-22 19:59:26,604 - [*] loss:0.2739
2023-08-22 19:59:26,608 - [*] phase 0, testing
2023-08-22 19:59:26,659 - T:96	MAE	0.332590	RMSE	0.273829	MAPE	132.274890
2023-08-22 19:59:26,661 - 96	mae	0.3326	
2023-08-22 19:59:26,661 - 96	rmse	0.2738	
2023-08-22 19:59:26,661 - 96	mape	132.2749	
