2023-08-04 11:42:11,947 - logger name:exp/ECL-PatchTST2023-08-04-11:42:11.946852/ECL-PatchTST.log
2023-08-04 11:42:11,947 - params : {'loss': 'huber', 'conf': 'ECL-PatchTST', 'data_name': 'ETTh2', 'iteration': 1, 'load': True, 'build_graph': False, 'same_init': True, 'grad_norm': False, 'refiner_no_residual': False, 'root_path': '', 'exp_path': 'exp/', 'val_test_mix': False, 'pred_len': 336, 'noise_rate': 0.5, 'device': device(type='cuda', index=1), 'test_model_path': '/Disk/fhyega/code/BASE/exp/ECL-PatchTST2023-07-23-21:59:42.618606/0/0.0379_epoch_25.pkl', 'idx': -1, 'aligner': 1, 'always_align': 1, 'refiner': 1, 'refiner_block_num': 1, 'enhance': 1, 'enhance_type': 5, 'seed': 35, 'batch_size': 128, 'share_head': 0, 'add_noise': 0, 'jitter_sigma': 0.2, 'slope_rate': 0.01, 'slope_range': 0.5, 'beta': 1.0, '/* model related args*/': '//', 'model_name': 'PatchTST', 'seq_len': 336, 'label_len': 48, 'features': 'M', 'target': 'OT', 'graph_input': False, 'individual': False, 'e_layers': 3, 'd_layers': 1, 'factor': 1, 'n_heads': 16, 'd_model': 128, 'd_ff': 256, 'dropout': 0.2, 'fc_dropout': 0.2, 'head_dropout': 0.0, 'patch_len': 16, 'stride': 8, 'des': 'Exp', 'padding_patch': 'end', 'revin': 1, 'affine': 0, 'subtract_last': 0, 'decomposition': 0, 'kernel_size': 25, 'output_attention': 0, 'embed_type': 0, 'activation': 'gelu', 'lradj': 'TST', 'distil': 1, 'linear_output': 1, 'pct_start': 0.2, '/*train related args*/': '//', 'train': True, 'epoch': 30, 'lr': 0.0001, '/*dataset related args*/': '//', 'save_data_path': 'data/ECL/', 'data_process': True, 'embed': 'timeF', 'freq': 'h', 'begin_phase': 0, 'end_phase': 1, 'phase_len': 26304, 'val_ratio': 0.33, 'graph_size': 321, '/*strategy related args*/': '//', 'strategy': 'incremental', 'increase': False, 'detect': False, 'detect_strategy': 'feature', 'replay': False, 'replay_strategy': 'random', 'repaly_num_samples': 100, 'ewc': False, 'ewc_strategy': 'ewc', 'ewc_lambda': 0.0001, 'subgraph_train': False, 'num_hops': 2, 'logname': 'ECL-PatchTST', 'time': '2023-08-04-11:42:11.946852', 'path': 'exp/ECL-PatchTST2023-08-04-11:42:11.946852', 'num_workers': 4, 'start_train': 0, 'train_mode': 'pretrain', 'get_score': False, 'use_cm': True, 'logger': <Logger __main__ (INFO)>}
2023-08-04 11:42:11,947 - [*] phase 0 start training
0 26304
train 7969
val 2545
test 2545
2023-08-04 11:42:12,140 - [*] phase 0 Dataset load!
2023-08-04 11:42:13,113 - [*] phase 0 Training start
train 7969
2023-08-04 11:42:44,663 - epoch:0, training loss:0.2547 validation loss:0.1787
train 7969
vs, vt 0.1787222580984235 0.1805749973282218
Updating learning rate to 1.0464693625140384e-05
Updating learning rate to 1.0464693625140384e-05
train 7969
vs, vt 0.17330435756593943 0.16947667486965656
need align? ->  True 0.16947667486965656
2023-08-04 11:43:48,820 - epoch:1, training loss:3.0824 validation loss:0.1733
Updating learning rate to 2.811743018110611e-05
Updating learning rate to 2.811743018110611e-05
train 7969
vs, vt 0.1696847626939416 0.16199570000171662
need align? ->  True 0.16199570000171662
2023-08-04 11:44:38,380 - epoch:2, training loss:2.4637 validation loss:0.1697
Updating learning rate to 5.220322910624572e-05
Updating learning rate to 5.220322910624572e-05
train 7969
vs, vt 0.16550702806562184 0.15832648910582064
need align? ->  True 0.15832648910582064
2023-08-04 11:45:30,614 - epoch:3, training loss:1.7273 validation loss:0.1655
Updating learning rate to 7.623428578523578e-05
Updating learning rate to 7.623428578523578e-05
train 7969
vs, vt 0.16694540455937384 0.16023154761642217
need align? ->  True 0.15832648910582064
2023-08-04 11:46:19,861 - epoch:4, training loss:1.1823 validation loss:0.1669
Updating learning rate to 9.373754109649067e-05
Updating learning rate to 9.373754109649067e-05
train 7969
vs, vt 0.16333270445466042 0.16172286299988628
need align? ->  True 0.15832648910582064
2023-08-04 11:47:08,820 - epoch:5, training loss:1.0773 validation loss:0.1633
Updating learning rate to 9.999988856233768e-05
Updating learning rate to 9.999988856233768e-05
train 7969
vs, vt 0.16442297995090485 0.15914531862363218
need align? ->  True 0.15832648910582064
2023-08-04 11:47:58,302 - epoch:6, training loss:1.0319 validation loss:0.1644
Updating learning rate to 9.955835545866997e-05
Updating learning rate to 9.955835545866997e-05
train 7969
vs, vt 0.16542055867612362 0.16045780843123794
need align? ->  True 0.15832648910582064
2023-08-04 11:48:49,176 - epoch:7, training loss:1.0037 validation loss:0.1654
Updating learning rate to 9.826886857498791e-05
Updating learning rate to 9.826886857498791e-05
train 7969
vs, vt 0.16476074419915676 0.16152569837868214
need align? ->  True 0.15832648910582064
2023-08-04 11:49:39,056 - epoch:8, training loss:0.9829 validation loss:0.1648
Updating learning rate to 9.61534913893846e-05
Updating learning rate to 9.61534913893846e-05
train 7969
vs, vt 0.1633283758535981 0.15928808581084014
need align? ->  True 0.15832648910582064
2023-08-04 11:50:28,986 - epoch:9, training loss:0.9714 validation loss:0.1633
Updating learning rate to 9.324841859199907e-05
Updating learning rate to 9.324841859199907e-05
train 7969
vs, vt 0.16623826157301663 0.15870619677007197
need align? ->  True 0.15832648910582064
2023-08-04 11:51:18,966 - epoch:10, training loss:0.9603 validation loss:0.1662
Updating learning rate to 8.960335678383294e-05
Updating learning rate to 8.960335678383294e-05
train 7969
vs, vt 0.16706749685108663 0.1599249852821231
need align? ->  True 0.15832648910582064
2023-08-04 11:52:07,465 - epoch:11, training loss:0.9504 validation loss:0.1671
Updating learning rate to 8.528067398302599e-05
Updating learning rate to 8.528067398302599e-05
train 7969
vs, vt 0.1649534571915865 0.1599531076848507
need align? ->  True 0.15832648910582064
2023-08-04 11:52:55,357 - epoch:12, training loss:0.9390 validation loss:0.1650
Updating learning rate to 8.035433249077411e-05
Updating learning rate to 8.035433249077411e-05
train 7969
vs, vt 0.16835700990632177 0.16101281102746726
need align? ->  True 0.15832648910582064
2023-08-04 11:53:44,170 - epoch:13, training loss:0.9318 validation loss:0.1684
Updating learning rate to 7.490862337584965e-05
Updating learning rate to 7.490862337584965e-05
train 7969
vs, vt 0.16547587625682353 0.16022193860262632
need align? ->  True 0.15832648910582064
2023-08-04 11:54:33,853 - epoch:14, training loss:0.9230 validation loss:0.1655
Updating learning rate to 6.903672423104474e-05
Updating learning rate to 6.903672423104474e-05
train 7969
vs, vt 0.16573995687067508 0.16100149312987924
need align? ->  True 0.15832648910582064
2023-08-04 11:55:22,698 - epoch:15, training loss:0.9178 validation loss:0.1657
Updating learning rate to 6.283910487872503e-05
Updating learning rate to 6.283910487872503e-05
train 7969
vs, vt 0.16497270446270704 0.16166604664176704
need align? ->  True 0.15832648910582064
2023-08-04 11:56:11,273 - epoch:16, training loss:0.9127 validation loss:0.1650
Updating learning rate to 5.642180830431342e-05
Updating learning rate to 5.642180830431342e-05
train 7969
vs, vt 0.16375795416533948 0.16090645417571067
need align? ->  True 0.15832648910582064
2023-08-04 11:56:57,762 - epoch:17, training loss:0.9106 validation loss:0.1638
Updating learning rate to 4.9894636231408805e-05
Updating learning rate to 4.9894636231408805e-05
train 7969
vs, vt 0.1651597918011248 0.16101523172110319
need align? ->  True 0.15832648910582064
2023-08-04 11:57:45,992 - epoch:18, training loss:0.9064 validation loss:0.1652
Updating learning rate to 4.336927038385261e-05
Updating learning rate to 4.336927038385261e-05
train 7969
vs, vt 0.165498451795429 0.16237165965139866
need align? ->  True 0.15832648910582064
2023-08-04 11:58:33,485 - epoch:19, training loss:0.9012 validation loss:0.1655
Updating learning rate to 3.6957361580469706e-05
Updating learning rate to 3.6957361580469706e-05
train 7969
vs, vt 0.16562045719474555 0.1622372609563172
need align? ->  True 0.15832648910582064
2023-08-04 11:59:20,296 - epoch:20, training loss:0.9027 validation loss:0.1656
Updating learning rate to 3.076861935860294e-05
Updating learning rate to 3.076861935860294e-05
train 7969
vs, vt 0.16533294646069407 0.16280838558450342
need align? ->  True 0.15832648910582064
2023-08-04 12:00:07,009 - epoch:21, training loss:0.8978 validation loss:0.1653
Updating learning rate to 2.490893481351197e-05
Updating learning rate to 2.490893481351197e-05
train 7969
vs, vt 0.1654315697029233 0.16341709140688182
need align? ->  True 0.15832648910582064
2023-08-04 12:00:55,075 - epoch:22, training loss:0.8962 validation loss:0.1654
Updating learning rate to 1.947856877237479e-05
Updating learning rate to 1.947856877237479e-05
train 7969
vs, vt 0.1660124865360558 0.1626440640538931
need align? ->  True 0.15832648910582064
2023-08-04 12:01:41,617 - epoch:23, training loss:0.8969 validation loss:0.1660
Updating learning rate to 1.4570436303737125e-05
Updating learning rate to 1.4570436303737125e-05
train 7969
vs, vt 0.16634849878028035 0.16279665604233742
need align? ->  True 0.15832648910582064
2023-08-04 12:02:28,849 - epoch:24, training loss:0.8959 validation loss:0.1663
Updating learning rate to 1.0268516914928822e-05
Updating learning rate to 1.0268516914928822e-05
train 7969
vs, vt 0.16621531853452326 0.16285955328494311
need align? ->  True 0.15832648910582064
2023-08-04 12:03:15,384 - epoch:25, training loss:0.8931 validation loss:0.1662
Updating learning rate to 6.646417639409745e-06
Updating learning rate to 6.646417639409745e-06
train 7969
vs, vt 0.1661892390809953 0.16319278106093407
need align? ->  True 0.15832648910582064
2023-08-04 12:04:03,319 - epoch:26, training loss:0.8932 validation loss:0.1662
Updating learning rate to 3.766113600019663e-06
Updating learning rate to 3.766113600019663e-06
train 7969
vs, vt 0.16623085727915168 0.16374511383473872
need align? ->  True 0.15832648910582064
2023-08-04 12:04:50,872 - epoch:27, training loss:0.8935 validation loss:0.1662
Updating learning rate to 1.6768875974437087e-06
Updating learning rate to 1.6768875974437087e-06
train 7969
vs, vt 0.16627818755805493 0.16341136880218982
need align? ->  True 0.15832648910582064
2023-08-04 12:05:38,738 - epoch:28, training loss:0.8948 validation loss:0.1663
Updating learning rate to 4.144868678288239e-07
Updating learning rate to 4.144868678288239e-07
train 7969
vs, vt 0.16623711315914988 0.1631309689953923
need align? ->  True 0.15832648910582064
2023-08-04 12:06:26,764 - epoch:29, training loss:0.8919 validation loss:0.1662
Updating learning rate to 5.114376623277983e-10
Updating learning rate to 5.114376623277983e-10
check exp/ECL-PatchTST2023-08-04-11:42:11.946852/0/0.1633_epoch_9.pkl  &  0.15832648910582064
2023-08-04 12:06:31,947 - [*] loss:0.3665
2023-08-04 12:06:31,999 - [*] phase 0, testing
2023-08-04 12:06:32,922 - T:336	MAE	0.396990	RMSE	0.361946	MAPE	162.095225
2023-08-04 12:06:32,923 - 336	mae	0.3970	
2023-08-04 12:06:32,923 - 336	rmse	0.3619	
2023-08-04 12:06:32,923 - 336	mape	162.0952	
2023-08-04 12:06:38,909 - [*] loss:0.3550
2023-08-04 12:06:38,960 - [*] phase 0, testing
2023-08-04 12:06:39,984 - T:336	MAE	0.391854	RMSE	0.350383	MAPE	158.057988
2023-08-04 12:06:39,985 - 336	mae	0.3919	
2023-08-04 12:06:39,985 - 336	rmse	0.3504	
2023-08-04 12:06:39,985 - 336	mape	158.0580	
2023-08-04 12:06:42,988 - logger name:exp/ECL-PatchTST2023-08-04-12:06:42.987954/ECL-PatchTST.log
2023-08-04 12:06:42,988 - params : {'loss': 'huber', 'conf': 'ECL-PatchTST', 'data_name': 'ETTh2', 'iteration': 1, 'load': True, 'build_graph': False, 'same_init': True, 'grad_norm': False, 'refiner_no_residual': False, 'root_path': '', 'exp_path': 'exp/', 'val_test_mix': False, 'pred_len': 336, 'noise_rate': 0.5, 'device': device(type='cuda', index=1), 'test_model_path': '/Disk/fhyega/code/BASE/exp/ECL-PatchTST2023-07-23-21:59:42.618606/0/0.0379_epoch_25.pkl', 'idx': -1, 'aligner': 1, 'always_align': 0, 'refiner': 1, 'refiner_block_num': 1, 'enhance': 1, 'enhance_type': 5, 'seed': 35, 'batch_size': 128, 'share_head': 0, 'add_noise': 0, 'jitter_sigma': 0.2, 'slope_rate': 0.01, 'slope_range': 0.5, 'beta': 1.0, '/* model related args*/': '//', 'model_name': 'PatchTST', 'seq_len': 336, 'label_len': 48, 'features': 'M', 'target': 'OT', 'graph_input': False, 'individual': False, 'e_layers': 3, 'd_layers': 1, 'factor': 1, 'n_heads': 16, 'd_model': 128, 'd_ff': 256, 'dropout': 0.2, 'fc_dropout': 0.2, 'head_dropout': 0.0, 'patch_len': 16, 'stride': 8, 'des': 'Exp', 'padding_patch': 'end', 'revin': 1, 'affine': 0, 'subtract_last': 0, 'decomposition': 0, 'kernel_size': 25, 'output_attention': 0, 'embed_type': 0, 'activation': 'gelu', 'lradj': 'TST', 'distil': 1, 'linear_output': 1, 'pct_start': 0.2, '/*train related args*/': '//', 'train': True, 'epoch': 30, 'lr': 0.0001, '/*dataset related args*/': '//', 'save_data_path': 'data/ECL/', 'data_process': True, 'embed': 'timeF', 'freq': 'h', 'begin_phase': 0, 'end_phase': 1, 'phase_len': 26304, 'val_ratio': 0.33, 'graph_size': 321, '/*strategy related args*/': '//', 'strategy': 'incremental', 'increase': False, 'detect': False, 'detect_strategy': 'feature', 'replay': False, 'replay_strategy': 'random', 'repaly_num_samples': 100, 'ewc': False, 'ewc_strategy': 'ewc', 'ewc_lambda': 0.0001, 'subgraph_train': False, 'num_hops': 2, 'logname': 'ECL-PatchTST', 'time': '2023-08-04-12:06:42.987954', 'path': 'exp/ECL-PatchTST2023-08-04-12:06:42.987954', 'num_workers': 4, 'start_train': 0, 'train_mode': 'pretrain', 'get_score': False, 'use_cm': True, 'logger': <Logger __main__ (INFO)>}
2023-08-04 12:06:42,989 - [*] phase 0 start training
0 26304
train 7969
val 2545
test 2545
2023-08-04 12:06:43,266 - [*] phase 0 Dataset load!
2023-08-04 12:06:44,469 - [*] phase 0 Training start
train 7969
2023-08-04 12:07:15,641 - epoch:0, training loss:0.2547 validation loss:0.1787
train 7969
vs, vt 0.1787222580984235 0.1805749973282218
Updating learning rate to 1.0464693625140384e-05
Updating learning rate to 1.0464693625140384e-05
train 7969
vs, vt 0.17304576840251684 0.16947737522423267
need align? ->  True 0.16947737522423267
2023-08-04 12:08:18,834 - epoch:1, training loss:0.7400 validation loss:0.1730
Updating learning rate to 2.811743018110611e-05
Updating learning rate to 2.811743018110611e-05
train 7969
vs, vt 0.17007266711443664 0.1621798796579242
need align? ->  True 0.1621798796579242
2023-08-04 12:09:05,559 - epoch:2, training loss:2.7251 validation loss:0.1701
Updating learning rate to 5.220322910624572e-05
Updating learning rate to 5.220322910624572e-05
train 7969
vs, vt 0.1655687015503645 0.1584118355065584
need align? ->  True 0.1584118355065584
2023-08-04 12:09:53,565 - epoch:3, training loss:1.8061 validation loss:0.1656
Updating learning rate to 7.623428578523578e-05
Updating learning rate to 7.623428578523578e-05
train 7969
vs, vt 0.16733364369720222 0.16011593192815782
need align? ->  True 0.1584118355065584
2023-08-04 12:10:41,643 - epoch:4, training loss:1.2063 validation loss:0.1673
Updating learning rate to 9.373754109649067e-05
Updating learning rate to 9.373754109649067e-05
train 7969
vs, vt 0.16361327320337296 0.16158170774579048
need align? ->  True 0.1584118355065584
2023-08-04 12:11:29,479 - epoch:5, training loss:1.0789 validation loss:0.1636
Updating learning rate to 9.999988856233768e-05
Updating learning rate to 9.999988856233768e-05
train 7969
vs, vt 0.16469098962843418 0.1591133783571422
need align? ->  True 0.1584118355065584
2023-08-04 12:12:15,322 - epoch:6, training loss:1.0287 validation loss:0.1647
Updating learning rate to 9.955835545866997e-05
Updating learning rate to 9.955835545866997e-05
train 7969
vs, vt 0.16557218534871937 0.16031368989497424
need align? ->  True 0.1584118355065584
2023-08-04 12:13:03,636 - epoch:7, training loss:0.9987 validation loss:0.1656
Updating learning rate to 9.826886857498791e-05
Updating learning rate to 9.826886857498791e-05
train 7969
vs, vt 0.16538125537335874 0.16167811434715987
need align? ->  True 0.1584118355065584
2023-08-04 12:13:49,938 - epoch:8, training loss:0.9753 validation loss:0.1654
Updating learning rate to 9.61534913893846e-05
Updating learning rate to 9.61534913893846e-05
train 7969
vs, vt 0.1633405825123191 0.15972055336460472
need align? ->  True 0.1584118355065584
2023-08-04 12:14:37,346 - epoch:9, training loss:0.9617 validation loss:0.1633
Updating learning rate to 9.324841859199907e-05
Updating learning rate to 9.324841859199907e-05
train 7969
vs, vt 0.16683426965028048 0.159459363296628
need align? ->  True 0.1584118355065584
2023-08-04 12:15:24,478 - epoch:10, training loss:0.9504 validation loss:0.1668
Updating learning rate to 8.960335678383294e-05
Updating learning rate to 8.960335678383294e-05
train 7969
vs, vt 0.16581192724406718 0.16222942126914858
need align? ->  True 0.1584118355065584
2023-08-04 12:16:13,168 - epoch:11, training loss:0.9399 validation loss:0.1658
Updating learning rate to 8.528067398302599e-05
Updating learning rate to 8.528067398302599e-05
train 7969
vs, vt 0.16573249343782664 0.1626497248187661
need align? ->  True 0.1584118355065584
2023-08-04 12:17:00,992 - epoch:12, training loss:0.9295 validation loss:0.1657
Updating learning rate to 8.035433249077411e-05
Updating learning rate to 8.035433249077411e-05
train 7969
vs, vt 0.16750167366117238 0.1654163235798478
need align? ->  True 0.1584118355065584
2023-08-04 12:17:48,842 - epoch:13, training loss:0.9226 validation loss:0.1675
Updating learning rate to 7.490862337584965e-05
Updating learning rate to 7.490862337584965e-05
train 7969
vs, vt 0.1657987032085657 0.16452810363844037
need align? ->  True 0.1584118355065584
2023-08-04 12:18:35,893 - epoch:14, training loss:0.9156 validation loss:0.1658
Updating learning rate to 6.903672423104474e-05
Updating learning rate to 6.903672423104474e-05
train 7969
vs, vt 0.1657117549329996 0.1662998992949724
need align? ->  True 0.1584118355065584
2023-08-04 12:19:23,267 - epoch:15, training loss:0.9109 validation loss:0.1657
Updating learning rate to 6.283910487872503e-05
Updating learning rate to 6.283910487872503e-05
train 7969
vs, vt 0.16593169942498207 0.1663299947977066
need align? ->  True 0.1584118355065584
2023-08-04 12:20:11,374 - epoch:16, training loss:0.9060 validation loss:0.1659
Updating learning rate to 5.642180830431342e-05
Updating learning rate to 5.642180830431342e-05
train 7969
vs, vt 0.16504203602671624 0.1655795194208622
need align? ->  True 0.1584118355065584
2023-08-04 12:20:58,695 - epoch:17, training loss:0.9041 validation loss:0.1650
Updating learning rate to 4.9894636231408805e-05
Updating learning rate to 4.9894636231408805e-05
train 7969
vs, vt 0.16565354634076357 0.16682055611163377
need align? ->  True 0.1584118355065584
2023-08-04 12:21:47,847 - epoch:18, training loss:0.9006 validation loss:0.1657
Updating learning rate to 4.336927038385261e-05
Updating learning rate to 4.336927038385261e-05
train 7969
vs, vt 0.16533962003886699 0.16671817433089017
need align? ->  True 0.1584118355065584
2023-08-04 12:22:36,423 - epoch:19, training loss:0.8960 validation loss:0.1653
Updating learning rate to 3.6957361580469706e-05
Updating learning rate to 3.6957361580469706e-05
train 7969
vs, vt 0.16619877964258195 0.1674915336072445
need align? ->  True 0.1584118355065584
2023-08-04 12:23:25,242 - epoch:20, training loss:0.8970 validation loss:0.1662
Updating learning rate to 3.076861935860294e-05
Updating learning rate to 3.076861935860294e-05
train 7969
vs, vt 0.16507747508585452 0.16847011521458627
need align? ->  True 0.1584118355065584
2023-08-04 12:24:14,687 - epoch:21, training loss:0.8925 validation loss:0.1651
Updating learning rate to 2.490893481351197e-05
Updating learning rate to 2.490893481351197e-05
train 7969
vs, vt 0.1659824252128601 0.16816823184490204
need align? ->  True 0.1584118355065584
2023-08-04 12:25:03,610 - epoch:22, training loss:0.8913 validation loss:0.1660
Updating learning rate to 1.947856877237479e-05
Updating learning rate to 1.947856877237479e-05
train 7969
vs, vt 0.16627591233700514 0.16780530605465174
need align? ->  True 0.1584118355065584
2023-08-04 12:25:52,240 - epoch:23, training loss:0.8910 validation loss:0.1663
Updating learning rate to 1.4570436303737125e-05
Updating learning rate to 1.4570436303737125e-05
train 7969
vs, vt 0.16693490520119666 0.1681702433153987
need align? ->  True 0.1584118355065584
2023-08-04 12:26:41,825 - epoch:24, training loss:0.8908 validation loss:0.1669
Updating learning rate to 1.0268516914928822e-05
Updating learning rate to 1.0268516914928822e-05
train 7969
vs, vt 0.1662908371537924 0.16856628935784101
need align? ->  True 0.1584118355065584
2023-08-04 12:27:29,379 - epoch:25, training loss:0.8887 validation loss:0.1663
Updating learning rate to 6.646417639409745e-06
Updating learning rate to 6.646417639409745e-06
train 7969
vs, vt 0.16630428545176984 0.16877940222620963
need align? ->  True 0.1584118355065584
2023-08-04 12:28:19,604 - epoch:26, training loss:0.8885 validation loss:0.1663
Updating learning rate to 3.766113600019663e-06
Updating learning rate to 3.766113600019663e-06
train 7969
vs, vt 0.16649481784552336 0.16940548326820135
need align? ->  True 0.1584118355065584
2023-08-04 12:29:08,716 - epoch:27, training loss:0.8885 validation loss:0.1665
Updating learning rate to 1.6768875974437087e-06
Updating learning rate to 1.6768875974437087e-06
train 7969
vs, vt 0.1664849165827036 0.1690069345757365
need align? ->  True 0.1584118355065584
2023-08-04 12:29:58,154 - epoch:28, training loss:0.8897 validation loss:0.1665
Updating learning rate to 4.144868678288239e-07
Updating learning rate to 4.144868678288239e-07
train 7969
vs, vt 0.16646886039525272 0.16869867444038392
need align? ->  True 0.1584118355065584
2023-08-04 12:30:48,236 - epoch:29, training loss:0.8869 validation loss:0.1665
Updating learning rate to 5.114376623277983e-10
Updating learning rate to 5.114376623277983e-10
check exp/ECL-PatchTST2023-08-04-12:06:42.987954/0/0.1633_epoch_9.pkl  &  0.1584118355065584
2023-08-04 12:30:53,017 - [*] loss:0.3662
2023-08-04 12:30:53,027 - [*] phase 0, testing
2023-08-04 12:30:53,436 - T:336	MAE	0.397494	RMSE	0.361747	MAPE	162.018633
2023-08-04 12:30:53,436 - 336	mae	0.3975	
2023-08-04 12:30:53,436 - 336	rmse	0.3617	
2023-08-04 12:30:53,436 - 336	mape	162.0186	
2023-08-04 12:30:57,409 - [*] loss:0.3548
2023-08-04 12:30:57,418 - [*] phase 0, testing
2023-08-04 12:30:57,770 - T:336	MAE	0.392136	RMSE	0.350199	MAPE	157.847035
2023-08-04 12:30:57,772 - 336	mae	0.3921	
2023-08-04 12:30:57,772 - 336	rmse	0.3502	
2023-08-04 12:30:57,772 - 336	mape	157.8470	
