2023-08-04 14:37:47,737 - logger name:exp/ECL-PatchTST2023-08-04-14:37:47.737216/ECL-PatchTST.log
2023-08-04 14:37:47,737 - params : {'loss': 'huber', 'conf': 'ECL-PatchTST', 'data_name': 'ETTh2', 'iteration': 1, 'load': True, 'build_graph': False, 'same_init': True, 'grad_norm': False, 'refiner_no_residual': False, 'root_path': '', 'exp_path': 'exp/', 'val_test_mix': False, 'pred_len': 96, 'noise_rate': 0.5, 'device': device(type='cuda', index=0), 'test_model_path': '/Disk/fhyega/code/BASE/exp/ECL-PatchTST2023-07-23-21:59:42.618606/0/0.0379_epoch_25.pkl', 'idx': -1, 'aligner': 1, 'always_align': 1, 'refiner': 0, 'refiner_block_num': 1, 'enhance': 0, 'enhance_type': 0, 'seed': 33, 'batch_size': 128, 'share_head': 0, 'add_noise': 0, 'jitter_sigma': 0.2, 'slope_rate': 0.01, 'slope_range': 0.5, 'beta': 1.0, '/* model related args*/': '//', 'model_name': 'PatchTST', 'seq_len': 336, 'label_len': 48, 'features': 'M', 'target': 'OT', 'graph_input': False, 'individual': False, 'e_layers': 3, 'd_layers': 1, 'factor': 1, 'n_heads': 16, 'd_model': 128, 'd_ff': 256, 'dropout': 0.2, 'fc_dropout': 0.2, 'head_dropout': 0.0, 'patch_len': 16, 'stride': 8, 'des': 'Exp', 'padding_patch': 'end', 'revin': 1, 'affine': 0, 'subtract_last': 0, 'decomposition': 0, 'kernel_size': 25, 'output_attention': 0, 'embed_type': 0, 'activation': 'gelu', 'lradj': 'TST', 'distil': 1, 'linear_output': 1, 'pct_start': 0.2, '/*train related args*/': '//', 'train': True, 'epoch': 30, 'lr': 0.0001, '/*dataset related args*/': '//', 'save_data_path': 'data/ECL/', 'data_process': True, 'embed': 'timeF', 'freq': 'h', 'begin_phase': 0, 'end_phase': 1, 'phase_len': 26304, 'val_ratio': 0.33, 'graph_size': 321, '/*strategy related args*/': '//', 'strategy': 'incremental', 'increase': False, 'detect': False, 'detect_strategy': 'feature', 'replay': False, 'replay_strategy': 'random', 'repaly_num_samples': 100, 'ewc': False, 'ewc_strategy': 'ewc', 'ewc_lambda': 0.0001, 'subgraph_train': False, 'num_hops': 2, 'logname': 'ECL-PatchTST', 'time': '2023-08-04-14:37:47.737216', 'path': 'exp/ECL-PatchTST2023-08-04-14:37:47.737216', 'num_workers': 4, 'start_train': 0, 'train_mode': 'pretrain', 'get_score': False, 'use_cm': True, 'logger': <Logger __main__ (INFO)>}
2023-08-04 14:37:47,737 - [*] phase 0 start training
0 26304
train 8209
val 2785
test 2785
2023-08-04 14:37:47,929 - [*] phase 0 Dataset load!
2023-08-04 14:37:48,802 - [*] phase 0 Training start
train 8209
2023-08-04 14:37:59,802 - epoch:0, training loss:0.2246 validation loss:0.1641
train 8209
vs, vt 0.1640682899477807 0.1683508316901597
Updating learning rate to 1.0463629820836433e-05
Updating learning rate to 1.0463629820836433e-05
train 8209
vs, vt 0.13841079124672848 0.14508574151180006
need align? ->  False 0.14508574151180006
2023-08-04 14:38:26,066 - epoch:1, training loss:1.3730 validation loss:0.1384
Updating learning rate to 2.8113748014145436e-05
Updating learning rate to 2.8113748014145436e-05
train 8209
vs, vt 0.12914667608724398 0.13015271223742853
need align? ->  False 0.13015271223742853
2023-08-04 14:38:45,072 - epoch:2, training loss:1.1633 validation loss:0.1291
Updating learning rate to 5.219686165094539e-05
Updating learning rate to 5.219686165094539e-05
train 8209
vs, vt 0.12491148210723292 0.12614686363800007
need align? ->  False 0.12614686363800007
2023-08-04 14:39:04,232 - epoch:3, training loss:0.9285 validation loss:0.1249
Updating learning rate to 7.622695691951079e-05
Updating learning rate to 7.622695691951079e-05
train 8209
vs, vt 0.12521587117490443 0.12509801433506337
need align? ->  True 0.12509801433506337
2023-08-04 14:39:24,790 - epoch:4, training loss:0.7264 validation loss:0.1252
Updating learning rate to 9.373229880419829e-05
Updating learning rate to 9.373229880419829e-05
train 8209
vs, vt 0.12302104612304406 0.12407991467890414
need align? ->  False 0.12407991467890414
2023-08-04 14:39:44,431 - epoch:5, training loss:0.6202 validation loss:0.1230
Updating learning rate to 9.999989541836333e-05
Updating learning rate to 9.999989541836333e-05
train 8209
vs, vt 0.1230166330086914 0.12254420820284974
need align? ->  True 0.12254420820284974
2023-08-04 14:40:05,878 - epoch:6, training loss:0.5747 validation loss:0.1230
Updating learning rate to 9.955879284407972e-05
Updating learning rate to 9.955879284407972e-05
train 8209
vs, vt 0.12508227972483094 0.12287294009531086
need align? ->  True 0.12254420820284974
2023-08-04 14:40:27,866 - epoch:7, training loss:0.5431 validation loss:0.1251
Updating learning rate to 9.826972900599613e-05
Updating learning rate to 9.826972900599613e-05
train 8209
vs, vt 0.1234279095449231 0.12301907468248498
need align? ->  True 0.12254420820284974
2023-08-04 14:40:47,671 - epoch:8, training loss:0.5334 validation loss:0.1234
Updating learning rate to 9.615476014377818e-05
Updating learning rate to 9.615476014377818e-05
train 8209
vs, vt 0.12349265593696725 0.12334851175546646
need align? ->  True 0.12254420820284974
2023-08-04 14:41:07,435 - epoch:9, training loss:0.5273 validation loss:0.1235
Updating learning rate to 9.325007396103859e-05
Updating learning rate to 9.325007396103859e-05
train 8209
vs, vt 0.12479200756007974 0.12387596612626856
need align? ->  True 0.12254420820284974
2023-08-04 14:41:28,465 - epoch:10, training loss:0.5204 validation loss:0.1248
Updating learning rate to 8.960537044369518e-05
Updating learning rate to 8.960537044369518e-05
train 8209
vs, vt 0.12383432144468481 0.12389180199666457
need align? ->  True 0.12254420820284974
2023-08-04 14:41:48,971 - epoch:11, training loss:0.5153 validation loss:0.1238
Updating learning rate to 8.528301147943237e-05
Updating learning rate to 8.528301147943237e-05
train 8209
vs, vt 0.12276360163973137 0.1239057570187883
need align? ->  True 0.12254420820284974
2023-08-04 14:42:09,950 - epoch:12, training loss:0.5108 validation loss:0.1228
Updating learning rate to 8.035695382851308e-05
Updating learning rate to 8.035695382851308e-05
train 8209
vs, vt 0.12392990697513927 0.12442890927195549
need align? ->  True 0.12254420820284974
2023-08-04 14:42:31,351 - epoch:13, training loss:0.5067 validation loss:0.1239
Updating learning rate to 7.49114837031057e-05
Updating learning rate to 7.49114837031057e-05
train 8209
vs, vt 0.12411582021212036 0.124673910015686
need align? ->  True 0.12254420820284974
2023-08-04 14:42:51,428 - epoch:14, training loss:0.5041 validation loss:0.1241
Updating learning rate to 6.90397746068255e-05
Updating learning rate to 6.90397746068255e-05
train 8209
vs, vt 0.12429295844313773 0.12487932870333845
need align? ->  True 0.12254420820284974
2023-08-04 14:43:15,919 - epoch:15, training loss:0.5007 validation loss:0.1243
Updating learning rate to 6.284229311025519e-05
Updating learning rate to 6.284229311025519e-05
train 8209
vs, vt 0.12328837346285582 0.12469779217446392
need align? ->  True 0.12254420820284974
2023-08-04 14:43:36,837 - epoch:16, training loss:0.4981 validation loss:0.1233
Updating learning rate to 5.642507984006751e-05
Updating learning rate to 5.642507984006751e-05
train 8209
vs, vt 0.1235433133657683 0.12383997643535788
need align? ->  True 0.12254420820284974
2023-08-04 14:43:57,166 - epoch:17, training loss:0.4953 validation loss:0.1235
Updating learning rate to 4.989793509450307e-05
Updating learning rate to 4.989793509450307e-05
train 8209
vs, vt 0.12331166677176952 0.12399332563985478
need align? ->  True 0.12254420820284974
2023-08-04 14:44:18,192 - epoch:18, training loss:0.4942 validation loss:0.1233
Updating learning rate to 4.337254012982485e-05
Updating learning rate to 4.337254012982485e-05
train 8209
vs, vt 0.12400261219590902 0.12399567240341143
need align? ->  True 0.12254420820284974
2023-08-04 14:44:38,347 - epoch:19, training loss:0.4918 validation loss:0.1240
Updating learning rate to 3.696054626305981e-05
Updating learning rate to 3.696054626305981e-05
train 8209
vs, vt 0.1237845408984206 0.12443608020178297
need align? ->  True 0.12254420820284974
2023-08-04 14:44:58,451 - epoch:20, training loss:0.4893 validation loss:0.1238
Updating learning rate to 3.0771664487008854e-05
Updating learning rate to 3.0771664487008854e-05
train 8209
vs, vt 0.12355276137929071 0.12399888910691846
need align? ->  True 0.12254420820284974
2023-08-04 14:45:19,321 - epoch:21, training loss:0.4890 validation loss:0.1236
Updating learning rate to 2.491178828474237e-05
Updating learning rate to 2.491178828474237e-05
train 8209
vs, vt 0.12375498266721313 0.12417394904927774
need align? ->  True 0.12254420820284974
2023-08-04 14:45:39,469 - epoch:22, training loss:0.4875 validation loss:0.1238
Updating learning rate to 1.9481181762745777e-05
Updating learning rate to 1.9481181762745777e-05
train 8209
vs, vt 0.12327890750020742 0.12439810823310506
need align? ->  True 0.12254420820284974
2023-08-04 14:46:00,876 - epoch:23, training loss:0.4867 validation loss:0.1233
Updating learning rate to 1.4572764104259043e-05
Updating learning rate to 1.4572764104259043e-05
train 8209
vs, vt 0.12354783679951321 0.12428761874748902
need align? ->  True 0.12254420820284974
2023-08-04 14:46:24,956 - epoch:24, training loss:0.4861 validation loss:0.1235
Updating learning rate to 1.0270519696289322e-05
Updating learning rate to 1.0270519696289322e-05
train 8209
vs, vt 0.12355180558833209 0.12446602823382075
need align? ->  True 0.12254420820284974
2023-08-04 14:46:45,714 - epoch:25, training loss:0.4853 validation loss:0.1236
Updating learning rate to 6.648061133464466e-06
Updating learning rate to 6.648061133464466e-06
train 8209
vs, vt 0.12347764445638115 0.12406026097861203
need align? ->  True 0.12254420820284974
2023-08-04 14:47:05,636 - epoch:26, training loss:0.4851 validation loss:0.1235
Updating learning rate to 3.7673696861296922e-06
Updating learning rate to 3.7673696861296922e-06
train 8209
vs, vt 0.12355657057328658 0.12426807155663316
need align? ->  True 0.12254420820284974
2023-08-04 14:47:26,538 - epoch:27, training loss:0.4850 validation loss:0.1236
Updating learning rate to 1.6777347836274343e-06
Updating learning rate to 1.6777347836274343e-06
train 8209
vs, vt 0.1233907782218673 0.12418789450417865
need align? ->  True 0.12254420820284974
2023-08-04 14:47:46,997 - epoch:28, training loss:0.4845 validation loss:0.1234
Updating learning rate to 4.1491065849575754e-07
Updating learning rate to 4.1491065849575754e-07
train 8209
vs, vt 0.12346044335175645 0.12421956421299414
need align? ->  True 0.12254420820284974
2023-08-04 14:48:07,968 - epoch:29, training loss:0.4847 validation loss:0.1235
Updating learning rate to 5.045816366600914e-10
Updating learning rate to 5.045816366600914e-10
check exp/ECL-PatchTST2023-08-04-14:37:47.737216/0/0.1228_epoch_12.pkl  &  0.12254420820284974
2023-08-04 14:48:09,135 - [*] loss:0.2726
2023-08-04 14:48:09,140 - [*] phase 0, testing
2023-08-04 14:48:09,182 - T:96	MAE	0.332376	RMSE	0.272625	MAPE	133.397543
2023-08-04 14:48:09,183 - 96	mae	0.3324	
2023-08-04 14:48:09,183 - 96	rmse	0.2726	
2023-08-04 14:48:09,183 - 96	mape	133.3975	
2023-08-04 14:48:10,878 - [*] loss:0.2726
2023-08-04 14:48:10,882 - [*] phase 0, testing
2023-08-04 14:48:10,923 - T:96	MAE	0.331219	RMSE	0.272753	MAPE	132.063723
2023-08-04 14:48:10,923 - 96	mae	0.3312	
2023-08-04 14:48:10,923 - 96	rmse	0.2728	
2023-08-04 14:48:10,924 - 96	mape	132.0637	
2023-08-04 14:48:12,957 - logger name:exp/ECL-PatchTST2023-08-04-14:48:12.957549/ECL-PatchTST.log
2023-08-04 14:48:12,958 - params : {'loss': 'huber', 'conf': 'ECL-PatchTST', 'data_name': 'ETTh2', 'iteration': 1, 'load': True, 'build_graph': False, 'same_init': True, 'grad_norm': False, 'refiner_no_residual': False, 'root_path': '', 'exp_path': 'exp/', 'val_test_mix': False, 'pred_len': 336, 'noise_rate': 0.5, 'device': device(type='cuda', index=1), 'test_model_path': '/Disk/fhyega/code/BASE/exp/ECL-PatchTST2023-07-23-21:59:42.618606/0/0.0379_epoch_25.pkl', 'idx': -1, 'aligner': 1, 'always_align': 1, 'refiner': 0, 'refiner_block_num': 1, 'enhance': 0, 'enhance_type': 0, 'seed': 35, 'batch_size': 128, 'share_head': 0, 'add_noise': 0, 'jitter_sigma': 0.2, 'slope_rate': 0.01, 'slope_range': 0.5, 'beta': 1.0, '/* model related args*/': '//', 'model_name': 'PatchTST', 'seq_len': 336, 'label_len': 48, 'features': 'M', 'target': 'OT', 'graph_input': False, 'individual': False, 'e_layers': 3, 'd_layers': 1, 'factor': 1, 'n_heads': 16, 'd_model': 128, 'd_ff': 256, 'dropout': 0.2, 'fc_dropout': 0.2, 'head_dropout': 0.0, 'patch_len': 16, 'stride': 8, 'des': 'Exp', 'padding_patch': 'end', 'revin': 1, 'affine': 0, 'subtract_last': 0, 'decomposition': 0, 'kernel_size': 25, 'output_attention': 0, 'embed_type': 0, 'activation': 'gelu', 'lradj': 'TST', 'distil': 1, 'linear_output': 1, 'pct_start': 0.2, '/*train related args*/': '//', 'train': True, 'epoch': 30, 'lr': 0.0001, '/*dataset related args*/': '//', 'save_data_path': 'data/ECL/', 'data_process': True, 'embed': 'timeF', 'freq': 'h', 'begin_phase': 0, 'end_phase': 1, 'phase_len': 26304, 'val_ratio': 0.33, 'graph_size': 321, '/*strategy related args*/': '//', 'strategy': 'incremental', 'increase': False, 'detect': False, 'detect_strategy': 'feature', 'replay': False, 'replay_strategy': 'random', 'repaly_num_samples': 100, 'ewc': False, 'ewc_strategy': 'ewc', 'ewc_lambda': 0.0001, 'subgraph_train': False, 'num_hops': 2, 'logname': 'ECL-PatchTST', 'time': '2023-08-04-14:48:12.957549', 'path': 'exp/ECL-PatchTST2023-08-04-14:48:12.957549', 'num_workers': 4, 'start_train': 0, 'train_mode': 'pretrain', 'get_score': False, 'use_cm': True, 'logger': <Logger __main__ (INFO)>}
2023-08-04 14:48:12,958 - [*] phase 0 start training
0 26304
train 7969
val 2545
test 2545
2023-08-04 14:48:13,148 - [*] phase 0 Dataset load!
2023-08-04 14:48:14,105 - [*] phase 0 Training start
train 7969
2023-08-04 14:48:25,975 - epoch:0, training loss:0.2710 validation loss:0.1861
train 7969
vs, vt 0.18605846632272005 0.18454548604786397
Updating learning rate to 1.0464693625140384e-05
Updating learning rate to 1.0464693625140384e-05
train 7969
vs, vt 0.176693981513381 0.17426487281918526
need align? ->  True 0.17426487281918526
2023-08-04 14:48:52,866 - epoch:1, training loss:1.4279 validation loss:0.1767
Updating learning rate to 2.811743018110611e-05
Updating learning rate to 2.811743018110611e-05
train 7969
vs, vt 0.17156957425177097 0.1739885091781616
need align? ->  False 0.1739885091781616
2023-08-04 14:49:12,633 - epoch:2, training loss:1.2053 validation loss:0.1716
Updating learning rate to 5.220322910624572e-05
Updating learning rate to 5.220322910624572e-05
train 7969
vs, vt 0.1653021341189742 0.16919084396213294
need align? ->  False 0.16919084396213294
2023-08-04 14:49:37,117 - epoch:3, training loss:0.9465 validation loss:0.1653
Updating learning rate to 7.623428578523578e-05
Updating learning rate to 7.623428578523578e-05
train 7969
vs, vt 0.1679263323545456 0.16333848796784878
need align? ->  True 0.16333848796784878
2023-08-04 14:49:57,817 - epoch:4, training loss:0.7604 validation loss:0.1679
Updating learning rate to 9.373754109649067e-05
Updating learning rate to 9.373754109649067e-05
train 7969
