2023-08-25 21:44:21,340 - logger name:exp/ECL-PatchTST2023-08-25-21:44:21.339990/ECL-PatchTST.log
2023-08-25 21:44:21,340 - params : {'loss': 'huber', 'conf': 'ECL-PatchTST', 'data_name': 'ETTh2', 'iteration': 1, 'train': 0, 'load': False, 'build_graph': False, 'same_init': True, 'grad_norm': False, 'refiner_residual': 0, 'root_path': '', 'exp_path': 'exp/', 'val_test_mix': False, 'pred_len': 96, 'noise_rate': 0.5, 'device': device(type='cuda', index=0), 'test_model_path': '/Disk/fhyega/code/BASE/exp/ECL-PatchTST2023-08-23-11:43:26.865832/0/best_model.pkl', 'idx': -1, 'aligner': 1, 'always_align': 1, 'refiner': 1, 'rec_block_num': 1, 'enhance': 1, 'enhance_type': 5, 'seed': 34, 'batch_size': 128, 'share_head': 0, 'add_noise': 1, 'jitter_sigma': 2.0, 'slope_rate': 0.01, 'slope_range': 0.5, 'alpha': 10.0, 'beta': 1.0, 'gamma': 0.15, 'feature_jittering': 1, 'rec_intra_feature': 0, 'rec_ori': 1, 'mid_dim': 128, 'test_en': 0, 'debugger': 0, 'omega': 1.0, 'theta': 1.1, 'mask_border': 1, 'sup_weight': 10.0, 'rec_length_ratio': 0.8, 'ref_dropout': 0.0, 'ref_block_num': 2, 'add_FFN': 0, 'add_residual': 0, 'rec_all': 0, 'e_layers': 3, '/* model related args*/': '//', 'model_name': 'PatchTST', 'seq_len': 336, 'label_len': 48, 'features': 'M', 'target': 'OT', 'graph_input': False, 'individual': False, 'd_layers': 1, 'factor': 1, 'n_heads': 16, 'd_model': 128, 'd_ff': 256, 'dropout': 0.2, 'fc_dropout': 0.2, 'head_dropout': 0.0, 'patch_len': 16, 'stride': 8, 'des': 'Exp', 'padding_patch': 'end', 'revin': 1, 'affine': 0, 'subtract_last': 0, 'decomposition': 0, 'kernel_size': 25, 'output_attention': 0, 'embed_type': 0, 'activation': 'gelu', 'lradj': 'TST', 'distil': 1, 'linear_output': 1, 'pct_start': 0.2, '/*train related args*/': '//', 'epoch': 30, 'lr': 0.0001, '/*dataset related args*/': '//', 'save_data_path': 'data/ECL/', 'data_process': True, 'embed': 'timeF', 'freq': 'h', 'begin_phase': 0, 'end_phase': 1, 'phase_len': -1, 'val_ratio': 0.33, 'graph_size': 321, '/*strategy related args*/': '//', 'strategy': 'incremental', 'increase': False, 'detect': False, 'detect_strategy': 'feature', 'replay': False, 'replay_strategy': 'random', 'repaly_num_samples': 100, 'ewc': False, 'ewc_strategy': 'ewc', 'ewc_lambda': 0.0001, 'subgraph_train': False, 'num_hops': 2, 'logname': 'ECL-PatchTST', 'time': '2023-08-25-21:44:21.339990', 'path': 'exp/ECL-PatchTST2023-08-25-21:44:21.339990', 'num_workers': 4, 'start_train': 0, 'train_mode': 'pretrain', 'get_score': False, 'use_cm': True, 'logger': <Logger __main__ (INFO)>}
2023-08-25 21:44:21,340 - [*] phase 0 start training
0 17420
train 8209
val 2785
test 2785
2023-08-25 21:44:21,529 - [*] phase 0 Dataset load!
2023-08-25 21:44:30,654 - [*] loss:0.2703
2023-08-25 21:44:30,657 - [*] phase 0, testing
2023-08-25 21:44:30,693 - T:96	MAE	0.331261	RMSE	0.270392	MAPE	134.779859
2023-08-25 21:44:30,694 - 96	mae	0.3313	
2023-08-25 21:44:30,694 - 96	rmse	0.2704	
2023-08-25 21:44:30,694 - 96	mape	134.7799	
2023-08-25 21:44:34,428 - [*] loss:0.2714
2023-08-25 21:44:34,432 - [*] phase 0, testing
2023-08-25 21:44:34,470 - T:96	MAE	0.331964	RMSE	0.271524	MAPE	135.913777
2023-08-25 21:44:42,421 - [*] loss:0.2739
2023-08-25 21:44:42,424 - [*] phase 0, testing
2023-08-25 21:44:42,466 - T:96	MAE	0.332457	RMSE	0.274048	MAPE	135.604572
2023-08-25 21:44:46,489 - [*] loss:0.2733
2023-08-25 21:44:46,492 - [*] phase 0, testing
2023-08-25 21:44:46,537 - T:96	MAE	0.332327	RMSE	0.273280	MAPE	132.915294
2023-08-25 21:44:46,539 - 96	mae	0.3323	
2023-08-25 21:44:46,539 - 96	rmse	0.2733	
2023-08-25 21:44:46,539 - 96	mape	132.9153	
202set related args*/': '//', 'save_data_path': 'data/ECL/', 'data_process': True, 'embed': 'timeF', 'freq': 'h', 'begin_phase': 0, 'end_phase': 1, 'phase_len': -1, 'val_ratio': 0.33, 'graph_size': 321, '/*strategy related args*/': '//', 'strategy': 'incremental', 'increase': False, 'detect': False, 'detect_strategy': 'feature', 'replay': False, 'replay_strategy': 'random', 'repaly_num_samples': 100, 'ewc': False, 'ewc_strategy': 'ewc', 'ewc_lambda': 0.0001, 'subgraph_train': False, 'num_hops': 2, 'logname': 'ECL-PatchTST', 'time': '2023-08-25-21:45:55.833108', 'path': 'exp/ECL-PatchTST2023-08-25-21:45:55.833108', 'num_workers': 4, 'start_train': 0, 'train_mode': 'pretrain', 'get_score': False, 'use_cm': True, 'logger': <Logger __main__ (INFO)>}
2023-08-25 21:45:55,834 - [*] phase 0 start training
0 17420
train 8209
val 2785
test 2785
2023-08-25 21:45:56,091 - [*] phase 0 Dataset load!
2023-08-25 21:46:07,554 - [*] loss:0.3039
2023-08-25 21:46:07,557 - [*] phase 0, testing
2023-08-25 21:46:07,608 - T:96	MAE	0.362233	RMSE	0.304298	MAPE	151.787901
2023-08-25 21:46:07,609 - 96	mae	0.3622	
2023-08-25 21:46:07,609 - 96	rmse	0.3043	
2023-08-25 21:46:07,609 - 96	mape	151.7879	
2023-08-25 21:46:13,048 - [*] loss:0.3006
2023-08-25 21:46:13,052 - [*] phase 0, testing
2023-08-25 21:46:13,091 - T:96	MAE	0.359546	RMSE	0.300574	MAPE	152.735245
2023-08-25 21:46:23,132 - [*] loss:0.3115
2023-08-25 21:46:23,136 - [*] phase 0, testing
2023-08-25 21:46:23,173 - T:96	MAE	0.371493	RMSE	0.311794	MAPE	169.816864
2023-08-25 21:46:29,080 - [*] loss:0.3000
2023-08-25 21:46:29,083 - [*] phase 0, testing
2023-08-25 21:46:29,124 - T:96	MAE	0.359094	RMSE	0.299900	MAPE	150.297201
2023-08-25 21:46:29,125 - 96	mae	0.3591	
2023-08-25 21:46:29,125 - 96	rmse	0.2999	
2023-08-25 21:46:29,125 - 96	mape	150.2972	
2023-08-25 21:46:31,333 - logger name:exp/ECL-PatchTST2023-08-25-21:46:31.333359/ECL-PatchTST.log
2023-08-25 21:46:31,334 - params : {'loss': 'huber', 'conf': 'ECL-PatchTST', 'data_name': 'ETTh2', 'iteration': 1, 'train': 0, 'load': False, 'build_graph': False, 'same_init': True, 'grad_norm': False, 'refiner_residual': 0, 'root_path': '', 'exp_path': 'exp/', 'val_test_mix': False, 'pred_len': 96, 'noise_rate': 0.5, 'device': device(type='cuda', index=0), 'test_model_path': '/Disk/fhyega/code/BASE/exp/ECL-PatchTST2023-08-23-11:43:26.865832/0/best_model.pkl', 'idx': -1, 'aligner': 1, 'always_align': 1, 'refiner': 1, 'rec_block_num': 1, 'enhance': 1, 'enhance_type': 5, 'seed': 34, 'batch_size': 128, 'share_head': 0, 'add_noise': 1, 'jitter_sigma': 2.0, 'slope_rate': 0.01, 'slope_range': 0.5, 'alpha': 10.0, 'beta': 1.0, 'gamma': 0.15, 'feature_jittering': 1, 'rec_intra_feature': 0, 'rec_ori': 1, 'mid_dim': 128, 'test_en': 4, 'debugger': 0, 'omega': 1.0, 'theta': 1.1, 'mask_border': 1, 'sup_weight': 10.0, 'rec_length_ratio': 0.8, 'ref_dropout': 0.0, 'ref_block_num': 2, 'add_FFN': 0, 'add_residual': 0, 'rec_all': 0, 'e_layers': 3, '/* model related args*/': '//', 'model_name': 'PatchTST', 'seq_len': 336, 'label_len': 48, 'features': 'M', 'target': 'OT', 'graph_input': False, 'individual': False, 'd_layers': 1, 'factor': 1, 'n_heads': 16, 'd_model': 128, 'd_ff': 256, 'dropout': 0.2, 'fc_dropout': 0.2, 'head_dropout': 0.0, 'patch_len': 16, 'stride': 8, 'des': 'Exp', 'padding_patch': 'end', 'revin': 1, 'affine': 0, 'subtract_last': 0, 'decomposition': 0, 'kernel_size': 25, 'output_attention': 0, 'embed_type': 0, 'activation': 'gelu', 'lradj': 'TST', 'distil': 1, 'linear_output': 1, 'pct_start': 0.2, '/*train related args*/': '//', 'epoch': 30, 'lr': 0.0001, '/*dataset related args*/': '//', 'save_data_path': 'data/ECL/', 'data_process': True, 'embed': 'timeF', 'freq': 'h', 'begin_phase': 0, 'end_phase': 1, 'phase_len': -1, 'val_ratio': 0.33, 'graph_size': 321, '/*strategy related args*/': '//', 'strategy': 'incremental', 'increase': False, 'detect': False, 'detect_strategy': 'feature', 'replay': False, 'replay_strategy': 'random', 'repaly_num_samples': 100, 'ewc': False, 'ewc_strategy': 'ewc', 'ewc_lambda': 0.0001, 'subgraph_train': False, 'num_hops': 2, 'logname': 'ECL-PatchTST', 'time': '2023-08-25-21:46:31.333359', 'path': 'exp/ECL-PatchTST2023-08-25-21:46:31.333359', 'num_workers': 4, 'start_train': 0, 'train_mode': 'pretrain', 'get_score': False, 'use_cm': True, 'logger': <Logger __main__ (INFO)>}
2023-08-25 21:46:31,334 - [*] phase 0 start training
0 17420
train 8209
val 2785
test 2785
2023-08-25 21:46:31,547 - [*] phase 0 Dataset load!
2023-08-25 21:46:43,364 - [*] loss:0.3462
2023-08-25 21:46:43,367 - [*] phase 0, testing
2023-08-25 21:46:43,404 - T:96	MAE	0.420236	RMSE	0.346204	MAPE	235.107446
2023-08-25 21:46:43,404 - 96	mae	0.4202	
2023-08-25 21:46:43,405 - 96	rmse	0.3462	
2023-08-25 21:46:43,405 - 96	mape	235.1074	
2023-08-25 21:46:48,554 - [*] loss:0.3848
2023-08-25 21:46:48,557 - [*] phase 0, testing
2023-08-25 21:46:48,594 - T:96	MAE	0.452009	RMSE	0.384659	MAPE	256.485820
2023-08-25 21:46:57,097 - [*] loss:0.3732
2023-08-25 21:46:57,101 - [*] phase 0, testing
2023-08-25 21:46:57,141 - T:96	MAE	0.441462	RMSE	0.373688	MAPE	252.528238
2023-08-25 21:47:01,930 - [*] loss:0.4009
2023-08-25 21:47:01,933 - [*] phase 0, testing
2023-08-25 21:47:01,970 - T:96	MAE	0.461205	RMSE	0.401000	MAPE	256.904602
2023-08-25 21:47:01,971 - 96	mae	0.4612	
2023-08-25 21:47:01,971 - 96	rmse	0.4010	
2023-08-25 21:47:01,971 - 96	mape	256.9046	
2023-08-25 21:47:03,988 - logger name:exp/ECL-PatchTST2023-08-25-21:47:03.988304/ECL-PatchTST.log
2023-08-25 21:47:03,989 - params : {'loss': 'huber', 'conf': 'ECL-PatchTST', 'data_name': 'ETTh2', 'iteration': 1, 'train': 0, 'load': False, 'build_graph': False, 'same_init': True, 'grad_norm': False, 'refiner_residual': 0, 'root_path': '', 'exp_path': 'exp/', 'val_test_mix': False, 'pred_len': 96, 'noise_rate': 0.5, 'device': device(type='cuda', index=0), 'test_model_path': '/Disk/fhyega/code/BASE/exp/ECL-PatchTST2023-08-23-11:43:26.865832/0/best_model.pkl', 'idx': -1, 'aligner': 1, 'always_align': 1, 'refiner': 1, 'rec_block_num': 1, 'enhance': 1, 'enhance_type': 5, 'seed': 34, 'batch_size': 128, 'share_head': 0, 'add_noise': 1, 'jitter_sigma': 2.0, 'slope_rate': 0.01, 'slope_range': 0.5, 'alpha': 10.0, 'beta': 1.0, 'gamma': 0.15, 'feature_jittering': 1, 'rec_intra_feature': 0, 'rec_ori': 1, 'mid_dim': 128, 'test_en': 5, 'debugger': 0, 'omega': 1.0, 'theta': 1.1, 'mask_border': 1, 'sup_weight': 10.0, 'rec_length_ratio': 0.8, 'ref_dropout': 0.0, 'ref_block_num': 2, 'add_FFN': 0, 'add_residual': 0, 'rec_all': 0, 'e_layers': 3, '/* model related args*/': '//', 'model_name': 'PatchTST', 'seq_len': 336, 'label_len': 48, 'features': 'M', 'target': 'OT', 'graph_input': False, 'individual': False, 'd_layers': 1, 'factor': 1, 'n_heads': 16, 'd_model': 128, 'd_ff': 256, 'dropout': 0.2, 'fc_dropout': 0.2, 'head_dropout': 0.0, 'patch_len': 16, 'stride': 8, 'des': 'Exp', 'padding_patch': 'end', 'revin': 1, 'affine': 0, 'subtract_last': 0, 'decomposition': 0, 'kernel_size': 25, 'output_attention': 0, 'embed_type': 0, 'activation': 'gelu', 'lradj': 'TST', 'distil': 1, 'linear_output': 1, 'pct_start': 0.2, '/*train related args*/': '//', 'epoch': 30, 'lr': 0.0001, '/*dataset related args*/': '//', 'save_data_path': 'data/ECL/', 'data_process': True, 'embed': 'timeF', 'freq': 'h', 'begin_phase': 0, 'end_phase': 1, 'phase_len': -1, 'val_ratio': 0.33, 'graph_size': 321, '/*strategy related args*/': '//', 'strategy': 'incremental', 'increase': False, 'detect': False, 'detect_strategy': 'feature', 'replay': False, 'replay_strategy': 'random', 'repaly_num_samples': 100, 'ewc': False, 'ewc_strategy': 'ewc', 'ewc_lambda': 0.0001, 'subgraph_train': False, 'num_hops': 2, 'logname': 'ECL-PatchTST', 'time': '2023-08-25-21:47:03.988304', 'path': 'exp/ECL-PatchTST2023-08-25-21:47:03.988304', 'num_workers': 4, 'start_train': 0, 'train_mode': 'pretrain', 'get_score': False, 'use_cm': True, 'logger': <Logger __main__ (INFO)>}
2023-08-25 21:47:03,989 - [*] phase 0 start training
0 17420
train 8209
val 2785
test 2785
2023-08-25 21:47:04,187 - [*] phase 0 Dataset load!
2023-08-25 21:47:13,357 - [*] loss:0.3398
2023-08-25 21:47:13,360 - [*] phase 0, testing
2023-08-25 21:47:13,402 - T:96	MAE	0.388559	RMSE	0.339806	MAPE	129.791808
2023-08-25 21:47:13,403 - 96	mae	0.3886	
2023-08-25 21:47:13,403 - 96	rmse	0.3398	
2023-08-25 21:47:13,403 - 96	mape	129.7918	
2023-08-25 21:47:17,229 - [*] loss:0.3501
2023-08-25 21:47:17,232 - [*] phase 0, testing
2023-08-25 21:47:17,269 - T:96	MAE	0.396546	RMSE	0.349969	MAPE	129.798615
2023-08-25 21:47:25,459 - [*] loss:0.3450
2023-08-25 21:47:25,462 - [*] phase 0, testing
2023-08-25 21:47:25,503 - T:96	MAE	0.389558	RMSE	0.345520	MAPE	131.400537
2023-08-25 21:47:29,638 - [*] loss:0.3388
2023-08-25 21:47:29,641 - [*] phase 0, testing
2023-08-25 21:47:29,679 - T:96	MAE	0.384995	RMSE	0.338587	MAPE	125.515950
2023-08-25 21:47:29,680 - 96	mae	0.3850	
2023-08-25 21:47:29,681 - 96	rmse	0.3386	
2023-08-25 21:47:29,681 - 96	mape	125.5159	
