2023-08-11 00:09:21,449 - logger name:exp/ECL-PatchTST2023-08-11-00:09:21.449263/ECL-PatchTST.log
2023-08-11 00:09:21,449 - params : {'loss': 'huber', 'conf': 'ECL-PatchTST', 'data_name': 'ETTh2', 'iteration': 1, 'train': 1, 'load': True, 'build_graph': False, 'same_init': True, 'grad_norm': False, 'refiner_residual': 0, 'root_path': '', 'exp_path': 'exp/', 'val_test_mix': False, 'pred_len': 96, 'noise_rate': 0.5, 'device': device(type='cuda', index=0), 'test_model_path': '/Disk/fhyega/code/BASE/exp/ECL-PatchTST2023-08-10-22:33:03.035667/0/best_model.pkl', 'idx': -1, 'aligner': 1, 'always_align': 1, 'refiner': 1, 'refiner_block_num': 1, 'enhance': 1, 'enhance_type': 5, 'seed': 34, 'batch_size': 128, 'share_head': 0, 'add_noise': 1, 'jitter_sigma': 0.5, 'slope_rate': 0.01, 'slope_range': 0.5, 'alpha': 10.0, 'beta': 1.0, 'gamma': 0.0, 'theta': 1.5, 'feature_jittering': 1, 'rec_intra_feature': 0, 'rec_ori': 1, 'mid_dim': 128, 'test_en': 0, '/* model related args*/': '//', 'model_name': 'PatchTST', 'seq_len': 336, 'label_len': 48, 'features': 'M', 'target': 'OT', 'graph_input': False, 'individual': False, 'e_layers': 3, 'd_layers': 1, 'factor': 1, 'n_heads': 16, 'd_model': 128, 'd_ff': 256, 'dropout': 0.2, 'fc_dropout': 0.2, 'head_dropout': 0.0, 'patch_len': 16, 'stride': 8, 'des': 'Exp', 'padding_patch': 'end', 'revin': 1, 'affine': 0, 'subtract_last': 0, 'decomposition': 0, 'kernel_size': 25, 'output_attention': 0, 'embed_type': 0, 'activation': 'gelu', 'lradj': 'TST', 'distil': 1, 'linear_output': 1, 'pct_start': 0.2, '/*train related args*/': '//', 'epoch': 30, 'lr': 0.0001, '/*dataset related args*/': '//', 'save_data_path': 'data/ECL/', 'data_process': True, 'embed': 'timeF', 'freq': 'h', 'begin_phase': 0, 'end_phase': 1, 'phase_len': 26304, 'val_ratio': 0.33, 'graph_size': 321, '/*strategy related args*/': '//', 'strategy': 'incremental', 'increase': False, 'detect': False, 'detect_strategy': 'feature', 'replay': False, 'replay_strategy': 'random', 'repaly_num_samples': 100, 'ewc': False, 'ewc_strategy': 'ewc', 'ewc_lambda': 0.0001, 'subgraph_train': False, 'num_hops': 2, 'logname': 'ECL-PatchTST', 'time': '2023-08-11-00:09:21.449263', 'path': 'exp/ECL-PatchTST2023-08-11-00:09:21.449263', 'num_workers': 4, 'start_train': 0, 'train_mode': 'pretrain', 'get_score': False, 'use_cm': True, 'logger': <Logger __main__ (INFO)>}
2023-08-11 00:09:21,450 - [*] phase 0 start training
0 26304
train 8209
val 2785
test 2785
2023-08-11 00:09:21,639 - [*] phase 0 Dataset load!
2023-08-11 00:09:22,489 - [*] phase 0 Training start
train 8209
2023-08-11 00:09:38,790 - epoch:0, training loss:0.2110 validation loss:0.1649
train 8209
vs, vt 0.16486662795597856 0.16594293696636503
Updating learning rate to 1.0463629820836433e-05
Updating learning rate to 1.0463629820836433e-05
train 8209
vs, vt 0.13886725580827755 0.13685253508050332
need align? ->  True 0.13685253508050332
2023-08-11 00:10:43,567 - epoch:1, training loss:4.3136 validation loss:0.1389
Updating learning rate to 2.8113748014145436e-05
Updating learning rate to 2.8113748014145436e-05
train 8209
vs, vt 0.1284572503275492 0.12822864636440168
need align? ->  True 0.12822864636440168
2023-08-11 00:11:42,637 - epoch:2, training loss:3.4066 validation loss:0.1285
Updating learning rate to 5.219686165094539e-05
Updating learning rate to 5.219686165094539e-05
train 8209
vs, vt 0.12539867709644817 0.12527136301452463
need align? ->  True 0.12527136301452463
2023-08-11 00:12:43,859 - epoch:3, training loss:2.5134 validation loss:0.1254
Updating learning rate to 7.622695691951079e-05
Updating learning rate to 7.622695691951079e-05
train 8209
vs, vt 0.12573686157437888 0.12484117758206346
need align? ->  True 0.12484117758206346
2023-08-11 00:13:44,022 - epoch:4, training loss:1.9833 validation loss:0.1257
Updating learning rate to 9.373229880419829e-05
Updating learning rate to 9.373229880419829e-05
train 8209
vs, vt 0.12432084300301292 0.12505928164517338
need align? ->  False 0.12484117758206346
2023-08-11 00:14:44,252 - epoch:5, training loss:1.7604 validation loss:0.1243
Updating learning rate to 9.999989541836333e-05
Updating learning rate to 9.999989541836333e-05
train 8209
vs, vt 0.12404306732456792 0.12213120296258818
need align? ->  True 0.12213120296258818
2023-08-11 00:15:45,131 - epoch:6, training loss:1.6820 validation loss:0.1240
Updating learning rate to 9.955879284407972e-05
Updating learning rate to 9.955879284407972e-05
train 8209
vs, vt 0.12451418235220692 0.12418124011971733
need align? ->  True 0.12213120296258818
2023-08-11 00:16:45,211 - epoch:7, training loss:1.6364 validation loss:0.1245
Updating learning rate to 9.826972900599613e-05
Updating learning rate to 9.826972900599613e-05
train 8209
vs, vt 0.12427647394890134 0.12179187397387894
need align? ->  True 0.12179187397387894
2023-08-11 00:17:48,252 - epoch:8, training loss:1.5657 validation loss:0.1243
Updating learning rate to 9.615476014377818e-05
Updating learning rate to 9.615476014377818e-05
train 8209
vs, vt 0.12376698783852837 0.12260260483758016
need align? ->  True 0.12179187397387894
2023-08-11 00:18:48,618 - epoch:9, training loss:1.5972 validation loss:0.1238
Updating learning rate to 9.325007396103859e-05
Updating learning rate to 9.325007396103859e-05
train 8209
vs, vt 0.1255468646572395 0.12127822197296402
need align? ->  True 0.12127822197296402
2023-08-11 00:19:49,456 - epoch:10, training loss:1.5393 validation loss:0.1255
Updating learning rate to 8.960537044369518e-05
Updating learning rate to 8.960537044369518e-05
train 8209
vs, vt 0.13043411220000548 0.12317275543781844
need align? ->  True 0.12127822197296402
2023-08-11 00:20:50,416 - epoch:11, training loss:1.5952 validation loss:0.1304
Updating learning rate to 8.528301147943237e-05
Updating learning rate to 8.528301147943237e-05
train 8209
vs, vt 0.12598408191380175 0.12303673958575184
need align? ->  True 0.12127822197296402
2023-08-11 00:21:51,275 - epoch:12, training loss:1.5397 validation loss:0.1260
Updating learning rate to 8.035695382851308e-05
Updating learning rate to 8.035695382851308e-05
train 8209
vs, vt 0.12728665802966466 0.12133005422286013
need align? ->  True 0.12127822197296402
2023-08-11 00:22:52,107 - epoch:13, training loss:1.5169 validation loss:0.1273
Updating learning rate to 7.49114837031057e-05
Updating learning rate to 7.49114837031057e-05
train 8209
vs, vt 0.12563560708341273 0.12205332322892817
need align? ->  True 0.12127822197296402
2023-08-11 00:23:52,833 - epoch:14, training loss:1.4955 validation loss:0.1256
Updating learning rate to 6.90397746068255e-05
Updating learning rate to 6.90397746068255e-05
train 8209
vs, vt 0.12462061050940644 0.12247203595258972
need align? ->  True 0.12127822197296402
2023-08-11 00:24:53,626 - epoch:15, training loss:1.4850 validation loss:0.1246
Updating learning rate to 6.284229311025519e-05
Updating learning rate to 6.284229311025519e-05
train 8209
vs, vt 0.1257701666009697 0.1216608498414809
need align? ->  True 0.12127822197296402
2023-08-11 00:25:55,093 - epoch:16, training loss:1.4673 validation loss:0.1258
Updating learning rate to 5.642507984006751e-05
Updating learning rate to 5.642507984006751e-05
train 8209
vs, vt 0.12407605815678835 0.12143993978811936
need align? ->  True 0.12127822197296402
2023-08-11 00:26:57,716 - epoch:17, training loss:1.4615 validation loss:0.1241
Updating learning rate to 4.989793509450307e-05
Updating learning rate to 4.989793509450307e-05
train 8209
vs, vt 0.12390367204154079 0.12127057640728625
need align? ->  True 0.12127057640728625
2023-08-11 00:28:00,412 - epoch:18, training loss:1.4521 validation loss:0.1239
Updating learning rate to 4.337254012982485e-05
Updating learning rate to 4.337254012982485e-05
train 8209
vs, vt 0.125485596077686 0.12242935564030301
need align? ->  True 0.12127057640728625
2023-08-11 00:29:02,264 - epoch:19, training loss:1.5724 validation loss:0.1255
Updating learning rate to 3.696054626305981e-05
Updating learning rate to 3.696054626305981e-05
train 8209
vs, vt 0.12638322314755482 0.12176685052161867
need align? ->  True 0.12127057640728625
2023-08-11 00:30:06,066 - epoch:20, training loss:1.4982 validation loss:0.1264
Updating learning rate to 3.0771664487008854e-05
Updating learning rate to 3.0771664487008854e-05
train 8209
vs, vt 0.12460668647492473 0.12176781723445113
need align? ->  True 0.12127057640728625
2023-08-11 00:31:10,018 - epoch:21, training loss:1.4889 validation loss:0.1246
Updating learning rate to 2.491178828474237e-05
Updating learning rate to 2.491178828474237e-05
train 8209
vs, vt 0.12587874348868022 0.12164957474239847
need align? ->  True 0.12127057640728625
2023-08-11 00:32:14,019 - epoch:22, training loss:1.4809 validation loss:0.1259
Updating learning rate to 1.9481181762745777e-05
Updating learning rate to 1.9481181762745777e-05
train 8209
vs, vt 0.1250829127701846 0.1225852221250534
need align? ->  True 0.12127057640728625
2023-08-11 00:33:17,929 - epoch:23, training loss:1.4760 validation loss:0.1251
Updating learning rate to 1.4572764104259043e-05
Updating learning rate to 1.4572764104259043e-05
train 8209
vs, vt 0.12499118232252923 0.12224513393911449
need align? ->  True 0.12127057640728625
2023-08-11 00:34:21,336 - epoch:24, training loss:1.4697 validation loss:0.1250
Updating learning rate to 1.0270519696289322e-05
Updating learning rate to 1.0270519696289322e-05
train 8209
vs, vt 0.1253210660070181 0.12233983682976528
need align? ->  True 0.12127057640728625
2023-08-11 00:35:25,448 - epoch:25, training loss:1.4677 validation loss:0.1253
Updating learning rate to 6.648061133464466e-06
Updating learning rate to 6.648061133464466e-06
train 8209
vs, vt 0.12546571098606696 0.1224788065830415
need align? ->  True 0.12127057640728625
2023-08-11 00:36:29,584 - epoch:26, training loss:1.4639 validation loss:0.1255
Updating learning rate to 3.7673696861296922e-06
Updating learning rate to 3.7673696861296922e-06
train 8209
vs, vt 0.12523556856269186 0.122409863143482
need align? ->  True 0.12127057640728625
2023-08-11 00:37:32,617 - epoch:27, training loss:1.4685 validation loss:0.1252
Updating learning rate to 1.6777347836274343e-06
Updating learning rate to 1.6777347836274343e-06
train 8209
vs, vt 0.12521714683283458 0.12235540744255889
need align? ->  True 0.12127057640728625
2023-08-11 00:38:35,745 - epoch:28, training loss:1.4616 validation loss:0.1252
Updating learning rate to 4.1491065849575754e-07
Updating learning rate to 4.1491065849575754e-07
train 8209
vs, vt 0.12533116340637207 0.12238689554347233
need align? ->  True 0.12127057640728625
2023-08-11 00:39:39,347 - epoch:29, training loss:1.4634 validation loss:0.1253
Updating learning rate to 5.045816366600914e-10
Updating learning rate to 5.045816366600914e-10
check exp/ECL-PatchTST2023-08-11-00:09:21.449263/0/0.1238_epoch_9.pkl  &  0.12127057640728625
2023-08-11 00:39:46,384 - [*] loss:0.2756
2023-08-11 00:39:46,388 - [*] phase 0, testing
2023-08-11 00:39:46,452 - T:96	MAE	0.334092	RMSE	0.275552	MAPE	132.508659
2023-08-11 00:39:46,456 - 96	mae	0.3341	
2023-08-11 00:39:46,456 - 96	rmse	0.2756	
2023-08-11 00:39:46,456 - 96	mape	132.5087	
2023-08-11 00:39:51,753 - [*] loss:0.2704
2023-08-11 00:39:51,758 - [*] phase 0, testing
2023-08-11 00:39:51,841 - T:96	MAE	0.330550	RMSE	0.270539	MAPE	131.998754
2023-08-11 00:39:56,550 - [*] loss:0.2703
2023-08-11 00:39:56,556 - [*] phase 0, testing
2023-08-11 00:39:56,608 - T:96	MAE	0.329336	RMSE	0.270321	MAPE	126.373434
2023-08-11 00:39:56,611 - 96	mae	0.3293	
2023-08-11 00:39:56,611 - 96	rmse	0.2703	
2023-08-11 00:39:56,611 - 96	mape	126.3734	
