2023-08-18 21:04:07,264 - logger name:exp/ECL-PatchTST2023-08-18-21:04:07.263949/ECL-PatchTST.log
2023-08-18 21:04:07,264 - params : {'loss': 'huber', 'conf': 'ECL-PatchTST', 'data_name': 'ETTh2', 'iteration': 1, 'train': 1, 'load': True, 'build_graph': False, 'same_init': True, 'grad_norm': False, 'refiner_residual': 0, 'root_path': '', 'exp_path': 'exp/', 'val_test_mix': False, 'pred_len': 96, 'noise_rate': 0.5, 'device': device(type='cuda', index=1), 'test_model_path': '/Disk/fhyega/code/BASE/exp/ECL-PatchTST2023-08-17-17:23:46.206353/0/best_model.pkl', 'idx': -1, 'aligner': 1, 'always_align': 1, 'refiner': 1, 'refiner_block_num': 1, 'enhance': 1, 'enhance_type': 5, 'seed': 34, 'batch_size': 128, 'share_head': 0, 'add_noise': 1, 'jitter_sigma': 2.0, 'slope_rate': 0.01, 'slope_range': 0.5, 'alpha': 10.0, 'beta': 1.0, 'gamma': 0.15, 'theta': 1.5, 'feature_jittering': 1, 'rec_intra_feature': 0, 'rec_ori': 1, 'mid_dim': 128, 'test_en': 0, 'debugger': 0, '/* model related args*/': '//', 'model_name': 'PatchTST', 'seq_len': 336, 'label_len': 48, 'features': 'M', 'target': 'OT', 'graph_input': False, 'individual': False, 'e_layers': 3, 'd_layers': 1, 'factor': 1, 'n_heads': 16, 'd_model': 128, 'd_ff': 256, 'dropout': 0.2, 'fc_dropout': 0.2, 'head_dropout': 0.0, 'patch_len': 16, 'stride': 8, 'des': 'Exp', 'padding_patch': 'end', 'revin': 1, 'affine': 0, 'subtract_last': 0, 'decomposition': 0, 'kernel_size': 25, 'output_attention': 0, 'embed_type': 0, 'activation': 'gelu', 'lradj': 'TST', 'distil': 1, 'linear_output': 1, 'pct_start': 0.2, '/*train related args*/': '//', 'epoch': 30, 'lr': 0.0001, '/*dataset related args*/': '//', 'save_data_path': 'data/ECL/', 'data_process': True, 'embed': 'timeF', 'freq': 'h', 'begin_phase': 0, 'end_phase': 1, 'phase_len': 26304, 'val_ratio': 0.33, 'graph_size': 321, '/*strategy related args*/': '//', 'strategy': 'incremental', 'increase': False, 'detect': False, 'detect_strategy': 'feature', 'replay': False, 'replay_strategy': 'random', 'repaly_num_samples': 100, 'ewc': False, 'ewc_strategy': 'ewc', 'ewc_lambda': 0.0001, 'subgraph_train': False, 'num_hops': 2, 'logname': 'ECL-PatchTST', 'time': '2023-08-18-21:04:07.263949', 'path': 'exp/ECL-PatchTST2023-08-18-21:04:07.263949', 'num_workers': 4, 'start_train': 0, 'train_mode': 'pretrain', 'get_score': False, 'use_cm': True, 'logger': <Logger __main__ (INFO)>}
2023-08-18 21:04:07,264 - [*] phase 0 start training
0 26304
train 8209
val 2785
test 2785
2023-08-18 21:04:07,451 - [*] phase 0 Dataset load!
2023-08-18 21:04:08,436 - [*] phase 0 Training start
train 8209
2023-08-18 21:04:45,976 - epoch:0, training loss:0.2194 validation loss:0.1657
train 8209
vs, vt 0.16570387645201248 0.16751510108059103
Updating learning rate to 1.0463629820836433e-05
Updating learning rate to 1.0463629820836433e-05
train 8209
vs, vt 0.14260249043052847 0.1422069755128839
need align? ->  True 0.1422069755128839
2023-08-18 21:05:59,512 - epoch:1, training loss:8.7674 validation loss:0.1426
Updating learning rate to 2.8113748014145436e-05
Updating learning rate to 2.8113748014145436e-05
train 8209
vs, vt 0.1300966271453283 0.131423479962078
need align? ->  False 0.131423479962078
2023-08-18 21:06:58,679 - epoch:2, training loss:7.8147 validation loss:0.1301
Updating learning rate to 5.219686165094539e-05
Updating learning rate to 5.219686165094539e-05
train 8209
vs, vt 0.12607332098890434 0.12968497316945682
need align? ->  False 0.12968497316945682
2023-08-18 21:07:58,391 - epoch:3, training loss:6.6395 validation loss:0.1261
Updating learning rate to 7.622695691951079e-05
Updating learning rate to 7.622695691951079e-05
train 8209
vs, vt 0.12512161396443844 0.12725830543786287
need align? ->  False 0.12725830543786287
2023-08-18 21:08:59,188 - epoch:4, training loss:5.8852 validation loss:0.1251
Updating learning rate to 9.373229880419829e-05
Updating learning rate to 9.373229880419829e-05
train 8209
vs, vt 0.12476933375000954 0.1267654292116111
need align? ->  False 0.1267654292116111
2023-08-18 21:10:01,067 - epoch:5, training loss:5.7304 validation loss:0.1248
Updating learning rate to 9.999989541836333e-05
Updating learning rate to 9.999989541836333e-05
train 8209
vs, vt 0.12437937950546091 0.12508149876851926
need align? ->  False 0.12508149876851926
2023-08-18 21:11:01,412 - epoch:6, training loss:5.7934 validation loss:0.1244
Updating learning rate to 9.955879284407972e-05
Updating learning rate to 9.955879284407972e-05
train 8209
vs, vt 0.12532416875050825 0.12660856638103724
need align? ->  True 0.12508149876851926
2023-08-18 21:12:02,738 - epoch:7, training loss:5.9923 validation loss:0.1253
Updating learning rate to 9.826972900599613e-05
Updating learning rate to 9.826972900599613e-05
train 8209
vs, vt 0.12373286468738859 0.12492391814223745
need align? ->  False 0.12492391814223745
2023-08-18 21:13:02,670 - epoch:8, training loss:5.7171 validation loss:0.1237
Updating learning rate to 9.615476014377818e-05
Updating learning rate to 9.615476014377818e-05
train 8209
vs, vt 0.12417704468085007 0.12497918028384447
need align? ->  False 0.12492391814223745
2023-08-18 21:14:03,493 - epoch:9, training loss:6.0272 validation loss:0.1242
Updating learning rate to 9.325007396103859e-05
Updating learning rate to 9.325007396103859e-05
train 8209
vs, vt 0.12462443435056643 0.12332819656214931
need align? ->  True 0.12332819656214931
2023-08-18 21:15:03,952 - epoch:10, training loss:5.7766 validation loss:0.1246
Updating learning rate to 8.960537044369518e-05
Updating learning rate to 8.960537044369518e-05
train 8209
vs, vt 0.12609151293608276 0.12562186931344596
need align? ->  True 0.12332819656214931
2023-08-18 21:16:05,701 - epoch:11, training loss:6.1523 validation loss:0.1261
Updating learning rate to 8.528301147943237e-05
Updating learning rate to 8.528301147943237e-05
train 8209
vs, vt 0.1245716367424889 0.12503674829548056
need align? ->  True 0.12332819656214931
2023-08-18 21:17:06,889 - epoch:12, training loss:5.8894 validation loss:0.1246
Updating learning rate to 8.035695382851308e-05
Updating learning rate to 8.035695382851308e-05
train 8209
vs, vt 0.12451970340176062 0.12486446589570153
need align? ->  True 0.12332819656214931
2023-08-18 21:18:07,148 - epoch:13, training loss:5.8091 validation loss:0.1245
Updating learning rate to 7.49114837031057e-05
Updating learning rate to 7.49114837031057e-05
train 8209
vs, vt 0.12554446184499699 0.12345282538709315
need align? ->  True 0.12332819656214931
2023-08-18 21:19:07,858 - epoch:14, training loss:5.7678 validation loss:0.1255
Updating learning rate to 6.90397746068255e-05
Updating learning rate to 6.90397746068255e-05
train 8209
vs, vt 0.12524591089988296 0.12339025617323139
need align? ->  True 0.12332819656214931
2023-08-18 21:20:09,312 - epoch:15, training loss:5.7623 validation loss:0.1252
Updating learning rate to 6.284229311025519e-05
Updating learning rate to 6.284229311025519e-05
train 8209
vs, vt 0.1263434419577772 0.1229700871150602
need align? ->  True 0.1229700871150602
2023-08-18 21:21:09,537 - epoch:16, training loss:5.7134 validation loss:0.1263
Updating learning rate to 5.642507984006751e-05
Updating learning rate to 5.642507984006751e-05
train 8209
vs, vt 0.12581352500075643 0.1254611789164218
need align? ->  True 0.1229700871150602
2023-08-18 21:22:11,084 - epoch:17, training loss:6.3225 validation loss:0.1258
Updating learning rate to 4.989793509450307e-05
Updating learning rate to 4.989793509450307e-05
train 8209
vs, vt 0.1260810038074851 0.12556895122609354
need align? ->  True 0.1229700871150602
2023-08-18 21:22:55,556 - epoch:18, training loss:5.8709 validation loss:0.1261
Updating learning rate to 4.337254012982485e-05
Updating learning rate to 4.337254012982485e-05
train 8209
vs, vt 0.12607648376036773 0.1247695828364654
need align? ->  True 0.1229700871150602
2023-08-18 21:23:34,265 - epoch:19, training loss:5.8004 validation loss:0.1261
Updating learning rate to 3.696054626305981e-05
Updating learning rate to 3.696054626305981e-05
train 8209
vs, vt 0.12537356144325298 0.12467761100693182
need align? ->  True 0.1229700871150602
2023-08-18 21:24:12,658 - epoch:20, training loss:5.7615 validation loss:0.1254
Updating learning rate to 3.0771664487008854e-05
Updating learning rate to 3.0771664487008854e-05
train 8209
vs, vt 0.12496152554046024 0.12406754942441528
need align? ->  True 0.1229700871150602
2023-08-18 21:24:50,920 - epoch:21, training loss:5.7442 validation loss:0.1250
Updating learning rate to 2.491178828474237e-05
Updating learning rate to 2.491178828474237e-05
train 8209
vs, vt 0.1259159449149262 0.12462647809562358
need align? ->  True 0.1229700871150602
2023-08-18 21:25:28,579 - epoch:22, training loss:5.7602 validation loss:0.1259
Updating learning rate to 1.9481181762745777e-05
Updating learning rate to 1.9481181762745777e-05
train 8209
vs, vt 0.125347987071357 0.12421409032222899
need align? ->  True 0.1229700871150602
2023-08-18 21:26:05,642 - epoch:23, training loss:5.7337 validation loss:0.1253
Updating learning rate to 1.4572764104259043e-05
Updating learning rate to 1.4572764104259043e-05
train 8209
vs, vt 0.12571803099391135 0.12438072238794783
need align? ->  True 0.1229700871150602
2023-08-18 21:26:42,256 - epoch:24, training loss:5.7448 validation loss:0.1257
Updating learning rate to 1.0270519696289322e-05
Updating learning rate to 1.0270519696289322e-05
train 8209
vs, vt 0.1254245632920753 0.1242972170426087
need align? ->  True 0.1229700871150602
2023-08-18 21:27:21,098 - epoch:25, training loss:5.6852 validation loss:0.1254
Updating learning rate to 6.648061133464466e-06
Updating learning rate to 6.648061133464466e-06
train 8209
vs, vt 0.12549837187609889 0.12443883725526658
need align? ->  True 0.1229700871150602
2023-08-18 21:27:57,812 - epoch:26, training loss:5.6878 validation loss:0.1255
Updating learning rate to 3.7673696861296922e-06
Updating learning rate to 3.7673696861296922e-06
train 8209
vs, vt 0.1256301531737501 0.12435489562763409
need align? ->  True 0.1229700871150602
2023-08-18 21:28:34,787 - epoch:27, training loss:5.6896 validation loss:0.1256
Updating learning rate to 1.6777347836274343e-06
Updating learning rate to 1.6777347836274343e-06
train 8209
vs, vt 0.12565244776620108 0.12434536303308877
need align? ->  True 0.1229700871150602
2023-08-18 21:29:11,641 - epoch:28, training loss:5.6898 validation loss:0.1257
Updating learning rate to 4.1491065849575754e-07
Updating learning rate to 4.1491065849575754e-07
train 8209
vs, vt 0.1256505319509994 0.12434356685050509
need align? ->  True 0.1229700871150602
2023-08-18 21:29:48,690 - epoch:29, training loss:5.6937 validation loss:0.1257
Updating learning rate to 5.045816366600914e-10
Updating learning rate to 5.045816366600914e-10
check exp/ECL-PatchTST2023-08-18-21:04:07.263949/0/0.1237_epoch_8.pkl  &  0.1229700871150602
2023-08-18 21:29:50,667 - [*] loss:0.2746
2023-08-18 21:29:50,670 - [*] phase 0, testing
2023-08-18 21:29:50,708 - T:96	MAE	0.332814	RMSE	0.274884	MAPE	136.182070
2023-08-18 21:29:50,710 - 96	mae	0.3328	
2023-08-18 21:29:50,710 - 96	rmse	0.2749	
2023-08-18 21:29:50,710 - 96	mape	136.1821	
2023-08-18 21:29:51,779 - [*] loss:0.2757
2023-08-18 21:29:51,782 - [*] phase 0, testing
2023-08-18 21:29:51,820 - T:96	MAE	0.334059	RMSE	0.276258	MAPE	136.993599
2023-08-18 21:29:52,776 - [*] loss:0.2729
2023-08-18 21:29:52,779 - [*] phase 0, testing
2023-08-18 21:29:52,815 - T:96	MAE	0.331930	RMSE	0.272999	MAPE	130.840266
2023-08-18 21:29:52,816 - 96	mae	0.3319	
2023-08-18 21:29:52,816 - 96	rmse	0.2730	
2023-08-18 21:29:52,816 - 96	mape	130.8403	
