2023-08-17 15:51:00,695 - logger name:exp/ECL-PatchTST2023-08-17-15:51:00.694545/ECL-PatchTST.log
2023-08-17 15:51:00,695 - params : {'loss': 'huber', 'conf': 'ECL-PatchTST', 'data_name': 'ETTh2', 'iteration': 1, 'train': 1, 'load': True, 'build_graph': False, 'same_init': True, 'grad_norm': False, 'refiner_residual': 0, 'root_path': '', 'exp_path': 'exp/', 'val_test_mix': False, 'pred_len': 96, 'noise_rate': 0.5, 'device': device(type='cuda', index=0), 'test_model_path': '/Disk/fhyega/code/BASE/exp/ECL-PatchTST2023-08-10-22:33:03.035667/0/best_model.pkl', 'idx': -1, 'aligner': 1, 'always_align': 1, 'refiner': 1, 'refiner_block_num': 1, 'enhance': 1, 'enhance_type': 5, 'seed': 34, 'batch_size': 128, 'share_head': 0, 'add_noise': 1, 'jitter_sigma': 2.0, 'slope_rate': 0.01, 'slope_range': 0.5, 'alpha': 10.0, 'beta': 1.0, 'gamma': 0.15, 'theta': 1.5, 'feature_jittering': 1, 'rec_intra_feature': 0, 'rec_ori': 1, 'mid_dim': 128, 'test_en': 0, '/* model related args*/': '//', 'model_name': 'PatchTST', 'seq_len': 336, 'label_len': 48, 'features': 'M', 'target': 'OT', 'graph_input': False, 'individual': False, 'e_layers': 3, 'd_layers': 1, 'factor': 1, 'n_heads': 16, 'd_model': 128, 'd_ff': 256, 'dropout': 0.2, 'fc_dropout': 0.2, 'head_dropout': 0.0, 'patch_len': 16, 'stride': 8, 'des': 'Exp', 'padding_patch': 'end', 'revin': 1, 'affine': 0, 'subtract_last': 0, 'decomposition': 0, 'kernel_size': 25, 'output_attention': 0, 'embed_type': 0, 'activation': 'gelu', 'lradj': 'TST', 'distil': 1, 'linear_output': 1, 'pct_start': 0.2, '/*train related args*/': '//', 'epoch': 30, 'lr': 0.0001, '/*dataset related args*/': '//', 'save_data_path': 'data/ECL/', 'data_process': True, 'embed': 'timeF', 'freq': 'h', 'begin_phase': 0, 'end_phase': 1, 'phase_len': 26304, 'val_ratio': 0.33, 'graph_size': 321, '/*strategy related args*/': '//', 'strategy': 'incremental', 'increase': False, 'detect': False, 'detect_strategy': 'feature', 'replay': False, 'replay_strategy': 'random', 'repaly_num_samples': 100, 'ewc': False, 'ewc_strategy': 'ewc', 'ewc_lambda': 0.0001, 'subgraph_train': False, 'num_hops': 2, 'logname': 'ECL-PatchTST', 'time': '2023-08-17-15:51:00.694545', 'path': 'exp/ECL-PatchTST2023-08-17-15:51:00.694545', 'num_workers': 4, 'start_train': 0, 'train_mode': 'pretrain', 'get_score': False, 'use_cm': True, 'logger': <Logger __main__ (INFO)>}
2023-08-17 15:51:00,695 - [*] phase 0 start training
0 26304
train 8209
val 2785
test 2785
2023-08-17 15:51:00,882 - [*] phase 0 Dataset load!
2023-08-17 15:51:01,714 - [*] phase 0 Training start
train 8209
2023-08-17 15:51:17,072 - epoch:0, training loss:0.2154 validation loss:0.1634
train 8209
vs, vt 0.16343668814409862 0.16505313546142794
Updating learning rate to 1.0463629820836433e-05
Updating learning rate to 1.0463629820836433e-05
train 8209
vs, vt 0.13937274739146233 0.14191666363992475
need align? ->  False 0.14191666363992475
2023-08-17 15:51:57,387 - epoch:1, training loss:5.0049 validation loss:0.1394
Updating learning rate to 2.8113748014145436e-05
Updating learning rate to 2.8113748014145436e-05
train 8209
vs, vt 0.13064711092209275 0.13497946258972993
need align? ->  False 0.13497946258972993
2023-08-17 15:52:31,961 - epoch:2, training loss:4.1747 validation loss:0.1306
Updating learning rate to 5.219686165094539e-05
Updating learning rate to 5.219686165094539e-05
train 8209
vs, vt 0.12685232507911595 0.13149827024476093
need align? ->  False 0.13149827024476093
2023-08-17 15:53:06,969 - epoch:3, training loss:2.9477 validation loss:0.1269
Updating learning rate to 7.622695691951079e-05
Updating learning rate to 7.622695691951079e-05
train 8209
vs, vt 0.1262742971832102 0.12980092139067975
need align? ->  False 0.12980092139067975
2023-08-17 15:53:41,979 - epoch:4, training loss:2.0751 validation loss:0.1263
Updating learning rate to 9.373229880419829e-05
Updating learning rate to 9.373229880419829e-05
train 8209
vs, vt 0.1233946035870097 0.1301071843640371
need align? ->  False 0.12980092139067975
2023-08-17 15:54:17,227 - epoch:5, training loss:1.9490 validation loss:0.1234
Updating learning rate to 9.999989541836333e-05
Updating learning rate to 9.999989541836333e-05
train 8209
vs, vt 0.1236837635832754 0.12652970444072376
need align? ->  False 0.12652970444072376
2023-08-17 15:54:53,320 - epoch:6, training loss:1.7879 validation loss:0.1237
Updating learning rate to 9.955879284407972e-05
Updating learning rate to 9.955879284407972e-05
train 8209
vs, vt 0.12327111385424029 0.12933183867822995
need align? ->  False 0.12652970444072376
2023-08-17 15:55:32,572 - epoch:7, training loss:2.0597 validation loss:0.1233
Updating learning rate to 9.826972900599613e-05
Updating learning rate to 9.826972900599613e-05
train 8209
vs, vt 0.12354426687075333 0.1247066692025824
need align? ->  False 0.1247066692025824
2023-08-17 15:56:07,578 - epoch:8, training loss:1.8425 validation loss:0.1235
Updating learning rate to 9.615476014377818e-05
Updating learning rate to 9.615476014377818e-05
train 8209
vs, vt 0.12373682551763275 0.12795428017323668
need align? ->  False 0.1247066692025824
2023-08-17 15:56:42,613 - epoch:9, training loss:2.2194 validation loss:0.1237
Updating learning rate to 9.325007396103859e-05
Updating learning rate to 9.325007396103859e-05
train 8209
vs, vt 0.123760617592118 0.1244528020139445
need align? ->  False 0.1244528020139445
2023-08-17 15:57:17,910 - epoch:10, training loss:1.9744 validation loss:0.1238
Updating learning rate to 8.960537044369518e-05
Updating learning rate to 8.960537044369518e-05
train 8209
vs, vt 0.1252928040921688 0.12675480857830157
need align? ->  True 0.1244528020139445
2023-08-17 15:57:53,025 - epoch:11, training loss:2.5021 validation loss:0.1253
Updating learning rate to 8.528301147943237e-05
Updating learning rate to 8.528301147943237e-05
train 8209
vs, vt 0.12476036570627581 0.1252354538406838
need align? ->  True 0.1244528020139445
2023-08-17 15:58:27,828 - epoch:12, training loss:2.2076 validation loss:0.1248
Updating learning rate to 8.035695382851308e-05
Updating learning rate to 8.035695382851308e-05
train 8209
vs, vt 0.12392690024253997 0.12461322850801727
need align? ->  False 0.1244528020139445
2023-08-17 15:59:04,729 - epoch:13, training loss:2.1539 validation loss:0.1239
Updating learning rate to 7.49114837031057e-05
Updating learning rate to 7.49114837031057e-05
train 8209
vs, vt 0.12369366506622596 0.12424272180280903
need align? ->  False 0.12424272180280903
2023-08-17 15:59:40,300 - epoch:14, training loss:2.1174 validation loss:0.1237
Updating learning rate to 6.90397746068255e-05
Updating learning rate to 6.90397746068255e-05
train 8209
vs, vt 0.12469641593369571 0.12653269051489505
need align? ->  True 0.12424272180280903
2023-08-17 16:00:18,113 - epoch:15, training loss:2.7948 validation loss:0.1247
Updating learning rate to 6.284229311025519e-05
Updating learning rate to 6.284229311025519e-05
train 8209
vs, vt 0.12461506126617844 0.1250762568617409
need align? ->  True 0.12424272180280903
2023-08-17 16:00:53,706 - epoch:16, training loss:2.3636 validation loss:0.1246
Updating learning rate to 5.642507984006751e-05
Updating learning rate to 5.642507984006751e-05
train 8209
vs, vt 0.12329769769514148 0.1256648369810798
need align? ->  False 0.12424272180280903
2023-08-17 16:01:29,336 - epoch:17, training loss:2.3187 validation loss:0.1233
Updating learning rate to 4.989793509450307e-05
Updating learning rate to 4.989793509450307e-05
train 8209
vs, vt 0.12358605565333908 0.12445127371359956
need align? ->  False 0.12424272180280903
2023-08-17 16:02:10,543 - epoch:18, training loss:2.2874 validation loss:0.1236
Updating learning rate to 4.337254012982485e-05
Updating learning rate to 4.337254012982485e-05
train 8209
vs, vt 0.12360186925665899 0.12482381891459227
need align? ->  False 0.12424272180280903
2023-08-17 16:02:45,762 - epoch:19, training loss:2.2627 validation loss:0.1236
Updating learning rate to 3.696054626305981e-05
Updating learning rate to 3.696054626305981e-05
train 8209
vs, vt 0.12340608222240751 0.12436412240971219
need align? ->  False 0.12424272180280903
2023-08-17 16:03:21,688 - epoch:20, training loss:2.2494 validation loss:0.1234
Updating learning rate to 3.0771664487008854e-05
Updating learning rate to 3.0771664487008854e-05
train 8209
vs, vt 0.1231293340467594 0.12437882265922698
need align? ->  False 0.12424272180280903
2023-08-17 16:03:57,227 - epoch:21, training loss:2.2409 validation loss:0.1231
Updating learning rate to 2.491178828474237e-05
Updating learning rate to 2.491178828474237e-05
train 8209
vs, vt 0.12317221315408294 0.12395879423076456
need align? ->  False 0.12395879423076456
2023-08-17 16:04:33,414 - epoch:22, training loss:2.2269 validation loss:0.1232
Updating learning rate to 1.9481181762745777e-05
Updating learning rate to 1.9481181762745777e-05
train 8209
vs, vt 0.12622658866034311 0.1307756518945098
need align? ->  True 0.12395879423076456
2023-08-17 16:05:10,201 - epoch:23, training loss:3.3669 validation loss:0.1262
Updating learning rate to 1.4572764104259043e-05
Updating learning rate to 1.4572764104259043e-05
train 8209
vs, vt 0.12514299433678389 0.12953195060518655
need align? ->  True 0.12395879423076456
2023-08-17 16:05:46,730 - epoch:24, training loss:2.6734 validation loss:0.1251
Updating learning rate to 1.0270519696289322e-05
Updating learning rate to 1.0270519696289322e-05
train 8209
vs, vt 0.1245725169269876 0.12806335506452757
need align? ->  True 0.12395879423076456
2023-08-17 16:06:22,078 - epoch:25, training loss:2.5401 validation loss:0.1246
Updating learning rate to 6.648061133464466e-06
Updating learning rate to 6.648061133464466e-06
train 8209
vs, vt 0.12456832106479189 0.1277564171363007
need align? ->  True 0.12395879423076456
2023-08-17 16:06:58,961 - epoch:26, training loss:2.4975 validation loss:0.1246
Updating learning rate to 3.7673696861296922e-06
Updating learning rate to 3.7673696861296922e-06
train 8209
vs, vt 0.1244562037966468 0.12780607771128416
need align? ->  True 0.12395879423076456
2023-08-17 16:07:35,097 - epoch:27, training loss:2.4854 validation loss:0.1245
Updating learning rate to 1.6777347836274343e-06
Updating learning rate to 1.6777347836274343e-06
train 8209
vs, vt 0.12448602372949774 0.12762492827393793
need align? ->  True 0.12395879423076456
2023-08-17 16:08:11,835 - epoch:28, training loss:2.4720 validation loss:0.1245
Updating learning rate to 4.1491065849575754e-07
Updating learning rate to 4.1491065849575754e-07
train 8209
vs, vt 0.12446690511635759 0.12758213823491876
need align? ->  True 0.12395879423076456
2023-08-17 16:08:47,274 - epoch:29, training loss:2.4726 validation loss:0.1245
Updating learning rate to 5.045816366600914e-10
Updating learning rate to 5.045816366600914e-10
check exp/ECL-PatchTST2023-08-17-15:51:00.694545/0/0.1231_epoch_21.pkl  &  0.12395879423076456
2023-08-17 16:08:48,961 - [*] loss:0.2734
2023-08-17 16:08:48,965 - [*] phase 0, testing
2023-08-17 16:08:49,001 - T:96	MAE	0.332846	RMSE	0.273461	MAPE	134.824157
2023-08-17 16:08:49,003 - 96	mae	0.3328	
2023-08-17 16:08:49,003 - 96	rmse	0.2735	
2023-08-17 16:08:49,003 - 96	mape	134.8242	
2023-08-17 16:08:49,862 - [*] loss:0.2733
2023-08-17 16:08:49,865 - [*] phase 0, testing
2023-08-17 16:08:49,903 - T:96	MAE	0.332693	RMSE	0.273395	MAPE	135.173428
2023-08-17 16:08:50,802 - [*] loss:0.2760
2023-08-17 16:08:50,805 - [*] phase 0, testing
2023-08-17 16:08:50,840 - T:96	MAE	0.333880	RMSE	0.276134	MAPE	129.599845
2023-08-17 16:08:50,841 - 96	mae	0.3339	
2023-08-17 16:08:50,842 - 96	rmse	0.2761	
2023-08-17 16:08:50,842 - 96	mape	129.5998	
