2023-05-18 20:22:07,381 - logger name:exp/district3F11T17/test_all2023-05-18-20:22:07.380862/test_all.log
2023-05-18 20:22:07,381 - params : {'conf': 'test_all', 'data_name': 'weather', 'load_config': 'configs/', 'data_process': True, 'auto_test': 1, 'load': True, 'device': device(type='cuda', index=1), 'build_graph': False, 'dynamic_graph': False, 'graph_input': False, 'model_name': 'Linear', 'root_path': '', 'raw_data_path': 'data/district3F11T17/finaldata/', 'graph_path': 'data/district3F11T17/graph/', 'save_data_path': 'data/district3F11T17/FastData/', 'model_path': 'exp/district3F11T17/', 'phase': 2012, 'days': 31, '/* model related args*/': '//', 'x_len': 96, 'y_len': 96, 'label_len': 48, 'features': 'M', 'target': 'OT', 'dropout': 0.0, 'individual': False, 'test_model_path': 'exp/district3F11T17/CUSTOM-TEST2023-05-14-19:41:54.522136/1/0.2784_epoch_7.pkl', 'linear_output': 1, '/*train related args*/': '//', 'train': True, 'epoch': 1, 'batch_size': 128, 'lr': 0.01, 'loss': 'mse', '/*dataset related args*/': '//', 'embed': 'timeF', 'freq': 'H', 'begin_phase': 1, 'end_phase': 2, 'phase_len': 2192, 'val_ratio': 0.5, '/*strategy related args*/': '//', 'strategy': 'incremental', 'increase': False, 'detect': False, 'detect_strategy': 'feature', 'replay': False, 'replay_strategy': 'random', 'repaly_num_samples': 100, 'ewc': False, 'ewc_strategy': 'ewc', 'ewc_lambda': 0.0001, 'subgraph_train': False, 'num_hops': 2, 'logname': 'test_all', 'time': '2023-05-18-20:22:07.380862', 'path': 'exp/district3F11T17/test_all2023-05-18-20:22:07.380862', 'logger': <Logger __main__ (INFO)>}
2023-05-18 20:22:07,381 - [*] phase 1 load from data/district3F11T17/FastData/1_30day.npz
2023-05-18 20:22:12,883 - [*] phase 1 Dataset load!
2023-05-18 20:22:13,993 - [*] phase 1 Training start
2023-05-18 20:22:14,072 - node number torch.Size([2688, 96])
2023-05-18 20:22:14,783 - epoch:0, training loss:0.3899 validation loss:0.3038
2023-05-18 20:22:14,932 - [*] loss:0.2112
2023-05-18 20:22:14,935 - [*] phase 1, testing
2023-05-18 20:22:14,939 - T:3	MAE	0.2422	RMSE	0.3688	MAPE	237.6605
2023-05-18 20:22:14,942 - T:6	MAE	0.2459	RMSE	0.3740	MAPE	257.7304
2023-05-18 20:22:14,949 - T:12	MAE	0.2436	RMSE	0.3800	MAPE	258.6983
2023-05-18 20:22:14,982 - T:96	MAE	0.3040	RMSE	0.4592	MAPE	325.7845
2023-05-18 20:22:14,983 - 3	mae	0.24	
2023-05-18 20:22:14,983 - 3	rmse	0.37	
2023-05-18 20:22:14,984 - 3	mape	237.66	
2023-05-18 20:22:14,984 - 6	mae	0.25	
2023-05-18 20:22:14,984 - 6	rmse	0.37	
2023-05-18 20:22:14,984 - 6	mape	257.73	
2023-05-18 20:22:14,984 - 12	mae	0.24	
2023-05-18 20:22:14,984 - 12	rmse	0.38	
2023-05-18 20:22:14,984 - 12	mape	258.70	
2023-05-18 20:22:14,984 - 96	mae	0.30	
2023-05-18 20:22:14,984 - 96	rmse	0.46	
2023-05-18 20:22:14,984 - 96	mape	325.78	
