2023-08-24 00:34:23,991 - logger name:exp/ECL-PatchTST2023-08-24-00:34:23.990886/ECL-PatchTST.log
2023-08-24 00:34:23,991 - params : {'loss': 'huber', 'conf': 'ECL-PatchTST', 'data_name': 'ETTh2', 'iteration': 1, 'train': 1, 'load': True, 'build_graph': False, 'same_init': True, 'grad_norm': False, 'refiner_residual': 0, 'root_path': '', 'exp_path': 'exp/', 'val_test_mix': False, 'pred_len': 96, 'noise_rate': 0.5, 'device': device(type='cuda', index=1), 'test_model_path': '/Disk/fhyega/code/BASE/exp/ECL-PatchTST2023-08-22-20:19:56.785959/0/best_model.pkl', 'idx': -1, 'aligner': 1, 'always_align': 1, 'refiner': 1, 'rec_block_num': 1, 'enhance': 1, 'enhance_type': 5, 'seed': 34, 'batch_size': 128, 'share_head': 0, 'add_noise': 1, 'jitter_sigma': 2.0, 'slope_rate': 0.01, 'slope_range': 0.5, 'alpha': 10.0, 'beta': 1.0, 'gamma': 0.15, 'feature_jittering': 1, 'rec_intra_feature': 0, 'rec_ori': 1, 'mid_dim': 128, 'test_en': 0, 'debugger': 0, 'omega': 1.0, 'theta': 1.1, 'mask_border': 1, 'sup_weight': 10.0, 'rec_length_ratio': 0.8, 'ref_dropout': 0.0, 'ref_block_num': 2, 'add_FFN': 0, 'add_residual': 0, 'rec_all': 0, '/* model related args*/': '//', 'model_name': 'PatchTST', 'seq_len': 336, 'label_len': 48, 'features': 'M', 'target': 'OT', 'graph_input': False, 'individual': False, 'e_layers': 3, 'd_layers': 1, 'factor': 1, 'n_heads': 16, 'd_model': 128, 'd_ff': 256, 'dropout': 0.2, 'fc_dropout': 0.2, 'head_dropout': 0.0, 'patch_len': 16, 'stride': 8, 'des': 'Exp', 'padding_patch': 'end', 'revin': 1, 'affine': 0, 'subtract_last': 0, 'decomposition': 0, 'kernel_size': 25, 'output_attention': 0, 'embed_type': 0, 'activation': 'gelu', 'lradj': 'TST', 'distil': 1, 'linear_output': 1, 'pct_start': 0.2, '/*train related args*/': '//', 'epoch': 30, 'lr': 0.0001, '/*dataset related args*/': '//', 'save_data_path': 'data/ECL/', 'data_process': True, 'embed': 'timeF', 'freq': 'h', 'begin_phase': 0, 'end_phase': 1, 'phase_len': 26304, 'val_ratio': 0.33, 'graph_size': 321, '/*strategy related args*/': '//', 'strategy': 'incremental', 'increase': False, 'detect': False, 'detect_strategy': 'feature', 'replay': False, 'replay_strategy': 'random', 'repaly_num_samples': 100, 'ewc': False, 'ewc_strategy': 'ewc', 'ewc_lambda': 0.0001, 'subgraph_train': False, 'num_hops': 2, 'logname': 'ECL-PatchTST', 'time': '2023-08-24-00:34:23.990886', 'path': 'exp/ECL-PatchTST2023-08-24-00:34:23.990886', 'num_workers': 4, 'start_train': 0, 'train_mode': 'pretrain', 'get_score': False, 'use_cm': True, 'logger': <Logger __main__ (INFO)>}
2023-08-24 00:34:23,991 - [*] phase 0 start training
0 26304
train 8209
val 2785
test 2785
2023-08-24 00:34:24,179 - [*] phase 0 Dataset load!
2023-08-24 00:34:25,157 - [*] phase 0 Training start
train 8209
2023-08-24 00:34:35,585 - epoch:0, training loss:0.2223 validation loss:0.1619
train 8209
vs, vt 0.1619003186510368 0.1647822740064426
Updating learning rate to 1.0463629820836433e-05
Updating learning rate to 1.0463629820836433e-05
train 8209
vs, vt 0.13709986345334488 0.14328568784350698
need align? ->  False 0.14328568784350698
2023-08-24 00:35:29,738 - epoch:1, training loss:5.0823 validation loss:0.1371
Updating learning rate to 2.8113748014145436e-05
Updating learning rate to 2.8113748014145436e-05
train 8209
vs, vt 0.12924270501190965 0.1311942801218141
need align? ->  False 0.1311942801218141
2023-08-24 00:36:16,757 - epoch:2, training loss:3.7408 validation loss:0.1292
Updating learning rate to 5.219686165094539e-05
Updating learning rate to 5.219686165094539e-05
train 8209
vs, vt 0.12532893974672665 0.12725973366336388
need align? ->  False 0.12725973366336388
2023-08-24 00:37:03,375 - epoch:3, training loss:2.7750 validation loss:0.1253
Updating learning rate to 7.622695691951079e-05
Updating learning rate to 7.622695691951079e-05
train 8209
vs, vt 0.1256043150682341 0.12432866365733472
need align? ->  True 0.12432866365733472
2023-08-24 00:37:50,130 - epoch:4, training loss:2.0860 validation loss:0.1256
Updating learning rate to 9.373229880419829e-05
Updating learning rate to 9.373229880419829e-05
train 8209
vs, vt 0.1240945305167274 0.12411544057117267
need align? ->  False 0.12411544057117267
2023-08-24 00:38:36,690 - epoch:5, training loss:1.7444 validation loss:0.1241
Updating learning rate to 9.999989541836333e-05
Updating learning rate to 9.999989541836333e-05
train 8209
vs, vt 0.12415653484111483 0.12329467242075638
need align? ->  True 0.12329467242075638
2023-08-24 00:39:23,449 - epoch:6, training loss:1.6136 validation loss:0.1242
Updating learning rate to 9.955879284407972e-05
Updating learning rate to 9.955879284407972e-05
train 8209
vs, vt 0.12215918979861519 0.12312805551019582
need align? ->  False 0.12312805551019582
2023-08-24 00:40:14,884 - epoch:7, training loss:1.5329 validation loss:0.1222
Updating learning rate to 9.826972900599613e-05
Updating learning rate to 9.826972900599613e-05
train 8209
vs, vt 0.12467916005037048 0.12294322887266224
need align? ->  True 0.12294322887266224
2023-08-24 00:41:01,490 - epoch:8, training loss:1.4973 validation loss:0.1247
Updating learning rate to 9.615476014377818e-05
Updating learning rate to 9.615476014377818e-05
train 8209
vs, vt 0.12318182448771867 0.12441505026072264
need align? ->  True 0.12294322887266224
2023-08-24 00:41:48,244 - epoch:9, training loss:1.4704 validation loss:0.1232
Updating learning rate to 9.325007396103859e-05
Updating learning rate to 9.325007396103859e-05
train 8209
vs, vt 0.12467038055712526 0.12405577716840939
need align? ->  True 0.12294322887266224
2023-08-24 00:42:35,532 - epoch:10, training loss:1.4435 validation loss:0.1247
Updating learning rate to 8.960537044369518e-05
Updating learning rate to 8.960537044369518e-05
train 8209
vs, vt 0.12408024301244454 0.12537683174014091
need align? ->  True 0.12294322887266224
2023-08-24 00:43:24,389 - epoch:11, training loss:1.4203 validation loss:0.1241
Updating learning rate to 8.528301147943237e-05
Updating learning rate to 8.528301147943237e-05
train 8209
vs, vt 0.12362178575924852 0.12502255299213258
need align? ->  True 0.12294322887266224
2023-08-24 00:44:10,972 - epoch:12, training loss:1.3973 validation loss:0.1236
Updating learning rate to 8.035695382851308e-05
Updating learning rate to 8.035695382851308e-05
train 8209
vs, vt 0.12406579523601315 0.12364801747555082
need align? ->  True 0.12294322887266224
2023-08-24 00:45:04,354 - epoch:13, training loss:1.3869 validation loss:0.1241
Updating learning rate to 7.49114837031057e-05
Updating learning rate to 7.49114837031057e-05
train 8209
vs, vt 0.12342018117620186 0.12477505181662062
need align? ->  True 0.12294322887266224
2023-08-24 00:45:51,881 - epoch:14, training loss:1.3653 validation loss:0.1234
Updating learning rate to 6.90397746068255e-05
Updating learning rate to 6.90397746068255e-05
train 8209
vs, vt 0.12400409663942727 0.12473320825533434
need align? ->  True 0.12294322887266224
2023-08-24 00:46:44,372 - epoch:15, training loss:1.3581 validation loss:0.1240
Updating learning rate to 6.284229311025519e-05
Updating learning rate to 6.284229311025519e-05
train 8209
vs, vt 0.1238011663610285 0.12475068266080185
need align? ->  True 0.12294322887266224
2023-08-24 00:47:31,393 - epoch:16, training loss:1.3418 validation loss:0.1238
Updating learning rate to 5.642507984006751e-05
Updating learning rate to 5.642507984006751e-05
train 8209
vs, vt 0.12386086803268302 0.12489813659340143
need align? ->  True 0.12294322887266224
2023-08-24 00:48:18,760 - epoch:17, training loss:1.3280 validation loss:0.1239
Updating learning rate to 4.989793509450307e-05
Updating learning rate to 4.989793509450307e-05
train 8209
vs, vt 0.12367123263803395 0.12569295995953408
need align? ->  True 0.12294322887266224
2023-08-24 00:49:06,336 - epoch:18, training loss:1.3239 validation loss:0.1237
Updating learning rate to 4.337254012982485e-05
Updating learning rate to 4.337254012982485e-05
train 8209
vs, vt 0.12342872758480636 0.12504839516160163
need align? ->  True 0.12294322887266224
2023-08-24 00:49:52,833 - epoch:19, training loss:1.3184 validation loss:0.1234
Updating learning rate to 3.696054626305981e-05
Updating learning rate to 3.696054626305981e-05
train 8209
vs, vt 0.12333104259927165 0.12518521694635804
need align? ->  True 0.12294322887266224
2023-08-24 00:50:39,908 - epoch:20, training loss:1.3024 validation loss:0.1233
Updating learning rate to 3.0771664487008854e-05
Updating learning rate to 3.0771664487008854e-05
train 8209
vs, vt 0.12328744180161845 0.12516388051550498
need align? ->  True 0.12294322887266224
2023-08-24 00:51:27,230 - epoch:21, training loss:1.3078 validation loss:0.1233
Updating learning rate to 2.491178828474237e-05
Updating learning rate to 2.491178828474237e-05
train 8209
vs, vt 0.12386514161798087 0.1252774881537665
need align? ->  True 0.12294322887266224
2023-08-24 00:52:14,029 - epoch:22, training loss:1.3031 validation loss:0.1239
Updating learning rate to 1.9481181762745777e-05
Updating learning rate to 1.9481181762745777e-05
train 8209
vs, vt 0.1238252760165117 0.12549228128045797
need align? ->  True 0.12294322887266224
2023-08-24 00:53:00,613 - epoch:23, training loss:1.2981 validation loss:0.1238
Updating learning rate to 1.4572764104259043e-05
Updating learning rate to 1.4572764104259043e-05
train 8209
vs, vt 0.12335923093963753 0.12532349887558006
need align? ->  True 0.12294322887266224
2023-08-24 00:53:47,755 - epoch:24, training loss:1.2914 validation loss:0.1234
Updating learning rate to 1.0270519696289322e-05
Updating learning rate to 1.0270519696289322e-05
train 8209
vs, vt 0.12347305515273051 0.12492672591046854
need align? ->  True 0.12294322887266224
2023-08-24 00:54:34,674 - epoch:25, training loss:1.2882 validation loss:0.1235
Updating learning rate to 6.648061133464466e-06
Updating learning rate to 6.648061133464466e-06
train 8209
vs, vt 0.12351015938276594 0.12517307453196158
need align? ->  True 0.12294322887266224
2023-08-24 00:55:21,652 - epoch:26, training loss:1.2885 validation loss:0.1235
Updating learning rate to 3.7673696861296922e-06
Updating learning rate to 3.7673696861296922e-06
train 8209
vs, vt 0.12343080197884278 0.1251893758096478
need align? ->  True 0.12294322887266224
2023-08-24 00:56:08,868 - epoch:27, training loss:1.2875 validation loss:0.1234
Updating learning rate to 1.6777347836274343e-06
Updating learning rate to 1.6777347836274343e-06
train 8209
vs, vt 0.12351483817804944 0.12515418070622467
need align? ->  True 0.12294322887266224
2023-08-24 00:56:55,676 - epoch:28, training loss:1.2864 validation loss:0.1235
Updating learning rate to 4.1491065849575754e-07
Updating learning rate to 4.1491065849575754e-07
train 8209
vs, vt 0.12346724505451592 0.12511308787559922
need align? ->  True 0.12294322887266224
2023-08-24 00:57:42,507 - epoch:29, training loss:1.2845 validation loss:0.1235
Updating learning rate to 5.045816366600914e-10
Updating learning rate to 5.045816366600914e-10
check exp/ECL-PatchTST2023-08-24-00:34:23.990886/0/0.1222_epoch_7.pkl  &  0.12294322887266224
2023-08-24 00:57:46,870 - [*] loss:0.2703
2023-08-24 00:57:46,873 - [*] phase 0, testing
2023-08-24 00:57:46,910 - T:96	MAE	0.331513	RMSE	0.270420	MAPE	134.672284
2023-08-24 00:57:46,911 - 96	mae	0.3315	
2023-08-24 00:57:46,911 - 96	rmse	0.2704	
2023-08-24 00:57:46,911 - 96	mape	134.6723	
2023-08-24 00:57:47,898 - [*] loss:0.2714
2023-08-24 00:57:47,901 - [*] phase 0, testing
2023-08-24 00:57:47,938 - T:96	MAE	0.332050	RMSE	0.271494	MAPE	135.541284
2023-08-24 00:57:48,955 - [*] loss:0.2732
2023-08-24 00:57:48,959 - [*] phase 0, testing
2023-08-24 00:57:48,996 - T:96	MAE	0.332151	RMSE	0.273116	MAPE	132.483661
2023-08-24 00:57:48,998 - 96	mae	0.3322	
2023-08-24 00:57:48,998 - 96	rmse	0.2731	
2023-08-24 00:57:48,998 - 96	mape	132.4837	
