2023-08-24 18:05:38,869 - logger name:exp/ECL-PatchTST2023-08-24-18:05:38.869200/ECL-PatchTST.log
2023-08-24 18:05:38,869 - params : {'loss': 'huber', 'conf': 'ECL-PatchTST', 'data_name': 'ETTh2', 'iteration': 1, 'train': 1, 'load': True, 'build_graph': False, 'same_init': True, 'grad_norm': False, 'refiner_residual': 0, 'root_path': '', 'exp_path': 'exp/', 'val_test_mix': False, 'pred_len': 48, 'noise_rate': 0.5, 'device': device(type='cuda', index=1), 'test_model_path': '/Disk/fhyega/code/BASE/exp/ECL-PatchTST2023-08-24-15:05:54.825633/0/best_model.pkl', 'idx': -1, 'aligner': 1, 'always_align': 1, 'refiner': 1, 'rec_block_num': 1, 'enhance': 1, 'enhance_type': 5, 'seed': 34, 'batch_size': 128, 'share_head': 0, 'add_noise': 1, 'jitter_sigma': 2.0, 'slope_rate': 0.01, 'slope_range': 0.5, 'alpha': 10.0, 'beta': 1.0, 'gamma': 0.15, 'feature_jittering': 1, 'rec_intra_feature': 0, 'rec_ori': 1, 'mid_dim': 128, 'test_en': 0, 'debugger': 0, 'omega': 1.0, 'theta': 1.1, 'mask_border': 1, 'sup_weight': 10.0, 'rec_length_ratio': 0.8, 'ref_dropout': 0.0, 'ref_block_num': 2, 'add_FFN': 0, 'add_residual': 0, 'rec_all': 0, 'e_layers': 3, '/* model related args*/': '//', 'model_name': 'PatchTST', 'seq_len': 336, 'label_len': 48, 'features': 'M', 'target': 'OT', 'graph_input': False, 'individual': False, 'd_layers': 1, 'factor': 1, 'n_heads': 16, 'd_model': 128, 'd_ff': 256, 'dropout': 0.2, 'fc_dropout': 0.2, 'head_dropout': 0.0, 'patch_len': 16, 'stride': 8, 'des': 'Exp', 'padding_patch': 'end', 'revin': 1, 'affine': 0, 'subtract_last': 0, 'decomposition': 0, 'kernel_size': 25, 'output_attention': 0, 'embed_type': 0, 'activation': 'gelu', 'lradj': 'TST', 'distil': 1, 'linear_output': 1, 'pct_start': 0.2, '/*train related args*/': '//', 'epoch': 30, 'lr': 0.0001, '/*dataset related args*/': '//', 'save_data_path': 'data/ECL/', 'data_process': True, 'embed': 'timeF', 'freq': 'h', 'begin_phase': 0, 'end_phase': 1, 'phase_len': 26304, 'val_ratio': 0.33, 'graph_size': 321, '/*strategy related args*/': '//', 'strategy': 'incremental', 'increase': False, 'detect': False, 'detect_strategy': 'feature', 'replay': False, 'replay_strategy': 'random', 'repaly_num_samples': 100, 'ewc': False, 'ewc_strategy': 'ewc', 'ewc_lambda': 0.0001, 'subgraph_train': False, 'num_hops': 2, 'logname': 'ECL-PatchTST', 'time': '2023-08-24-18:05:38.869200', 'path': 'exp/ECL-PatchTST2023-08-24-18:05:38.869200', 'num_workers': 4, 'start_train': 0, 'train_mode': 'pretrain', 'get_score': False, 'use_cm': True, 'logger': <Logger __main__ (INFO)>}
2023-08-24 18:05:38,869 - [*] phase 0 start training
0 26304
train 8257
val 2833
test 2833
2023-08-24 18:05:39,059 - [*] phase 0 Dataset load!
2023-08-24 18:05:40,022 - [*] phase 0 Training start
train 8257
2023-08-24 18:05:50,666 - epoch:0, training loss:0.2079 validation loss:0.1456
train 8257
vs, vt 0.14561344229656717 0.14938434197202974
Updating learning rate to 1.0463629820836433e-05
Updating learning rate to 1.0463629820836433e-05
train 8257
vs, vt 0.11552949857128703 0.1242065793308227
need align? ->  False 0.1242065793308227
2023-08-24 18:06:42,629 - epoch:1, training loss:11.5378 validation loss:0.1155
Updating learning rate to 2.8113748014145436e-05
Updating learning rate to 2.8113748014145436e-05
train 8257
vs, vt 0.103663829681666 0.1091525049313255
need align? ->  False 0.1091525049313255
2023-08-24 18:07:27,793 - epoch:2, training loss:7.1325 validation loss:0.1037
Updating learning rate to 5.219686165094539e-05
Updating learning rate to 5.219686165094539e-05
train 8257
vs, vt 0.09988425574872804 0.102187672144045
need align? ->  False 0.102187672144045
2023-08-24 18:08:13,368 - epoch:3, training loss:4.7883 validation loss:0.0999
Updating learning rate to 7.622695691951079e-05
Updating learning rate to 7.622695691951079e-05
train 8257
vs, vt 0.09876148961484432 0.09842677900324696
need align? ->  True 0.09842677900324696
2023-08-24 18:08:58,814 - epoch:4, training loss:3.4487 validation loss:0.0988
Updating learning rate to 9.373229880419829e-05
Updating learning rate to 9.373229880419829e-05
train 8257
vs, vt 0.09660297794186551 0.0979236830835757
need align? ->  False 0.0979236830835757
2023-08-24 18:09:44,741 - epoch:5, training loss:2.7843 validation loss:0.0966
Updating learning rate to 9.999989541836333e-05
Updating learning rate to 9.999989541836333e-05
train 8257
vs, vt 0.09623713791370392 0.09625842851465163
need align? ->  False 0.09625842851465163
2023-08-24 18:10:29,953 - epoch:6, training loss:2.4359 validation loss:0.0962
Updating learning rate to 9.955879284407972e-05
Updating learning rate to 9.955879284407972e-05
train 8257
vs, vt 0.09809189443678959 0.09618986276504786
need align? ->  True 0.09618986276504786
2023-08-24 18:11:15,918 - epoch:7, training loss:2.2425 validation loss:0.0981
Updating learning rate to 9.826972900599613e-05
Updating learning rate to 9.826972900599613e-05
train 8257
vs, vt 0.09701752743643263 0.09696018817308157
need align? ->  True 0.09618986276504786
2023-08-24 18:12:00,985 - epoch:8, training loss:2.1289 validation loss:0.0970
Updating learning rate to 9.615476014377818e-05
Updating learning rate to 9.615476014377818e-05
train 8257
vs, vt 0.09705707989633083 0.09574141912162304
need align? ->  True 0.09574141912162304
2023-08-24 18:12:46,709 - epoch:9, training loss:2.0473 validation loss:0.0971
Updating learning rate to 9.325007396103859e-05
Updating learning rate to 9.325007396103859e-05
train 8257
vs, vt 0.09758735245660595 0.09585206315893194
need align? ->  True 0.09574141912162304
2023-08-24 18:13:32,015 - epoch:10, training loss:1.9610 validation loss:0.0976
Updating learning rate to 8.960537044369518e-05
Updating learning rate to 8.960537044369518e-05
train 8257
vs, vt 0.09690090114979641 0.09658621381158414
need align? ->  True 0.09574141912162304
2023-08-24 18:14:17,431 - epoch:11, training loss:1.8983 validation loss:0.0969
Updating learning rate to 8.528301147943237e-05
Updating learning rate to 8.528301147943237e-05
train 8257
vs, vt 0.09800679779247097 0.09602192659740863
need align? ->  True 0.09574141912162304
2023-08-24 18:15:02,863 - epoch:12, training loss:1.8462 validation loss:0.0980
Updating learning rate to 8.035695382851308e-05
Updating learning rate to 8.035695382851308e-05
train 8257
vs, vt 0.09744537905182528 0.09650410371630089
need align? ->  True 0.09574141912162304
2023-08-24 18:15:48,143 - epoch:13, training loss:1.8006 validation loss:0.0974
Updating learning rate to 7.49114837031057e-05
Updating learning rate to 7.49114837031057e-05
train 8257
vs, vt 0.09691200842675955 0.0961150267039952
need align? ->  True 0.09574141912162304
2023-08-24 18:16:33,568 - epoch:14, training loss:1.7624 validation loss:0.0969
Updating learning rate to 6.90397746068255e-05
Updating learning rate to 6.90397746068255e-05
train 8257
vs, vt 0.09722109211851722 0.09582993623031222
need align? ->  True 0.09574141912162304
2023-08-24 18:17:18,918 - epoch:15, training loss:1.7303 validation loss:0.0972
Updating learning rate to 6.284229311025519e-05
Updating learning rate to 6.284229311025519e-05
train 8257
vs, vt 0.09715241153279076 0.0959192702303762
need align? ->  True 0.09574141912162304
2023-08-24 18:18:04,041 - epoch:16, training loss:1.7009 validation loss:0.0972
Updating learning rate to 5.642507984006751e-05
Updating learning rate to 5.642507984006751e-05
train 8257
vs, vt 0.09711707035160583 0.09596342723006787
need align? ->  True 0.09574141912162304
2023-08-24 18:18:50,775 - epoch:17, training loss:1.6727 validation loss:0.0971
Updating learning rate to 4.989793509450307e-05
Updating learning rate to 4.989793509450307e-05
train 8257
vs, vt 0.09745146479943524 0.09548702690264453
need align? ->  True 0.09548702690264453
2023-08-24 18:19:36,093 - epoch:18, training loss:1.6488 validation loss:0.0975
Updating learning rate to 4.337254012982485e-05
Updating learning rate to 4.337254012982485e-05
train 8257
vs, vt 0.09726238817624423 0.09564796980956326
need align? ->  True 0.09548702690264453
2023-08-24 18:20:21,180 - epoch:19, training loss:1.6713 validation loss:0.0973
Updating learning rate to 3.696054626305981e-05
Updating learning rate to 3.696054626305981e-05
train 8257
vs, vt 0.09707347190250522 0.09567435531188613
need align? ->  True 0.09548702690264453
2023-08-24 18:21:07,029 - epoch:20, training loss:1.6159 validation loss:0.0971
Updating learning rate to 3.0771664487008854e-05
Updating learning rate to 3.0771664487008854e-05
train 8257
vs, vt 0.09733144218183082 0.09542585496345292
need align? ->  True 0.09542585496345292
2023-08-24 18:21:52,658 - epoch:21, training loss:1.5984 validation loss:0.0973
Updating learning rate to 2.491178828474237e-05
Updating learning rate to 2.491178828474237e-05
train 8257
vs, vt 0.09690733019100584 0.09550574284208857
need align? ->  True 0.09542585496345292
2023-08-24 18:22:37,839 - epoch:22, training loss:1.5870 validation loss:0.0969
Updating learning rate to 1.9481181762745777e-05
Updating learning rate to 1.9481181762745777e-05
train 8257
vs, vt 0.09709301113110522 0.09550556823935198
need align? ->  True 0.09542585496345292
2023-08-24 18:23:22,971 - epoch:23, training loss:1.5723 validation loss:0.0971
Updating learning rate to 1.4572764104259043e-05
Updating learning rate to 1.4572764104259043e-05
train 8257
vs, vt 0.09698120366943919 0.09559652209281921
need align? ->  True 0.09542585496345292
2023-08-24 18:24:08,661 - epoch:24, training loss:1.5704 validation loss:0.0970
Updating learning rate to 1.0270519696289322e-05
Updating learning rate to 1.0270519696289322e-05
train 8257
vs, vt 0.09689920371317345 0.09548315397747185
need align? ->  True 0.09542585496345292
2023-08-24 18:24:53,750 - epoch:25, training loss:1.5644 validation loss:0.0969
Updating learning rate to 6.648061133464466e-06
Updating learning rate to 6.648061133464466e-06
train 8257
vs, vt 0.09708302864885848 0.09552413840656696
need align? ->  True 0.09542585496345292
2023-08-24 18:25:39,223 - epoch:26, training loss:1.5590 validation loss:0.0971
Updating learning rate to 3.7673696861296922e-06
Updating learning rate to 3.7673696861296922e-06
train 8257
vs, vt 0.09694386743333029 0.09549629607278368
need align? ->  True 0.09542585496345292
2023-08-24 18:26:24,574 - epoch:27, training loss:1.5569 validation loss:0.0969
Updating learning rate to 1.6777347836274343e-06
Updating learning rate to 1.6777347836274343e-06
train 8257
vs, vt 0.09694484402628048 0.09549642524317555
need align? ->  True 0.09542585496345292
2023-08-24 18:27:10,070 - epoch:28, training loss:1.5556 validation loss:0.0969
Updating learning rate to 4.1491065849575754e-07
Updating learning rate to 4.1491065849575754e-07
train 8257
vs, vt 0.09700361987494904 0.09551736177957576
need align? ->  True 0.09542585496345292
2023-08-24 18:27:55,628 - epoch:29, training loss:1.5538 validation loss:0.0970
Updating learning rate to 5.045816366600914e-10
Updating learning rate to 5.045816366600914e-10
check exp/ECL-PatchTST2023-08-24-18:05:38.869200/0/0.0962_epoch_6.pkl  &  0.09542585496345292
2023-08-24 18:28:00,014 - [*] loss:0.2095
2023-08-24 18:28:00,016 - [*] phase 0, testing
2023-08-24 18:28:00,038 - T:48	MAE	0.291983	RMSE	0.214207	MAPE	126.280093
2023-08-24 18:28:00,038 - 48	mae	0.2920	
2023-08-24 18:28:00,038 - 48	rmse	0.2142	
2023-08-24 18:28:00,038 - 48	mape	126.2801	
2023-08-24 18:28:00,961 - [*] loss:0.2088
2023-08-24 18:28:00,963 - [*] phase 0, testing
2023-08-24 18:28:00,982 - T:48	MAE	0.291884	RMSE	0.213520	MAPE	127.194452
2023-08-24 18:28:05,148 - [*] loss:0.2274
2023-08-24 18:28:05,150 - [*] phase 0, testing
2023-08-24 18:28:05,170 - T:48	MAE	0.298881	RMSE	0.232308	MAPE	134.246480
2023-08-24 18:28:06,416 - [*] loss:0.2079
2023-08-24 18:28:06,418 - [*] phase 0, testing
2023-08-24 18:28:06,438 - T:48	MAE	0.289483	RMSE	0.212110	MAPE	123.719120
2023-08-24 18:28:06,438 - 48	mae	0.2895	
2023-08-24 18:28:06,438 - 48	rmse	0.2121	
2023-08-24 18:28:06,438 - 48	mape	123.7191	
