2023-08-25 10:47:13,568 - logger name:exp/ECL-PatchTST2023-08-25-10:47:13.568019/ECL-PatchTST.log
2023-08-25 10:47:13,568 - params : {'loss': 'huber', 'conf': 'ECL-PatchTST', 'data_name': 'ETTh2', 'iteration': 1, 'train': 1, 'load': True, 'build_graph': False, 'same_init': True, 'grad_norm': False, 'refiner_residual': 0, 'root_path': '', 'exp_path': 'exp/', 'val_test_mix': False, 'pred_len': 720, 'noise_rate': 0.5, 'device': device(type='cuda', index=1), 'test_model_path': '/Disk/fhyega/code/BASE/exp/ECL-PatchTST2023-08-24-17:18:59.037459/0/best_model.pkl', 'idx': -1, 'aligner': 0, 'always_align': 1, 'refiner': 1, 'rec_block_num': 1, 'enhance': 1, 'enhance_type': 5, 'seed': 34, 'batch_size': 64, 'share_head': 0, 'add_noise': 1, 'jitter_sigma': 2.0, 'slope_rate': 0.01, 'slope_range': 0.5, 'alpha': 10.0, 'beta': 1.0, 'gamma': 0.15, 'feature_jittering': 1, 'rec_intra_feature': 0, 'rec_ori': 1, 'mid_dim': 128, 'test_en': 0, 'debugger': 0, 'omega': 1.0, 'theta': 1.1, 'mask_border': 1, 'sup_weight': 10.0, 'rec_length_ratio': 0.8, 'ref_dropout': 0.0, 'ref_block_num': 2, 'add_FFN': 0, 'add_residual': 0, 'rec_all': 0, 'e_layers': 3, '/* model related args*/': '//', 'model_name': 'PatchTST', 'seq_len': 336, 'label_len': 48, 'features': 'M', 'target': 'OT', 'graph_input': False, 'individual': False, 'd_layers': 1, 'factor': 1, 'n_heads': 16, 'd_model': 128, 'd_ff': 256, 'dropout': 0.2, 'fc_dropout': 0.2, 'head_dropout': 0.0, 'patch_len': 16, 'stride': 8, 'des': 'Exp', 'padding_patch': 'end', 'revin': 1, 'affine': 0, 'subtract_last': 0, 'decomposition': 0, 'kernel_size': 25, 'output_attention': 0, 'embed_type': 0, 'activation': 'gelu', 'lradj': 'TST', 'distil': 1, 'linear_output': 1, 'pct_start': 0.2, '/*train related args*/': '//', 'epoch': 30, 'lr': 0.0001, '/*dataset related args*/': '//', 'save_data_path': 'data/ECL/', 'data_process': True, 'embed': 'timeF', 'freq': 'h', 'begin_phase': 0, 'end_phase': 1, 'phase_len': 26304, 'val_ratio': 0.33, 'graph_size': 321, '/*strategy related args*/': '//', 'strategy': 'incremental', 'increase': False, 'detect': False, 'detect_strategy': 'feature', 'replay': False, 'replay_strategy': 'random', 'repaly_num_samples': 100, 'ewc': False, 'ewc_strategy': 'ewc', 'ewc_lambda': 0.0001, 'subgraph_train': False, 'num_hops': 2, 'logname': 'ECL-PatchTST', 'time': '2023-08-25-10:47:13.568019', 'path': 'exp/ECL-PatchTST2023-08-25-10:47:13.568019', 'num_workers': 4, 'start_train': 0, 'train_mode': 'pretrain', 'get_score': False, 'use_cm': True, 'logger': <Logger __main__ (INFO)>}
2023-08-25 10:47:13,568 - [*] phase 0 start training
0 26304
train 7585
val 2161
test 2161
2023-08-25 10:47:13,758 - [*] phase 0 Dataset load!
2023-08-25 10:47:14,762 - [*] phase 0 Training start
train 7585
2023-08-25 10:47:25,998 - epoch:0, training loss:0.3214 validation loss:0.1916
train 7585
vs, vt 0.19158968154121847 0.1953845017534845
Updating learning rate to 1.0448566232463809e-05
Updating learning rate to 1.0448566232463809e-05
train 7585
vs, vt 0.18022365342168248 0.18557069702621767
need align? ->  False 0.18557069702621767
2023-08-25 10:48:18,978 - epoch:1, training loss:8.1102 validation loss:0.1802
Updating learning rate to 2.8061597994252208e-05
Updating learning rate to 2.8061597994252208e-05
train 7585
vs, vt 0.1769219114280799 0.18197017480783603
need align? ->  False 0.18197017480783603
2023-08-25 10:49:05,188 - epoch:2, training loss:4.3652 validation loss:0.1769
Updating learning rate to 5.2106645207432646e-05
Updating learning rate to 5.2106645207432646e-05
train 7585
vs, vt 0.17745484992423477 0.18000233743120642
need align? ->  False 0.18000233743120642
2023-08-25 10:49:51,002 - epoch:3, training loss:2.9994 validation loss:0.1775
Updating learning rate to 7.612303789213374e-05
Updating learning rate to 7.612303789213374e-05
train 7585
vs, vt 0.17875094415948672 0.1775749822092407
need align? ->  True 0.1775749822092407
2023-08-25 10:50:36,626 - epoch:4, training loss:2.5591 validation loss:0.1788
Updating learning rate to 9.36578052611824e-05
Updating learning rate to 9.36578052611824e-05
train 7585
vs, vt 0.18443777576527176 0.1790003796272418
need align? ->  True 0.1775749822092407
2023-08-25 10:51:22,047 - epoch:5, training loss:2.5177 validation loss:0.1844
Updating learning rate to 9.999996923538573e-05
Updating learning rate to 9.999996923538573e-05
train 7585
vs, vt 0.18238627187469425 0.1826473647618995
need align? ->  True 0.1775749822092407
2023-08-25 10:52:08,135 - epoch:6, training loss:2.4472 validation loss:0.1824
Updating learning rate to 9.95649745466216e-05
Updating learning rate to 9.95649745466216e-05
train 7585
vs, vt 0.18154554036171996 0.18506237053695848
need align? ->  True 0.1775749822092407
2023-08-25 10:52:54,257 - epoch:7, training loss:2.3444 validation loss:0.1815
Updating learning rate to 9.828191282341312e-05
Updating learning rate to 9.828191282341312e-05
train 7585
vs, vt 0.18298576947520762 0.18539646136410096
need align? ->  True 0.1775749822092407
2023-08-25 10:53:40,098 - epoch:8, training loss:2.2729 validation loss:0.1830
Updating learning rate to 9.617273760757628e-05
Updating learning rate to 9.617273760757628e-05
train 7585
vs, vt 0.1850377095534521 0.1884155322742813
need align? ->  True 0.1775749822092407
2023-08-25 10:54:25,894 - epoch:9, training loss:2.1703 validation loss:0.1850
Updating learning rate to 9.327353747182792e-05
Updating learning rate to 9.327353747182792e-05
train 7585
vs, vt 0.18625826279030128 0.19053573468152216
need align? ->  True 0.1775749822092407
2023-08-25 10:55:11,639 - epoch:10, training loss:2.0979 validation loss:0.1863
Updating learning rate to 8.96339185343008e-05
Updating learning rate to 8.96339185343008e-05
train 7585
vs, vt 0.18682782286230257 0.1905764696352622
need align? ->  True 0.1775749822092407
2023-08-25 10:55:58,070 - epoch:11, training loss:2.0013 validation loss:0.1868
Updating learning rate to 8.531615568410903e-05
Updating learning rate to 8.531615568410903e-05
train 7585
vs, vt 0.18649359255590858 0.1926027358893086
need align? ->  True 0.1775749822092407
2023-08-25 10:56:44,043 - epoch:12, training loss:1.9543 validation loss:0.1865
Updating learning rate to 8.039412704072945e-05
Updating learning rate to 8.039412704072945e-05
train 7585
vs, vt 0.18831206025446162 0.19150477417689912
need align? ->  True 0.1775749822092407
2023-08-25 10:57:30,356 - epoch:13, training loss:1.8450 validation loss:0.1883
Updating learning rate to 7.495204987889436e-05
Updating learning rate to 7.495204987889436e-05
train 7585
vs, vt 0.1878928295610582 0.19253008571617744
need align? ->  True 0.1775749822092407
2023-08-25 10:58:16,187 - epoch:14, training loss:1.7962 validation loss:0.1879
Updating learning rate to 6.908303964767166e-05
Updating learning rate to 6.908303964767166e-05
train 7585
vs, vt 0.18846051318242268 0.19315594336127534
need align? ->  True 0.1775749822092407
2023-08-25 10:59:01,863 - epoch:15, training loss:1.7185 validation loss:0.1885
Updating learning rate to 6.288751673931462e-05
Updating learning rate to 6.288751673931462e-05
train 7585
vs, vt 0.1888495611355585 0.19260366556837277
need align? ->  True 0.1775749822092407
2023-08-25 10:59:47,863 - epoch:16, training loss:1.6862 validation loss:0.1888
Updating learning rate to 5.6471488268508675e-05
Updating learning rate to 5.6471488268508675e-05
train 7585
vs, vt 0.1903578929383965 0.19290473410750136
need align? ->  True 0.1775749822092407
2023-08-25 11:00:34,496 - epoch:17, training loss:1.6332 validation loss:0.1904
Updating learning rate to 4.994473426124847e-05
Updating learning rate to 4.994473426124847e-05
train 7585
vs, vt 0.19013208096079967 0.19153704045011716
need align? ->  True 0.1775749822092407
2023-08-25 11:01:20,223 - epoch:18, training loss:1.5885 validation loss:0.1901
Updating learning rate to 4.341892928815632e-05
Updating learning rate to 4.341892928815632e-05
train 7585
vs, vt 0.19091934655957363 0.19223803216043642
need align? ->  True 0.1775749822092407
2023-08-25 11:02:05,816 - epoch:19, training loss:1.5663 validation loss:0.1909
Updating learning rate to 3.700573168161677e-05
Updating learning rate to 3.700573168161677e-05
train 7585
vs, vt 0.1903708078624571 0.19224581933196852
need align? ->  True 0.1775749822092407
2023-08-25 11:02:51,417 - epoch:20, training loss:1.5423 validation loss:0.1904
Updating learning rate to 3.0814873030752014e-05
Updating learning rate to 3.0814873030752014e-05
train 7585
vs, vt 0.1910670391996117 0.1919424654368092
need align? ->  True 0.1775749822092407
2023-08-25 11:03:37,497 - epoch:21, training loss:1.5206 validation loss:0.1911
Updating learning rate to 2.4952280643508647e-05
Updating learning rate to 2.4952280643508647e-05
train 7585
vs, vt 0.19070937670767307 0.19156115184373715
need align? ->  True 0.1775749822092407
2023-08-25 11:04:23,258 - epoch:22, training loss:1.4925 validation loss:0.1907
Updating learning rate to 1.9518265101050065e-05
Updating learning rate to 1.9518265101050065e-05
train 7585
vs, vt 0.19079255159286893 0.1922415034735904
need align? ->  True 0.1775749822092407
2023-08-25 11:05:09,637 - epoch:23, training loss:1.4811 validation loss:0.1908
Updating learning rate to 1.4605803915901506e-05
Updating learning rate to 1.4605803915901506e-05
train 7585
vs, vt 0.1914022506817299 0.19225961912204237
need align? ->  True 0.1775749822092407
2023-08-25 11:05:56,335 - epoch:24, training loss:1.4735 validation loss:0.1914
Updating learning rate to 1.0298950660932395e-05
Updating learning rate to 1.0298950660932395e-05
train 7585
vs, vt 0.19094787713359385 0.19274736853206859
need align? ->  True 0.1775749822092407
2023-08-25 11:06:42,281 - epoch:25, training loss:1.4675 validation loss:0.1909
Updating learning rate to 6.671396789420554e-06
Updating learning rate to 6.671396789420554e-06
train 7585
vs, vt 0.19022263082511284 0.19197380696149433
need align? ->  True 0.1775749822092407
2023-08-25 11:07:28,414 - epoch:26, training loss:1.4749 validation loss:0.1902
Updating learning rate to 3.7852107538555157e-06
Updating learning rate to 3.7852107538555157e-06
train 7585
vs, vt 0.19084228750537424 0.19318832654286833
need align? ->  True 0.1775749822092407
2023-08-25 11:08:14,376 - epoch:27, training loss:1.4646 validation loss:0.1908
Updating learning rate to 1.689775997507734e-06
Updating learning rate to 1.689775997507734e-06
train 7585
vs, vt 0.19102787423659773 0.19251087176449158
need align? ->  True 0.1775749822092407
2023-08-25 11:09:00,628 - epoch:28, training loss:1.4578 validation loss:0.1910
Updating learning rate to 4.2094599002257844e-07
Updating learning rate to 4.2094599002257844e-07
train 7585
vs, vt 0.19110667924670613 0.19263935888953068
need align? ->  True 0.1775749822092407
2023-08-25 11:09:47,147 - epoch:29, training loss:1.4558 validation loss:0.1911
Updating learning rate to 4.3076461427648203e-10
Updating learning rate to 4.3076461427648203e-10
check exp/ECL-PatchTST2023-08-25-10:47:13.568019/0/0.1769_epoch_2.pkl  &  0.1775749822092407
2023-08-25 11:09:50,782 - [*] loss:0.3935
2023-08-25 11:09:50,800 - [*] phase 0, testing
2023-08-25 11:09:51,048 - T:720	MAE	0.424666	RMSE	0.391584	MAPE	190.920353
2023-08-25 11:09:51,048 - 720	mae	0.4247	
2023-08-25 11:09:51,048 - 720	rmse	0.3916	
2023-08-25 11:09:51,048 - 720	mape	190.9204	
2023-08-25 11:09:52,135 - [*] loss:0.3944
2023-08-25 11:09:52,153 - [*] phase 0, testing
2023-08-25 11:09:52,399 - T:720	MAE	0.426344	RMSE	0.392566	MAPE	193.169439
2023-08-25 11:09:55,968 - [*] loss:0.4034
2023-08-25 11:09:55,986 - [*] phase 0, testing
2023-08-25 11:09:56,230 - T:720	MAE	0.429542	RMSE	0.401875	MAPE	188.317609
2023-08-25 11:09:57,395 - [*] loss:0.3967
2023-08-25 11:09:57,413 - [*] phase 0, testing
2023-08-25 11:09:57,659 - T:720	MAE	0.424226	RMSE	0.394999	MAPE	187.012863
2023-08-25 11:09:57,659 - 720	mae	0.4242	
2023-08-25 11:09:57,659 - 720	rmse	0.3950	
2023-08-25 11:09:57,659 - 720	mape	187.0129	
