2023-08-24 16:23:34,547 - logger name:exp/ECL-PatchTST2023-08-24-16:23:34.546917/ECL-PatchTST.log
2023-08-24 16:23:34,547 - params : {'loss': 'huber', 'conf': 'ECL-PatchTST', 'data_name': 'ETTh2', 'iteration': 1, 'train': 1, 'load': True, 'build_graph': False, 'same_init': True, 'grad_norm': False, 'refiner_residual': 0, 'root_path': '', 'exp_path': 'exp/', 'val_test_mix': False, 'pred_len': 96, 'noise_rate': 0.5, 'device': device(type='cuda', index=0), 'test_model_path': '/Disk/fhyega/code/BASE/exp/ECL-PatchTST2023-08-24-15:02:53.303436/0/best_model.pkl', 'idx': -1, 'aligner': 1, 'always_align': 1, 'refiner': 1, 'rec_block_num': 1, 'enhance': 1, 'enhance_type': 5, 'seed': 34, 'batch_size': 64, 'share_head': 0, 'add_noise': 1, 'jitter_sigma': 2.0, 'slope_rate': 0.01, 'slope_range': 0.5, 'alpha': 10.0, 'beta': 1.0, 'gamma': 0.15, 'feature_jittering': 1, 'rec_intra_feature': 0, 'rec_ori': 1, 'mid_dim': 128, 'test_en': 0, 'debugger': 0, 'omega': 1.0, 'theta': 1.1, 'mask_border': 1, 'sup_weight': 20.0, 'rec_length_ratio': 0.8, 'ref_dropout': 0.1, 'ref_block_num': 3, 'add_FFN': 1, 'add_residual': 1, 'rec_all': 0, 'e_layers': 1, '/* model related args*/': '//', 'model_name': 'PatchTST', 'seq_len': 336, 'label_len': 48, 'features': 'M', 'target': 'OT', 'graph_input': False, 'individual': False, 'd_layers': 1, 'factor': 1, 'n_heads': 16, 'd_model': 128, 'd_ff': 256, 'dropout': 0.2, 'fc_dropout': 0.2, 'head_dropout': 0.0, 'patch_len': 16, 'stride': 8, 'des': 'Exp', 'padding_patch': 'end', 'revin': 1, 'affine': 0, 'subtract_last': 0, 'decomposition': 0, 'kernel_size': 25, 'output_attention': 0, 'embed_type': 0, 'activation': 'gelu', 'lradj': 'TST', 'distil': 1, 'linear_output': 1, 'pct_start': 0.2, '/*train related args*/': '//', 'epoch': 30, 'lr': 0.0001, '/*dataset related args*/': '//', 'save_data_path': 'data/ECL/', 'data_process': True, 'embed': 'timeF', 'freq': 'h', 'begin_phase': 0, 'end_phase': 1, 'phase_len': 26304, 'val_ratio': 0.33, 'graph_size': 321, '/*strategy related args*/': '//', 'strategy': 'incremental', 'increase': False, 'detect': False, 'detect_strategy': 'feature', 'replay': False, 'replay_strategy': 'random', 'repaly_num_samples': 100, 'ewc': False, 'ewc_strategy': 'ewc', 'ewc_lambda': 0.0001, 'subgraph_train': False, 'num_hops': 2, 'logname': 'ECL-PatchTST', 'time': '2023-08-24-16:23:34.546917', 'path': 'exp/ECL-PatchTST2023-08-24-16:23:34.546917', 'num_workers': 4, 'start_train': 0, 'train_mode': 'pretrain', 'get_score': False, 'use_cm': True, 'logger': <Logger __main__ (INFO)>}
2023-08-24 16:23:34,547 - [*] phase 0 start training
0 26304
train 8209
val 2785
test 2785
2023-08-24 16:23:34,732 - [*] phase 0 Dataset load!
2023-08-24 16:23:35,619 - [*] phase 0 Training start
train 8209
2023-08-24 16:23:40,654 - epoch:0, training loss:0.2129 validation loss:0.1511
train 8209
vs, vt 0.15110475341366095 0.15508514701981435
Updating learning rate to 1.0447174097965174e-05
Updating learning rate to 1.0447174097965174e-05
train 8209
vs, vt 0.1304761043919081 0.13775211703878912
need align? ->  False 0.13775211703878912
2023-08-24 16:24:36,563 - epoch:1, training loss:15.3040 validation loss:0.1305
Updating learning rate to 2.8056777481465998e-05
Updating learning rate to 2.8056777481465998e-05
train 8209
vs, vt 0.12537346873432398 0.1265866912224076
need align? ->  False 0.1265866912224076
2023-08-24 16:25:30,978 - epoch:2, training loss:8.2810 validation loss:0.1254
Updating learning rate to 5.209830270010471e-05
Updating learning rate to 5.209830270010471e-05
train 8209
vs, vt 0.12545738089829683 0.12418979258191856
need align? ->  True 0.12418979258191856
2023-08-24 16:26:25,357 - epoch:3, training loss:5.6833 validation loss:0.1255
Updating learning rate to 7.611342064283194e-05
Updating learning rate to 7.611342064283194e-05
train 8209
vs, vt 0.12376913123510101 0.12389449419623072
need align? ->  False 0.12389449419623072
2023-08-24 16:27:20,526 - epoch:4, training loss:4.3240 validation loss:0.1238
Updating learning rate to 9.365089604465064e-05
Updating learning rate to 9.365089604465064e-05
train 8209
vs, vt 0.12399442460049283 0.12326750988987359
need align? ->  True 0.12326750988987359
2023-08-24 16:28:15,367 - epoch:5, training loss:3.6781 validation loss:0.1240
Updating learning rate to 9.9999973854584e-05
Updating learning rate to 9.9999973854584e-05
train 8209
vs, vt 0.1232866866683418 0.12433515167371793
need align? ->  True 0.12326750988987359
2023-08-24 16:29:11,782 - epoch:6, training loss:3.2677 validation loss:0.1233
Updating learning rate to 9.956554473013382e-05
Updating learning rate to 9.956554473013382e-05
train 8209
vs, vt 0.1225512652149932 0.12278388326310298
need align? ->  False 0.12278388326310298
2023-08-24 16:30:06,723 - epoch:7, training loss:2.9781 validation loss:0.1226
Updating learning rate to 9.828303881524126e-05
Updating learning rate to 9.828303881524126e-05
train 8209
vs, vt 0.1226144811053845 0.12258098321035504
need align? ->  True 0.12258098321035504
2023-08-24 16:31:02,153 - epoch:8, training loss:2.7530 validation loss:0.1226
Updating learning rate to 9.617440014168803e-05
Updating learning rate to 9.617440014168803e-05
train 8209
vs, vt 0.12306094292381947 0.12230911664664745
need align? ->  True 0.12230911664664745
2023-08-24 16:31:57,075 - epoch:9, training loss:2.5636 validation loss:0.1231
Updating learning rate to 9.327570810180364e-05
Updating learning rate to 9.327570810180364e-05
train 8209
vs, vt 0.12325144753876058 0.12225703937424855
need align? ->  True 0.12225703937424855
2023-08-24 16:32:52,856 - epoch:10, training loss:2.4058 validation loss:0.1233
Updating learning rate to 8.963656012005982e-05
Updating learning rate to 8.963656012005982e-05
train 8209
vs, vt 0.12483988600698384 0.12293235555460508
need align? ->  True 0.12225703937424855
2023-08-24 16:33:47,856 - epoch:11, training loss:2.2788 validation loss:0.1248
Updating learning rate to 8.531922302738664e-05
Updating learning rate to 8.531922302738664e-05
train 8209
vs, vt 0.12500736921687017 0.12388853606005962
need align? ->  True 0.12225703937424855
2023-08-24 16:34:42,858 - epoch:12, training loss:2.1783 validation loss:0.1250
Updating learning rate to 8.03975676584317e-05
Updating learning rate to 8.03975676584317e-05
train 8209
vs, vt 0.1229756857607175 0.12346138055859641
need align? ->  True 0.12225703937424855
2023-08-24 16:35:37,774 - epoch:13, training loss:2.0996 validation loss:0.1230
Updating learning rate to 7.49558049010985e-05
Updating learning rate to 7.49558049010985e-05
train 8209
vs, vt 0.12367712164467032 0.12314933906732635
need align? ->  True 0.12225703937424855
2023-08-24 16:36:35,600 - epoch:14, training loss:2.0281 validation loss:0.1237
Updating learning rate to 6.908704482490666e-05
Updating learning rate to 6.908704482490666e-05
train 8209
vs, vt 0.12413707578724081 0.12324006631123749
need align? ->  True 0.12225703937424855
2023-08-24 16:37:30,519 - epoch:15, training loss:1.9785 validation loss:0.1241
Updating learning rate to 6.289170354188751e-05
Updating learning rate to 6.289170354188751e-05
train 8209
vs, vt 0.12419237632473762 0.12404475814070214
need align? ->  True 0.12225703937424855
2023-08-24 16:38:25,792 - epoch:16, training loss:1.9358 validation loss:0.1242
Updating learning rate to 5.647578505906667e-05
Updating learning rate to 5.647578505906667e-05
train 8209
vs, vt 0.12494049767370928 0.12368218854747036
need align? ->  True 0.12225703937424855
2023-08-24 16:39:21,064 - epoch:17, training loss:1.8965 validation loss:0.1249
Updating learning rate to 4.9949067520513824e-05
Updating learning rate to 4.9949067520513824e-05
train 8209
vs, vt 0.123611855447631 0.1242477714338086
need align? ->  True 0.12225703937424855
2023-08-24 16:40:18,252 - epoch:18, training loss:1.8737 validation loss:0.1236
Updating learning rate to 4.3423224872861584e-05
Updating learning rate to 4.3423224872861584e-05
train 8209
vs, vt 0.12369636052542111 0.12401303691281514
need align? ->  True 0.12225703937424855
2023-08-24 16:41:13,442 - epoch:19, training loss:1.8448 validation loss:0.1237
Updating learning rate to 3.70099160931167e-05
Updating learning rate to 3.70099160931167e-05
train 8209
vs, vt 0.12396127557043325 0.12401482928544283
need align? ->  True 0.12225703937424855
2023-08-24 16:42:08,831 - epoch:20, training loss:1.8206 validation loss:0.1240
Updating learning rate to 3.081887467260569e-05
Updating learning rate to 3.081887467260569e-05
train 8209
vs, vt 0.12370840709825809 0.12368943614207885
need align? ->  True 0.12225703937424855
2023-08-24 16:43:07,660 - epoch:21, training loss:1.8097 validation loss:0.1237
Updating learning rate to 2.4956031046514483e-05
Updating learning rate to 2.4956031046514483e-05
train 8209
vs, vt 0.12372370275922796 0.12343785886398771
need align? ->  True 0.12225703937424855
2023-08-24 16:44:02,525 - epoch:22, training loss:1.7976 validation loss:0.1237
Updating learning rate to 1.952170009477285e-05
Updating learning rate to 1.952170009477285e-05
train 8209
vs, vt 0.12385335958308795 0.12386836086145857
need align? ->  True 0.12225703937424855
2023-08-24 16:44:57,395 - epoch:23, training loss:1.7898 validation loss:0.1239
Updating learning rate to 1.4608864726646246e-05
Updating learning rate to 1.4608864726646246e-05
train 8209
vs, vt 0.12422272533347661 0.12377295304428447
need align? ->  True 0.12225703937424855
2023-08-24 16:45:54,515 - epoch:24, training loss:1.7792 validation loss:0.1242
Updating learning rate to 1.0301584917378652e-05
Updating learning rate to 1.0301584917378652e-05
train 8209
vs, vt 0.12418477309190414 0.12379816834899512
need align? ->  True 0.12225703937424855
2023-08-24 16:46:49,256 - epoch:25, training loss:1.7759 validation loss:0.1242
Updating learning rate to 6.673559418710186e-06
Updating learning rate to 6.673559418710186e-06
train 8209
vs, vt 0.12416941257701679 0.12378796088424596
need align? ->  True 0.12225703937424855
2023-08-24 16:47:44,216 - epoch:26, training loss:1.7707 validation loss:0.1242
Updating learning rate to 3.7868647528017672e-06
Updating learning rate to 3.7868647528017672e-06
train 8209
vs, vt 0.12399462546983903 0.12372873207046227
need align? ->  True 0.12225703937424855
2023-08-24 16:48:40,154 - epoch:27, training loss:1.7708 validation loss:0.1240
Updating learning rate to 1.690893065730064e-06
Updating learning rate to 1.690893065730064e-06
train 8209
vs, vt 0.12396064506505024 0.1237281142225997
need align? ->  True 0.12225703937424855
2023-08-24 16:49:36,966 - epoch:28, training loss:1.7709 validation loss:0.1240
Updating learning rate to 4.2150701417399644e-07
Updating learning rate to 4.2150701417399644e-07
train 8209
vs, vt 0.12402278502387079 0.12370509396053174
need align? ->  True 0.12225703937424855
2023-08-24 16:50:31,911 - epoch:29, training loss:1.7699 validation loss:0.1240
Updating learning rate to 4.26145415999806e-10
Updating learning rate to 4.26145415999806e-10
check exp/ECL-PatchTST2023-08-24-16:23:34.546917/0/0.1226_epoch_7.pkl  &  0.12225703937424855
2023-08-24 16:50:39,965 - [*] loss:0.2708
2023-08-24 16:50:39,969 - [*] phase 0, testing
2023-08-24 16:50:40,008 - T:96	MAE	0.332994	RMSE	0.272199	MAPE	137.626028
2023-08-24 16:50:40,010 - 96	mae	0.3330	
2023-08-24 16:50:40,010 - 96	rmse	0.2722	
2023-08-24 16:50:40,010 - 96	mape	137.6260	
2023-08-24 16:50:40,669 - [*] loss:0.2709
2023-08-24 16:50:40,673 - [*] phase 0, testing
2023-08-24 16:50:40,710 - T:96	MAE	0.332776	RMSE	0.272180	MAPE	136.119533
2023-08-24 16:50:48,772 - [*] loss:0.2946
2023-08-24 16:50:48,775 - [*] phase 0, testing
2023-08-24 16:50:48,814 - T:96	MAE	0.344185	RMSE	0.296604	MAPE	143.748426
2023-08-24 16:50:49,464 - [*] loss:0.2713
2023-08-24 16:50:49,467 - [*] phase 0, testing
2023-08-24 16:50:49,504 - T:96	MAE	0.332090	RMSE	0.272684	MAPE	133.804643
2023-08-24 16:50:49,505 - 96	mae	0.3321	
2023-08-24 16:50:49,505 - 96	rmse	0.2727	
2023-08-24 16:50:49,505 - 96	mape	133.8046	
