2023-08-25 10:37:14,568 - logger name:exp/ECL-PatchTST2023-08-25-10:37:14.568700/ECL-PatchTST.log
2023-08-25 10:37:14,569 - params : {'loss': 'huber', 'conf': 'ECL-PatchTST', 'data_name': 'ETTh2', 'iteration': 1, 'train': 1, 'load': True, 'build_graph': False, 'same_init': True, 'grad_norm': False, 'refiner_residual': 0, 'root_path': '', 'exp_path': 'exp/', 'val_test_mix': False, 'pred_len': 720, 'noise_rate': 0.5, 'device': device(type='cuda', index=1), 'test_model_path': '/Disk/fhyega/code/BASE/exp/ECL-PatchTST2023-08-24-17:18:59.037459/0/best_model.pkl', 'idx': -1, 'aligner': 0, 'always_align': 1, 'refiner': 0, 'rec_block_num': 1, 'enhance': 0, 'enhance_type': 5, 'seed': 34, 'batch_size': 64, 'share_head': 0, 'add_noise': 1, 'jitter_sigma': 2.0, 'slope_rate': 0.01, 'slope_range': 0.5, 'alpha': 10.0, 'beta': 1.0, 'gamma': 0.15, 'feature_jittering': 1, 'rec_intra_feature': 0, 'rec_ori': 1, 'mid_dim': 128, 'test_en': 0, 'debugger': 0, 'omega': 1.0, 'theta': 1.1, 'mask_border': 1, 'sup_weight': 10.0, 'rec_length_ratio': 0.8, 'ref_dropout': 0.0, 'ref_block_num': 2, 'add_FFN': 0, 'add_residual': 0, 'rec_all': 0, 'e_layers': 3, '/* model related args*/': '//', 'model_name': 'PatchTST', 'seq_len': 336, 'label_len': 48, 'features': 'M', 'target': 'OT', 'graph_input': False, 'individual': False, 'd_layers': 1, 'factor': 1, 'n_heads': 16, 'd_model': 128, 'd_ff': 256, 'dropout': 0.2, 'fc_dropout': 0.2, 'head_dropout': 0.0, 'patch_len': 16, 'stride': 8, 'des': 'Exp', 'padding_patch': 'end', 'revin': 1, 'affine': 0, 'subtract_last': 0, 'decomposition': 0, 'kernel_size': 25, 'output_attention': 0, 'embed_type': 0, 'activation': 'gelu', 'lradj': 'TST', 'distil': 1, 'linear_output': 1, 'pct_start': 0.2, '/*train related args*/': '//', 'epoch': 30, 'lr': 0.0001, '/*dataset related args*/': '//', 'save_data_path': 'data/ECL/', 'data_process': True, 'embed': 'timeF', 'freq': 'h', 'begin_phase': 0, 'end_phase': 1, 'phase_len': 26304, 'val_ratio': 0.33, 'graph_size': 321, '/*strategy related args*/': '//', 'strategy': 'incremental', 'increase': False, 'detect': False, 'detect_strategy': 'feature', 'replay': False, 'replay_strategy': 'random', 'repaly_num_samples': 100, 'ewc': False, 'ewc_strategy': 'ewc', 'ewc_lambda': 0.0001, 'subgraph_train': False, 'num_hops': 2, 'logname': 'ECL-PatchTST', 'time': '2023-08-25-10:37:14.568700', 'path': 'exp/ECL-PatchTST2023-08-25-10:37:14.568700', 'num_workers': 4, 'start_train': 0, 'train_mode': 'pretrain', 'get_score': False, 'use_cm': True, 'logger': <Logger __main__ (INFO)>}
2023-08-25 10:37:14,569 - [*] phase 0 start training
0 26304
train 7585
val 2161
test 2161
2023-08-25 10:37:14,757 - [*] phase 0 Dataset load!
2023-08-25 10:37:15,749 - [*] phase 0 Training start
train 7585
2023-08-25 10:37:26,555 - epoch:0, training loss:0.3214 validation loss:0.1916
train 7585
vs, vt 0.19158968154121847 0.1953845017534845
Updating learning rate to 1.0448566232463809e-05
Updating learning rate to 1.0448566232463809e-05
train 7585
vs, vt 0.1821760220781845 0.18557069702621767
need align? ->  False 0.18557069702621767
2023-08-25 10:37:52,337 - epoch:1, training loss:0.3489 validation loss:0.1822
Updating learning rate to 2.8061597994252208e-05
Updating learning rate to 2.8061597994252208e-05
train 7585
vs, vt 0.1789462759214289 0.18290696402682977
need align? ->  False 0.18290696402682977
2023-08-25 10:38:11,295 - epoch:2, training loss:0.3318 validation loss:0.1789
Updating learning rate to 5.2106645207432646e-05
Updating learning rate to 5.2106645207432646e-05
train 7585
vs, vt 0.175774681765367 0.1810552526046248
need align? ->  False 0.1810552526046248
2023-08-25 10:38:30,447 - epoch:3, training loss:0.3203 validation loss:0.1758
Updating learning rate to 7.612303789213374e-05
Updating learning rate to 7.612303789213374e-05
train 7585
vs, vt 0.178339498994105 0.17691841414746115
need align? ->  True 0.17691841414746115
2023-08-25 10:38:49,793 - epoch:4, training loss:0.3104 validation loss:0.1783
Updating learning rate to 9.36578052611824e-05
Updating learning rate to 9.36578052611824e-05
train 7585
vs, vt 0.18553545183556922 0.17873093431048534
need align? ->  True 0.17691841414746115
2023-08-25 10:39:09,340 - epoch:5, training loss:0.2970 validation loss:0.1855
Updating learning rate to 9.999996923538573e-05
Updating learning rate to 9.999996923538573e-05
train 7585
vs, vt 0.18017121009966908 0.1831841575091376
need align? ->  True 0.17691841414746115
2023-08-25 10:39:29,253 - epoch:6, training loss:0.2864 validation loss:0.1802
Updating learning rate to 9.95649745466216e-05
Updating learning rate to 9.95649745466216e-05
train 7585
vs, vt 0.18141205521190867 0.18234368709518628
need align? ->  True 0.17691841414746115
2023-08-25 10:39:48,695 - epoch:7, training loss:0.2784 validation loss:0.1814
Updating learning rate to 9.828191282341312e-05
Updating learning rate to 9.828191282341312e-05
train 7585
vs, vt 0.18146862133460887 0.18570422205854864
need align? ->  True 0.17691841414746115
2023-08-25 10:40:08,383 - epoch:8, training loss:0.2722 validation loss:0.1815
Updating learning rate to 9.617273760757628e-05
Updating learning rate to 9.617273760757628e-05
train 7585
vs, vt 0.18344451782896237 0.18680388524251826
need align? ->  True 0.17691841414746115
2023-08-25 10:40:28,146 - epoch:9, training loss:0.2666 validation loss:0.1834
Updating learning rate to 9.327353747182792e-05
Updating learning rate to 9.327353747182792e-05
train 7585
vs, vt 0.18318083060576634 0.18985385820269585
need align? ->  True 0.17691841414746115
2023-08-25 10:40:48,011 - epoch:10, training loss:0.2630 validation loss:0.1832
Updating learning rate to 8.96339185343008e-05
Updating learning rate to 8.96339185343008e-05
train 7585
vs, vt 0.18398536873214386 0.18791534937918186
need align? ->  True 0.17691841414746115
2023-08-25 10:41:07,974 - epoch:11, training loss:0.2595 validation loss:0.1840
Updating learning rate to 8.531615568410903e-05
Updating learning rate to 8.531615568410903e-05
train 7585
vs, vt 0.1848593748667661 0.18869249402161906
need align? ->  True 0.17691841414746115
2023-08-25 10:41:27,622 - epoch:12, training loss:0.2563 validation loss:0.1849
Updating learning rate to 8.039412704072945e-05
Updating learning rate to 8.039412704072945e-05
train 7585
vs, vt 0.1840919628739357 0.18978093827472015
need align? ->  True 0.17691841414746115
2023-08-25 10:41:47,281 - epoch:13, training loss:0.2530 validation loss:0.1841
Updating learning rate to 7.495204987889436e-05
Updating learning rate to 7.495204987889436e-05
train 7585
vs, vt 0.184712591854965 0.18824439605369286
need align? ->  True 0.17691841414746115
2023-08-25 10:42:07,652 - epoch:14, training loss:0.2510 validation loss:0.1847
Updating learning rate to 6.908303964767166e-05
Updating learning rate to 6.908303964767166e-05
train 7585
vs, vt 0.18578958872924833 0.19113310262122574
need align? ->  True 0.17691841414746115
2023-08-25 10:42:27,460 - epoch:15, training loss:0.2488 validation loss:0.1858
Updating learning rate to 6.288751673931462e-05
Updating learning rate to 6.288751673931462e-05
train 7585
vs, vt 0.18608538061380386 0.1905789987786728
need align? ->  True 0.17691841414746115
2023-08-25 10:42:46,797 - epoch:16, training loss:0.2459 validation loss:0.1861
Updating learning rate to 5.6471488268508675e-05
Updating learning rate to 5.6471488268508675e-05
train 7585
vs, vt 0.18661618013592327 0.19128066334216035
need align? ->  True 0.17691841414746115
2023-08-25 10:43:06,414 - epoch:17, training loss:0.2447 validation loss:0.1866
Updating learning rate to 4.994473426124847e-05
Updating learning rate to 4.994473426124847e-05
train 7585
vs, vt 0.18576576736043482 0.19130014562431505
need align? ->  True 0.17691841414746115
2023-08-25 10:43:26,051 - epoch:18, training loss:0.2429 validation loss:0.1858
Updating learning rate to 4.341892928815632e-05
Updating learning rate to 4.341892928815632e-05
train 7585
vs, vt 0.1866676740567474 0.19101992906893
need align? ->  True 0.17691841414746115
2023-08-25 10:43:45,682 - epoch:19, training loss:0.2415 validation loss:0.1867
Updating learning rate to 3.700573168161677e-05
Updating learning rate to 3.700573168161677e-05
train 7585
vs, vt 0.18689493221395156 0.19100851620383122
need align? ->  True 0.17691841414746115
2023-08-25 10:44:05,088 - epoch:20, training loss:0.2398 validation loss:0.1869
Updating learning rate to 3.0814873030752014e-05
Updating learning rate to 3.0814873030752014e-05
train 7585
vs, vt 0.18710376541404164 0.19067535034435637
need align? ->  True 0.17691841414746115
2023-08-25 10:44:24,798 - epoch:21, training loss:0.2396 validation loss:0.1871
Updating learning rate to 2.4952280643508647e-05
Updating learning rate to 2.4952280643508647e-05
train 7585
vs, vt 0.18685527222559734 0.1902572672594996
need align? ->  True 0.17691841414746115
2023-08-25 10:44:45,034 - epoch:22, training loss:0.2385 validation loss:0.1869
Updating learning rate to 1.9518265101050065e-05
Updating learning rate to 1.9518265101050065e-05
train 7585
vs, vt 0.18691053844111807 0.19123944607289398
need align? ->  True 0.17691841414746115
2023-08-25 10:45:04,751 - epoch:23, training loss:0.2372 validation loss:0.1869
Updating learning rate to 1.4605803915901506e-05
Updating learning rate to 1.4605803915901506e-05
train 7585
vs, vt 0.1871822132345508 0.19148139009142623
need align? ->  True 0.17691841414746115
2023-08-25 10:45:24,549 - epoch:24, training loss:0.2368 validation loss:0.1872
Updating learning rate to 1.0298950660932395e-05
Updating learning rate to 1.0298950660932395e-05
train 7585
vs, vt 0.18715047715779612 0.19148519700940916
need align? ->  True 0.17691841414746115
2023-08-25 10:45:44,846 - epoch:25, training loss:0.2366 validation loss:0.1872
Updating learning rate to 6.671396789420554e-06
Updating learning rate to 6.671396789420554e-06
train 7585
vs, vt 0.1867240795536953 0.19076592836748152
need align? ->  True 0.17691841414746115
2023-08-25 10:46:04,530 - epoch:26, training loss:0.2363 validation loss:0.1867
Updating learning rate to 3.7852107538555157e-06
Updating learning rate to 3.7852107538555157e-06
train 7585
vs, vt 0.18701485073303475 0.1916359596173553
need align? ->  True 0.17691841414746115
2023-08-25 10:46:24,243 - epoch:27, training loss:0.2361 validation loss:0.1870
Updating learning rate to 1.689775997507734e-06
Updating learning rate to 1.689775997507734e-06
train 7585
vs, vt 0.18697301517514622 0.19131255226538463
need align? ->  True 0.17691841414746115
2023-08-25 10:46:43,730 - epoch:28, training loss:0.2362 validation loss:0.1870
Updating learning rate to 4.2094599002257844e-07
Updating learning rate to 4.2094599002257844e-07
train 7585
vs, vt 0.18698152417645736 0.19122658253592603
need align? ->  True 0.17691841414746115
2023-08-25 10:47:03,563 - epoch:29, training loss:0.2358 validation loss:0.1870
Updating learning rate to 4.3076461427648203e-10
Updating learning rate to 4.3076461427648203e-10
check exp/ECL-PatchTST2023-08-25-10:37:14.568700/0/0.1758_epoch_3.pkl  &  0.17691841414746115
2023-08-25 10:47:04,906 - [*] loss:0.3914
2023-08-25 10:47:05,076 - [*] phase 0, testing
2023-08-25 10:47:06,041 - T:720	MAE	0.423303	RMSE	0.389597	MAPE	189.188540
2023-08-25 10:47:06,045 - 720	mae	0.4233	
2023-08-25 10:47:06,045 - 720	rmse	0.3896	
2023-08-25 10:47:06,045 - 720	mape	189.1885	
2023-08-25 10:47:07,565 - [*] loss:0.3914
2023-08-25 10:47:07,579 - [*] phase 0, testing
2023-08-25 10:47:08,352 - T:720	MAE	0.423303	RMSE	0.389597	MAPE	189.188540
2023-08-25 10:47:09,416 - [*] loss:0.4036
2023-08-25 10:47:09,431 - [*] phase 0, testing
2023-08-25 10:47:10,035 - T:720	MAE	0.429412	RMSE	0.402022	MAPE	189.618421
2023-08-25 10:47:11,206 - [*] loss:0.3952
2023-08-25 10:47:11,221 - [*] phase 0, testing
2023-08-25 10:47:11,512 - T:720	MAE	0.422647	RMSE	0.393387	MAPE	185.182476
2023-08-25 10:47:11,513 - 720	mae	0.4226	
2023-08-25 10:47:11,513 - 720	rmse	0.3934	
2023-08-25 10:47:11,513 - 720	mape	185.1825	
