2023-07-31 19:31:17,613 - logger name:exp/ECL-PatchTST2023-07-31-19:31:17.612775/ECL-PatchTST.log
2023-07-31 19:31:17,613 - params : {'conf': 'ECL-PatchTST', 'data_name': 'ETTh2', 'iteration': 1, 'load': True, 'build_graph': False, 'same_init': True, 'grad_norm': False, 'refiner_no_residual': False, 'root_path': '', 'exp_path': 'exp/', 'val_test_mix': False, 'pred_len': 96, 'noise_rate': 0.5, 'device': device(type='cuda', index=0), 'test_model_path': '/Disk/fhyega/code/BASE/exp/ECL-PatchTST2023-07-23-21:59:42.618606/0/0.0379_epoch_25.pkl', 'idx': -1, 'aligner': 0, 'always_align': 1, 'refiner': 0, 'refiner_block_num': 1, 'enhance': 0, 'enhance_type': 0, 'seed': 42033, 'batch_size': 128, 'jitter_sigma': 0.1, '/* model related args*/': '//', 'model_name': 'PatchTST', 'seq_len': 336, 'label_len': 48, 'features': 'M', 'target': 'OT', 'graph_input': False, 'individual': False, 'e_layers': 3, 'd_layers': 1, 'factor': 1, 'n_heads': 16, 'd_model': 128, 'd_ff': 256, 'dropout': 0.2, 'fc_dropout': 0.2, 'head_dropout': 0.0, 'patch_len': 16, 'stride': 8, 'des': 'Exp', 'padding_patch': 'end', 'revin': 1, 'affine': 0, 'subtract_last': 0, 'decomposition': 0, 'kernel_size': 25, 'output_attention': 0, 'embed_type': 0, 'activation': 'gelu', 'lradj': 'TST', 'distil': 1, 'linear_output': 1, 'pct_start': 0.2, '/*train related args*/': '//', 'train': True, 'epoch': 30, 'lr': 0.0001, 'loss': 'mse', '/*dataset related args*/': '//', 'save_data_path': 'data/ECL/', 'data_process': True, 'embed': 'timeF', 'freq': 'h', 'begin_phase': 0, 'end_phase': 1, 'phase_len': 26304, 'val_ratio': 0.33, 'graph_size': 321, '/*strategy related args*/': '//', 'strategy': 'incremental', 'increase': False, 'detect': False, 'detect_strategy': 'feature', 'replay': False, 'replay_strategy': 'random', 'repaly_num_samples': 100, 'ewc': False, 'ewc_strategy': 'ewc', 'ewc_lambda': 0.0001, 'subgraph_train': False, 'num_hops': 2, 'logname': 'ECL-PatchTST', 'time': '2023-07-31-19:31:17.612775', 'path': 'exp/ECL-PatchTST2023-07-31-19:31:17.612775', 'num_workers': 4, 'start_train': 0, 'train_mode': 'pretrain', 'get_score': False, 'use_cm': True, 'logger': <Logger __main__ (INFO)>}
2023-07-31 19:31:17,613 - [*] phase 0 start training
0 26304
train 8209
val 2785
test 2785
2023-07-31 19:31:17,802 - [*] phase 0 Dataset load!
2023-07-31 19:31:18,635 - [*] phase 0 Training start
train 8209
2023-07-31 19:31:30,360 - epoch:0, training loss:0.6263 validation loss:0.3679
train 8209
vs, vt 0.36791982942006807 0.3731505400077863
Updating learning rate to 1.0463629820836433e-05
Updating learning rate to 1.0463629820836433e-05
train 8209
vs, vt 0.30681355263699184 0.32151843912222167
2023-07-31 19:31:55,866 - epoch:1, training loss:0.5763 validation loss:0.3068
Updating learning rate to 2.8113748014145436e-05
Updating learning rate to 2.8113748014145436e-05
train 8209
vs, vt 0.28439231860366737 0.2891397281465205
2023-07-31 19:32:14,617 - epoch:2, training loss:0.5008 validation loss:0.2844
Updating learning rate to 5.219686165094539e-05
Updating learning rate to 5.219686165094539e-05
train 8209
vs, vt 0.28201991675252264 0.27836832573468034
2023-07-31 19:32:33,910 - epoch:3, training loss:0.4606 validation loss:0.2820
Updating learning rate to 7.622695691951079e-05
Updating learning rate to 7.622695691951079e-05
train 8209
vs, vt 0.28011292100630025 0.2758823187852448
2023-07-31 19:32:52,344 - epoch:4, training loss:0.4363 validation loss:0.2801
Updating learning rate to 9.373229880419829e-05
Updating learning rate to 9.373229880419829e-05
train 8209
vs, vt 0.290311642668464 0.2730312154374339
2023-07-31 19:33:10,816 - epoch:5, training loss:0.4210 validation loss:0.2903
Updating learning rate to 9.999989541836333e-05
Updating learning rate to 9.999989541836333e-05
train 8209
vs, vt 0.3010354075919498 0.27676955491981725
2023-07-31 19:33:30,172 - epoch:6, training loss:0.3993 validation loss:0.3010
Updating learning rate to 9.955879284407972e-05
Updating learning rate to 9.955879284407972e-05
train 8209
vs, vt 0.3066409179432826 0.279300817373124
2023-07-31 19:33:49,038 - epoch:7, training loss:0.3779 validation loss:0.3066
Updating learning rate to 9.826972900599613e-05
Updating learning rate to 9.826972900599613e-05
train 8209
vs, vt 0.31786690262908285 0.2768916828049855
2023-07-31 19:34:07,788 - epoch:8, training loss:0.3636 validation loss:0.3179
Updating learning rate to 9.615476014377818e-05
Updating learning rate to 9.615476014377818e-05
check exp/ECL-PatchTST2023-07-31-19:31:17.612775/0/0.2801_epoch_4.pkl  &  0.2730312154374339
2023-07-31 19:34:09,616 - [*] loss:0.2801
2023-07-31 19:34:09,623 - [*] phase 0, testing
2023-07-31 19:34:09,660 - T:96	MAE	0.341446	RMSE	0.279930	MAPE	137.749386
2023-07-31 19:34:09,661 - 96	mae	0.3414	
2023-07-31 19:34:09,661 - 96	rmse	0.2799	
2023-07-31 19:34:09,661 - 96	mape	137.7494	
2023-07-31 19:34:10,874 - [*] loss:0.2730
2023-07-31 19:34:10,877 - [*] phase 0, testing
2023-07-31 19:34:10,942 - T:96	MAE	0.331967	RMSE	0.273265	MAPE	131.741858
2023-07-31 19:34:10,943 - 96	mae	0.3320	
2023-07-31 19:34:10,943 - 96	rmse	0.2733	
2023-07-31 19:34:10,943 - 96	mape	131.7419	
