2023-07-28 20:31:51,961 - logger name:exp/ECL-PatchTST2023-07-28-20:31:51.961159/ECL-PatchTST.log
2023-07-28 20:31:51,961 - params : {'conf': 'ECL-PatchTST', 'data_name': 'ETTh2', 'iteration': 1, 'load': True, 'build_graph': False, 'same_init': True, 'grad_norm': False, 'refiner_no_residual': False, 'root_path': '', 'exp_path': 'exp/', 'val_test_mix': False, 'pred_len': 96, 'noise_rate': 0.5, 'device': device(type='cuda', index=1), 'test_model_path': '/Disk/fhyega/code/BASE/exp/ECL-PatchTST2023-07-23-21:59:42.618606/0/0.0379_epoch_25.pkl', 'idx': -1, 'aligner': 0, 'always_align': 1, 'refiner': 1, 'refiner_block_num': 1, 'enhance': 1, 'enhance_type': 1, 'seed': 42033, 'batch_size': 128, '/* model related args*/': '//', 'model_name': 'PatchTST', 'seq_len': 336, 'label_len': 48, 'features': 'M', 'target': 'OT', 'graph_input': False, 'individual': False, 'e_layers': 3, 'd_layers': 1, 'factor': 1, 'n_heads': 16, 'd_model': 128, 'd_ff': 256, 'dropout': 0.2, 'fc_dropout': 0.2, 'head_dropout': 0.0, 'patch_len': 16, 'stride': 8, 'des': 'Exp', 'padding_patch': 'end', 'revin': 1, 'affine': 0, 'subtract_last': 0, 'decomposition': 0, 'kernel_size': 25, 'output_attention': 0, 'embed_type': 0, 'activation': 'gelu', 'lradj': 'TST', 'distil': 1, 'linear_output': 1, 'pct_start': 0.2, '/*train related args*/': '//', 'train': True, 'epoch': 30, 'lr': 0.0001, 'loss': 'mse', '/*dataset related args*/': '//', 'save_data_path': 'data/ECL/', 'data_process': True, 'embed': 'timeF', 'freq': 'h', 'begin_phase': 0, 'end_phase': 1, 'phase_len': 26304, 'val_ratio': 0.33, 'graph_size': 321, '/*strategy related args*/': '//', 'strategy': 'incremental', 'increase': False, 'detect': False, 'detect_strategy': 'feature', 'replay': False, 'replay_strategy': 'random', 'repaly_num_samples': 100, 'ewc': False, 'ewc_strategy': 'ewc', 'ewc_lambda': 0.0001, 'subgraph_train': False, 'num_hops': 2, 'logname': 'ECL-PatchTST', 'time': '2023-07-28-20:31:51.961159', 'path': 'exp/ECL-PatchTST2023-07-28-20:31:51.961159', 'num_workers': 4, 'start_train': 0, 'train_mode': 'pretrain', 'get_score': False, 'use_cm': True, 'logger': <Logger __main__ (INFO)>}
2023-07-28 20:31:51,962 - [*] phase 0 start training
0 26304
train 8209
val 2785
test 2785
2023-07-28 20:31:52,201 - [*] phase 0 Dataset load!
2023-07-28 20:31:53,226 - [*] phase 0 Training start
train 8209
2023-07-28 20:32:14,988 - epoch:0, training loss:0.6349 validation loss:0.3724
train 8209
vs, vt 0.37235622853040695 0.3777397738938982
Updating learning rate to 1.0463629820836433e-05
Updating learning rate to 1.0463629820836433e-05
train 8209
vs, vt 0.3112251789055087 0.32529455897482956
2023-07-28 20:32:58,537 - epoch:1, training loss:1.0385 validation loss:0.3112
Updating learning rate to 2.8113748014145436e-05
Updating learning rate to 2.8113748014145436e-05
train 8209
vs, vt 0.28877538815140724 0.29141767966476356
2023-07-28 20:33:31,750 - epoch:2, training loss:0.8992 validation loss:0.2888
Updating learning rate to 5.219686165094539e-05
Updating learning rate to 5.219686165094539e-05
train 8209
vs, vt 0.28070590865205636 0.2802769546820359
2023-07-28 20:34:04,312 - epoch:3, training loss:0.7639 validation loss:0.2807
Updating learning rate to 7.622695691951079e-05
Updating learning rate to 7.622695691951079e-05
train 8209
vs, vt 0.2794874410398982 0.2777270764451135
2023-07-28 20:34:37,490 - epoch:4, training loss:0.6691 validation loss:0.2795
Updating learning rate to 9.373229880419829e-05
Updating learning rate to 9.373229880419829e-05
train 8209
vs, vt 0.2863441516052593 0.27482653070579877
2023-07-28 20:35:11,005 - epoch:5, training loss:0.6225 validation loss:0.2863
Updating learning rate to 9.999989541836333e-05
Updating learning rate to 9.999989541836333e-05
train 8209
vs, vt 0.3092140194705941 0.27491678128188307
2023-07-28 20:35:49,213 - epoch:6, training loss:0.5888 validation loss:0.3092
Updating learning rate to 9.955879284407972e-05
Updating learning rate to 9.955879284407972e-05
train 8209
vs, vt 0.2968329223380847 0.28458614681254735
2023-07-28 20:36:28,154 - epoch:7, training loss:0.5702 validation loss:0.2968
Updating learning rate to 9.826972900599613e-05
Updating learning rate to 9.826972900599613e-05
train 8209
vs, vt 0.3088277229531245 0.2777867554263635
2023-07-28 20:37:07,317 - epoch:8, training loss:0.5496 validation loss:0.3088
Updating learning rate to 9.615476014377818e-05
Updating learning rate to 9.615476014377818e-05
train 8209
vs, vt 0.3072785305028612 0.28980619578876277
2023-07-28 20:37:40,793 - epoch:9, training loss:0.5415 validation loss:0.3073
Updating learning rate to 9.325007396103859e-05
Updating learning rate to 9.325007396103859e-05
train 8209
vs, vt 0.3056910525668751 0.2813304718583822
2023-07-28 20:38:12,927 - epoch:10, training loss:0.5335 validation loss:0.3057
Updating learning rate to 8.960537044369518e-05
Updating learning rate to 8.960537044369518e-05
train 8209
vs, vt 0.32032629644328897 0.2812800168652426
2023-07-28 20:38:44,758 - epoch:11, training loss:0.5230 validation loss:0.3203
Updating learning rate to 8.528301147943237e-05
Updating learning rate to 8.528301147943237e-05
train 8209
vs, vt 0.31991342489014973 0.28251650438389997
2023-07-28 20:39:17,712 - epoch:12, training loss:0.5207 validation loss:0.3199
Updating learning rate to 8.035695382851308e-05
Updating learning rate to 8.035695382851308e-05
train 8209
vs, vt 0.3153469054536386 0.2856010566042228
2023-07-28 20:39:49,934 - epoch:13, training loss:0.5154 validation loss:0.3153
Updating learning rate to 7.49114837031057e-05
Updating learning rate to 7.49114837031057e-05
train 8209
vs, vt 0.32384922490878537 0.28500155884433875
2023-07-28 20:40:21,992 - epoch:14, training loss:0.5147 validation loss:0.3238
Updating learning rate to 6.90397746068255e-05
Updating learning rate to 6.90397746068255e-05
train 8209
vs, vt 0.31910350105979224 0.28510103425519034
2023-07-28 20:40:55,165 - epoch:15, training loss:0.5097 validation loss:0.3191
Updating learning rate to 6.284229311025519e-05
Updating learning rate to 6.284229311025519e-05
train 8209
vs, vt 0.32901826229962433 0.28411836769770493
2023-07-28 20:41:27,528 - epoch:16, training loss:0.5051 validation loss:0.3290
Updating learning rate to 5.642507984006751e-05
Updating learning rate to 5.642507984006751e-05
train 8209
vs, vt 0.3210343820127574 0.2871565635908734
2023-07-28 20:42:00,018 - epoch:17, training loss:0.5033 validation loss:0.3210
Updating learning rate to 4.989793509450307e-05
Updating learning rate to 4.989793509450307e-05
train 8209
vs, vt 0.31615194000981073 0.2855915997854688
2023-07-28 20:42:32,238 - epoch:18, training loss:0.4986 validation loss:0.3162
Updating learning rate to 4.337254012982485e-05
Updating learning rate to 4.337254012982485e-05
train 8209
vs, vt 0.3213786103508689 0.28307123346762225
2023-07-28 20:43:04,344 - epoch:19, training loss:0.4968 validation loss:0.3214
Updating learning rate to 3.696054626305981e-05
Updating learning rate to 3.696054626305981e-05
train 8209
vs, vt 0.318766576661305 0.2871128034523942
2023-07-28 20:43:36,838 - epoch:20, training loss:0.4937 validation loss:0.3188
Updating learning rate to 3.0771664487008854e-05
Updating learning rate to 3.0771664487008854e-05
train 8209
vs, vt 0.3226829023862427 0.28506170941347425
2023-07-28 20:44:09,629 - epoch:21, training loss:0.4933 validation loss:0.3227
Updating learning rate to 2.491178828474237e-05
Updating learning rate to 2.491178828474237e-05
train 8209
vs, vt 0.3197269605642015 0.28613038191741164
2023-07-28 20:44:41,730 - epoch:22, training loss:0.4925 validation loss:0.3197
Updating learning rate to 1.9481181762745777e-05
Updating learning rate to 1.9481181762745777e-05
train 8209
vs, vt 0.321191225878217 0.28606143864718353
2023-07-28 20:45:14,732 - epoch:23, training loss:0.4915 validation loss:0.3212
Updating learning rate to 1.4572764104259043e-05
Updating learning rate to 1.4572764104259043e-05
train 8209
vs, vt 0.32238056967881595 0.2870301152156158
2023-07-28 20:45:47,568 - epoch:24, training loss:0.4910 validation loss:0.3224
Updating learning rate to 1.0270519696289322e-05
Updating learning rate to 1.0270519696289322e-05
train 8209
vs, vt 0.3235962751575492 0.2861872950399464
2023-07-28 20:46:19,936 - epoch:25, training loss:0.4900 validation loss:0.3236
Updating learning rate to 6.648061133464466e-06
Updating learning rate to 6.648061133464466e-06
train 8209
vs, vt 0.32041968320581043 0.28557920692996547
2023-07-28 20:46:52,500 - epoch:26, training loss:0.4896 validation loss:0.3204
Updating learning rate to 3.7673696861296922e-06
Updating learning rate to 3.7673696861296922e-06
train 8209
vs, vt 0.32219252515245567 0.2858505103398453
2023-07-28 20:47:25,348 - epoch:27, training loss:0.4885 validation loss:0.3222
Updating learning rate to 1.6777347836274343e-06
Updating learning rate to 1.6777347836274343e-06
train 8209
vs, vt 0.3210884693332694 0.2855398224836046
2023-07-28 20:47:57,326 - epoch:28, training loss:0.4883 validation loss:0.3211
Updating learning rate to 4.1491065849575754e-07
Updating learning rate to 4.1491065849575754e-07
train 8209
vs, vt 0.3219978308135813 0.2858583844182166
2023-07-28 20:48:30,109 - epoch:29, training loss:0.4883 validation loss:0.3220
Updating learning rate to 5.045816366600914e-10
Updating learning rate to 5.045816366600914e-10
check exp/ECL-PatchTST2023-07-28-20:31:51.961159/0/0.2795_epoch_4.pkl  &  0.27482653070579877
2023-07-28 20:48:33,262 - [*] loss:0.2795
2023-07-28 20:48:33,267 - [*] phase 0, testing
2023-07-28 20:48:33,308 - T:96	MAE	0.341043	RMSE	0.279256	MAPE	136.713862
2023-07-28 20:48:33,310 - 96	mae	0.3410	
2023-07-28 20:48:33,310 - 96	rmse	0.2793	
2023-07-28 20:48:33,310 - 96	mape	136.7139	
2023-07-28 20:48:35,928 - [*] loss:0.2748
2023-07-28 20:48:35,931 - [*] phase 0, testing
2023-07-28 20:48:35,974 - T:96	MAE	0.332975	RMSE	0.274957	MAPE	132.785285
2023-07-28 20:48:35,976 - 96	mae	0.3330	
2023-07-28 20:48:35,976 - 96	rmse	0.2750	
2023-07-28 20:48:35,976 - 96	mape	132.7853	
