2023-07-28 22:16:57,902 - logger name:exp/ECL-PatchTST2023-07-28-22:16:57.902318/ECL-PatchTST.log
2023-07-28 22:16:57,902 - params : {'conf': 'ECL-PatchTST', 'data_name': 'ETTh2', 'iteration': 1, 'load': True, 'build_graph': False, 'same_init': True, 'grad_norm': False, 'refiner_no_residual': False, 'root_path': '', 'exp_path': 'exp/', 'val_test_mix': False, 'pred_len': 96, 'noise_rate': 0.5, 'device': device(type='cuda', index=1), 'test_model_path': '/Disk/fhyega/code/BASE/exp/ECL-PatchTST2023-07-23-21:59:42.618606/0/0.0379_epoch_25.pkl', 'idx': -1, 'aligner': 0, 'always_align': 1, 'refiner': 1, 'refiner_block_num': 1, 'enhance': 1, 'enhance_type': 3, 'seed': 42033, 'batch_size': 128, '/* model related args*/': '//', 'model_name': 'PatchTST', 'seq_len': 336, 'label_len': 48, 'features': 'M', 'target': 'OT', 'graph_input': False, 'individual': False, 'e_layers': 3, 'd_layers': 1, 'factor': 1, 'n_heads': 16, 'd_model': 128, 'd_ff': 256, 'dropout': 0.2, 'fc_dropout': 0.2, 'head_dropout': 0.0, 'patch_len': 16, 'stride': 8, 'des': 'Exp', 'padding_patch': 'end', 'revin': 1, 'affine': 0, 'subtract_last': 0, 'decomposition': 0, 'kernel_size': 25, 'output_attention': 0, 'embed_type': 0, 'activation': 'gelu', 'lradj': 'TST', 'distil': 1, 'linear_output': 1, 'pct_start': 0.2, '/*train related args*/': '//', 'train': True, 'epoch': 30, 'lr': 0.0001, 'loss': 'mse', '/*dataset related args*/': '//', 'save_data_path': 'data/ECL/', 'data_process': True, 'embed': 'timeF', 'freq': 'h', 'begin_phase': 0, 'end_phase': 1, 'phase_len': 26304, 'val_ratio': 0.33, 'graph_size': 321, '/*strategy related args*/': '//', 'strategy': 'incremental', 'increase': False, 'detect': False, 'detect_strategy': 'feature', 'replay': False, 'replay_strategy': 'random', 'repaly_num_samples': 100, 'ewc': False, 'ewc_strategy': 'ewc', 'ewc_lambda': 0.0001, 'subgraph_train': False, 'num_hops': 2, 'logname': 'ECL-PatchTST', 'time': '2023-07-28-22:16:57.902318', 'path': 'exp/ECL-PatchTST2023-07-28-22:16:57.902318', 'num_workers': 4, 'start_train': 0, 'train_mode': 'pretrain', 'get_score': False, 'use_cm': True, 'logger': <Logger __main__ (INFO)>}
2023-07-28 22:16:57,902 - [*] phase 0 start training
0 26304
train 8209
val 2785
test 2785
2023-07-28 22:16:58,122 - [*] phase 0 Dataset load!
2023-07-28 22:16:59,231 - [*] phase 0 Training start
train 8209
2023-07-28 22:17:20,157 - epoch:0, training loss:0.6349 validation loss:0.3724
train 8209
vs, vt 0.37235622853040695 0.3777397738938982
Updating learning rate to 1.0463629820836433e-05
Updating learning rate to 1.0463629820836433e-05
train 8209
vs, vt 0.3112541322003711 0.32626870342276315
2023-07-28 22:18:04,180 - epoch:1, training loss:1.0203 validation loss:0.3113
Updating learning rate to 2.8113748014145436e-05
Updating learning rate to 2.8113748014145436e-05
train 8209
vs, vt 0.2866472180255435 0.29309098642658105
2023-07-28 22:18:37,437 - epoch:2, training loss:0.8986 validation loss:0.2866
Updating learning rate to 5.219686165094539e-05
Updating learning rate to 5.219686165094539e-05
train 8209
vs, vt 0.2808264134959741 0.2772293636067347
2023-07-28 22:19:10,433 - epoch:3, training loss:0.8004 validation loss:0.2808
Updating learning rate to 7.622695691951079e-05
Updating learning rate to 7.622695691951079e-05
train 8209
vs, vt 0.27787188796157186 0.2722952166064219
2023-07-28 22:19:43,886 - epoch:4, training loss:0.7315 validation loss:0.2779
Updating learning rate to 9.373229880419829e-05
Updating learning rate to 9.373229880419829e-05
train 8209
vs, vt 0.28454008732329716 0.27089742638848047
2023-07-28 22:20:16,694 - epoch:5, training loss:0.6931 validation loss:0.2845
Updating learning rate to 9.999989541836333e-05
Updating learning rate to 9.999989541836333e-05
train 8209
vs, vt 0.29809157127006486 0.2737401496957649
2023-07-28 22:20:50,177 - epoch:6, training loss:0.6690 validation loss:0.2981
Updating learning rate to 9.955879284407972e-05
Updating learning rate to 9.955879284407972e-05
train 8209
vs, vt 0.29668748480352486 0.2756717430258339
2023-07-28 22:21:23,827 - epoch:7, training loss:0.6484 validation loss:0.2967
Updating learning rate to 9.826972900599613e-05
Updating learning rate to 9.826972900599613e-05
train 8209
vs, vt 0.30838171257214114 0.2748707084154541
2023-07-28 22:21:56,557 - epoch:8, training loss:0.6294 validation loss:0.3084
Updating learning rate to 9.615476014377818e-05
Updating learning rate to 9.615476014377818e-05
train 8209
vs, vt 0.3177517093718052 0.27971830388361757
2023-07-28 22:22:29,301 - epoch:9, training loss:0.6197 validation loss:0.3178
Updating learning rate to 9.325007396103859e-05
Updating learning rate to 9.325007396103859e-05
train 8209
vs, vt 0.3193692283874208 0.2854246004399928
2023-07-28 22:23:02,416 - epoch:10, training loss:0.6144 validation loss:0.3194
Updating learning rate to 8.960537044369518e-05
Updating learning rate to 8.960537044369518e-05
train 8209
vs, vt 0.3165203590284694 0.2851992246102203
2023-07-28 22:23:36,024 - epoch:11, training loss:0.6056 validation loss:0.3165
Updating learning rate to 8.528301147943237e-05
Updating learning rate to 8.528301147943237e-05
train 8209
vs, vt 0.3183574984696778 0.28826966373757884
2023-07-28 22:24:09,404 - epoch:12, training loss:0.6040 validation loss:0.3184
Updating learning rate to 8.035695382851308e-05
Updating learning rate to 8.035695382851308e-05
train 8209
vs, vt 0.31496457145972684 0.28523469157516956
2023-07-28 22:24:42,476 - epoch:13, training loss:0.5950 validation loss:0.3150
Updating learning rate to 7.49114837031057e-05
Updating learning rate to 7.49114837031057e-05
train 8209
vs, vt 0.31380540945313196 0.28178567574782803
2023-07-28 22:25:15,375 - epoch:14, training loss:0.5913 validation loss:0.3138
Updating learning rate to 6.90397746068255e-05
Updating learning rate to 6.90397746068255e-05
train 8209
vs, vt 0.31297297978943045 0.2834487726742571
2023-07-28 22:25:48,488 - epoch:15, training loss:0.5838 validation loss:0.3130
Updating learning rate to 6.284229311025519e-05
Updating learning rate to 6.284229311025519e-05
train 8209
vs, vt 0.31567174822769384 0.2856258868493817
2023-07-28 22:26:21,460 - epoch:16, training loss:0.5814 validation loss:0.3157
Updating learning rate to 5.642507984006751e-05
Updating learning rate to 5.642507984006751e-05
train 8209
vs, vt 0.31863986954770307 0.28299747983163054
2023-07-28 22:26:55,072 - epoch:17, training loss:0.5771 validation loss:0.3186
Updating learning rate to 4.989793509450307e-05
Updating learning rate to 4.989793509450307e-05
train 8209
vs, vt 0.3178232815116644 0.28431320833888923
2023-07-28 22:27:28,317 - epoch:18, training loss:0.5769 validation loss:0.3178
Updating learning rate to 4.337254012982485e-05
Updating learning rate to 4.337254012982485e-05
train 8209
vs, vt 0.32069550099020655 0.2850883344019001
2023-07-28 22:28:01,082 - epoch:19, training loss:0.5734 validation loss:0.3207
Updating learning rate to 3.696054626305981e-05
Updating learning rate to 3.696054626305981e-05
train 8209
vs, vt 0.3184323507276448 0.28628998520699417
2023-07-28 22:28:34,333 - epoch:20, training loss:0.5709 validation loss:0.3184
Updating learning rate to 3.0771664487008854e-05
Updating learning rate to 3.0771664487008854e-05
train 8209
vs, vt 0.32079711150039325 0.28600992617959325
2023-07-28 22:29:07,741 - epoch:21, training loss:0.5654 validation loss:0.3208
Updating learning rate to 2.491178828474237e-05
Updating learning rate to 2.491178828474237e-05
train 8209
vs, vt 0.31917523812841286 0.2862556254999204
2023-07-28 22:29:45,623 - epoch:22, training loss:0.5681 validation loss:0.3192
Updating learning rate to 1.9481181762745777e-05
Updating learning rate to 1.9481181762745777e-05
train 8209
vs, vt 0.32041217014193535 0.2876007385890592
2023-07-28 22:30:25,285 - epoch:23, training loss:0.5647 validation loss:0.3204
Updating learning rate to 1.4572764104259043e-05
Updating learning rate to 1.4572764104259043e-05
train 8209
vs, vt 0.31751748597757384 0.28643375008620997
2023-07-28 22:31:04,568 - epoch:24, training loss:0.5648 validation loss:0.3175
Updating learning rate to 1.0270519696289322e-05
Updating learning rate to 1.0270519696289322e-05
train 8209
vs, vt 0.3176688233559782 0.28530956601554697
2023-07-28 22:31:43,575 - epoch:25, training loss:0.5625 validation loss:0.3177
Updating learning rate to 6.648061133464466e-06
Updating learning rate to 6.648061133464466e-06
train 8209
vs, vt 0.31734009595079854 0.2854848609051921
2023-07-28 22:32:22,469 - epoch:26, training loss:0.5643 validation loss:0.3173
Updating learning rate to 3.7673696861296922e-06
Updating learning rate to 3.7673696861296922e-06
train 8209
vs, vt 0.3171624592082067 0.28499774008312007
2023-07-28 22:33:03,318 - epoch:27, training loss:0.5630 validation loss:0.3172
Updating learning rate to 1.6777347836274343e-06
Updating learning rate to 1.6777347836274343e-06
train 8209
vs, vt 0.31820743988183414 0.28540977683256974
2023-07-28 22:33:42,305 - epoch:28, training loss:0.5617 validation loss:0.3182
Updating learning rate to 4.1491065849575754e-07
Updating learning rate to 4.1491065849575754e-07
train 8209
vs, vt 0.31739222478460183 0.28496873073957185
2023-07-28 22:34:21,954 - epoch:29, training loss:0.5616 validation loss:0.3174
Updating learning rate to 5.045816366600914e-10
Updating learning rate to 5.045816366600914e-10
check exp/ECL-PatchTST2023-07-28-22:16:57.902318/0/0.2779_epoch_4.pkl  &  0.27089742638848047
2023-07-28 22:34:26,300 - [*] loss:0.2779
2023-07-28 22:34:26,305 - [*] phase 0, testing
2023-07-28 22:34:26,422 - T:96	MAE	0.340432	RMSE	0.278009	MAPE	140.014684
2023-07-28 22:34:26,425 - 96	mae	0.3404	
2023-07-28 22:34:26,425 - 96	rmse	0.2780	
2023-07-28 22:34:26,426 - 96	mape	140.0147	
2023-07-28 22:34:30,555 - [*] loss:0.2709
2023-07-28 22:34:30,562 - [*] phase 0, testing
2023-07-28 22:34:30,659 - T:96	MAE	0.332155	RMSE	0.271031	MAPE	134.017980
2023-07-28 22:34:30,660 - 96	mae	0.3322	
2023-07-28 22:34:30,661 - 96	rmse	0.2710	
2023-07-28 22:34:30,661 - 96	mape	134.0180	
