2023-07-28 21:23:15,946 - logger name:exp/ECL-PatchTST2023-07-28-21:23:15.946556/ECL-PatchTST.log
2023-07-28 21:23:15,947 - params : {'conf': 'ECL-PatchTST', 'data_name': 'ETTh2', 'iteration': 1, 'load': True, 'build_graph': False, 'same_init': True, 'grad_norm': False, 'refiner_no_residual': False, 'root_path': '', 'exp_path': 'exp/', 'val_test_mix': False, 'pred_len': 96, 'noise_rate': 0.5, 'device': device(type='cuda', index=1), 'test_model_path': '/Disk/fhyega/code/BASE/exp/ECL-PatchTST2023-07-23-21:59:42.618606/0/0.0379_epoch_25.pkl', 'idx': -1, 'aligner': 0, 'always_align': 1, 'refiner': 1, 'refiner_block_num': 1, 'enhance': 1, 'enhance_type': 2, 'seed': 42033, 'batch_size': 128, '/* model related args*/': '//', 'model_name': 'PatchTST', 'seq_len': 336, 'label_len': 48, 'features': 'M', 'target': 'OT', 'graph_input': False, 'individual': False, 'e_layers': 3, 'd_layers': 1, 'factor': 1, 'n_heads': 16, 'd_model': 128, 'd_ff': 256, 'dropout': 0.2, 'fc_dropout': 0.2, 'head_dropout': 0.0, 'patch_len': 16, 'stride': 8, 'des': 'Exp', 'padding_patch': 'end', 'revin': 1, 'affine': 0, 'subtract_last': 0, 'decomposition': 0, 'kernel_size': 25, 'output_attention': 0, 'embed_type': 0, 'activation': 'gelu', 'lradj': 'TST', 'distil': 1, 'linear_output': 1, 'pct_start': 0.2, '/*train related args*/': '//', 'train': True, 'epoch': 30, 'lr': 0.0001, 'loss': 'mse', '/*dataset related args*/': '//', 'save_data_path': 'data/ECL/', 'data_process': True, 'embed': 'timeF', 'freq': 'h', 'begin_phase': 0, 'end_phase': 1, 'phase_len': 26304, 'val_ratio': 0.33, 'graph_size': 321, '/*strategy related args*/': '//', 'strategy': 'incremental', 'increase': False, 'detect': False, 'detect_strategy': 'feature', 'replay': False, 'replay_strategy': 'random', 'repaly_num_samples': 100, 'ewc': False, 'ewc_strategy': 'ewc', 'ewc_lambda': 0.0001, 'subgraph_train': False, 'num_hops': 2, 'logname': 'ECL-PatchTST', 'time': '2023-07-28-21:23:15.946556', 'path': 'exp/ECL-PatchTST2023-07-28-21:23:15.946556', 'num_workers': 4, 'start_train': 0, 'train_mode': 'pretrain', 'get_score': False, 'use_cm': True, 'logger': <Logger __main__ (INFO)>}
2023-07-28 21:23:15,947 - [*] phase 0 start training
0 26304
train 8209
val 2785
test 2785
2023-07-28 21:23:16,171 - [*] phase 0 Dataset load!
2023-07-28 21:23:17,284 - [*] phase 0 Training start
train 8209
2023-07-28 21:23:38,010 - epoch:0, training loss:0.6349 validation loss:0.3724
train 8209
vs, vt 0.37235622853040695 0.3777397738938982
Updating learning rate to 1.0463629820836433e-05
Updating learning rate to 1.0463629820836433e-05
train 8209
vs, vt 0.31116259876977315 0.3242748530412262
2023-07-28 21:24:20,312 - epoch:1, training loss:1.1620 validation loss:0.3112
Updating learning rate to 2.8113748014145436e-05
Updating learning rate to 2.8113748014145436e-05
train 8209
vs, vt 0.28648778559132054 0.29218044301325624
2023-07-28 21:24:52,488 - epoch:2, training loss:1.0205 validation loss:0.2865
Updating learning rate to 5.219686165094539e-05
Updating learning rate to 5.219686165094539e-05
train 8209
vs, vt 0.28098329478366807 0.278491012244062
2023-07-28 21:25:24,223 - epoch:3, training loss:0.8819 validation loss:0.2810
Updating learning rate to 7.622695691951079e-05
Updating learning rate to 7.622695691951079e-05
train 8209
vs, vt 0.2781511980362914 0.27570962939750066
2023-07-28 21:25:56,835 - epoch:4, training loss:0.7782 validation loss:0.2782
Updating learning rate to 9.373229880419829e-05
Updating learning rate to 9.373229880419829e-05
train 8209
vs, vt 0.28349215317178855 0.2734362423758615
2023-07-28 21:26:29,514 - epoch:5, training loss:0.7267 validation loss:0.2835
Updating learning rate to 9.999989541836333e-05
Updating learning rate to 9.999989541836333e-05
train 8209
vs, vt 0.29553349248387595 0.27629335512491787
2023-07-28 21:27:02,515 - epoch:6, training loss:0.7010 validation loss:0.2955
Updating learning rate to 9.955879284407972e-05
Updating learning rate to 9.955879284407972e-05
train 8209
vs, vt 0.29682676223191345 0.2799232041632587
2023-07-28 21:27:34,855 - epoch:7, training loss:0.6771 validation loss:0.2968
Updating learning rate to 9.826972900599613e-05
Updating learning rate to 9.826972900599613e-05
train 8209
vs, vt 0.3041754513978958 0.2797896731644869
2023-07-28 21:28:11,683 - epoch:8, training loss:0.6617 validation loss:0.3042
Updating learning rate to 9.615476014377818e-05
Updating learning rate to 9.615476014377818e-05
train 8209
vs, vt 0.31790934977206314 0.2836039782586423
2023-07-28 21:28:51,012 - epoch:9, training loss:0.6562 validation loss:0.3179
Updating learning rate to 9.325007396103859e-05
Updating learning rate to 9.325007396103859e-05
train 8209
vs, vt 0.3251144794577902 0.2895372374491258
2023-07-28 21:29:30,513 - epoch:10, training loss:0.6605 validation loss:0.3251
Updating learning rate to 8.960537044369518e-05
Updating learning rate to 8.960537044369518e-05
train 8209
vs, vt 0.31899460506710137 0.2893435646864501
2023-07-28 21:30:10,183 - epoch:11, training loss:0.6558 validation loss:0.3190
Updating learning rate to 8.528301147943237e-05
Updating learning rate to 8.528301147943237e-05
train 8209
vs, vt 0.32225750251249835 0.2867649087513035
2023-07-28 21:30:49,997 - epoch:12, training loss:0.6528 validation loss:0.3223
Updating learning rate to 8.035695382851308e-05
Updating learning rate to 8.035695382851308e-05
train 8209
vs, vt 0.31960868124257436 0.2871581542898308
2023-07-28 21:31:29,839 - epoch:13, training loss:0.6479 validation loss:0.3196
Updating learning rate to 7.49114837031057e-05
Updating learning rate to 7.49114837031057e-05
train 8209
vs, vt 0.3215120106258176 0.28506750003858045
2023-07-28 21:32:08,007 - epoch:14, training loss:0.6457 validation loss:0.3215
Updating learning rate to 6.90397746068255e-05
Updating learning rate to 6.90397746068255e-05
train 8209
vs, vt 0.31675673818046396 0.2850139151242646
2023-07-28 21:32:47,125 - epoch:15, training loss:0.6426 validation loss:0.3168
Updating learning rate to 6.284229311025519e-05
Updating learning rate to 6.284229311025519e-05
train 8209
vs, vt 0.3229792456735264 0.2854675237428058
2023-07-28 21:33:27,285 - epoch:16, training loss:0.6407 validation loss:0.3230
Updating learning rate to 5.642507984006751e-05
Updating learning rate to 5.642507984006751e-05
train 8209
vs, vt 0.32562396776947106 0.2843792899088426
2023-07-28 21:34:07,465 - epoch:17, training loss:0.6402 validation loss:0.3256
Updating learning rate to 4.989793509450307e-05
Updating learning rate to 4.989793509450307e-05
train 8209
vs, vt 0.32645189423452725 0.2855740748345852
2023-07-28 21:34:47,529 - epoch:18, training loss:0.6367 validation loss:0.3265
Updating learning rate to 4.337254012982485e-05
Updating learning rate to 4.337254012982485e-05
train 8209
vs, vt 0.3252719796516679 0.28524476526813075
2023-07-28 21:35:26,454 - epoch:19, training loss:0.6378 validation loss:0.3253
Updating learning rate to 3.696054626305981e-05
Updating learning rate to 3.696054626305981e-05
train 8209
vs, vt 0.3225649337876927 0.28540300662544643
2023-07-28 21:36:06,570 - epoch:20, training loss:0.6365 validation loss:0.3226
Updating learning rate to 3.0771664487008854e-05
Updating learning rate to 3.0771664487008854e-05
train 8209
vs, vt 0.32716643336144363 0.285888231952082
2023-07-28 21:36:45,180 - epoch:21, training loss:0.6317 validation loss:0.3272
Updating learning rate to 2.491178828474237e-05
Updating learning rate to 2.491178828474237e-05
train 8209
vs, vt 0.32331657341935416 0.28610106151212344
2023-07-28 21:37:24,333 - epoch:22, training loss:0.6357 validation loss:0.3233
Updating learning rate to 1.9481181762745777e-05
Updating learning rate to 1.9481181762745777e-05
train 8209
vs, vt 0.3270882845602252 0.2862656461921605
2023-07-28 21:38:04,028 - epoch:23, training loss:0.6305 validation loss:0.3271
Updating learning rate to 1.4572764104259043e-05
Updating learning rate to 1.4572764104259043e-05
train 8209
vs, vt 0.3255695758218115 0.2860574536025524
2023-07-28 21:38:43,578 - epoch:24, training loss:0.6334 validation loss:0.3256
Updating learning rate to 1.0270519696289322e-05
Updating learning rate to 1.0270519696289322e-05
train 8209
vs, vt 0.3235123082995415 0.28595848398452456
2023-07-28 21:39:17,304 - epoch:25, training loss:0.6301 validation loss:0.3235
Updating learning rate to 6.648061133464466e-06
Updating learning rate to 6.648061133464466e-06
train 8209
vs, vt 0.3252477730539712 0.2865977724167434
2023-07-28 21:39:48,896 - epoch:26, training loss:0.6302 validation loss:0.3252
Updating learning rate to 3.7673696861296922e-06
Updating learning rate to 3.7673696861296922e-06
train 8209
vs, vt 0.3236864602023905 0.28606399622830475
2023-07-28 21:40:21,691 - epoch:27, training loss:0.6283 validation loss:0.3237
Updating learning rate to 1.6777347836274343e-06
Updating learning rate to 1.6777347836274343e-06
train 8209
vs, vt 0.32493039017373865 0.2862357424402779
2023-07-28 21:40:53,613 - epoch:28, training loss:0.6294 validation loss:0.3249
Updating learning rate to 4.1491065849575754e-07
Updating learning rate to 4.1491065849575754e-07
train 8209
vs, vt 0.3243725188076496 0.2856741557744416
2023-07-28 21:41:26,631 - epoch:29, training loss:0.6303 validation loss:0.3244
Updating learning rate to 5.045816366600914e-10
Updating learning rate to 5.045816366600914e-10
check exp/ECL-PatchTST2023-07-28-21:23:15.946556/0/0.2782_epoch_4.pkl  &  0.2734362423758615
2023-07-28 21:41:29,718 - [*] loss:0.2782
2023-07-28 21:41:29,735 - [*] phase 0, testing
2023-07-28 21:41:29,810 - T:96	MAE	0.340703	RMSE	0.278324	MAPE	140.525734
2023-07-28 21:41:29,812 - 96	mae	0.3407	
2023-07-28 21:41:29,813 - 96	rmse	0.2783	
2023-07-28 21:41:29,813 - 96	mape	140.5257	
2023-07-28 21:41:32,671 - [*] loss:0.2734
2023-07-28 21:41:32,717 - [*] phase 0, testing
2023-07-28 21:41:32,766 - T:96	MAE	0.332379	RMSE	0.273781	MAPE	136.307824
2023-07-28 21:41:32,768 - 96	mae	0.3324	
2023-07-28 21:41:32,768 - 96	rmse	0.2738	
2023-07-28 21:41:32,769 - 96	mape	136.3078	
