2023-07-28 20:13:51,519 - logger name:exp/ECL-PatchTST2023-07-28-20:13:51.519563/ECL-PatchTST.log
2023-07-28 20:13:51,520 - params : {'conf': 'ECL-PatchTST', 'data_name': 'ETTh2', 'iteration': 1, 'load': True, 'build_graph': False, 'same_init': True, 'grad_norm': False, 'refiner_no_residual': False, 'root_path': '', 'exp_path': 'exp/', 'val_test_mix': False, 'pred_len': 96, 'noise_rate': 0.5, 'device': device(type='cuda', index=1), 'test_model_path': '/Disk/fhyega/code/BASE/exp/ECL-PatchTST2023-07-23-21:59:42.618606/0/0.0379_epoch_25.pkl', 'idx': -1, 'aligner': 0, 'always_align': 1, 'refiner': 1, 'refiner_block_num': 1, 'enhance': 1, 'enhance_type': 1, 'seed': 32033, 'batch_size': 128, '/* model related args*/': '//', 'model_name': 'PatchTST', 'seq_len': 336, 'label_len': 48, 'features': 'M', 'target': 'OT', 'graph_input': False, 'individual': False, 'e_layers': 3, 'd_layers': 1, 'factor': 1, 'n_heads': 16, 'd_model': 128, 'd_ff': 256, 'dropout': 0.2, 'fc_dropout': 0.2, 'head_dropout': 0.0, 'patch_len': 16, 'stride': 8, 'des': 'Exp', 'padding_patch': 'end', 'revin': 1, 'affine': 0, 'subtract_last': 0, 'decomposition': 0, 'kernel_size': 25, 'output_attention': 0, 'embed_type': 0, 'activation': 'gelu', 'lradj': 'TST', 'distil': 1, 'linear_output': 1, 'pct_start': 0.2, '/*train related args*/': '//', 'train': True, 'epoch': 30, 'lr': 0.0001, 'loss': 'mse', '/*dataset related args*/': '//', 'save_data_path': 'data/ECL/', 'data_process': True, 'embed': 'timeF', 'freq': 'h', 'begin_phase': 0, 'end_phase': 1, 'phase_len': 26304, 'val_ratio': 0.33, 'graph_size': 321, '/*strategy related args*/': '//', 'strategy': 'incremental', 'increase': False, 'detect': False, 'detect_strategy': 'feature', 'replay': False, 'replay_strategy': 'random', 'repaly_num_samples': 100, 'ewc': False, 'ewc_strategy': 'ewc', 'ewc_lambda': 0.0001, 'subgraph_train': False, 'num_hops': 2, 'logname': 'ECL-PatchTST', 'time': '2023-07-28-20:13:51.519563', 'path': 'exp/ECL-PatchTST2023-07-28-20:13:51.519563', 'num_workers': 4, 'start_train': 0, 'train_mode': 'pretrain', 'get_score': False, 'use_cm': True, 'logger': <Logger __main__ (INFO)>}
2023-07-28 20:13:51,520 - [*] phase 0 start training
0 26304
train 8209
val 2785
test 2785
2023-07-28 20:13:51,744 - [*] phase 0 Dataset load!
2023-07-28 20:13:52,900 - [*] phase 0 Training start
train 8209
2023-07-28 20:14:12,593 - epoch:0, training loss:0.6214 validation loss:0.3648
train 8209
vs, vt 0.36477861350232904 0.368435644290664
Updating learning rate to 1.0463629820836433e-05
Updating learning rate to 1.0463629820836433e-05
train 8209
vs, vt 0.3072037629105828 0.3192917189814828
2023-07-28 20:14:56,441 - epoch:1, training loss:1.0113 validation loss:0.3072
Updating learning rate to 2.8113748014145436e-05
Updating learning rate to 2.8113748014145436e-05
train 8209
vs, vt 0.28728800351646816 0.28915713185613806
2023-07-28 20:15:30,085 - epoch:2, training loss:0.8726 validation loss:0.2873
Updating learning rate to 5.219686165094539e-05
Updating learning rate to 5.219686165094539e-05
train 8209
vs, vt 0.2841273889961568 0.28189668465744366
2023-07-28 20:16:02,409 - epoch:3, training loss:0.7382 validation loss:0.2841
Updating learning rate to 7.622695691951079e-05
Updating learning rate to 7.622695691951079e-05
train 8209
vs, vt 0.2845061482353644 0.2764087041670626
2023-07-28 20:16:36,087 - epoch:4, training loss:0.6535 validation loss:0.2845
Updating learning rate to 9.373229880419829e-05
Updating learning rate to 9.373229880419829e-05
train 8209
vs, vt 0.2885369213128632 0.27583835646510124
2023-07-28 20:17:13,328 - epoch:5, training loss:0.6098 validation loss:0.2885
Updating learning rate to 9.999989541836333e-05
Updating learning rate to 9.999989541836333e-05
train 8209
vs, vt 0.29895876280286093 0.2799821529876102
2023-07-28 20:17:52,215 - epoch:6, training loss:0.5826 validation loss:0.2990
Updating learning rate to 9.955879284407972e-05
Updating learning rate to 9.955879284407972e-05
train 8209
vs, vt 0.29885081540454517 0.2796371199867942
2023-07-28 20:18:31,543 - epoch:7, training loss:0.5585 validation loss:0.2989
Updating learning rate to 9.826972900599613e-05
Updating learning rate to 9.826972900599613e-05
train 8209
vs, vt 0.30997736108574 0.27959338236938824
2023-07-28 20:19:10,414 - epoch:8, training loss:0.5454 validation loss:0.3100
Updating learning rate to 9.615476014377818e-05
Updating learning rate to 9.615476014377818e-05
train 8209
vs, vt 0.3122680529274724 0.28196686336939986
2023-07-28 20:19:49,258 - epoch:9, training loss:0.5407 validation loss:0.3123
Updating learning rate to 9.325007396103859e-05
Updating learning rate to 9.325007396103859e-05
train 8209
vs, vt 0.32025077600370755 0.2816013731062412
2023-07-28 20:20:27,877 - epoch:10, training loss:0.5319 validation loss:0.3203
Updating learning rate to 8.960537044369518e-05
Updating learning rate to 8.960537044369518e-05
train 8209
vs, vt 0.3222788240421902 0.2854467168111693
2023-07-28 20:21:07,291 - epoch:11, training loss:0.5299 validation loss:0.3223
Updating learning rate to 8.528301147943237e-05
Updating learning rate to 8.528301147943237e-05
train 8209
vs, vt 0.32722256264903327 0.2915574581446973
2023-07-28 20:21:47,409 - epoch:12, training loss:0.5270 validation loss:0.3272
Updating learning rate to 8.035695382851308e-05
Updating learning rate to 8.035695382851308e-05
train 8209
vs, vt 0.32027142054655333 0.2895320608195933
2023-07-28 20:22:26,840 - epoch:13, training loss:0.5305 validation loss:0.3203
Updating learning rate to 7.49114837031057e-05
Updating learning rate to 7.49114837031057e-05
train 8209
vs, vt 0.3241236135363579 0.28729336945848033
2023-07-28 20:23:05,370 - epoch:14, training loss:0.5215 validation loss:0.3241
Updating learning rate to 6.90397746068255e-05
Updating learning rate to 6.90397746068255e-05
train 8209
vs, vt 0.3215838491239331 0.2866555941714482
2023-07-28 20:23:44,841 - epoch:15, training loss:0.5218 validation loss:0.3216
Updating learning rate to 6.284229311025519e-05
Updating learning rate to 6.284229311025519e-05
train 8209
vs, vt 0.3246952197091146 0.286988947709853
2023-07-28 20:24:23,555 - epoch:16, training loss:0.5170 validation loss:0.3247
Updating learning rate to 5.642507984006751e-05
Updating learning rate to 5.642507984006751e-05
train 8209
vs, vt 0.33245925774628465 0.28809317319907923
2023-07-28 20:25:02,207 - epoch:17, training loss:0.5162 validation loss:0.3325
Updating learning rate to 4.989793509450307e-05
Updating learning rate to 4.989793509450307e-05
train 8209
vs, vt 0.3236990692940625 0.2890445056625388
2023-07-28 20:25:41,367 - epoch:18, training loss:0.5135 validation loss:0.3237
Updating learning rate to 4.337254012982485e-05
Updating learning rate to 4.337254012982485e-05
train 8209
vs, vt 0.32128186422315513 0.2890624480152672
2023-07-28 20:26:14,225 - epoch:19, training loss:0.5147 validation loss:0.3213
Updating learning rate to 3.696054626305981e-05
Updating learning rate to 3.696054626305981e-05
train 8209
vs, vt 0.320562175729058 0.2870679832994938
2023-07-28 20:26:47,063 - epoch:20, training loss:0.5115 validation loss:0.3206
Updating learning rate to 3.0771664487008854e-05
Updating learning rate to 3.0771664487008854e-05
train 8209
vs, vt 0.3218250447376208 0.28975477340546524
2023-07-28 20:27:19,589 - epoch:21, training loss:0.5088 validation loss:0.3218
Updating learning rate to 2.491178828474237e-05
Updating learning rate to 2.491178828474237e-05
train 8209
vs, vt 0.3245901285924695 0.28998043845323
2023-07-28 20:27:52,662 - epoch:22, training loss:0.5100 validation loss:0.3246
Updating learning rate to 1.9481181762745777e-05
Updating learning rate to 1.9481181762745777e-05
train 8209
vs, vt 0.32172501798380504 0.2899754761972211
2023-07-28 20:28:26,450 - epoch:23, training loss:0.5079 validation loss:0.3217
Updating learning rate to 1.4572764104259043e-05
Updating learning rate to 1.4572764104259043e-05
train 8209
vs, vt 0.3235105306587436 0.28612211431291973
2023-07-28 20:28:59,025 - epoch:24, training loss:0.5047 validation loss:0.3235
Updating learning rate to 1.0270519696289322e-05
Updating learning rate to 1.0270519696289322e-05
train 8209
vs, vt 0.3230991817333482 0.28825725140896713
2023-07-28 20:29:31,212 - epoch:25, training loss:0.5075 validation loss:0.3231
Updating learning rate to 6.648061133464466e-06
Updating learning rate to 6.648061133464466e-06
train 8209
vs, vt 0.3240053050897338 0.28786266002465377
2023-07-28 20:30:04,736 - epoch:26, training loss:0.5054 validation loss:0.3240
Updating learning rate to 3.7673696861296922e-06
Updating learning rate to 3.7673696861296922e-06
train 8209
vs, vt 0.32396710359237413 0.2880607611415061
2023-07-28 20:30:37,637 - epoch:27, training loss:0.5065 validation loss:0.3240
Updating learning rate to 1.6777347836274343e-06
Updating learning rate to 1.6777347836274343e-06
train 8209
vs, vt 0.3241647766395049 0.28740881908346305
2023-07-28 20:31:10,031 - epoch:28, training loss:0.5036 validation loss:0.3242
Updating learning rate to 4.1491065849575754e-07
Updating learning rate to 4.1491065849575754e-07
train 8209
vs, vt 0.32404828748919745 0.28753871809352527
2023-07-28 20:31:43,156 - epoch:29, training loss:0.5075 validation loss:0.3240
Updating learning rate to 5.045816366600914e-10
Updating learning rate to 5.045816366600914e-10
check exp/ECL-PatchTST2023-07-28-20:13:51.519563/0/0.2841_epoch_3.pkl  &  0.27583835646510124
2023-07-28 20:31:46,495 - [*] loss:0.2841
2023-07-28 20:31:46,499 - [*] phase 0, testing
2023-07-28 20:31:46,542 - T:96	MAE	0.343118	RMSE	0.283970	MAPE	136.721766
2023-07-28 20:31:46,543 - 96	mae	0.3431	
2023-07-28 20:31:46,543 - 96	rmse	0.2840	
2023-07-28 20:31:46,543 - 96	mape	136.7218	
2023-07-28 20:31:49,627 - [*] loss:0.2758
2023-07-28 20:31:49,630 - [*] phase 0, testing
2023-07-28 20:31:49,666 - T:96	MAE	0.333676	RMSE	0.276144	MAPE	133.224916
2023-07-28 20:31:49,667 - 96	mae	0.3337	
2023-07-28 20:31:49,667 - 96	rmse	0.2761	
2023-07-28 20:31:49,667 - 96	mape	133.2249	
