2023-07-28 21:41:35,991 - logger name:exp/ECL-PatchTST2023-07-28-21:41:35.990961/ECL-PatchTST.log
2023-07-28 21:41:35,991 - params : {'conf': 'ECL-PatchTST', 'data_name': 'ETTh2', 'iteration': 1, 'load': True, 'build_graph': False, 'same_init': True, 'grad_norm': False, 'refiner_no_residual': False, 'root_path': '', 'exp_path': 'exp/', 'val_test_mix': False, 'pred_len': 96, 'noise_rate': 0.5, 'device': device(type='cuda', index=1), 'test_model_path': '/Disk/fhyega/code/BASE/exp/ECL-PatchTST2023-07-23-21:59:42.618606/0/0.0379_epoch_25.pkl', 'idx': -1, 'aligner': 0, 'always_align': 1, 'refiner': 1, 'refiner_block_num': 1, 'enhance': 1, 'enhance_type': 3, 'seed': 22033, 'batch_size': 128, '/* model related args*/': '//', 'model_name': 'PatchTST', 'seq_len': 336, 'label_len': 48, 'features': 'M', 'target': 'OT', 'graph_input': False, 'individual': False, 'e_layers': 3, 'd_layers': 1, 'factor': 1, 'n_heads': 16, 'd_model': 128, 'd_ff': 256, 'dropout': 0.2, 'fc_dropout': 0.2, 'head_dropout': 0.0, 'patch_len': 16, 'stride': 8, 'des': 'Exp', 'padding_patch': 'end', 'revin': 1, 'affine': 0, 'subtract_last': 0, 'decomposition': 0, 'kernel_size': 25, 'output_attention': 0, 'embed_type': 0, 'activation': 'gelu', 'lradj': 'TST', 'distil': 1, 'linear_output': 1, 'pct_start': 0.2, '/*train related args*/': '//', 'train': True, 'epoch': 30, 'lr': 0.0001, 'loss': 'mse', '/*dataset related args*/': '//', 'save_data_path': 'data/ECL/', 'data_process': True, 'embed': 'timeF', 'freq': 'h', 'begin_phase': 0, 'end_phase': 1, 'phase_len': 26304, 'val_ratio': 0.33, 'graph_size': 321, '/*strategy related args*/': '//', 'strategy': 'incremental', 'increase': False, 'detect': False, 'detect_strategy': 'feature', 'replay': False, 'replay_strategy': 'random', 'repaly_num_samples': 100, 'ewc': False, 'ewc_strategy': 'ewc', 'ewc_lambda': 0.0001, 'subgraph_train': False, 'num_hops': 2, 'logname': 'ECL-PatchTST', 'time': '2023-07-28-21:41:35.990961', 'path': 'exp/ECL-PatchTST2023-07-28-21:41:35.990961', 'num_workers': 4, 'start_train': 0, 'train_mode': 'pretrain', 'get_score': False, 'use_cm': True, 'logger': <Logger __main__ (INFO)>}
2023-07-28 21:41:35,991 - [*] phase 0 start training
0 26304
train 8209
val 2785
test 2785
2023-07-28 21:41:36,187 - [*] phase 0 Dataset load!
2023-07-28 21:41:39,384 - [*] phase 0 Training start
train 8209
2023-07-28 21:42:02,467 - epoch:0, training loss:0.6325 validation loss:0.3699
train 8209
vs, vt 0.3699164864691821 0.3751374699852683
Updating learning rate to 1.0463629820836433e-05
Updating learning rate to 1.0463629820836433e-05
train 8209
vs, vt 0.30745555595918134 0.3219070935791189
2023-07-28 21:42:46,665 - epoch:1, training loss:1.0060 validation loss:0.3075
Updating learning rate to 2.8113748014145436e-05
Updating learning rate to 2.8113748014145436e-05
train 8209
vs, vt 0.2884096139195291 0.29001168737357313
2023-07-28 21:43:18,957 - epoch:2, training loss:0.8950 validation loss:0.2884
Updating learning rate to 5.219686165094539e-05
Updating learning rate to 5.219686165094539e-05
train 8209
vs, vt 0.27876470932228997 0.2804329486733133
2023-07-28 21:43:55,322 - epoch:3, training loss:0.8016 validation loss:0.2788
Updating learning rate to 7.622695691951079e-05
Updating learning rate to 7.622695691951079e-05
train 8209
vs, vt 0.2827847147868438 0.273694688284939
2023-07-28 21:44:29,952 - epoch:4, training loss:0.7486 validation loss:0.2828
Updating learning rate to 9.373229880419829e-05
Updating learning rate to 9.373229880419829e-05
train 8209
vs, vt 0.2848847447471185 0.2752651252191175
2023-07-28 21:45:02,642 - epoch:5, training loss:0.7248 validation loss:0.2849
Updating learning rate to 9.999989541836333e-05
Updating learning rate to 9.999989541836333e-05
train 8209
vs, vt 0.29574578611010854 0.27419416267763486
2023-07-28 21:45:36,337 - epoch:6, training loss:0.6990 validation loss:0.2957
Updating learning rate to 9.955879284407972e-05
Updating learning rate to 9.955879284407972e-05
train 8209
vs, vt 0.30477797104553744 0.27891847626729444
2023-07-28 21:46:09,689 - epoch:7, training loss:0.6792 validation loss:0.3048
Updating learning rate to 9.826972900599613e-05
Updating learning rate to 9.826972900599613e-05
train 8209
vs, vt 0.30913991684263403 0.2801060254939578
2023-07-28 21:46:45,932 - epoch:8, training loss:0.6669 validation loss:0.3091
Updating learning rate to 9.615476014377818e-05
Updating learning rate to 9.615476014377818e-05
train 8209
vs, vt 0.32143579626625235 0.280452903190797
2023-07-28 21:47:19,125 - epoch:9, training loss:0.6568 validation loss:0.3214
Updating learning rate to 9.325007396103859e-05
Updating learning rate to 9.325007396103859e-05
train 8209
vs, vt 0.32143010707064107 0.28916653990745544
2023-07-28 21:47:52,361 - epoch:10, training loss:0.6575 validation loss:0.3214
Updating learning rate to 8.960537044369518e-05
Updating learning rate to 8.960537044369518e-05
train 8209
vs, vt 0.32677809961817483 0.28694995983757754
2023-07-28 21:48:25,612 - epoch:11, training loss:0.6463 validation loss:0.3268
Updating learning rate to 8.528301147943237e-05
Updating learning rate to 8.528301147943237e-05
train 8209
vs, vt 0.3261587858538736 0.2908921846273271
2023-07-28 21:48:58,750 - epoch:12, training loss:0.6406 validation loss:0.3262
Updating learning rate to 8.035695382851308e-05
Updating learning rate to 8.035695382851308e-05
train 8209
vs, vt 0.33513785407624463 0.28609584271907806
2023-07-28 21:49:32,697 - epoch:13, training loss:0.6396 validation loss:0.3351
Updating learning rate to 7.49114837031057e-05
Updating learning rate to 7.49114837031057e-05
train 8209
vs, vt 0.33391477032141254 0.2891643868589943
2023-07-28 21:50:05,021 - epoch:14, training loss:0.6487 validation loss:0.3339
Updating learning rate to 6.90397746068255e-05
Updating learning rate to 6.90397746068255e-05
train 8209
vs, vt 0.3307166096161712 0.2917583478106694
2023-07-28 21:50:38,468 - epoch:15, training loss:0.6550 validation loss:0.3307
Updating learning rate to 6.284229311025519e-05
Updating learning rate to 6.284229311025519e-05
train 8209
vs, vt 0.3330330259420655 0.2884703710336577
2023-07-28 21:51:10,921 - epoch:16, training loss:0.6415 validation loss:0.3330
Updating learning rate to 5.642507984006751e-05
Updating learning rate to 5.642507984006751e-05
train 8209
vs, vt 0.3446120988916267 0.28687642548571934
2023-07-28 21:51:44,595 - epoch:17, training loss:0.6555 validation loss:0.3446
Updating learning rate to 4.989793509450307e-05
Updating learning rate to 4.989793509450307e-05
train 8209
vs, vt 0.33101206459105015 0.29355359314517543
2023-07-28 21:52:17,211 - epoch:18, training loss:0.6550 validation loss:0.3310
Updating learning rate to 4.337254012982485e-05
Updating learning rate to 4.337254012982485e-05
train 8209
vs, vt 0.32885154048827564 0.29103345881131565
2023-07-28 21:52:50,011 - epoch:19, training loss:0.6569 validation loss:0.3289
Updating learning rate to 3.696054626305981e-05
Updating learning rate to 3.696054626305981e-05
train 8209
vs, vt 0.33362278376113286 0.28841280429200694
2023-07-28 21:53:22,928 - epoch:20, training loss:0.6599 validation loss:0.3336
Updating learning rate to 3.0771664487008854e-05
Updating learning rate to 3.0771664487008854e-05
train 8209
vs, vt 0.33278842456638813 0.2875670866871422
2023-07-28 21:53:56,407 - epoch:21, training loss:0.6490 validation loss:0.3328
Updating learning rate to 2.491178828474237e-05
Updating learning rate to 2.491178828474237e-05
train 8209
vs, vt 0.3334014525806362 0.2855003054507754
2023-07-28 21:54:29,081 - epoch:22, training loss:0.6593 validation loss:0.3334
Updating learning rate to 1.9481181762745777e-05
Updating learning rate to 1.9481181762745777e-05
train 8209
vs, vt 0.3310705025426366 0.29001789032058284
2023-07-28 21:55:02,444 - epoch:23, training loss:0.6574 validation loss:0.3311
Updating learning rate to 1.4572764104259043e-05
Updating learning rate to 1.4572764104259043e-05
train 8209
vs, vt 0.3378652713515542 0.2890506588261236
2023-07-28 21:55:35,146 - epoch:24, training loss:0.6563 validation loss:0.3379
Updating learning rate to 1.0270519696289322e-05
Updating learning rate to 1.0270519696289322e-05
train 8209
vs, vt 0.3341353295201605 0.2899603176523339
2023-07-28 21:56:08,313 - epoch:25, training loss:0.6524 validation loss:0.3341
Updating learning rate to 6.648061133464466e-06
Updating learning rate to 6.648061133464466e-06
train 8209
vs, vt 0.33480989865281363 0.2892573878846385
2023-07-28 21:56:41,338 - epoch:26, training loss:0.6552 validation loss:0.3348
Updating learning rate to 3.7673696861296922e-06
Updating learning rate to 3.7673696861296922e-06
train 8209
vs, vt 0.3339300567114895 0.2887018670073964
2023-07-28 21:57:14,595 - epoch:27, training loss:0.6486 validation loss:0.3339
Updating learning rate to 1.6777347836274343e-06
Updating learning rate to 1.6777347836274343e-06
train 8209
vs, vt 0.3342532031238079 0.28920033303174103
2023-07-28 21:57:47,509 - epoch:28, training loss:0.6557 validation loss:0.3343
Updating learning rate to 4.1491065849575754e-07
Updating learning rate to 4.1491065849575754e-07
train 8209
vs, vt 0.33251220411197707 0.2882280276918953
2023-07-28 21:58:20,198 - epoch:29, training loss:0.6569 validation loss:0.3325
Updating learning rate to 5.045816366600914e-10
Updating learning rate to 5.045816366600914e-10
check exp/ECL-PatchTST2023-07-28-21:41:35.990961/0/0.2788_epoch_3.pkl  &  0.273694688284939
2023-07-28 21:58:23,209 - [*] loss:0.2788
2023-07-28 21:58:23,213 - [*] phase 0, testing
2023-07-28 21:58:23,291 - T:96	MAE	0.341424	RMSE	0.278883	MAPE	139.774489
2023-07-28 21:58:23,293 - 96	mae	0.3414	
2023-07-28 21:58:23,293 - 96	rmse	0.2789	
2023-07-28 21:58:23,293 - 96	mape	139.7745	
2023-07-28 21:58:26,446 - [*] loss:0.2737
2023-07-28 21:58:26,449 - [*] phase 0, testing
2023-07-28 21:58:26,587 - T:96	MAE	0.335515	RMSE	0.273516	MAPE	134.361601
2023-07-28 21:58:26,589 - 96	mae	0.3355	
2023-07-28 21:58:26,589 - 96	rmse	0.2735	
2023-07-28 21:58:26,589 - 96	mape	134.3616	
