2023-07-28 21:58:29,445 - logger name:exp/ECL-PatchTST2023-07-28-21:58:29.444746/ECL-PatchTST.log
2023-07-28 21:58:29,445 - params : {'conf': 'ECL-PatchTST', 'data_name': 'ETTh2', 'iteration': 1, 'load': True, 'build_graph': False, 'same_init': True, 'grad_norm': False, 'refiner_no_residual': False, 'root_path': '', 'exp_path': 'exp/', 'val_test_mix': False, 'pred_len': 96, 'noise_rate': 0.5, 'device': device(type='cuda', index=1), 'test_model_path': '/Disk/fhyega/code/BASE/exp/ECL-PatchTST2023-07-23-21:59:42.618606/0/0.0379_epoch_25.pkl', 'idx': -1, 'aligner': 0, 'always_align': 1, 'refiner': 1, 'refiner_block_num': 1, 'enhance': 1, 'enhance_type': 3, 'seed': 32033, 'batch_size': 128, '/* model related args*/': '//', 'model_name': 'PatchTST', 'seq_len': 336, 'label_len': 48, 'features': 'M', 'target': 'OT', 'graph_input': False, 'individual': False, 'e_layers': 3, 'd_layers': 1, 'factor': 1, 'n_heads': 16, 'd_model': 128, 'd_ff': 256, 'dropout': 0.2, 'fc_dropout': 0.2, 'head_dropout': 0.0, 'patch_len': 16, 'stride': 8, 'des': 'Exp', 'padding_patch': 'end', 'revin': 1, 'affine': 0, 'subtract_last': 0, 'decomposition': 0, 'kernel_size': 25, 'output_attention': 0, 'embed_type': 0, 'activation': 'gelu', 'lradj': 'TST', 'distil': 1, 'linear_output': 1, 'pct_start': 0.2, '/*train related args*/': '//', 'train': True, 'epoch': 30, 'lr': 0.0001, 'loss': 'mse', '/*dataset related args*/': '//', 'save_data_path': 'data/ECL/', 'data_process': True, 'embed': 'timeF', 'freq': 'h', 'begin_phase': 0, 'end_phase': 1, 'phase_len': 26304, 'val_ratio': 0.33, 'graph_size': 321, '/*strategy related args*/': '//', 'strategy': 'incremental', 'increase': False, 'detect': False, 'detect_strategy': 'feature', 'replay': False, 'replay_strategy': 'random', 'repaly_num_samples': 100, 'ewc': False, 'ewc_strategy': 'ewc', 'ewc_lambda': 0.0001, 'subgraph_train': False, 'num_hops': 2, 'logname': 'ECL-PatchTST', 'time': '2023-07-28-21:58:29.444746', 'path': 'exp/ECL-PatchTST2023-07-28-21:58:29.444746', 'num_workers': 4, 'start_train': 0, 'train_mode': 'pretrain', 'get_score': False, 'use_cm': True, 'logger': <Logger __main__ (INFO)>}
2023-07-28 21:58:29,445 - [*] phase 0 start training
0 26304
train 8209
val 2785
test 2785
2023-07-28 21:58:29,676 - [*] phase 0 Dataset load!
2023-07-28 21:58:30,738 - [*] phase 0 Training start
train 8209
2023-07-28 21:58:53,671 - epoch:0, training loss:0.6214 validation loss:0.3648
train 8209
vs, vt 0.36477861350232904 0.368435644290664
Updating learning rate to 1.0463629820836433e-05
Updating learning rate to 1.0463629820836433e-05
train 8209
vs, vt 0.3071281276643276 0.31991194459525024
2023-07-28 21:59:46,071 - epoch:1, training loss:1.0065 validation loss:0.3071
Updating learning rate to 2.8113748014145436e-05
Updating learning rate to 2.8113748014145436e-05
train 8209
vs, vt 0.28695192746818066 0.28965492885221134
2023-07-28 22:00:25,537 - epoch:2, training loss:0.8907 validation loss:0.2870
Updating learning rate to 5.219686165094539e-05
Updating learning rate to 5.219686165094539e-05
train 8209
vs, vt 0.2798381733962081 0.2780220200392333
2023-07-28 22:01:04,222 - epoch:3, training loss:0.7958 validation loss:0.2798
Updating learning rate to 7.622695691951079e-05
Updating learning rate to 7.622695691951079e-05
train 8209
vs, vt 0.2809195425361395 0.2727376850829883
2023-07-28 22:01:44,630 - epoch:4, training loss:0.7346 validation loss:0.2809
Updating learning rate to 9.373229880419829e-05
Updating learning rate to 9.373229880419829e-05
train 8209
vs, vt 0.28859770484268665 0.27412306805225933
2023-07-28 22:02:24,191 - epoch:5, training loss:0.7067 validation loss:0.2886
Updating learning rate to 9.999989541836333e-05
Updating learning rate to 9.999989541836333e-05
train 8209
vs, vt 0.2996856167235158 0.2764763908291405
2023-07-28 22:03:03,813 - epoch:6, training loss:0.6812 validation loss:0.2997
Updating learning rate to 9.955879284407972e-05
Updating learning rate to 9.955879284407972e-05
train 8209
vs, vt 0.3119147904217243 0.2730747503651814
2023-07-28 22:03:43,144 - epoch:7, training loss:0.6623 validation loss:0.3119
Updating learning rate to 9.826972900599613e-05
Updating learning rate to 9.826972900599613e-05
train 8209
vs, vt 0.31247619234702806 0.28013954938135366
2023-07-28 22:04:22,938 - epoch:8, training loss:0.6540 validation loss:0.3125
Updating learning rate to 9.615476014377818e-05
Updating learning rate to 9.615476014377818e-05
train 8209
vs, vt 0.3141867955299941 0.284614022821188
2023-07-28 22:05:02,445 - epoch:9, training loss:0.6453 validation loss:0.3142
Updating learning rate to 9.325007396103859e-05
Updating learning rate to 9.325007396103859e-05
train 8209
vs, vt 0.32077207179232076 0.2830413368276574
2023-07-28 22:05:41,693 - epoch:10, training loss:0.6349 validation loss:0.3208
Updating learning rate to 8.960537044369518e-05
Updating learning rate to 8.960537044369518e-05
train 8209
vs, vt 0.32196724956685846 0.2858962228691036
2023-07-28 22:06:21,879 - epoch:11, training loss:0.6294 validation loss:0.3220
Updating learning rate to 8.528301147943237e-05
Updating learning rate to 8.528301147943237e-05
train 8209
vs, vt 0.3355157751251351 0.2830350385470824
2023-07-28 22:07:00,744 - epoch:12, training loss:0.6284 validation loss:0.3355
Updating learning rate to 8.035695382851308e-05
Updating learning rate to 8.035695382851308e-05
train 8209
vs, vt 0.32975470985878597 0.2836847151206298
2023-07-28 22:07:39,876 - epoch:13, training loss:0.6214 validation loss:0.3298
Updating learning rate to 7.49114837031057e-05
Updating learning rate to 7.49114837031057e-05
train 8209
vs, vt 0.323644659397277 0.29049334370277147
2023-07-28 22:08:19,110 - epoch:14, training loss:0.6196 validation loss:0.3236
Updating learning rate to 6.90397746068255e-05
Updating learning rate to 6.90397746068255e-05
train 8209
vs, vt 0.32825608077374374 0.28363659571517597
2023-07-28 22:08:59,046 - epoch:15, training loss:0.6163 validation loss:0.3283
Updating learning rate to 6.284229311025519e-05
Updating learning rate to 6.284229311025519e-05
train 8209
vs, vt 0.3313234353607351 0.2869888156313788
2023-07-28 22:09:38,124 - epoch:16, training loss:0.6111 validation loss:0.3313
Updating learning rate to 5.642507984006751e-05
Updating learning rate to 5.642507984006751e-05
train 8209
vs, vt 0.3329960277134722 0.2854241909967227
2023-07-28 22:10:11,748 - epoch:17, training loss:0.6062 validation loss:0.3330
Updating learning rate to 4.989793509450307e-05
Updating learning rate to 4.989793509450307e-05
train 8209
vs, vt 0.3323561464521018 0.28796970522539184
2023-07-28 22:10:44,527 - epoch:18, training loss:0.6076 validation loss:0.3324
Updating learning rate to 4.337254012982485e-05
Updating learning rate to 4.337254012982485e-05
train 8209
vs, vt 0.3303253565999595 0.2894081139767712
2023-07-28 22:11:17,775 - epoch:19, training loss:0.6054 validation loss:0.3303
Updating learning rate to 3.696054626305981e-05
Updating learning rate to 3.696054626305981e-05
train 8209
vs, vt 0.32942924479191954 0.2864042149687355
2023-07-28 22:11:50,945 - epoch:20, training loss:0.6042 validation loss:0.3294
Updating learning rate to 3.0771664487008854e-05
Updating learning rate to 3.0771664487008854e-05
train 8209
vs, vt 0.3283606618642807 0.2868595414540984
2023-07-28 22:12:23,801 - epoch:21, training loss:0.6041 validation loss:0.3284
Updating learning rate to 2.491178828474237e-05
Updating learning rate to 2.491178828474237e-05
train 8209
vs, vt 0.32863014563918114 0.2878757498481057
2023-07-28 22:12:57,104 - epoch:22, training loss:0.5987 validation loss:0.3286
Updating learning rate to 1.9481181762745777e-05
Updating learning rate to 1.9481181762745777e-05
train 8209
vs, vt 0.3279246830127456 0.28642891499806533
2023-07-28 22:13:30,298 - epoch:23, training loss:0.5975 validation loss:0.3279
Updating learning rate to 1.4572764104259043e-05
Updating learning rate to 1.4572764104259043e-05
train 8209
vs, vt 0.32967231422662735 0.2865940908139402
2023-07-28 22:14:03,445 - epoch:24, training loss:0.5963 validation loss:0.3297
Updating learning rate to 1.0270519696289322e-05
Updating learning rate to 1.0270519696289322e-05
train 8209
vs, vt 0.32846836136146024 0.2862649702213027
2023-07-28 22:14:36,522 - epoch:25, training loss:0.5997 validation loss:0.3285
Updating learning rate to 6.648061133464466e-06
Updating learning rate to 6.648061133464466e-06
train 8209
vs, vt 0.32832528447563 0.2871016499332406
2023-07-28 22:15:09,758 - epoch:26, training loss:0.5943 validation loss:0.3283
Updating learning rate to 3.7673696861296922e-06
Updating learning rate to 3.7673696861296922e-06
train 8209
vs, vt 0.3284651085057042 0.286318706179207
2023-07-28 22:15:42,975 - epoch:27, training loss:0.5948 validation loss:0.3285
Updating learning rate to 1.6777347836274343e-06
Updating learning rate to 1.6777347836274343e-06
train 8209
vs, vt 0.3293813653290272 0.2863002766601064
2023-07-28 22:16:16,054 - epoch:28, training loss:0.5956 validation loss:0.3294
Updating learning rate to 4.1491065849575754e-07
Updating learning rate to 4.1491065849575754e-07
train 8209
vs, vt 0.3296577849171378 0.28651006502861326
2023-07-28 22:16:49,069 - epoch:29, training loss:0.5955 validation loss:0.3297
Updating learning rate to 5.045816366600914e-10
Updating learning rate to 5.045816366600914e-10
check exp/ECL-PatchTST2023-07-28-21:58:29.444746/0/0.2798_epoch_3.pkl  &  0.2727376850829883
2023-07-28 22:16:52,134 - [*] loss:0.2798
2023-07-28 22:16:52,138 - [*] phase 0, testing
2023-07-28 22:16:52,176 - T:96	MAE	0.341258	RMSE	0.279907	MAPE	138.134372
2023-07-28 22:16:52,177 - 96	mae	0.3413	
2023-07-28 22:16:52,177 - 96	rmse	0.2799	
2023-07-28 22:16:52,178 - 96	mape	138.1344	
2023-07-28 22:16:55,327 - [*] loss:0.2727
2023-07-28 22:16:55,330 - [*] phase 0, testing
2023-07-28 22:16:55,389 - T:96	MAE	0.332922	RMSE	0.272881	MAPE	133.704019
2023-07-28 22:16:55,390 - 96	mae	0.3329	
2023-07-28 22:16:55,390 - 96	rmse	0.2729	
2023-07-28 22:16:55,390 - 96	mape	133.7040	
