2023-07-29 15:43:34,046 - logger name:exp/ECL-PatchTST2023-07-29-15:43:34.045883/ECL-PatchTST.log
2023-07-29 15:43:34,046 - params : {'conf': 'ECL-PatchTST', 'data_name': 'ETTh2', 'iteration': 1, 'load': True, 'build_graph': False, 'same_init': True, 'grad_norm': False, 'refiner_no_residual': False, 'root_path': '', 'exp_path': 'exp/', 'val_test_mix': False, 'pred_len': 96, 'noise_rate': 0.5, 'device': device(type='cuda', index=1), 'test_model_path': '/Disk/fhyega/code/BASE/exp/ECL-PatchTST2023-07-23-21:59:42.618606/0/0.0379_epoch_25.pkl', 'idx': -1, 'aligner': 0, 'always_align': 1, 'refiner': 1, 'refiner_block_num': 3, 'enhance': 1, 'enhance_type': 3, 'seed': 42033, 'batch_size': 128, 'jitter_sigma': 0.01, '/* model related args*/': '//', 'model_name': 'PatchTST', 'seq_len': 336, 'label_len': 48, 'features': 'M', 'target': 'OT', 'graph_input': False, 'individual': False, 'e_layers': 3, 'd_layers': 1, 'factor': 1, 'n_heads': 16, 'd_model': 128, 'd_ff': 256, 'dropout': 0.2, 'fc_dropout': 0.2, 'head_dropout': 0.0, 'patch_len': 16, 'stride': 8, 'des': 'Exp', 'padding_patch': 'end', 'revin': 1, 'affine': 0, 'subtract_last': 0, 'decomposition': 0, 'kernel_size': 25, 'output_attention': 0, 'embed_type': 0, 'activation': 'gelu', 'lradj': 'TST', 'distil': 1, 'linear_output': 1, 'pct_start': 0.2, '/*train related args*/': '//', 'train': True, 'epoch': 30, 'lr': 0.0001, 'loss': 'mse', '/*dataset related args*/': '//', 'save_data_path': 'data/ECL/', 'data_process': True, 'embed': 'timeF', 'freq': 'h', 'begin_phase': 0, 'end_phase': 1, 'phase_len': 26304, 'val_ratio': 0.33, 'graph_size': 321, '/*strategy related args*/': '//', 'strategy': 'incremental', 'increase': False, 'detect': False, 'detect_strategy': 'feature', 'replay': False, 'replay_strategy': 'random', 'repaly_num_samples': 100, 'ewc': False, 'ewc_strategy': 'ewc', 'ewc_lambda': 0.0001, 'subgraph_train': False, 'num_hops': 2, 'logname': 'ECL-PatchTST', 'time': '2023-07-29-15:43:34.045883', 'path': 'exp/ECL-PatchTST2023-07-29-15:43:34.045883', 'num_workers': 4, 'start_train': 0, 'train_mode': 'pretrain', 'get_score': False, 'use_cm': True, 'logger': <Logger __main__ (INFO)>}
2023-07-29 15:43:34,046 - [*] phase 0 start training
0 26304
train 8209
val 2785
test 2785
2023-07-29 15:43:34,235 - [*] phase 0 Dataset load!
2023-07-29 15:43:35,233 - [*] phase 0 Training start
train 8209
2023-07-29 15:44:03,335 - epoch:0, training loss:0.6289 validation loss:0.3661
train 8209
vs, vt 0.36608178981325845 0.36971096017143945
Updating learning rate to 1.0463629820836433e-05
Updating learning rate to 1.0463629820836433e-05
train 8209
vs, vt 0.3064824346114289 0.3193479793315584
2023-07-29 15:45:02,815 - epoch:1, training loss:0.7049 validation loss:0.3065
Updating learning rate to 2.8113748014145436e-05
Updating learning rate to 2.8113748014145436e-05
train 8209
vs, vt 0.287620388310064 0.29132887754927983
2023-07-29 15:45:50,033 - epoch:2, training loss:0.6335 validation loss:0.2876
Updating learning rate to 5.219686165094539e-05
Updating learning rate to 5.219686165094539e-05
train 8209
vs, vt 0.28169259056448936 0.2805417815054005
2023-07-29 15:46:42,458 - epoch:3, training loss:0.5990 validation loss:0.2817
Updating learning rate to 7.622695691951079e-05
Updating learning rate to 7.622695691951079e-05
train 8209
vs, vt 0.2794664659622041 0.2744946466250853
2023-07-29 15:47:39,724 - epoch:4, training loss:0.5731 validation loss:0.2795
Updating learning rate to 9.373229880419829e-05
Updating learning rate to 9.373229880419829e-05
train 8209
vs, vt 0.29237411814657127 0.2735822508958253
2023-07-29 15:48:37,047 - epoch:5, training loss:0.5568 validation loss:0.2924
Updating learning rate to 9.999989541836333e-05
Updating learning rate to 9.999989541836333e-05
train 8209
vs, vt 0.30042606134983624 0.2786439811302857
2023-07-29 15:49:34,406 - epoch:6, training loss:0.5425 validation loss:0.3004
Updating learning rate to 9.955879284407972e-05
Updating learning rate to 9.955879284407972e-05
train 8209
vs, vt 0.30571329830722377 0.28052486360750417
2023-07-29 15:50:32,111 - epoch:7, training loss:0.5172 validation loss:0.3057
Updating learning rate to 9.826972900599613e-05
Updating learning rate to 9.826972900599613e-05
train 8209
vs, vt 0.3123754146085544 0.2776501336219636
2023-07-29 15:51:28,851 - epoch:8, training loss:0.5014 validation loss:0.3124
Updating learning rate to 9.615476014377818e-05
Updating learning rate to 9.615476014377818e-05
train 8209
vs, vt 0.3176863799718293 0.2828622209754857
2023-07-29 15:52:25,395 - epoch:9, training loss:0.4879 validation loss:0.3177
Updating learning rate to 9.325007396103859e-05
Updating learning rate to 9.325007396103859e-05
train 8209
vs, vt 0.3197366427630186 0.29018866016783496
2023-07-29 15:53:23,105 - epoch:10, training loss:0.4795 validation loss:0.3197
Updating learning rate to 8.960537044369518e-05
Updating learning rate to 8.960537044369518e-05
check exp/ECL-PatchTST2023-07-29-15:43:34.045883/0/0.2795_epoch_4.pkl  &  0.2735822508958253
2023-07-29 15:53:28,533 - [*] loss:0.2795
2023-07-29 15:53:28,538 - [*] phase 0, testing
2023-07-29 15:53:28,596 - T:96	MAE	0.340976	RMSE	0.279350	MAPE	138.943565
2023-07-29 15:53:28,598 - 96	mae	0.3410	
2023-07-29 15:53:28,598 - 96	rmse	0.2793	
2023-07-29 15:53:28,598 - 96	mape	138.9436	
2023-07-29 15:53:34,632 - [*] loss:0.2736
2023-07-29 15:53:34,636 - [*] phase 0, testing
2023-07-29 15:53:34,690 - T:96	MAE	0.332235	RMSE	0.273749	MAPE	133.052123
2023-07-29 15:53:34,691 - 96	mae	0.3322	
2023-07-29 15:53:34,691 - 96	rmse	0.2737	
2023-07-29 15:53:34,691 - 96	mape	133.0521	
