2023-07-29 09:24:06,788 - logger name:exp/ECL-PatchTST2023-07-29-09:24:06.788552/ECL-PatchTST.log
2023-07-29 09:24:06,789 - params : {'conf': 'ECL-PatchTST', 'data_name': 'ETTh2', 'iteration': 1, 'load': True, 'build_graph': False, 'same_init': True, 'grad_norm': False, 'refiner_no_residual': False, 'root_path': '', 'exp_path': 'exp/', 'val_test_mix': False, 'pred_len': 96, 'noise_rate': 0.5, 'device': device(type='cuda', index=1), 'test_model_path': '/Disk/fhyega/code/BASE/exp/ECL-PatchTST2023-07-23-21:59:42.618606/0/0.0379_epoch_25.pkl', 'idx': -1, 'aligner': 0, 'always_align': 1, 'refiner': 1, 'refiner_block_num': 1, 'enhance': 1, 'enhance_type': 0, 'seed': 42033, 'batch_size': 128, '/* model related args*/': '//', 'model_name': 'PatchTST', 'seq_len': 336, 'label_len': 48, 'features': 'M', 'target': 'OT', 'graph_input': False, 'individual': False, 'e_layers': 3, 'd_layers': 1, 'factor': 1, 'n_heads': 16, 'd_model': 128, 'd_ff': 256, 'dropout': 0.2, 'fc_dropout': 0.2, 'head_dropout': 0.0, 'patch_len': 16, 'stride': 8, 'des': 'Exp', 'padding_patch': 'end', 'revin': 1, 'affine': 0, 'subtract_last': 0, 'decomposition': 0, 'kernel_size': 25, 'output_attention': 0, 'embed_type': 0, 'activation': 'gelu', 'lradj': 'TST', 'distil': 1, 'linear_output': 1, 'pct_start': 0.2, '/*train related args*/': '//', 'train': True, 'epoch': 30, 'lr': 0.0001, 'loss': 'mse', '/*dataset related args*/': '//', 'save_data_path': 'data/ECL/', 'data_process': True, 'embed': 'timeF', 'freq': 'h', 'begin_phase': 0, 'end_phase': 1, 'phase_len': 26304, 'val_ratio': 0.33, 'graph_size': 321, '/*strategy related args*/': '//', 'strategy': 'incremental', 'increase': False, 'detect': False, 'detect_strategy': 'feature', 'replay': False, 'replay_strategy': 'random', 'repaly_num_samples': 100, 'ewc': False, 'ewc_strategy': 'ewc', 'ewc_lambda': 0.0001, 'subgraph_train': False, 'num_hops': 2, 'logname': 'ECL-PatchTST', 'time': '2023-07-29-09:24:06.788552', 'path': 'exp/ECL-PatchTST2023-07-29-09:24:06.788552', 'num_workers': 4, 'start_train': 0, 'train_mode': 'pretrain', 'get_score': False, 'use_cm': True, 'logger': <Logger __main__ (INFO)>}
2023-07-29 09:24:06,789 - [*] phase 0 start training
0 26304
train 8209
val 2785
test 2785
2023-07-29 09:24:07,011 - [*] phase 0 Dataset load!
2023-07-29 09:24:08,004 - [*] phase 0 Training start
train 8209
2023-07-29 09:24:33,025 - epoch:0, training loss:0.6349 validation loss:0.3724
train 8209
vs, vt 0.37235622853040695 0.3777397738938982
Updating learning rate to 1.0463629820836433e-05
Updating learning rate to 1.0463629820836433e-05
train 8209
vs, vt 0.3111835735088045 0.3250434175133705
2023-07-29 09:25:22,466 - epoch:1, training loss:1.0803 validation loss:0.3112
Updating learning rate to 2.8113748014145436e-05
Updating learning rate to 2.8113748014145436e-05
train 8209
vs, vt 0.2888312316076322 0.2922859181734649
2023-07-29 09:26:00,346 - epoch:2, training loss:0.9450 validation loss:0.2888
Updating learning rate to 5.219686165094539e-05
Updating learning rate to 5.219686165094539e-05
train 8209
vs, vt 0.2823211242529479 0.2778462003916502
2023-07-29 09:26:37,919 - epoch:3, training loss:0.8194 validation loss:0.2823
Updating learning rate to 7.622695691951079e-05
Updating learning rate to 7.622695691951079e-05
train 8209
vs, vt 0.28036990287629043 0.2752261644398624
2023-07-29 09:27:19,627 - epoch:4, training loss:0.7312 validation loss:0.2804
Updating learning rate to 9.373229880419829e-05
Updating learning rate to 9.373229880419829e-05
train 8209
vs, vt 0.28264317593791266 0.27523301321674476
2023-07-29 09:28:07,046 - epoch:5, training loss:0.6869 validation loss:0.2826
Updating learning rate to 9.999989541836333e-05
Updating learning rate to 9.999989541836333e-05
train 8209
vs, vt 0.2916472071612423 0.27450862747024407
2023-07-29 09:28:54,908 - epoch:6, training loss:0.6573 validation loss:0.2916
Updating learning rate to 9.955879284407972e-05
Updating learning rate to 9.955879284407972e-05
train 8209
vs, vt 0.3009292283518748 0.2786427412859418
2023-07-29 09:29:42,037 - epoch:7, training loss:0.6371 validation loss:0.3009
Updating learning rate to 9.826972900599613e-05
Updating learning rate to 9.826972900599613e-05
train 8209
vs, vt 0.29879550534215843 0.2782591330734166
2023-07-29 09:30:30,073 - epoch:8, training loss:0.6177 validation loss:0.2988
Updating learning rate to 9.615476014377818e-05
Updating learning rate to 9.615476014377818e-05
train 8209
vs, vt 0.3073742931539362 0.2784252137961713
2023-07-29 09:31:16,823 - epoch:9, training loss:0.6078 validation loss:0.3074
Updating learning rate to 9.325007396103859e-05
Updating learning rate to 9.325007396103859e-05
train 8209
vs, vt 0.31320500814101915 0.282027710059827
2023-07-29 09:32:04,366 - epoch:10, training loss:0.6035 validation loss:0.3132
Updating learning rate to 8.960537044369518e-05
Updating learning rate to 8.960537044369518e-05
train 8209
vs, vt 0.3142815421928059 0.28022474693981086
2023-07-29 09:32:51,779 - epoch:11, training loss:0.5979 validation loss:0.3143
Updating learning rate to 8.528301147943237e-05
Updating learning rate to 8.528301147943237e-05
train 8209
vs, vt 0.3137821240181273 0.28606494939462707
2023-07-29 09:33:40,616 - epoch:12, training loss:0.5983 validation loss:0.3138
Updating learning rate to 8.035695382851308e-05
Updating learning rate to 8.035695382851308e-05
train 8209
vs, vt 0.3174020451578227 0.28466934168880637
2023-07-29 09:34:28,094 - epoch:13, training loss:0.5936 validation loss:0.3174
Updating learning rate to 7.49114837031057e-05
Updating learning rate to 7.49114837031057e-05
train 8209
vs, vt 0.3134040395644578 0.29146760651333764
2023-07-29 09:35:16,951 - epoch:14, training loss:0.5879 validation loss:0.3134
Updating learning rate to 6.90397746068255e-05
Updating learning rate to 6.90397746068255e-05
train 8209
vs, vt 0.3205950114537369 0.28202058747410774
2023-07-29 09:36:05,231 - epoch:15, training loss:0.5855 validation loss:0.3206
Updating learning rate to 6.284229311025519e-05
Updating learning rate to 6.284229311025519e-05
train 8209
vs, vt 0.3153051117604429 0.28590433638204227
2023-07-29 09:36:51,866 - epoch:16, training loss:0.5795 validation loss:0.3153
Updating learning rate to 5.642507984006751e-05
Updating learning rate to 5.642507984006751e-05
train 8209
vs, vt 0.3180333917791193 0.2836273950947957
2023-07-29 09:37:39,712 - epoch:17, training loss:0.5781 validation loss:0.3180
Updating learning rate to 4.989793509450307e-05
Updating learning rate to 4.989793509450307e-05
train 8209
vs, vt 0.3226210769604553 0.2852236460894346
2023-07-29 09:38:20,712 - epoch:18, training loss:0.5758 validation loss:0.3226
Updating learning rate to 4.337254012982485e-05
Updating learning rate to 4.337254012982485e-05
train 8209
vs, vt 0.3215238472277468 0.2875670631500808
2023-07-29 09:38:59,217 - epoch:19, training loss:0.5739 validation loss:0.3215
Updating learning rate to 3.696054626305981e-05
Updating learning rate to 3.696054626305981e-05
train 8209
vs, vt 0.319434247741645 0.2862425482069904
2023-07-29 09:39:37,414 - epoch:20, training loss:0.5721 validation loss:0.3194
Updating learning rate to 3.0771664487008854e-05
Updating learning rate to 3.0771664487008854e-05
train 8209
vs, vt 0.3201381894336505 0.28443218530579045
2023-07-29 09:40:16,028 - epoch:21, training loss:0.5709 validation loss:0.3201
Updating learning rate to 2.491178828474237e-05
Updating learning rate to 2.491178828474237e-05
train 8209
vs, vt 0.32070173729549756 0.28529023311354895
2023-07-29 09:40:55,233 - epoch:22, training loss:0.5659 validation loss:0.3207
Updating learning rate to 1.9481181762745777e-05
Updating learning rate to 1.9481181762745777e-05
train 8209
vs, vt 0.32327219302004034 0.28560509210960433
2023-07-29 09:41:34,941 - epoch:23, training loss:0.5677 validation loss:0.3233
Updating learning rate to 1.4572764104259043e-05
Updating learning rate to 1.4572764104259043e-05
train 8209
vs, vt 0.32211206277663057 0.28613391806456173
2023-07-29 09:42:14,630 - epoch:24, training loss:0.5694 validation loss:0.3221
Updating learning rate to 1.0270519696289322e-05
Updating learning rate to 1.0270519696289322e-05
train 8209
vs, vt 0.3219841904938221 0.28622801263223996
2023-07-29 09:42:53,932 - epoch:25, training loss:0.5660 validation loss:0.3220
Updating learning rate to 6.648061133464466e-06
Updating learning rate to 6.648061133464466e-06
train 8209
vs, vt 0.3213809327307073 0.2857704733244397
2023-07-29 09:43:33,888 - epoch:26, training loss:0.5670 validation loss:0.3214
Updating learning rate to 3.7673696861296922e-06
Updating learning rate to 3.7673696861296922e-06
train 8209
vs, vt 0.3231485555456443 0.28626022013750946
2023-07-29 09:44:13,108 - epoch:27, training loss:0.5675 validation loss:0.3231
Updating learning rate to 1.6777347836274343e-06
Updating learning rate to 1.6777347836274343e-06
train 8209
vs, vt 0.3217712938785553 0.28586495616896584
2023-07-29 09:44:51,325 - epoch:28, training loss:0.5669 validation loss:0.3218
Updating learning rate to 4.1491065849575754e-07
Updating learning rate to 4.1491065849575754e-07
train 8209
vs, vt 0.3224225909533826 0.2860944548791105
2023-07-29 09:45:32,126 - epoch:29, training loss:0.5657 validation loss:0.3224
Updating learning rate to 5.045816366600914e-10
Updating learning rate to 5.045816366600914e-10
check exp/ECL-PatchTST2023-07-29-09:24:06.788552/0/0.2804_epoch_4.pkl  &  0.27450862747024407
2023-07-29 09:45:36,443 - [*] loss:0.2804
2023-07-29 09:45:36,447 - [*] phase 0, testing
2023-07-29 09:45:36,495 - T:96	MAE	0.339352	RMSE	0.280568	MAPE	137.070167
2023-07-29 09:45:36,497 - 96	mae	0.3394	
2023-07-29 09:45:36,497 - 96	rmse	0.2806	
2023-07-29 09:45:36,497 - 96	mape	137.0702	
2023-07-29 09:45:40,830 - [*] loss:0.2745
2023-07-29 09:45:40,833 - [*] phase 0, testing
2023-07-29 09:45:40,871 - T:96	MAE	0.333260	RMSE	0.274628	MAPE	132.330334
2023-07-29 09:45:40,872 - 96	mae	0.3333	
2023-07-29 09:45:40,872 - 96	rmse	0.2746	
2023-07-29 09:45:40,872 - 96	mape	132.3303	
