2023-07-28 19:17:04,251 - logger name:exp/ECL-PatchTST2023-07-28-19:17:04.251193/ECL-PatchTST.log
2023-07-28 19:17:04,251 - params : {'conf': 'ECL-PatchTST', 'data_name': 'ETTh2', 'iteration': 1, 'load': True, 'build_graph': False, 'same_init': True, 'grad_norm': False, 'refiner_no_residual': False, 'root_path': '', 'exp_path': 'exp/', 'val_test_mix': False, 'pred_len': 96, 'noise_rate': 0.5, 'device': device(type='cuda', index=1), 'test_model_path': '/Disk/fhyega/code/BASE/exp/ECL-PatchTST2023-07-23-21:59:42.618606/0/0.0379_epoch_25.pkl', 'idx': -1, 'aligner': 0, 'always_align': 1, 'refiner': 1, 'refiner_block_num': 1, 'enhance': 1, 'seed': 2033, 'batch_size': 128, '/* model related args*/': '//', 'model_name': 'PatchTST', 'seq_len': 336, 'label_len': 48, 'features': 'M', 'target': 'OT', 'graph_input': False, 'individual': False, 'e_layers': 3, 'd_layers': 1, 'factor': 1, 'n_heads': 16, 'd_model': 128, 'd_ff': 256, 'dropout': 0.2, 'fc_dropout': 0.2, 'head_dropout': 0.0, 'patch_len': 16, 'stride': 8, 'des': 'Exp', 'padding_patch': 'end', 'revin': 1, 'affine': 0, 'subtract_last': 0, 'decomposition': 0, 'kernel_size': 25, 'output_attention': 0, 'embed_type': 0, 'activation': 'gelu', 'lradj': 'TST', 'distil': 1, 'linear_output': 1, 'pct_start': 0.2, '/*train related args*/': '//', 'train': True, 'epoch': 30, 'lr': 0.0001, 'loss': 'mse', '/*dataset related args*/': '//', 'save_data_path': 'data/ECL/', 'data_process': True, 'embed': 'timeF', 'freq': 'h', 'begin_phase': 0, 'end_phase': 1, 'phase_len': 26304, 'val_ratio': 0.33, 'graph_size': 321, '/*strategy related args*/': '//', 'strategy': 'incremental', 'increase': False, 'detect': False, 'detect_strategy': 'feature', 'replay': False, 'replay_strategy': 'random', 'repaly_num_samples': 100, 'ewc': False, 'ewc_strategy': 'ewc', 'ewc_lambda': 0.0001, 'subgraph_train': False, 'num_hops': 2, 'logname': 'ECL-PatchTST', 'time': '2023-07-28-19:17:04.251193', 'path': 'exp/ECL-PatchTST2023-07-28-19:17:04.251193', 'num_workers': 4, 'start_train': 0, 'train_mode': 'pretrain', 'get_score': False, 'use_cm': True, 'logger': <Logger __main__ (INFO)>}
2023-07-28 19:17:04,251 - [*] phase 0 start training
0 26304
train 8209
val 2785
test 2785
2023-07-28 19:17:04,455 - [*] phase 0 Dataset load!
2023-07-28 19:17:05,456 - [*] phase 0 Training start
train 8209
2023-07-28 19:17:27,758 - epoch:0, training loss:0.6227 validation loss:0.3658
train 8209
vs, vt 0.36583254316991026 0.36897858672521333
Updating learning rate to 1.0463629820836433e-05
Updating learning rate to 1.0463629820836433e-05
train 8209
vs, vt 0.30741027471694077 0.3185733600773595
2023-07-28 19:18:09,456 - epoch:1, training loss:1.0708 validation loss:0.3074
Updating learning rate to 2.8113748014145436e-05
Updating learning rate to 2.8113748014145436e-05
train 8209
vs, vt 0.2855317340317098 0.2894963048059832
2023-07-28 19:18:43,076 - epoch:2, training loss:0.9438 validation loss:0.2855
Updating learning rate to 5.219686165094539e-05
Updating learning rate to 5.219686165094539e-05
train 8209
vs, vt 0.2811681931330399 0.2783015895296227
2023-07-28 19:19:16,929 - epoch:3, training loss:0.8227 validation loss:0.2812
Updating learning rate to 7.622695691951079e-05
Updating learning rate to 7.622695691951079e-05
train 8209
vs, vt 0.2819208306345073 0.27581289122727787
2023-07-28 19:19:49,444 - epoch:4, training loss:0.7326 validation loss:0.2819
Updating learning rate to 9.373229880419829e-05
Updating learning rate to 9.373229880419829e-05
train 8209
vs, vt 0.2900068729438565 0.27550264160064136
2023-07-28 19:20:21,770 - epoch:5, training loss:0.6880 validation loss:0.2900
Updating learning rate to 9.999989541836333e-05
Updating learning rate to 9.999989541836333e-05
train 8209
vs, vt 0.29308026216246863 0.276681212708354
2023-07-28 19:20:54,275 - epoch:6, training loss:0.6625 validation loss:0.2931
Updating learning rate to 9.955879284407972e-05
Updating learning rate to 9.955879284407972e-05
train 8209
vs, vt 0.29822367429733276 0.2791198006069118
2023-07-28 19:21:26,577 - epoch:7, training loss:0.6364 validation loss:0.2982
Updating learning rate to 9.826972900599613e-05
Updating learning rate to 9.826972900599613e-05
train 8209
vs, vt 0.31951446492563595 0.278371009637009
2023-07-28 19:21:59,302 - epoch:8, training loss:0.6287 validation loss:0.3195
Updating learning rate to 9.615476014377818e-05
Updating learning rate to 9.615476014377818e-05
train 8209
vs, vt 0.3040659539401531 0.28686840137974784
2023-07-28 19:22:31,720 - epoch:9, training loss:0.6282 validation loss:0.3041
Updating learning rate to 9.325007396103859e-05
Updating learning rate to 9.325007396103859e-05
train 8209
vs, vt 0.31036684154109523 0.2815704269504005
2023-07-28 19:23:04,421 - epoch:10, training loss:0.6218 validation loss:0.3104
Updating learning rate to 8.960537044369518e-05
Updating learning rate to 8.960537044369518e-05
train 8209
vs, vt 0.3161189593374729 0.28373063914477825
2023-07-28 19:23:42,071 - epoch:11, training loss:0.6189 validation loss:0.3161
Updating learning rate to 8.528301147943237e-05
Updating learning rate to 8.528301147943237e-05
train 8209
vs, vt 0.32422342185269704 0.2899973348460414
2023-07-28 19:24:20,244 - epoch:12, training loss:0.6132 validation loss:0.3242
Updating learning rate to 8.035695382851308e-05
Updating learning rate to 8.035695382851308e-05
train 8209
vs, vt 0.3261826654726809 0.2923220882022923
2023-07-28 19:25:00,145 - epoch:13, training loss:0.6169 validation loss:0.3262
Updating learning rate to 7.49114837031057e-05
Updating learning rate to 7.49114837031057e-05
train 8209
vs, vt 0.32171652804721484 0.2905417314984582
2023-07-28 19:25:38,242 - epoch:14, training loss:0.6102 validation loss:0.3217
Updating learning rate to 6.90397746068255e-05
Updating learning rate to 6.90397746068255e-05
train 8209
vs, vt 0.3181503147564151 0.2903805029663173
2023-07-28 19:26:17,340 - epoch:15, training loss:0.6033 validation loss:0.3182
Updating learning rate to 6.284229311025519e-05
Updating learning rate to 6.284229311025519e-05
train 8209
vs, vt 0.3197616406462409 0.2915935871953314
2023-07-28 19:26:56,365 - epoch:16, training loss:0.6057 validation loss:0.3198
Updating learning rate to 5.642507984006751e-05
Updating learning rate to 5.642507984006751e-05
train 8209
vs, vt 0.3182607184756886 0.2887299595908685
2023-07-28 19:27:35,624 - epoch:17, training loss:0.6012 validation loss:0.3183
Updating learning rate to 4.989793509450307e-05
Updating learning rate to 4.989793509450307e-05
train 8209
vs, vt 0.31666253066875716 0.290369335223328
2023-07-28 19:28:14,393 - epoch:18, training loss:0.6012 validation loss:0.3167
Updating learning rate to 4.337254012982485e-05
Updating learning rate to 4.337254012982485e-05
train 8209
vs, vt 0.31750989840789273 0.28947522897611966
2023-07-28 19:28:53,436 - epoch:19, training loss:0.5956 validation loss:0.3175
Updating learning rate to 3.696054626305981e-05
Updating learning rate to 3.696054626305981e-05
train 8209
vs, vt 0.319119202142412 0.28889352608133445
2023-07-28 19:29:33,576 - epoch:20, training loss:0.5954 validation loss:0.3191
Updating learning rate to 3.0771664487008854e-05
Updating learning rate to 3.0771664487008854e-05
train 8209
vs, vt 0.31979790837927297 0.2894007925960151
2023-07-28 19:30:12,864 - epoch:21, training loss:0.5920 validation loss:0.3198
Updating learning rate to 2.491178828474237e-05
Updating learning rate to 2.491178828474237e-05
train 8209
vs, vt 0.32310864193872973 0.2903416615656831
2023-07-28 19:30:52,360 - epoch:22, training loss:0.6001 validation loss:0.3231
Updating learning rate to 1.9481181762745777e-05
Updating learning rate to 1.9481181762745777e-05
train 8209
vs, vt 0.3191893598572774 0.29145122471858154
2023-07-28 19:31:32,017 - epoch:23, training loss:0.5933 validation loss:0.3192
Updating learning rate to 1.4572764104259043e-05
Updating learning rate to 1.4572764104259043e-05
train 8209
vs, vt 0.31686200303110207 0.2906097402288155
2023-07-28 19:32:10,669 - epoch:24, training loss:0.5896 validation loss:0.3169
Updating learning rate to 1.0270519696289322e-05
Updating learning rate to 1.0270519696289322e-05
train 8209
vs, vt 0.3177309435876933 0.2882536935874007
2023-07-28 19:32:49,773 - epoch:25, training loss:0.5911 validation loss:0.3177
Updating learning rate to 6.648061133464466e-06
Updating learning rate to 6.648061133464466e-06
train 8209
vs, vt 0.3201467052779414 0.28995251723311166
2023-07-28 19:33:28,089 - epoch:26, training loss:0.5921 validation loss:0.3201
Updating learning rate to 3.7673696861296922e-06
Updating learning rate to 3.7673696861296922e-06
train 8209
vs, vt 0.3187069818377495 0.28992266207933426
2023-07-28 19:34:07,074 - epoch:27, training loss:0.5905 validation loss:0.3187
Updating learning rate to 1.6777347836274343e-06
Updating learning rate to 1.6777347836274343e-06
train 8209
vs, vt 0.3190577429803935 0.2900337686931545
2023-07-28 19:34:40,148 - epoch:28, training loss:0.5919 validation loss:0.3191
Updating learning rate to 4.1491065849575754e-07
Updating learning rate to 4.1491065849575754e-07
train 8209
vs, vt 0.31783574040640483 0.288653644987128
2023-07-28 19:35:12,417 - epoch:29, training loss:0.5886 validation loss:0.3178
Updating learning rate to 5.045816366600914e-10
Updating learning rate to 5.045816366600914e-10
check exp/ECL-PatchTST2023-07-28-19:17:04.251193/0/0.2812_epoch_3.pkl  &  0.27550264160064136
2023-07-28 19:35:15,724 - [*] loss:0.2812
2023-07-28 19:35:15,728 - [*] phase 0, testing
2023-07-28 19:35:15,772 - T:96	MAE	0.341338	RMSE	0.281369	MAPE	140.278065
2023-07-28 19:35:15,774 - 96	mae	0.3413	
2023-07-28 19:35:15,774 - 96	rmse	0.2814	
2023-07-28 19:35:15,774 - 96	mape	140.2781	
2023-07-28 19:35:18,718 - [*] loss:0.2755
2023-07-28 19:35:18,722 - [*] phase 0, testing
2023-07-28 19:35:18,759 - T:96	MAE	0.332866	RMSE	0.275812	MAPE	133.683228
2023-07-28 19:35:18,760 - 96	mae	0.3329	
2023-07-28 19:35:18,760 - 96	rmse	0.2758	
2023-07-28 19:35:18,760 - 96	mape	133.6832	
