2023-07-28 18:23:50,710 - logger name:exp/ECL-PatchTST2023-07-28-18:23:50.709815/ECL-PatchTST.log
2023-07-28 18:23:50,710 - params : {'conf': 'ECL-PatchTST', 'data_name': 'ETTh2', 'iteration': 1, 'load': True, 'build_graph': False, 'same_init': True, 'grad_norm': False, 'refiner_no_residual': False, 'root_path': '', 'exp_path': 'exp/', 'val_test_mix': False, 'pred_len': 96, 'noise_rate': 0.5, 'device': device(type='cuda', index=1), 'test_model_path': '/Disk/fhyega/code/BASE/exp/ECL-PatchTST2023-07-23-21:59:42.618606/0/0.0379_epoch_25.pkl', 'idx': -1, 'aligner': 0, 'always_align': 1, 'refiner': 1, 'refiner_block_num': 1, 'enhance': 1, 'seed': 2033, 'batch_size': 128, '/* model related args*/': '//', 'model_name': 'PatchTST', 'seq_len': 336, 'label_len': 48, 'features': 'M', 'target': 'OT', 'graph_input': False, 'individual': False, 'e_layers': 3, 'd_layers': 1, 'factor': 1, 'n_heads': 16, 'd_model': 128, 'd_ff': 256, 'dropout': 0.2, 'fc_dropout': 0.2, 'head_dropout': 0.0, 'patch_len': 16, 'stride': 8, 'des': 'Exp', 'padding_patch': 'end', 'revin': 1, 'affine': 0, 'subtract_last': 0, 'decomposition': 0, 'kernel_size': 25, 'output_attention': 0, 'embed_type': 0, 'activation': 'gelu', 'lradj': 'TST', 'distil': 1, 'linear_output': 1, 'pct_start': 0.2, '/*train related args*/': '//', 'train': True, 'epoch': 30, 'lr': 0.0001, 'loss': 'mse', '/*dataset related args*/': '//', 'save_data_path': 'data/ECL/', 'data_process': True, 'embed': 'timeF', 'freq': 'h', 'begin_phase': 0, 'end_phase': 1, 'phase_len': 26304, 'val_ratio': 0.33, 'graph_size': 321, '/*strategy related args*/': '//', 'strategy': 'incremental', 'increase': False, 'detect': False, 'detect_strategy': 'feature', 'replay': False, 'replay_strategy': 'random', 'repaly_num_samples': 100, 'ewc': False, 'ewc_strategy': 'ewc', 'ewc_lambda': 0.0001, 'subgraph_train': False, 'num_hops': 2, 'logname': 'ECL-PatchTST', 'time': '2023-07-28-18:23:50.709815', 'path': 'exp/ECL-PatchTST2023-07-28-18:23:50.709815', 'num_workers': 4, 'start_train': 0, 'train_mode': 'pretrain', 'get_score': False, 'use_cm': True, 'logger': <Logger __main__ (INFO)>}
2023-07-28 18:23:50,710 - [*] phase 0 start training
0 26304
train 8209
val 2785
test 2785
2023-07-28 18:23:50,907 - [*] phase 0 Dataset load!
2023-07-28 18:23:51,968 - [*] phase 0 Training start
train 8209
2023-07-28 18:24:11,531 - epoch:0, training loss:0.6227 validation loss:0.3658
train 8209
vs, vt 0.36583254316991026 0.36897858672521333
Updating learning rate to 1.0463629820836433e-05
Updating learning rate to 1.0463629820836433e-05
train 8209
vs, vt 0.30741028250618413 0.3172532238743522
2023-07-28 18:24:56,322 - epoch:1, training loss:1.0408 validation loss:0.3074
Updating learning rate to 2.8113748014145436e-05
Updating learning rate to 2.8113748014145436e-05
train 8209
vs, vt 0.28553175350481813 0.30557359467175876
2023-07-28 18:25:36,347 - epoch:2, training loss:0.8000 validation loss:0.2855
Updating learning rate to 5.219686165094539e-05
Updating learning rate to 5.219686165094539e-05
train 8209
vs, vt 0.2811678812246431 0.3000905286859382
2023-07-28 18:26:17,673 - epoch:3, training loss:0.6517 validation loss:0.2812
Updating learning rate to 7.622695691951079e-05
Updating learning rate to 7.622695691951079e-05
train 8209
vs, vt 0.2819209127602252 0.298668838868087
2023-07-28 18:26:58,144 - epoch:4, training loss:0.5968 validation loss:0.2819
Updating learning rate to 9.373229880419829e-05
Updating learning rate to 9.373229880419829e-05
train 8209
vs, vt 0.2900044247508049 0.3940409001978961
2023-07-28 18:27:37,991 - epoch:5, training loss:0.5100 validation loss:0.2900
Updating learning rate to 9.999989541836333e-05
Updating learning rate to 9.999989541836333e-05
train 8209
vs, vt 0.29309747080233967 0.39578203010288154
2023-07-28 18:28:19,176 - epoch:6, training loss:0.4529 validation loss:0.2931
Updating learning rate to 9.955879284407972e-05
Updating learning rate to 9.955879284407972e-05
train 8209
