2023-07-29 14:34:18,793 - logger name:exp/ECL-PatchTST2023-07-29-14:34:18.792807/ECL-PatchTST.log
2023-07-29 14:34:18,793 - params : {'conf': 'ECL-PatchTST', 'data_name': 'ETTh2', 'iteration': 1, 'load': True, 'build_graph': False, 'same_init': True, 'grad_norm': False, 'refiner_no_residual': False, 'root_path': '', 'exp_path': 'exp/', 'val_test_mix': False, 'pred_len': 96, 'noise_rate': 0.5, 'device': device(type='cuda', index=1), 'test_model_path': '/Disk/fhyega/code/BASE/exp/ECL-PatchTST2023-07-23-21:59:42.618606/0/0.0379_epoch_25.pkl', 'idx': -1, 'aligner': 0, 'always_align': 1, 'refiner': 1, 'refiner_block_num': 1, 'enhance': 1, 'enhance_type': 1, 'seed': 42033, 'batch_size': 128, 'jitter_sigma': 0.01, '/* model related args*/': '//', 'model_name': 'PatchTST', 'seq_len': 336, 'label_len': 48, 'features': 'M', 'target': 'OT', 'graph_input': False, 'individual': False, 'e_layers': 3, 'd_layers': 1, 'factor': 1, 'n_heads': 16, 'd_model': 128, 'd_ff': 256, 'dropout': 0.2, 'fc_dropout': 0.2, 'head_dropout': 0.0, 'patch_len': 16, 'stride': 8, 'des': 'Exp', 'padding_patch': 'end', 'revin': 1, 'affine': 0, 'subtract_last': 0, 'decomposition': 0, 'kernel_size': 25, 'output_attention': 0, 'embed_type': 0, 'activation': 'gelu', 'lradj': 'TST', 'distil': 1, 'linear_output': 1, 'pct_start': 0.2, '/*train related args*/': '//', 'train': True, 'epoch': 30, 'lr': 0.0001, 'loss': 'mse', '/*dataset related args*/': '//', 'save_data_path': 'data/ECL/', 'data_process': True, 'embed': 'timeF', 'freq': 'h', 'begin_phase': 0, 'end_phase': 1, 'phase_len': 26304, 'val_ratio': 0.33, 'graph_size': 321, '/*strategy related args*/': '//', 'strategy': 'incremental', 'increase': False, 'detect': False, 'detect_strategy': 'feature', 'replay': False, 'replay_strategy': 'random', 'repaly_num_samples': 100, 'ewc': False, 'ewc_strategy': 'ewc', 'ewc_lambda': 0.0001, 'subgraph_train': False, 'num_hops': 2, 'logname': 'ECL-PatchTST', 'time': '2023-07-29-14:34:18.792807', 'path': 'exp/ECL-PatchTST2023-07-29-14:34:18.792807', 'num_workers': 4, 'start_train': 0, 'train_mode': 'pretrain', 'get_score': False, 'use_cm': True, 'logger': <Logger __main__ (INFO)>}
2023-07-29 14:34:18,793 - [*] phase 0 start training
0 26304
train 8209
val 2785
test 2785
2023-07-29 14:34:18,981 - [*] phase 0 Dataset load!
2023-07-29 14:34:20,024 - [*] phase 0 Training start
train 8209
2023-07-29 14:34:45,717 - epoch:0, training loss:0.6349 validation loss:0.3724
train 8209
vs, vt 0.37235622853040695 0.3777397738938982
Updating learning rate to 1.0463629820836433e-05
Updating learning rate to 1.0463629820836433e-05
train 8209
vs, vt 0.31119672242890706 0.3257681591944261
2023-07-29 14:35:37,569 - epoch:1, training loss:0.6014 validation loss:0.3112
Updating learning rate to 2.8113748014145436e-05
Updating learning rate to 2.8113748014145436e-05
train 8209
vs, vt 0.28859170086004515 0.29198179326274176
2023-07-29 14:36:18,695 - epoch:2, training loss:0.5204 validation loss:0.2886
Updating learning rate to 5.219686165094539e-05
Updating learning rate to 5.219686165094539e-05
train 8209
vs, vt 0.2810322071679614 0.28019896539097483
2023-07-29 14:37:00,666 - epoch:3, training loss:0.4744 validation loss:0.2810
Updating learning rate to 7.622695691951079e-05
Updating learning rate to 7.622695691951079e-05
train 8209
vs, vt 0.2798536489294334 0.2769918062470176
2023-07-29 14:37:41,105 - epoch:4, training loss:0.4454 validation loss:0.2799
Updating learning rate to 9.373229880419829e-05
Updating learning rate to 9.373229880419829e-05
train 8209
vs, vt 0.28675881637768313 0.27492586828090926
2023-07-29 14:38:22,247 - epoch:5, training loss:0.4281 validation loss:0.2868
Updating learning rate to 9.999989541836333e-05
Updating learning rate to 9.999989541836333e-05
train 8209
vs, vt 0.3138212263584137 0.27406027777628467
2023-07-29 14:39:02,543 - epoch:6, training loss:0.4063 validation loss:0.3138
Updating learning rate to 9.955879284407972e-05
Updating learning rate to 9.955879284407972e-05
train 8209
vs, vt 0.30229801193557004 0.2835876621644605
2023-07-29 14:39:44,079 - epoch:7, training loss:0.3878 validation loss:0.3023
Updating learning rate to 9.826972900599613e-05
Updating learning rate to 9.826972900599613e-05
train 8209
vs, vt 0.3094346069476821 0.2784773036837578
2023-07-29 14:40:24,985 - epoch:8, training loss:0.3729 validation loss:0.3094
Updating learning rate to 9.615476014377818e-05
Updating learning rate to 9.615476014377818e-05
train 8209
vs, vt 0.3100798841227185 0.28432389653541823
2023-07-29 14:41:06,274 - epoch:9, training loss:0.3615 validation loss:0.3101
Updating learning rate to 9.325007396103859e-05
Updating learning rate to 9.325007396103859e-05
train 8209
vs, vt 0.3083634583110159 0.28060451827266
2023-07-29 14:41:46,668 - epoch:10, training loss:0.3518 validation loss:0.3084
Updating learning rate to 8.960537044369518e-05
Updating learning rate to 8.960537044369518e-05
check exp/ECL-PatchTST2023-07-29-14:34:18.792807/0/0.2799_epoch_4.pkl  &  0.27406027777628467
2023-07-29 14:41:50,999 - [*] loss:0.2799
2023-07-29 14:41:51,002 - [*] phase 0, testing
2023-07-29 14:41:51,040 - T:96	MAE	0.341075	RMSE	0.279654	MAPE	136.711597
2023-07-29 14:41:51,041 - 96	mae	0.3411	
2023-07-29 14:41:51,041 - 96	rmse	0.2797	
2023-07-29 14:41:51,041 - 96	mape	136.7116	
2023-07-29 14:41:55,064 - [*] loss:0.2741
2023-07-29 14:41:55,067 - [*] phase 0, testing
2023-07-29 14:41:55,106 - T:96	MAE	0.334616	RMSE	0.273750	MAPE	131.652021
2023-07-29 14:41:55,107 - 96	mae	0.3346	
2023-07-29 14:41:55,107 - 96	rmse	0.2738	
2023-07-29 14:41:55,107 - 96	mape	131.6520	
