2023-07-28 18:35:53,578 - logger name:exp/ECL-PatchTST2023-07-28-18:35:53.578621/ECL-PatchTST.log
2023-07-28 18:35:53,579 - params : {'conf': 'ECL-PatchTST', 'data_name': 'ETTh2', 'iteration': 1, 'load': True, 'build_graph': False, 'same_init': True, 'grad_norm': False, 'refiner_no_residual': False, 'root_path': '', 'exp_path': 'exp/', 'val_test_mix': False, 'pred_len': 96, 'noise_rate': 0.5, 'device': device(type='cuda', index=1), 'test_model_path': '/Disk/fhyega/code/BASE/exp/ECL-PatchTST2023-07-23-21:59:42.618606/0/0.0379_epoch_25.pkl', 'idx': -1, 'aligner': 0, 'always_align': 1, 'refiner': 1, 'refiner_block_num': 1, 'enhance': 1, 'seed': 2033, 'batch_size': 128, '/* model related args*/': '//', 'model_name': 'PatchTST', 'seq_len': 336, 'label_len': 48, 'features': 'M', 'target': 'OT', 'graph_input': False, 'individual': False, 'e_layers': 3, 'd_layers': 1, 'factor': 1, 'n_heads': 16, 'd_model': 128, 'd_ff': 256, 'dropout': 0.2, 'fc_dropout': 0.2, 'head_dropout': 0.0, 'patch_len': 16, 'stride': 8, 'des': 'Exp', 'padding_patch': 'end', 'revin': 1, 'affine': 0, 'subtract_last': 0, 'decomposition': 0, 'kernel_size': 25, 'output_attention': 0, 'embed_type': 0, 'activation': 'gelu', 'lradj': 'TST', 'distil': 1, 'linear_output': 1, 'pct_start': 0.2, '/*train related args*/': '//', 'train': True, 'epoch': 30, 'lr': 0.0001, 'loss': 'mse', '/*dataset related args*/': '//', 'save_data_path': 'data/ECL/', 'data_process': True, 'embed': 'timeF', 'freq': 'h', 'begin_phase': 0, 'end_phase': 1, 'phase_len': 26304, 'val_ratio': 0.33, 'graph_size': 321, '/*strategy related args*/': '//', 'strategy': 'incremental', 'increase': False, 'detect': False, 'detect_strategy': 'feature', 'replay': False, 'replay_strategy': 'random', 'repaly_num_samples': 100, 'ewc': False, 'ewc_strategy': 'ewc', 'ewc_lambda': 0.0001, 'subgraph_train': False, 'num_hops': 2, 'logname': 'ECL-PatchTST', 'time': '2023-07-28-18:35:53.578621', 'path': 'exp/ECL-PatchTST2023-07-28-18:35:53.578621', 'num_workers': 4, 'start_train': 0, 'train_mode': 'pretrain', 'get_score': False, 'use_cm': True, 'logger': <Logger __main__ (INFO)>}
2023-07-28 18:35:53,579 - [*] phase 0 start training
0 26304
train 8209
val 2785
test 2785
2023-07-28 18:35:53,782 - [*] phase 0 Dataset load!
2023-07-28 18:35:54,774 - [*] phase 0 Training start
train 8209
2023-07-28 18:36:14,812 - epoch:0, training loss:0.6227 validation loss:0.3658
train 8209
vs, vt 0.36583254316991026 0.36900438232855365
Updating learning rate to 1.0463629820836433e-05
Updating learning rate to 1.0463629820836433e-05
train 8209
vs, vt 0.307410273023627 0.3174449655820023
2023-07-28 18:37:00,679 - epoch:1, training loss:1.0439 validation loss:0.3074
Updating learning rate to 2.8113748014145436e-05
Updating learning rate to 2.8113748014145436e-05
train 8209
vs, vt 0.28553173945031385 0.2977971222928979
2023-07-28 18:37:37,139 - epoch:2, training loss:0.8204 validation loss:0.2855
Updating learning rate to 5.219686165094539e-05
Updating learning rate to 5.219686165094539e-05
train 8209
vs, vt 0.28116837194697425 0.28735465556383133
2023-07-28 18:38:12,564 - epoch:3, training loss:0.6659 validation loss:0.2812
Updating learning rate to 7.622695691951079e-05
Updating learning rate to 7.622695691951079e-05
train 8209
vs, vt 0.28192137876017526 0.28474066558886657
2023-07-28 18:38:48,192 - epoch:4, training loss:0.6167 validation loss:0.2819
Updating learning rate to 9.373229880419829e-05
Updating learning rate to 9.373229880419829e-05
train 8209
vs, vt 0.2900064384395426 0.29573609273542056
2023-07-28 18:39:24,730 - epoch:5, training loss:0.5850 validation loss:0.2900
Updating learning rate to 9.999989541836333e-05
Updating learning rate to 9.999989541836333e-05
train 8209
vs, vt 0.2930751165205782 0.3007808012718504
2023-07-28 18:40:00,343 - epoch:6, training loss:0.5502 validation loss:0.2931
Updating learning rate to 9.955879284407972e-05
Updating learning rate to 9.955879284407972e-05
train 8209
vs, vt 0.2983158938586712 0.3160446531731974
2023-07-28 18:40:35,589 - epoch:7, training loss:0.5158 validation loss:0.2983
Updating learning rate to 9.826972900599613e-05
Updating learning rate to 9.826972900599613e-05
train 8209
vs, vt 0.31952946057373827 0.3166848085820675
2023-07-28 18:41:11,196 - epoch:8, training loss:0.4559 validation loss:0.3195
Updating learning rate to 9.615476014377818e-05
Updating learning rate to 9.615476014377818e-05
train 8209
vs, vt 0.30411201309074054 0.30973786335777154
2023-07-28 18:41:47,021 - epoch:9, training loss:0.4321 validation loss:0.3041
Updating learning rate to 9.325007396103859e-05
Updating learning rate to 9.325007396103859e-05
train 8209
vs, vt 0.3103690547021953 0.31939101236110384
2023-07-28 18:42:22,868 - epoch:10, training loss:0.4019 validation loss:0.3104
Updating learning rate to 8.960537044369518e-05
Updating learning rate to 8.960537044369518e-05
train 8209
vs, vt 0.3161349299956452 0.3036649723283269
2023-07-28 18:42:58,933 - epoch:11, training loss:0.3899 validation loss:0.3161
Updating learning rate to 8.528301147943237e-05
Updating learning rate to 8.528301147943237e-05
train 8209
vs, vt 0.3240560526874932 0.2946921805427833
2023-07-28 18:43:35,166 - epoch:12, training loss:0.3677 validation loss:0.3241
Updating learning rate to 8.035695382851308e-05
Updating learning rate to 8.035695382851308e-05
train 8209
vs, vt 0.3259910609234463 0.3086294687607072
2023-07-28 18:44:10,402 - epoch:13, training loss:0.3626 validation loss:0.3260
Updating learning rate to 7.49114837031057e-05
Updating learning rate to 7.49114837031057e-05
train 8209
vs, vt 0.32158649983731186 0.29956078055230057
2023-07-28 18:44:46,183 - epoch:14, training loss:0.3510 validation loss:0.3216
Updating learning rate to 6.90397746068255e-05
Updating learning rate to 6.90397746068255e-05
train 8209
