2023-07-31 11:17:58,641 - logger name:exp/ECL-PatchTST2023-07-31-11:17:58.640753/ECL-PatchTST.log
2023-07-31 11:17:58,641 - params : {'conf': 'ECL-PatchTST', 'data_name': 'ETTh2', 'iteration': 1, 'load': True, 'build_graph': False, 'same_init': True, 'grad_norm': False, 'refiner_no_residual': False, 'root_path': '', 'exp_path': 'exp/', 'val_test_mix': False, 'pred_len': 96, 'noise_rate': 0.5, 'device': device(type='cuda', index=0), 'test_model_path': '/Disk/fhyega/code/BASE/exp/ECL-PatchTST2023-07-23-21:59:42.618606/0/0.0379_epoch_25.pkl', 'idx': -1, 'aligner': 0, 'always_align': 1, 'refiner': 1, 'refiner_block_num': 1, 'enhance': 1, 'enhance_type': 0, 'seed': 42033, 'batch_size': 128, 'jitter_sigma': 0.1, '/* model related args*/': '//', 'model_name': 'PatchTST', 'seq_len': 336, 'label_len': 48, 'features': 'M', 'target': 'OT', 'graph_input': False, 'individual': False, 'e_layers': 3, 'd_layers': 1, 'factor': 1, 'n_heads': 16, 'd_model': 128, 'd_ff': 256, 'dropout': 0.2, 'fc_dropout': 0.2, 'head_dropout': 0.0, 'patch_len': 16, 'stride': 8, 'des': 'Exp', 'padding_patch': 'end', 'revin': 1, 'affine': 0, 'subtract_last': 0, 'decomposition': 0, 'kernel_size': 25, 'output_attention': 0, 'embed_type': 0, 'activation': 'gelu', 'lradj': 'TST', 'distil': 1, 'linear_output': 1, 'pct_start': 0.2, '/*train related args*/': '//', 'train': True, 'epoch': 30, 'lr': 0.0001, 'loss': 'mse', '/*dataset related args*/': '//', 'save_data_path': 'data/ECL/', 'data_process': True, 'embed': 'timeF', 'freq': 'h', 'begin_phase': 0, 'end_phase': 1, 'phase_len': 26304, 'val_ratio': 0.33, 'graph_size': 321, '/*strategy related args*/': '//', 'strategy': 'incremental', 'increase': False, 'detect': False, 'detect_strategy': 'feature', 'replay': False, 'replay_strategy': 'random', 'repaly_num_samples': 100, 'ewc': False, 'ewc_strategy': 'ewc', 'ewc_lambda': 0.0001, 'subgraph_train': False, 'num_hops': 2, 'logname': 'ECL-PatchTST', 'time': '2023-07-31-11:17:58.640753', 'path': 'exp/ECL-PatchTST2023-07-31-11:17:58.640753', 'num_workers': 4, 'start_train': 0, 'train_mode': 'pretrain', 'get_score': False, 'use_cm': True, 'logger': <Logger __main__ (INFO)>}
2023-07-31 11:17:58,641 - [*] phase 0 start training
0 26304
train 8209
val 2785
test 2785
2023-07-31 11:17:58,833 - [*] phase 0 Dataset load!
2023-07-31 11:17:59,693 - [*] phase 0 Training start
train 8209
2023-07-31 11:18:10,974 - epoch:0, training loss:0.6349 validation loss:0.3723
train 8209
vs, vt 0.3723312961784276 0.3776860619810494
Updating learning rate to 1.0463629820836433e-05
Updating learning rate to 1.0463629820836433e-05
train 8209
vs, vt 0.31125935776667163 0.4278614155270837
2023-07-31 11:18:41,562 - epoch:1, training loss:2.4961 validation loss:0.3113
Updating learning rate to 2.8113748014145436e-05
Updating learning rate to 2.8113748014145436e-05
train 8209
vs, vt 0.2841982582414692 0.39409673620354047
2023-07-31 11:19:05,190 - epoch:2, training loss:3.0576 validation loss:0.2842
Updating learning rate to 5.219686165094539e-05
Updating learning rate to 5.219686165094539e-05
train 8209
vs, vt 0.2817774243991483 0.3452150405130603
2023-07-31 11:19:31,007 - epoch:3, training loss:2.3120 validation loss:0.2818
Updating learning rate to 7.622695691951079e-05
Updating learning rate to 7.622695691951079e-05
train 8209
vs, vt 0.28203921748155897 0.33718332986940036
2023-07-31 11:19:55,297 - epoch:4, training loss:2.2605 validation loss:0.2820
Updating learning rate to 9.373229880419829e-05
Updating learning rate to 9.373229880419829e-05
train 8209
vs, vt 0.28732268241318787 0.320399113338102
2023-07-31 11:20:21,325 - epoch:5, training loss:2.0867 validation loss:0.2873
Updating learning rate to 9.999989541836333e-05
Updating learning rate to 9.999989541836333e-05
train 8209
vs, vt 0.2943703606724739 0.3104566503316164
2023-07-31 11:20:46,648 - epoch:6, training loss:1.5193 validation loss:0.2944
Updating learning rate to 9.955879284407972e-05
Updating learning rate to 9.955879284407972e-05
train 8209
vs, vt 0.3073519603772597 0.31332101655954664
2023-07-31 11:21:11,684 - epoch:7, training loss:1.4216 validation loss:0.3074
Updating learning rate to 9.826972900599613e-05
Updating learning rate to 9.826972900599613e-05
check exp/ECL-PatchTST2023-07-31-11:17:58.640753/0/0.2818_epoch_3.pkl  &  0.3104566503316164
2023-07-31 11:21:13,414 - [*] loss:0.2818
2023-07-31 11:21:13,417 - [*] phase 0, testing
2023-07-31 11:21:13,485 - T:96	MAE	0.342173	RMSE	0.281617	MAPE	137.448001
2023-07-31 11:21:13,486 - 96	mae	0.3422	
2023-07-31 11:21:13,487 - 96	rmse	0.2816	
2023-07-31 11:21:13,487 - 96	mape	137.4480	
2023-07-31 11:21:15,419 - [*] loss:0.3105
2023-07-31 11:21:15,422 - [*] phase 0, testing
2023-07-31 11:21:15,599 - T:96	MAE	0.358835	RMSE	0.309164	MAPE	134.123170
2023-07-31 11:21:15,601 - 96	mae	0.3588	
2023-07-31 11:21:15,601 - 96	rmse	0.3092	
2023-07-31 11:21:15,601 - 96	mape	134.1232	
