2023-07-31 10:38:46,998 - logger name:exp/ECL-PatchTST2023-07-31-10:38:46.998096/ECL-PatchTST.log
2023-07-31 10:38:46,998 - params : {'conf': 'ECL-PatchTST', 'data_name': 'ETTh2', 'iteration': 1, 'load': True, 'build_graph': False, 'same_init': True, 'grad_norm': False, 'refiner_no_residual': False, 'root_path': '', 'exp_path': 'exp/', 'val_test_mix': False, 'pred_len': 96, 'noise_rate': 0.5, 'device': device(type='cuda', index=0), 'test_model_path': '/Disk/fhyega/code/BASE/exp/ECL-PatchTST2023-07-23-21:59:42.618606/0/0.0379_epoch_25.pkl', 'idx': -1, 'aligner': 0, 'always_align': 1, 'refiner': 1, 'refiner_block_num': 2, 'enhance': 1, 'enhance_type': 0, 'seed': 42033, 'batch_size': 128, 'jitter_sigma': 0.1, '/* model related args*/': '//', 'model_name': 'PatchTST', 'seq_len': 336, 'label_len': 48, 'features': 'M', 'target': 'OT', 'graph_input': False, 'individual': False, 'e_layers': 3, 'd_layers': 1, 'factor': 1, 'n_heads': 16, 'd_model': 128, 'd_ff': 256, 'dropout': 0.2, 'fc_dropout': 0.2, 'head_dropout': 0.0, 'patch_len': 16, 'stride': 8, 'des': 'Exp', 'padding_patch': 'end', 'revin': 1, 'affine': 0, 'subtract_last': 0, 'decomposition': 0, 'kernel_size': 25, 'output_attention': 0, 'embed_type': 0, 'activation': 'gelu', 'lradj': 'TST', 'distil': 1, 'linear_output': 1, 'pct_start': 0.2, '/*train related args*/': '//', 'train': True, 'epoch': 30, 'lr': 0.0001, 'loss': 'mse', '/*dataset related args*/': '//', 'save_data_path': 'data/ECL/', 'data_process': True, 'embed': 'timeF', 'freq': 'h', 'begin_phase': 0, 'end_phase': 1, 'phase_len': 26304, 'val_ratio': 0.33, 'graph_size': 321, '/*strategy related args*/': '//', 'strategy': 'incremental', 'increase': False, 'detect': False, 'detect_strategy': 'feature', 'replay': False, 'replay_strategy': 'random', 'repaly_num_samples': 100, 'ewc': False, 'ewc_strategy': 'ewc', 'ewc_lambda': 0.0001, 'subgraph_train': False, 'num_hops': 2, 'logname': 'ECL-PatchTST', 'time': '2023-07-31-10:38:46.998096', 'path': 'exp/ECL-PatchTST2023-07-31-10:38:46.998096', 'num_workers': 4, 'start_train': 0, 'train_mode': 'pretrain', 'get_score': False, 'use_cm': True, 'logger': <Logger __main__ (INFO)>}
2023-07-31 10:38:46,998 - [*] phase 0 start training
0 26304
train 8209
val 2785
test 2785
2023-07-31 10:38:47,187 - [*] phase 0 Dataset load!
2023-07-31 10:38:48,054 - [*] phase 0 Training start
train 8209
2023-07-31 10:39:02,567 - epoch:0, training loss:0.6429 validation loss:0.3746
train 8209
vs, vt 0.37463505125858565 0.37903820418498735
Updating learning rate to 1.0463629820836433e-05
Updating learning rate to 1.0463629820836433e-05
train 8209
vs, vt 0.3099283515052362 0.49215235256335954
2023-07-31 10:39:36,582 - epoch:1, training loss:2.0350 validation loss:0.3099
Updating learning rate to 2.8113748014145436e-05
Updating learning rate to 2.8113748014145436e-05
train 8209
vs, vt 0.2886476736854423 0.4288135336881334
2023-07-31 10:40:04,214 - epoch:2, training loss:2.3537 validation loss:0.2886
Updating learning rate to 5.219686165094539e-05
Updating learning rate to 5.219686165094539e-05
train 8209
vs, vt 0.28524390658871696 0.40279000015421346
2023-07-31 10:40:35,487 - epoch:3, training loss:2.1404 validation loss:0.2852
Updating learning rate to 7.622695691951079e-05
Updating learning rate to 7.622695691951079e-05
train 8209
vs, vt 0.280397352847186 0.37506816451522434
2023-07-31 10:41:03,221 - epoch:4, training loss:6.7785 validation loss:0.2804
Updating learning rate to 9.373229880419829e-05
Updating learning rate to 9.373229880419829e-05
train 8209
vs, vt 0.2843287124891173 0.3570221435617317
2023-07-31 10:41:31,585 - epoch:5, training loss:14.2615 validation loss:0.2843
Updating learning rate to 9.999989541836333e-05
Updating learning rate to 9.999989541836333e-05
train 8209
vs, vt 0.29404643635180866 0.3554066177457571
2023-07-31 10:42:09,539 - epoch:6, training loss:11.9612 validation loss:0.2940
Updating learning rate to 9.955879284407972e-05
Updating learning rate to 9.955879284407972e-05
train 8209
vs, vt 0.3019637663594701 0.3506961947476322
2023-07-31 10:42:36,837 - epoch:7, training loss:8.8591 validation loss:0.3020
Updating learning rate to 9.826972900599613e-05
Updating learning rate to 9.826972900599613e-05
check exp/ECL-PatchTST2023-07-31-10:38:46.998096/0/0.2804_epoch_4.pkl  &  0.3506961947476322
2023-07-31 10:42:39,177 - [*] loss:0.2804
2023-07-31 10:42:39,180 - [*] phase 0, testing
2023-07-31 10:42:39,217 - T:96	MAE	0.341191	RMSE	0.280500	MAPE	137.568009
2023-07-31 10:42:39,218 - 96	mae	0.3412	
2023-07-31 10:42:39,218 - 96	rmse	0.2805	
2023-07-31 10:42:39,218 - 96	mape	137.5680	
2023-07-31 10:42:40,937 - [*] loss:0.3507
2023-07-31 10:42:40,940 - [*] phase 0, testing
2023-07-31 10:42:40,976 - T:96	MAE	0.385072	RMSE	0.347619	MAPE	139.542973
2023-07-31 10:42:40,977 - 96	mae	0.3851	
2023-07-31 10:42:40,977 - 96	rmse	0.3476	
2023-07-31 10:42:40,977 - 96	mape	139.5430	
