2023-07-31 10:53:52,021 - logger name:exp/ECL-PatchTST2023-07-31-10:53:52.021377/ECL-PatchTST.log
2023-07-31 10:53:52,021 - params : {'conf': 'ECL-PatchTST', 'data_name': 'ETTh2', 'iteration': 1, 'load': True, 'build_graph': False, 'same_init': True, 'grad_norm': False, 'refiner_no_residual': False, 'root_path': '', 'exp_path': 'exp/', 'val_test_mix': False, 'pred_len': 96, 'noise_rate': 0.5, 'device': device(type='cuda', index=0), 'test_model_path': '/Disk/fhyega/code/BASE/exp/ECL-PatchTST2023-07-23-21:59:42.618606/0/0.0379_epoch_25.pkl', 'idx': -1, 'aligner': 0, 'always_align': 1, 'refiner': 1, 'refiner_block_num': 1, 'enhance': 1, 'enhance_type': 0, 'seed': 42033, 'batch_size': 128, 'jitter_sigma': 0.1, '/* model related args*/': '//', 'model_name': 'PatchTST', 'seq_len': 336, 'label_len': 48, 'features': 'M', 'target': 'OT', 'graph_input': False, 'individual': False, 'e_layers': 3, 'd_layers': 1, 'factor': 1, 'n_heads': 16, 'd_model': 128, 'd_ff': 256, 'dropout': 0.2, 'fc_dropout': 0.2, 'head_dropout': 0.0, 'patch_len': 16, 'stride': 8, 'des': 'Exp', 'padding_patch': 'end', 'revin': 1, 'affine': 0, 'subtract_last': 0, 'decomposition': 0, 'kernel_size': 25, 'output_attention': 0, 'embed_type': 0, 'activation': 'gelu', 'lradj': 'TST', 'distil': 1, 'linear_output': 1, 'pct_start': 0.2, '/*train related args*/': '//', 'train': True, 'epoch': 30, 'lr': 0.0001, 'loss': 'mse', '/*dataset related args*/': '//', 'save_data_path': 'data/ECL/', 'data_process': True, 'embed': 'timeF', 'freq': 'h', 'begin_phase': 0, 'end_phase': 1, 'phase_len': 26304, 'val_ratio': 0.33, 'graph_size': 321, '/*strategy related args*/': '//', 'strategy': 'incremental', 'increase': False, 'detect': False, 'detect_strategy': 'feature', 'replay': False, 'replay_strategy': 'random', 'repaly_num_samples': 100, 'ewc': False, 'ewc_strategy': 'ewc', 'ewc_lambda': 0.0001, 'subgraph_train': False, 'num_hops': 2, 'logname': 'ECL-PatchTST', 'time': '2023-07-31-10:53:52.021377', 'path': 'exp/ECL-PatchTST2023-07-31-10:53:52.021377', 'num_workers': 4, 'start_train': 0, 'train_mode': 'pretrain', 'get_score': False, 'use_cm': True, 'logger': <Logger __main__ (INFO)>}
2023-07-31 10:53:52,022 - [*] phase 0 start training
0 26304
train 8209
val 2785
test 2785
2023-07-31 10:53:52,212 - [*] phase 0 Dataset load!
2023-07-31 10:53:53,071 - [*] phase 0 Training start
train 8209
2023-07-31 10:54:05,336 - epoch:0, training loss:0.6349 validation loss:0.3724
train 8209
vs, vt 0.37235622853040695 0.3777397738938982
Updating learning rate to 1.0463629820836433e-05
Updating learning rate to 1.0463629820836433e-05
train 8209
vs, vt 0.311217823150483 0.41440085897391493
2023-07-31 10:54:36,239 - epoch:1, training loss:2.5750 validation loss:0.3112
Updating learning rate to 2.8113748014145436e-05
Updating learning rate to 2.8113748014145436e-05
train 8209
vs, vt 0.28425949591804633 0.40637660737742076
2023-07-31 10:55:00,379 - epoch:2, training loss:3.0464 validation loss:0.2843
Updating learning rate to 5.219686165094539e-05
Updating learning rate to 5.219686165094539e-05
train 8209
vs, vt 0.2819188267669894 0.375460030680353
2023-07-31 10:55:24,653 - epoch:3, training loss:2.6145 validation loss:0.2819
Updating learning rate to 7.622695691951079e-05
Updating learning rate to 7.622695691951079e-05
train 8209
vs, vt 0.2826603012667461 0.35897002098235214
2023-07-31 10:55:51,100 - epoch:4, training loss:3.2904 validation loss:0.2827
Updating learning rate to 9.373229880419829e-05
Updating learning rate to 9.373229880419829e-05
train 8209
vs, vt 0.2885506046427922 0.3500012242319909
2023-07-31 10:56:17,996 - epoch:5, training loss:3.6630 validation loss:0.2886
Updating learning rate to 9.999989541836333e-05
Updating learning rate to 9.999989541836333e-05
train 8209
vs, vt 0.29480267739431426 0.34328828514976933
2023-07-31 10:56:43,954 - epoch:6, training loss:2.9854 validation loss:0.2948
Updating learning rate to 9.955879284407972e-05
Updating learning rate to 9.955879284407972e-05
train 8209
vs, vt 0.3083019232885404 0.3424532472748648
2023-07-31 10:57:08,737 - epoch:7, training loss:2.8322 validation loss:0.3083
Updating learning rate to 9.826972900599613e-05
Updating learning rate to 9.826972900599613e-05
check exp/ECL-PatchTST2023-07-31-10:53:52.021377/0/0.2819_epoch_3.pkl  &  0.3424532472748648
2023-07-31 10:57:10,659 - [*] loss:0.2819
2023-07-31 10:57:10,662 - [*] phase 0, testing
2023-07-31 10:57:10,702 - T:96	MAE	0.342251	RMSE	0.281749	MAPE	137.191105
2023-07-31 10:57:10,703 - 96	mae	0.3423	
2023-07-31 10:57:10,703 - 96	rmse	0.2817	
2023-07-31 10:57:10,703 - 96	mape	137.1911	
2023-07-31 10:57:12,793 - [*] loss:0.3425
2023-07-31 10:57:12,796 - [*] phase 0, testing
2023-07-31 10:57:12,834 - T:96	MAE	0.378848	RMSE	0.339922	MAPE	137.622333
2023-07-31 10:57:12,835 - 96	mae	0.3788	
2023-07-31 10:57:12,835 - 96	rmse	0.3399	
2023-07-31 10:57:12,835 - 96	mape	137.6223	
