2023-07-31 14:29:01,593 - logger name:exp/ECL-PatchTST2023-07-31-14:29:01.593570/ECL-PatchTST.log
2023-07-31 14:29:01,593 - params : {'conf': 'ECL-PatchTST', 'data_name': 'ETTh2', 'iteration': 1, 'load': True, 'build_graph': False, 'same_init': True, 'grad_norm': False, 'refiner_no_residual': False, 'root_path': '', 'exp_path': 'exp/', 'val_test_mix': False, 'pred_len': 96, 'noise_rate': 0.5, 'device': device(type='cuda', index=0), 'test_model_path': '/Disk/fhyega/code/BASE/exp/ECL-PatchTST2023-07-23-21:59:42.618606/0/0.0379_epoch_25.pkl', 'idx': -1, 'aligner': 0, 'always_align': 1, 'refiner': 1, 'refiner_block_num': 1, 'enhance': 1, 'enhance_type': 0, 'seed': 42033, 'batch_size': 128, 'jitter_sigma': 0.1, '/* model related args*/': '//', 'model_name': 'PatchTST', 'seq_len': 336, 'label_len': 48, 'features': 'M', 'target': 'OT', 'graph_input': False, 'individual': False, 'e_layers': 3, 'd_layers': 1, 'factor': 1, 'n_heads': 16, 'd_model': 128, 'd_ff': 256, 'dropout': 0.2, 'fc_dropout': 0.2, 'head_dropout': 0.0, 'patch_len': 16, 'stride': 8, 'des': 'Exp', 'padding_patch': 'end', 'revin': 1, 'affine': 0, 'subtract_last': 0, 'decomposition': 0, 'kernel_size': 25, 'output_attention': 0, 'embed_type': 0, 'activation': 'gelu', 'lradj': 'TST', 'distil': 1, 'linear_output': 1, 'pct_start': 0.2, '/*train related args*/': '//', 'train': True, 'epoch': 30, 'lr': 0.0001, 'loss': 'mse', '/*dataset related args*/': '//', 'save_data_path': 'data/ECL/', 'data_process': True, 'embed': 'timeF', 'freq': 'h', 'begin_phase': 0, 'end_phase': 1, 'phase_len': 26304, 'val_ratio': 0.33, 'graph_size': 321, '/*strategy related args*/': '//', 'strategy': 'incremental', 'increase': False, 'detect': False, 'detect_strategy': 'feature', 'replay': False, 'replay_strategy': 'random', 'repaly_num_samples': 100, 'ewc': False, 'ewc_strategy': 'ewc', 'ewc_lambda': 0.0001, 'subgraph_train': False, 'num_hops': 2, 'logname': 'ECL-PatchTST', 'time': '2023-07-31-14:29:01.593570', 'path': 'exp/ECL-PatchTST2023-07-31-14:29:01.593570', 'num_workers': 4, 'start_train': 0, 'train_mode': 'pretrain', 'get_score': False, 'use_cm': True, 'logger': <Logger __main__ (INFO)>}
2023-07-31 14:29:01,594 - [*] phase 0 start training
0 26304
train 8209
val 2785
test 2785
2023-07-31 14:29:01,780 - [*] phase 0 Dataset load!
2023-07-31 14:29:02,599 - [*] phase 0 Training start
train 8209
2023-07-31 14:29:15,115 - epoch:0, training loss:0.6349 validation loss:0.3724
train 8209
vs, vt 0.37235622853040695 0.3777397738938982
Updating learning rate to 1.0463629820836433e-05
Updating learning rate to 1.0463629820836433e-05
train 8209
vs, vt 0.32183485850691795 0.32594927095554094
2023-07-31 14:29:50,612 - epoch:1, training loss:5.8748 validation loss:0.3218
Updating learning rate to 2.8113748014145436e-05
Updating learning rate to 2.8113748014145436e-05
train 8209
vs, vt 0.2983643903651021 0.29468864100900566
2023-07-31 14:30:19,123 - epoch:2, training loss:4.6746 validation loss:0.2984
Updating learning rate to 5.219686165094539e-05
Updating learning rate to 5.219686165094539e-05
train 8209
vs, vt 0.2894108674742959 0.27949357811700215
2023-07-31 14:30:48,539 - epoch:3, training loss:3.6797 validation loss:0.2894
Updating learning rate to 7.622695691951079e-05
Updating learning rate to 7.622695691951079e-05
train 8209
vs, vt 0.28326793370599096 0.2752396071499044
2023-07-31 14:31:18,103 - epoch:4, training loss:3.0953 validation loss:0.2833
Updating learning rate to 9.373229880419829e-05
Updating learning rate to 9.373229880419829e-05
train 8209
vs, vt 0.2808923555368727 0.27466288124295796
2023-07-31 14:31:49,755 - epoch:5, training loss:2.8560 validation loss:0.2809
Updating learning rate to 9.999989541836333e-05
Updating learning rate to 9.999989541836333e-05
train 8209
vs, vt 0.28604504076594656 0.27274972437457606
2023-07-31 14:32:19,374 - epoch:6, training loss:2.7437 validation loss:0.2860
Updating learning rate to 9.955879284407972e-05
Updating learning rate to 9.955879284407972e-05
train 8209
vs, vt 0.2865363816646012 0.27364881946281955
2023-07-31 14:32:49,135 - epoch:7, training loss:2.6688 validation loss:0.2865
Updating learning rate to 9.826972900599613e-05
Updating learning rate to 9.826972900599613e-05
train 8209
vs, vt 0.29024687951261346 0.27356174537404016
2023-07-31 14:33:18,566 - epoch:8, training loss:2.5804 validation loss:0.2902
Updating learning rate to 9.615476014377818e-05
Updating learning rate to 9.615476014377818e-05
train 8209
vs, vt 0.29425542886284267 0.27672423845665023
2023-07-31 14:33:47,621 - epoch:9, training loss:2.5077 validation loss:0.2943
Updating learning rate to 9.325007396103859e-05
Updating learning rate to 9.325007396103859e-05
train 8209
vs, vt 0.3017741683870554 0.27756123278628697
2023-07-31 14:34:16,702 - epoch:10, training loss:2.4577 validation loss:0.3018
Updating learning rate to 8.960537044369518e-05
Updating learning rate to 8.960537044369518e-05
train 8209
vs, vt 0.3097796585749496 0.28232125260613183
2023-07-31 14:34:46,670 - epoch:11, training loss:2.4188 validation loss:0.3098
Updating learning rate to 8.528301147943237e-05
Updating learning rate to 8.528301147943237e-05
train 8209
vs, vt 0.30862753584303637 0.28265502202239906
2023-07-31 14:35:15,441 - epoch:12, training loss:2.3927 validation loss:0.3086
Updating learning rate to 8.035695382851308e-05
Updating learning rate to 8.035695382851308e-05
train 8209
vs, vt 0.31510500965470617 0.28092085468498146
2023-07-31 14:35:44,730 - epoch:13, training loss:2.3686 validation loss:0.3151
Updating learning rate to 7.49114837031057e-05
Updating learning rate to 7.49114837031057e-05
train 8209
vs, vt 0.31004705517129466 0.28795467249371787
2023-07-31 14:36:14,785 - epoch:14, training loss:2.3339 validation loss:0.3100
Updating learning rate to 6.90397746068255e-05
Updating learning rate to 6.90397746068255e-05
train 8209
vs, vt 0.32666316120461986 0.2802114767784422
2023-07-31 14:36:45,638 - epoch:15, training loss:2.3285 validation loss:0.3267
Updating learning rate to 6.284229311025519e-05
Updating learning rate to 6.284229311025519e-05
train 8209
vs, vt 0.32047466053204104 0.2864152386107228
2023-07-31 14:37:14,249 - epoch:16, training loss:2.2963 validation loss:0.3205
Updating learning rate to 5.642507984006751e-05
Updating learning rate to 5.642507984006751e-05
train 8209
vs, vt 0.3232880128039555 0.28903381645002146
2023-07-31 14:37:43,702 - epoch:17, training loss:2.2840 validation loss:0.3233
Updating learning rate to 4.989793509450307e-05
Updating learning rate to 4.989793509450307e-05
train 8209
vs, vt 0.33092418939552526 0.28718617812476377
2023-07-31 14:38:12,966 - epoch:18, training loss:2.2746 validation loss:0.3309
Updating learning rate to 4.337254012982485e-05
Updating learning rate to 4.337254012982485e-05
train 8209
vs, vt 0.3258323466235941 0.29141015661033715
2023-07-31 14:38:42,330 - epoch:19, training loss:2.2645 validation loss:0.3258
Updating learning rate to 3.696054626305981e-05
Updating learning rate to 3.696054626305981e-05
train 8209
vs, vt 0.3320984772660516 0.28954243270510976
2023-07-31 14:39:11,683 - epoch:20, training loss:2.2564 validation loss:0.3321
Updating learning rate to 3.0771664487008854e-05
Updating learning rate to 3.0771664487008854e-05
train 8209
vs, vt 0.32551728205924685 0.2892351128499616
2023-07-31 14:39:41,370 - epoch:21, training loss:2.2475 validation loss:0.3255
Updating learning rate to 2.491178828474237e-05
Updating learning rate to 2.491178828474237e-05
train 8209
