2023-07-31 17:09:06,289 - logger name:exp/ECL-PatchTST2023-07-31-17:09:06.289610/ECL-PatchTST.log
2023-07-31 17:09:06,290 - params : {'conf': 'ECL-PatchTST', 'data_name': 'ETTh2', 'iteration': 1, 'load': True, 'build_graph': False, 'same_init': True, 'grad_norm': False, 'refiner_no_residual': False, 'root_path': '', 'exp_path': 'exp/', 'val_test_mix': False, 'pred_len': 96, 'noise_rate': 0.5, 'device': device(type='cuda', index=0), 'test_model_path': '/Disk/fhyega/code/BASE/exp/ECL-PatchTST2023-07-23-21:59:42.618606/0/0.0379_epoch_25.pkl', 'idx': -1, 'aligner': 0, 'always_align': 1, 'refiner': 1, 'refiner_block_num': 1, 'enhance': 1, 'enhance_type': 0, 'seed': 42033, 'batch_size': 128, 'jitter_sigma': 0.1, '/* model related args*/': '//', 'model_name': 'PatchTST', 'seq_len': 336, 'label_len': 48, 'features': 'M', 'target': 'OT', 'graph_input': False, 'individual': False, 'e_layers': 3, 'd_layers': 1, 'factor': 1, 'n_heads': 16, 'd_model': 128, 'd_ff': 256, 'dropout': 0.2, 'fc_dropout': 0.2, 'head_dropout': 0.0, 'patch_len': 16, 'stride': 8, 'des': 'Exp', 'padding_patch': 'end', 'revin': 1, 'affine': 0, 'subtract_last': 0, 'decomposition': 0, 'kernel_size': 25, 'output_attention': 0, 'embed_type': 0, 'activation': 'gelu', 'lradj': 'TST', 'distil': 1, 'linear_output': 1, 'pct_start': 0.2, '/*train related args*/': '//', 'train': True, 'epoch': 30, 'lr': 0.0001, 'loss': 'mse', '/*dataset related args*/': '//', 'save_data_path': 'data/ECL/', 'data_process': True, 'embed': 'timeF', 'freq': 'h', 'begin_phase': 0, 'end_phase': 1, 'phase_len': 26304, 'val_ratio': 0.33, 'graph_size': 321, '/*strategy related args*/': '//', 'strategy': 'incremental', 'increase': False, 'detect': False, 'detect_strategy': 'feature', 'replay': False, 'replay_strategy': 'random', 'repaly_num_samples': 100, 'ewc': False, 'ewc_strategy': 'ewc', 'ewc_lambda': 0.0001, 'subgraph_train': False, 'num_hops': 2, 'logname': 'ECL-PatchTST', 'time': '2023-07-31-17:09:06.289610', 'path': 'exp/ECL-PatchTST2023-07-31-17:09:06.289610', 'num_workers': 4, 'start_train': 0, 'train_mode': 'pretrain', 'get_score': False, 'use_cm': True, 'logger': <Logger __main__ (INFO)>}
2023-07-31 17:09:06,290 - [*] phase 0 start training
0 26304
train 8209
val 2785
test 2785
2023-07-31 17:09:06,485 - [*] phase 0 Dataset load!
2023-07-31 17:09:07,336 - [*] phase 0 Training start
train 8209
2023-07-31 17:09:19,839 - epoch:0, training loss:0.5799 validation loss:0.3616
train 8209
vs, vt 0.36159378764304245 0.3780159997669133
Updating learning rate to 1.0463629820836433e-05
Updating learning rate to 1.0463629820836433e-05
train 8209
vs, vt 0.30544559589841147 0.34344074908982625
2023-07-31 17:09:50,517 - epoch:1, training loss:1.5730 validation loss:0.3054
Updating learning rate to 2.8113748014145436e-05
Updating learning rate to 2.8113748014145436e-05
train 8209
vs, vt 0.284641326659105 0.3084535014561631
2023-07-31 17:10:13,555 - epoch:2, training loss:1.4217 validation loss:0.2846
Updating learning rate to 5.219686165094539e-05
Updating learning rate to 5.219686165094539e-05
train 8209
vs, vt 0.28054484200071206 0.2977034519003196
2023-07-31 17:10:36,494 - epoch:3, training loss:1.3157 validation loss:0.2805
Updating learning rate to 7.622695691951079e-05
Updating learning rate to 7.622695691951079e-05
train 8209
vs, vt 0.2884767438200387 0.2948985838077285
2023-07-31 17:11:00,520 - epoch:4, training loss:1.2301 validation loss:0.2885
Updating learning rate to 9.373229880419829e-05
Updating learning rate to 9.373229880419829e-05
train 8209
vs, vt 0.29885383847762237 0.30095779489387164
2023-07-31 17:11:23,829 - epoch:5, training loss:1.1744 validation loss:0.2989
Updating learning rate to 9.999989541836333e-05
Updating learning rate to 9.999989541836333e-05
train 8209
vs, vt 0.30549909242174844 0.29402850585227663
2023-07-31 17:11:47,240 - epoch:6, training loss:1.1305 validation loss:0.3055
Updating learning rate to 9.955879284407972e-05
Updating learning rate to 9.955879284407972e-05
train 8209
vs, vt 0.32686658203601837 0.3103426994586533
2023-07-31 17:12:10,058 - epoch:7, training loss:1.0594 validation loss:0.3269
Updating learning rate to 9.826972900599613e-05
Updating learning rate to 9.826972900599613e-05
train 8209
vs, vt 0.3263664218512448 0.3205247690731829
2023-07-31 17:12:33,004 - epoch:8, training loss:0.9946 validation loss:0.3264
Updating learning rate to 9.615476014377818e-05
Updating learning rate to 9.615476014377818e-05
train 8209
vs, vt 0.33493759246035054 0.30359627374193887
2023-07-31 17:12:55,794 - epoch:9, training loss:0.9807 validation loss:0.3349
Updating learning rate to 9.325007396103859e-05
Updating learning rate to 9.325007396103859e-05
train 8209
