2023-07-31 16:48:11,279 - logger name:exp/ECL-PatchTST2023-07-31-16:48:11.279226/ECL-PatchTST.log
2023-07-31 16:48:11,279 - params : {'conf': 'ECL-PatchTST', 'data_name': 'ETTh2', 'iteration': 1, 'load': True, 'build_graph': False, 'same_init': True, 'grad_norm': False, 'refiner_no_residual': False, 'root_path': '', 'exp_path': 'exp/', 'val_test_mix': False, 'pred_len': 96, 'noise_rate': 0.5, 'device': device(type='cuda', index=0), 'test_model_path': '/Disk/fhyega/code/BASE/exp/ECL-PatchTST2023-07-23-21:59:42.618606/0/0.0379_epoch_25.pkl', 'idx': -1, 'aligner': 0, 'always_align': 1, 'refiner': 1, 'refiner_block_num': 1, 'enhance': 1, 'enhance_type': 0, 'seed': 42033, 'batch_size': 128, 'jitter_sigma': 0.1, '/* model related args*/': '//', 'model_name': 'PatchTST', 'seq_len': 336, 'label_len': 48, 'features': 'M', 'target': 'OT', 'graph_input': False, 'individual': False, 'e_layers': 3, 'd_layers': 1, 'factor': 1, 'n_heads': 16, 'd_model': 128, 'd_ff': 256, 'dropout': 0.2, 'fc_dropout': 0.2, 'head_dropout': 0.0, 'patch_len': 16, 'stride': 8, 'des': 'Exp', 'padding_patch': 'end', 'revin': 1, 'affine': 0, 'subtract_last': 0, 'decomposition': 0, 'kernel_size': 25, 'output_attention': 0, 'embed_type': 0, 'activation': 'gelu', 'lradj': 'TST', 'distil': 1, 'linear_output': 1, 'pct_start': 0.2, '/*train related args*/': '//', 'train': True, 'epoch': 30, 'lr': 0.0001, 'loss': 'mse', '/*dataset related args*/': '//', 'save_data_path': 'data/ECL/', 'data_process': True, 'embed': 'timeF', 'freq': 'h', 'begin_phase': 0, 'end_phase': 1, 'phase_len': 26304, 'val_ratio': 0.33, 'graph_size': 321, '/*strategy related args*/': '//', 'strategy': 'incremental', 'increase': False, 'detect': False, 'detect_strategy': 'feature', 'replay': False, 'replay_strategy': 'random', 'repaly_num_samples': 100, 'ewc': False, 'ewc_strategy': 'ewc', 'ewc_lambda': 0.0001, 'subgraph_train': False, 'num_hops': 2, 'logname': 'ECL-PatchTST', 'time': '2023-07-31-16:48:11.279226', 'path': 'exp/ECL-PatchTST2023-07-31-16:48:11.279226', 'num_workers': 4, 'start_train': 0, 'train_mode': 'pretrain', 'get_score': False, 'use_cm': True, 'logger': <Logger __main__ (INFO)>}
2023-07-31 16:48:11,279 - [*] phase 0 start training
0 26304
train 8209
val 2785
test 2785
2023-07-31 16:48:11,469 - [*] phase 0 Dataset load!
2023-07-31 16:48:12,316 - [*] phase 0 Training start
train 8209
2023-07-31 16:48:23,497 - epoch:0, training loss:0.6263 validation loss:0.4105
train 8209
vs, vt 0.41049099815162743 0.3731505400077863
Updating learning rate to 1.0463629820836433e-05
Updating learning rate to 1.0463629820836433e-05
train 8209
vs, vt 0.3317055200988596 0.3390349146317352
2023-07-31 16:48:52,404 - epoch:1, training loss:1.6368 validation loss:0.3317
Updating learning rate to 2.8113748014145436e-05
Updating learning rate to 2.8113748014145436e-05
train 8209
vs, vt 0.2911755908280611 0.30168726396831597
2023-07-31 16:49:14,975 - epoch:2, training loss:1.4549 validation loss:0.2912
Updating learning rate to 5.219686165094539e-05
Updating learning rate to 5.219686165094539e-05
train 8209
vs, vt 0.28167762522670353 0.2822838207198815
2023-07-31 16:49:37,390 - epoch:3, training loss:1.3500 validation loss:0.2817
Updating learning rate to 7.622695691951079e-05
Updating learning rate to 7.622695691951079e-05
train 8209
vs, vt 0.28575788743116637 0.27974310381845996
2023-07-31 16:50:00,091 - epoch:4, training loss:1.2635 validation loss:0.2858
Updating learning rate to 9.373229880419829e-05
Updating learning rate to 9.373229880419829e-05
train 8209
vs, vt 0.28990291990339756 0.28038880974054337
2023-07-31 16:50:22,420 - epoch:5, training loss:1.2063 validation loss:0.2899
Updating learning rate to 9.999989541836333e-05
Updating learning rate to 9.999989541836333e-05
train 8209
vs, vt 0.299099372361194 0.27638783983208914
2023-07-31 16:50:45,058 - epoch:6, training loss:1.1721 validation loss:0.2991
Updating learning rate to 9.955879284407972e-05
Updating learning rate to 9.955879284407972e-05
train 8209
vs, vt 0.3132081627845764 0.278460449793122
2023-07-31 16:51:07,935 - epoch:7, training loss:1.0944 validation loss:0.3132
Updating learning rate to 9.826972900599613e-05
Updating learning rate to 9.826972900599613e-05
train 8209
