2023-08-23 19:16:34,434 - logger name:exp/ECL-PatchTST2023-08-23-19:16:34.434291/ECL-PatchTST.log
2023-08-23 19:16:34,434 - params : {'loss': 'huber', 'conf': 'ECL-PatchTST', 'data_name': 'ETTh2', 'iteration': 1, 'train': 1, 'load': True, 'build_graph': False, 'same_init': True, 'grad_norm': False, 'refiner_residual': 0, 'root_path': '', 'exp_path': 'exp/', 'val_test_mix': False, 'pred_len': 96, 'noise_rate': 0.5, 'device': device(type='cuda', index=0), 'test_model_path': '/Disk/fhyega/code/BASE/exp/ECL-PatchTST2023-08-22-20:19:56.785959/0/best_model.pkl', 'idx': -1, 'aligner': 1, 'always_align': 1, 'refiner': 1, 'rec_block_num': 1, 'enhance': 1, 'enhance_type': 5, 'seed': 34, 'batch_size': 128, 'share_head': 0, 'add_noise': 1, 'jitter_sigma': 2.0, 'slope_rate': 0.01, 'slope_range': 0.5, 'alpha': 10.0, 'beta': 1.0, 'gamma': 0.15, 'feature_jittering': 1, 'rec_intra_feature': 0, 'rec_ori': 1, 'mid_dim': 128, 'test_en': 0, 'debugger': 0, 'omega': 1.0, 'theta': 1.1, 'mask_border': 1, 'sup_weight': 20.0, 'rec_length_ratio': 0.95, 'ref_dropout': 0.0, 'ref_block_num': 2, 'add_FFN': 0, 'add_residual': 0, 'rec_all': 1, '/* model related args*/': '//', 'model_name': 'PatchTST', 'seq_len': 336, 'label_len': 48, 'features': 'M', 'target': 'OT', 'graph_input': False, 'individual': False, 'e_layers': 3, 'd_layers': 1, 'factor': 1, 'n_heads': 16, 'd_model': 128, 'd_ff': 256, 'dropout': 0.2, 'fc_dropout': 0.2, 'head_dropout': 0.0, 'patch_len': 16, 'stride': 8, 'des': 'Exp', 'padding_patch': 'end', 'revin': 1, 'affine': 0, 'subtract_last': 0, 'decomposition': 0, 'kernel_size': 25, 'output_attention': 0, 'embed_type': 0, 'activation': 'gelu', 'lradj': 'TST', 'distil': 1, 'linear_output': 1, 'pct_start': 0.2, '/*train related args*/': '//', 'epoch': 30, 'lr': 0.0001, '/*dataset related args*/': '//', 'save_data_path': 'data/ECL/', 'data_process': True, 'embed': 'timeF', 'freq': 'h', 'begin_phase': 0, 'end_phase': 1, 'phase_len': 26304, 'val_ratio': 0.33, 'graph_size': 321, '/*strategy related args*/': '//', 'strategy': 'incremental', 'increase': False, 'detect': False, 'detect_strategy': 'feature', 'replay': False, 'replay_strategy': 'random', 'repaly_num_samples': 100, 'ewc': False, 'ewc_strategy': 'ewc', 'ewc_lambda': 0.0001, 'subgraph_train': False, 'num_hops': 2, 'logname': 'ECL-PatchTST', 'time': '2023-08-23-19:16:34.434291', 'path': 'exp/ECL-PatchTST2023-08-23-19:16:34.434291', 'num_workers': 4, 'start_train': 0, 'train_mode': 'pretrain', 'get_score': False, 'use_cm': True, 'logger': <Logger __main__ (INFO)>}
2023-08-23 19:16:34,434 - [*] phase 0 start training
0 26304
train 8209
val 2785
test 2785
2023-08-23 19:16:34,623 - [*] phase 0 Dataset load!
2023-08-23 19:16:35,563 - [*] phase 0 Training start
train 8209
2023-08-23 19:17:05,362 - epoch:0, training loss:0.2223 validation loss:0.1619
train 8209
vs, vt 0.1619003186510368 0.1647822740064426
Updating learning rate to 1.0463629820836433e-05
Updating learning rate to 1.0463629820836433e-05
train 8209
vs, vt 0.14802304706112904 0.14328568784350698
need align? ->  True 0.14328568784350698
2023-08-23 19:18:27,432 - epoch:1, training loss:4.9267 validation loss:0.1480
Updating learning rate to 2.8113748014145436e-05
Updating learning rate to 2.8113748014145436e-05
train 8209
vs, vt 0.1368818027390675 0.13191354579546236
need align? ->  True 0.13191354579546236
2023-08-23 19:19:37,913 - epoch:2, training loss:3.6612 validation loss:0.1369
Updating learning rate to 5.219686165094539e-05
Updating learning rate to 5.219686165094539e-05
train 8209
vs, vt 0.1308929336003282 0.12809223326092417
need align? ->  True 0.12809223326092417
2023-08-23 19:20:48,071 - epoch:3, training loss:2.7366 validation loss:0.1309
Updating learning rate to 7.622695691951079e-05
Updating learning rate to 7.622695691951079e-05
train 8209
vs, vt 0.13158168220384556 0.12437308147888292
need align? ->  True 0.12437308147888292
2023-08-23 19:22:00,611 - epoch:4, training loss:2.0582 validation loss:0.1316
Updating learning rate to 9.373229880419829e-05
Updating learning rate to 9.373229880419829e-05
train 8209
vs, vt 0.13040753775699573 0.12415958602320064
need align? ->  True 0.12415958602320064
2023-08-23 19:23:12,261 - epoch:5, training loss:1.7150 validation loss:0.1304
Updating learning rate to 9.999989541836333e-05
Updating learning rate to 9.999989541836333e-05
train 8209
vs, vt 0.12959036434238608 0.12345268111675978
need align? ->  True 0.12345268111675978
2023-08-23 19:24:22,194 - epoch:6, training loss:1.5801 validation loss:0.1296
Updating learning rate to 9.955879284407972e-05
Updating learning rate to 9.955879284407972e-05
train 8209
vs, vt 0.1297390324656259 0.1235854450443929
need align? ->  True 0.12345268111675978
2023-08-23 19:25:30,723 - epoch:7, training loss:1.5011 validation loss:0.1297
Updating learning rate to 9.826972900599613e-05
Updating learning rate to 9.826972900599613e-05
train 8209
vs, vt 0.12895650416612625 0.12327517653730782
need align? ->  True 0.12327517653730782
2023-08-23 19:26:41,028 - epoch:8, training loss:1.4657 validation loss:0.1290
Updating learning rate to 9.615476014377818e-05
Updating learning rate to 9.615476014377818e-05
train 8209
vs, vt 0.1316659405658191 0.12457265552471984
need align? ->  True 0.12327517653730782
2023-08-23 19:27:48,018 - epoch:9, training loss:1.4356 validation loss:0.1317
Updating learning rate to 9.325007396103859e-05
Updating learning rate to 9.325007396103859e-05
train 8209
vs, vt 0.1306311016563665 0.12431625759398396
need align? ->  True 0.12327517653730782
2023-08-23 19:28:55,134 - epoch:10, training loss:1.4081 validation loss:0.1306
Updating learning rate to 8.960537044369518e-05
Updating learning rate to 8.960537044369518e-05
train 8209
vs, vt 0.13021784504367548 0.12528117483651097
need align? ->  True 0.12327517653730782
2023-08-23 19:30:02,463 - epoch:11, training loss:1.3797 validation loss:0.1302
Updating learning rate to 8.528301147943237e-05
Updating learning rate to 8.528301147943237e-05
train 8209
vs, vt 0.1306265922771259 0.12541690993715415
need align? ->  True 0.12327517653730782
2023-08-23 19:31:11,082 - epoch:12, training loss:1.3614 validation loss:0.1306
Updating learning rate to 8.035695382851308e-05
Updating learning rate to 8.035695382851308e-05
train 8209
vs, vt 0.13088026363402605 0.12420214983549985
need align? ->  True 0.12327517653730782
2023-08-23 19:32:19,167 - epoch:13, training loss:1.3515 validation loss:0.1309
Updating learning rate to 7.49114837031057e-05
Updating learning rate to 7.49114837031057e-05
train 8209
vs, vt 0.13491660390387883 0.12495874850587411
need align? ->  True 0.12327517653730782
2023-08-23 19:33:28,174 - epoch:14, training loss:1.3331 validation loss:0.1349
Updating learning rate to 6.90397746068255e-05
Updating learning rate to 6.90397746068255e-05
train 8209
vs, vt 0.13117900033566085 0.1254500329325145
need align? ->  True 0.12327517653730782
2023-08-23 19:34:35,879 - epoch:15, training loss:1.3178 validation loss:0.1312
Updating learning rate to 6.284229311025519e-05
Updating learning rate to 6.284229311025519e-05
train 8209
vs, vt 0.13556219434196298 0.12470235049047253
need align? ->  True 0.12327517653730782
2023-08-23 19:35:43,226 - epoch:16, training loss:1.3059 validation loss:0.1356
Updating learning rate to 5.642507984006751e-05
Updating learning rate to 5.642507984006751e-05
train 8209
vs, vt 0.1340331883931702 0.12544857973063533
need align? ->  True 0.12327517653730782
2023-08-23 19:36:50,751 - epoch:17, training loss:1.2894 validation loss:0.1340
Updating learning rate to 4.989793509450307e-05
Updating learning rate to 4.989793509450307e-05
train 8209
vs, vt 0.13274527205662293 0.12608724984933029
need align? ->  True 0.12327517653730782
2023-08-23 19:37:57,673 - epoch:18, training loss:1.2864 validation loss:0.1327
Updating learning rate to 4.337254012982485e-05
Updating learning rate to 4.337254012982485e-05
train 8209
vs, vt 0.13197084761817346 0.12539332554760305
need align? ->  True 0.12327517653730782
2023-08-23 19:39:06,401 - epoch:19, training loss:1.2798 validation loss:0.1320
Updating learning rate to 3.696054626305981e-05
Updating learning rate to 3.696054626305981e-05
train 8209
vs, vt 0.133793673732064 0.12551085735586556
need align? ->  True 0.12327517653730782
2023-08-23 19:40:16,416 - epoch:20, training loss:1.2655 validation loss:0.1338
Updating learning rate to 3.0771664487008854e-05
Updating learning rate to 3.0771664487008854e-05
train 8209
vs, vt 0.13249935472214763 0.12549867819656024
need align? ->  True 0.12327517653730782
2023-08-23 19:41:26,224 - epoch:21, training loss:1.2694 validation loss:0.1325
Updating learning rate to 2.491178828474237e-05
Updating learning rate to 2.491178828474237e-05
train 8209
vs, vt 0.1333964183418588 0.12566302699798887
need align? ->  True 0.12327517653730782
2023-08-23 19:42:37,871 - epoch:22, training loss:1.2669 validation loss:0.1334
Updating learning rate to 1.9481181762745777e-05
Updating learning rate to 1.9481181762745777e-05
train 8209
vs, vt 0.13503297553821045 0.1257340151139281
need align? ->  True 0.12327517653730782
2023-08-23 19:43:49,441 - epoch:23, training loss:1.2584 validation loss:0.1350
Updating learning rate to 1.4572764104259043e-05
Updating learning rate to 1.4572764104259043e-05
train 8209
vs, vt 0.1321261106905612 0.12562743845311078
need align? ->  True 0.12327517653730782
2023-08-23 19:44:59,014 - epoch:24, training loss:1.2543 validation loss:0.1321
Updating learning rate to 1.0270519696289322e-05
Updating learning rate to 1.0270519696289322e-05
train 8209
vs, vt 0.1343028364195065 0.12542234953831544
need align? ->  True 0.12327517653730782
2023-08-23 19:46:07,715 - epoch:25, training loss:1.2503 validation loss:0.1343
Updating learning rate to 6.648061133464466e-06
Updating learning rate to 6.648061133464466e-06
train 8209
vs, vt 0.13428198173642159 0.12560200750489126
need align? ->  True 0.12327517653730782
2023-08-23 19:47:15,459 - epoch:26, training loss:1.2517 validation loss:0.1343
Updating learning rate to 3.7673696861296922e-06
Updating learning rate to 3.7673696861296922e-06
train 8209
vs, vt 0.13366341777145863 0.12556395366449247
need align? ->  True 0.12327517653730782
2023-08-23 19:48:24,877 - epoch:27, training loss:1.2522 validation loss:0.1337
Updating learning rate to 1.6777347836274343e-06
Updating learning rate to 1.6777347836274343e-06
train 8209
vs, vt 0.13403908722102642 0.12550303433090448
need align? ->  True 0.12327517653730782
2023-08-23 19:49:33,394 - epoch:28, training loss:1.2495 validation loss:0.1340
Updating learning rate to 4.1491065849575754e-07
Updating learning rate to 4.1491065849575754e-07
train 8209
vs, vt 0.1339034495705908 0.12547030359167943
need align? ->  True 0.12327517653730782
2023-08-23 19:50:39,473 - epoch:29, training loss:1.2486 validation loss:0.1339
Updating learning rate to 5.045816366600914e-10
Updating learning rate to 5.045816366600914e-10
check exp/ECL-PatchTST2023-08-23-19:16:34.434291/0/0.129_epoch_8.pkl  &  0.12327517653730782
2023-08-23 19:50:46,728 - [*] loss:0.2858
2023-08-23 19:50:46,731 - [*] phase 0, testing
2023-08-23 19:50:46,781 - T:96	MAE	0.343792	RMSE	0.285463	MAPE	133.324301
2023-08-23 19:50:46,782 - 96	mae	0.3438	
2023-08-23 19:50:46,782 - 96	rmse	0.2855	
2023-08-23 19:50:46,782 - 96	mape	133.3243	
2023-08-23 19:50:50,833 - [*] loss:0.2779
2023-08-23 19:50:50,837 - [*] phase 0, testing
2023-08-23 19:50:50,880 - T:96	MAE	0.335233	RMSE	0.277936	MAPE	133.640075
2023-08-23 19:50:55,963 - [*] loss:0.2741
2023-08-23 19:50:55,967 - [*] phase 0, testing
2023-08-23 19:50:56,012 - T:96	MAE	0.332586	RMSE	0.274039	MAPE	131.910896
2023-08-23 19:50:56,013 - 96	mae	0.3326	
2023-08-23 19:50:56,013 - 96	rmse	0.2740	
2023-08-23 19:50:56,013 - 96	mape	131.9109	
