2023-08-25 22:26:41,246 - logger name:exp/ECL-PatchTST2023-08-25-22:26:41.246574/ECL-PatchTST.log
2023-08-25 22:26:41,247 - params : {'loss': 'huber', 'conf': 'ECL-PatchTST', 'data_name': 'ETTh2', 'iteration': 1, 'train': 1, 'load': True, 'build_graph': False, 'same_init': True, 'grad_norm': False, 'refiner_residual': 0, 'root_path': '', 'exp_path': 'exp/', 'val_test_mix': False, 'pred_len': 96, 'noise_rate': 0.5, 'device': device(type='cuda', index=0), 'test_model_path': '/Disk/fhyega/code/BASE/exp/ECL-PatchTST2023-08-23-11:43:26.865832/0/best_model.pkl', 'idx': -1, 'aligner': 1, 'always_align': 1, 'refiner': 1, 'rec_block_num': 1, 'enhance': 1, 'enhance_type': 5, 'seed': 35, 'batch_size': 128, 'share_head': 0, 'add_noise': 1, 'jitter_sigma': 2.0, 'slope_rate': 0.01, 'slope_range': 0.2, 'alpha': 10.0, 'beta': 1.0, 'gamma': 0.15, 'feature_jittering': 1, 'rec_intra_feature': 0, 'rec_ori': 1, 'mid_dim': 128, 'test_en': 0, 'debugger': 0, 'omega': 1.0, 'theta': 1.1, 'mask_border': 1, 'sup_weight': 20.0, 'rec_length_ratio': 0.95, 'ref_dropout': 0.0, 'ref_block_num': 2, 'add_FFN': 0, 'add_residual': 0, 'rec_all': 0, 'e_layers': 3, '/* model related args*/': '//', 'model_name': 'PatchTST', 'seq_len': 336, 'label_len': 48, 'features': 'M', 'target': 'OT', 'graph_input': False, 'individual': False, 'd_layers': 1, 'factor': 1, 'n_heads': 16, 'd_model': 128, 'd_ff': 256, 'dropout': 0.2, 'fc_dropout': 0.2, 'head_dropout': 0.0, 'patch_len': 16, 'stride': 8, 'des': 'Exp', 'padding_patch': 'end', 'revin': 1, 'affine': 0, 'subtract_last': 0, 'decomposition': 0, 'kernel_size': 25, 'output_attention': 0, 'embed_type': 0, 'activation': 'gelu', 'lradj': 'TST', 'distil': 1, 'linear_output': 1, 'pct_start': 0.2, '/*train related args*/': '//', 'epoch': 30, 'lr': 0.0001, '/*dataset related args*/': '//', 'save_data_path': 'data/ECL/', 'data_process': True, 'embed': 'timeF', 'freq': 'h', 'begin_phase': 0, 'end_phase': 1, 'phase_len': -1, 'val_ratio': 0.33, 'graph_size': 321, '/*strategy related args*/': '//', 'strategy': 'incremental', 'increase': False, 'detect': False, 'detect_strategy': 'feature', 'replay': False, 'replay_strategy': 'random', 'repaly_num_samples': 100, 'ewc': False, 'ewc_strategy': 'ewc', 'ewc_lambda': 0.0001, 'subgraph_train': False, 'num_hops': 2, 'logname': 'ECL-PatchTST', 'time': '2023-08-25-22:26:41.246574', 'path': 'exp/ECL-PatchTST2023-08-25-22:26:41.246574', 'num_workers': 4, 'start_train': 0, 'train_mode': 'pretrain', 'get_score': False, 'use_cm': True, 'logger': <Logger __main__ (INFO)>}
2023-08-25 22:26:41,247 - [*] phase 0 start training
0 17420
train 8209
val 2785
test 2785
2023-08-25 22:26:41,443 - [*] phase 0 Dataset load!
2023-08-25 22:26:42,328 - [*] phase 0 Training start
train 8209
2023-08-25 22:27:05,865 - epoch:0, training loss:0.2210 validation loss:0.1321
train 8209
vs, vt 0.13207695226777683 0.1346925486895171
Updating learning rate to 1.0463629820836433e-05
Updating learning rate to 1.0463629820836433e-05
train 8209
vs, vt 0.1121374231509187 0.11402165043083104
need align? ->  False 0.11402165043083104
2023-08-25 22:28:31,588 - epoch:1, training loss:17.2625 validation loss:0.1121
Updating learning rate to 2.8113748014145436e-05
Updating learning rate to 2.8113748014145436e-05
train 8209
vs, vt 0.10154917717657307 0.10419429855590517
need align? ->  False 0.10419429855590517
2023-08-25 22:29:43,540 - epoch:2, training loss:9.7438 validation loss:0.1015
Updating learning rate to 5.219686165094539e-05
Updating learning rate to 5.219686165094539e-05
train 8209
vs, vt 0.09825618700547652 0.09895554320378737
need align? ->  False 0.09895554320378737
2023-08-25 22:30:50,104 - epoch:3, training loss:6.2874 validation loss:0.0983
Updating learning rate to 7.622695691951079e-05
Updating learning rate to 7.622695691951079e-05
train 8209
vs, vt 0.09887150810523467 0.09738982604308562
need align? ->  True 0.09738982604308562
2023-08-25 22:31:56,290 - epoch:4, training loss:4.5850 validation loss:0.0989
Updating learning rate to 9.373229880419829e-05
Updating learning rate to 9.373229880419829e-05
train 8209
vs, vt 0.09947754002430222 0.09939229979433796
need align? ->  True 0.09738982604308562
2023-08-25 22:33:09,948 - epoch:5, training loss:3.7769 validation loss:0.0995
Updating learning rate to 9.999989541836333e-05
Updating learning rate to 9.999989541836333e-05
train 8209
vs, vt 0.10042923722754825 0.09820088828829202
need align? ->  True 0.09738982604308562
2023-08-25 22:34:27,777 - epoch:6, training loss:3.3782 validation loss:0.1004
Updating learning rate to 9.955879284407972e-05
Updating learning rate to 9.955879284407972e-05
train 8209
vs, vt 0.09943818622692065 0.09925351884554733
need align? ->  True 0.09738982604308562
2023-08-25 22:35:35,061 - epoch:7, training loss:3.1707 validation loss:0.0994
Updating learning rate to 9.826972900599613e-05
Updating learning rate to 9.826972900599613e-05
train 8209
vs, vt 0.10037632354281166 0.09865464879707857
need align? ->  True 0.09738982604308562
2023-08-25 22:36:42,908 - epoch:8, training loss:3.0209 validation loss:0.1004
Updating learning rate to 9.615476014377818e-05
Updating learning rate to 9.615476014377818e-05
train 8209
vs, vt 0.09861936352469704 0.09966178390790116
need align? ->  True 0.09738982604308562
2023-08-25 22:37:52,628 - epoch:9, training loss:2.9016 validation loss:0.0986
Updating learning rate to 9.325007396103859e-05
Updating learning rate to 9.325007396103859e-05
train 8209
vs, vt 0.09940698776732791 0.09847008995711803
need align? ->  True 0.09738982604308562
2023-08-25 22:39:10,168 - epoch:10, training loss:2.8046 validation loss:0.0994
Updating learning rate to 8.960537044369518e-05
Updating learning rate to 8.960537044369518e-05
train 8209
vs, vt 0.0991196891462261 0.10050622560083866
need align? ->  True 0.09738982604308562
2023-08-25 22:40:19,749 - epoch:11, training loss:2.7208 validation loss:0.0991
Updating learning rate to 8.528301147943237e-05
Updating learning rate to 8.528301147943237e-05
train 8209
vs, vt 0.09907717156139287 0.0992171357978474
need align? ->  True 0.09738982604308562
2023-08-25 22:41:26,599 - epoch:12, training loss:2.6079 validation loss:0.0991
Updating learning rate to 8.035695382851308e-05
Updating learning rate to 8.035695382851308e-05
train 8209
vs, vt 0.09797384572977369 0.10026261498304931
need align? ->  True 0.09738982604308562
2023-08-25 22:42:33,833 - epoch:13, training loss:2.5517 validation loss:0.0980
Updating learning rate to 7.49114837031057e-05
Updating learning rate to 7.49114837031057e-05
train 8209
vs, vt 0.09829269789836624 0.09867222014475953
need align? ->  True 0.09738982604308562
2023-08-25 22:43:49,228 - epoch:14, training loss:2.4847 validation loss:0.0983
Updating learning rate to 6.90397746068255e-05
Updating learning rate to 6.90397746068255e-05
train 8209
vs, vt 0.0982339380478317 0.09953291036865929
need align? ->  True 0.09738982604308562
2023-08-25 22:44:59,707 - epoch:15, training loss:2.4225 validation loss:0.0982
Updating learning rate to 6.284229311025519e-05
Updating learning rate to 6.284229311025519e-05
train 8209
vs, vt 0.0986808453771201 0.09945147010413083
need align? ->  True 0.09738982604308562
2023-08-25 22:46:05,613 - epoch:16, training loss:2.3689 validation loss:0.0987
Updating learning rate to 5.642507984006751e-05
Updating learning rate to 5.642507984006751e-05
train 8209
vs, vt 0.09891762432049621 0.09834153679284183
need align? ->  True 0.09738982604308562
2023-08-25 22:47:12,102 - epoch:17, training loss:2.3227 validation loss:0.0989
Updating learning rate to 4.989793509450307e-05
Updating learning rate to 4.989793509450307e-05
train 8209
vs, vt 0.09864922934635119 0.09958478943868117
need align? ->  True 0.09738982604308562
2023-08-25 22:48:25,583 - epoch:18, training loss:2.2929 validation loss:0.0986
Updating learning rate to 4.337254012982485e-05
Updating learning rate to 4.337254012982485e-05
train 8209
vs, vt 0.09774048372425816 0.09935630790211937
need align? ->  True 0.09738982604308562
2023-08-25 22:49:44,145 - epoch:19, training loss:2.2573 validation loss:0.0977
Updating learning rate to 3.696054626305981e-05
Updating learning rate to 3.696054626305981e-05
train 8209
vs, vt 0.09851225194605914 0.0987022290514274
need align? ->  True 0.09738982604308562
2023-08-25 22:50:53,696 - epoch:20, training loss:2.2204 validation loss:0.0985
Updating learning rate to 3.0771664487008854e-05
Updating learning rate to 3.0771664487008854e-05
train 8209
vs, vt 0.09812455912205306 0.09880918670784343
need align? ->  True 0.09738982604308562
2023-08-25 22:52:01,111 - epoch:21, training loss:2.2013 validation loss:0.0981
Updating learning rate to 2.491178828474237e-05
Updating learning rate to 2.491178828474237e-05
train 8209
vs, vt 0.09841613082045858 0.0985567874529145
need align? ->  True 0.09738982604308562
2023-08-25 22:53:20,212 - epoch:22, training loss:2.1777 validation loss:0.0984
Updating learning rate to 1.9481181762745777e-05
Updating learning rate to 1.9481181762745777e-05
train 8209
vs, vt 0.09770569052885879 0.09832339953969825
need align? ->  True 0.09738982604308562
2023-08-25 22:54:38,326 - epoch:23, training loss:2.1680 validation loss:0.0977
Updating learning rate to 1.4572764104259043e-05
Updating learning rate to 1.4572764104259043e-05
train 8209
