2023-09-11 01:12:43,292 - logger name:exp/ECL-FEDformer2023-09-11-01:12:43.291898/ECL-FEDformer.log
2023-09-11 01:12:43,292 - params : {'loss': 'mse', 'conf': 'ECL-FEDformer', 'data_name': 'ETTm1', 'iteration': 1, 'train': 1, 'mainrs': 0, 'abl': 0, 'abl_tmp_context': 0, 'abl_ae': 0, 'no_tmp': 0, 'load': True, 'build_graph': False, 'same_init': True, 'grad_norm': False, 'refiner_residual': 0, 'root_path': '', 'exp_path': 'exp/', 'val_test_mix': False, 'lr': 0.0001, 'lradj': 'TST', 'dropout': 0.05, 'fc_dropout': 0.05, 'head_dropout': 0.0, 'patch_len': 16, 'stride': 8, 'd_ff': 512, 'd_model': 128, 'n_heads': 8, 'seq_len': 96, 'pred_len': 96, 'noise_rate': 0.5, 'device': device(type='cuda', index=1), 'test_model_path': '/Disk/fhyega/code/BASE/exp/ECL-PatchTST2023-08-26-13:08:31.837686/0/best_model.pkl', 'idx': -1, 'aligner': 0, 'always_align': 1, 'refiner': 0, 'rec_block_num': 1, 'enhance': 0, 'enhance_type': 5, 'seed': 34, 'batch_size': 64, 'share_head': 0, 'add_noise': 1, 'add_norm': 0, 'jitter_sigma': 0.4, 'slope_rate': 0.01, 'slope_range': 0.2, 'alpha': 10.0, 'beta': 1.0, 'gamma': 0.15, 'feature_jittering': 1, 'rec_intra_feature': 0, 'rec_ori': 1, 'mid_dim': 128, 'test_en': 0, 'debugger': 0, 'summary': 0, 'omega': 1.0, 'theta': 1.5, 'mask_border': 1, 'sup_weight': 10.0, 'rec_length_ratio': 0.8, 'ref_dropout': 0.0, 'ref_block_num': 1, 'add_FFN': 1, 'add_residual': 0, 'rec_all': 0, 'e_layers': 2, 'early_break': 0, 'early_stop': 10, 'lo': None, '/* model related args*/': '//', 'model_name': 'FEDformer', 'label_len': 48, 'features': 'M', 'target': 'OT', 'graph_input': False, 'individual': False, 'd_layers': 1, 'factor': 1, 'des': 'Exp', 'padding_patch': 'end', 'revin': 1, 'affine': 0, 'subtract_last': 0, 'decomposition': 0, 'kernel_size': 25, 'output_attention': 0, 'embed_type': 0, 'activation': 'gelu', 'distil': 1, 'linear_output': 0, 'pct_start': 0.2, 'num_kernels': 6, 'top_k': 5, 'moving_avg': 25, 'indie': 0, '/*train related args*/': '//', 'epoch': 30, '/*dataset related args*/': '//', 'save_data_path': 'data/ECL/', 'data_process': True, 'embed': 'timeF', 'freq': 'h', 'begin_phase': 0, 'end_phase': 1, 'phase_len': -1, 'val_ratio': 0.33, 'graph_size': 321, '/*strategy related args*/': '//', 'strategy': 'incremental', 'increase': False, 'detect': False, 'detect_strategy': 'feature', 'replay': False, 'replay_strategy': 'random', 'repaly_num_samples': 100, 'ewc': False, 'ewc_strategy': 'ewc', 'ewc_lambda': 0.0001, 'subgraph_train': False, 'num_hops': 2, 'logname': 'ECL-FEDformer', 'time': '2023-09-11-01:12:43.291898', 'path': 'exp/ECL-FEDformer2023-09-11-01:12:43.291898', 'num_workers': 4, 'start_train': 0, 'train_mode': 'pretrain', 'get_score': False, 'use_cm': True, 'logger': <Logger __main__ (INFO)>}
2023-09-11 01:12:43,292 - [*] phase 0 start training
0 69680
train 34369
val 11425
test 11425
2023-09-11 01:12:44,127 - [*] phase 0 Dataset load!
dropout 0.05
dropout 0.05
fourier enhanced block used!
modes=32, index=[0, 1, 2, 3, 6, 7, 8, 9, 10, 12, 13, 15, 16, 17, 19, 22, 23, 24, 26, 27, 28, 30, 31, 34, 37, 39, 40, 43, 44, 45, 46, 47]
fourier enhanced block used!
modes=32, index=[2, 3, 4, 7, 10, 12, 14, 15, 16, 18, 22, 24, 25, 28, 32, 33, 40, 43, 45, 47, 50, 51, 53, 54, 55, 59, 60, 61, 65, 67, 68, 71]
 fourier enhanced cross attention used!
modes_q=32, index_q=[1, 2, 5, 7, 10, 11, 13, 14, 18, 19, 20, 24, 26, 28, 29, 30, 31, 34, 35, 42, 44, 47, 50, 58, 59, 61, 62, 63, 64, 66, 69, 70]
modes_kv=32, index_kv=[0, 2, 3, 5, 7, 8, 9, 10, 11, 12, 14, 15, 16, 17, 20, 21, 22, 25, 27, 30, 31, 33, 35, 36, 37, 38, 39, 41, 43, 44, 45, 47]
0 True None
2023-09-11 01:12:44,334 - [*] phase 0 Training start
train 34369
2023-09-11 01:16:00,007 - epoch:0, training loss:0.7907 validation loss:0.8808
(34369, 1)
(34369, 1) True
train 34369
vs, vt 0.8807597735574125 0.8911928481229857
Updating learning rate to 1.0434682555522589e-05
Updating learning rate to 1.0434682555522589e-05
(34369, 1)
(34369, 1) True
train 34369
vs, vt 0.767065689342315 0.7789236458653178
need align? ->  False 0.7789236458653178
2023-09-11 01:23:46,926 - epoch:1, training loss:0.6899 validation loss:0.7671
Updating learning rate to 2.8013516072492592e-05
Updating learning rate to 2.8013516072492592e-05
(34369, 1)
(34369, 1) True
train 34369
vs, vt 0.5071947110515067 0.6967336903404258
need align? ->  False 0.6967336903404258
2023-09-11 01:29:09,251 - epoch:2, training loss:0.5585 validation loss:0.5072
Updating learning rate to 5.202340832682322e-05
Updating learning rate to 5.202340832682322e-05
(34369, 1)
(34369, 1) True
train 34369
vs, vt 0.49180896026628645 0.5279971418184275
need align? ->  False 0.5279971418184275
2023-09-11 01:34:39,000 - epoch:3, training loss:0.4829 validation loss:0.4918
Updating learning rate to 7.602702453314286e-05
Updating learning rate to 7.602702453314286e-05
(34369, 1)
(34369, 1) True
train 34369
vs, vt 0.4954523713062595 0.5109997546123393
need align? ->  False 0.5109997546123393
2023-09-11 01:40:10,075 - epoch:4, training loss:0.4256 validation loss:0.4955
Updating learning rate to 9.358871258844052e-05
Updating learning rate to 9.358871258844052e-05
(34369, 1)
(34369, 1) True
train 34369
vs, vt 0.4967259152808003 0.5216497335395667
need align? ->  False 0.5109997546123393
2023-09-11 01:45:40,983 - epoch:5, training loss:0.4035 validation loss:0.4967
Updating learning rate to 9.99999985145195e-05
Updating learning rate to 9.99999985145195e-05
(34369, 1)
(34369, 1) True
train 34369
vs, vt 0.4890699278375956 0.5105377937245635
need align? ->  False 0.5105377937245635
2023-09-11 01:51:11,629 - epoch:6, training loss:0.3801 validation loss:0.4891
Updating learning rate to 9.957065245311989e-05
Updating learning rate to 9.957065245311989e-05
(34369, 1)
(34369, 1) True
train 34369
vs, vt 0.4823737848737386 0.5034246805992872
need align? ->  False 0.5034246805992872
2023-09-11 01:56:41,051 - epoch:7, training loss:0.3696 validation loss:0.4824
Updating learning rate to 9.829314220672151e-05
Updating learning rate to 9.829314220672151e-05
(34369, 1)
(34369, 1) True
train 34369
vs, vt 0.4790081948291656 0.49731188904306745
need align? ->  False 0.49731188904306745
2023-09-11 02:02:14,167 - epoch:8, training loss:0.3615 validation loss:0.4790
Updating learning rate to 9.618932632983303e-05
Updating learning rate to 9.618932632983303e-05
(34369, 1)
(34369, 1) True
train 34369
vs, vt 0.48219731229477086 0.4953903746921257
need align? ->  False 0.4953903746921257
2023-09-11 02:07:52,998 - epoch:9, training loss:0.3548 validation loss:0.4822
Updating learning rate to 9.329520169539592e-05
Updating learning rate to 9.329520169539592e-05
(34369, 1)
(34369, 1) True
train 34369
vs, vt 0.4854243972947478 0.49097417315790776
need align? ->  False 0.49097417315790776
2023-09-11 02:13:38,695 - epoch:10, training loss:0.3488 validation loss:0.4854
Updating learning rate to 8.966028757830835e-05
Updating learning rate to 8.966028757830835e-05
(34369, 1)
(34369, 1) True
train 34369
vs, vt 0.4828277904561112 0.4831820346789653
need align? ->  False 0.4831820346789653
2023-09-11 02:19:17,693 - epoch:11, training loss:0.3451 validation loss:0.4828
Updating learning rate to 8.534677836690231e-05
Updating learning rate to 8.534677836690231e-05
(34369, 1)
(34369, 1) True
train 34369
vs, vt 0.4835449784744385 0.48006533810546276
need align? ->  True 0.48006533810546276
2023-09-11 02:24:55,209 - epoch:12, training loss:0.3408 validation loss:0.4835
Updating learning rate to 8.042847939971561e-05
Updating learning rate to 8.042847939971561e-05
(34369, 1)
(34369, 1) True
train 34369
vs, vt 0.4793707351278326 0.48439274840681246
need align? ->  False 0.48006533810546276
2023-09-11 02:30:34,490 - epoch:13, training loss:0.3375 validation loss:0.4794
Updating learning rate to 7.498954413568693e-05
Updating learning rate to 7.498954413568693e-05
(34369, 1)
(34369, 1) True
train 34369
vs, vt 0.4783559115655595 0.48468671809861114
need align? ->  False 0.48006533810546276
2023-09-11 02:36:12,335 - epoch:14, training loss:0.3336 validation loss:0.4784
Updating learning rate to 6.912303426514151e-05
Updating learning rate to 6.912303426514151e-05
(34369, 1)
(34369, 1) True
train 34369
vs, vt 0.4744386344981593 0.476407398474949
need align? ->  False 0.476407398474949
2023-09-11 02:42:07,263 - epoch:15, training loss:0.3313 validation loss:0.4744
Updating learning rate to 6.292932739846823e-05
Updating learning rate to 6.292932739846823e-05
(34369, 1)
(34369, 1) True
train 34369
vs, vt 0.47347112324650725 0.4740375841879312
need align? ->  False 0.4740375841879312
2023-09-11 02:47:44,979 - epoch:16, training loss:0.3273 validation loss:0.4735
Updating learning rate to 5.651439957737585e-05
Updating learning rate to 5.651439957737585e-05
(34369, 1)
(34369, 1) True
train 34369
vs, vt 0.46912290014368196 0.47250173578049215
need align? ->  False 0.47250173578049215
2023-09-11 02:53:39,230 - epoch:17, training loss:0.3244 validation loss:0.4691
Updating learning rate to 4.998801199543722e-05
Updating learning rate to 4.998801199543722e-05
(34369, 1)
(34369, 1) True
train 34369
vs, vt 0.4762339492500161 0.4732316555507356
need align? ->  True 0.47250173578049215
2023-09-11 02:59:16,236 - epoch:18, training loss:0.3220 validation loss:0.4762
Updating learning rate to 4.3461832953635796e-05
Updating learning rate to 4.3461832953635796e-05
(34369, 1)
(34369, 1) True
train 34369
vs, vt 0.4730765182295991 0.47099680166337743
need align? ->  True 0.47099680166337743
2023-09-11 03:05:03,653 - epoch:19, training loss:0.3194 validation loss:0.4731
Updating learning rate to 3.70475271847755e-05
Updating learning rate to 3.70475271847755e-05
(34369, 1)
(34369, 1) True
train 34369
vs, vt 0.47250041311513113 0.4655943658598308
need align? ->  True 0.4655943658598308
2023-09-11 03:10:54,335 - epoch:20, training loss:0.3173 validation loss:0.4725
Updating learning rate to 3.085484523894306e-05
Updating learning rate to 3.085484523894306e-05
(34369, 1)
(34369, 1) True
train 34369
vs, vt 0.47104951668551515 0.46841087154835964
need align? ->  True 0.4655943658598308
2023-09-11 03:16:35,933 - epoch:21, training loss:0.3158 validation loss:0.4710
Updating learning rate to 2.4989745621167433e-05
Updating learning rate to 2.4989745621167433e-05
(34369, 1)
(34369, 1) True
train 34369
vs, vt 0.4697101011705798 0.4650655013805661
need align? ->  True 0.4650655013805661
2023-09-11 03:22:20,332 - epoch:22, training loss:0.3145 validation loss:0.4697
Updating learning rate to 1.955258181202164e-05
Updating learning rate to 1.955258181202164e-05
(34369, 1)
(34369, 1) True
train 34369
vs, vt 0.47459721931532106 0.46482174352394134
need align? ->  True 0.46482174352394134
2023-09-11 03:28:14,413 - epoch:23, training loss:0.3129 validation loss:0.4746
Updating learning rate to 1.4636385191746728e-05
Updating learning rate to 1.4636385191746728e-05
(34369, 1)
(34369, 1) True
train 34369
vs, vt 0.47294951113742156 0.46575788308621785
need align? ->  True 0.46482174352394134
2023-09-11 03:34:01,529 - epoch:24, training loss:0.3120 validation loss:0.4729
Updating learning rate to 1.0325273247542814e-05
Updating learning rate to 1.0325273247542814e-05
(34369, 1)
(34369, 1) True
train 34369
vs, vt 0.47289532518753125 0.4650688965560338
need align? ->  True 0.46482174352394134
2023-09-11 03:39:59,004 - epoch:25, training loss:0.3114 validation loss:0.4729
Updating learning rate to 6.693010300041293e-06
Updating learning rate to 6.693010300041293e-06
(34369, 1)
(34369, 1) True
train 34369
vs, vt 0.47363182327933817 0.46478319051545425
need align? ->  True 0.46478319051545425
2023-09-11 03:45:57,655 - epoch:26, training loss:0.3109 validation loss:0.4736
Updating learning rate to 3.801745375327441e-06
Updating learning rate to 3.801745375327441e-06
(34369, 1)
(34369, 1) True
train 34369
vs, vt 0.4725885316313312 0.4646247482999077
need align? ->  True 0.4646247482999077
2023-09-11 03:51:50,201 - epoch:27, training loss:0.3107 validation loss:0.4726
Updating learning rate to 1.7009488178731925e-06
Updating learning rate to 1.7009488178731925e-06
(34369, 1)
(34369, 1) True
train 34369
vs, vt 0.47220578019678927 0.4644108435461641
need align? ->  True 0.4644108435461641
2023-09-11 03:57:48,883 - epoch:28, training loss:0.3106 validation loss:0.4722
dropout 0.05
dropout 0.05
fourier enhanced block used!
modes=32, index=[0, 1, 2, 3, 5, 6, 7, 8, 11, 14, 15, 16, 17, 18, 19, 20, 21, 23, 24, 26, 27, 29, 30, 31, 34, 36, 39, 40, 41, 44, 45, 46]
fourier enhanced block used!
modes=32, index=[8, 11, 12, 13, 16, 17, 23, 24, 25, 26, 29, 32, 33, 35, 36, 37, 39, 40, 41, 43, 45, 50, 52, 54, 56, 57, 58, 59, 63, 64, 65, 66]
 fourier enhanced cross attention used!
modes_q=32, index_q=[0, 3, 4, 5, 8, 11, 14, 15, 20, 21, 22, 23, 31, 33, 35, 36, 40, 41, 42, 46, 47, 48, 50, 52, 54, 55, 56, 59, 61, 63, 64, 68]
modes_kv=32, index_kv=[0, 1, 2, 3, 5, 6, 7, 9, 12, 13, 15, 16, 17, 19, 25, 26, 27, 30, 32, 33, 34, 35, 36, 37, 38, 39, 41, 42, 43, 44, 45, 46]
check exp/ECL-FEDformer2023-09-11-01:12:43.291898/0/0.4691_epoch_17.pkl  &  0.4644108435461641
2023-09-11 03:58:21,147 - [*] loss:0.7481
2023-09-11 03:58:21,157 - [*] phase 0, testing
2023-09-11 03:58:21,286 - T:96	MAE	0.561033	RMSE	0.749372	MAPE	287.483287
2023-09-11 03:58:21,286 - 96	mae	0.5610	
2023-09-11 03:58:21,286 - 96	rmse	0.7494	
2023-09-11 03:58:21,286 - 96	mape	287.4833	
----*-----
2023-09-11 03:58:48,109 - [*] loss:0.7703
2023-09-11 03:58:48,118 - [*] phase 0, testing
2023-09-11 03:58:48,251 - T:96	MAE	0.570382	RMSE	0.771639	MAPE	294.771957
2023-09-11 03:59:14,791 - [*] loss:0.9242
2023-09-11 03:59:14,800 - [*] phase 0, testing
2023-09-11 03:59:14,929 - T:96	MAE	0.625912	RMSE	0.925324	MAPE	332.199049
2023-09-11 03:59:46,635 - [*] loss:0.8323
2023-09-11 03:59:46,644 - [*] phase 0, testing
2023-09-11 03:59:46,773 - T:96	MAE	0.610829	RMSE	0.833637	MAPE	295.926476
2023-09-11 04:00:12,865 - [*] loss:0.7450
2023-09-11 04:00:12,874 - [*] phase 0, testing
2023-09-11 04:00:13,006 - T:96	MAE	0.562412	RMSE	0.746202	MAPE	269.477224
----*-----
avg under noise: 0.5923838317394257 0.8192005306482315
2023-09-11 04:00:45,347 - [*] loss:0.7481
2023-09-11 04:00:45,356 - [*] phase 0, testing
2023-09-11 04:00:45,484 - T:96	MAE	0.561033	RMSE	0.749372	MAPE	287.483287
2023-09-11 04:00:45,484 - 96	mae	0.5610	
2023-09-11 04:00:45,484 - 96	rmse	0.7494	
2023-09-11 04:00:45,484 - 96	mape	287.4833	
----*-----
2023-09-11 04:01:13,911 - [*] loss:0.7685
2023-09-11 04:01:13,920 - [*] phase 0, testing
2023-09-11 04:01:14,047 - T:96	MAE	0.569968	RMSE	0.769782	MAPE	294.184613
2023-09-11 04:01:43,664 - [*] loss:0.9226
2023-09-11 04:01:43,673 - [*] phase 0, testing
2023-09-11 04:01:43,802 - T:96	MAE	0.625955	RMSE	0.923784	MAPE	331.957436
2023-09-11 04:02:16,842 - [*] loss:0.8337
2023-09-11 04:02:16,850 - [*] phase 0, testing
2023-09-11 04:02:16,980 - T:96	MAE	0.610495	RMSE	0.835046	MAPE	294.651747
2023-09-11 04:02:44,787 - [*] loss:0.7470
2023-09-11 04:02:44,796 - [*] phase 0, testing
2023-09-11 04:02:44,924 - T:96	MAE	0.562719	RMSE	0.748235	MAPE	269.036245
----*-----
avg under noise: 0.5922843217849731 0.8192117065191269
