2023-09-11 01:12:36,863 - logger name:exp/ECL-Informer2023-09-11-01:12:36.863612/ECL-Informer.log
2023-09-11 01:12:36,864 - params : {'loss': 'mse', 'conf': 'ECL-Informer', 'data_name': 'ETTm1', 'iteration': 1, 'train': 1, 'mainrs': 0, 'abl': 0, 'abl_tmp_context': 0, 'abl_ae': 0, 'no_tmp': 0, 'load': True, 'build_graph': False, 'same_init': True, 'grad_norm': False, 'refiner_residual': 0, 'root_path': '', 'exp_path': 'exp/', 'val_test_mix': False, 'lr': 0.0001, 'lradj': 'TST', 'dropout': 0.05, 'fc_dropout': 0.05, 'head_dropout': 0.0, 'patch_len': 16, 'stride': 8, 'd_ff': 512, 'd_model': 128, 'n_heads': 8, 'seq_len': 96, 'pred_len': 96, 'noise_rate': 0.5, 'device': device(type='cuda', index=0), 'test_model_path': '/Disk/fhyega/code/BASE/exp/ECL-PatchTST2023-08-26-13:08:31.837686/0/best_model.pkl', 'idx': -1, 'aligner': 0, 'always_align': 1, 'refiner': 0, 'rec_block_num': 1, 'enhance': 0, 'enhance_type': 5, 'seed': 34, 'batch_size': 64, 'share_head': 0, 'add_noise': 1, 'add_norm': 0, 'jitter_sigma': 0.4, 'slope_rate': 0.01, 'slope_range': 0.2, 'alpha': 10.0, 'beta': 1.0, 'gamma': 0.15, 'feature_jittering': 1, 'rec_intra_feature': 0, 'rec_ori': 1, 'mid_dim': 128, 'test_en': 0, 'debugger': 0, 'summary': 0, 'omega': 1.0, 'theta': 1.5, 'mask_border': 1, 'sup_weight': 10.0, 'rec_length_ratio': 0.8, 'ref_dropout': 0.0, 'ref_block_num': 1, 'add_FFN': 1, 'add_residual': 0, 'rec_all': 0, 'e_layers': 2, 'early_break': 0, 'early_stop': 10, 'lo': None, '/* model related args*/': '//', 'model_name': 'informer', 'label_len': 48, 'features': 'M', 'target': 'OT', 'graph_input': False, 'individual': False, 'd_layers': 1, 'factor': 3, 'des': 'Exp', 'padding_patch': 'end', 'revin': 1, 'affine': 0, 'subtract_last': 0, 'decomposition': 0, 'kernel_size': 25, 'output_attention': 0, 'embed_type': 0, 'activation': 'gelu', 'distil': 1, 'linear_output': 0, 'pct_start': 0.3, 'indie': 0, '/*train related args*/': '//', 'epoch': 30, '/*dataset related args*/': '//', 'save_data_path': 'data/ECL/', 'data_process': False, 'embed': 'timeF', 'freq': 'h', 'begin_phase': 0, 'end_phase': 1, 'phase_len': 26304, 'val_ratio': 0.33, 'graph_size': 321, '/*strategy related args*/': '//', 'strategy': 'incremental', 'increase': False, 'detect': False, 'detect_strategy': 'feature', 'replay': False, 'replay_strategy': 'random', 'repaly_num_samples': 100, 'ewc': False, 'ewc_strategy': 'ewc', 'ewc_lambda': 0.0001, 'subgraph_train': False, 'num_hops': 2, 'logname': 'ECL-Informer', 'time': '2023-09-11-01:12:36.863612', 'path': 'exp/ECL-Informer2023-09-11-01:12:36.863612', 'num_workers': 4, 'start_train': 0, 'train_mode': 'pretrain', 'get_score': False, 'use_cm': True, 'logger': <Logger __main__ (INFO)>}
2023-09-11 01:12:36,864 - [*] phase 0 start training
train 34369
val 11425
test 11425
2023-09-11 01:12:37,147 - [*] phase 0 Dataset load!
dropout 0.05
dropout 0.05
0 True None
2023-09-11 01:12:37,306 - [*] phase 0 Training start
train 34369
2023-09-11 01:14:27,601 - epoch:0, training loss:0.9309 validation loss:1.1344
(34369, 1)
(34369, 1) True
train 34369
vs, vt 1.1343559502889324 1.2904834254493927
Updating learning rate to 6.895940289031784e-06
Updating learning rate to 6.895940289031784e-06
(34369, 1)
(34369, 1) True
train 34369
vs, vt 0.9369792681000086 1.1230628451322044
need align? ->  False 1.1230628451322044
2023-09-11 01:18:17,679 - epoch:1, training loss:0.6903 validation loss:0.9370
Updating learning rate to 1.523432489955886e-05
Updating learning rate to 1.523432489955886e-05
(34369, 1)
(34369, 1) True
train 34369
vs, vt 0.8057376739865575 1.0153048098420299
need align? ->  False 1.0153048098420299
2023-09-11 01:21:21,334 - epoch:2, training loss:0.5558 validation loss:0.8057
Updating learning rate to 2.8009009500786763e-05
Updating learning rate to 2.8009009500786763e-05
(34369, 1)
(34369, 1) True
train 34369
vs, vt 0.7237650887759705 0.7704875147875461
need align? ->  False 0.7704875147875461
2023-09-11 01:24:26,491 - epoch:3, training loss:0.4725 validation loss:0.7238
Updating learning rate to 4.367854726703342e-05
Updating learning rate to 4.367854726703342e-05
(34369, 1)
(34369, 1) True
train 34369
vs, vt 0.6952253130561147 0.6564153572700543
need align? ->  True 0.6564153572700543
2023-09-11 01:27:29,180 - epoch:4, training loss:0.4199 validation loss:0.6952
Updating learning rate to 6.035218629297471e-05
Updating learning rate to 6.035218629297471e-05
(34369, 1)
(34369, 1) True
train 34369
vs, vt 0.6767017222816052 0.6211768005813301
need align? ->  True 0.6211768005813301
2023-09-11 01:30:39,551 - epoch:5, training loss:0.3858 validation loss:0.6767
Updating learning rate to 7.601801561944418e-05
Updating learning rate to 7.601801561944418e-05
(34369, 1)
(34369, 1) True
train 34369
vs, vt 0.6866347850534503 0.6221544177339063
need align? ->  True 0.6211768005813301
2023-09-11 01:33:46,617 - epoch:6, training loss:0.3601 validation loss:0.6866
Updating learning rate to 8.878573081695768e-05
Updating learning rate to 8.878573081695768e-05
(34369, 1)
(34369, 1) True
train 34369
vs, vt 0.675727458889258 0.602512669296904
need align? ->  True 0.602512669296904
2023-09-11 01:36:55,250 - epoch:7, training loss:0.3373 validation loss:0.6757
Updating learning rate to 9.711472601720846e-05
Updating learning rate to 9.711472601720846e-05
(34369, 1)
(34369, 1) True
train 34369
vs, vt 0.6950991906267304 0.6067928743429024
need align? ->  True 0.602512669296904
2023-09-11 01:39:56,451 - epoch:8, training loss:0.3207 validation loss:0.6951
Updating learning rate to 9.999999805978056e-05
Updating learning rate to 9.999999805978056e-05
(34369, 1)
(34369, 1) True
train 34369
vs, vt 0.6824951237639901 0.6351368995019178
need align? ->  True 0.602512669296904
2023-09-11 01:43:01,059 - epoch:9, training loss:0.3064 validation loss:0.6825
Updating learning rate to 9.943946559475415e-05
Updating learning rate to 9.943946559475415e-05
(34369, 1)
(34369, 1) True
train 34369
vs, vt 0.7152152316197337 0.6512697896810883
need align? ->  True 0.602512669296904
2023-09-11 01:46:05,558 - epoch:10, training loss:0.2922 validation loss:0.7152
Updating learning rate to 9.77745416322681e-05
Updating learning rate to 9.77745416322681e-05
(34369, 1)
(34369, 1) True
train 34369
vs, vt 0.7269778295768706 0.6554155114975722
need align? ->  True 0.602512669296904
2023-09-11 01:49:08,944 - epoch:11, training loss:0.2810 validation loss:0.7270
Updating learning rate to 9.504241782244028e-05
Updating learning rate to 9.504241782244028e-05
(34369, 1)
(34369, 1) True
train 34369
vs, vt 0.727171059011081 0.6486246478873924
need align? ->  True 0.602512669296904
2023-09-11 01:52:18,937 - epoch:12, training loss:0.2695 validation loss:0.7272
Updating learning rate to 9.130412529648356e-05
Updating learning rate to 9.130412529648356e-05
(34369, 1)
(34369, 1) True
train 34369
vs, vt 0.7464801282023584 0.6394414341483037
need align? ->  True 0.602512669296904
2023-09-11 01:55:22,767 - epoch:13, training loss:0.2606 validation loss:0.7465
Updating learning rate to 8.664317133208539e-05
Updating learning rate to 8.664317133208539e-05
(34369, 1)
(34369, 1) True
train 34369
vs, vt 0.7562128685456414 0.6598905684561703
need align? ->  True 0.602512669296904
2023-09-11 01:58:31,764 - epoch:14, training loss:0.2517 validation loss:0.7562
Updating learning rate to 8.116367393881581e-05
Updating learning rate to 8.116367393881581e-05
(34369, 1)
(34369, 1) True
train 34369
vs, vt 0.7816644774635411 0.6489338453588539
need align? ->  True 0.602512669296904
2023-09-11 02:01:33,111 - epoch:15, training loss:0.2428 validation loss:0.7817
Updating learning rate to 7.498803603384363e-05
Updating learning rate to 7.498803603384363e-05
(34369, 1)
(34369, 1) True
train 34369
vs, vt 0.7837688176991553 0.6521506150924293
need align? ->  True 0.602512669296904
2023-09-11 02:04:40,346 - epoch:16, training loss:0.2374 validation loss:0.7838
Updating learning rate to 6.825421116303144e-05
Updating learning rate to 6.825421116303144e-05
(34369, 1)
(34369, 1) True
train 34369
vs, vt 0.8077507965558068 0.6680845008882065
need align? ->  True 0.602512669296904
2023-09-11 02:07:45,592 - epoch:17, training loss:0.2303 validation loss:0.8078
Updating learning rate to 6.111262184668258e-05
Updating learning rate to 6.111262184668258e-05
(34369, 1)
(34369, 1) True
train 34369
vs, vt 0.8222433526755711 0.6690293550907567
need align? ->  True 0.602512669296904
2023-09-11 02:10:48,783 - epoch:18, training loss:0.2249 validation loss:0.8222
dropout 0.05
dropout 0.05
check exp/ECL-Informer2023-09-11-01:12:36.863612/0/0.6757_epoch_7.pkl  &  0.602512669296904
2023-09-11 02:11:14,962 - [*] loss:0.6600
2023-09-11 02:11:14,971 - [*] phase 0, testing
2023-09-11 02:11:15,104 - T:96	MAE	0.578529	RMSE	0.660007	MAPE	256.332636
2023-09-11 02:11:15,105 - 96	mae	0.5785	
2023-09-11 02:11:15,105 - 96	rmse	0.6600	
2023-09-11 02:11:15,105 - 96	mape	256.3326	
----*-----
2023-09-11 02:11:41,962 - [*] loss:0.6724
2023-09-11 02:11:41,971 - [*] phase 0, testing
2023-09-11 02:11:42,108 - T:96	MAE	0.580056	RMSE	0.672561	MAPE	251.629019
2023-09-11 02:12:09,591 - [*] loss:0.6946
2023-09-11 02:12:09,604 - [*] phase 0, testing
2023-09-11 02:12:09,732 - T:96	MAE	0.591033	RMSE	0.694602	MAPE	244.279385
2023-09-11 02:12:40,235 - [*] loss:0.7090
2023-09-11 02:12:40,256 - [*] phase 0, testing
2023-09-11 02:12:40,383 - T:96	MAE	0.600262	RMSE	0.709088	MAPE	255.267930
2023-09-11 02:13:05,862 - [*] loss:0.6667
2023-09-11 02:13:05,871 - [*] phase 0, testing
2023-09-11 02:13:05,999 - T:96	MAE	0.580584	RMSE	0.666748	MAPE	254.629397
----*-----
avg under noise: 0.5879839360713959 0.685749962925911
2023-09-11 02:13:30,924 - [*] loss:0.6598
2023-09-11 02:13:30,935 - [*] phase 0, testing
2023-09-11 02:13:31,071 - T:96	MAE	0.578421	RMSE	0.659736	MAPE	256.362247
2023-09-11 02:13:31,071 - 96	mae	0.5784	
2023-09-11 02:13:31,071 - 96	rmse	0.6597	
2023-09-11 02:13:31,071 - 96	mape	256.3622	
----*-----
2023-09-11 02:13:56,690 - [*] loss:0.6725
2023-09-11 02:13:56,699 - [*] phase 0, testing
2023-09-11 02:13:56,828 - T:96	MAE	0.580200	RMSE	0.672652	MAPE	251.602674
2023-09-11 02:14:24,146 - [*] loss:0.6952
2023-09-11 02:14:24,155 - [*] phase 0, testing
2023-09-11 02:14:24,281 - T:96	MAE	0.591043	RMSE	0.695345	MAPE	244.632077
2023-09-11 02:14:52,866 - [*] loss:0.7114
2023-09-11 02:14:52,875 - [*] phase 0, testing
2023-09-11 02:14:53,006 - T:96	MAE	0.601085	RMSE	0.711546	MAPE	255.412650
2023-09-11 02:15:19,450 - [*] loss:0.6668
2023-09-11 02:15:19,458 - [*] phase 0, testing
2023-09-11 02:15:19,587 - T:96	MAE	0.580570	RMSE	0.666753	MAPE	254.557991
----*-----
avg under noise: 0.5882243365049362 0.6865738481283188
