2023-09-10 22:47:46,461 - logger name:exp/ECL-FEDformer2023-09-10-22:47:46.461716/ECL-FEDformer.log
2023-09-10 22:47:46,462 - params : {'loss': 'huber', 'conf': 'ECL-FEDformer', 'data_name': 'ETTm1', 'iteration': 1, 'train': 1, 'mainrs': 0, 'abl': 0, 'abl_tmp_context': 0, 'abl_ae': 0, 'no_tmp': 0, 'load': True, 'build_graph': False, 'same_init': True, 'grad_norm': False, 'refiner_residual': 0, 'root_path': '', 'exp_path': 'exp/', 'val_test_mix': False, 'lr': 0.0001, 'lradj': 'TST', 'dropout': 0.05, 'fc_dropout': 0.05, 'head_dropout': 0.0, 'patch_len': 16, 'stride': 8, 'd_ff': 512, 'd_model': 128, 'n_heads': 8, 'seq_len': 720, 'pred_len': 96, 'noise_rate': 0.5, 'device': device(type='cuda', index=1), 'test_model_path': '/Disk/fhyega/code/BASE/exp/ECL-PatchTST2023-08-26-13:08:31.837686/0/best_model.pkl', 'idx': -1, 'aligner': 1, 'always_align': 1, 'refiner': 1, 'rec_block_num': 1, 'enhance': 1, 'enhance_type': 5, 'seed': 34, 'batch_size': 64, 'share_head': 0, 'add_noise': 1, 'add_norm': 0, 'jitter_sigma': 0.4, 'slope_rate': 0.01, 'slope_range': 0.2, 'alpha': 10.0, 'beta': 1.0, 'gamma': 0.15, 'feature_jittering': 1, 'rec_intra_feature': 0, 'rec_ori': 1, 'mid_dim': 128, 'test_en': 0, 'debugger': 0, 'summary': 0, 'omega': 1.0, 'theta': 1.5, 'mask_border': 1, 'sup_weight': 10.0, 'rec_length_ratio': 0.8, 'ref_dropout': 0.0, 'ref_block_num': 1, 'add_FFN': 1, 'add_residual': 0, 'rec_all': 0, 'e_layers': 2, 'early_break': 0, 'early_stop': 10, 'lo': None, '/* model related args*/': '//', 'model_name': 'FEDformer', 'label_len': 48, 'features': 'M', 'target': 'OT', 'graph_input': False, 'individual': False, 'd_layers': 1, 'factor': 1, 'des': 'Exp', 'padding_patch': 'end', 'revin': 1, 'affine': 0, 'subtract_last': 0, 'decomposition': 0, 'kernel_size': 25, 'output_attention': 0, 'embed_type': 0, 'activation': 'gelu', 'distil': 1, 'linear_output': 0, 'pct_start': 0.2, 'num_kernels': 6, 'top_k': 5, 'moving_avg': 25, 'indie': 0, '/*train related args*/': '//', 'epoch': 30, '/*dataset related args*/': '//', 'save_data_path': 'data/ECL/', 'data_process': True, 'embed': 'timeF', 'freq': 'h', 'begin_phase': 0, 'end_phase': 1, 'phase_len': -1, 'val_ratio': 0.33, 'graph_size': 321, '/*strategy related args*/': '//', 'strategy': 'incremental', 'increase': False, 'detect': False, 'detect_strategy': 'feature', 'replay': False, 'replay_strategy': 'random', 'repaly_num_samples': 100, 'ewc': False, 'ewc_strategy': 'ewc', 'ewc_lambda': 0.0001, 'subgraph_train': False, 'num_hops': 2, 'logname': 'ECL-FEDformer', 'time': '2023-09-10-22:47:46.461716', 'path': 'exp/ECL-FEDformer2023-09-10-22:47:46.461716', 'num_workers': 4, 'start_train': 0, 'train_mode': 'pretrain', 'get_score': False, 'use_cm': True, 'logger': <Logger __main__ (INFO)>}
2023-09-10 22:47:46,462 - [*] phase 0 start training
0 69680
train 33745
val 11425
test 11425
2023-09-10 22:47:47,327 - [*] phase 0 Dataset load!
dropout 0.05
dropout 0.05
fourier enhanced block used!
modes=32, index=[2, 14, 17, 27, 50, 64, 69, 81, 83, 88, 91, 125, 163, 170, 181, 199, 202, 228, 234, 236, 239, 240, 243, 244, 250, 265, 283, 287, 289, 320, 348, 350]
fourier enhanced block used!
modes=32, index=[3, 7, 11, 28, 35, 51, 65, 66, 67, 70, 73, 87, 90, 97, 101, 104, 128, 131, 133, 135, 143, 168, 169, 196, 206, 216, 217, 218, 220, 221, 222, 225]
 fourier enhanced cross attention used!
modes_q=32, index_q=[3, 5, 6, 18, 19, 33, 47, 54, 65, 67, 82, 85, 87, 89, 97, 100, 111, 117, 138, 146, 155, 156, 158, 167, 176, 185, 192, 205, 211, 213, 215, 217]
modes_kv=32, index_kv=[0, 2, 7, 29, 48, 55, 74, 93, 106, 113, 115, 117, 119, 131, 152, 175, 200, 204, 211, 220, 226, 240, 252, 259, 293, 302, 303, 308, 329, 337, 350, 354]
1 True None
2023-09-10 22:47:47,480 - [*] phase 0 Training start
train 33745
2023-09-10 22:50:12,508 - epoch:0, training loss:0.3415 validation loss:0.4331
(33745, 1)
(33745, 1) True
train 33745
vs, vt 0.43312362335913673 0.4356791419107155
Updating learning rate to 1.0434756630121772e-05
Updating learning rate to 1.0434756630121772e-05
(33745, 1)
(33745, 1) True
train 33745
