2023-09-10 12:58:49,428 - logger name:exp/ECL-FEDformer2023-09-10-12:58:49.427818/ECL-FEDformer.log
2023-09-10 12:58:49,428 - params : {'loss': 'huber', 'conf': 'ECL-FEDformer', 'data_name': 'ETTm1', 'iteration': 1, 'train': 1, 'mainrs': 0, 'abl': 0, 'abl_tmp_context': 0, 'abl_ae': 0, 'no_tmp': 0, 'load': True, 'build_graph': False, 'same_init': True, 'grad_norm': False, 'refiner_residual': 0, 'root_path': '', 'exp_path': 'exp/', 'val_test_mix': False, 'lr': 0.0001, 'lradj': 'TST', 'dropout': 0.05, 'fc_dropout': 0.05, 'head_dropout': 0.0, 'patch_len': 16, 'stride': 8, 'd_ff': 512, 'd_model': 128, 'n_heads': 8, 'seq_len': 96, 'pred_len': 96, 'noise_rate': 0.5, 'device': device(type='cuda', index=1), 'test_model_path': '/Disk/fhyega/code/BASE/exp/ECL-PatchTST2023-08-26-13:08:31.837686/0/best_model.pkl', 'idx': -1, 'aligner': 1, 'always_align': 1, 'refiner': 1, 'rec_block_num': 1, 'enhance': 1, 'enhance_type': 5, 'seed': 34, 'batch_size': 64, 'share_head': 0, 'add_noise': 1, 'add_norm': 0, 'jitter_sigma': 0.4, 'slope_rate': 0.01, 'slope_range': 0.2, 'alpha': 10.0, 'beta': 1.0, 'gamma': 0.15, 'feature_jittering': 1, 'rec_intra_feature': 0, 'rec_ori': 1, 'mid_dim': 128, 'test_en': 0, 'debugger': 0, 'summary': 0, 'omega': 1.0, 'theta': 1.5, 'mask_border': 1, 'sup_weight': 10.0, 'rec_length_ratio': 0.8, 'ref_dropout': 0.0, 'ref_block_num': 1, 'add_FFN': 1, 'add_residual': 0, 'rec_all': 0, 'e_layers': 2, 'early_break': 0, 'early_stop': 10, 'lo': None, '/* model related args*/': '//', 'model_name': 'FEDformer', 'label_len': 48, 'features': 'M', 'target': 'OT', 'graph_input': False, 'individual': False, 'd_layers': 1, 'factor': 1, 'des': 'Exp', 'padding_patch': 'end', 'revin': 1, 'affine': 0, 'subtract_last': 0, 'decomposition': 0, 'kernel_size': 25, 'output_attention': 0, 'embed_type': 0, 'activation': 'gelu', 'distil': 1, 'linear_output': 0, 'pct_start': 0.2, 'num_kernels': 6, 'top_k': 5, 'moving_avg': 25, 'indie': 0, '/*train related args*/': '//', 'epoch': 30, '/*dataset related args*/': '//', 'save_data_path': 'data/ECL/', 'data_process': True, 'embed': 'timeF', 'freq': 'h', 'begin_phase': 0, 'end_phase': 1, 'phase_len': -1, 'val_ratio': 0.33, 'graph_size': 321, '/*strategy related args*/': '//', 'strategy': 'incremental', 'increase': False, 'detect': False, 'detect_strategy': 'feature', 'replay': False, 'replay_strategy': 'random', 'repaly_num_samples': 100, 'ewc': False, 'ewc_strategy': 'ewc', 'ewc_lambda': 0.0001, 'subgraph_train': False, 'num_hops': 2, 'logname': 'ECL-FEDformer', 'time': '2023-09-10-12:58:49.427818', 'path': 'exp/ECL-FEDformer2023-09-10-12:58:49.427818', 'num_workers': 4, 'start_train': 0, 'train_mode': 'pretrain', 'get_score': False, 'use_cm': True, 'logger': <Logger __main__ (INFO)>}
2023-09-10 12:58:49,428 - [*] phase 0 start training
0 69680
train 34369
val 11425
test 11425
2023-09-10 12:58:50,257 - [*] phase 0 Dataset load!
dropout 0.05
dropout 0.05
fourier enhanced block used!
modes=32, index=[0, 1, 2, 3, 6, 7, 8, 9, 10, 12, 13, 15, 16, 17, 19, 22, 23, 24, 26, 27, 28, 30, 31, 34, 37, 39, 40, 43, 44, 45, 46, 47]
fourier enhanced block used!
modes=32, index=[2, 3, 4, 7, 10, 12, 14, 15, 16, 18, 22, 24, 25, 28, 32, 33, 40, 43, 45, 47, 50, 51, 53, 54, 55, 59, 60, 61, 65, 67, 68, 71]
 fourier enhanced cross attention used!
modes_q=32, index_q=[1, 2, 5, 7, 10, 11, 13, 14, 18, 19, 20, 24, 26, 28, 29, 30, 31, 34, 35, 42, 44, 47, 50, 58, 59, 61, 62, 63, 64, 66, 69, 70]
modes_kv=32, index_kv=[0, 2, 3, 5, 7, 8, 9, 10, 11, 12, 14, 15, 16, 17, 20, 21, 22, 25, 27, 30, 31, 33, 35, 36, 37, 38, 39, 41, 43, 44, 45, 47]
1 True None
2023-09-10 12:58:50,519 - [*] phase 0 Training start
train 34369
2023-09-10 13:02:05,835 - epoch:0, training loss:0.3284 validation loss:0.3447
(34369, 1)
(34369, 1) True
train 34369
vs, vt 0.34468047978491756 0.34958964478037213
Updating learning rate to 1.0434682555522589e-05
Updating learning rate to 1.0434682555522589e-05
(34369, 1)
(34369, 1) True
train 34369
vs, vt 0.29580438422174427 0.30475092695911504
need align? ->  False 0.30475092695911504
2023-09-10 13:10:32,982 - epoch:1, training loss:16.4015 validation loss:0.2958
Updating learning rate to 2.8013516072492592e-05
Updating learning rate to 2.8013516072492592e-05
(34369, 1)
(34369, 1) True
train 34369
vs, vt 0.214449284941624 0.270241835284666
need align? ->  False 0.270241835284666
2023-09-10 13:16:55,239 - epoch:2, training loss:14.0087 validation loss:0.2144
Updating learning rate to 5.202340832682322e-05
Updating learning rate to 5.202340832682322e-05
(34369, 1)
(34369, 1) True
train 34369
vs, vt 0.20726133997463647 0.22683781986879237
need align? ->  False 0.22683781986879237
2023-09-10 13:23:17,431 - epoch:3, training loss:9.7189 validation loss:0.2073
Updating learning rate to 7.602702453314286e-05
Updating learning rate to 7.602702453314286e-05
(34369, 1)
(34369, 1) True
train 34369
vs, vt 0.1989753668160079 0.22060586430923232
need align? ->  False 0.22060586430923232
2023-09-10 13:29:33,453 - epoch:4, training loss:6.4182 validation loss:0.1990
Updating learning rate to 9.358871258844052e-05
Updating learning rate to 9.358871258844052e-05
(34369, 1)
(34369, 1) True
train 34369
vs, vt 0.1993579602066698 0.2132552803062194
need align? ->  False 0.2132552803062194
2023-09-10 13:35:56,408 - epoch:5, training loss:5.1587 validation loss:0.1994
Updating learning rate to 9.99999985145195e-05
Updating learning rate to 9.99999985145195e-05
(34369, 1)
(34369, 1) True
train 34369
vs, vt 0.19766903764375762 0.20936219907214854
need align? ->  False 0.20936219907214854
2023-09-10 13:42:17,781 - epoch:6, training loss:4.6320 validation loss:0.1977
Updating learning rate to 9.957065245311989e-05
Updating learning rate to 9.957065245311989e-05
(34369, 1)
(34369, 1) True
train 34369
vs, vt 0.19420521587716136 0.206764961015329
need align? ->  False 0.206764961015329
2023-09-10 13:48:44,667 - epoch:7, training loss:4.3225 validation loss:0.1942
Updating learning rate to 9.829314220672151e-05
Updating learning rate to 9.829314220672151e-05
(34369, 1)
(34369, 1) True
train 34369
vs, vt 0.1926739092021348 0.2012127973347403
need align? ->  False 0.2012127973347403
2023-09-10 13:55:07,612 - epoch:8, training loss:4.1281 validation loss:0.1927
Updating learning rate to 9.618932632983303e-05
Updating learning rate to 9.618932632983303e-05
(34369, 1)
(34369, 1) True
train 34369
vs, vt 0.19166941428817183 0.19816333700658223
need align? ->  False 0.19816333700658223
2023-09-10 14:01:30,359 - epoch:9, training loss:4.4767 validation loss:0.1917
Updating learning rate to 9.329520169539592e-05
Updating learning rate to 9.329520169539592e-05
(34369, 1)
(34369, 1) True
train 34369
vs, vt 0.18874682269615833 0.19467862300033675
need align? ->  False 0.19467862300033675
2023-09-10 14:07:58,783 - epoch:10, training loss:4.5329 validation loss:0.1887
Updating learning rate to 8.966028757830835e-05
Updating learning rate to 8.966028757830835e-05
(34369, 1)
(34369, 1) True
train 34369
vs, vt 0.18782341567664174 0.1914154711132609
need align? ->  False 0.1914154711132609
2023-09-10 14:14:21,979 - epoch:11, training loss:4.8415 validation loss:0.1878
Updating learning rate to 8.534677836690231e-05
Updating learning rate to 8.534677836690231e-05
(34369, 1)
(34369, 1) True
train 34369
vs, vt 0.18616552224289107 0.18862018086973514
need align? ->  False 0.18862018086973514
2023-09-10 14:20:56,475 - epoch:12, training loss:4.5511 validation loss:0.1862
Updating learning rate to 8.042847939971561e-05
Updating learning rate to 8.042847939971561e-05
(34369, 1)
(34369, 1) True
train 34369
vs, vt 0.18566872658176795 0.18792344377943257
need align? ->  False 0.18792344377943257
2023-09-10 14:27:35,986 - epoch:13, training loss:4.4497 validation loss:0.1857
Updating learning rate to 7.498954413568693e-05
Updating learning rate to 7.498954413568693e-05
(34369, 1)
(34369, 1) True
train 34369
vs, vt 0.18298836545654515 0.18688303361225395
need align? ->  False 0.18688303361225395
2023-09-10 14:34:07,467 - epoch:14, training loss:4.3436 validation loss:0.1830
Updating learning rate to 6.912303426514151e-05
Updating learning rate to 6.912303426514151e-05
(34369, 1)
(34369, 1) True
train 34369
vs, vt 0.18308674577394676 0.1847400633649453
need align? ->  False 0.1847400633649453
2023-09-10 14:40:47,183 - epoch:15, training loss:4.3011 validation loss:0.1831
Updating learning rate to 6.292932739846823e-05
Updating learning rate to 6.292932739846823e-05
(34369, 1)
(34369, 1) True
train 34369
vs, vt 0.18213257561932064 0.1846378904730914
need align? ->  False 0.1846378904730914
2023-09-10 14:47:18,405 - epoch:16, training loss:4.0063 validation loss:0.1821
Updating learning rate to 5.651439957737585e-05
Updating learning rate to 5.651439957737585e-05
(34369, 1)
(34369, 1) True
train 34369
vs, vt 0.18187817167386663 0.18410276696502165
need align? ->  False 0.18410276696502165
2023-09-10 14:53:55,483 - epoch:17, training loss:4.1013 validation loss:0.1819
Updating learning rate to 4.998801199543722e-05
Updating learning rate to 4.998801199543722e-05
(34369, 1)
(34369, 1) True
train 34369
vs, vt 0.18072768392343094 0.1845960324453242
need align? ->  False 0.18410276696502165
2023-09-10 15:00:29,390 - epoch:18, training loss:4.0500 validation loss:0.1807
Updating learning rate to 4.3461832953635796e-05
Updating learning rate to 4.3461832953635796e-05
(34369, 1)
(34369, 1) True
train 34369
vs, vt 0.18040353007739482 0.18417688459157944
need align? ->  False 0.18410276696502165
2023-09-10 15:07:02,739 - epoch:19, training loss:4.0253 validation loss:0.1804
Updating learning rate to 3.70475271847755e-05
Updating learning rate to 3.70475271847755e-05
(34369, 1)
(34369, 1) True
train 34369
vs, vt 0.18141587469830858 0.18262902085341554
need align? ->  False 0.18262902085341554
2023-09-10 15:13:42,410 - epoch:20, training loss:4.0127 validation loss:0.1814
Updating learning rate to 3.085484523894306e-05
Updating learning rate to 3.085484523894306e-05
(34369, 1)
(34369, 1) True
train 34369
vs, vt 0.18091599507954534 0.18335445015040855
need align? ->  False 0.18262902085341554
2023-09-10 15:20:20,544 - epoch:21, training loss:3.8620 validation loss:0.1809
Updating learning rate to 2.4989745621167433e-05
Updating learning rate to 2.4989745621167433e-05
(34369, 1)
(34369, 1) True
train 34369
vs, vt 0.1813244411107881 0.18281900687091177
need align? ->  False 0.18262902085341554
2023-09-10 15:26:58,811 - epoch:22, training loss:3.8475 validation loss:0.1813
Updating learning rate to 1.955258181202164e-05
Updating learning rate to 1.955258181202164e-05
(34369, 1)
(34369, 1) True
train 34369
vs, vt 0.1806575131691035 0.18314718996179835
need align? ->  False 0.18262902085341554
2023-09-10 15:33:29,837 - epoch:23, training loss:3.8430 validation loss:0.1807
Updating learning rate to 1.4636385191746728e-05
Updating learning rate to 1.4636385191746728e-05
(34369, 1)
(34369, 1) True
train 34369
vs, vt 0.18057746448496867 0.18298073728990288
need align? ->  False 0.18262902085341554
2023-09-10 15:40:00,954 - epoch:24, training loss:3.8401 validation loss:0.1806
Updating learning rate to 1.0325273247542814e-05
Updating learning rate to 1.0325273247542814e-05
(34369, 1)
(34369, 1) True
train 34369
vs, vt 0.18012907303994594 0.1823888744888359
need align? ->  False 0.1823888744888359
2023-09-10 15:46:38,919 - epoch:25, training loss:3.8348 validation loss:0.1801
Updating learning rate to 6.693010300041293e-06
Updating learning rate to 6.693010300041293e-06
(34369, 1)
(34369, 1) True
train 34369
vs, vt 0.18033202350472605 0.18221549333890058
need align? ->  False 0.18221549333890058
2023-09-10 15:53:17,343 - epoch:26, training loss:3.8616 validation loss:0.1803
Updating learning rate to 3.801745375327441e-06
Updating learning rate to 3.801745375327441e-06
(34369, 1)
(34369, 1) True
train 34369
vs, vt 0.1802711690770847 0.18233684084102428
need align? ->  False 0.18221549333890058
2023-09-10 15:59:53,883 - epoch:27, training loss:3.8497 validation loss:0.1803
Updating learning rate to 1.7009488178731925e-06
Updating learning rate to 1.7009488178731925e-06
(34369, 1)
(34369, 1) True
train 34369
vs, vt 0.18044171124363745 0.18233255282377397
need align? ->  False 0.18221549333890058
2023-09-10 16:06:17,635 - epoch:28, training loss:3.8488 validation loss:0.1804
Updating learning rate to 4.2656583922743976e-07
Updating learning rate to 4.2656583922743976e-07
(34369, 1)
(34369, 1) True
train 34369
vs, vt 0.1804178341723687 0.18234336786180236
need align? ->  False 0.18221549333890058
2023-09-10 16:12:52,824 - epoch:29, training loss:3.8483 validation loss:0.1804
Updating learning rate to 4.0148548051411953e-10
Updating learning rate to 4.0148548051411953e-10
dropout 0.05
dropout 0.05
fourier enhanced block used!
modes=32, index=[0, 1, 2, 3, 5, 6, 7, 8, 11, 14, 15, 16, 17, 18, 19, 20, 21, 23, 24, 26, 27, 29, 30, 31, 34, 36, 39, 40, 41, 44, 45, 46]
fourier enhanced block used!
modes=32, index=[8, 11, 12, 13, 16, 17, 23, 24, 25, 26, 29, 32, 33, 35, 36, 37, 39, 40, 41, 43, 45, 50, 52, 54, 56, 57, 58, 59, 63, 64, 65, 66]
 fourier enhanced cross attention used!
modes_q=32, index_q=[0, 3, 4, 5, 8, 11, 14, 15, 20, 21, 22, 23, 31, 33, 35, 36, 40, 41, 42, 46, 47, 48, 50, 52, 54, 55, 56, 59, 61, 63, 64, 68]
modes_kv=32, index_kv=[0, 1, 2, 3, 5, 6, 7, 9, 12, 13, 15, 16, 17, 19, 25, 26, 27, 30, 32, 33, 34, 35, 36, 37, 38, 39, 41, 42, 43, 44, 45, 46]
check exp/ECL-FEDformer2023-09-10-12:58:49.427818/0/0.1801_epoch_25.pkl  &  0.18221549333890058
2023-09-10 16:13:19,302 - [*] loss:0.8672
2023-09-10 16:13:19,315 - [*] phase 0, testing
2023-09-10 16:13:19,446 - T:96	MAE	0.579229	RMSE	0.868500	MAPE	297.512293
2023-09-10 16:13:19,446 - 96	mae	0.5792	
2023-09-10 16:13:19,446 - 96	rmse	0.8685	
2023-09-10 16:13:19,446 - 96	mape	297.5123	
----*-----
2023-09-10 16:13:44,151 - [*] loss:0.9366
2023-09-10 16:13:44,164 - [*] phase 0, testing
2023-09-10 16:13:44,291 - T:96	MAE	0.608227	RMSE	0.937843	MAPE	315.233946
2023-09-10 16:14:05,624 - [*] loss:1.4104
2023-09-10 16:14:05,633 - [*] phase 0, testing
2023-09-10 16:14:05,761 - T:96	MAE	0.743640	RMSE	1.411554	MAPE	399.425292
2023-09-10 16:14:32,338 - [*] loss:1.0354
2023-09-10 16:14:32,347 - [*] phase 0, testing
2023-09-10 16:14:32,473 - T:96	MAE	0.646411	RMSE	1.036937	MAPE	319.314837
2023-09-10 16:14:57,864 - [*] loss:0.8773
2023-09-10 16:14:57,873 - [*] phase 0, testing
2023-09-10 16:14:58,000 - T:96	MAE	0.585933	RMSE	0.878472	MAPE	282.485914
----*-----
avg under noise: 0.6460528820753098 1.0662016868591309
2023-09-10 16:15:27,114 - [*] loss:0.8672
2023-09-10 16:15:27,123 - [*] phase 0, testing
2023-09-10 16:15:27,251 - T:96	MAE	0.579221	RMSE	0.868482	MAPE	297.487593
2023-09-10 16:15:27,252 - 96	mae	0.5792	
2023-09-10 16:15:27,252 - 96	rmse	0.8685	
2023-09-10 16:15:27,252 - 96	mape	297.4876	
----*-----
2023-09-10 16:15:55,717 - [*] loss:0.9342
2023-09-10 16:15:55,726 - [*] phase 0, testing
2023-09-10 16:15:55,859 - T:96	MAE	0.607732	RMSE	0.935517	MAPE	315.079880
2023-09-10 16:16:24,619 - [*] loss:1.4062
2023-09-10 16:16:24,629 - [*] phase 0, testing
2023-09-10 16:16:24,758 - T:96	MAE	0.744150	RMSE	1.406904	MAPE	401.160002
2023-09-10 16:16:58,568 - [*] loss:1.0258
2023-09-10 16:16:58,577 - [*] phase 0, testing
2023-09-10 16:16:58,707 - T:96	MAE	0.645058	RMSE	1.027404	MAPE	318.350554
2023-09-10 16:17:27,988 - [*] loss:0.8788
2023-09-10 16:17:27,997 - [*] phase 0, testing
2023-09-10 16:17:28,127 - T:96	MAE	0.585876	RMSE	0.880066	MAPE	282.545638
----*-----
avg under noise: 0.6457040756940842 1.0624728351831436
