2023-07-24 11:19:44,984 - logger name:exp/ECL-PatchTST2023-07-24-11:19:44.983914/ECL-PatchTST.log
2023-07-24 11:19:44,984 - params : {'conf': 'ECL-PatchTST', 'data_name': 'electricity', 'iteration': 1, 'load': True, 'build_graph': False, 'root_path': '', 'exp_path': 'exp/', 'val_test_mix': False, 'pred_len': 96, 'noise_rate': 0.1, 'device': device(type='cuda', index=1), 'test_model_path': '/Disk/fhyega/code/BASE/exp/ECL-PatchTST2023-07-23-21:59:42.618606/0/0.0379_epoch_25.pkl', 'idx': 89, 'aligner': 1, 'refiner': 0, 'seed': 2023, '/* model related args*/': '//', 'model_name': 'PatchTST', 'seq_len': 336, 'label_len': 48, 'features': 'M', 'target': 'OT', 'graph_input': False, 'individual': False, 'e_layers': 3, 'd_layers': 1, 'factor': 1, 'n_heads': 16, 'd_model': 128, 'd_ff': 256, 'dropout': 0.2, 'fc_dropout': 0.2, 'head_dropout': 0.0, 'patch_len': 16, 'stride': 8, 'des': 'Exp', 'padding_patch': 'end', 'revin': 1, 'affine': 0, 'subtract_last': 0, 'decomposition': 0, 'kernel_size': 25, 'output_attention': 0, 'embed_type': 0, 'activation': 'gelu', 'lradj': 'TST', 'distil': 1, 'linear_output': 1, 'pct_start': 0.2, '/*train related args*/': '//', 'train': True, 'epoch': 30, 'batch_size': 128, 'lr': 0.0001, 'loss': 'mse', '/*dataset related args*/': '//', 'save_data_path': 'data/ECL/', 'data_process': False, 'embed': 'timeF', 'freq': 'h', 'begin_phase': 0, 'end_phase': 1, 'phase_len': 26304, 'val_ratio': 0.33, 'graph_size': 321, '/*strategy related args*/': '//', 'strategy': 'incremental', 'increase': False, 'detect': False, 'detect_strategy': 'feature', 'replay': False, 'replay_strategy': 'random', 'repaly_num_samples': 100, 'ewc': False, 'ewc_strategy': 'ewc', 'ewc_lambda': 0.0001, 'subgraph_train': False, 'num_hops': 2, 'logname': 'ECL-PatchTST', 'time': '2023-07-24-11:19:44.983914', 'path': 'exp/ECL-PatchTST2023-07-24-11:19:44.983914', 'num_workers': 4, 'start_train': 0, 'logger': <Logger __main__ (INFO)>}
2023-07-24 11:19:44,984 - [*] phase 0 start training
18412 2632 5260 0.7 0.2 26304
train 17981
18412 2632 5260 0.7 0.2 26304
val 2537
18412 2632 5260 0.7 0.2 26304
test 5165
2023-07-24 11:19:48,209 - [*] phase 0 Dataset load!
2023-07-24 11:19:49,177 - [*] phase 0 Training start
18412 2632 5260 0.7 0.2 26304
train 17981
2023-07-24 11:19:57,798 - epoch:0, training loss:0.5113 validation loss:0.1085
18412 2632 5260 0.7 0.2 26304
train 17981
vs, vt 0.10846751183271408 0.1081078877672553
Updating learning rate to 1.0445766508069865e-05
Updating learning rate to 1.0445766508069865e-05
18412 2632 5260 0.7 0.2 26304
train 17981
vs, vt 0.07152423979714513 0.07123027993366123
2023-07-24 11:20:15,009 - epoch:1, training loss:0.5569 validation loss:0.0715
Updating learning rate to 2.805190328742299e-05
Updating learning rate to 2.805190328742299e-05
18412 2632 5260 0.7 0.2 26304
train 17981
vs, vt 0.06169258076697588 0.059346362762153146
2023-07-24 11:20:42,958 - epoch:2, training loss:0.3705 validation loss:0.0617
Updating learning rate to 5.208986672185724e-05
Updating learning rate to 5.208986672185724e-05
18412 2632 5260 0.7 0.2 26304
train 17981
vs, vt 0.055930646043270825 0.05332352099940181
2023-07-24 11:21:11,978 - epoch:3, training loss:0.2828 validation loss:0.0559
Updating learning rate to 7.610369432687743e-05
Updating learning rate to 7.610369432687743e-05
18412 2632 5260 0.7 0.2 26304
train 17981
vs, vt 0.05276541011407972 0.04987067077308893
2023-07-24 11:21:42,136 - epoch:4, training loss:0.2451 validation loss:0.0528
Updating learning rate to 9.364390586469177e-05
Updating learning rate to 9.364390586469177e-05
18412 2632 5260 0.7 0.2 26304
train 17981
vs, vt 0.050792579725384715 0.04710846189409494
2023-07-24 11:22:11,639 - epoch:5, training loss:0.2256 validation loss:0.0508
Updating learning rate to 9.999997814456623e-05
Updating learning rate to 9.999997814456623e-05
18412 2632 5260 0.7 0.2 26304
train 17981
vs, vt 0.05000131344422698 0.04709013113752007
2023-07-24 11:22:41,185 - epoch:6, training loss:0.2151 validation loss:0.0500
Updating learning rate to 9.956612105134122e-05
Updating learning rate to 9.956612105134122e-05
18412 2632 5260 0.7 0.2 26304
train 17981
vs, vt 0.048672319110482934 0.04482889650389552
2023-07-24 11:23:11,003 - epoch:7, training loss:0.2053 validation loss:0.0487
Updating learning rate to 9.828417730665822e-05
Updating learning rate to 9.828417730665822e-05
18412 2632 5260 0.7 0.2 26304
train 17981
vs, vt 0.049746514111757276 0.0449945546220988
2023-07-24 11:23:41,052 - epoch:8, training loss:0.2011 validation loss:0.0497
Updating learning rate to 9.617608132341072e-05
Updating learning rate to 9.617608132341072e-05
18412 2632 5260 0.7 0.2 26304
train 17981
vs, vt 0.04640081990510225 0.04394544716924429
2023-07-24 11:24:11,157 - epoch:9, training loss:0.1958 validation loss:0.0464
Updating learning rate to 9.327790320834669e-05
Updating learning rate to 9.327790320834669e-05
18412 2632 5260 0.7 0.2 26304
train 17981
vs, vt 0.04876163061708212 0.04412126922979951
2023-07-24 11:24:40,573 - epoch:10, training loss:0.1883 validation loss:0.0488
Updating learning rate to 8.963923159254168e-05
Updating learning rate to 8.963923159254168e-05
18412 2632 5260 0.7 0.2 26304
train 17981
vs, vt 0.04671635497361422 0.04315760382451117
2023-07-24 11:25:10,066 - epoch:11, training loss:0.1849 validation loss:0.0467
Updating learning rate to 8.532232515617246e-05
Updating learning rate to 8.532232515617246e-05
18412 2632 5260 0.7 0.2 26304
train 17981
vs, vt 0.048753571789711715 0.0431675411760807
2023-07-24 11:25:39,555 - epoch:12, training loss:0.1821 validation loss:0.0488
Updating learning rate to 8.04010473652379e-05
Updating learning rate to 8.04010473652379e-05
18412 2632 5260 0.7 0.2 26304
train 17981
vs, vt 0.044826940074563025 0.04231004784815014
2023-07-24 11:26:09,093 - epoch:13, training loss:0.1774 validation loss:0.0448
Updating learning rate to 7.495960264717686e-05
Updating learning rate to 7.495960264717686e-05
18412 2632 5260 0.7 0.2 26304
train 17981
vs, vt 0.04643240524455905 0.042040682723745705
2023-07-24 11:26:39,259 - epoch:14, training loss:0.1724 validation loss:0.0464
Updating learning rate to 6.909109562976884e-05
Updating learning rate to 6.909109562976884e-05
18412 2632 5260 0.7 0.2 26304
train 17981
vs, vt 0.04482702910900116 0.04249833156354725
2023-07-24 11:27:08,610 - epoch:15, training loss:0.1695 validation loss:0.0448
Updating learning rate to 6.289593809513925e-05
Updating learning rate to 6.289593809513925e-05
18412 2632 5260 0.7 0.2 26304
train 17981
vs, vt 0.04364005099050701 0.041874240385368466
2023-07-24 11:27:37,494 - epoch:16, training loss:0.1672 validation loss:0.0436
Updating learning rate to 5.6480130906327764e-05
Updating learning rate to 5.6480130906327764e-05
18412 2632 5260 0.7 0.2 26304
train 17981
vs, vt 0.04400364016182721 0.041612356156110766
2023-07-24 11:28:06,489 - epoch:17, training loss:0.1636 validation loss:0.0440
Updating learning rate to 4.995345030313274e-05
Updating learning rate to 4.995345030313274e-05
18412 2632 5260 0.7 0.2 26304
train 17981
vs, vt 0.04331469568423927 0.04123264830559492
2023-07-24 11:28:36,676 - epoch:18, training loss:0.1619 validation loss:0.0433
Updating learning rate to 4.3427569600212594e-05
Updating learning rate to 4.3427569600212594e-05
18412 2632 5260 0.7 0.2 26304
train 17981
vs, vt 0.042493594950065015 0.04074416598305106
2023-07-24 11:29:06,328 - epoch:19, training loss:0.1590 validation loss:0.0425
Updating learning rate to 3.70141484257102e-05
Updating learning rate to 3.70141484257102e-05
18412 2632 5260 0.7 0.2 26304
train 17981
vs, vt 0.04246665802784264 0.04088199329562485
2023-07-24 11:29:35,887 - epoch:20, training loss:0.1560 validation loss:0.0425
Updating learning rate to 3.0822922194057626e-05
Updating learning rate to 3.0822922194057626e-05
18412 2632 5260 0.7 0.2 26304
train 17981
vs, vt 0.041965642105787994 0.04121242775581777
2023-07-24 11:30:05,321 - epoch:21, training loss:0.1552 validation loss:0.0420
Updating learning rate to 2.4959824502610635e-05
Updating learning rate to 2.4959824502610635e-05
18412 2632 5260 0.7 0.2 26304
train 17981
vs, vt 0.04250690736807883 0.04083897983655334
2023-07-24 11:30:36,260 - epoch:22, training loss:0.1528 validation loss:0.0425
Updating learning rate to 1.9525174578427625e-05
Updating learning rate to 1.9525174578427625e-05
18412 2632 5260 0.7 0.2 26304
train 17981
vs, vt 0.041807925095781684 0.0404450137168169
2023-07-24 11:31:06,302 - epoch:23, training loss:0.1517 validation loss:0.0418
Updating learning rate to 1.4611960788481038e-05
Updating learning rate to 1.4611960788481038e-05
18412 2632 5260 0.7 0.2 26304
train 17981
vs, vt 0.04174881582148373 0.040370943723246455
2023-07-24 11:31:35,858 - epoch:24, training loss:0.1495 validation loss:0.0417
Updating learning rate to 1.0304249582917059e-05
Updating learning rate to 1.0304249582917059e-05
18412 2632 5260 0.7 0.2 26304
train 17981
vs, vt 0.0415897267870605 0.040276659792289136
2023-07-24 11:32:06,194 - epoch:25, training loss:0.1487 validation loss:0.0416
Updating learning rate to 6.675747094786052e-06
Updating learning rate to 6.675747094786052e-06
18412 2632 5260 0.7 0.2 26304
train 17981
vs, vt 0.041357883531600234 0.04028174690902233
2023-07-24 11:32:36,089 - epoch:26, training loss:0.1476 validation loss:0.0414
Updating learning rate to 3.7885380076709116e-06
Updating learning rate to 3.7885380076709116e-06
18412 2632 5260 0.7 0.2 26304
train 17981
vs, vt 0.04138698424212635 0.0403456465806812
2023-07-24 11:33:05,737 - epoch:27, training loss:0.1471 validation loss:0.0414
Updating learning rate to 1.6920232695377565e-06
Updating learning rate to 1.6920232695377565e-06
18412 2632 5260 0.7 0.2 26304
train 17981
vs, vt 0.04145177248865366 0.04031151682138443
2023-07-24 11:33:36,546 - epoch:28, training loss:0.1472 validation loss:0.0415
Updating learning rate to 4.220748288197363e-07
Updating learning rate to 4.220748288197363e-07
18412 2632 5260 0.7 0.2 26304
train 17981
vs, vt 0.04143814919516444 0.040287875849753615
2023-07-24 11:34:05,868 - epoch:29, training loss:0.1466 validation loss:0.0414
Updating learning rate to 4.218554337707414e-10
Updating learning rate to 4.218554337707414e-10
2023-07-24 11:34:09,401 - [*] loss:0.0812
2023-07-24 11:34:09,403 - [*] phase 0, testing
2023-07-24 11:34:09,413 - T:96	MAE	0.182619	RMSE	0.081705	MAPE	183.811176
2023-07-24 11:34:09,414 - 96	mae	0.1826	
2023-07-24 11:34:09,414 - 96	rmse	0.0817	
2023-07-24 11:34:09,414 - 96	mape	183.8112	
