2023-07-24 11:34:37,616 - logger name:exp/ECL-PatchTST2023-07-24-11:34:37.615771/ECL-PatchTST.log
2023-07-24 11:34:37,616 - params : {'conf': 'ECL-PatchTST', 'data_name': 'electricity', 'iteration': 1, 'load': True, 'build_graph': False, 'root_path': '', 'exp_path': 'exp/', 'val_test_mix': False, 'pred_len': 96, 'noise_rate': 0.1, 'device': device(type='cuda', index=0), 'test_model_path': '/Disk/fhyega/code/BASE/exp/ECL-PatchTST2023-07-23-21:59:42.618606/0/0.0379_epoch_25.pkl', 'idx': 89, 'aligner': 0, 'refiner': 1, 'seed': 2021, '/* model related args*/': '//', 'model_name': 'PatchTST', 'seq_len': 336, 'label_len': 48, 'features': 'M', 'target': 'OT', 'graph_input': False, 'individual': False, 'e_layers': 3, 'd_layers': 1, 'factor': 1, 'n_heads': 16, 'd_model': 128, 'd_ff': 256, 'dropout': 0.2, 'fc_dropout': 0.2, 'head_dropout': 0.0, 'patch_len': 16, 'stride': 8, 'des': 'Exp', 'padding_patch': 'end', 'revin': 1, 'affine': 0, 'subtract_last': 0, 'decomposition': 0, 'kernel_size': 25, 'output_attention': 0, 'embed_type': 0, 'activation': 'gelu', 'lradj': 'TST', 'distil': 1, 'linear_output': 1, 'pct_start': 0.2, '/*train related args*/': '//', 'train': True, 'epoch': 30, 'batch_size': 128, 'lr': 0.0001, 'loss': 'mse', '/*dataset related args*/': '//', 'save_data_path': 'data/ECL/', 'data_process': False, 'embed': 'timeF', 'freq': 'h', 'begin_phase': 0, 'end_phase': 1, 'phase_len': 26304, 'val_ratio': 0.33, 'graph_size': 321, '/*strategy related args*/': '//', 'strategy': 'incremental', 'increase': False, 'detect': False, 'detect_strategy': 'feature', 'replay': False, 'replay_strategy': 'random', 'repaly_num_samples': 100, 'ewc': False, 'ewc_strategy': 'ewc', 'ewc_lambda': 0.0001, 'subgraph_train': False, 'num_hops': 2, 'logname': 'ECL-PatchTST', 'time': '2023-07-24-11:34:37.615771', 'path': 'exp/ECL-PatchTST2023-07-24-11:34:37.615771', 'num_workers': 4, 'start_train': 0, 'logger': <Logger __main__ (INFO)>}
2023-07-24 11:34:37,616 - [*] phase 0 start training
18412 2632 5260 0.7 0.2 26304
train 17981
18412 2632 5260 0.7 0.2 26304
val 2537
18412 2632 5260 0.7 0.2 26304
test 5165
2023-07-24 11:34:40,954 - [*] phase 0 Dataset load!
2023-07-24 11:34:41,854 - [*] phase 0 Training start
18412 2632 5260 0.7 0.2 26304
train 17981
2023-07-24 11:34:51,486 - epoch:0, training loss:0.4858 validation loss:0.1047
18412 2632 5260 0.7 0.2 26304
train 17981
vs, vt 0.10466635804623366 0.10951920785009861
Updating learning rate to 1.0445766508069865e-05
Updating learning rate to 1.0445766508069865e-05
18412 2632 5260 0.7 0.2 26304
train 17981
vs, vt 0.06977328816428781 0.07167537324130535
2023-07-24 11:35:10,923 - epoch:1, training loss:0.3762 validation loss:0.0698
Updating learning rate to 2.805190328742299e-05
Updating learning rate to 2.805190328742299e-05
18412 2632 5260 0.7 0.2 26304
train 17981
vs, vt 0.058461151458323 0.05930031016469002
2023-07-24 11:35:24,465 - epoch:2, training loss:0.2690 validation loss:0.0585
Updating learning rate to 5.208986672185724e-05
Updating learning rate to 5.208986672185724e-05
18412 2632 5260 0.7 0.2 26304
train 17981
vs, vt 0.051701506972312926 0.052222229074686766
2023-07-24 11:35:37,714 - epoch:3, training loss:0.2107 validation loss:0.0517
Updating learning rate to 7.610369432687743e-05
Updating learning rate to 7.610369432687743e-05
18412 2632 5260 0.7 0.2 26304
train 17981
vs, vt 0.04881431832909584 0.04925404628738761
2023-07-24 11:35:50,611 - epoch:4, training loss:0.1841 validation loss:0.0488
Updating learning rate to 9.364390586469177e-05
Updating learning rate to 9.364390586469177e-05
18412 2632 5260 0.7 0.2 26304
train 17981
vs, vt 0.04690223336219788 0.04712411845102906
2023-07-24 11:36:04,424 - epoch:5, training loss:0.1710 validation loss:0.0469
Updating learning rate to 9.999997814456623e-05
Updating learning rate to 9.999997814456623e-05
18412 2632 5260 0.7 0.2 26304
train 17981
vs, vt 0.0456150496378541 0.04608677048236132
2023-07-24 11:36:17,840 - epoch:6, training loss:0.1633 validation loss:0.0456
Updating learning rate to 9.956612105134122e-05
Updating learning rate to 9.956612105134122e-05
18412 2632 5260 0.7 0.2 26304
train 17981
vs, vt 0.04470706069841981 0.04489625059068203
2023-07-24 11:36:31,142 - epoch:7, training loss:0.1577 validation loss:0.0447
Updating learning rate to 9.828417730665822e-05
Updating learning rate to 9.828417730665822e-05
18412 2632 5260 0.7 0.2 26304
train 17981
vs, vt 0.044730105064809324 0.044640983128920196
2023-07-24 11:36:44,932 - epoch:8, training loss:0.1541 validation loss:0.0447
Updating learning rate to 9.617608132341072e-05
Updating learning rate to 9.617608132341072e-05
18412 2632 5260 0.7 0.2 26304
train 17981
vs, vt 0.0439653838519007 0.04413204174488783
2023-07-24 11:36:57,984 - epoch:9, training loss:0.1496 validation loss:0.0440
Updating learning rate to 9.327790320834669e-05
Updating learning rate to 9.327790320834669e-05
18412 2632 5260 0.7 0.2 26304
train 17981
vs, vt 0.04384493133984506 0.043964032409712674
2023-07-24 11:37:11,487 - epoch:10, training loss:0.1473 validation loss:0.0438
Updating learning rate to 8.963923159254168e-05
Updating learning rate to 8.963923159254168e-05
18412 2632 5260 0.7 0.2 26304
train 17981
vs, vt 0.04368507987819612 0.043522955011576415
2023-07-24 11:37:24,561 - epoch:11, training loss:0.1437 validation loss:0.0437
Updating learning rate to 8.532232515617246e-05
Updating learning rate to 8.532232515617246e-05
18412 2632 5260 0.7 0.2 26304
train 17981
vs, vt 0.04280984099023044 0.043244946375489236
2023-07-24 11:37:37,358 - epoch:12, training loss:0.1416 validation loss:0.0428
Updating learning rate to 8.04010473652379e-05
Updating learning rate to 8.04010473652379e-05
18412 2632 5260 0.7 0.2 26304
train 17981
vs, vt 0.04303920823149383 0.04286345853470266
2023-07-24 11:37:49,598 - epoch:13, training loss:0.1399 validation loss:0.0430
Updating learning rate to 7.495960264717686e-05
Updating learning rate to 7.495960264717686e-05
18412 2632 5260 0.7 0.2 26304
train 17981
vs, vt 0.04306999319233 0.04305438911542296
2023-07-24 11:38:03,365 - epoch:14, training loss:0.1382 validation loss:0.0431
Updating learning rate to 6.909109562976884e-05
Updating learning rate to 6.909109562976884e-05
18412 2632 5260 0.7 0.2 26304
train 17981
vs, vt 0.042590269027277826 0.04314440796151757
2023-07-24 11:38:16,317 - epoch:15, training loss:0.1365 validation loss:0.0426
Updating learning rate to 6.289593809513925e-05
Updating learning rate to 6.289593809513925e-05
18412 2632 5260 0.7 0.2 26304
train 17981
vs, vt 0.04160812762565911 0.04132214616984129
2023-07-24 11:38:29,884 - epoch:16, training loss:0.1348 validation loss:0.0416
Updating learning rate to 5.6480130906327764e-05
Updating learning rate to 5.6480130906327764e-05
18412 2632 5260 0.7 0.2 26304
train 17981
vs, vt 0.04162161857821047 0.041764143481850625
2023-07-24 11:38:42,774 - epoch:17, training loss:0.1332 validation loss:0.0416
Updating learning rate to 4.995345030313274e-05
Updating learning rate to 4.995345030313274e-05
18412 2632 5260 0.7 0.2 26304
train 17981
vs, vt 0.041529077431187035 0.041594708478078245
2023-07-24 11:38:55,225 - epoch:18, training loss:0.1319 validation loss:0.0415
Updating learning rate to 4.3427569600212594e-05
Updating learning rate to 4.3427569600212594e-05
18412 2632 5260 0.7 0.2 26304
train 17981
vs, vt 0.042064714105799796 0.0421214715577662
2023-07-24 11:39:07,919 - epoch:19, training loss:0.1308 validation loss:0.0421
Updating learning rate to 3.70141484257102e-05
Updating learning rate to 3.70141484257102e-05
18412 2632 5260 0.7 0.2 26304
train 17981
vs, vt 0.040861624851822854 0.04101340072229505
2023-07-24 11:39:21,132 - epoch:20, training loss:0.1295 validation loss:0.0409
Updating learning rate to 3.0822922194057626e-05
Updating learning rate to 3.0822922194057626e-05
18412 2632 5260 0.7 0.2 26304
train 17981
vs, vt 0.040769412321969865 0.0407474703155458
2023-07-24 11:39:34,507 - epoch:21, training loss:0.1281 validation loss:0.0408
Updating learning rate to 2.4959824502610635e-05
Updating learning rate to 2.4959824502610635e-05
18412 2632 5260 0.7 0.2 26304
train 17981
vs, vt 0.04052521148696542 0.040548513922840354
2023-07-24 11:39:48,094 - epoch:22, training loss:0.1276 validation loss:0.0405
Updating learning rate to 1.9525174578427625e-05
Updating learning rate to 1.9525174578427625e-05
18412 2632 5260 0.7 0.2 26304
train 17981
vs, vt 0.0404415869154036 0.04059967347420752
2023-07-24 11:40:01,212 - epoch:23, training loss:0.1269 validation loss:0.0404
Updating learning rate to 1.4611960788481038e-05
Updating learning rate to 1.4611960788481038e-05
18412 2632 5260 0.7 0.2 26304
train 17981
vs, vt 0.04057464892975986 0.04063670141622424
2023-07-24 11:40:14,946 - epoch:24, training loss:0.1258 validation loss:0.0406
Updating learning rate to 1.0304249582917059e-05
Updating learning rate to 1.0304249582917059e-05
18412 2632 5260 0.7 0.2 26304
train 17981
vs, vt 0.04072617152705789 0.04087645621038973
2023-07-24 11:40:28,005 - epoch:25, training loss:0.1256 validation loss:0.0407
Updating learning rate to 6.675747094786052e-06
Updating learning rate to 6.675747094786052e-06
18412 2632 5260 0.7 0.2 26304
train 17981
vs, vt 0.04034122889861465 0.040388346370309594
2023-07-24 11:40:40,755 - epoch:26, training loss:0.1254 validation loss:0.0403
Updating learning rate to 3.7885380076709116e-06
Updating learning rate to 3.7885380076709116e-06
18412 2632 5260 0.7 0.2 26304
train 17981
vs, vt 0.04035344701260328 0.04046570658683777
2023-07-24 11:40:53,793 - epoch:27, training loss:0.1251 validation loss:0.0404
Updating learning rate to 1.6920232695377565e-06
Updating learning rate to 1.6920232695377565e-06
18412 2632 5260 0.7 0.2 26304
train 17981
vs, vt 0.04021959700621665 0.04033007752150297
2023-07-24 11:41:06,591 - epoch:28, training loss:0.1248 validation loss:0.0402
Updating learning rate to 4.220748288197363e-07
Updating learning rate to 4.220748288197363e-07
18412 2632 5260 0.7 0.2 26304
train 17981
vs, vt 0.040293172420933845 0.04037783001549542
2023-07-24 11:41:19,977 - epoch:29, training loss:0.1246 validation loss:0.0403
Updating learning rate to 4.218554337707414e-10
Updating learning rate to 4.218554337707414e-10
2023-07-24 11:41:20,738 - [*] loss:0.0800
2023-07-24 11:41:20,739 - [*] phase 0, testing
2023-07-24 11:41:20,748 - T:96	MAE	0.179557	RMSE	0.080572	MAPE	183.340383
2023-07-24 11:41:20,748 - 96	mae	0.1796	
2023-07-24 11:41:20,748 - 96	rmse	0.0806	
2023-07-24 11:41:20,748 - 96	mape	183.3404	
