2023-07-24 11:41:22,724 - logger name:exp/ECL-PatchTST2023-07-24-11:41:22.724517/ECL-PatchTST.log
2023-07-24 11:41:22,725 - params : {'conf': 'ECL-PatchTST', 'data_name': 'electricity', 'iteration': 1, 'load': True, 'build_graph': False, 'root_path': '', 'exp_path': 'exp/', 'val_test_mix': False, 'pred_len': 96, 'noise_rate': 0.1, 'device': device(type='cuda', index=0), 'test_model_path': '/Disk/fhyega/code/BASE/exp/ECL-PatchTST2023-07-23-21:59:42.618606/0/0.0379_epoch_25.pkl', 'idx': 89, 'aligner': 0, 'refiner': 1, 'seed': 2022, '/* model related args*/': '//', 'model_name': 'PatchTST', 'seq_len': 336, 'label_len': 48, 'features': 'M', 'target': 'OT', 'graph_input': False, 'individual': False, 'e_layers': 3, 'd_layers': 1, 'factor': 1, 'n_heads': 16, 'd_model': 128, 'd_ff': 256, 'dropout': 0.2, 'fc_dropout': 0.2, 'head_dropout': 0.0, 'patch_len': 16, 'stride': 8, 'des': 'Exp', 'padding_patch': 'end', 'revin': 1, 'affine': 0, 'subtract_last': 0, 'decomposition': 0, 'kernel_size': 25, 'output_attention': 0, 'embed_type': 0, 'activation': 'gelu', 'lradj': 'TST', 'distil': 1, 'linear_output': 1, 'pct_start': 0.2, '/*train related args*/': '//', 'train': True, 'epoch': 30, 'batch_size': 128, 'lr': 0.0001, 'loss': 'mse', '/*dataset related args*/': '//', 'save_data_path': 'data/ECL/', 'data_process': False, 'embed': 'timeF', 'freq': 'h', 'begin_phase': 0, 'end_phase': 1, 'phase_len': 26304, 'val_ratio': 0.33, 'graph_size': 321, '/*strategy related args*/': '//', 'strategy': 'incremental', 'increase': False, 'detect': False, 'detect_strategy': 'feature', 'replay': False, 'replay_strategy': 'random', 'repaly_num_samples': 100, 'ewc': False, 'ewc_strategy': 'ewc', 'ewc_lambda': 0.0001, 'subgraph_train': False, 'num_hops': 2, 'logname': 'ECL-PatchTST', 'time': '2023-07-24-11:41:22.724517', 'path': 'exp/ECL-PatchTST2023-07-24-11:41:22.724517', 'num_workers': 4, 'start_train': 0, 'logger': <Logger __main__ (INFO)>}
2023-07-24 11:41:22,725 - [*] phase 0 start training
18412 2632 5260 0.7 0.2 26304
train 17981
18412 2632 5260 0.7 0.2 26304
val 2537
18412 2632 5260 0.7 0.2 26304
test 5165
2023-07-24 11:41:25,972 - [*] phase 0 Dataset load!
2023-07-24 11:41:26,854 - [*] phase 0 Training start
18412 2632 5260 0.7 0.2 26304
train 17981
2023-07-24 11:41:36,419 - epoch:0, training loss:0.4985 validation loss:0.1105
18412 2632 5260 0.7 0.2 26304
train 17981
vs, vt 0.1104710828512907 0.1084658820182085
Updating learning rate to 1.0445766508069865e-05
Updating learning rate to 1.0445766508069865e-05
18412 2632 5260 0.7 0.2 26304
train 17981
vs, vt 0.07121795807033778 0.07136134700849653
2023-07-24 11:41:54,360 - epoch:1, training loss:0.3740 validation loss:0.0712
Updating learning rate to 2.805190328742299e-05
Updating learning rate to 2.805190328742299e-05
18412 2632 5260 0.7 0.2 26304
train 17981
vs, vt 0.05889012664556503 0.05904890140518546
2023-07-24 11:42:08,102 - epoch:2, training loss:0.2678 validation loss:0.0589
Updating learning rate to 5.208986672185724e-05
Updating learning rate to 5.208986672185724e-05
18412 2632 5260 0.7 0.2 26304
train 17981
vs, vt 0.0526125006377697 0.05298202326521277
2023-07-24 11:42:20,874 - epoch:3, training loss:0.2111 validation loss:0.0526
Updating learning rate to 7.610369432687743e-05
Updating learning rate to 7.610369432687743e-05
18412 2632 5260 0.7 0.2 26304
train 17981
vs, vt 0.04891266170889139 0.04902115799486637
2023-07-24 11:42:34,263 - epoch:4, training loss:0.1843 validation loss:0.0489
Updating learning rate to 9.364390586469177e-05
Updating learning rate to 9.364390586469177e-05
18412 2632 5260 0.7 0.2 26304
train 17981
vs, vt 0.0471488886512816 0.047458232194185254
2023-07-24 11:42:47,451 - epoch:5, training loss:0.1710 validation loss:0.0471
Updating learning rate to 9.999997814456623e-05
Updating learning rate to 9.999997814456623e-05
18412 2632 5260 0.7 0.2 26304
train 17981
vs, vt 0.04595525972545147 0.04607259221374989
2023-07-24 11:43:00,699 - epoch:6, training loss:0.1627 validation loss:0.0460
Updating learning rate to 9.956612105134122e-05
Updating learning rate to 9.956612105134122e-05
18412 2632 5260 0.7 0.2 26304
train 17981
vs, vt 0.04530440904200077 0.04519721269607544
2023-07-24 11:43:13,570 - epoch:7, training loss:0.1571 validation loss:0.0453
Updating learning rate to 9.828417730665822e-05
Updating learning rate to 9.828417730665822e-05
18412 2632 5260 0.7 0.2 26304
train 17981
vs, vt 0.04410504354164004 0.0444308484904468
2023-07-24 11:43:26,857 - epoch:8, training loss:0.1523 validation loss:0.0441
Updating learning rate to 9.617608132341072e-05
Updating learning rate to 9.617608132341072e-05
18412 2632 5260 0.7 0.2 26304
train 17981
vs, vt 0.04469551220536232 0.04459976674988866
2023-07-24 11:43:39,752 - epoch:9, training loss:0.1498 validation loss:0.0447
Updating learning rate to 9.327790320834669e-05
Updating learning rate to 9.327790320834669e-05
18412 2632 5260 0.7 0.2 26304
train 17981
vs, vt 0.04344011261127889 0.04383513280190528
2023-07-24 11:43:52,693 - epoch:10, training loss:0.1466 validation loss:0.0434
Updating learning rate to 8.963923159254168e-05
Updating learning rate to 8.963923159254168e-05
18412 2632 5260 0.7 0.2 26304
train 17981
vs, vt 0.04336693524383008 0.043394749891012906
2023-07-24 11:44:06,248 - epoch:11, training loss:0.1440 validation loss:0.0434
Updating learning rate to 8.532232515617246e-05
Updating learning rate to 8.532232515617246e-05
18412 2632 5260 0.7 0.2 26304
train 17981
vs, vt 0.04347986690700054 0.043490522634238006
2023-07-24 11:44:22,826 - epoch:12, training loss:0.1421 validation loss:0.0435
Updating learning rate to 8.04010473652379e-05
Updating learning rate to 8.04010473652379e-05
18412 2632 5260 0.7 0.2 26304
train 17981
vs, vt 0.042454210994765165 0.04279859671369195
2023-07-24 11:44:37,696 - epoch:13, training loss:0.1395 validation loss:0.0425
Updating learning rate to 7.495960264717686e-05
Updating learning rate to 7.495960264717686e-05
18412 2632 5260 0.7 0.2 26304
train 17981
vs, vt 0.04191346592269838 0.042112913355231284
2023-07-24 11:44:51,314 - epoch:14, training loss:0.1381 validation loss:0.0419
Updating learning rate to 6.909109562976884e-05
Updating learning rate to 6.909109562976884e-05
18412 2632 5260 0.7 0.2 26304
train 17981
vs, vt 0.042445543315261604 0.04275749139487743
2023-07-24 11:45:04,218 - epoch:15, training loss:0.1358 validation loss:0.0424
Updating learning rate to 6.289593809513925e-05
Updating learning rate to 6.289593809513925e-05
18412 2632 5260 0.7 0.2 26304
train 17981
vs, vt 0.041341047082096335 0.04136567013338208
2023-07-24 11:45:18,203 - epoch:16, training loss:0.1342 validation loss:0.0413
Updating learning rate to 5.6480130906327764e-05
Updating learning rate to 5.6480130906327764e-05
18412 2632 5260 0.7 0.2 26304
train 17981
vs, vt 0.04137600492686033 0.041665581753477454
2023-07-24 11:45:31,129 - epoch:17, training loss:0.1326 validation loss:0.0414
Updating learning rate to 4.995345030313274e-05
Updating learning rate to 4.995345030313274e-05
18412 2632 5260 0.7 0.2 26304
train 17981
vs, vt 0.041025688592344525 0.041298886155709626
2023-07-24 11:45:43,771 - epoch:18, training loss:0.1308 validation loss:0.0410
Updating learning rate to 4.3427569600212594e-05
Updating learning rate to 4.3427569600212594e-05
18412 2632 5260 0.7 0.2 26304
train 17981
vs, vt 0.04136272431351244 0.04172275438904762
2023-07-24 11:46:05,502 - epoch:19, training loss:0.1300 validation loss:0.0414
Updating learning rate to 3.70141484257102e-05
Updating learning rate to 3.70141484257102e-05
18412 2632 5260 0.7 0.2 26304
train 17981
vs, vt 0.04072858849540353 0.04108871733769774
2023-07-24 11:46:19,443 - epoch:20, training loss:0.1290 validation loss:0.0407
Updating learning rate to 3.0822922194057626e-05
Updating learning rate to 3.0822922194057626e-05
18412 2632 5260 0.7 0.2 26304
train 17981
vs, vt 0.040532428212463854 0.040865567745640874
2023-07-24 11:46:32,590 - epoch:21, training loss:0.1277 validation loss:0.0405
Updating learning rate to 2.4959824502610635e-05
Updating learning rate to 2.4959824502610635e-05
18412 2632 5260 0.7 0.2 26304
train 17981
vs, vt 0.040250945882871744 0.04046181384474039
2023-07-24 11:46:46,026 - epoch:22, training loss:0.1269 validation loss:0.0403
Updating learning rate to 1.9525174578427625e-05
Updating learning rate to 1.9525174578427625e-05
18412 2632 5260 0.7 0.2 26304
train 17981
vs, vt 0.041061153868213296 0.04138184036128223
2023-07-24 11:47:09,381 - epoch:23, training loss:0.1264 validation loss:0.0411
Updating learning rate to 1.4611960788481038e-05
Updating learning rate to 1.4611960788481038e-05
18412 2632 5260 0.7 0.2 26304
train 17981
vs, vt 0.04029653649777174 0.040435547241941094
2023-07-24 11:47:29,963 - epoch:24, training loss:0.1256 validation loss:0.0403
Updating learning rate to 1.0304249582917059e-05
Updating learning rate to 1.0304249582917059e-05
18412 2632 5260 0.7 0.2 26304
train 17981
vs, vt 0.04013136620633304 0.04039064035750926
2023-07-24 11:47:43,943 - epoch:25, training loss:0.1247 validation loss:0.0401
Updating learning rate to 6.675747094786052e-06
Updating learning rate to 6.675747094786052e-06
18412 2632 5260 0.7 0.2 26304
train 17981
vs, vt 0.04003185173496604 0.04022438898682594
2023-07-24 11:47:56,809 - epoch:26, training loss:0.1246 validation loss:0.0400
Updating learning rate to 3.7885380076709116e-06
Updating learning rate to 3.7885380076709116e-06
18412 2632 5260 0.7 0.2 26304
train 17981
vs, vt 0.039947224361822006 0.04019388379529119
2023-07-24 11:48:11,020 - epoch:27, training loss:0.1243 validation loss:0.0399
Updating learning rate to 1.6920232695377565e-06
Updating learning rate to 1.6920232695377565e-06
18412 2632 5260 0.7 0.2 26304
train 17981
vs, vt 0.0399176343344152 0.04016113998368383
2023-07-24 11:48:24,008 - epoch:28, training loss:0.1239 validation loss:0.0399
Updating learning rate to 4.220748288197363e-07
Updating learning rate to 4.220748288197363e-07
18412 2632 5260 0.7 0.2 26304
train 17981
vs, vt 0.03991502169519663 0.04016510467045009
2023-07-24 11:48:45,163 - epoch:29, training loss:0.1241 validation loss:0.0399
Updating learning rate to 4.218554337707414e-10
Updating learning rate to 4.218554337707414e-10
2023-07-24 11:48:47,705 - [*] loss:0.0809
2023-07-24 11:48:47,706 - [*] phase 0, testing
2023-07-24 11:48:47,717 - T:96	MAE	0.179862	RMSE	0.081580	MAPE	180.675364
2023-07-24 11:48:47,717 - 96	mae	0.1799	
2023-07-24 11:48:47,717 - 96	rmse	0.0816	
2023-07-24 11:48:47,717 - 96	mape	180.6754	
