2023-09-10 04:42:38,236 - logger name:exp/ECL-Informer2023-09-10-04:42:38.235831/ECL-Informer.log
2023-09-10 04:42:38,236 - params : {'loss': 'huber', 'conf': 'ECL-Informer', 'data_name': 'ETTm1', 'iteration': 1, 'train': 1, 'mainrs': 0, 'abl': 1, 'abl_tmp_context': 0, 'abl_ae': 0, 'no_tmp': 0, 'load': True, 'build_graph': False, 'same_init': True, 'grad_norm': False, 'refiner_residual': 0, 'root_path': '', 'exp_path': 'exp/', 'val_test_mix': False, 'lr': 0.0001, 'lradj': 'TST', 'dropout': 0.05, 'fc_dropout': 0.05, 'head_dropout': 0.0, 'patch_len': 16, 'stride': 8, 'd_ff': 512, 'd_model': 128, 'n_heads': 8, 'seq_len': 336, 'pred_len': 192, 'noise_rate': 0.5, 'device': device(type='cuda', index=1), 'test_model_path': '/Disk/fhyega/code/BASE/exp/ECL-PatchTST2023-08-26-13:08:31.837686/0/best_model.pkl', 'idx': -1, 'aligner': 1, 'always_align': 1, 'refiner': 1, 'rec_block_num': 1, 'enhance': 1, 'enhance_type': 5, 'seed': 34, 'batch_size': 64, 'share_head': 0, 'add_noise': 1, 'add_norm': 0, 'jitter_sigma': 0.4, 'slope_rate': 0.01, 'slope_range': 0.2, 'alpha': 10.0, 'beta': 1.0, 'gamma': 0.15, 'feature_jittering': 1, 'rec_intra_feature': 0, 'rec_ori': 1, 'mid_dim': 128, 'test_en': 0, 'debugger': 0, 'summary': 0, 'omega': 1.0, 'theta': 1.5, 'mask_border': 1, 'sup_weight': 10.0, 'rec_length_ratio': 0.8, 'ref_dropout': 0.0, 'ref_block_num': 1, 'add_FFN': 1, 'add_residual': 0, 'rec_all': 0, 'e_layers': 2, 'early_break': 0, 'early_stop': 10, 'lo': None, '/* model related args*/': '//', 'model_name': 'informer', 'label_len': 48, 'features': 'M', 'target': 'OT', 'graph_input': False, 'individual': False, 'd_layers': 1, 'factor': 3, 'des': 'Exp', 'padding_patch': 'end', 'revin': 1, 'affine': 0, 'subtract_last': 0, 'decomposition': 0, 'kernel_size': 25, 'output_attention': 0, 'embed_type': 0, 'activation': 'gelu', 'distil': 1, 'linear_output': 0, 'pct_start': 0.3, 'indie': 0, '/*train related args*/': '//', 'epoch': 30, '/*dataset related args*/': '//', 'save_data_path': 'data/ECL/', 'data_process': False, 'embed': 'timeF', 'freq': 'h', 'begin_phase': 0, 'end_phase': 1, 'phase_len': 26304, 'val_ratio': 0.33, 'graph_size': 321, '/*strategy related args*/': '//', 'strategy': 'incremental', 'increase': False, 'detect': False, 'detect_strategy': 'feature', 'replay': False, 'replay_strategy': 'random', 'repaly_num_samples': 100, 'ewc': False, 'ewc_strategy': 'ewc', 'ewc_lambda': 0.0001, 'subgraph_train': False, 'num_hops': 2, 'logname': 'ECL-Informer', 'time': '2023-09-10-04:42:38.235831', 'path': 'exp/ECL-Informer2023-09-10-04:42:38.235831', 'num_workers': 4, 'start_train': 0, 'train_mode': 'pretrain', 'get_score': False, 'use_cm': True, 'logger': <Logger __main__ (INFO)>}
2023-09-10 04:42:38,236 - [*] phase 0 start training
train 34033
val 11329
test 11329
2023-09-10 04:42:38,521 - [*] phase 0 Dataset load!
dropout 0.05
dropout 0.05
1 True None
2023-09-10 04:42:38,956 - [*] phase 0 Training start
train 34033
2023-09-10 04:46:01,845 - epoch:0, training loss:0.3830 validation loss:0.4421
(34033, 1)
(34033, 1) True
train 34033
vs, vt 0.4421446343486229 0.4821135522274489
Updating learning rate to 6.895953695292139e-06
Updating learning rate to 6.895953695292139e-06
(34033, 1)
(34033, 1) True
train 34033
vs, vt 0.39560381218456153 0.435676263038362
need align? ->  False 0.435676263038362
2023-09-10 04:53:46,923 - epoch:1, training loss:18.7081 validation loss:0.3956
Updating learning rate to 1.5234375289282042e-05
Updating learning rate to 1.5234375289282042e-05
(34033, 1)
(34033, 1) True
train 34033
vs, vt 0.3739429179034876 0.3883825691647074
need align? ->  False 0.3883825691647074
2023-09-10 04:59:38,242 - epoch:2, training loss:17.2754 validation loss:0.3739
Updating learning rate to 2.8009111330802252e-05
Updating learning rate to 2.8009111330802252e-05
(34033, 1)
(34033, 1) True
train 34033
vs, vt 0.36727310938949 0.37010576697380354
need align? ->  False 0.37010576697380354
2023-09-10 05:05:30,751 - epoch:3, training loss:14.1665 validation loss:0.3673
Updating learning rate to 4.367870165127688e-05
Updating learning rate to 4.367870165127688e-05
(34033, 1)
(34033, 1) True
train 34033
vs, vt 0.36356882688202213 0.3648439131760865
need align? ->  False 0.3648439131760865
2023-09-10 05:11:27,035 - epoch:4, training loss:10.9433 validation loss:0.3636
Updating learning rate to 6.035237925102703e-05
Updating learning rate to 6.035237925102703e-05
(34033, 1)
(34033, 1) False
train 34033
vs, vt 0.3580773614263267 0.35769983967033664
need align? ->  True 0.35769983967033664
2023-09-10 05:17:23,055 - epoch:5, training loss:9.0429 validation loss:0.3581
Updating learning rate to 7.601821920258997e-05
Updating learning rate to 7.601821920258997e-05
(34033, 1)
(34033, 1) True
train 34033
vs, vt 0.3541252618509062 0.3537902051813147
need align? ->  True 0.3537902051813147
2023-09-10 05:23:09,983 - epoch:6, training loss:6.8856 validation loss:0.3541
Updating learning rate to 8.878590704356638e-05
Updating learning rate to 8.878590704356638e-05
(34033, 1)
(34033, 1) True
train 34033
vs, vt 0.34174206614326896 0.3523704640232445
need align? ->  False 0.3523704640232445
2023-09-10 05:29:05,027 - epoch:7, training loss:6.2060 validation loss:0.3417
Updating learning rate to 9.711483307464741e-05
Updating learning rate to 9.711483307464741e-05
(34033, 1)
(34033, 1) True
train 34033
vs, vt 0.3321687128771557 0.34098267044579045
need align? ->  False 0.34098267044579045
2023-09-10 05:34:58,749 - epoch:8, training loss:5.9341 validation loss:0.3322
Updating learning rate to 9.999999801568607e-05
Updating learning rate to 9.999999801568607e-05
(34033, 1)
(34033, 1) True
train 34033
vs, vt 0.3399556376709697 0.33867456810025687
need align? ->  True 0.33867456810025687
2023-09-10 05:40:57,655 - epoch:9, training loss:5.7159 validation loss:0.3400
Updating learning rate to 9.943944209316649e-05
Updating learning rate to 9.943944209316649e-05
(34033, 1)
(34033, 1) True
train 34033
vs, vt 0.32667218655180397 0.33907255484314447
need align? ->  False 0.33867456810025687
2023-09-10 05:46:57,506 - epoch:10, training loss:5.6028 validation loss:0.3267
Updating learning rate to 9.777449519817386e-05
Updating learning rate to 9.777449519817386e-05
(34033, 1)
(34033, 1) True
train 34033
vs, vt 0.3257369108163239 0.3243645433169068
need align? ->  True 0.3243645433169068
2023-09-10 05:52:50,108 - epoch:11, training loss:5.3481 validation loss:0.3257
Updating learning rate to 9.504234949310042e-05
Updating learning rate to 9.504234949310042e-05
(34033, 1)
(34033, 1) True
train 34033
vs, vt 0.32243025780058976 0.3250419224581022
need align? ->  False 0.3243645433169068
2023-09-10 05:58:43,634 - epoch:12, training loss:5.5004 validation loss:0.3224
Updating learning rate to 9.130403659826262e-05
Updating learning rate to 9.130403659826262e-05
(34033, 1)
(34033, 1) True
train 34033
vs, vt 0.32533675474062396 0.313370123421878
need align? ->  True 0.313370123421878
2023-09-10 06:04:39,495 - epoch:13, training loss:5.3062 validation loss:0.3253
Updating learning rate to 8.664306424635505e-05
Updating learning rate to 8.664306424635505e-05
(34033, 1)
(34033, 1) True
train 34033
vs, vt 0.3260036400948348 0.3146516780756163
need align? ->  True 0.313370123421878
2023-09-10 06:10:34,279 - epoch:14, training loss:5.4002 validation loss:0.3260
Updating learning rate to 8.116355085769435e-05
Updating learning rate to 8.116355085769435e-05
(34033, 1)
(34033, 1) True
train 34033
vs, vt 0.3291199615832125 0.3122517132943266
need align? ->  True 0.3122517132943266
2023-09-10 06:16:34,263 - epoch:15, training loss:5.2842 validation loss:0.3291
Updating learning rate to 7.498789970675989e-05
Updating learning rate to 7.498789970675989e-05
(34033, 1)
(34033, 1) True
train 34033
vs, vt 0.3331525236200751 0.31185462702526134
need align? ->  True 0.31185462702526134
2023-09-10 06:22:24,073 - epoch:16, training loss:5.3087 validation loss:0.3332
Updating learning rate to 6.825406463530721e-05
Updating learning rate to 6.825406463530721e-05
(34033, 1)
(34033, 1) False
train 34033
vs, vt 0.3284609385169624 0.31390387677911963
need align? ->  True 0.31185462702526134
2023-09-10 06:28:17,914 - epoch:17, training loss:5.2860 validation loss:0.3285
Updating learning rate to 6.11124683915051e-05
Updating learning rate to 6.11124683915051e-05
(34033, 1)
(34033, 1) True
train 34033
vs, vt 0.3382204384699966 0.30982499502682953
need align? ->  True 0.30982499502682953
2023-09-10 06:34:10,446 - epoch:18, training loss:5.2428 validation loss:0.3382
Updating learning rate to 5.372264243430751e-05
Updating learning rate to 5.372264243430751e-05
(34033, 1)
(34033, 1) True
train 34033
vs, vt 0.33768209132753063 0.31385884350270365
need align? ->  True 0.30982499502682953
2023-09-10 06:40:04,251 - epoch:19, training loss:5.2814 validation loss:0.3377
Updating learning rate to 4.624966326427845e-05
Updating learning rate to 4.624966326427845e-05
(34033, 1)
(34033, 1) True
train 34033
vs, vt 0.3425246278305402 0.31483039172010474
need align? ->  True 0.30982499502682953
2023-09-10 06:46:04,415 - epoch:20, training loss:5.2521 validation loss:0.3425
Updating learning rate to 3.886046488735002e-05
Updating learning rate to 3.886046488735002e-05
(34033, 1)
(34033, 1) True
train 34033
vs, vt 0.33848011008139406 0.3156518481169524
need align? ->  True 0.30982499502682953
2023-09-10 06:51:55,943 - epoch:21, training loss:5.2344 validation loss:0.3385
Updating learning rate to 3.172010978498003e-05
Updating learning rate to 3.172010978498003e-05
(34033, 1)
(34033, 1) True
train 34033
vs, vt 0.3446097122400664 0.3190529086532887
need align? ->  True 0.30982499502682953
2023-09-10 06:57:50,360 - epoch:22, training loss:5.2250 validation loss:0.3446
Updating learning rate to 2.4988101691073827e-05
Updating learning rate to 2.4988101691073827e-05
(34033, 1)
(34033, 1) True
train 34033
vs, vt 0.35149453798036895 0.3208074288840374
need align? ->  True 0.30982499502682953
2023-09-10 07:03:42,089 - epoch:23, training loss:5.2183 validation loss:0.3515
dropout 0.05
dropout 0.05
check exp/ECL-Informer2023-09-10-04:42:38.235831/0/0.3224_epoch_12.pkl  &  0.30982499502682953
