2023-09-10 04:20:22,390 - logger name:exp/ECL-FEDformer2023-09-10-04:20:22.390390/ECL-FEDformer.log
2023-09-10 04:20:22,390 - params : {'loss': 'huber', 'conf': 'ECL-FEDformer', 'data_name': 'ETTm1', 'iteration': 1, 'train': 1, 'mainrs': 0, 'abl': 1, 'abl_tmp_context': 0, 'abl_ae': 0, 'no_tmp': 0, 'load': True, 'build_graph': False, 'same_init': True, 'grad_norm': False, 'refiner_residual': 0, 'root_path': '', 'exp_path': 'exp/', 'val_test_mix': False, 'lr': 0.0001, 'lradj': 'TST', 'dropout': 0.05, 'fc_dropout': 0.05, 'head_dropout': 0.0, 'patch_len': 16, 'stride': 8, 'd_ff': 512, 'd_model': 128, 'n_heads': 8, 'seq_len': 336, 'pred_len': 96, 'noise_rate': 0.5, 'device': device(type='cuda', index=0), 'test_model_path': '/Disk/fhyega/code/BASE/exp/ECL-PatchTST2023-08-26-13:08:31.837686/0/best_model.pkl', 'idx': -1, 'aligner': 1, 'always_align': 1, 'refiner': 1, 'rec_block_num': 1, 'enhance': 1, 'enhance_type': 5, 'seed': 34, 'batch_size': 64, 'share_head': 0, 'add_noise': 1, 'add_norm': 0, 'jitter_sigma': 0.4, 'slope_rate': 0.01, 'slope_range': 0.2, 'alpha': 10.0, 'beta': 1.0, 'gamma': 0.15, 'feature_jittering': 1, 'rec_intra_feature': 0, 'rec_ori': 1, 'mid_dim': 128, 'test_en': 0, 'debugger': 0, 'summary': 0, 'omega': 1.0, 'theta': 1.5, 'mask_border': 1, 'sup_weight': 10.0, 'rec_length_ratio': 0.8, 'ref_dropout': 0.0, 'ref_block_num': 1, 'add_FFN': 1, 'add_residual': 0, 'rec_all': 0, 'e_layers': 2, 'early_break': 0, 'early_stop': 10, 'lo': None, '/* model related args*/': '//', 'model_name': 'FEDformer', 'label_len': 48, 'features': 'M', 'target': 'OT', 'graph_input': False, 'individual': False, 'd_layers': 1, 'factor': 1, 'des': 'Exp', 'padding_patch': 'end', 'revin': 1, 'affine': 0, 'subtract_last': 0, 'decomposition': 0, 'kernel_size': 25, 'output_attention': 0, 'embed_type': 0, 'activation': 'gelu', 'distil': 1, 'linear_output': 0, 'pct_start': 0.2, 'num_kernels': 6, 'top_k': 5, 'moving_avg': 25, 'indie': 0, '/*train related args*/': '//', 'epoch': 30, '/*dataset related args*/': '//', 'save_data_path': 'data/ECL/', 'data_process': True, 'embed': 'timeF', 'freq': 'h', 'begin_phase': 0, 'end_phase': 1, 'phase_len': -1, 'val_ratio': 0.33, 'graph_size': 321, '/*strategy related args*/': '//', 'strategy': 'incremental', 'increase': False, 'detect': False, 'detect_strategy': 'feature', 'replay': False, 'replay_strategy': 'random', 'repaly_num_samples': 100, 'ewc': False, 'ewc_strategy': 'ewc', 'ewc_lambda': 0.0001, 'subgraph_train': False, 'num_hops': 2, 'logname': 'ECL-FEDformer', 'time': '2023-09-10-04:20:22.390390', 'path': 'exp/ECL-FEDformer2023-09-10-04:20:22.390390', 'num_workers': 4, 'start_train': 0, 'train_mode': 'pretrain', 'get_score': False, 'use_cm': True, 'logger': <Logger __main__ (INFO)>}
2023-09-10 04:20:22,390 - [*] phase 0 start training
0 69680
train 34129
val 11425
test 11425
2023-09-10 04:20:23,241 - [*] phase 0 Dataset load!
dropout 0.05
dropout 0.05
fourier enhanced block used!
modes=32, index=[2, 7, 10, 14, 24, 26, 30, 40, 45, 47, 56, 60, 65, 67, 71, 76, 78, 79, 82, 86, 87, 104, 112, 113, 129, 133, 136, 143, 144, 151, 163, 166]
fourier enhanced block used!
modes=32, index=[2, 6, 11, 12, 15, 16, 17, 22, 27, 36, 45, 50, 58, 59, 60, 61, 69, 76, 77, 78, 87, 99, 100, 104, 106, 108, 115, 119, 120, 121, 122, 124]
 fourier enhanced cross attention used!
modes_q=32, index_q=[3, 5, 10, 15, 19, 21, 22, 23, 33, 34, 35, 46, 47, 48, 50, 54, 61, 63, 69, 74, 76, 78, 81, 84, 86, 88, 101, 106, 108, 111, 118, 127]
modes_kv=32, index_kv=[4, 5, 10, 11, 13, 18, 22, 25, 28, 29, 31, 35, 37, 51, 66, 68, 72, 73, 84, 87, 93, 98, 102, 109, 112, 136, 138, 139, 147, 157, 160, 164]
1 True None
2023-09-10 04:20:23,452 - [*] phase 0 Training start
train 34129
2023-09-10 04:24:13,541 - epoch:0, training loss:0.3321 validation loss:0.3861
(34129, 1)
(34129, 1) True
train 34129
vs, vt 0.38610503219026426 0.3892932351491305
Updating learning rate to 1.0434711851666469e-05
Updating learning rate to 1.0434711851666469e-05
(34129, 1)
(34129, 1) True
train 34129
vs, vt 0.3378643773121541 0.3433412906177883
need align? ->  False 0.3433412906177883
2023-09-10 04:33:54,523 - epoch:1, training loss:16.4047 validation loss:0.3379
Updating learning rate to 2.8013617547750165e-05
Updating learning rate to 2.8013617547750165e-05
(34129, 1)
(34129, 1) True
train 34129
vs, vt 0.2652227199485515 0.30701075848087916
need align? ->  False 0.30701075848087916
2023-09-10 04:41:17,907 - epoch:2, training loss:14.2101 validation loss:0.2652
Updating learning rate to 5.202358405400454e-05
Updating learning rate to 5.202358405400454e-05
(34129, 1)
(34129, 1) True
train 34129
vs, vt 0.2555513111822432 0.2727999063260728
need align? ->  False 0.2727999063260728
2023-09-10 04:48:14,771 - epoch:3, training loss:10.3826 validation loss:0.2556
Updating learning rate to 7.602722736893337e-05
Updating learning rate to 7.602722736893337e-05
(34129, 1)
(34129, 1) True
train 34129
vs, vt 0.24914118884828504 0.2649449460291663
need align? ->  False 0.2649449460291663
2023-09-10 04:55:25,488 - epoch:4, training loss:6.7962 validation loss:0.2491
Updating learning rate to 9.358885882079718e-05
Updating learning rate to 9.358885882079718e-05
(34129, 1)
(34129, 1) True
train 34129
vs, vt 0.24584602735229044 0.25941116914319595
need align? ->  False 0.25941116914319595
2023-09-10 05:02:35,861 - epoch:5, training loss:5.4691 validation loss:0.2458
Updating learning rate to 9.999999849213968e-05
Updating learning rate to 9.999999849213968e-05
(34129, 1)
(34129, 1) True
train 34129
vs, vt 0.24411218769473736 0.2562735221822169
need align? ->  False 0.2562735221822169
2023-09-10 05:09:56,371 - epoch:6, training loss:4.7581 validation loss:0.2441
Updating learning rate to 9.957064049206628e-05
Updating learning rate to 9.957064049206628e-05
(34129, 1)
(34129, 1) True
train 34129
vs, vt 0.24283092645876234 0.25261654151218566
need align? ->  False 0.25261654151218566
2023-09-10 05:17:31,237 - epoch:7, training loss:4.1484 validation loss:0.2428
Updating learning rate to 9.829311851165108e-05
Updating learning rate to 9.829311851165108e-05
(34129, 1)
(34129, 1) True
train 34129
vs, vt 0.24162844705848055 0.24959727231017703
need align? ->  False 0.24959727231017703
2023-09-10 05:24:43,031 - epoch:8, training loss:4.1061 validation loss:0.2416
Updating learning rate to 9.618929130617497e-05
Updating learning rate to 9.618929130617497e-05
(34129, 1)
(34129, 1) True
train 34129
vs, vt 0.24035818052774702 0.24861371816869554
need align? ->  False 0.24861371816869554
2023-09-10 05:31:54,255 - epoch:9, training loss:3.9699 validation loss:0.2404
Updating learning rate to 9.329515594241475e-05
Updating learning rate to 9.329515594241475e-05
(34129, 1)
(34129, 1) True
train 34129
vs, vt 0.2386628086340494 0.24790659842377935
need align? ->  False 0.24790659842377935
2023-09-10 05:39:16,030 - epoch:10, training loss:4.1476 validation loss:0.2387
Updating learning rate to 8.966023187885026e-05
Updating learning rate to 8.966023187885026e-05
(34129, 1)
(34129, 1) True
train 34129
vs, vt 0.23564788615903376 0.24483913599445833
need align? ->  False 0.24483913599445833
2023-09-10 05:46:48,006 - epoch:11, training loss:3.8945 validation loss:0.2356
Updating learning rate to 8.534671367400045e-05
Updating learning rate to 8.534671367400045e-05
(34129, 1)
(34129, 1) True
train 34129
vs, vt 0.23567812977223423 0.24286853053799554
need align? ->  False 0.24286853053799554
2023-09-10 05:54:08,584 - epoch:12, training loss:3.8818 validation loss:0.2357
Updating learning rate to 8.042840682028348e-05
Updating learning rate to 8.042840682028348e-05
(34129, 1)
(34129, 1) True
train 34129
vs, vt 0.23334210078809514 0.24334206238555509
need align? ->  False 0.24286853053799554
2023-09-10 06:01:25,732 - epoch:13, training loss:4.1287 validation loss:0.2333
Updating learning rate to 7.498946491157874e-05
Updating learning rate to 7.498946491157874e-05
(34129, 1)
(34129, 1) True
train 34129
vs, vt 0.2325399743819703 0.24003889176515894
need align? ->  False 0.24003889176515894
2023-09-10 06:08:52,811 - epoch:14, training loss:4.0742 validation loss:0.2325
Updating learning rate to 6.912294975190372e-05
Updating learning rate to 6.912294975190372e-05
(34129, 1)
(34129, 1) True
train 34129
vs, vt 0.23112728246929926 0.236553673887386
need align? ->  False 0.236553673887386
2023-09-10 06:16:38,590 - epoch:15, training loss:3.8461 validation loss:0.2311
Updating learning rate to 6.292923904214577e-05
Updating learning rate to 6.292923904214577e-05
(34129, 1)
(34129, 1) True
train 34129
vs, vt 0.23081723987723196 0.2366952877595771
need align? ->  False 0.236553673887386
2023-09-10 06:23:56,127 - epoch:16, training loss:3.7405 validation loss:0.2308
Updating learning rate to 5.6514308889769877e-05
Updating learning rate to 5.6514308889769877e-05
(34129, 1)
(34129, 1) True
train 34129
vs, vt 0.2316052458930615 0.23703560126976594
need align? ->  False 0.236553673887386
2023-09-10 06:31:13,086 - epoch:17, training loss:3.7087 validation loss:0.2316
Updating learning rate to 4.9987920528237804e-05
Updating learning rate to 4.9987920528237804e-05
(34129, 1)
(34129, 1) True
train 34129
vs, vt 0.23087146765859434 0.2357649399415075
need align? ->  False 0.2357649399415075
2023-09-10 06:38:42,598 - epoch:18, training loss:3.6844 validation loss:0.2309
Updating learning rate to 4.3461742271872124e-05
Updating learning rate to 4.3461742271872124e-05
(34129, 1)
(34129, 1) True
train 34129
vs, vt 0.23043461424928138 0.23580909699368077
need align? ->  False 0.2357649399415075
2023-09-10 06:46:15,855 - epoch:19, training loss:3.9297 validation loss:0.2304
Updating learning rate to 3.704743884003767e-05
Updating learning rate to 3.704743884003767e-05
(34129, 1)
(34129, 1) True
train 34129
vs, vt 0.23115881778008446 0.23642585459867668
need align? ->  False 0.2357649399415075
2023-09-10 06:53:39,032 - epoch:20, training loss:3.9101 validation loss:0.2312
Updating learning rate to 3.0854760742834e-05
Updating learning rate to 3.0854760742834e-05
(34129, 1)
(34129, 1) True
train 34129
vs, vt 0.2296641114370783 0.23441696506222534
need align? ->  False 0.23441696506222534
2023-09-10 07:00:55,935 - epoch:21, training loss:3.8979 validation loss:0.2297
Updating learning rate to 2.4989666419439063e-05
Updating learning rate to 2.4989666419439063e-05
(34129, 1)
(34129, 1) True
train 34129
vs, vt 0.23022449093574252 0.23425167765697288
need align? ->  False 0.23425167765697288
2023-09-10 07:08:10,107 - epoch:22, training loss:4.0538 validation loss:0.2302
Updating learning rate to 1.9552509259837427e-05
Updating learning rate to 1.9552509259837427e-05
(34129, 1)
(34129, 1) True
train 34129
vs, vt 0.2300487240807637 0.2339800890098071
need align? ->  False 0.2339800890098071
2023-09-10 07:15:46,418 - epoch:23, training loss:4.0439 validation loss:0.2300
Updating learning rate to 1.4636320530494689e-05
Updating learning rate to 1.4636320530494689e-05
(34129, 1)
(34129, 1) True
train 34129
vs, vt 0.22977193093249917 0.2333379776825785
need align? ->  False 0.2333379776825785
2023-09-10 07:23:23,257 - epoch:24, training loss:3.9698 validation loss:0.2298
Updating learning rate to 1.0325217583594908e-05
Updating learning rate to 1.0325217583594908e-05
(34129, 1)
(34129, 1) True
train 34129
vs, vt 0.22946744147875456 0.23334886450008308
need align? ->  False 0.2333379776825785
2023-09-10 07:30:43,635 - epoch:25, training loss:3.9429 validation loss:0.2295
Updating learning rate to 6.6929645858230745e-06
Updating learning rate to 6.6929645858230745e-06
(34129, 1)
(34129, 1) True
train 34129
vs, vt 0.22923538852587091 0.23285417335742678
need align? ->  False 0.23285417335742678
2023-09-10 07:38:05,195 - epoch:26, training loss:3.9415 validation loss:0.2292
Updating learning rate to 3.801710393021869e-06
Updating learning rate to 3.801710393021869e-06
(34129, 1)
(34129, 1) True
train 34129
vs, vt 0.22921670365599947 0.23282231353015206
need align? ->  False 0.23282231353015206
2023-09-10 07:45:27,558 - epoch:27, training loss:3.9546 validation loss:0.2292
Updating learning rate to 1.7009251660372196e-06
Updating learning rate to 1.7009251660372196e-06
(34129, 1)
(34129, 1) True
train 34129
vs, vt 0.22916317922609478 0.2327997339629261
need align? ->  False 0.2327997339629261
2023-09-10 07:53:01,148 - epoch:28, training loss:3.9675 validation loss:0.2292
Updating learning rate to 4.265539225505273e-07
Updating learning rate to 4.265539225505273e-07
(34129, 1)
(34129, 1) True
train 34129
vs, vt 0.22916781943936587 0.23278710000508324
need align? ->  False 0.23278710000508324
2023-09-10 08:00:33,334 - epoch:29, training loss:3.9678 validation loss:0.2292
Updating learning rate to 4.015078603225348e-10
Updating learning rate to 4.015078603225348e-10
dropout 0.05
dropout 0.05
fourier enhanced block used!
modes=32, index=[3, 5, 6, 18, 19, 33, 34, 35, 37, 41, 47, 48, 49, 52, 58, 62, 65, 67, 70, 73, 75, 88, 97, 100, 110, 132, 140, 147, 156, 162, 163, 164]
fourier enhanced block used!
modes=32, index=[8, 10, 20, 29, 30, 32, 36, 41, 53, 56, 64, 65, 67, 71, 73, 74, 75, 78, 82, 86, 87, 88, 99, 101, 102, 106, 107, 121, 123, 125, 127, 129]
 fourier enhanced cross attention used!
modes_q=32, index_q=[2, 3, 5, 9, 11, 16, 17, 19, 30, 34, 36, 42, 48, 50, 53, 55, 58, 62, 67, 72, 74, 76, 83, 97, 103, 106, 114, 116, 118, 120, 130, 131]
modes_kv=32, index_kv=[2, 4, 24, 25, 26, 29, 32, 35, 41, 49, 56, 58, 60, 67, 73, 99, 104, 105, 108, 116, 121, 123, 125, 126, 133, 137, 149, 152, 155, 164, 165, 167]
check exp/ECL-FEDformer2023-09-10-04:20:22.390390/0/0.2292_epoch_28.pkl  &  0.23278710000508324
