2023-08-26 21:41:45,452 - logger name:exp/ECL-PatchTST2023-08-26-21:41:45.452246/ECL-PatchTST.log
2023-08-26 21:41:45,452 - params : {'loss': 'huber', 'conf': 'ECL-PatchTST', 'data_name': 'weather', 'iteration': 1, 'train': 1, 'load': True, 'build_graph': False, 'same_init': True, 'grad_norm': False, 'refiner_residual': 0, 'root_path': '', 'exp_path': 'exp/', 'val_test_mix': False, 'pred_len': 720, 'noise_rate': 0.5, 'device': device(type='cuda', index=1), 'test_model_path': '/Disk/fhyega/code/BASE/exp/ECL-PatchTST2023-08-26-13:08:31.837686/0/best_model.pkl', 'idx': -1, 'aligner': 1, 'always_align': 1, 'refiner': 1, 'rec_block_num': 1, 'enhance': 1, 'enhance_type': 5, 'seed': 34, 'batch_size': 32, 'share_head': 0, 'add_noise': 1, 'jitter_sigma': 2.0, 'slope_rate': 0.01, 'slope_range': 0.2, 'alpha': 10.0, 'beta': 1.0, 'gamma': 0.15, 'feature_jittering': 1, 'rec_intra_feature': 0, 'rec_ori': 1, 'mid_dim': 128, 'test_en': 0, 'debugger': 0, 'omega': 1.0, 'theta': 3.0, 'mask_border': 1, 'sup_weight': 10.0, 'rec_length_ratio': 0.8, 'ref_dropout': 0.0, 'ref_block_num': 2, 'add_FFN': 0, 'add_residual': 0, 'rec_all': 0, 'e_layers': 3, '/* model related args*/': '//', 'model_name': 'PatchTST', 'seq_len': 336, 'label_len': 48, 'features': 'M', 'target': 'OT', 'graph_input': False, 'individual': False, 'd_layers': 1, 'factor': 1, 'n_heads': 16, 'd_model': 128, 'd_ff': 256, 'dropout': 0.2, 'fc_dropout': 0.2, 'head_dropout': 0.0, 'patch_len': 16, 'stride': 8, 'des': 'Exp', 'padding_patch': 'end', 'revin': 1, 'affine': 0, 'subtract_last': 0, 'decomposition': 0, 'kernel_size': 25, 'output_attention': 0, 'embed_type': 0, 'activation': 'gelu', 'lradj': 'TST', 'distil': 1, 'linear_output': 1, 'pct_start': 0.2, '/*train related args*/': '//', 'epoch': 30, 'lr': 0.0001, '/*dataset related args*/': '//', 'save_data_path': 'data/ECL/', 'data_process': True, 'embed': 'timeF', 'freq': 'h', 'begin_phase': 0, 'end_phase': 1, 'phase_len': -1, 'val_ratio': 0.33, 'graph_size': 321, '/*strategy related args*/': '//', 'strategy': 'incremental', 'increase': False, 'detect': False, 'detect_strategy': 'feature', 'replay': False, 'replay_strategy': 'random', 'repaly_num_samples': 100, 'ewc': False, 'ewc_strategy': 'ewc', 'ewc_lambda': 0.0001, 'subgraph_train': False, 'num_hops': 2, 'logname': 'ECL-PatchTST', 'time': '2023-08-26-21:41:45.452246', 'path': 'exp/ECL-PatchTST2023-08-26-21:41:45.452246', 'num_workers': 4, 'start_train': 0, 'train_mode': 'pretrain', 'get_score': False, 'use_cm': True, 'logger': <Logger __main__ (INFO)>}
2023-08-26 21:41:45,453 - [*] phase 0 start training
0 52696
36887 5270 10539 0.7 0.2 52696
train 35832
36887 5270 10539 0.7 0.2 52696
val 4551
36887 5270 10539 0.7 0.2 52696
test 9820
2023-08-26 21:41:46,227 - [*] phase 0 Dataset load!
2023-08-26 21:41:47,238 - [*] phase 0 Training start
36887 5270 10539 0.7 0.2 52696
train 35832
2023-08-26 21:45:34,098 - epoch:0, training loss:0.2292 validation loss:0.2123
36887 5270 10539 0.7 0.2 52696
train 35832
vs, vt 0.21225117350166495 0.21228459946342282
Updating learning rate to 1.0432652690361703e-05
Updating learning rate to 1.0432652690361703e-05
36887 5270 10539 0.7 0.2 52696
train 35832
vs, vt nan 0.20965424034145327
need align? ->  False 0.20965424034145327
2023-08-26 22:05:29,014 - epoch:1, training loss:nan validation loss:nan
Updating learning rate to 2.800648490166273e-05
Updating learning rate to 2.800648490166273e-05
36887 5270 10539 0.7 0.2 52696
train 35832
vs, vt nan 0.20333997900044168
need align? ->  False 0.20333997900044168
2023-08-26 22:20:35,367 - epoch:2, training loss:nan validation loss:nan
Updating learning rate to 5.2011231673320136e-05
Updating learning rate to 5.2011231673320136e-05
36887 5270 10539 0.7 0.2 52696
train 35832
vs, vt nan 0.20406163004520056
need align? ->  False 0.20333997900044168
2023-08-26 22:30:17,774 - epoch:3, training loss:nan validation loss:nan
Updating learning rate to 7.601296805107756e-05
Updating learning rate to 7.601296805107756e-05
36887 5270 10539 0.7 0.2 52696
train 35832
vs, vt nan 0.2072148558559951
need align? ->  False 0.20333997900044168
2023-08-26 22:39:59,581 - epoch:4, training loss:nan validation loss:nan
Updating learning rate to 9.357857594811273e-05
Updating learning rate to 9.357857594811273e-05
36887 5270 10539 0.7 0.2 52696
train 35832
vs, vt nan 0.2059583670192665
need align? ->  False 0.20333997900044168
2023-08-26 22:49:42,843 - epoch:5, training loss:nan validation loss:nan
Updating learning rate to 9.999999965789821e-05
Updating learning rate to 9.999999965789821e-05
36887 5270 10539 0.7 0.2 52696
train 35832
vs, vt nan 0.20530934241059776
need align? ->  False 0.20333997900044168
2023-08-26 22:59:27,791 - epoch:6, training loss:nan validation loss:nan
Updating learning rate to 9.957148100130167e-05
Updating learning rate to 9.957148100130167e-05
36887 5270 10539 0.7 0.2 52696
train 35832
vs, vt nan 0.207365124531976
need align? ->  False 0.20333997900044168
2023-08-26 23:11:12,617 - epoch:7, training loss:nan validation loss:nan
Updating learning rate to 9.829478398301725e-05
Updating learning rate to 9.829478398301725e-05
36887 5270 10539 0.7 0.2 52696
train 35832
vs, vt nan 0.20653888718648392
need align? ->  False 0.20333997900044168
2023-08-26 23:28:02,779 - epoch:8, training loss:nan validation loss:nan
Updating learning rate to 9.61917532429951e-05
Updating learning rate to 9.61917532429951e-05
36887 5270 10539 0.7 0.2 52696
train 35832
vs, vt nan 0.2045818938241972
need align? ->  False 0.20333997900044168
2023-08-26 23:44:09,095 - epoch:9, training loss:nan validation loss:nan
Updating learning rate to 9.329837222026726e-05
Updating learning rate to 9.329837222026726e-05
36887 5270 10539 0.7 0.2 52696
train 35832
vs, vt nan 0.20874597595913427
need align? ->  False 0.20333997900044168
2023-08-26 23:54:31,972 - epoch:10, training loss:nan validation loss:nan
Updating learning rate to 8.966414746632942e-05
Updating learning rate to 8.966414746632942e-05
36887 5270 10539 0.7 0.2 52696
train 35832
