2023-08-26 04:38:00,947 - logger name:exp/ECL-PatchTST2023-08-26-04:38:00.947204/ECL-PatchTST.log
2023-08-26 04:38:00,947 - params : {'loss': 'mse', 'conf': 'ECL-PatchTST', 'data_name': 'weather', 'iteration': 1, 'train': 1, 'load': True, 'build_graph': False, 'same_init': True, 'grad_norm': False, 'refiner_residual': 0, 'root_path': '', 'exp_path': 'exp/', 'val_test_mix': False, 'pred_len': 720, 'noise_rate': 0.5, 'device': device(type='cuda', index=0), 'test_model_path': '/Disk/fhyega/code/BASE/exp/ECL-PatchTST2023-08-23-11:43:26.865832/0/best_model.pkl', 'idx': -1, 'aligner': 0, 'always_align': 1, 'refiner': 0, 'rec_block_num': 1, 'enhance': 0, 'enhance_type': 5, 'seed': 34, 'batch_size': 64, 'share_head': 0, 'add_noise': 1, 'jitter_sigma': 2.0, 'slope_rate': 0.01, 'slope_range': 0.2, 'alpha': 10.0, 'beta': 1.0, 'gamma': 0.15, 'feature_jittering': 1, 'rec_intra_feature': 0, 'rec_ori': 1, 'mid_dim': 128, 'test_en': 0, 'debugger': 0, 'omega': 1.0, 'theta': 1.1, 'mask_border': 1, 'sup_weight': 10.0, 'rec_length_ratio': 0.8, 'ref_dropout': 0.0, 'ref_block_num': 2, 'add_FFN': 0, 'add_residual': 0, 'rec_all': 0, 'e_layers': 3, '/* model related args*/': '//', 'model_name': 'PatchTST', 'seq_len': 336, 'label_len': 48, 'features': 'M', 'target': 'OT', 'graph_input': False, 'individual': False, 'd_layers': 1, 'factor': 1, 'n_heads': 16, 'd_model': 128, 'd_ff': 256, 'dropout': 0.2, 'fc_dropout': 0.2, 'head_dropout': 0.0, 'patch_len': 16, 'stride': 8, 'des': 'Exp', 'padding_patch': 'end', 'revin': 1, 'affine': 0, 'subtract_last': 0, 'decomposition': 0, 'kernel_size': 25, 'output_attention': 0, 'embed_type': 0, 'activation': 'gelu', 'lradj': 'TST', 'distil': 1, 'linear_output': 1, 'pct_start': 0.2, '/*train related args*/': '//', 'epoch': 30, 'lr': 0.0001, '/*dataset related args*/': '//', 'save_data_path': 'data/ECL/', 'data_process': True, 'embed': 'timeF', 'freq': 'h', 'begin_phase': 0, 'end_phase': 1, 'phase_len': -1, 'val_ratio': 0.33, 'graph_size': 321, '/*strategy related args*/': '//', 'strategy': 'incremental', 'increase': False, 'detect': False, 'detect_strategy': 'feature', 'replay': False, 'replay_strategy': 'random', 'repaly_num_samples': 100, 'ewc': False, 'ewc_strategy': 'ewc', 'ewc_lambda': 0.0001, 'subgraph_train': False, 'num_hops': 2, 'logname': 'ECL-PatchTST', 'time': '2023-08-26-04:38:00.947204', 'path': 'exp/ECL-PatchTST2023-08-26-04:38:00.947204', 'num_workers': 4, 'start_train': 0, 'train_mode': 'pretrain', 'get_score': False, 'use_cm': True, 'logger': <Logger __main__ (INFO)>}
2023-08-26 04:38:00,947 - [*] phase 0 start training
0 52696
36887 5270 10539 0.7 0.2 52696
train 35832
36887 5270 10539 0.7 0.2 52696
val 4551
36887 5270 10539 0.7 0.2 52696
test 9820
2023-08-26 04:38:01,729 - [*] phase 0 Dataset load!
2023-08-26 04:38:02,643 - [*] phase 0 Training start
36887 5270 10539 0.7 0.2 52696
train 35832
2023-08-26 04:39:58,978 - epoch:0, training loss:0.8433 validation loss:0.7302
36887 5270 10539 0.7 0.2 52696
train 35832
vs, vt 0.73016417109304 0.7018006520552768
Updating learning rate to 1.0434528924342234e-05
Updating learning rate to 1.0434528924342234e-05
36887 5270 10539 0.7 0.2 52696
train 35832
vs, vt 0.6879644174542692 0.6798805519938469
need align? ->  True 0.6798805519938469
2023-08-26 04:45:06,332 - epoch:1, training loss:0.7846 validation loss:0.6880
Updating learning rate to 2.801298392744408e-05
Updating learning rate to 2.801298392744408e-05
36887 5270 10539 0.7 0.2 52696
train 35832
vs, vt 0.6708476392345296 0.6680139098316431
need align? ->  True 0.6680139098316431
2023-08-26 04:48:50,021 - epoch:2, training loss:0.7279 validation loss:0.6708
Updating learning rate to 5.2022486794192735e-05
Updating learning rate to 5.2022486794192735e-05
36887 5270 10539 0.7 0.2 52696
train 35832
vs, vt 0.6629326329049137 0.6623167095498906
need align? ->  True 0.6623167095498906
2023-08-26 04:52:33,451 - epoch:3, training loss:0.7152 validation loss:0.6629
Updating learning rate to 7.602596083062267e-05
Updating learning rate to 7.602596083062267e-05
36887 5270 10539 0.7 0.2 52696
train 35832
vs, vt 0.6639152181645235 0.6591368187218904
need align? ->  True 0.6591368187218904
2023-08-26 04:56:17,878 - epoch:4, training loss:0.7059 validation loss:0.6639
Updating learning rate to 9.358794570456282e-05
Updating learning rate to 9.358794570456282e-05
36887 5270 10539 0.7 0.2 52696
train 35832
vs, vt 0.662421070660154 0.6607157718390226
need align? ->  True 0.6591368187218904
2023-08-26 04:59:59,903 - epoch:5, training loss:0.6998 validation loss:0.6624
Updating learning rate to 9.999999862914375e-05
Updating learning rate to 9.999999862914375e-05
36887 5270 10539 0.7 0.2 52696
train 35832
vs, vt 0.6588563242306312 0.6557390342156092
need align? ->  True 0.6557390342156092
2023-08-26 05:03:43,272 - epoch:6, training loss:0.6937 validation loss:0.6589
Updating learning rate to 9.957071517639416e-05
Updating learning rate to 9.957071517639416e-05
36887 5270 10539 0.7 0.2 52696
train 35832
vs, vt 0.6567281259016858 0.6537550093813075
need align? ->  True 0.6537550093813075
2023-08-26 05:07:28,590 - epoch:7, training loss:0.6890 validation loss:0.6567
Updating learning rate to 9.82932664654332e-05
Updating learning rate to 9.82932664654332e-05
36887 5270 10539 0.7 0.2 52696
train 35832
vs, vt 0.6594106205221679 0.6517203222546313
need align? ->  True 0.6517203222546313
2023-08-26 05:11:11,580 - epoch:8, training loss:0.6837 validation loss:0.6594
Updating learning rate to 9.61895099978811e-05
Updating learning rate to 9.61895099978811e-05
36887 5270 10539 0.7 0.2 52696
train 35832
vs, vt 0.6536383125931025 0.6532475070820914
need align? ->  True 0.6517203222546313
2023-08-26 05:14:57,998 - epoch:9, training loss:0.6791 validation loss:0.6536
Updating learning rate to 9.329544163016916e-05
Updating learning rate to 9.329544163016916e-05
36887 5270 10539 0.7 0.2 52696
train 35832
vs, vt 0.6607884458369679 0.6523472869561778
need align? ->  True 0.6517203222546313
2023-08-26 05:18:41,820 - epoch:10, training loss:0.6739 validation loss:0.6608
Updating learning rate to 8.966057967445628e-05
Updating learning rate to 8.966057967445628e-05
36887 5270 10539 0.7 0.2 52696
train 35832
vs, vt 0.6526945121586323 0.655264880715145
need align? ->  True 0.6517203222546313
2023-08-26 05:22:27,172 - epoch:11, training loss:0.6701 validation loss:0.6527
Updating learning rate to 8.534711762657881e-05
Updating learning rate to 8.534711762657881e-05
36887 5270 10539 0.7 0.2 52696
train 35832
vs, vt 0.6497890951318873 0.6565229925844405
need align? ->  False 0.6517203222546313
2023-08-26 05:26:31,866 - epoch:12, training loss:0.6662 validation loss:0.6498
Updating learning rate to 8.042886001809359e-05
Updating learning rate to 8.042886001809359e-05
36887 5270 10539 0.7 0.2 52696
train 35832
vs, vt 0.657477310548226 0.6592025084214078
need align? ->  True 0.6517203222546313
2023-08-26 05:30:17,188 - epoch:13, training loss:0.6627 validation loss:0.6575
Updating learning rate to 7.49899596002804e-05
Updating learning rate to 7.49899596002804e-05
36887 5270 10539 0.7 0.2 52696
train 35832
vs, vt 0.6541952685349517 0.6633071386151843
need align? ->  True 0.6517203222546313
2023-08-26 05:34:00,442 - epoch:14, training loss:0.6595 validation loss:0.6542
Updating learning rate to 6.91234774672361e-05
Updating learning rate to 6.91234774672361e-05
36887 5270 10539 0.7 0.2 52696
train 35832
vs, vt 0.6552775357332494 0.6659485828131437
need align? ->  True 0.6517203222546313
2023-08-26 05:37:43,188 - epoch:15, training loss:0.6557 validation loss:0.6553
Updating learning rate to 6.292979075475321e-05
Updating learning rate to 6.292979075475321e-05
36887 5270 10539 0.7 0.2 52696
train 35832
vs, vt 0.6526371884263225 0.6648074454731412
need align? ->  True 0.6517203222546313
2023-08-26 05:41:26,879 - epoch:16, training loss:0.6530 validation loss:0.6526
Updating learning rate to 5.651487515969673e-05
Updating learning rate to 5.651487515969673e-05
36887 5270 10539 0.7 0.2 52696
train 35832
vs, vt 0.6567227590001292 0.6661654447929727
need align? ->  True 0.6517203222546313
2023-08-26 05:45:10,006 - epoch:17, training loss:0.6508 validation loss:0.6567
Updating learning rate to 4.998849166644862e-05
Updating learning rate to 4.998849166644862e-05
36887 5270 10539 0.7 0.2 52696
train 35832
vs, vt 0.657285718454255 0.6636330584685007
need align? ->  True 0.6517203222546313
2023-08-26 05:48:54,337 - epoch:18, training loss:0.6480 validation loss:0.6573
Updating learning rate to 4.346230850603374e-05
Updating learning rate to 4.346230850603374e-05
36887 5270 10539 0.7 0.2 52696
train 35832
vs, vt 0.6609045767949687 0.6643851111746497
need align? ->  True 0.6517203222546313
2023-08-26 05:52:38,681 - epoch:19, training loss:0.6455 validation loss:0.6609
Updating learning rate to 3.7047990481726605e-05
Updating learning rate to 3.7047990481726605e-05
36887 5270 10539 0.7 0.2 52696
train 35832
vs, vt 0.6617466130604347 0.6701796859916713
need align? ->  True 0.6517203222546313
2023-08-26 05:56:24,450 - epoch:20, training loss:0.6437 validation loss:0.6617
Updating learning rate to 3.085528835330802e-05
Updating learning rate to 3.085528835330802e-05
36887 5270 10539 0.7 0.2 52696
train 35832
vs, vt 0.6625755812144942 0.6712883274174399
need align? ->  True 0.6517203222546313
2023-08-26 06:00:08,699 - epoch:21, training loss:0.6422 validation loss:0.6626
Updating learning rate to 2.499016097113665e-05
Updating learning rate to 2.499016097113665e-05
36887 5270 10539 0.7 0.2 52696
train 35832
vs, vt 0.6636550718297561 0.6758877961999841
need align? ->  True 0.6517203222546313
2023-08-26 06:03:54,252 - epoch:22, training loss:0.6410 validation loss:0.6637
Updating learning rate to 1.955296229084196e-05
Updating learning rate to 1.955296229084196e-05
36887 5270 10539 0.7 0.2 52696
train 35832
vs, vt 0.6626186519861221 0.6749436600754658
need align? ->  True 0.6517203222546313
2023-08-26 06:07:38,280 - epoch:23, training loss:0.6392 validation loss:0.6626
Updating learning rate to 1.463672428932003e-05
Updating learning rate to 1.463672428932003e-05
36887 5270 10539 0.7 0.2 52696
train 35832
vs, vt 0.6633191994494863 0.6746270491017236
need align? ->  True 0.6517203222546313
2023-08-26 06:11:21,878 - epoch:24, training loss:0.6388 validation loss:0.6633
Updating learning rate to 1.0325565161815633e-05
Updating learning rate to 1.0325565161815633e-05
36887 5270 10539 0.7 0.2 52696
train 35832
vs, vt 0.6638519157552056 0.6745344427310758
need align? ->  True 0.6517203222546313
2023-08-26 06:15:04,651 - epoch:25, training loss:0.6381 validation loss:0.6639
Updating learning rate to 6.693250036279476e-06
Updating learning rate to 6.693250036279476e-06
36887 5270 10539 0.7 0.2 52696
train 35832
vs, vt 0.6634491381959783 0.6749815065413713
need align? ->  True 0.6517203222546313
2023-08-26 06:18:48,232 - epoch:26, training loss:0.6374 validation loss:0.6634
Updating learning rate to 3.801928831577473e-06
Updating learning rate to 3.801928831577473e-06
36887 5270 10539 0.7 0.2 52696
train 35832
vs, vt 0.6641745892249875 0.6771584809240367
need align? ->  True 0.6517203222546313
2023-08-26 06:22:34,443 - epoch:27, training loss:0.6370 validation loss:0.6642
Updating learning rate to 1.7010728551477905e-06
Updating learning rate to 1.7010728551477905e-06
36887 5270 10539 0.7 0.2 52696
train 35832
vs, vt 0.664639725867245 0.6778742846929364
need align? ->  True 0.6517203222546313
2023-08-26 06:26:18,123 - epoch:28, training loss:0.6365 validation loss:0.6646
Updating learning rate to 4.2662833521443475e-07
Updating learning rate to 4.2662833521443475e-07
36887 5270 10539 0.7 0.2 52696
train 35832
vs, vt 0.6643857109463878 0.6765945735904906
need align? ->  True 0.6517203222546313
2023-08-26 06:30:02,925 - epoch:29, training loss:0.6365 validation loss:0.6644
Updating learning rate to 4.013708562462412e-10
Updating learning rate to 4.013708562462412e-10
check exp/ECL-PatchTST2023-08-26-04:38:00.947204/0/0.6498_epoch_12.pkl  &  0.6517203222546313
2023-08-26 06:30:13,182 - [*] loss:0.3261
2023-08-26 06:30:14,164 - [*] phase 0, testing
2023-08-26 06:30:26,099 - T:720	MAE	0.335672	RMSE	0.325622	MAPE	1362.147713
2023-08-26 06:30:26,134 - 720	mae	0.3357	
2023-08-26 06:30:26,134 - 720	rmse	0.3256	
2023-08-26 06:30:26,134 - 720	mape	1362.1477	
2023-08-26 06:30:36,136 - [*] loss:0.3261
2023-08-26 06:30:36,321 - [*] phase 0, testing
2023-08-26 06:30:44,435 - T:720	MAE	0.335672	RMSE	0.325622	MAPE	1362.147713
2023-08-26 06:30:54,269 - [*] loss:0.3306
2023-08-26 06:30:54,455 - [*] phase 0, testing
2023-08-26 06:30:58,065 - T:720	MAE	0.339728	RMSE	0.329890	MAPE	1494.703674
2023-08-26 06:31:07,921 - [*] loss:0.3231
2023-08-26 06:31:08,104 - [*] phase 0, testing
2023-08-26 06:31:12,972 - T:720	MAE	0.328831	RMSE	0.322377	MAPE	1477.326965
2023-08-26 06:31:12,974 - 720	mae	0.3288	
2023-08-26 06:31:12,974 - 720	rmse	0.3224	
2023-08-26 06:31:12,974 - 720	mape	1477.3270	
