2023-08-26 06:31:15,271 - logger name:exp/ECL-PatchTST2023-08-26-06:31:15.270941/ECL-PatchTST.log
2023-08-26 06:31:15,271 - params : {'loss': 'huber', 'conf': 'ECL-PatchTST', 'data_name': 'weather', 'iteration': 1, 'train': 1, 'load': True, 'build_graph': False, 'same_init': True, 'grad_norm': False, 'refiner_residual': 0, 'root_path': '', 'exp_path': 'exp/', 'val_test_mix': False, 'pred_len': 720, 'noise_rate': 0.5, 'device': device(type='cuda', index=0), 'test_model_path': '/Disk/fhyega/code/BASE/exp/ECL-PatchTST2023-08-23-11:43:26.865832/0/best_model.pkl', 'idx': -1, 'aligner': 1, 'always_align': 1, 'refiner': 0, 'rec_block_num': 1, 'enhance': 0, 'enhance_type': 5, 'seed': 34, 'batch_size': 64, 'share_head': 0, 'add_noise': 1, 'jitter_sigma': 2.0, 'slope_rate': 0.01, 'slope_range': 0.2, 'alpha': 10.0, 'beta': 1.0, 'gamma': 0.15, 'feature_jittering': 1, 'rec_intra_feature': 0, 'rec_ori': 1, 'mid_dim': 128, 'test_en': 0, 'debugger': 0, 'omega': 1.0, 'theta': 1.1, 'mask_border': 1, 'sup_weight': 10.0, 'rec_length_ratio': 0.8, 'ref_dropout': 0.0, 'ref_block_num': 2, 'add_FFN': 0, 'add_residual': 0, 'rec_all': 0, 'e_layers': 3, '/* model related args*/': '//', 'model_name': 'PatchTST', 'seq_len': 336, 'label_len': 48, 'features': 'M', 'target': 'OT', 'graph_input': False, 'individual': False, 'd_layers': 1, 'factor': 1, 'n_heads': 16, 'd_model': 128, 'd_ff': 256, 'dropout': 0.2, 'fc_dropout': 0.2, 'head_dropout': 0.0, 'patch_len': 16, 'stride': 8, 'des': 'Exp', 'padding_patch': 'end', 'revin': 1, 'affine': 0, 'subtract_last': 0, 'decomposition': 0, 'kernel_size': 25, 'output_attention': 0, 'embed_type': 0, 'activation': 'gelu', 'lradj': 'TST', 'distil': 1, 'linear_output': 1, 'pct_start': 0.2, '/*train related args*/': '//', 'epoch': 30, 'lr': 0.0001, '/*dataset related args*/': '//', 'save_data_path': 'data/ECL/', 'data_process': True, 'embed': 'timeF', 'freq': 'h', 'begin_phase': 0, 'end_phase': 1, 'phase_len': -1, 'val_ratio': 0.33, 'graph_size': 321, '/*strategy related args*/': '//', 'strategy': 'incremental', 'increase': False, 'detect': False, 'detect_strategy': 'feature', 'replay': False, 'replay_strategy': 'random', 'repaly_num_samples': 100, 'ewc': False, 'ewc_strategy': 'ewc', 'ewc_lambda': 0.0001, 'subgraph_train': False, 'num_hops': 2, 'logname': 'ECL-PatchTST', 'time': '2023-08-26-06:31:15.270941', 'path': 'exp/ECL-PatchTST2023-08-26-06:31:15.270941', 'num_workers': 4, 'start_train': 0, 'train_mode': 'pretrain', 'get_score': False, 'use_cm': True, 'logger': <Logger __main__ (INFO)>}
2023-08-26 06:31:15,271 - [*] phase 0 start training
0 52696
36887 5270 10539 0.7 0.2 52696
train 35832
36887 5270 10539 0.7 0.2 52696
val 4551
36887 5270 10539 0.7 0.2 52696
test 9820
2023-08-26 06:31:16,086 - [*] phase 0 Dataset load!
2023-08-26 06:31:16,977 - [*] phase 0 Training start
36887 5270 10539 0.7 0.2 52696
train 35832
2023-08-26 06:33:14,122 - epoch:0, training loss:0.2421 validation loss:0.2171
36887 5270 10539 0.7 0.2 52696
train 35832
vs, vt 0.2171011512271232 0.21732154126382536
Updating learning rate to 1.0434528924342234e-05
Updating learning rate to 1.0434528924342234e-05
36887 5270 10539 0.7 0.2 52696
train 35832
vs, vt 0.2120697476590673 0.21194619292186367
need align? ->  True 0.21194619292186367
2023-08-26 06:38:20,977 - epoch:1, training loss:1.3238 validation loss:0.2121
Updating learning rate to 2.801298392744408e-05
Updating learning rate to 2.801298392744408e-05
36887 5270 10539 0.7 0.2 52696
train 35832
vs, vt 0.20963556226342916 0.2089053595231639
need align? ->  True 0.2089053595231639
2023-08-26 06:42:05,545 - epoch:2, training loss:0.8690 validation loss:0.2096
Updating learning rate to 5.2022486794192735e-05
Updating learning rate to 5.2022486794192735e-05
36887 5270 10539 0.7 0.2 52696
train 35832
vs, vt 0.20643878697107235 0.20611536875367165
need align? ->  True 0.20611536875367165
2023-08-26 06:45:48,788 - epoch:3, training loss:0.7207 validation loss:0.2064
Updating learning rate to 7.602596083062267e-05
Updating learning rate to 7.602596083062267e-05
36887 5270 10539 0.7 0.2 52696
train 35832
vs, vt 0.2056752960715029 0.20485784889509281
need align? ->  True 0.20485784889509281
2023-08-26 06:49:32,963 - epoch:4, training loss:0.6362 validation loss:0.2057
Updating learning rate to 9.358794570456282e-05
Updating learning rate to 9.358794570456282e-05
36887 5270 10539 0.7 0.2 52696
train 35832
vs, vt 0.20513570826086733 0.20461329776379797
need align? ->  True 0.20461329776379797
2023-08-26 06:53:17,054 - epoch:5, training loss:0.6207 validation loss:0.2051
Updating learning rate to 9.999999862914375e-05
Updating learning rate to 9.999999862914375e-05
36887 5270 10539 0.7 0.2 52696
train 35832
vs, vt 0.2044751722779539 0.20443479230420458
need align? ->  True 0.20443479230420458
2023-08-26 06:57:00,498 - epoch:6, training loss:0.6264 validation loss:0.2045
Updating learning rate to 9.957071517639416e-05
Updating learning rate to 9.957071517639416e-05
36887 5270 10539 0.7 0.2 52696
train 35832
vs, vt 0.20326284815867743 0.20325203778015244
need align? ->  True 0.20325203778015244
2023-08-26 07:00:45,931 - epoch:7, training loss:0.6704 validation loss:0.2033
Updating learning rate to 9.82932664654332e-05
Updating learning rate to 9.82932664654332e-05
36887 5270 10539 0.7 0.2 52696
train 35832
vs, vt 0.20242822335826027 0.20328673461659086
need align? ->  False 0.20325203778015244
2023-08-26 07:04:31,107 - epoch:8, training loss:0.6710 validation loss:0.2024
Updating learning rate to 9.61895099978811e-05
Updating learning rate to 9.61895099978811e-05
36887 5270 10539 0.7 0.2 52696
train 35832
vs, vt 0.20111848558816645 0.20342724294298226
need align? ->  False 0.20325203778015244
2023-08-26 07:08:17,270 - epoch:9, training loss:0.6614 validation loss:0.2011
Updating learning rate to 9.329544163016916e-05
Updating learning rate to 9.329544163016916e-05
36887 5270 10539 0.7 0.2 52696
train 35832
vs, vt 0.20035937573346826 0.203283220426076
need align? ->  False 0.20325203778015244
2023-08-26 07:12:02,937 - epoch:10, training loss:0.6539 validation loss:0.2004
Updating learning rate to 8.966057967445628e-05
Updating learning rate to 8.966057967445628e-05
36887 5270 10539 0.7 0.2 52696
train 35832
vs, vt 0.2005101665854454 0.20298047518978515
need align? ->  False 0.20298047518978515
2023-08-26 07:15:49,248 - epoch:11, training loss:0.6512 validation loss:0.2005
Updating learning rate to 8.534711762657881e-05
Updating learning rate to 8.534711762657881e-05
36887 5270 10539 0.7 0.2 52696
train 35832
vs, vt 0.2009071364170975 0.20346345266120303
need align? ->  False 0.20298047518978515
2023-08-26 07:19:34,383 - epoch:12, training loss:0.8778 validation loss:0.2009
Updating learning rate to 8.042886001809359e-05
Updating learning rate to 8.042886001809359e-05
36887 5270 10539 0.7 0.2 52696
train 35832
vs, vt 0.20074076919505993 0.2047788401444753
need align? ->  False 0.20298047518978515
2023-08-26 07:23:18,310 - epoch:13, training loss:0.8396 validation loss:0.2007
Updating learning rate to 7.49899596002804e-05
Updating learning rate to 7.49899596002804e-05
36887 5270 10539 0.7 0.2 52696
train 35832
vs, vt 0.201558298120896 0.2043326279769341
need align? ->  False 0.20298047518978515
2023-08-26 07:27:02,419 - epoch:14, training loss:0.8313 validation loss:0.2016
Updating learning rate to 6.91234774672361e-05
Updating learning rate to 6.91234774672361e-05
36887 5270 10539 0.7 0.2 52696
train 35832
vs, vt 0.20065491201563013 0.20580275336073506
need align? ->  False 0.20298047518978515
2023-08-26 07:30:47,882 - epoch:15, training loss:0.8257 validation loss:0.2007
Updating learning rate to 6.292979075475321e-05
Updating learning rate to 6.292979075475321e-05
36887 5270 10539 0.7 0.2 52696
train 35832
vs, vt 0.20021054045193726 0.20441050817155176
need align? ->  False 0.20298047518978515
2023-08-26 07:34:39,218 - epoch:16, training loss:0.8211 validation loss:0.2002
Updating learning rate to 5.651487515969673e-05
Updating learning rate to 5.651487515969673e-05
36887 5270 10539 0.7 0.2 52696
train 35832
vs, vt 0.20048625042868984 0.20483724193440545
need align? ->  False 0.20298047518978515
2023-08-26 07:38:23,848 - epoch:17, training loss:0.8169 validation loss:0.2005
Updating learning rate to 4.998849166644862e-05
Updating learning rate to 4.998849166644862e-05
36887 5270 10539 0.7 0.2 52696
train 35832
vs, vt 0.19969275386797058 0.2026325124833319
need align? ->  False 0.2026325124833319
2023-08-26 07:42:09,452 - epoch:18, training loss:0.8147 validation loss:0.1997
Updating learning rate to 4.346230850603374e-05
Updating learning rate to 4.346230850603374e-05
36887 5270 10539 0.7 0.2 52696
train 35832
vs, vt 0.20055397041141987 0.20402981361581218
need align? ->  False 0.2026325124833319
2023-08-26 07:45:53,381 - epoch:19, training loss:1.1661 validation loss:0.2006
Updating learning rate to 3.7047990481726605e-05
Updating learning rate to 3.7047990481726605e-05
36887 5270 10539 0.7 0.2 52696
train 35832
vs, vt 0.2004178606180681 0.205416116449568
need align? ->  False 0.2026325124833319
2023-08-26 07:49:37,575 - epoch:20, training loss:1.1126 validation loss:0.2004
Updating learning rate to 3.085528835330802e-05
Updating learning rate to 3.085528835330802e-05
36887 5270 10539 0.7 0.2 52696
train 35832
vs, vt 0.2002337354545792 0.20446830698185497
need align? ->  False 0.2026325124833319
2023-08-26 07:53:20,139 - epoch:21, training loss:1.0993 validation loss:0.2002
Updating learning rate to 2.499016097113665e-05
Updating learning rate to 2.499016097113665e-05
36887 5270 10539 0.7 0.2 52696
train 35832
vs, vt 0.19988307036045525 0.2054743060014314
need align? ->  False 0.2026325124833319
2023-08-26 07:57:03,580 - epoch:22, training loss:1.0911 validation loss:0.1999
Updating learning rate to 1.955296229084196e-05
Updating learning rate to 1.955296229084196e-05
36887 5270 10539 0.7 0.2 52696
train 35832
vs, vt 0.1999799238724841 0.20487479772418737
need align? ->  False 0.2026325124833319
2023-08-26 08:00:46,973 - epoch:23, training loss:1.0859 validation loss:0.2000
Updating learning rate to 1.463672428932003e-05
Updating learning rate to 1.463672428932003e-05
36887 5270 10539 0.7 0.2 52696
train 35832
vs, vt 0.19972104237725338 0.20482913818624285
need align? ->  False 0.2026325124833319
2023-08-26 08:04:30,499 - epoch:24, training loss:1.0842 validation loss:0.1997
Updating learning rate to 1.0325565161815633e-05
Updating learning rate to 1.0325565161815633e-05
36887 5270 10539 0.7 0.2 52696
train 35832
vs, vt 0.1997047889356812 0.2046540728252795
need align? ->  False 0.2026325124833319
2023-08-26 08:08:14,467 - epoch:25, training loss:1.0813 validation loss:0.1997
Updating learning rate to 6.693250036279476e-06
Updating learning rate to 6.693250036279476e-06
36887 5270 10539 0.7 0.2 52696
train 35832
vs, vt 0.19985929710997474 0.2046422003250983
need align? ->  False 0.2026325124833319
2023-08-26 08:11:57,202 - epoch:26, training loss:1.0795 validation loss:0.1999
Updating learning rate to 3.801928831577473e-06
Updating learning rate to 3.801928831577473e-06
36887 5270 10539 0.7 0.2 52696
train 35832
vs, vt 0.1998421201068494 0.20513214791814485
need align? ->  False 0.2026325124833319
2023-08-26 08:15:40,681 - epoch:27, training loss:1.0782 validation loss:0.1998
Updating learning rate to 1.7010728551477905e-06
Updating learning rate to 1.7010728551477905e-06
36887 5270 10539 0.7 0.2 52696
train 35832
vs, vt 0.1999869371453921 0.2052661179461413
need align? ->  False 0.2026325124833319
2023-08-26 08:19:23,751 - epoch:28, training loss:1.0791 validation loss:0.2000
Updating learning rate to 4.2662833521443475e-07
Updating learning rate to 4.2662833521443475e-07
36887 5270 10539 0.7 0.2 52696
train 35832
vs, vt 0.19994729291647673 0.2050186555004782
need align? ->  False 0.2026325124833319
2023-08-26 08:23:06,288 - epoch:29, training loss:1.0803 validation loss:0.1999
Updating learning rate to 4.013708562462412e-10
Updating learning rate to 4.013708562462412e-10
check exp/ECL-PatchTST2023-08-26-06:31:15.270941/0/0.1997_epoch_18.pkl  &  0.2026325124833319
2023-08-26 08:23:16,520 - [*] loss:0.3222
2023-08-26 08:23:16,737 - [*] phase 0, testing
2023-08-26 08:23:20,324 - T:720	MAE	0.328075	RMSE	0.321565	MAPE	1486.379433
2023-08-26 08:23:20,326 - 720	mae	0.3281	
2023-08-26 08:23:20,327 - 720	rmse	0.3216	
2023-08-26 08:23:20,327 - 720	mape	1486.3794	
2023-08-26 08:23:29,600 - [*] loss:0.3222
2023-08-26 08:23:29,818 - [*] phase 0, testing
2023-08-26 08:23:33,253 - T:720	MAE	0.328075	RMSE	0.321565	MAPE	1486.379433
2023-08-26 08:23:42,530 - [*] loss:0.3250
2023-08-26 08:23:42,753 - [*] phase 0, testing
2023-08-26 08:23:46,087 - T:720	MAE	0.331657	RMSE	0.324479	MAPE	1598.308945
2023-08-26 08:23:55,255 - [*] loss:0.3284
2023-08-26 08:23:55,477 - [*] phase 0, testing
2023-08-26 08:23:58,757 - T:720	MAE	0.330233	RMSE	0.327697	MAPE	1607.214355
2023-08-26 08:23:58,759 - 720	mae	0.3302	
2023-08-26 08:23:58,759 - 720	rmse	0.3277	
2023-08-26 08:23:58,759 - 720	mape	1607.2144	
