2023-09-15 03:58:03,358 - logger name:exp/ECL-PatchTST2023-09-15-03:58:03.358078/ECL-PatchTST.log
2023-09-15 03:58:03,358 - params : {'loss': 'huber', 'conf': 'ECL-PatchTST', 'data_name': 'ETTm1', 'iteration': 1, 'train': 1, 'mainrs': 0, 'abl': 1, 'abl_tmp_context': 0, 'abl_ae': 0, 'no_tmp': 0, 'load': True, 'build_graph': False, 'same_init': True, 'grad_norm': False, 'refiner_residual': 1, 'root_path': '', 'exp_path': 'exp/', 'val_test_mix': False, 'lr': 0.0001, 'lradj': 'TST', 'dropout': 0.2, 'fc_dropout': 0.2, 'head_dropout': 0.0, 'patch_len': 16, 'stride': 8, 'd_ff': 256, 'd_model': 128, 'n_heads': 16, 'seq_len': 336, 'pred_len': 192, 'noise_rate': 0.5, 'device': device(type='cuda', index=0), 'test_model_path': '/Disk/fhyega/code/BASE/exp/ECL-PatchTST2023-08-26-13:08:31.837686/0/best_model.pkl', 'idx': -1, 'aligner': 1, 'always_align': 1, 'refiner': 1, 'rec_block_num': 1, 'enhance': 1, 'enhance_type': 5, 'seed': 34, 'batch_size': 64, 'share_head': 0, 'add_noise': 1, 'add_norm': 0, 'jitter_sigma': 0.4, 'slope_rate': 0.01, 'slope_range': 0.2, 'alpha': 10.0, 'beta': 1.0, 'gamma': 0.15, 'feature_jittering': 1, 'rec_intra_feature': 0, 'rec_ori': 1, 'mid_dim': 128, 'test_en': 0, 'debugger': 0, 'summary': 0, 'omega': 1.0, 'theta': 1.5, 'mask_border': 1, 'sup_weight': 10.0, 'rec_length_ratio': 0.8, 'ref_dropout': 0.0, 'ref_block_num': 1, 'add_FFN': 1, 'add_residual': 0, 'rec_all': 0, 'e_layers': 3, 'early_break': 0, 'early_stop': 10, 'lo': None, '/* model related args*/': '//', 'model_name': 'PatchTST', 'label_len': 48, 'features': 'M', 'target': 'OT', 'graph_input': False, 'individual': False, 'd_layers': 1, 'factor': 1, 'des': 'Exp', 'padding_patch': 'end', 'revin': 1, 'affine': 0, 'subtract_last': 0, 'decomposition': 0, 'kernel_size': 25, 'output_attention': 0, 'embed_type': 0, 'activation': 'gelu', 'distil': 1, 'linear_output': 1, 'pct_start': 0.2, 'indie': 1, '/*train related args*/': '//', 'epoch': 30, '/*dataset related args*/': '//', 'save_data_path': 'data/ECL/', 'data_process': True, 'embed': 'timeF', 'freq': 'h', 'begin_phase': 0, 'end_phase': 1, 'phase_len': -1, 'val_ratio': 0.33, 'graph_size': 321, '/*strategy related args*/': '//', 'strategy': 'incremental', 'increase': False, 'detect': False, 'detect_strategy': 'feature', 'replay': False, 'replay_strategy': 'random', 'repaly_num_samples': 100, 'ewc': False, 'ewc_strategy': 'ewc', 'ewc_lambda': 0.0001, 'subgraph_train': False, 'num_hops': 2, 'logname': 'ECL-PatchTST', 'time': '2023-09-15-03:58:03.358078', 'path': 'exp/ECL-PatchTST2023-09-15-03:58:03.358078', 'num_workers': 4, 'start_train': 0, 'train_mode': 'pretrain', 'get_score': False, 'use_cm': True, 'logger': <Logger __main__ (INFO)>}
2023-09-15 03:58:03,358 - [*] phase 0 start training
0 69680
train 34033
val 11329
test 11329
2023-09-15 03:58:04,195 - [*] phase 0 Dataset load!
1 True None
2023-09-15 03:58:04,342 - [*] phase 0 Training start
train 34033
2023-09-15 04:00:06,328 - epoch:0, training loss:0.1797 validation loss:0.2076
(34033, 7)
(34033, 7) True
train 34033
vs, vt 0.20760871873896444 0.21368283703086083
Updating learning rate to 1.0434726665328864e-05
Updating learning rate to 1.0434726665328864e-05
(34033, 7)
(34033, 7) True
train 34033
0 tensor(1.3930, device='cuda:0', grad_fn=<MseLossBackward0>) tensor(0.1463, device='cuda:0', grad_fn=<MulBackward0>)
0 tensor(1.2920, device='cuda:0', grad_fn=<MseLossBackward0>) tensor(0.1450, device='cuda:0', grad_fn=<MulBackward0>)
0 tensor(1.0921, device='cuda:0', grad_fn=<MseLossBackward0>) tensor(0.1376, device='cuda:0', grad_fn=<MulBackward0>)
0 tensor(1.0621, device='cuda:0', grad_fn=<MseLossBackward0>) tensor(0.1464, device='cuda:0', grad_fn=<MulBackward0>)
0 tensor(0.9562, device='cuda:0', grad_fn=<MseLossBackward0>) tensor(0.1503, device='cuda:0', grad_fn=<MulBackward0>)
0 tensor(1.0577, device='cuda:0', grad_fn=<MseLossBackward0>) tensor(0.1624, device='cuda:0', grad_fn=<MulBackward0>)
0 tensor(0.8394, device='cuda:0', grad_fn=<MseLossBackward0>) tensor(0.1365, device='cuda:0', grad_fn=<MulBackward0>)
0 tensor(0.8275, device='cuda:0', grad_fn=<MseLossBackward0>) tensor(0.1564, device='cuda:0', grad_fn=<MulBackward0>)
0 tensor(0.7890, device='cuda:0', grad_fn=<MseLossBackward0>) tensor(0.1287, device='cuda:0', grad_fn=<MulBackward0>)
0 tensor(0.6902, device='cuda:0', grad_fn=<MseLossBackward0>) tensor(0.1457, device='cuda:0', grad_fn=<MulBackward0>)
0 tensor(0.6151, device='cuda:0', grad_fn=<MseLossBackward0>) tensor(0.1202, device='cuda:0', grad_fn=<MulBackward0>)
0 tensor(0.5992, device='cuda:0', grad_fn=<MseLossBackward0>) tensor(0.1337, device='cuda:0', grad_fn=<MulBackward0>)
0 tensor(0.5729, device='cuda:0', grad_fn=<MseLossBackward0>) tensor(0.1485, device='cuda:0', grad_fn=<MulBackward0>)
0 tensor(0.5596, device='cuda:0', grad_fn=<MseLossBackward0>) tensor(0.1281, device='cuda:0', grad_fn=<MulBackward0>)
vs, vt 0.2031430397601275 0.20771818800588673
need align? ->  False 0.20771818800588673
2023-09-15 04:04:27,329 - epoch:1, training loss:2.4416 validation loss:0.2031
Updating learning rate to 2.8013668858919874e-05
Updating learning rate to 2.8013668858919874e-05
(34033, 7)
(34033, 7) False
train 34033
tensor(7.8979, device='cuda:0', grad_fn=<MeanBackward0>) tensor(0.6087, device='cuda:0', grad_fn=<MseLossBackward0>) tensor(0.1416, device='cuda:0', grad_fn=<MulBackward0>)
tensor(4.3503, device='cuda:0', grad_fn=<MeanBackward0>) tensor(0.5172, device='cuda:0', grad_fn=<MseLossBackward0>) tensor(0.1262, device='cuda:0', grad_fn=<MulBackward0>)
tensor(3.4581, device='cuda:0', grad_fn=<MeanBackward0>) tensor(0.5077, device='cuda:0', grad_fn=<MseLossBackward0>) tensor(0.1315, device='cuda:0', grad_fn=<MulBackward0>)
tensor(2.7121, device='cuda:0', grad_fn=<MeanBackward0>) tensor(0.4743, device='cuda:0', grad_fn=<MseLossBackward0>) tensor(0.1257, device='cuda:0', grad_fn=<MulBackward0>)
tensor(2.4690, device='cuda:0', grad_fn=<MeanBackward0>) tensor(0.5413, device='cuda:0', grad_fn=<MseLossBackward0>) tensor(0.1550, device='cuda:0', grad_fn=<MulBackward0>)
tensor(2.1833, device='cuda:0', grad_fn=<MeanBackward0>) tensor(0.4899, device='cuda:0', grad_fn=<MseLossBackward0>) tensor(0.1285, device='cuda:0', grad_fn=<MulBackward0>)
tensor(2.0732, device='cuda:0', grad_fn=<MeanBackward0>) tensor(0.5645, device='cuda:0', grad_fn=<MseLossBackward0>) tensor(0.1506, device='cuda:0', grad_fn=<MulBackward0>)
tensor(1.8253, device='cuda:0', grad_fn=<MeanBackward0>) tensor(0.4912, device='cuda:0', grad_fn=<MseLossBackward0>) tensor(0.1397, device='cuda:0', grad_fn=<MulBackward0>)
tensor(1.6627, device='cuda:0', grad_fn=<MeanBackward0>) tensor(0.4513, device='cuda:0', grad_fn=<MseLossBackward0>) tensor(0.1314, device='cuda:0', grad_fn=<MulBackward0>)
tensor(1.0705, device='cuda:0', grad_fn=<MeanBackward0>) tensor(0.4473, device='cuda:0', grad_fn=<MseLossBackward0>) tensor(0.1297, device='cuda:0', grad_fn=<MulBackward0>)
tensor(1.3313, device='cuda:0', grad_fn=<MeanBackward0>) tensor(0.5306, device='cuda:0', grad_fn=<MseLossBackward0>) tensor(0.1433, device='cuda:0', grad_fn=<MulBackward0>)
tensor(1.3740, device='cuda:0', grad_fn=<MeanBackward0>) tensor(0.4747, device='cuda:0', grad_fn=<MseLossBackward0>) tensor(0.1419, device='cuda:0', grad_fn=<MulBackward0>)
tensor(1.3532, device='cuda:0', grad_fn=<MeanBackward0>) tensor(0.3897, device='cuda:0', grad_fn=<MseLossBackward0>) tensor(0.1200, device='cuda:0', grad_fn=<MulBackward0>)
tensor(1.2318, device='cuda:0', grad_fn=<MeanBackward0>) tensor(0.4472, device='cuda:0', grad_fn=<MseLossBackward0>) tensor(0.1449, device='cuda:0', grad_fn=<MulBackward0>)
vs, vt 0.20206124373198894 0.20712089220459542
need align? ->  False 0.20712089220459542
2023-09-15 04:07:18,026 - epoch:2, training loss:3.5833 validation loss:0.2021
Updating learning rate to 5.2023672910715735e-05
Updating learning rate to 5.2023672910715735e-05
(34033, 7)
(34033, 7) False
train 34033
tensor(0.9641, device='cuda:0', grad_fn=<MeanBackward0>) tensor(0.4301, device='cuda:0', grad_fn=<MseLossBackward0>) tensor(0.1353, device='cuda:0', grad_fn=<MulBackward0>)
tensor(0.9856, device='cuda:0', grad_fn=<MeanBackward0>) tensor(0.4571, device='cuda:0', grad_fn=<MseLossBackward0>) tensor(0.1476, device='cuda:0', grad_fn=<MulBackward0>)
tensor(0.9386, device='cuda:0', grad_fn=<MeanBackward0>) tensor(0.5090, device='cuda:0', grad_fn=<MseLossBackward0>) tensor(0.1581, device='cuda:0', grad_fn=<MulBackward0>)
tensor(0.6099, device='cuda:0', grad_fn=<MeanBackward0>) tensor(0.4046, device='cuda:0', grad_fn=<MseLossBackward0>) tensor(0.1312, device='cuda:0', grad_fn=<MulBackward0>)
tensor(0.7946, device='cuda:0', grad_fn=<MeanBackward0>) tensor(0.4055, device='cuda:0', grad_fn=<MseLossBackward0>) tensor(0.1363, device='cuda:0', grad_fn=<MulBackward0>)
tensor(0.6824, device='cuda:0', grad_fn=<MeanBackward0>) tensor(0.3833, device='cuda:0', grad_fn=<MseLossBackward0>) tensor(0.1253, device='cuda:0', grad_fn=<MulBackward0>)
tensor(0.7278, device='cuda:0', grad_fn=<MeanBackward0>) tensor(0.4002, device='cuda:0', grad_fn=<MseLossBackward0>) tensor(0.1230, device='cuda:0', grad_fn=<MulBackward0>)
tensor(0.6120, device='cuda:0', grad_fn=<MeanBackward0>) tensor(0.4353, device='cuda:0', grad_fn=<MseLossBackward0>) tensor(0.1388, device='cuda:0', grad_fn=<MulBackward0>)
tensor(0.6222, device='cuda:0', grad_fn=<MeanBackward0>) tensor(0.3854, device='cuda:0', grad_fn=<MseLossBackward0>) tensor(0.1238, device='cuda:0', grad_fn=<MulBackward0>)
tensor(0.5408, device='cuda:0', grad_fn=<MeanBackward0>) tensor(0.3880, device='cuda:0', grad_fn=<MseLossBackward0>) tensor(0.1293, device='cuda:0', grad_fn=<MulBackward0>)
tensor(0.3426, device='cuda:0', grad_fn=<MeanBackward0>) tensor(0.3793, device='cuda:0', grad_fn=<MseLossBackward0>) tensor(0.1351, device='cuda:0', grad_fn=<MulBackward0>)
tensor(0.4701, device='cuda:0', grad_fn=<MeanBackward0>) tensor(0.3717, device='cuda:0', grad_fn=<MseLossBackward0>) tensor(0.1234, device='cuda:0', grad_fn=<MulBackward0>)
tensor(0.2693, device='cuda:0', grad_fn=<MeanBackward0>) tensor(0.3826, device='cuda:0', grad_fn=<MseLossBackward0>) tensor(0.1273, device='cuda:0', grad_fn=<MulBackward0>)
tensor(0.4093, device='cuda:0', grad_fn=<MeanBackward0>) tensor(0.4477, device='cuda:0', grad_fn=<MseLossBackward0>) tensor(0.1506, device='cuda:0', grad_fn=<MulBackward0>)
vs, vt 0.20569743119766204 0.20484991097466998
need align? ->  True 0.20484991097466998
2023-09-15 04:10:38,308 - epoch:3, training loss:1.9214 validation loss:0.2057
Updating learning rate to 7.602732993293542e-05
Updating learning rate to 7.602732993293542e-05
(34033, 7)
(34033, 7) False
train 34033
tensor(0.3630, device='cuda:0', grad_fn=<MeanBackward0>) tensor(0.4481, device='cuda:0', grad_fn=<MseLossBackward0>) tensor(0.1532, device='cuda:0', grad_fn=<MulBackward0>)
tensor(0.3228, device='cuda:0', grad_fn=<MeanBackward0>) tensor(0.3741, device='cuda:0', grad_fn=<MseLossBackward0>) tensor(0.1318, device='cuda:0', grad_fn=<MulBackward0>)
tensor(0.2798, device='cuda:0', grad_fn=<MeanBackward0>) tensor(0.5167, device='cuda:0', grad_fn=<MseLossBackward0>) tensor(0.1640, device='cuda:0', grad_fn=<MulBackward0>)
tensor(0.2789, device='cuda:0', grad_fn=<MeanBackward0>) tensor(0.3880, device='cuda:0', grad_fn=<MseLossBackward0>) tensor(0.1440, device='cuda:0', grad_fn=<MulBackward0>)
tensor(0.2711, device='cuda:0', grad_fn=<MeanBackward0>) tensor(0.3812, device='cuda:0', grad_fn=<MseLossBackward0>) tensor(0.1286, device='cuda:0', grad_fn=<MulBackward0>)
tensor(0.1972, device='cuda:0', grad_fn=<MeanBackward0>) tensor(0.3951, device='cuda:0', grad_fn=<MseLossBackward0>) tensor(0.1305, device='cuda:0', grad_fn=<MulBackward0>)
tensor(0.2314, device='cuda:0', grad_fn=<MeanBackward0>) tensor(0.4013, device='cuda:0', grad_fn=<MseLossBackward0>) tensor(0.1329, device='cuda:0', grad_fn=<MulBackward0>)
tensor(0.1943, device='cuda:0', grad_fn=<MeanBackward0>) tensor(0.3524, device='cuda:0', grad_fn=<MseLossBackward0>) tensor(0.1109, device='cuda:0', grad_fn=<MulBackward0>)
tensor(0.1324, device='cuda:0', grad_fn=<MeanBackward0>) tensor(0.3592, device='cuda:0', grad_fn=<MseLossBackward0>) tensor(0.1224, device='cuda:0', grad_fn=<MulBackward0>)
tensor(0.1198, device='cuda:0', grad_fn=<MeanBackward0>) tensor(0.3977, device='cuda:0', grad_fn=<MseLossBackward0>) tensor(0.1357, device='cuda:0', grad_fn=<MulBackward0>)
tensor(0.1296, device='cuda:0', grad_fn=<MeanBackward0>) tensor(0.3356, device='cuda:0', grad_fn=<MseLossBackward0>) tensor(0.1182, device='cuda:0', grad_fn=<MulBackward0>)
tensor(0.0980, device='cuda:0', grad_fn=<MeanBackward0>) tensor(0.3452, device='cuda:0', grad_fn=<MseLossBackward0>) tensor(0.1160, device='cuda:0', grad_fn=<MulBackward0>)
tensor(0.0917, device='cuda:0', grad_fn=<MeanBackward0>) tensor(0.4172, device='cuda:0', grad_fn=<MseLossBackward0>) tensor(0.1328, device='cuda:0', grad_fn=<MulBackward0>)
tensor(0.0915, device='cuda:0', grad_fn=<MeanBackward0>) tensor(0.4220, device='cuda:0', grad_fn=<MseLossBackward0>) tensor(0.1395, device='cuda:0', grad_fn=<MulBackward0>)
vs, vt 0.20544232348545213 0.20796489246775596
need align? ->  True 0.20484991097466998
2023-09-15 04:12:05,283 - epoch:4, training loss:1.3494 validation loss:0.2054
Updating learning rate to 9.3588932762817e-05
Updating learning rate to 9.3588932762817e-05
(34033, 7)
(34033, 7) False
train 34033
tensor(0.0803, device='cuda:0', grad_fn=<MeanBackward0>) tensor(0.3727, device='cuda:0', grad_fn=<MseLossBackward0>) tensor(0.1265, device='cuda:0', grad_fn=<MulBackward0>)
tensor(0.0657, device='cuda:0', grad_fn=<MeanBackward0>) tensor(0.3390, device='cuda:0', grad_fn=<MseLossBackward0>) tensor(0.1296, device='cuda:0', grad_fn=<MulBackward0>)
tensor(0.0582, device='cuda:0', grad_fn=<MeanBackward0>) tensor(0.3949, device='cuda:0', grad_fn=<MseLossBackward0>) tensor(0.1343, device='cuda:0', grad_fn=<MulBackward0>)
tensor(0.0422, device='cuda:0', grad_fn=<MeanBackward0>) tensor(0.3803, device='cuda:0', grad_fn=<MseLossBackward0>) tensor(0.1181, device='cuda:0', grad_fn=<MulBackward0>)
tensor(0.0387, device='cuda:0', grad_fn=<MeanBackward0>) tensor(0.3596, device='cuda:0', grad_fn=<MseLossBackward0>) tensor(0.1320, device='cuda:0', grad_fn=<MulBackward0>)
tensor(0.0236, device='cuda:0', grad_fn=<MeanBackward0>) tensor(0.4013, device='cuda:0', grad_fn=<MseLossBackward0>) tensor(0.1432, device='cuda:0', grad_fn=<MulBackward0>)
tensor(0.0384, device='cuda:0', grad_fn=<MeanBackward0>) tensor(0.3801, device='cuda:0', grad_fn=<MseLossBackward0>) tensor(0.1299, device='cuda:0', grad_fn=<MulBackward0>)
tensor(0.0239, device='cuda:0', grad_fn=<MeanBackward0>) tensor(0.4045, device='cuda:0', grad_fn=<MseLossBackward0>) tensor(0.1349, device='cuda:0', grad_fn=<MulBackward0>)
tensor(0.0252, device='cuda:0', grad_fn=<MeanBackward0>) tensor(0.3823, device='cuda:0', grad_fn=<MseLossBackward0>) tensor(0.1387, device='cuda:0', grad_fn=<MulBackward0>)
tensor(0.0127, device='cuda:0', grad_fn=<MeanBackward0>) tensor(0.4102, device='cuda:0', grad_fn=<MseLossBackward0>) tensor(0.1397, device='cuda:0', grad_fn=<MulBackward0>)
tensor(0.0193, device='cuda:0', grad_fn=<MeanBackward0>) tensor(0.3892, device='cuda:0', grad_fn=<MseLossBackward0>) tensor(0.1360, device='cuda:0', grad_fn=<MulBackward0>)
tensor(0.0142, device='cuda:0', grad_fn=<MeanBackward0>) tensor(0.4012, device='cuda:0', grad_fn=<MseLossBackward0>) tensor(0.1486, device='cuda:0', grad_fn=<MulBackward0>)
tensor(0.0104, device='cuda:0', grad_fn=<MeanBackward0>) tensor(0.3301, device='cuda:0', grad_fn=<MseLossBackward0>) tensor(0.1265, device='cuda:0', grad_fn=<MulBackward0>)
tensor(0.0128, device='cuda:0', grad_fn=<MeanBackward0>) tensor(0.4147, device='cuda:0', grad_fn=<MseLossBackward0>) tensor(0.1314, device='cuda:0', grad_fn=<MulBackward0>)
vs, vt 0.19917896237182484 0.20824895393145218
need align? ->  False 0.20484991097466998
2023-09-15 04:13:27,801 - epoch:5, training loss:1.1358 validation loss:0.1992
Updating learning rate to 9.999999848075964e-05
Updating learning rate to 9.999999848075964e-05
(34033, 7)
(34033, 7) False
train 34033
tensor(0.0097, device='cuda:0', grad_fn=<MeanBackward0>) tensor(0.4566, device='cuda:0', grad_fn=<MseLossBackward0>) tensor(0.1494, device='cuda:0', grad_fn=<MulBackward0>)
tensor(0.0156, device='cuda:0', grad_fn=<MeanBackward0>) tensor(0.3627, device='cuda:0', grad_fn=<MseLossBackward0>) tensor(0.1397, device='cuda:0', grad_fn=<MulBackward0>)
tensor(0.0146, device='cuda:0', grad_fn=<MeanBackward0>) tensor(0.3863, device='cuda:0', grad_fn=<MseLossBackward0>) tensor(0.1362, device='cuda:0', grad_fn=<MulBackward0>)
tensor(0.0177, device='cuda:0', grad_fn=<MeanBackward0>) tensor(0.4551, device='cuda:0', grad_fn=<MseLossBackward0>) tensor(0.1389, device='cuda:0', grad_fn=<MulBackward0>)
tensor(0.0056, device='cuda:0', grad_fn=<MeanBackward0>) tensor(0.3747, device='cuda:0', grad_fn=<MseLossBackward0>) tensor(0.1396, device='cuda:0', grad_fn=<MulBackward0>)
tensor(0.0096, device='cuda:0', grad_fn=<MeanBackward0>) tensor(0.3903, device='cuda:0', grad_fn=<MseLossBackward0>) tensor(0.1423, device='cuda:0', grad_fn=<MulBackward0>)
tensor(0.0092, device='cuda:0', grad_fn=<MeanBackward0>) tensor(0.3765, device='cuda:0', grad_fn=<MseLossBackward0>) tensor(0.1448, device='cuda:0', grad_fn=<MulBackward0>)
tensor(0.0105, device='cuda:0', grad_fn=<MeanBackward0>) tensor(0.3781, device='cuda:0', grad_fn=<MseLossBackward0>) tensor(0.1462, device='cuda:0', grad_fn=<MulBackward0>)
tensor(0.0163, device='cuda:0', grad_fn=<MeanBackward0>) tensor(0.3799, device='cuda:0', grad_fn=<MseLossBackward0>) tensor(0.1301, device='cuda:0', grad_fn=<MulBackward0>)
tensor(0.0104, device='cuda:0', grad_fn=<MeanBackward0>) tensor(0.3471, device='cuda:0', grad_fn=<MseLossBackward0>) tensor(0.1332, device='cuda:0', grad_fn=<MulBackward0>)
tensor(0.0098, device='cuda:0', grad_fn=<MeanBackward0>) tensor(0.3873, device='cuda:0', grad_fn=<MseLossBackward0>) tensor(0.1406, device='cuda:0', grad_fn=<MulBackward0>)
tensor(0.0102, device='cuda:0', grad_fn=<MeanBackward0>) tensor(0.3785, device='cuda:0', grad_fn=<MseLossBackward0>) tensor(0.1323, device='cuda:0', grad_fn=<MulBackward0>)
tensor(0.0066, device='cuda:0', grad_fn=<MeanBackward0>) tensor(0.3570, device='cuda:0', grad_fn=<MseLossBackward0>) tensor(0.1319, device='cuda:0', grad_fn=<MulBackward0>)
tensor(0.0067, device='cuda:0', grad_fn=<MeanBackward0>) tensor(0.3499, device='cuda:0', grad_fn=<MseLossBackward0>) tensor(0.1238, device='cuda:0', grad_fn=<MulBackward0>)
vs, vt 0.19985411920992846 0.20319225645383424
need align? ->  False 0.20319225645383424
2023-09-15 04:14:50,606 - epoch:6, training loss:1.0887 validation loss:0.1999
Updating learning rate to 9.957063444389977e-05
Updating learning rate to 9.957063444389977e-05
(34033, 7)
(34033, 7) False
train 34033
tensor(0.0072, device='cuda:0', grad_fn=<MeanBackward0>) tensor(0.3278, device='cuda:0', grad_fn=<MseLossBackward0>) tensor(0.1238, device='cuda:0', grad_fn=<MulBackward0>)
tensor(0.0095, device='cuda:0', grad_fn=<MeanBackward0>) tensor(0.3913, device='cuda:0', grad_fn=<MseLossBackward0>) tensor(0.1320, device='cuda:0', grad_fn=<MulBackward0>)
tensor(0.0121, device='cuda:0', grad_fn=<MeanBackward0>) tensor(0.3279, device='cuda:0', grad_fn=<MseLossBackward0>) tensor(0.1203, device='cuda:0', grad_fn=<MulBackward0>)
tensor(0.0095, device='cuda:0', grad_fn=<MeanBackward0>) tensor(0.3696, device='cuda:0', grad_fn=<MseLossBackward0>) tensor(0.1317, device='cuda:0', grad_fn=<MulBackward0>)
tensor(0.0068, device='cuda:0', grad_fn=<MeanBackward0>) tensor(0.3777, device='cuda:0', grad_fn=<MseLossBackward0>) tensor(0.1413, device='cuda:0', grad_fn=<MulBackward0>)
tensor(0.0146, device='cuda:0', grad_fn=<MeanBackward0>) tensor(0.4194, device='cuda:0', grad_fn=<MseLossBackward0>) tensor(0.1277, device='cuda:0', grad_fn=<MulBackward0>)
tensor(0.0045, device='cuda:0', grad_fn=<MeanBackward0>) tensor(0.3771, device='cuda:0', grad_fn=<MseLossBackward0>) tensor(0.1368, device='cuda:0', grad_fn=<MulBackward0>)
tensor(0.0083, device='cuda:0', grad_fn=<MeanBackward0>) tensor(0.3702, device='cuda:0', grad_fn=<MseLossBackward0>) tensor(0.1168, device='cuda:0', grad_fn=<MulBackward0>)
tensor(0.0092, device='cuda:0', grad_fn=<MeanBackward0>) tensor(0.3785, device='cuda:0', grad_fn=<MseLossBackward0>) tensor(0.1415, device='cuda:0', grad_fn=<MulBackward0>)
tensor(0.0115, device='cuda:0', grad_fn=<MeanBackward0>) tensor(0.3902, device='cuda:0', grad_fn=<MseLossBackward0>) tensor(0.1174, device='cuda:0', grad_fn=<MulBackward0>)
tensor(0.0056, device='cuda:0', grad_fn=<MeanBackward0>) tensor(0.3635, device='cuda:0', grad_fn=<MseLossBackward0>) tensor(0.1291, device='cuda:0', grad_fn=<MulBackward0>)
tensor(0.0089, device='cuda:0', grad_fn=<MeanBackward0>) tensor(0.3531, device='cuda:0', grad_fn=<MseLossBackward0>) tensor(0.1267, device='cuda:0', grad_fn=<MulBackward0>)
tensor(0.0092, device='cuda:0', grad_fn=<MeanBackward0>) tensor(0.4181, device='cuda:0', grad_fn=<MseLossBackward0>) tensor(0.1355, device='cuda:0', grad_fn=<MulBackward0>)
tensor(0.0057, device='cuda:0', grad_fn=<MeanBackward0>) tensor(0.4292, device='cuda:0', grad_fn=<MseLossBackward0>) tensor(0.1621, device='cuda:0', grad_fn=<MulBackward0>)
vs, vt 0.2024008801646447 0.2053781675405047
need align? ->  False 0.20319225645383424
2023-09-15 04:16:13,166 - epoch:7, training loss:1.0605 validation loss:0.2024
Updating learning rate to 9.829310653018389e-05
Updating learning rate to 9.829310653018389e-05
(34033, 7)
(34033, 7) False
train 34033
tensor(0.0075, device='cuda:0', grad_fn=<MeanBackward0>) tensor(0.3352, device='cuda:0', grad_fn=<MseLossBackward0>) tensor(0.1323, device='cuda:0', grad_fn=<MulBackward0>)
tensor(0.0068, device='cuda:0', grad_fn=<MeanBackward0>) tensor(0.3873, device='cuda:0', grad_fn=<MseLossBackward0>) tensor(0.1408, device='cuda:0', grad_fn=<MulBackward0>)
tensor(0.0110, device='cuda:0', grad_fn=<MeanBackward0>) tensor(0.3416, device='cuda:0', grad_fn=<MseLossBackward0>) tensor(0.1178, device='cuda:0', grad_fn=<MulBackward0>)
tensor(0.0054, device='cuda:0', grad_fn=<MeanBackward0>) tensor(0.3634, device='cuda:0', grad_fn=<MseLossBackward0>) tensor(0.1137, device='cuda:0', grad_fn=<MulBackward0>)
tensor(0.0018, device='cuda:0', grad_fn=<MeanBackward0>) tensor(0.3053, device='cuda:0', grad_fn=<MseLossBackward0>) tensor(0.1350, device='cuda:0', grad_fn=<MulBackward0>)
tensor(0.0084, device='cuda:0', grad_fn=<MeanBackward0>) tensor(0.3532, device='cuda:0', grad_fn=<MseLossBackward0>) tensor(0.1198, device='cuda:0', grad_fn=<MulBackward0>)
tensor(0.0157, device='cuda:0', grad_fn=<MeanBackward0>) tensor(0.3908, device='cuda:0', grad_fn=<MseLossBackward0>) tensor(0.1287, device='cuda:0', grad_fn=<MulBackward0>)
tensor(0.0069, device='cuda:0', grad_fn=<MeanBackward0>) tensor(0.4105, device='cuda:0', grad_fn=<MseLossBackward0>) tensor(0.1418, device='cuda:0', grad_fn=<MulBackward0>)
tensor(0.0025, device='cuda:0', grad_fn=<MeanBackward0>) tensor(0.3477, device='cuda:0', grad_fn=<MseLossBackward0>) tensor(0.1356, device='cuda:0', grad_fn=<MulBackward0>)
tensor(0.0060, device='cuda:0', grad_fn=<MeanBackward0>) tensor(0.4072, device='cuda:0', grad_fn=<MseLossBackward0>) tensor(0.1486, device='cuda:0', grad_fn=<MulBackward0>)
tensor(0.0145, device='cuda:0', grad_fn=<MeanBackward0>) tensor(0.3447, device='cuda:0', grad_fn=<MseLossBackward0>) tensor(0.1148, device='cuda:0', grad_fn=<MulBackward0>)
tensor(0.0065, device='cuda:0', grad_fn=<MeanBackward0>) tensor(0.3286, device='cuda:0', grad_fn=<MseLossBackward0>) tensor(0.1226, device='cuda:0', grad_fn=<MulBackward0>)
tensor(0.0051, device='cuda:0', grad_fn=<MeanBackward0>) tensor(0.3531, device='cuda:0', grad_fn=<MseLossBackward0>) tensor(0.1217, device='cuda:0', grad_fn=<MulBackward0>)
tensor(0.0013, device='cuda:0', grad_fn=<MeanBackward0>) tensor(0.3401, device='cuda:0', grad_fn=<MseLossBackward0>) tensor(0.1202, device='cuda:0', grad_fn=<MulBackward0>)
vs, vt 0.1998908647409316 0.20252862206419533
need align? ->  False 0.20252862206419533
2023-09-15 04:17:35,707 - epoch:8, training loss:1.0322 validation loss:0.1999
Updating learning rate to 9.618927359641333e-05
Updating learning rate to 9.618927359641333e-05
(34033, 7)
(34033, 7) False
train 34033
tensor(0.0086, device='cuda:0', grad_fn=<MeanBackward0>) tensor(0.3467, device='cuda:0', grad_fn=<MseLossBackward0>) tensor(0.1226, device='cuda:0', grad_fn=<MulBackward0>)
tensor(0.0119, device='cuda:0', grad_fn=<MeanBackward0>) tensor(0.3233, device='cuda:0', grad_fn=<MseLossBackward0>) tensor(0.1320, device='cuda:0', grad_fn=<MulBackward0>)
tensor(0.0044, device='cuda:0', grad_fn=<MeanBackward0>) tensor(0.3843, device='cuda:0', grad_fn=<MseLossBackward0>) tensor(0.1403, device='cuda:0', grad_fn=<MulBackward0>)
tensor(0.0049, device='cuda:0', grad_fn=<MeanBackward0>) tensor(0.3450, device='cuda:0', grad_fn=<MseLossBackward0>) tensor(0.1133, device='cuda:0', grad_fn=<MulBackward0>)
tensor(0.0069, device='cuda:0', grad_fn=<MeanBackward0>) tensor(0.3528, device='cuda:0', grad_fn=<MseLossBackward0>) tensor(0.1174, device='cuda:0', grad_fn=<MulBackward0>)
tensor(0.0048, device='cuda:0', grad_fn=<MeanBackward0>) tensor(0.3777, device='cuda:0', grad_fn=<MseLossBackward0>) tensor(0.1336, device='cuda:0', grad_fn=<MulBackward0>)
tensor(0.0051, device='cuda:0', grad_fn=<MeanBackward0>) tensor(0.3515, device='cuda:0', grad_fn=<MseLossBackward0>) tensor(0.1109, device='cuda:0', grad_fn=<MulBackward0>)
tensor(0.0079, device='cuda:0', grad_fn=<MeanBackward0>) tensor(0.3356, device='cuda:0', grad_fn=<MseLossBackward0>) tensor(0.1373, device='cuda:0', grad_fn=<MulBackward0>)
tensor(0.0101, device='cuda:0', grad_fn=<MeanBackward0>) tensor(0.3942, device='cuda:0', grad_fn=<MseLossBackward0>) tensor(0.1391, device='cuda:0', grad_fn=<MulBackward0>)
tensor(0.0052, device='cuda:0', grad_fn=<MeanBackward0>) tensor(0.3261, device='cuda:0', grad_fn=<MseLossBackward0>) tensor(0.1268, device='cuda:0', grad_fn=<MulBackward0>)
tensor(0.0070, device='cuda:0', grad_fn=<MeanBackward0>) tensor(0.3946, device='cuda:0', grad_fn=<MseLossBackward0>) tensor(0.1377, device='cuda:0', grad_fn=<MulBackward0>)
tensor(0.0060, device='cuda:0', grad_fn=<MeanBackward0>) tensor(0.3906, device='cuda:0', grad_fn=<MseLossBackward0>) tensor(0.1265, device='cuda:0', grad_fn=<MulBackward0>)
tensor(0.0078, device='cuda:0', grad_fn=<MeanBackward0>) tensor(0.3673, device='cuda:0', grad_fn=<MseLossBackward0>) tensor(0.1383, device='cuda:0', grad_fn=<MulBackward0>)
tensor(0.0106, device='cuda:0', grad_fn=<MeanBackward0>) tensor(0.3610, device='cuda:0', grad_fn=<MseLossBackward0>) tensor(0.1375, device='cuda:0', grad_fn=<MulBackward0>)
vs, vt 0.20045669487771695 0.2051098325363036
need align? ->  False 0.20252862206419533
2023-09-15 04:18:58,426 - epoch:9, training loss:1.0601 validation loss:0.2005
Updating learning rate to 9.329513280737758e-05
Updating learning rate to 9.329513280737758e-05
(34033, 7)
(34033, 7) True
train 34033
tensor(0.0070, device='cuda:0', grad_fn=<MeanBackward0>) tensor(0.3347, device='cuda:0', grad_fn=<MseLossBackward0>) tensor(0.1197, device='cuda:0', grad_fn=<MulBackward0>)
tensor(0.0052, device='cuda:0', grad_fn=<MeanBackward0>) tensor(0.3139, device='cuda:0', grad_fn=<MseLossBackward0>) tensor(0.1232, device='cuda:0', grad_fn=<MulBackward0>)
tensor(0.0053, device='cuda:0', grad_fn=<MeanBackward0>) tensor(0.4255, device='cuda:0', grad_fn=<MseLossBackward0>) tensor(0.1345, device='cuda:0', grad_fn=<MulBackward0>)
tensor(0.0050, device='cuda:0', grad_fn=<MeanBackward0>) tensor(0.3438, device='cuda:0', grad_fn=<MseLossBackward0>) tensor(0.1180, device='cuda:0', grad_fn=<MulBackward0>)
tensor(0.0067, device='cuda:0', grad_fn=<MeanBackward0>) tensor(0.3867, device='cuda:0', grad_fn=<MseLossBackward0>) tensor(0.1227, device='cuda:0', grad_fn=<MulBackward0>)
tensor(0.0050, device='cuda:0', grad_fn=<MeanBackward0>) tensor(0.3671, device='cuda:0', grad_fn=<MseLossBackward0>) tensor(0.1305, device='cuda:0', grad_fn=<MulBackward0>)
tensor(0.0043, device='cuda:0', grad_fn=<MeanBackward0>) tensor(0.3833, device='cuda:0', grad_fn=<MseLossBackward0>) tensor(0.1262, device='cuda:0', grad_fn=<MulBackward0>)
tensor(0.0060, device='cuda:0', grad_fn=<MeanBackward0>) tensor(0.3613, device='cuda:0', grad_fn=<MseLossBackward0>) tensor(0.1307, device='cuda:0', grad_fn=<MulBackward0>)
tensor(0.0092, device='cuda:0', grad_fn=<MeanBackward0>) tensor(0.3795, device='cuda:0', grad_fn=<MseLossBackward0>) tensor(0.1293, device='cuda:0', grad_fn=<MulBackward0>)
tensor(0.0050, device='cuda:0', grad_fn=<MeanBackward0>) tensor(0.3535, device='cuda:0', grad_fn=<MseLossBackward0>) tensor(0.1185, device='cuda:0', grad_fn=<MulBackward0>)
tensor(0.0050, device='cuda:0', grad_fn=<MeanBackward0>) tensor(0.3074, device='cuda:0', grad_fn=<MseLossBackward0>) tensor(0.1155, device='cuda:0', grad_fn=<MulBackward0>)
tensor(0.0056, device='cuda:0', grad_fn=<MeanBackward0>) tensor(0.3785, device='cuda:0', grad_fn=<MseLossBackward0>) tensor(0.1374, device='cuda:0', grad_fn=<MulBackward0>)
tensor(0.0043, device='cuda:0', grad_fn=<MeanBackward0>) tensor(0.3606, device='cuda:0', grad_fn=<MseLossBackward0>) tensor(0.1236, device='cuda:0', grad_fn=<MulBackward0>)
tensor(0.0036, device='cuda:0', grad_fn=<MeanBackward0>) tensor(0.3236, device='cuda:0', grad_fn=<MseLossBackward0>) tensor(0.1256, device='cuda:0', grad_fn=<MulBackward0>)
vs, vt 0.19999644396763838 0.20508908335998488
need align? ->  False 0.20252862206419533
2023-09-15 04:20:20,966 - epoch:10, training loss:1.0446 validation loss:0.2000
Updating learning rate to 8.966020371438448e-05
Updating learning rate to 8.966020371438448e-05
(34033, 7)
(34033, 7) True
train 34033
tensor(0.0036, device='cuda:0', grad_fn=<MeanBackward0>) tensor(0.3767, device='cuda:0', grad_fn=<MseLossBackward0>) tensor(0.1296, device='cuda:0', grad_fn=<MulBackward0>)
tensor(0.0071, device='cuda:0', grad_fn=<MeanBackward0>) tensor(0.3905, device='cuda:0', grad_fn=<MseLossBackward0>) tensor(0.1422, device='cuda:0', grad_fn=<MulBackward0>)
tensor(0.0091, device='cuda:0', grad_fn=<MeanBackward0>) tensor(0.3442, device='cuda:0', grad_fn=<MseLossBackward0>) tensor(0.1231, device='cuda:0', grad_fn=<MulBackward0>)
tensor(0.0025, device='cuda:0', grad_fn=<MeanBackward0>) tensor(0.4476, device='cuda:0', grad_fn=<MseLossBackward0>) tensor(0.1423, device='cuda:0', grad_fn=<MulBackward0>)
tensor(0.0048, device='cuda:0', grad_fn=<MeanBackward0>) tensor(0.3380, device='cuda:0', grad_fn=<MseLossBackward0>) tensor(0.1212, device='cuda:0', grad_fn=<MulBackward0>)
tensor(0.0055, device='cuda:0', grad_fn=<MeanBackward0>) tensor(0.3524, device='cuda:0', grad_fn=<MseLossBackward0>) tensor(0.1134, device='cuda:0', grad_fn=<MulBackward0>)
tensor(0.0019, device='cuda:0', grad_fn=<MeanBackward0>) tensor(0.3532, device='cuda:0', grad_fn=<MseLossBackward0>) tensor(0.1218, device='cuda:0', grad_fn=<MulBackward0>)
tensor(0.0035, device='cuda:0', grad_fn=<MeanBackward0>) tensor(0.3588, device='cuda:0', grad_fn=<MseLossBackward0>) tensor(0.1170, device='cuda:0', grad_fn=<MulBackward0>)
tensor(0.0030, device='cuda:0', grad_fn=<MeanBackward0>) tensor(0.3623, device='cuda:0', grad_fn=<MseLossBackward0>) tensor(0.1273, device='cuda:0', grad_fn=<MulBackward0>)
tensor(0.0022, device='cuda:0', grad_fn=<MeanBackward0>) tensor(0.3559, device='cuda:0', grad_fn=<MseLossBackward0>) tensor(0.1291, device='cuda:0', grad_fn=<MulBackward0>)
tensor(0.0077, device='cuda:0', grad_fn=<MeanBackward0>) tensor(0.3727, device='cuda:0', grad_fn=<MseLossBackward0>) tensor(0.1284, device='cuda:0', grad_fn=<MulBackward0>)
tensor(0.0051, device='cuda:0', grad_fn=<MeanBackward0>) tensor(0.3626, device='cuda:0', grad_fn=<MseLossBackward0>) tensor(0.1422, device='cuda:0', grad_fn=<MulBackward0>)
tensor(0.0035, device='cuda:0', grad_fn=<MeanBackward0>) tensor(0.3332, device='cuda:0', grad_fn=<MseLossBackward0>) tensor(0.1159, device='cuda:0', grad_fn=<MulBackward0>)
tensor(0.0042, device='cuda:0', grad_fn=<MeanBackward0>) tensor(0.3589, device='cuda:0', grad_fn=<MseLossBackward0>) tensor(0.1243, device='cuda:0', grad_fn=<MulBackward0>)
vs, vt 0.19962284795605065 0.20275971065327691
need align? ->  False 0.20252862206419533
2023-09-15 04:21:43,470 - epoch:11, training loss:1.0373 validation loss:0.1996
Updating learning rate to 8.534668096200788e-05
Updating learning rate to 8.534668096200788e-05
(34033, 7)
(34033, 7) False
train 34033
tensor(0.0051, device='cuda:0', grad_fn=<MeanBackward0>) tensor(0.4011, device='cuda:0', grad_fn=<MseLossBackward0>) tensor(0.1212, device='cuda:0', grad_fn=<MulBackward0>)
tensor(0.0065, device='cuda:0', grad_fn=<MeanBackward0>) tensor(0.3717, device='cuda:0', grad_fn=<MseLossBackward0>) tensor(0.1237, device='cuda:0', grad_fn=<MulBackward0>)
tensor(0.0038, device='cuda:0', grad_fn=<MeanBackward0>) tensor(0.3388, device='cuda:0', grad_fn=<MseLossBackward0>) tensor(0.1303, device='cuda:0', grad_fn=<MulBackward0>)
tensor(0.0023, device='cuda:0', grad_fn=<MeanBackward0>) tensor(0.4135, device='cuda:0', grad_fn=<MseLossBackward0>) tensor(0.1238, device='cuda:0', grad_fn=<MulBackward0>)
tensor(0.0034, device='cuda:0', grad_fn=<MeanBackward0>) tensor(0.2945, device='cuda:0', grad_fn=<MseLossBackward0>) tensor(0.1123, device='cuda:0', grad_fn=<MulBackward0>)
tensor(0.0058, device='cuda:0', grad_fn=<MeanBackward0>) tensor(0.3439, device='cuda:0', grad_fn=<MseLossBackward0>) tensor(0.1123, device='cuda:0', grad_fn=<MulBackward0>)
tensor(0.0049, device='cuda:0', grad_fn=<MeanBackward0>) tensor(0.4215, device='cuda:0', grad_fn=<MseLossBackward0>) tensor(0.1435, device='cuda:0', grad_fn=<MulBackward0>)
tensor(0.0068, device='cuda:0', grad_fn=<MeanBackward0>) tensor(0.3734, device='cuda:0', grad_fn=<MseLossBackward0>) tensor(0.1346, device='cuda:0', grad_fn=<MulBackward0>)
tensor(0.0051, device='cuda:0', grad_fn=<MeanBackward0>) tensor(0.3278, device='cuda:0', grad_fn=<MseLossBackward0>) tensor(0.1215, device='cuda:0', grad_fn=<MulBackward0>)
tensor(0.0059, device='cuda:0', grad_fn=<MeanBackward0>) tensor(0.3986, device='cuda:0', grad_fn=<MseLossBackward0>) tensor(0.1376, device='cuda:0', grad_fn=<MulBackward0>)
tensor(0.0045, device='cuda:0', grad_fn=<MeanBackward0>) tensor(0.4190, device='cuda:0', grad_fn=<MseLossBackward0>) tensor(0.1377, device='cuda:0', grad_fn=<MulBackward0>)
tensor(0.0038, device='cuda:0', grad_fn=<MeanBackward0>) tensor(0.3756, device='cuda:0', grad_fn=<MseLossBackward0>) tensor(0.1321, device='cuda:0', grad_fn=<MulBackward0>)
tensor(0.0078, device='cuda:0', grad_fn=<MeanBackward0>) tensor(0.3411, device='cuda:0', grad_fn=<MseLossBackward0>) tensor(0.1130, device='cuda:0', grad_fn=<MulBackward0>)
tensor(0.0043, device='cuda:0', grad_fn=<MeanBackward0>) tensor(0.3451, device='cuda:0', grad_fn=<MseLossBackward0>) tensor(0.1147, device='cuda:0', grad_fn=<MulBackward0>)
vs, vt 0.19895699170282047 0.20250497174480658
need align? ->  False 0.20250497174480658
2023-09-15 04:23:06,221 - epoch:12, training loss:1.0297 validation loss:0.1990
Updating learning rate to 8.042837012047538e-05
Updating learning rate to 8.042837012047538e-05
(34033, 7)
(34033, 7) True
train 34033
tensor(0.0053, device='cuda:0', grad_fn=<MeanBackward0>) tensor(0.3256, device='cuda:0', grad_fn=<MseLossBackward0>) tensor(0.1181, device='cuda:0', grad_fn=<MulBackward0>)
tensor(0.0050, device='cuda:0', grad_fn=<MeanBackward0>) tensor(0.3359, device='cuda:0', grad_fn=<MseLossBackward0>) tensor(0.1258, device='cuda:0', grad_fn=<MulBackward0>)
tensor(0.0093, device='cuda:0', grad_fn=<MeanBackward0>) tensor(0.3445, device='cuda:0', grad_fn=<MseLossBackward0>) tensor(0.1193, device='cuda:0', grad_fn=<MulBackward0>)
tensor(0.0031, device='cuda:0', grad_fn=<MeanBackward0>) tensor(0.3073, device='cuda:0', grad_fn=<MseLossBackward0>) tensor(0.1242, device='cuda:0', grad_fn=<MulBackward0>)
tensor(0.0092, device='cuda:0', grad_fn=<MeanBackward0>) tensor(0.3596, device='cuda:0', grad_fn=<MseLossBackward0>) tensor(0.1319, device='cuda:0', grad_fn=<MulBackward0>)
tensor(0.0055, device='cuda:0', grad_fn=<MeanBackward0>) tensor(0.3754, device='cuda:0', grad_fn=<MseLossBackward0>) tensor(0.1297, device='cuda:0', grad_fn=<MulBackward0>)
tensor(0.0087, device='cuda:0', grad_fn=<MeanBackward0>) tensor(0.3653, device='cuda:0', grad_fn=<MseLossBackward0>) tensor(0.1291, device='cuda:0', grad_fn=<MulBackward0>)
tensor(0.0049, device='cuda:0', grad_fn=<MeanBackward0>) tensor(0.4010, device='cuda:0', grad_fn=<MseLossBackward0>) tensor(0.1342, device='cuda:0', grad_fn=<MulBackward0>)
tensor(0.0028, device='cuda:0', grad_fn=<MeanBackward0>) tensor(0.3513, device='cuda:0', grad_fn=<MseLossBackward0>) tensor(0.1149, device='cuda:0', grad_fn=<MulBackward0>)
tensor(0.0032, device='cuda:0', grad_fn=<MeanBackward0>) tensor(0.4118, device='cuda:0', grad_fn=<MseLossBackward0>) tensor(0.1201, device='cuda:0', grad_fn=<MulBackward0>)
tensor(0.0049, device='cuda:0', grad_fn=<MeanBackward0>) tensor(0.3288, device='cuda:0', grad_fn=<MseLossBackward0>) tensor(0.1132, device='cuda:0', grad_fn=<MulBackward0>)
tensor(0.0029, device='cuda:0', grad_fn=<MeanBackward0>) tensor(0.3148, device='cuda:0', grad_fn=<MseLossBackward0>) tensor(0.1175, device='cuda:0', grad_fn=<MulBackward0>)
tensor(0.0057, device='cuda:0', grad_fn=<MeanBackward0>) tensor(0.3931, device='cuda:0', grad_fn=<MseLossBackward0>) tensor(0.1285, device='cuda:0', grad_fn=<MulBackward0>)
tensor(0.0058, device='cuda:0', grad_fn=<MeanBackward0>) tensor(0.3815, device='cuda:0', grad_fn=<MseLossBackward0>) tensor(0.1232, device='cuda:0', grad_fn=<MulBackward0>)
vs, vt 0.1976428861949551 0.20496124512610142
need align? ->  False 0.20250497174480658
2023-09-15 04:24:28,819 - epoch:13, training loss:1.1066 validation loss:0.1976
Updating learning rate to 7.498942485189898e-05
Updating learning rate to 7.498942485189898e-05
(34033, 7)
(34033, 7) True
train 34033
tensor(0.0053, device='cuda:0', grad_fn=<MeanBackward0>) tensor(0.4290, device='cuda:0', grad_fn=<MseLossBackward0>) tensor(0.1411, device='cuda:0', grad_fn=<MulBackward0>)
tensor(0.0019, device='cuda:0', grad_fn=<MeanBackward0>) tensor(0.3870, device='cuda:0', grad_fn=<MseLossBackward0>) tensor(0.1303, device='cuda:0', grad_fn=<MulBackward0>)
tensor(0.0049, device='cuda:0', grad_fn=<MeanBackward0>) tensor(0.3763, device='cuda:0', grad_fn=<MseLossBackward0>) tensor(0.1434, device='cuda:0', grad_fn=<MulBackward0>)
tensor(0.0059, device='cuda:0', grad_fn=<MeanBackward0>) tensor(0.3601, device='cuda:0', grad_fn=<MseLossBackward0>) tensor(0.1212, device='cuda:0', grad_fn=<MulBackward0>)
tensor(0.0048, device='cuda:0', grad_fn=<MeanBackward0>) tensor(0.3734, device='cuda:0', grad_fn=<MseLossBackward0>) tensor(0.1234, device='cuda:0', grad_fn=<MulBackward0>)
tensor(0.0042, device='cuda:0', grad_fn=<MeanBackward0>) tensor(0.3451, device='cuda:0', grad_fn=<MseLossBackward0>) tensor(0.1227, device='cuda:0', grad_fn=<MulBackward0>)
tensor(0.0049, device='cuda:0', grad_fn=<MeanBackward0>) tensor(0.3572, device='cuda:0', grad_fn=<MseLossBackward0>) tensor(0.1229, device='cuda:0', grad_fn=<MulBackward0>)
tensor(0.0040, device='cuda:0', grad_fn=<MeanBackward0>) tensor(0.3329, device='cuda:0', grad_fn=<MseLossBackward0>) tensor(0.1158, device='cuda:0', grad_fn=<MulBackward0>)
tensor(0.0044, device='cuda:0', grad_fn=<MeanBackward0>) tensor(0.4263, device='cuda:0', grad_fn=<MseLossBackward0>) tensor(0.1376, device='cuda:0', grad_fn=<MulBackward0>)
tensor(0.0018, device='cuda:0', grad_fn=<MeanBackward0>) tensor(0.3661, device='cuda:0', grad_fn=<MseLossBackward0>) tensor(0.1436, device='cuda:0', grad_fn=<MulBackward0>)
tensor(0.0046, device='cuda:0', grad_fn=<MeanBackward0>) tensor(0.3994, device='cuda:0', grad_fn=<MseLossBackward0>) tensor(0.1184, device='cuda:0', grad_fn=<MulBackward0>)
tensor(0.0026, device='cuda:0', grad_fn=<MeanBackward0>) tensor(0.3926, device='cuda:0', grad_fn=<MseLossBackward0>) tensor(0.1434, device='cuda:0', grad_fn=<MulBackward0>)
tensor(0.0051, device='cuda:0', grad_fn=<MeanBackward0>) tensor(0.4009, device='cuda:0', grad_fn=<MseLossBackward0>) tensor(0.1373, device='cuda:0', grad_fn=<MulBackward0>)
tensor(0.0032, device='cuda:0', grad_fn=<MeanBackward0>) tensor(0.3857, device='cuda:0', grad_fn=<MseLossBackward0>) tensor(0.1484, device='cuda:0', grad_fn=<MulBackward0>)
vs, vt 0.19849183383198937 0.20133719423764876
need align? ->  False 0.20133719423764876
2023-09-15 04:25:51,190 - epoch:14, training loss:1.0885 validation loss:0.1985
Updating learning rate to 6.912290701778455e-05
Updating learning rate to 6.912290701778455e-05
(34033, 7)
(34033, 7) True
train 34033
tensor(0.0030, device='cuda:0', grad_fn=<MeanBackward0>) tensor(0.3253, device='cuda:0', grad_fn=<MseLossBackward0>) tensor(0.1144, device='cuda:0', grad_fn=<MulBackward0>)
tensor(0.0040, device='cuda:0', grad_fn=<MeanBackward0>) tensor(0.3713, device='cuda:0', grad_fn=<MseLossBackward0>) tensor(0.1280, device='cuda:0', grad_fn=<MulBackward0>)
tensor(0.0021, device='cuda:0', grad_fn=<MeanBackward0>) tensor(0.3531, device='cuda:0', grad_fn=<MseLossBackward0>) tensor(0.1398, device='cuda:0', grad_fn=<MulBackward0>)
tensor(0.0055, device='cuda:0', grad_fn=<MeanBackward0>) tensor(0.3605, device='cuda:0', grad_fn=<MseLossBackward0>) tensor(0.1230, device='cuda:0', grad_fn=<MulBackward0>)
tensor(0.0047, device='cuda:0', grad_fn=<MeanBackward0>) tensor(0.3403, device='cuda:0', grad_fn=<MseLossBackward0>) tensor(0.1141, device='cuda:0', grad_fn=<MulBackward0>)
tensor(0.0029, device='cuda:0', grad_fn=<MeanBackward0>) tensor(0.3207, device='cuda:0', grad_fn=<MseLossBackward0>) tensor(0.1264, device='cuda:0', grad_fn=<MulBackward0>)
tensor(0.0051, device='cuda:0', grad_fn=<MeanBackward0>) tensor(0.3567, device='cuda:0', grad_fn=<MseLossBackward0>) tensor(0.1237, device='cuda:0', grad_fn=<MulBackward0>)
tensor(0.0031, device='cuda:0', grad_fn=<MeanBackward0>) tensor(0.3436, device='cuda:0', grad_fn=<MseLossBackward0>) tensor(0.1251, device='cuda:0', grad_fn=<MulBackward0>)
tensor(0.0042, device='cuda:0', grad_fn=<MeanBackward0>) tensor(0.3548, device='cuda:0', grad_fn=<MseLossBackward0>) tensor(0.1302, device='cuda:0', grad_fn=<MulBackward0>)
tensor(0.0045, device='cuda:0', grad_fn=<MeanBackward0>) tensor(0.3294, device='cuda:0', grad_fn=<MseLossBackward0>) tensor(0.1224, device='cuda:0', grad_fn=<MulBackward0>)
tensor(0.0045, device='cuda:0', grad_fn=<MeanBackward0>) tensor(0.3617, device='cuda:0', grad_fn=<MseLossBackward0>) tensor(0.1186, device='cuda:0', grad_fn=<MulBackward0>)
tensor(0.0033, device='cuda:0', grad_fn=<MeanBackward0>) tensor(0.4006, device='cuda:0', grad_fn=<MseLossBackward0>) tensor(0.1373, device='cuda:0', grad_fn=<MulBackward0>)
tensor(0.0030, device='cuda:0', grad_fn=<MeanBackward0>) tensor(0.4353, device='cuda:0', grad_fn=<MseLossBackward0>) tensor(0.1319, device='cuda:0', grad_fn=<MulBackward0>)
tensor(0.0050, device='cuda:0', grad_fn=<MeanBackward0>) tensor(0.4116, device='cuda:0', grad_fn=<MseLossBackward0>) tensor(0.1362, device='cuda:0', grad_fn=<MulBackward0>)
vs, vt 0.19708426723654351 0.20257502566144037
need align? ->  False 0.20133719423764876
2023-09-15 04:27:13,181 - epoch:15, training loss:1.1172 validation loss:0.1971
Updating learning rate to 6.29291943647798e-05
Updating learning rate to 6.29291943647798e-05
(34033, 7)
(34033, 7) True
train 34033
tensor(0.0030, device='cuda:0', grad_fn=<MeanBackward0>) tensor(0.3930, device='cuda:0', grad_fn=<MseLossBackward0>) tensor(0.1095, device='cuda:0', grad_fn=<MulBackward0>)
tensor(0.0049, device='cuda:0', grad_fn=<MeanBackward0>) tensor(0.3832, device='cuda:0', grad_fn=<MseLossBackward0>) tensor(0.1291, device='cuda:0', grad_fn=<MulBackward0>)
tensor(0.0013, device='cuda:0', grad_fn=<MeanBackward0>) tensor(0.3747, device='cuda:0', grad_fn=<MseLossBackward0>) tensor(0.1166, device='cuda:0', grad_fn=<MulBackward0>)
tensor(0.0038, device='cuda:0', grad_fn=<MeanBackward0>) tensor(0.3364, device='cuda:0', grad_fn=<MseLossBackward0>) tensor(0.1332, device='cuda:0', grad_fn=<MulBackward0>)
tensor(0.0042, device='cuda:0', grad_fn=<MeanBackward0>) tensor(0.3249, device='cuda:0', grad_fn=<MseLossBackward0>) tensor(0.1140, device='cuda:0', grad_fn=<MulBackward0>)
tensor(0.0078, device='cuda:0', grad_fn=<MeanBackward0>) tensor(0.3702, device='cuda:0', grad_fn=<MseLossBackward0>) tensor(0.1345, device='cuda:0', grad_fn=<MulBackward0>)
tensor(0.0064, device='cuda:0', grad_fn=<MeanBackward0>) tensor(0.3420, device='cuda:0', grad_fn=<MseLossBackward0>) tensor(0.1236, device='cuda:0', grad_fn=<MulBackward0>)
tensor(0.0038, device='cuda:0', grad_fn=<MeanBackward0>) tensor(0.3465, device='cuda:0', grad_fn=<MseLossBackward0>) tensor(0.1086, device='cuda:0', grad_fn=<MulBackward0>)
tensor(0.0041, device='cuda:0', grad_fn=<MeanBackward0>) tensor(0.3979, device='cuda:0', grad_fn=<MseLossBackward0>) tensor(0.1120, device='cuda:0', grad_fn=<MulBackward0>)
tensor(0.0033, device='cuda:0', grad_fn=<MeanBackward0>) tensor(0.3827, device='cuda:0', grad_fn=<MseLossBackward0>) tensor(0.1326, device='cuda:0', grad_fn=<MulBackward0>)
tensor(0.0022, device='cuda:0', grad_fn=<MeanBackward0>) tensor(0.3463, device='cuda:0', grad_fn=<MseLossBackward0>) tensor(0.1145, device='cuda:0', grad_fn=<MulBackward0>)
tensor(0.0047, device='cuda:0', grad_fn=<MeanBackward0>) tensor(0.3469, device='cuda:0', grad_fn=<MseLossBackward0>) tensor(0.1385, device='cuda:0', grad_fn=<MulBackward0>)
tensor(0.0037, device='cuda:0', grad_fn=<MeanBackward0>) tensor(0.3387, device='cuda:0', grad_fn=<MseLossBackward0>) tensor(0.1199, device='cuda:0', grad_fn=<MulBackward0>)
tensor(0.0032, device='cuda:0', grad_fn=<MeanBackward0>) tensor(0.3549, device='cuda:0', grad_fn=<MseLossBackward0>) tensor(0.1173, device='cuda:0', grad_fn=<MulBackward0>)
vs, vt 0.1978272223489338 0.20206683321615285
need align? ->  False 0.20133719423764876
2023-09-15 04:28:35,424 - epoch:16, training loss:1.1115 validation loss:0.1978
Updating learning rate to 5.651426303359923e-05
Updating learning rate to 5.651426303359923e-05
(34033, 7)
(34033, 7) True
train 34033
tensor(0.0028, device='cuda:0', grad_fn=<MeanBackward0>) tensor(0.4284, device='cuda:0', grad_fn=<MseLossBackward0>) tensor(0.1223, device='cuda:0', grad_fn=<MulBackward0>)
tensor(0.0030, device='cuda:0', grad_fn=<MeanBackward0>) tensor(0.3749, device='cuda:0', grad_fn=<MseLossBackward0>) tensor(0.1309, device='cuda:0', grad_fn=<MulBackward0>)
tensor(0.0161, device='cuda:0', grad_fn=<MeanBackward0>) tensor(0.3945, device='cuda:0', grad_fn=<MseLossBackward0>) tensor(0.1288, device='cuda:0', grad_fn=<MulBackward0>)
tensor(0.0041, device='cuda:0', grad_fn=<MeanBackward0>) tensor(0.3251, device='cuda:0', grad_fn=<MseLossBackward0>) tensor(0.1289, device='cuda:0', grad_fn=<MulBackward0>)
tensor(0.0015, device='cuda:0', grad_fn=<MeanBackward0>) tensor(0.3548, device='cuda:0', grad_fn=<MseLossBackward0>) tensor(0.1182, device='cuda:0', grad_fn=<MulBackward0>)
tensor(0.0021, device='cuda:0', grad_fn=<MeanBackward0>) tensor(0.3690, device='cuda:0', grad_fn=<MseLossBackward0>) tensor(0.1289, device='cuda:0', grad_fn=<MulBackward0>)
tensor(0.0017, device='cuda:0', grad_fn=<MeanBackward0>) tensor(0.3690, device='cuda:0', grad_fn=<MseLossBackward0>) tensor(0.1329, device='cuda:0', grad_fn=<MulBackward0>)
tensor(0.0031, device='cuda:0', grad_fn=<MeanBackward0>) tensor(0.3878, device='cuda:0', grad_fn=<MseLossBackward0>) tensor(0.1485, device='cuda:0', grad_fn=<MulBackward0>)
tensor(0.0040, device='cuda:0', grad_fn=<MeanBackward0>) tensor(0.3349, device='cuda:0', grad_fn=<MseLossBackward0>) tensor(0.1130, device='cuda:0', grad_fn=<MulBackward0>)
tensor(0.0067, device='cuda:0', grad_fn=<MeanBackward0>) tensor(0.3539, device='cuda:0', grad_fn=<MseLossBackward0>) tensor(0.1244, device='cuda:0', grad_fn=<MulBackward0>)
tensor(0.0031, device='cuda:0', grad_fn=<MeanBackward0>) tensor(0.3701, device='cuda:0', grad_fn=<MseLossBackward0>) tensor(0.1494, device='cuda:0', grad_fn=<MulBackward0>)
tensor(0.0021, device='cuda:0', grad_fn=<MeanBackward0>) tensor(0.3524, device='cuda:0', grad_fn=<MseLossBackward0>) tensor(0.1357, device='cuda:0', grad_fn=<MulBackward0>)
tensor(0.0039, device='cuda:0', grad_fn=<MeanBackward0>) tensor(0.3214, device='cuda:0', grad_fn=<MseLossBackward0>) tensor(0.1196, device='cuda:0', grad_fn=<MulBackward0>)
tensor(0.0008, device='cuda:0', grad_fn=<MeanBackward0>) tensor(0.3261, device='cuda:0', grad_fn=<MseLossBackward0>) tensor(0.1163, device='cuda:0', grad_fn=<MulBackward0>)
vs, vt 0.19774366770818663 0.20090922359586433
need align? ->  False 0.20090922359586433
2023-09-15 04:29:57,886 - epoch:17, training loss:1.1053 validation loss:0.1977
Updating learning rate to 4.99878742778743e-05
Updating learning rate to 4.99878742778743e-05
(34033, 7)
(34033, 7) True
train 34033
tensor(0.0017, device='cuda:0', grad_fn=<MeanBackward0>) tensor(0.4066, device='cuda:0', grad_fn=<MseLossBackward0>) tensor(0.1380, device='cuda:0', grad_fn=<MulBackward0>)
tensor(0.0040, device='cuda:0', grad_fn=<MeanBackward0>) tensor(0.3563, device='cuda:0', grad_fn=<MseLossBackward0>) tensor(0.1244, device='cuda:0', grad_fn=<MulBackward0>)
tensor(0.0025, device='cuda:0', grad_fn=<MeanBackward0>) tensor(0.3410, device='cuda:0', grad_fn=<MseLossBackward0>) tensor(0.1119, device='cuda:0', grad_fn=<MulBackward0>)
tensor(0.0023, device='cuda:0', grad_fn=<MeanBackward0>) tensor(0.3412, device='cuda:0', grad_fn=<MseLossBackward0>) tensor(0.1216, device='cuda:0', grad_fn=<MulBackward0>)
tensor(0.0019, device='cuda:0', grad_fn=<MeanBackward0>) tensor(0.3567, device='cuda:0', grad_fn=<MseLossBackward0>) tensor(0.1419, device='cuda:0', grad_fn=<MulBackward0>)
tensor(0.0009, device='cuda:0', grad_fn=<MeanBackward0>) tensor(0.3116, device='cuda:0', grad_fn=<MseLossBackward0>) tensor(0.1128, device='cuda:0', grad_fn=<MulBackward0>)
tensor(0.0031, device='cuda:0', grad_fn=<MeanBackward0>) tensor(0.3308, device='cuda:0', grad_fn=<MseLossBackward0>) tensor(0.1200, device='cuda:0', grad_fn=<MulBackward0>)
tensor(0.0037, device='cuda:0', grad_fn=<MeanBackward0>) tensor(0.3010, device='cuda:0', grad_fn=<MseLossBackward0>) tensor(0.1056, device='cuda:0', grad_fn=<MulBackward0>)
tensor(0.0027, device='cuda:0', grad_fn=<MeanBackward0>) tensor(0.3327, device='cuda:0', grad_fn=<MseLossBackward0>) tensor(0.1105, device='cuda:0', grad_fn=<MulBackward0>)
tensor(0.0025, device='cuda:0', grad_fn=<MeanBackward0>) tensor(0.3761, device='cuda:0', grad_fn=<MseLossBackward0>) tensor(0.1252, device='cuda:0', grad_fn=<MulBackward0>)
tensor(0.0022, device='cuda:0', grad_fn=<MeanBackward0>) tensor(0.3742, device='cuda:0', grad_fn=<MseLossBackward0>) tensor(0.1176, device='cuda:0', grad_fn=<MulBackward0>)
tensor(0.0020, device='cuda:0', grad_fn=<MeanBackward0>) tensor(0.3385, device='cuda:0', grad_fn=<MseLossBackward0>) tensor(0.1189, device='cuda:0', grad_fn=<MulBackward0>)
tensor(0.0019, device='cuda:0', grad_fn=<MeanBackward0>) tensor(0.3835, device='cuda:0', grad_fn=<MseLossBackward0>) tensor(0.1289, device='cuda:0', grad_fn=<MulBackward0>)
tensor(0.0033, device='cuda:0', grad_fn=<MeanBackward0>) tensor(0.3435, device='cuda:0', grad_fn=<MseLossBackward0>) tensor(0.1179, device='cuda:0', grad_fn=<MulBackward0>)
vs, vt 0.19629621474344408 0.20111183830526438
need align? ->  False 0.20090922359586433
2023-09-15 04:31:19,963 - epoch:18, training loss:1.1587 validation loss:0.1963
Updating learning rate to 4.346169641867228e-05
Updating learning rate to 4.346169641867228e-05
(34033, 7)
(34033, 7) True
train 34033
tensor(0.0010, device='cuda:0', grad_fn=<MeanBackward0>) tensor(0.3354, device='cuda:0', grad_fn=<MseLossBackward0>) tensor(0.1257, device='cuda:0', grad_fn=<MulBackward0>)
tensor(0.0027, device='cuda:0', grad_fn=<MeanBackward0>) tensor(0.3426, device='cuda:0', grad_fn=<MseLossBackward0>) tensor(0.1228, device='cuda:0', grad_fn=<MulBackward0>)
tensor(0.0024, device='cuda:0', grad_fn=<MeanBackward0>) tensor(0.4312, device='cuda:0', grad_fn=<MseLossBackward0>) tensor(0.1358, device='cuda:0', grad_fn=<MulBackward0>)
tensor(0.0020, device='cuda:0', grad_fn=<MeanBackward0>) tensor(0.3554, device='cuda:0', grad_fn=<MseLossBackward0>) tensor(0.1213, device='cuda:0', grad_fn=<MulBackward0>)
tensor(0.0039, device='cuda:0', grad_fn=<MeanBackward0>) tensor(0.3539, device='cuda:0', grad_fn=<MseLossBackward0>) tensor(0.1233, device='cuda:0', grad_fn=<MulBackward0>)
tensor(0.0024, device='cuda:0', grad_fn=<MeanBackward0>) tensor(0.3869, device='cuda:0', grad_fn=<MseLossBackward0>) tensor(0.1239, device='cuda:0', grad_fn=<MulBackward0>)
tensor(0.0032, device='cuda:0', grad_fn=<MeanBackward0>) tensor(0.3853, device='cuda:0', grad_fn=<MseLossBackward0>) tensor(0.1220, device='cuda:0', grad_fn=<MulBackward0>)
tensor(0.0026, device='cuda:0', grad_fn=<MeanBackward0>) tensor(0.2960, device='cuda:0', grad_fn=<MseLossBackward0>) tensor(0.1136, device='cuda:0', grad_fn=<MulBackward0>)
tensor(0.0031, device='cuda:0', grad_fn=<MeanBackward0>) tensor(0.3654, device='cuda:0', grad_fn=<MseLossBackward0>) tensor(0.1255, device='cuda:0', grad_fn=<MulBackward0>)
tensor(0.0016, device='cuda:0', grad_fn=<MeanBackward0>) tensor(0.3481, device='cuda:0', grad_fn=<MseLossBackward0>) tensor(0.1188, device='cuda:0', grad_fn=<MulBackward0>)
tensor(0.0020, device='cuda:0', grad_fn=<MeanBackward0>) tensor(0.3993, device='cuda:0', grad_fn=<MseLossBackward0>) tensor(0.1256, device='cuda:0', grad_fn=<MulBackward0>)
tensor(0.0022, device='cuda:0', grad_fn=<MeanBackward0>) tensor(0.3425, device='cuda:0', grad_fn=<MseLossBackward0>) tensor(0.1143, device='cuda:0', grad_fn=<MulBackward0>)
tensor(0.0023, device='cuda:0', grad_fn=<MeanBackward0>) tensor(0.3793, device='cuda:0', grad_fn=<MseLossBackward0>) tensor(0.1177, device='cuda:0', grad_fn=<MulBackward0>)
tensor(0.0019, device='cuda:0', grad_fn=<MeanBackward0>) tensor(0.4159, device='cuda:0', grad_fn=<MseLossBackward0>) tensor(0.1275, device='cuda:0', grad_fn=<MulBackward0>)
vs, vt 0.19755444529183794 0.20176715181952112
need align? ->  False 0.20090922359586433
2023-09-15 04:32:41,894 - epoch:19, training loss:1.1532 validation loss:0.1976
Updating learning rate to 3.704739416856244e-05
Updating learning rate to 3.704739416856244e-05
(34033, 7)
(34033, 7) True
train 34033
tensor(0.0021, device='cuda:0', grad_fn=<MeanBackward0>) tensor(0.3230, device='cuda:0', grad_fn=<MseLossBackward0>) tensor(0.1109, device='cuda:0', grad_fn=<MulBackward0>)
tensor(0.0017, device='cuda:0', grad_fn=<MeanBackward0>) tensor(0.3540, device='cuda:0', grad_fn=<MseLossBackward0>) tensor(0.1083, device='cuda:0', grad_fn=<MulBackward0>)
tensor(0.0016, device='cuda:0', grad_fn=<MeanBackward0>) tensor(0.3737, device='cuda:0', grad_fn=<MseLossBackward0>) tensor(0.1187, device='cuda:0', grad_fn=<MulBackward0>)
tensor(0.0022, device='cuda:0', grad_fn=<MeanBackward0>) tensor(0.3597, device='cuda:0', grad_fn=<MseLossBackward0>) tensor(0.1255, device='cuda:0', grad_fn=<MulBackward0>)
tensor(0.0012, device='cuda:0', grad_fn=<MeanBackward0>) tensor(0.3100, device='cuda:0', grad_fn=<MseLossBackward0>) tensor(0.1072, device='cuda:0', grad_fn=<MulBackward0>)
tensor(0.0020, device='cuda:0', grad_fn=<MeanBackward0>) tensor(0.3604, device='cuda:0', grad_fn=<MseLossBackward0>) tensor(0.1196, device='cuda:0', grad_fn=<MulBackward0>)
tensor(0.0013, device='cuda:0', grad_fn=<MeanBackward0>) tensor(0.3314, device='cuda:0', grad_fn=<MseLossBackward0>) tensor(0.1188, device='cuda:0', grad_fn=<MulBackward0>)
tensor(0.0023, device='cuda:0', grad_fn=<MeanBackward0>) tensor(0.3874, device='cuda:0', grad_fn=<MseLossBackward0>) tensor(0.1319, device='cuda:0', grad_fn=<MulBackward0>)
tensor(0.0023, device='cuda:0', grad_fn=<MeanBackward0>) tensor(0.3628, device='cuda:0', grad_fn=<MseLossBackward0>) tensor(0.1033, device='cuda:0', grad_fn=<MulBackward0>)
tensor(0.0022, device='cuda:0', grad_fn=<MeanBackward0>) tensor(0.3955, device='cuda:0', grad_fn=<MseLossBackward0>) tensor(0.1277, device='cuda:0', grad_fn=<MulBackward0>)
tensor(0.0023, device='cuda:0', grad_fn=<MeanBackward0>) tensor(0.3710, device='cuda:0', grad_fn=<MseLossBackward0>) tensor(0.1250, device='cuda:0', grad_fn=<MulBackward0>)
tensor(0.0023, device='cuda:0', grad_fn=<MeanBackward0>) tensor(0.3704, device='cuda:0', grad_fn=<MseLossBackward0>) tensor(0.1216, device='cuda:0', grad_fn=<MulBackward0>)
tensor(0.0014, device='cuda:0', grad_fn=<MeanBackward0>) tensor(0.3899, device='cuda:0', grad_fn=<MseLossBackward0>) tensor(0.1138, device='cuda:0', grad_fn=<MulBackward0>)
tensor(0.0018, device='cuda:0', grad_fn=<MeanBackward0>) tensor(0.3308, device='cuda:0', grad_fn=<MseLossBackward0>) tensor(0.1133, device='cuda:0', grad_fn=<MulBackward0>)
vs, vt 0.19751618130739484 0.20098846964538097
need align? ->  False 0.20090922359586433
2023-09-15 04:34:04,070 - epoch:20, training loss:1.1491 validation loss:0.1975
Updating learning rate to 3.0854718017424746e-05
Updating learning rate to 3.0854718017424746e-05
(34033, 7)
(34033, 7) True
train 34033
tensor(0.0011, device='cuda:0', grad_fn=<MeanBackward0>) tensor(0.4184, device='cuda:0', grad_fn=<MseLossBackward0>) tensor(0.1263, device='cuda:0', grad_fn=<MulBackward0>)
tensor(0.0023, device='cuda:0', grad_fn=<MeanBackward0>) tensor(0.3723, device='cuda:0', grad_fn=<MseLossBackward0>) tensor(0.1263, device='cuda:0', grad_fn=<MulBackward0>)
tensor(0.0026, device='cuda:0', grad_fn=<MeanBackward0>) tensor(0.3557, device='cuda:0', grad_fn=<MseLossBackward0>) tensor(0.1168, device='cuda:0', grad_fn=<MulBackward0>)
tensor(0.0015, device='cuda:0', grad_fn=<MeanBackward0>) tensor(0.3320, device='cuda:0', grad_fn=<MseLossBackward0>) tensor(0.1189, device='cuda:0', grad_fn=<MulBackward0>)
tensor(0.0016, device='cuda:0', grad_fn=<MeanBackward0>) tensor(0.3497, device='cuda:0', grad_fn=<MseLossBackward0>) tensor(0.1335, device='cuda:0', grad_fn=<MulBackward0>)
tensor(0.0017, device='cuda:0', grad_fn=<MeanBackward0>) tensor(0.3494, device='cuda:0', grad_fn=<MseLossBackward0>) tensor(0.1110, device='cuda:0', grad_fn=<MulBackward0>)
tensor(0.0019, device='cuda:0', grad_fn=<MeanBackward0>) tensor(0.4394, device='cuda:0', grad_fn=<MseLossBackward0>) tensor(0.1336, device='cuda:0', grad_fn=<MulBackward0>)
tensor(0.0012, device='cuda:0', grad_fn=<MeanBackward0>) tensor(0.3344, device='cuda:0', grad_fn=<MseLossBackward0>) tensor(0.1269, device='cuda:0', grad_fn=<MulBackward0>)
tensor(0.0019, device='cuda:0', grad_fn=<MeanBackward0>) tensor(0.3474, device='cuda:0', grad_fn=<MseLossBackward0>) tensor(0.1100, device='cuda:0', grad_fn=<MulBackward0>)
tensor(0.0019, device='cuda:0', grad_fn=<MeanBackward0>) tensor(0.3649, device='cuda:0', grad_fn=<MseLossBackward0>) tensor(0.1083, device='cuda:0', grad_fn=<MulBackward0>)
tensor(0.0016, device='cuda:0', grad_fn=<MeanBackward0>) tensor(0.3859, device='cuda:0', grad_fn=<MseLossBackward0>) tensor(0.1220, device='cuda:0', grad_fn=<MulBackward0>)
tensor(0.0020, device='cuda:0', grad_fn=<MeanBackward0>) tensor(0.3303, device='cuda:0', grad_fn=<MseLossBackward0>) tensor(0.1131, device='cuda:0', grad_fn=<MulBackward0>)
tensor(0.0018, device='cuda:0', grad_fn=<MeanBackward0>) tensor(0.3499, device='cuda:0', grad_fn=<MseLossBackward0>) tensor(0.1051, device='cuda:0', grad_fn=<MulBackward0>)
tensor(0.0012, device='cuda:0', grad_fn=<MeanBackward0>) tensor(0.3206, device='cuda:0', grad_fn=<MseLossBackward0>) tensor(0.1145, device='cuda:0', grad_fn=<MulBackward0>)
vs, vt 0.1966539281891303 0.20070079887767187
need align? ->  False 0.20070079887767187
2023-09-15 04:35:26,496 - epoch:21, training loss:1.1456 validation loss:0.1967
Updating learning rate to 2.4989626371139337e-05
Updating learning rate to 2.4989626371139337e-05
(34033, 7)
(34033, 7) True
train 34033
tensor(0.0010, device='cuda:0', grad_fn=<MeanBackward0>) tensor(0.3685, device='cuda:0', grad_fn=<MseLossBackward0>) tensor(0.1213, device='cuda:0', grad_fn=<MulBackward0>)
tensor(0.0015, device='cuda:0', grad_fn=<MeanBackward0>) tensor(0.3983, device='cuda:0', grad_fn=<MseLossBackward0>) tensor(0.1161, device='cuda:0', grad_fn=<MulBackward0>)
tensor(0.0021, device='cuda:0', grad_fn=<MeanBackward0>) tensor(0.3990, device='cuda:0', grad_fn=<MseLossBackward0>) tensor(0.1273, device='cuda:0', grad_fn=<MulBackward0>)
tensor(0.0021, device='cuda:0', grad_fn=<MeanBackward0>) tensor(0.3700, device='cuda:0', grad_fn=<MseLossBackward0>) tensor(0.1098, device='cuda:0', grad_fn=<MulBackward0>)
tensor(0.0018, device='cuda:0', grad_fn=<MeanBackward0>) tensor(0.4007, device='cuda:0', grad_fn=<MseLossBackward0>) tensor(0.1237, device='cuda:0', grad_fn=<MulBackward0>)
tensor(0.0022, device='cuda:0', grad_fn=<MeanBackward0>) tensor(0.3556, device='cuda:0', grad_fn=<MseLossBackward0>) tensor(0.1149, device='cuda:0', grad_fn=<MulBackward0>)
tensor(0.0021, device='cuda:0', grad_fn=<MeanBackward0>) tensor(0.3744, device='cuda:0', grad_fn=<MseLossBackward0>) tensor(0.1239, device='cuda:0', grad_fn=<MulBackward0>)
tensor(0.0012, device='cuda:0', grad_fn=<MeanBackward0>) tensor(0.3395, device='cuda:0', grad_fn=<MseLossBackward0>) tensor(0.1334, device='cuda:0', grad_fn=<MulBackward0>)
tensor(0.0026, device='cuda:0', grad_fn=<MeanBackward0>) tensor(0.3697, device='cuda:0', grad_fn=<MseLossBackward0>) tensor(0.1273, device='cuda:0', grad_fn=<MulBackward0>)
tensor(0.0014, device='cuda:0', grad_fn=<MeanBackward0>) tensor(0.3441, device='cuda:0', grad_fn=<MseLossBackward0>) tensor(0.1086, device='cuda:0', grad_fn=<MulBackward0>)
tensor(0.0011, device='cuda:0', grad_fn=<MeanBackward0>) tensor(0.3761, device='cuda:0', grad_fn=<MseLossBackward0>) tensor(0.1163, device='cuda:0', grad_fn=<MulBackward0>)
tensor(0.0019, device='cuda:0', grad_fn=<MeanBackward0>) tensor(0.3479, device='cuda:0', grad_fn=<MseLossBackward0>) tensor(0.1241, device='cuda:0', grad_fn=<MulBackward0>)
tensor(0.0016, device='cuda:0', grad_fn=<MeanBackward0>) tensor(0.3847, device='cuda:0', grad_fn=<MseLossBackward0>) tensor(0.1231, device='cuda:0', grad_fn=<MulBackward0>)
tensor(0.0014, device='cuda:0', grad_fn=<MeanBackward0>) tensor(0.3475, device='cuda:0', grad_fn=<MseLossBackward0>) tensor(0.1225, device='cuda:0', grad_fn=<MulBackward0>)
vs, vt 0.19670439063665573 0.2000999546955141
need align? ->  False 0.2000999546955141
2023-09-15 04:36:49,257 - epoch:22, training loss:1.1929 validation loss:0.1967
Updating learning rate to 1.9552472573884788e-05
Updating learning rate to 1.9552472573884788e-05
(34033, 7)
(34033, 7) True
train 34033
tensor(0.0008, device='cuda:0', grad_fn=<MeanBackward0>) tensor(0.3565, device='cuda:0', grad_fn=<MseLossBackward0>) tensor(0.1164, device='cuda:0', grad_fn=<MulBackward0>)
tensor(0.0014, device='cuda:0', grad_fn=<MeanBackward0>) tensor(0.3631, device='cuda:0', grad_fn=<MseLossBackward0>) tensor(0.1365, device='cuda:0', grad_fn=<MulBackward0>)
tensor(0.0009, device='cuda:0', grad_fn=<MeanBackward0>) tensor(0.3366, device='cuda:0', grad_fn=<MseLossBackward0>) tensor(0.1145, device='cuda:0', grad_fn=<MulBackward0>)
tensor(0.0013, device='cuda:0', grad_fn=<MeanBackward0>) tensor(0.3361, device='cuda:0', grad_fn=<MseLossBackward0>) tensor(0.1384, device='cuda:0', grad_fn=<MulBackward0>)
tensor(0.0011, device='cuda:0', grad_fn=<MeanBackward0>) tensor(0.3767, device='cuda:0', grad_fn=<MseLossBackward0>) tensor(0.1233, device='cuda:0', grad_fn=<MulBackward0>)
tensor(0.0015, device='cuda:0', grad_fn=<MeanBackward0>) tensor(0.3440, device='cuda:0', grad_fn=<MseLossBackward0>) tensor(0.1250, device='cuda:0', grad_fn=<MulBackward0>)
tensor(0.0010, device='cuda:0', grad_fn=<MeanBackward0>) tensor(0.3553, device='cuda:0', grad_fn=<MseLossBackward0>) tensor(0.1213, device='cuda:0', grad_fn=<MulBackward0>)
tensor(0.0011, device='cuda:0', grad_fn=<MeanBackward0>) tensor(0.3841, device='cuda:0', grad_fn=<MseLossBackward0>) tensor(0.1196, device='cuda:0', grad_fn=<MulBackward0>)
tensor(0.0016, device='cuda:0', grad_fn=<MeanBackward0>) tensor(0.3438, device='cuda:0', grad_fn=<MseLossBackward0>) tensor(0.1075, device='cuda:0', grad_fn=<MulBackward0>)
tensor(0.0014, device='cuda:0', grad_fn=<MeanBackward0>) tensor(0.4402, device='cuda:0', grad_fn=<MseLossBackward0>) tensor(0.1273, device='cuda:0', grad_fn=<MulBackward0>)
tensor(0.0015, device='cuda:0', grad_fn=<MeanBackward0>) tensor(0.3366, device='cuda:0', grad_fn=<MseLossBackward0>) tensor(0.1209, device='cuda:0', grad_fn=<MulBackward0>)
tensor(0.0016, device='cuda:0', grad_fn=<MeanBackward0>) tensor(0.3727, device='cuda:0', grad_fn=<MseLossBackward0>) tensor(0.1209, device='cuda:0', grad_fn=<MulBackward0>)
tensor(0.0006, device='cuda:0', grad_fn=<MeanBackward0>) tensor(0.3727, device='cuda:0', grad_fn=<MseLossBackward0>) tensor(0.1199, device='cuda:0', grad_fn=<MulBackward0>)
tensor(0.0017, device='cuda:0', grad_fn=<MeanBackward0>) tensor(0.3778, device='cuda:0', grad_fn=<MseLossBackward0>) tensor(0.1277, device='cuda:0', grad_fn=<MulBackward0>)
vs, vt 0.19555317985124132 0.20049623025351027
need align? ->  False 0.2000999546955141
2023-09-15 04:38:11,319 - epoch:23, training loss:1.1983 validation loss:0.1956
Updating learning rate to 1.4636287834595912e-05
Updating learning rate to 1.4636287834595912e-05
(34033, 7)
(34033, 7) False
train 34033
tensor(0.0005, device='cuda:0', grad_fn=<MeanBackward0>) tensor(0.3650, device='cuda:0', grad_fn=<MseLossBackward0>) tensor(0.1162, device='cuda:0', grad_fn=<MulBackward0>)
tensor(0.0015, device='cuda:0', grad_fn=<MeanBackward0>) tensor(0.3585, device='cuda:0', grad_fn=<MseLossBackward0>) tensor(0.1125, device='cuda:0', grad_fn=<MulBackward0>)
tensor(0.0013, device='cuda:0', grad_fn=<MeanBackward0>) tensor(0.3852, device='cuda:0', grad_fn=<MseLossBackward0>) tensor(0.1346, device='cuda:0', grad_fn=<MulBackward0>)
tensor(0.0018, device='cuda:0', grad_fn=<MeanBackward0>) tensor(0.3447, device='cuda:0', grad_fn=<MseLossBackward0>) tensor(0.1134, device='cuda:0', grad_fn=<MulBackward0>)
tensor(0.0014, device='cuda:0', grad_fn=<MeanBackward0>) tensor(0.3866, device='cuda:0', grad_fn=<MseLossBackward0>) tensor(0.1110, device='cuda:0', grad_fn=<MulBackward0>)
tensor(0.0009, device='cuda:0', grad_fn=<MeanBackward0>) tensor(0.4073, device='cuda:0', grad_fn=<MseLossBackward0>) tensor(0.1227, device='cuda:0', grad_fn=<MulBackward0>)
tensor(0.0011, device='cuda:0', grad_fn=<MeanBackward0>) tensor(0.3692, device='cuda:0', grad_fn=<MseLossBackward0>) tensor(0.1431, device='cuda:0', grad_fn=<MulBackward0>)
tensor(0.0014, device='cuda:0', grad_fn=<MeanBackward0>) tensor(0.3492, device='cuda:0', grad_fn=<MseLossBackward0>) tensor(0.1263, device='cuda:0', grad_fn=<MulBackward0>)
tensor(0.0011, device='cuda:0', grad_fn=<MeanBackward0>) tensor(0.3844, device='cuda:0', grad_fn=<MseLossBackward0>) tensor(0.1147, device='cuda:0', grad_fn=<MulBackward0>)
tensor(0.0011, device='cuda:0', grad_fn=<MeanBackward0>) tensor(0.3321, device='cuda:0', grad_fn=<MseLossBackward0>) tensor(0.1035, device='cuda:0', grad_fn=<MulBackward0>)
tensor(0.0011, device='cuda:0', grad_fn=<MeanBackward0>) tensor(0.3528, device='cuda:0', grad_fn=<MseLossBackward0>) tensor(0.1139, device='cuda:0', grad_fn=<MulBackward0>)
tensor(0.0013, device='cuda:0', grad_fn=<MeanBackward0>) tensor(0.3338, device='cuda:0', grad_fn=<MseLossBackward0>) tensor(0.1179, device='cuda:0', grad_fn=<MulBackward0>)
tensor(0.0010, device='cuda:0', grad_fn=<MeanBackward0>) tensor(0.3510, device='cuda:0', grad_fn=<MseLossBackward0>) tensor(0.1104, device='cuda:0', grad_fn=<MulBackward0>)
tensor(0.0016, device='cuda:0', grad_fn=<MeanBackward0>) tensor(0.3952, device='cuda:0', grad_fn=<MseLossBackward0>) tensor(0.1171, device='cuda:0', grad_fn=<MulBackward0>)
vs, vt 0.19621622200343716 0.20003881755421002
need align? ->  False 0.20003881755421002
2023-09-15 04:39:33,925 - epoch:24, training loss:1.1959 validation loss:0.1962
Updating learning rate to 1.0325189437185909e-05
Updating learning rate to 1.0325189437185909e-05
(34033, 7)
(34033, 7) True
train 34033
tensor(0.0013, device='cuda:0', grad_fn=<MeanBackward0>) tensor(0.3455, device='cuda:0', grad_fn=<MseLossBackward0>) tensor(0.1314, device='cuda:0', grad_fn=<MulBackward0>)
tensor(0.0011, device='cuda:0', grad_fn=<MeanBackward0>) tensor(0.3141, device='cuda:0', grad_fn=<MseLossBackward0>) tensor(0.1224, device='cuda:0', grad_fn=<MulBackward0>)
tensor(0.0012, device='cuda:0', grad_fn=<MeanBackward0>) tensor(0.3285, device='cuda:0', grad_fn=<MseLossBackward0>) tensor(0.1033, device='cuda:0', grad_fn=<MulBackward0>)
tensor(0.0008, device='cuda:0', grad_fn=<MeanBackward0>) tensor(0.3707, device='cuda:0', grad_fn=<MseLossBackward0>) tensor(0.1175, device='cuda:0', grad_fn=<MulBackward0>)
tensor(0.0012, device='cuda:0', grad_fn=<MeanBackward0>) tensor(0.4001, device='cuda:0', grad_fn=<MseLossBackward0>) tensor(0.1255, device='cuda:0', grad_fn=<MulBackward0>)
tensor(0.0011, device='cuda:0', grad_fn=<MeanBackward0>) tensor(0.3689, device='cuda:0', grad_fn=<MseLossBackward0>) tensor(0.1249, device='cuda:0', grad_fn=<MulBackward0>)
tensor(0.0010, device='cuda:0', grad_fn=<MeanBackward0>) tensor(0.3413, device='cuda:0', grad_fn=<MseLossBackward0>) tensor(0.1258, device='cuda:0', grad_fn=<MulBackward0>)
tensor(0.0010, device='cuda:0', grad_fn=<MeanBackward0>) tensor(0.3564, device='cuda:0', grad_fn=<MseLossBackward0>) tensor(0.1159, device='cuda:0', grad_fn=<MulBackward0>)
tensor(0.0011, device='cuda:0', grad_fn=<MeanBackward0>) tensor(0.3476, device='cuda:0', grad_fn=<MseLossBackward0>) tensor(0.1181, device='cuda:0', grad_fn=<MulBackward0>)
tensor(0.0012, device='cuda:0', grad_fn=<MeanBackward0>) tensor(0.4159, device='cuda:0', grad_fn=<MseLossBackward0>) tensor(0.1245, device='cuda:0', grad_fn=<MulBackward0>)
tensor(0.0008, device='cuda:0', grad_fn=<MeanBackward0>) tensor(0.3608, device='cuda:0', grad_fn=<MseLossBackward0>) tensor(0.1144, device='cuda:0', grad_fn=<MulBackward0>)
tensor(0.0014, device='cuda:0', grad_fn=<MeanBackward0>) tensor(0.3959, device='cuda:0', grad_fn=<MseLossBackward0>) tensor(0.1290, device='cuda:0', grad_fn=<MulBackward0>)
tensor(0.0012, device='cuda:0', grad_fn=<MeanBackward0>) tensor(0.4029, device='cuda:0', grad_fn=<MseLossBackward0>) tensor(0.1108, device='cuda:0', grad_fn=<MulBackward0>)
tensor(0.0012, device='cuda:0', grad_fn=<MeanBackward0>) tensor(0.3307, device='cuda:0', grad_fn=<MseLossBackward0>) tensor(0.1274, device='cuda:0', grad_fn=<MulBackward0>)
vs, vt 0.1974739854046133 0.20002868951538974
need align? ->  False 0.20002868951538974
2023-09-15 04:40:56,423 - epoch:25, training loss:1.2083 validation loss:0.1975
Updating learning rate to 6.692941470496724e-06
Updating learning rate to 6.692941470496724e-06
(34033, 7)
(34033, 7) True
train 34033
tensor(0.0015, device='cuda:0', grad_fn=<MeanBackward0>) tensor(0.3296, device='cuda:0', grad_fn=<MseLossBackward0>) tensor(0.1005, device='cuda:0', grad_fn=<MulBackward0>)
tensor(0.0011, device='cuda:0', grad_fn=<MeanBackward0>) tensor(0.3620, device='cuda:0', grad_fn=<MseLossBackward0>) tensor(0.1241, device='cuda:0', grad_fn=<MulBackward0>)
tensor(0.0013, device='cuda:0', grad_fn=<MeanBackward0>) tensor(0.3608, device='cuda:0', grad_fn=<MseLossBackward0>) tensor(0.1150, device='cuda:0', grad_fn=<MulBackward0>)
tensor(0.0012, device='cuda:0', grad_fn=<MeanBackward0>) tensor(0.3827, device='cuda:0', grad_fn=<MseLossBackward0>) tensor(0.1361, device='cuda:0', grad_fn=<MulBackward0>)
tensor(0.0008, device='cuda:0', grad_fn=<MeanBackward0>) tensor(0.3215, device='cuda:0', grad_fn=<MseLossBackward0>) tensor(0.1085, device='cuda:0', grad_fn=<MulBackward0>)
tensor(0.0011, device='cuda:0', grad_fn=<MeanBackward0>) tensor(0.4240, device='cuda:0', grad_fn=<MseLossBackward0>) tensor(0.1331, device='cuda:0', grad_fn=<MulBackward0>)
tensor(0.0014, device='cuda:0', grad_fn=<MeanBackward0>) tensor(0.4149, device='cuda:0', grad_fn=<MseLossBackward0>) tensor(0.1339, device='cuda:0', grad_fn=<MulBackward0>)
tensor(0.0008, device='cuda:0', grad_fn=<MeanBackward0>) tensor(0.3157, device='cuda:0', grad_fn=<MseLossBackward0>) tensor(0.1156, device='cuda:0', grad_fn=<MulBackward0>)
tensor(0.0013, device='cuda:0', grad_fn=<MeanBackward0>) tensor(0.3745, device='cuda:0', grad_fn=<MseLossBackward0>) tensor(0.1259, device='cuda:0', grad_fn=<MulBackward0>)
tensor(0.0010, device='cuda:0', grad_fn=<MeanBackward0>) tensor(0.3768, device='cuda:0', grad_fn=<MseLossBackward0>) tensor(0.1177, device='cuda:0', grad_fn=<MulBackward0>)
tensor(0.0010, device='cuda:0', grad_fn=<MeanBackward0>) tensor(0.3389, device='cuda:0', grad_fn=<MseLossBackward0>) tensor(0.1138, device='cuda:0', grad_fn=<MulBackward0>)
tensor(0.0009, device='cuda:0', grad_fn=<MeanBackward0>) tensor(0.3578, device='cuda:0', grad_fn=<MseLossBackward0>) tensor(0.1151, device='cuda:0', grad_fn=<MulBackward0>)
tensor(0.0013, device='cuda:0', grad_fn=<MeanBackward0>) tensor(0.3891, device='cuda:0', grad_fn=<MseLossBackward0>) tensor(0.1370, device='cuda:0', grad_fn=<MulBackward0>)
tensor(0.0007, device='cuda:0', grad_fn=<MeanBackward0>) tensor(0.4187, device='cuda:0', grad_fn=<MseLossBackward0>) tensor(0.1245, device='cuda:0', grad_fn=<MulBackward0>)
vs, vt 0.19577915118902586 0.20039700545119435
need align? ->  False 0.20002868951538974
2023-09-15 04:42:18,873 - epoch:26, training loss:1.2113 validation loss:0.1958
Updating learning rate to 3.8016927042877923e-06
Updating learning rate to 3.8016927042877923e-06
(34033, 7)
(34033, 7) True
train 34033
tensor(0.0008, device='cuda:0', grad_fn=<MeanBackward0>) tensor(0.3827, device='cuda:0', grad_fn=<MseLossBackward0>) tensor(0.1379, device='cuda:0', grad_fn=<MulBackward0>)
tensor(0.0011, device='cuda:0', grad_fn=<MeanBackward0>) tensor(0.3468, device='cuda:0', grad_fn=<MseLossBackward0>) tensor(0.1007, device='cuda:0', grad_fn=<MulBackward0>)
tensor(0.0011, device='cuda:0', grad_fn=<MeanBackward0>) tensor(0.3542, device='cuda:0', grad_fn=<MseLossBackward0>) tensor(0.1224, device='cuda:0', grad_fn=<MulBackward0>)
tensor(0.0010, device='cuda:0', grad_fn=<MeanBackward0>) tensor(0.3558, device='cuda:0', grad_fn=<MseLossBackward0>) tensor(0.1368, device='cuda:0', grad_fn=<MulBackward0>)
tensor(0.0008, device='cuda:0', grad_fn=<MeanBackward0>) tensor(0.4149, device='cuda:0', grad_fn=<MseLossBackward0>) tensor(0.1196, device='cuda:0', grad_fn=<MulBackward0>)
tensor(0.0013, device='cuda:0', grad_fn=<MeanBackward0>) tensor(0.3587, device='cuda:0', grad_fn=<MseLossBackward0>) tensor(0.1235, device='cuda:0', grad_fn=<MulBackward0>)
tensor(0.0008, device='cuda:0', grad_fn=<MeanBackward0>) tensor(0.3472, device='cuda:0', grad_fn=<MseLossBackward0>) tensor(0.1142, device='cuda:0', grad_fn=<MulBackward0>)
tensor(0.0012, device='cuda:0', grad_fn=<MeanBackward0>) tensor(0.3592, device='cuda:0', grad_fn=<MseLossBackward0>) tensor(0.1195, device='cuda:0', grad_fn=<MulBackward0>)
tensor(0.0013, device='cuda:0', grad_fn=<MeanBackward0>) tensor(0.3684, device='cuda:0', grad_fn=<MseLossBackward0>) tensor(0.1146, device='cuda:0', grad_fn=<MulBackward0>)
tensor(0.0009, device='cuda:0', grad_fn=<MeanBackward0>) tensor(0.2977, device='cuda:0', grad_fn=<MseLossBackward0>) tensor(0.1084, device='cuda:0', grad_fn=<MulBackward0>)
tensor(0.0005, device='cuda:0', grad_fn=<MeanBackward0>) tensor(0.3602, device='cuda:0', grad_fn=<MseLossBackward0>) tensor(0.1206, device='cuda:0', grad_fn=<MulBackward0>)
tensor(0.0007, device='cuda:0', grad_fn=<MeanBackward0>) tensor(0.3390, device='cuda:0', grad_fn=<MseLossBackward0>) tensor(0.1240, device='cuda:0', grad_fn=<MulBackward0>)
tensor(0.0007, device='cuda:0', grad_fn=<MeanBackward0>) tensor(0.3380, device='cuda:0', grad_fn=<MseLossBackward0>) tensor(0.1182, device='cuda:0', grad_fn=<MulBackward0>)
tensor(0.0008, device='cuda:0', grad_fn=<MeanBackward0>) tensor(0.3696, device='cuda:0', grad_fn=<MseLossBackward0>) tensor(0.1182, device='cuda:0', grad_fn=<MulBackward0>)
vs, vt 0.19663158908821224 0.2000174361040418
need align? ->  False 0.2000174361040418
2023-09-15 04:43:41,698 - epoch:27, training loss:1.2110 validation loss:0.1966
Updating learning rate to 1.7009132065545696e-06
Updating learning rate to 1.7009132065545696e-06
(34033, 7)
(34033, 7) True
train 34033
tensor(0.0009, device='cuda:0', grad_fn=<MeanBackward0>) tensor(0.3470, device='cuda:0', grad_fn=<MseLossBackward0>) tensor(0.1242, device='cuda:0', grad_fn=<MulBackward0>)
tensor(0.0004, device='cuda:0', grad_fn=<MeanBackward0>) tensor(0.3597, device='cuda:0', grad_fn=<MseLossBackward0>) tensor(0.1215, device='cuda:0', grad_fn=<MulBackward0>)
tensor(0.0010, device='cuda:0', grad_fn=<MeanBackward0>) tensor(0.3484, device='cuda:0', grad_fn=<MseLossBackward0>) tensor(0.1070, device='cuda:0', grad_fn=<MulBackward0>)
tensor(0.0011, device='cuda:0', grad_fn=<MeanBackward0>) tensor(0.3647, device='cuda:0', grad_fn=<MseLossBackward0>) tensor(0.1189, device='cuda:0', grad_fn=<MulBackward0>)
tensor(0.0013, device='cuda:0', grad_fn=<MeanBackward0>) tensor(0.3476, device='cuda:0', grad_fn=<MseLossBackward0>) tensor(0.1270, device='cuda:0', grad_fn=<MulBackward0>)
tensor(0.0012, device='cuda:0', grad_fn=<MeanBackward0>) tensor(0.3962, device='cuda:0', grad_fn=<MseLossBackward0>) tensor(0.1330, device='cuda:0', grad_fn=<MulBackward0>)
tensor(0.0010, device='cuda:0', grad_fn=<MeanBackward0>) tensor(0.3765, device='cuda:0', grad_fn=<MseLossBackward0>) tensor(0.1293, device='cuda:0', grad_fn=<MulBackward0>)
tensor(0.0012, device='cuda:0', grad_fn=<MeanBackward0>) tensor(0.3502, device='cuda:0', grad_fn=<MseLossBackward0>) tensor(0.1285, device='cuda:0', grad_fn=<MulBackward0>)
tensor(0.0015, device='cuda:0', grad_fn=<MeanBackward0>) tensor(0.3124, device='cuda:0', grad_fn=<MseLossBackward0>) tensor(0.1123, device='cuda:0', grad_fn=<MulBackward0>)
tensor(0.0008, device='cuda:0', grad_fn=<MeanBackward0>) tensor(0.3920, device='cuda:0', grad_fn=<MseLossBackward0>) tensor(0.1330, device='cuda:0', grad_fn=<MulBackward0>)
tensor(0.0010, device='cuda:0', grad_fn=<MeanBackward0>) tensor(0.3441, device='cuda:0', grad_fn=<MseLossBackward0>) tensor(0.1198, device='cuda:0', grad_fn=<MulBackward0>)
tensor(0.0008, device='cuda:0', grad_fn=<MeanBackward0>) tensor(0.3394, device='cuda:0', grad_fn=<MseLossBackward0>) tensor(0.1124, device='cuda:0', grad_fn=<MulBackward0>)
tensor(0.0007, device='cuda:0', grad_fn=<MeanBackward0>) tensor(0.4581, device='cuda:0', grad_fn=<MseLossBackward0>) tensor(0.1441, device='cuda:0', grad_fn=<MulBackward0>)
tensor(0.0008, device='cuda:0', grad_fn=<MeanBackward0>) tensor(0.3359, device='cuda:0', grad_fn=<MseLossBackward0>) tensor(0.1023, device='cuda:0', grad_fn=<MulBackward0>)
vs, vt 0.19633169666853514 0.2002206439089574
need align? ->  False 0.2000174361040418
2023-09-15 04:45:03,650 - epoch:28, training loss:1.2106 validation loss:0.1963
Updating learning rate to 4.265478969493755e-07
Updating learning rate to 4.265478969493755e-07
(34033, 7)
(34033, 7) True
train 34033
tensor(0.0012, device='cuda:0', grad_fn=<MeanBackward0>) tensor(0.3376, device='cuda:0', grad_fn=<MseLossBackward0>) tensor(0.1041, device='cuda:0', grad_fn=<MulBackward0>)
tensor(0.0011, device='cuda:0', grad_fn=<MeanBackward0>) tensor(0.3722, device='cuda:0', grad_fn=<MseLossBackward0>) tensor(0.1286, device='cuda:0', grad_fn=<MulBackward0>)
tensor(0.0012, device='cuda:0', grad_fn=<MeanBackward0>) tensor(0.3338, device='cuda:0', grad_fn=<MseLossBackward0>) tensor(0.1090, device='cuda:0', grad_fn=<MulBackward0>)
tensor(0.0010, device='cuda:0', grad_fn=<MeanBackward0>) tensor(0.3399, device='cuda:0', grad_fn=<MseLossBackward0>) tensor(0.1161, device='cuda:0', grad_fn=<MulBackward0>)
tensor(0.0013, device='cuda:0', grad_fn=<MeanBackward0>) tensor(0.3698, device='cuda:0', grad_fn=<MseLossBackward0>) tensor(0.1331, device='cuda:0', grad_fn=<MulBackward0>)
tensor(0.0011, device='cuda:0', grad_fn=<MeanBackward0>) tensor(0.3829, device='cuda:0', grad_fn=<MseLossBackward0>) tensor(0.1172, device='cuda:0', grad_fn=<MulBackward0>)
tensor(0.0008, device='cuda:0', grad_fn=<MeanBackward0>) tensor(0.3694, device='cuda:0', grad_fn=<MseLossBackward0>) tensor(0.1185, device='cuda:0', grad_fn=<MulBackward0>)
tensor(0.0011, device='cuda:0', grad_fn=<MeanBackward0>) tensor(0.3303, device='cuda:0', grad_fn=<MseLossBackward0>) tensor(0.1077, device='cuda:0', grad_fn=<MulBackward0>)
tensor(0.0012, device='cuda:0', grad_fn=<MeanBackward0>) tensor(0.3408, device='cuda:0', grad_fn=<MseLossBackward0>) tensor(0.1226, device='cuda:0', grad_fn=<MulBackward0>)
tensor(0.0011, device='cuda:0', grad_fn=<MeanBackward0>) tensor(0.3993, device='cuda:0', grad_fn=<MseLossBackward0>) tensor(0.1258, device='cuda:0', grad_fn=<MulBackward0>)
tensor(0.0004, device='cuda:0', grad_fn=<MeanBackward0>) tensor(0.3606, device='cuda:0', grad_fn=<MseLossBackward0>) tensor(0.1232, device='cuda:0', grad_fn=<MulBackward0>)
tensor(0.0006, device='cuda:0', grad_fn=<MeanBackward0>) tensor(0.3978, device='cuda:0', grad_fn=<MseLossBackward0>) tensor(0.1307, device='cuda:0', grad_fn=<MulBackward0>)
tensor(0.0013, device='cuda:0', grad_fn=<MeanBackward0>) tensor(0.3681, device='cuda:0', grad_fn=<MseLossBackward0>) tensor(0.1220, device='cuda:0', grad_fn=<MulBackward0>)
tensor(0.0014, device='cuda:0', grad_fn=<MeanBackward0>) tensor(0.3461, device='cuda:0', grad_fn=<MseLossBackward0>) tensor(0.1222, device='cuda:0', grad_fn=<MulBackward0>)
vs, vt 0.196574236758137 0.20028189789461956
need align? ->  False 0.2000174361040418
2023-09-15 04:46:26,056 - epoch:29, training loss:1.2102 validation loss:0.1966
Updating learning rate to 4.0151924035722596e-10
Updating learning rate to 4.0151924035722596e-10
check exp/ECL-PatchTST2023-09-15-03:58:03.358078/0/0.1956_epoch_23.pkl  &  0.2000174361040418
2023-09-15 04:46:30,434 - [*] loss:0.3277
2023-09-15 04:46:30,452 - [*] phase 0, testing
2023-09-15 04:46:30,735 - T:192	MAE	0.362630	RMSE	0.328632	MAPE	228.533340
2023-09-15 04:46:30,736 - 192	mae	0.3626	
2023-09-15 04:46:30,736 - 192	rmse	0.3286	
2023-09-15 04:46:30,736 - 192	mape	228.5333	
----*-----
2023-09-15 04:46:35,043 - [*] loss:0.3462
2023-09-15 04:46:35,062 - [*] phase 0, testing
2023-09-15 04:46:35,350 - T:192	MAE	0.383764	RMSE	0.347293	MAPE	241.626763
2023-09-15 04:46:39,645 - [*] loss:0.4628
2023-09-15 04:46:39,664 - [*] phase 0, testing
2023-09-15 04:46:39,952 - T:192	MAE	0.454714	RMSE	0.464253	MAPE	279.710293
2023-09-15 04:46:47,194 - [*] loss:0.4198
2023-09-15 04:46:47,212 - [*] phase 0, testing
2023-09-15 04:46:47,496 - T:192	MAE	0.445463	RMSE	0.421083	MAPE	254.186726
2023-09-15 04:46:52,026 - [*] loss:0.3407
2023-09-15 04:46:52,045 - [*] phase 0, testing
2023-09-15 04:46:52,334 - T:192	MAE	0.376246	RMSE	0.341721	MAPE	221.731567
----*-----
avg under noise: 0.4150466248393059 0.39358755946159363
2023-09-15 04:46:55,844 - [*] loss:0.3277
2023-09-15 04:46:55,862 - [*] phase 0, testing
2023-09-15 04:46:56,145 - T:192	MAE	0.362630	RMSE	0.328632	MAPE	228.533649
2023-09-15 04:46:56,146 - 192	mae	0.3626	
2023-09-15 04:46:56,146 - 192	rmse	0.3286	
2023-09-15 04:46:56,146 - 192	mape	228.5336	
----*-----
2023-09-15 04:46:59,971 - [*] loss:0.3466
2023-09-15 04:46:59,990 - [*] phase 0, testing
2023-09-15 04:47:00,279 - T:192	MAE	0.383878	RMSE	0.347675	MAPE	242.266059
2023-09-15 04:47:03,939 - [*] loss:0.4640
2023-09-15 04:47:03,958 - [*] phase 0, testing
2023-09-15 04:47:04,246 - T:192	MAE	0.455210	RMSE	0.465737	MAPE	280.789828
2023-09-15 04:47:10,740 - [*] loss:0.4216
2023-09-15 04:47:10,759 - [*] phase 0, testing
2023-09-15 04:47:11,042 - T:192	MAE	0.446366	RMSE	0.422841	MAPE	255.209684
2023-09-15 04:47:14,902 - [*] loss:0.3405
2023-09-15 04:47:14,920 - [*] phase 0, testing
2023-09-15 04:47:15,204 - T:192	MAE	0.376185	RMSE	0.341383	MAPE	221.473694
----*-----
avg under noise: 0.41540973633527756 0.39440931379795074
