2023-09-07 19:18:42,288 - logger name:exp/ECL-PatchTST2023-09-07-19:18:42.287817/ECL-PatchTST.log
2023-09-07 19:18:42,288 - params : {'loss': 'huber', 'conf': 'ECL-PatchTST', 'data_name': 'ETTm1', 'iteration': 1, 'train': 1, 'mainrs': 0, 'abl': 1, 'abl_tmp_context': 0, 'abl_ae': 0, 'no_tmp': 0, 'load': True, 'build_graph': False, 'same_init': True, 'grad_norm': False, 'refiner_residual': 0, 'root_path': '', 'exp_path': 'exp/', 'val_test_mix': False, 'lr': 0.0001, 'lradj': 'TST', 'dropout': 0.2, 'fc_dropout': 0.2, 'head_dropout': 0.0, 'patch_len': 16, 'stride': 8, 'd_ff': 256, 'd_model': 128, 'n_heads': 16, 'seq_len': 336, 'pred_len': 96, 'noise_rate': 0.5, 'device': device(type='cuda', index=0), 'test_model_path': '/Disk/fhyega/code/BASE/exp/ECL-PatchTST2023-08-26-13:08:31.837686/0/best_model.pkl', 'idx': -1, 'aligner': 1, 'always_align': 1, 'refiner': 1, 'rec_block_num': 1, 'enhance': 1, 'enhance_type': 5, 'seed': 34, 'batch_size': 64, 'share_head': 0, 'add_noise': 1, 'add_norm': 0, 'jitter_sigma': 0.4, 'slope_rate': 0.01, 'slope_range': 0.2, 'alpha': 10.0, 'beta': 1.0, 'gamma': 0.15, 'feature_jittering': 1, 'rec_intra_feature': 0, 'rec_ori': 1, 'mid_dim': 128, 'test_en': 0, 'debugger': 0, 'summary': 0, 'omega': 1.0, 'theta': 1.5, 'mask_border': 1, 'sup_weight': 10.0, 'rec_length_ratio': 0.8, 'ref_dropout': 0.0, 'ref_block_num': 1, 'add_FFN': 1, 'add_residual': 0, 'rec_all': 0, 'e_layers': 3, 'early_break': 0, 'early_stop': 10, 'lo': 'ablation/ECL-PatchTST_woREFandALL_96.log', '/* model related args*/': '//', 'model_name': 'PatchTST', 'label_len': 48, 'features': 'M', 'target': 'OT', 'graph_input': False, 'individual': False, 'd_layers': 1, 'factor': 1, 'des': 'Exp', 'padding_patch': 'end', 'revin': 1, 'affine': 0, 'subtract_last': 0, 'decomposition': 0, 'kernel_size': 25, 'output_attention': 0, 'embed_type': 0, 'activation': 'gelu', 'distil': 1, 'linear_output': 1, 'pct_start': 0.2, 'indie': 1, '/*train related args*/': '//', 'epoch': 30, '/*dataset related args*/': '//', 'save_data_path': 'data/ECL/', 'data_process': True, 'embed': 'timeF', 'freq': 'h', 'begin_phase': 0, 'end_phase': 1, 'phase_len': -1, 'val_ratio': 0.33, 'graph_size': 321, '/*strategy related args*/': '//', 'strategy': 'incremental', 'increase': False, 'detect': False, 'detect_strategy': 'feature', 'replay': False, 'replay_strategy': 'random', 'repaly_num_samples': 100, 'ewc': False, 'ewc_strategy': 'ewc', 'ewc_lambda': 0.0001, 'subgraph_train': False, 'num_hops': 2, 'logname': 'ECL-PatchTST', 'time': '2023-09-07-19:18:42.287817', 'path': 'exp/ECL-PatchTST2023-09-07-19:18:42.287817', 'num_workers': 4, 'start_train': 0, 'train_mode': 'pretrain', 'get_score': False, 'use_cm': True, 'logger': <Logger __main__ (INFO)>}
2023-09-07 19:18:42,288 - [*] phase 0 start training
0 69680
train 34129
val 11425
test 11425
2023-09-07 19:18:43,066 - [*] phase 0 Dataset load!
1 True None
weawew /Disk/fhyega/code/BASE/exp/ECL-PatchTST2023-08-26-13:08:31.837686/0/best_model.pkl
2023-09-07 19:18:49,928 - [*] loss:0.7463
2023-09-07 19:18:50,081 - [*] phase 0, testing
2023-09-07 19:18:50,804 - T:96	MAE	0.571819	RMSE	0.747171	MAPE	291.519260
2023-09-07 19:18:50,807 - 96	mae	0.5718	
2023-09-07 19:18:50,807 - 96	rmse	0.7472	
2023-09-07 19:18:50,807 - 96	mape	291.5193	
----*-----
2023-09-07 19:18:56,453 - [*] loss:0.7697
2023-09-07 19:18:56,583 - [*] phase 0, testing
2023-09-07 19:18:57,580 - T:96	MAE	0.589991	RMSE	0.770619	MAPE	301.613092
2023-09-07 19:19:02,975 - [*] loss:0.7763
2023-09-07 19:19:03,186 - [*] phase 0, testing
2023-09-07 19:19:04,087 - T:96	MAE	0.588396	RMSE	0.777266	MAPE	298.005080
2023-09-07 19:19:14,450 - [*] loss:0.7795
2023-09-07 19:19:14,552 - [*] phase 0, testing
2023-09-07 19:19:15,568 - T:96	MAE	0.603408	RMSE	0.780394	MAPE	280.128717
2023-09-07 19:19:21,281 - [*] loss:0.7451
2023-09-07 19:19:21,362 - [*] phase 0, testing
2023-09-07 19:19:22,125 - T:96	MAE	0.577536	RMSE	0.745966	MAPE	269.735980
----*-----
avg under noise: 0.5898327976465225 0.7685612738132477
----*-----
2023-09-07 19:19:26,606 - [*] loss:0.7943
2023-09-07 19:19:26,712 - [*] phase 0, testing
2023-09-07 19:19:27,411 - T:96	MAE	0.599049	RMSE	0.795117	MAPE	309.406447
2023-09-07 19:19:31,519 - [*] loss:0.8688
2023-09-07 19:19:31,636 - [*] phase 0, testing
2023-09-07 19:19:32,313 - T:96	MAE	0.635011	RMSE	0.869769	MAPE	330.633807
2023-09-07 19:19:39,561 - [*] loss:0.8188
2023-09-07 19:19:39,656 - [*] phase 0, testing
2023-09-07 19:19:40,319 - T:96	MAE	0.623267	RMSE	0.819571	MAPE	296.187162
2023-09-07 19:19:45,036 - [*] loss:0.7689
2023-09-07 19:19:45,047 - [*] phase 0, testing
2023-09-07 19:19:45,243 - T:96	MAE	0.586434	RMSE	0.769778	MAPE	277.619386
----*-----
avg under noise: 0.610940232872963 0.8135587126016617
