2023-09-05 12:47:36,651 - logger name:exp/ECL-FEDformer2023-09-05-12:47:36.651462/ECL-FEDformer.log
2023-09-05 12:47:36,651 - params : {'loss': 'huber', 'conf': 'ECL-FEDformer', 'data_name': 'ETTm1', 'iteration': 1, 'train': 1, 'mainrs': 0, 'abl': 0, 'abl_tmp_context': 0, 'abl_ae': 0, 'no_tmp': 0, 'load': True, 'build_graph': False, 'same_init': True, 'grad_norm': False, 'refiner_residual': 0, 'root_path': '', 'exp_path': 'exp/', 'val_test_mix': False, 'lr': 0.0001, 'lradj': 'TST', 'dropout': 0.05, 'fc_dropout': 0.05, 'head_dropout': 0.0, 'patch_len': 16, 'stride': 8, 'd_ff': 512, 'd_model': 128, 'n_heads': 8, 'seq_len': 96, 'pred_len': 96, 'noise_rate': 0.5, 'device': device(type='cuda', index=0), 'test_model_path': '/Disk/fhyega/code/BASE/exp/ECL-PatchTST2023-08-26-13:08:31.837686/0/best_model.pkl', 'idx': -1, 'aligner': 0, 'always_align': 1, 'refiner': 1, 'rec_block_num': 1, 'enhance': 1, 'enhance_type': 5, 'seed': 34, 'batch_size': 64, 'share_head': 0, 'add_noise': 1, 'add_norm': 0, 'jitter_sigma': 0.4, 'slope_rate': 0.01, 'slope_range': 0.2, 'alpha': 10.0, 'beta': 1.0, 'gamma': 0.15, 'feature_jittering': 1, 'rec_intra_feature': 0, 'rec_ori': 1, 'mid_dim': 128, 'test_en': 0, 'debugger': 0, 'summary': 0, 'omega': 1.0, 'theta': 1.5, 'mask_border': 1, 'sup_weight': 10.0, 'rec_length_ratio': 0.8, 'ref_dropout': 0.0, 'ref_block_num': 1, 'add_FFN': 1, 'add_residual': 0, 'rec_all': 0, 'e_layers': 2, 'early_break': 0, 'early_stop': 10, '/* model related args*/': '//', 'model_name': 'FEDformer', 'label_len': 48, 'features': 'M', 'target': 'OT', 'graph_input': False, 'individual': False, 'd_layers': 1, 'factor': 1, 'des': 'Exp', 'padding_patch': 'end', 'revin': 1, 'affine': 0, 'subtract_last': 0, 'decomposition': 0, 'kernel_size': 25, 'output_attention': 0, 'embed_type': 0, 'activation': 'gelu', 'distil': 1, 'linear_output': 0, 'pct_start': 0.2, 'num_kernels': 6, 'top_k': 5, 'moving_avg': 25, 'indie': 0, '/*train related args*/': '//', 'epoch': 30, '/*dataset related args*/': '//', 'save_data_path': 'data/ECL/', 'data_process': True, 'embed': 'timeF', 'freq': 'h', 'begin_phase': 0, 'end_phase': 1, 'phase_len': -1, 'val_ratio': 0.33, 'graph_size': 321, '/*strategy related args*/': '//', 'strategy': 'incremental', 'increase': False, 'detect': False, 'detect_strategy': 'feature', 'replay': False, 'replay_strategy': 'random', 'repaly_num_samples': 100, 'ewc': False, 'ewc_strategy': 'ewc', 'ewc_lambda': 0.0001, 'subgraph_train': False, 'num_hops': 2, 'logname': 'ECL-FEDformer', 'time': '2023-09-05-12:47:36.651462', 'path': 'exp/ECL-FEDformer2023-09-05-12:47:36.651462', 'num_workers': 4, 'start_train': 0, 'train_mode': 'pretrain', 'get_score': False, 'use_cm': True, 'logger': <Logger __main__ (INFO)>}
2023-09-05 12:47:36,651 - [*] phase 0 start training
0 69680
train 34369
val 11425
test 11425
2023-09-05 12:47:37,489 - [*] phase 0 Dataset load!
dropout 0.05
dropout 0.05
fourier enhanced block used!
modes=32, index=[0, 1, 2, 3, 6, 7, 8, 9, 10, 12, 13, 15, 16, 17, 19, 22, 23, 24, 26, 27, 28, 30, 31, 34, 37, 39, 40, 43, 44, 45, 46, 47]
fourier enhanced block used!
modes=32, index=[2, 3, 4, 7, 10, 12, 14, 15, 16, 18, 22, 24, 25, 28, 32, 33, 40, 43, 45, 47, 50, 51, 53, 54, 55, 59, 60, 61, 65, 67, 68, 71]
 fourier enhanced cross attention used!
modes_q=32, index_q=[1, 2, 5, 7, 10, 11, 13, 14, 18, 19, 20, 24, 26, 28, 29, 30, 31, 34, 35, 42, 44, 47, 50, 58, 59, 61, 62, 63, 64, 66, 69, 70]
modes_kv=32, index_kv=[0, 2, 3, 5, 7, 8, 9, 10, 11, 12, 14, 15, 16, 17, 20, 21, 22, 25, 27, 30, 31, 33, 35, 36, 37, 38, 39, 41, 43, 44, 45, 47]
1 True None
2023-09-05 12:47:38,119 - [*] phase 0 Training start
train 34369
2023-09-05 12:51:19,023 - epoch:0, training loss:0.3284 validation loss:0.3447
(34369, 1)
(34369, 1) True
train 34369
vs, vt 0.34468047949355407 0.3495896455295925
Updating learning rate to 1.0434682555522589e-05
Updating learning rate to 1.0434682555522589e-05
(34369, 1)
(34369, 1) True
train 34369
vs, vt 0.2958044035349811 0.3047509257104144
need align? ->  False 0.3047509257104144
2023-09-05 13:00:09,585 - epoch:1, training loss:11.4731 validation loss:0.2958
Updating learning rate to 2.8013516072492592e-05
Updating learning rate to 2.8013516072492592e-05
(34369, 1)
(34369, 1) True
train 34369
vs, vt 0.21444940190325237 0.27024183491005577
need align? ->  False 0.27024183491005577
2023-09-05 13:06:33,647 - epoch:2, training loss:9.8168 validation loss:0.2144
Updating learning rate to 5.202340832682322e-05
Updating learning rate to 5.202340832682322e-05
(34369, 1)
(34369, 1) True
train 34369
vs, vt 0.20726358759419877 0.2268378196398639
need align? ->  False 0.2268378196398639
2023-09-05 13:13:03,639 - epoch:3, training loss:6.9908 validation loss:0.2073
Updating learning rate to 7.602702453314286e-05
Updating learning rate to 7.602702453314286e-05
(34369, 1)
(34369, 1) True
train 34369
vs, vt 0.20811374150424697 0.22061417474510284
need align? ->  False 0.22061417474510284
2023-09-05 13:19:28,271 - epoch:4, training loss:8.1653 validation loss:0.2081
Updating learning rate to 9.358871258844052e-05
Updating learning rate to 9.358871258844052e-05
(34369, 1)
(34369, 1) True
train 34369
vs, vt 0.2050142519009513 0.2171397162965556
need align? ->  False 0.2171397162965556
2023-09-05 13:25:55,303 - epoch:5, training loss:9.5910 validation loss:0.2050
Updating learning rate to 9.99999985145195e-05
Updating learning rate to 9.99999985145195e-05
(34369, 1)
(34369, 1) True
train 34369
vs, vt 0.2032368738391546 0.21148942106054816
need align? ->  False 0.21148942106054816
2023-09-05 13:32:25,971 - epoch:6, training loss:9.6851 validation loss:0.2032
Updating learning rate to 9.957065245311989e-05
Updating learning rate to 9.957065245311989e-05
(34369, 1)
(34369, 1) True
train 34369
vs, vt 0.19704288816568571 0.2042439266331702
need align? ->  False 0.2042439266331702
2023-09-05 13:38:55,566 - epoch:7, training loss:9.2637 validation loss:0.1970
Updating learning rate to 9.829314220672151e-05
Updating learning rate to 9.829314220672151e-05
(34369, 1)
(34369, 1) True
train 34369
vs, vt 0.198171229648024 0.20319762453436852
need align? ->  False 0.20319762453436852
2023-09-05 13:45:25,598 - epoch:8, training loss:7.6094 validation loss:0.1982
Updating learning rate to 9.618932632983303e-05
Updating learning rate to 9.618932632983303e-05
(34369, 1)
(34369, 1) True
train 34369
vs, vt 0.20264652754341425 0.20081927889552195
need align? ->  True 0.20081927889552195
2023-09-05 13:51:57,055 - epoch:9, training loss:7.1100 validation loss:0.2026
Updating learning rate to 9.329520169539592e-05
Updating learning rate to 9.329520169539592e-05
(34369, 1)
(34369, 1) True
train 34369
vs, vt 0.201189977038839 0.20125080699194742
need align? ->  True 0.20081927889552195
2023-09-05 13:58:27,463 - epoch:10, training loss:7.1529 validation loss:0.2012
Updating learning rate to 8.966028757830835e-05
Updating learning rate to 8.966028757830835e-05
(34369, 1)
(34369, 1) True
train 34369
vs, vt 0.2046188639695418 0.1977091439109941
need align? ->  True 0.1977091439109941
2023-09-05 14:04:55,074 - epoch:11, training loss:7.0702 validation loss:0.2046
Updating learning rate to 8.534677836690231e-05
Updating learning rate to 8.534677836690231e-05
(34369, 1)
(34369, 1) True
train 34369
vs, vt 0.20327850125272182 0.19908055787978893
need align? ->  True 0.1977091439109941
2023-09-05 14:11:14,955 - epoch:12, training loss:7.0994 validation loss:0.2033
Updating learning rate to 8.042847939971561e-05
Updating learning rate to 8.042847939971561e-05
(34369, 1)
(34369, 1) True
train 34369
vs, vt 0.2066172565744576 0.20011236737144059
need align? ->  True 0.1977091439109941
2023-09-05 14:17:40,133 - epoch:13, training loss:6.8300 validation loss:0.2066
Updating learning rate to 7.498954413568693e-05
Updating learning rate to 7.498954413568693e-05
(34369, 1)
(34369, 1) True
train 34369
vs, vt 0.20498066010505128 0.19771901959314025
need align? ->  True 0.1977091439109941
2023-09-05 14:24:03,886 - epoch:14, training loss:6.6544 validation loss:0.2050
Updating learning rate to 6.912303426514151e-05
Updating learning rate to 6.912303426514151e-05
(34369, 1)
(34369, 1) True
train 34369
vs, vt 0.2041808325568391 0.1956885304697399
need align? ->  True 0.1956885304697399
2023-09-05 14:30:31,191 - epoch:15, training loss:6.4662 validation loss:0.2042
Updating learning rate to 6.292932739846823e-05
Updating learning rate to 6.292932739846823e-05
(34369, 1)
(34369, 1) True
train 34369
vs, vt 0.20328897268995227 0.19499278595077926
need align? ->  True 0.19499278595077926
2023-09-05 14:37:09,679 - epoch:16, training loss:6.3269 validation loss:0.2033
Updating learning rate to 5.651439957737585e-05
Updating learning rate to 5.651439957737585e-05
(34369, 1)
(34369, 1) True
train 34369
vs, vt 0.2068536500524542 0.19578371902501118
need align? ->  True 0.19499278595077926
2023-09-05 14:43:36,192 - epoch:17, training loss:6.2140 validation loss:0.2069
Updating learning rate to 4.998801199543722e-05
Updating learning rate to 4.998801199543722e-05
(34369, 1)
(34369, 1) True
train 34369
vs, vt 0.20721354285598467 0.1950162867261045
need align? ->  True 0.19499278595077926
2023-09-05 14:50:02,865 - epoch:18, training loss:6.1549 validation loss:0.2072
dropout 0.05
dropout 0.05
fourier enhanced block used!
modes=32, index=[0, 1, 2, 3, 5, 6, 7, 8, 11, 14, 15, 16, 17, 18, 19, 20, 21, 23, 24, 26, 27, 29, 30, 31, 34, 36, 39, 40, 41, 44, 45, 46]
fourier enhanced block used!
modes=32, index=[8, 11, 12, 13, 16, 17, 23, 24, 25, 26, 29, 32, 33, 35, 36, 37, 39, 40, 41, 43, 45, 50, 52, 54, 56, 57, 58, 59, 63, 64, 65, 66]
 fourier enhanced cross attention used!
modes_q=32, index_q=[0, 3, 4, 5, 8, 11, 14, 15, 20, 21, 22, 23, 31, 33, 35, 36, 40, 41, 42, 46, 47, 48, 50, 52, 54, 55, 56, 59, 61, 63, 64, 68]
modes_kv=32, index_kv=[0, 1, 2, 3, 5, 6, 7, 9, 12, 13, 15, 16, 17, 19, 25, 26, 27, 30, 32, 33, 34, 35, 36, 37, 38, 39, 41, 42, 43, 44, 45, 46]
check exp/ECL-FEDformer2023-09-05-12:47:36.651462/0/0.197_epoch_7.pkl  &  0.19499278595077926
2023-09-05 14:50:25,444 - [*] loss:0.7457
2023-09-05 14:50:25,453 - [*] phase 0, testing
2023-09-05 14:50:25,584 - T:96	MAE	0.550408	RMSE	0.746840	MAPE	293.750715
2023-09-05 14:50:25,584 - 96	mae	0.5504	
2023-09-05 14:50:25,585 - 96	rmse	0.7468	
2023-09-05 14:50:25,585 - 96	mape	293.7507	
2023-09-05 14:50:53,979 - [*] loss:0.7457
2023-09-05 14:50:53,992 - [*] phase 0, testing
2023-09-05 14:50:54,118 - T:96	MAE	0.550408	RMSE	0.746853	MAPE	293.768001
2023-09-05 14:51:20,616 - [*] loss:0.7457
2023-09-05 14:51:20,625 - [*] phase 0, testing
2023-09-05 14:51:20,755 - T:96	MAE	0.550408	RMSE	0.746840	MAPE	293.750715
2023-09-05 14:51:49,570 - [*] loss:0.4051
2023-09-05 14:51:49,578 - [*] phase 0, testing
2023-09-05 14:51:49,709 - T:96	MAE	0.420977	RMSE	0.405486	MAPE	236.881638
2023-09-05 14:51:49,710 - 96	mae	0.4210	
2023-09-05 14:51:49,710 - 96	rmse	0.4055	
2023-09-05 14:51:49,710 - 96	mape	236.8816	
