2023-09-08 00:06:34,976 - logger name:exp/ECL-Informer2023-09-08-00:06:34.966599/ECL-Informer.log
2023-09-08 00:06:34,976 - params : {'loss': 'huber', 'conf': 'ECL-Informer', 'data_name': 'ETTm1', 'iteration': 1, 'train': 1, 'mainrs': 0, 'abl': 0, 'abl_tmp_context': 0, 'abl_ae': 0, 'no_tmp': 0, 'load': True, 'build_graph': False, 'same_init': True, 'grad_norm': False, 'refiner_residual': 0, 'root_path': '', 'exp_path': 'exp/', 'val_test_mix': False, 'lr': 0.0001, 'lradj': 'TST', 'dropout': 0.05, 'fc_dropout': 0.05, 'head_dropout': 0.0, 'patch_len': 16, 'stride': 8, 'd_ff': 512, 'd_model': 128, 'n_heads': 8, 'seq_len': 96, 'pred_len': 192, 'noise_rate': 0.5, 'device': device(type='cuda', index=1), 'test_model_path': '/Disk/fhyega/code/BASE/exp/ECL-PatchTST2023-08-26-13:08:31.837686/0/best_model.pkl', 'idx': -1, 'aligner': 1, 'always_align': 1, 'refiner': 1, 'rec_block_num': 1, 'enhance': 1, 'enhance_type': 5, 'seed': 34, 'batch_size': 64, 'share_head': 0, 'add_noise': 1, 'add_norm': 0, 'jitter_sigma': 0.4, 'slope_rate': 0.01, 'slope_range': 0.2, 'alpha': 10.0, 'beta': 1.0, 'gamma': 0.15, 'feature_jittering': 1, 'rec_intra_feature': 0, 'rec_ori': 1, 'mid_dim': 128, 'test_en': 0, 'debugger': 0, 'summary': 0, 'omega': 1.0, 'theta': 1.5, 'mask_border': 1, 'sup_weight': 0.0, 'rec_length_ratio': 0.8, 'ref_dropout': 0.0, 'ref_block_num': 1, 'add_FFN': 1, 'add_residual': 0, 'rec_all': 0, 'e_layers': 2, 'early_break': 0, 'early_stop': 10, '/* model related args*/': '//', 'model_name': 'informer', 'label_len': 48, 'features': 'M', 'target': 'OT', 'graph_input': False, 'individual': False, 'd_layers': 1, 'factor': 3, 'des': 'Exp', 'padding_patch': 'end', 'revin': 1, 'affine': 0, 'subtract_last': 0, 'decomposition': 0, 'kernel_size': 25, 'output_attention': 0, 'embed_type': 0, 'activation': 'gelu', 'distil': 1, 'linear_output': 0, 'pct_start': 0.3, 'indie': 0, '/*train related args*/': '//', 'epoch': 30, '/*dataset related args*/': '//', 'save_data_path': 'data/ECL/', 'data_process': False, 'embed': 'timeF', 'freq': 'h', 'begin_phase': 0, 'end_phase': 1, 'phase_len': 26304, 'val_ratio': 0.33, 'graph_size': 321, '/*strategy related args*/': '//', 'strategy': 'incremental', 'increase': False, 'detect': False, 'detect_strategy': 'feature', 'replay': False, 'replay_strategy': 'random', 'repaly_num_samples': 100, 'ewc': False, 'ewc_strategy': 'ewc', 'ewc_lambda': 0.0001, 'subgraph_train': False, 'num_hops': 2, 'logname': 'ECL-Informer', 'time': '2023-09-08-00:06:34.966599', 'path': 'exp/ECL-Informer2023-09-08-00:06:34.966599', 'num_workers': 4, 'start_train': 0, 'train_mode': 'pretrain', 'get_score': False, 'use_cm': True, 'logger': <Logger __main__ (INFO)>}
2023-09-08 00:06:34,976 - [*] phase 0 start training
train 34273
val 11329
test 11329
2023-09-08 00:06:35,263 - [*] phase 0 Dataset load!
dropout 0.05
dropout 0.05
1 True None
2023-09-08 00:06:36,773 - [*] phase 0 Training start
train 34273
2023-09-08 00:10:11,337 - epoch:0, training loss:0.3809 validation loss:0.4315
(34273, 1)
(34273, 1) True
train 34273
vs, vt 0.431478149351779 0.4728920606247495
Updating learning rate to 6.895944724363715e-06
Updating learning rate to 6.895944724363715e-06
(34273, 1)
(34273, 1) True
train 34273
vs, vt 0.3884059666666422 0.42424748323104355
need align? ->  False 0.42424748323104355
2023-09-08 00:17:51,493 - epoch:1, training loss:8.9306 validation loss:0.3884
Updating learning rate to 1.523434157051445e-05
Updating learning rate to 1.523434157051445e-05
(34273, 1)
(34273, 1) True
train 34273
vs, vt 0.3714711435474037 0.37506219845139577
need align? ->  False 0.37506219845139577
2023-09-08 00:23:29,618 - epoch:2, training loss:8.0756 validation loss:0.3715
Updating learning rate to 2.800904319027465e-05
Updating learning rate to 2.800904319027465e-05
(34273, 1)
(34273, 1) True
train 34273
vs, vt 0.3670868266248301 0.343890231311991
need align? ->  True 0.343890231311991
2023-09-08 00:28:44,355 - epoch:3, training loss:7.1615 validation loss:0.3671
Updating learning rate to 4.367859834359992e-05
Updating learning rate to 4.367859834359992e-05
(34273, 1)
(34273, 1) True
train 34273
vs, vt 0.3540133319041702 0.33168704326400594
need align? ->  True 0.33168704326400594
2023-09-08 00:34:26,244 - epoch:4, training loss:5.9397 validation loss:0.3540
Updating learning rate to 6.035225013134865e-05
Updating learning rate to 6.035225013134865e-05
(34273, 1)
(34273, 1) True
train 34273
vs, vt 0.32974316062552206 0.31487839631317704
need align? ->  True 0.31487839631317704
2023-09-08 00:39:42,488 - epoch:5, training loss:5.4448 validation loss:0.3297
Updating learning rate to 7.601808297307885e-05
Updating learning rate to 7.601808297307885e-05
(34273, 1)
(34273, 1) True
train 34273
vs, vt 0.32697095144330784 0.3043852224946022
need align? ->  True 0.3043852224946022
2023-09-08 00:45:23,363 - epoch:6, training loss:5.2075 validation loss:0.3270
Updating learning rate to 8.87857891200083e-05
Updating learning rate to 8.87857891200083e-05
(34273, 1)
(34273, 1) True
train 34273
vs, vt 0.32728704073455894 0.30127174679315494
need align? ->  True 0.30127174679315494
2023-09-08 00:50:43,020 - epoch:7, training loss:5.0299 validation loss:0.3273
Updating learning rate to 9.711476143636924e-05
Updating learning rate to 9.711476143636924e-05
(34273, 1)
(34273, 1) True
train 34273
vs, vt 0.3291358320733135 0.29370488954728907
need align? ->  True 0.29370488954728907
2023-09-08 00:56:23,578 - epoch:8, training loss:4.9382 validation loss:0.3291
Updating learning rate to 9.999999804524713e-05
Updating learning rate to 9.999999804524713e-05
(34273, 1)
(34273, 1) True
train 34273
vs, vt 0.32607975510064136 0.29212328816732663
need align? ->  True 0.29212328816732663
2023-09-08 01:01:45,050 - epoch:9, training loss:4.8321 validation loss:0.3261
Updating learning rate to 9.943945781951676e-05
Updating learning rate to 9.943945781951676e-05
(34273, 1)
(34273, 1) True
train 34273
vs, vt 0.3244519026929073 0.2960978954863013
need align? ->  True 0.29212328816732663
2023-09-08 01:07:26,563 - epoch:10, training loss:4.7992 validation loss:0.3245
Updating learning rate to 9.777452627001269e-05
Updating learning rate to 9.777452627001269e-05
(34273, 1)
(34273, 1) True
train 34273
vs, vt 0.32134312056423575 0.2890721595521723
need align? ->  True 0.2890721595521723
2023-09-08 01:12:46,592 - epoch:11, training loss:4.7053 validation loss:0.3213
Updating learning rate to 9.504239521633426e-05
Updating learning rate to 9.504239521633426e-05
(34273, 1)
(34273, 1) True
train 34273
vs, vt 0.3213088759378101 0.2885606689901834
need align? ->  True 0.2885606689901834
2023-09-08 01:18:28,708 - epoch:12, training loss:4.8289 validation loss:0.3213
Updating learning rate to 9.130409595150998e-05
Updating learning rate to 9.130409595150998e-05
(34273, 1)
(34273, 1) True
train 34273
vs, vt 0.31859795950102004 0.2850530147971062
need align? ->  True 0.2850530147971062
2023-09-08 01:22:34,389 - epoch:13, training loss:4.8623 validation loss:0.3186
Updating learning rate to 8.664313590376246e-05
Updating learning rate to 8.664313590376246e-05
(34273, 1)
(34273, 1) True
train 34273
vs, vt 0.3224701726537072 0.2972155241400338
need align? ->  True 0.2850530147971062
2023-09-08 01:24:40,164 - epoch:14, training loss:4.8596 validation loss:0.3225
Updating learning rate to 8.116363321855373e-05
Updating learning rate to 8.116363321855373e-05
(34273, 1)
(34273, 1) True
train 34273
vs, vt 0.319303075793419 0.2877219207584858
need align? ->  True 0.2850530147971062
2023-09-08 01:26:32,531 - epoch:15, training loss:4.8273 validation loss:0.3193
Updating learning rate to 7.498799093126576e-05
Updating learning rate to 7.498799093126576e-05
(34273, 1)
(34273, 1) True
train 34273
vs, vt 0.3243350620601284 0.2881669268598048
need align? ->  True 0.2850530147971062
2023-09-08 01:28:25,180 - epoch:16, training loss:4.8088 validation loss:0.3243
Updating learning rate to 6.825416268565484e-05
Updating learning rate to 6.825416268565484e-05
(34273, 1)
(34273, 1) False
train 34273
vs, vt 0.3209683168051618 0.2938883497976185
need align? ->  True 0.2850530147971062
2023-09-08 01:30:16,169 - epoch:17, training loss:4.7910 validation loss:0.3210
Updating learning rate to 6.111257107741174e-05
Updating learning rate to 6.111257107741174e-05
(34273, 1)
(34273, 1) False
train 34273
vs, vt 0.3276158977258071 0.29246754500638233
need align? ->  True 0.2850530147971062
2023-09-08 01:32:08,689 - epoch:18, training loss:4.7806 validation loss:0.3276
Updating learning rate to 5.372274746193971e-05
Updating learning rate to 5.372274746193971e-05
(34273, 1)
(34273, 1) True
train 34273
vs, vt 0.32817421355441717 0.2916198882242937
need align? ->  True 0.2850530147971062
2023-09-08 01:34:03,287 - epoch:19, training loss:4.7717 validation loss:0.3282
Updating learning rate to 4.6249768287492454e-05
Updating learning rate to 4.6249768287492454e-05
(34273, 1)
(34273, 1) False
train 34273
vs, vt 0.33156606148970263 0.29392827666375076
need align? ->  True 0.2850530147971062
2023-09-08 01:35:54,757 - epoch:20, training loss:4.7638 validation loss:0.3316
Updating learning rate to 3.8860567560100755e-05
Updating learning rate to 3.8860567560100755e-05
(34273, 1)
(34273, 1) True
train 34273
vs, vt 0.3354110543647509 0.2969372720782007
need align? ->  True 0.2850530147971062
2023-09-08 01:37:47,752 - epoch:21, training loss:4.7590 validation loss:0.3354
Updating learning rate to 3.1720207813727945e-05
Updating learning rate to 3.1720207813727945e-05
(34273, 1)
(34273, 1) False
train 34273
vs, vt 0.3350931340305323 0.2980711239526111
need align? ->  True 0.2850530147971062
2023-09-08 01:39:37,901 - epoch:22, training loss:4.7540 validation loss:0.3351
Updating learning rate to 2.498819288601863e-05
Updating learning rate to 2.498819288601863e-05
(34273, 1)
(34273, 1) True
train 34273
vs, vt 0.33530317611071503 0.29339771529429415
need align? ->  True 0.2850530147971062
2023-09-08 01:41:30,097 - epoch:23, training loss:4.7500 validation loss:0.3353
Updating learning rate to 1.8814904866138083e-05
Updating learning rate to 1.8814904866138083e-05
(34273, 1)
(34273, 1) False
train 34273
vs, vt 0.33598532330956354 0.29624885082077446
need align? ->  True 0.2850530147971062
2023-09-08 01:43:23,244 - epoch:24, training loss:4.7475 validation loss:0.3360
dropout 0.05
dropout 0.05
check exp/ECL-Informer2023-09-08-00:06:34.966599/0/0.3186_epoch_13.pkl  &  0.2850530147971062
2023-09-08 01:43:29,404 - [*] loss:0.8293
2023-09-08 01:43:29,425 - [*] phase 0, testing
2023-09-08 01:43:29,734 - T:192	MAE	0.658571	RMSE	0.829555	MAPE	298.815203
2023-09-08 01:43:29,735 - 192	mae	0.6586	
2023-09-08 01:43:29,735 - 192	rmse	0.8296	
2023-09-08 01:43:29,735 - 192	mape	298.8152	
2023-09-08 01:43:35,535 - [*] loss:0.8298
2023-09-08 01:43:35,557 - [*] phase 0, testing
2023-09-08 01:43:35,866 - T:192	MAE	0.658439	RMSE	0.830118	MAPE	297.020602
