2023-09-06 06:39:00,712 - logger name:exp/ECL-Autoformer2023-09-06-06:39:00.711941/ECL-Autoformer.log
2023-09-06 06:39:00,712 - params : {'loss': 'mse', 'conf': 'ECL-Autoformer', 'data_name': 'ETTm1', 'iteration': 1, 'train': 1, 'mainrs': 0, 'abl': 0, 'abl_tmp_context': 0, 'abl_ae': 0, 'no_tmp': 0, 'load': True, 'build_graph': False, 'same_init': True, 'grad_norm': False, 'refiner_residual': 0, 'root_path': '', 'exp_path': 'exp/', 'val_test_mix': False, 'lr': 0.0001, 'lradj': 'TST', 'dropout': 0.05, 'fc_dropout': 0.05, 'head_dropout': 0.0, 'patch_len': 16, 'stride': 8, 'd_ff': 512, 'd_model': 128, 'n_heads': 8, 'seq_len': 96, 'pred_len': 336, 'noise_rate': 0.5, 'device': device(type='cuda', index=1), 'test_model_path': '/Disk/fhyega/code/BASE/exp/ECL-PatchTST2023-08-26-13:08:31.837686/0/best_model.pkl', 'idx': -1, 'aligner': 0, 'always_align': 1, 'refiner': 0, 'rec_block_num': 1, 'enhance': 0, 'enhance_type': 5, 'seed': 34, 'batch_size': 64, 'share_head': 0, 'add_noise': 1, 'add_norm': 0, 'jitter_sigma': 0.4, 'slope_rate': 0.01, 'slope_range': 0.2, 'alpha': 10.0, 'beta': 1.0, 'gamma': 0.15, 'feature_jittering': 1, 'rec_intra_feature': 0, 'rec_ori': 1, 'mid_dim': 128, 'test_en': 0, 'debugger': 0, 'summary': 0, 'omega': 1.0, 'theta': 1.5, 'mask_border': 1, 'sup_weight': 10.0, 'rec_length_ratio': 0.8, 'ref_dropout': 0.0, 'ref_block_num': 1, 'add_FFN': 1, 'add_residual': 0, 'rec_all': 0, 'e_layers': 2, 'early_break': 0, 'early_stop': 10, '/* model related args*/': '//', 'model_name': 'Autoformer', 'label_len': 48, 'features': 'M', 'target': 'OT', 'graph_input': False, 'individual': False, 'd_layers': 1, 'factor': 3, 'des': 'Exp', 'padding_patch': 'end', 'revin': 1, 'affine': 0, 'subtract_last': 0, 'decomposition': 0, 'kernel_size': 25, 'output_attention': 0, 'embed_type': 0, 'activation': 'gelu', 'distil': 1, 'linear_output': 0, 'pct_start': 0.3, 'moving_avg': 25, 'indie': 0, '/*train related args*/': '//', 'epoch': 30, '/*dataset related args*/': '//', 'save_data_path': 'data/ECL/', 'data_process': False, 'embed': 'timeF', 'freq': 'h', 'begin_phase': 0, 'end_phase': 1, 'phase_len': 26304, 'val_ratio': 0.33, 'graph_size': 321, '/*strategy related args*/': '//', 'strategy': 'incremental', 'increase': False, 'detect': False, 'detect_strategy': 'feature', 'replay': False, 'replay_strategy': 'random', 'repaly_num_samples': 100, 'ewc': False, 'ewc_strategy': 'ewc', 'ewc_lambda': 0.0001, 'subgraph_train': False, 'num_hops': 2, 'logname': 'ECL-Autoformer', 'time': '2023-09-06-06:39:00.711941', 'path': 'exp/ECL-Autoformer2023-09-06-06:39:00.711941', 'num_workers': 4, 'start_train': 0, 'train_mode': 'pretrain', 'get_score': False, 'use_cm': True, 'logger': <Logger __main__ (INFO)>}
2023-09-06 06:39:00,712 - [*] phase 0 start training
train 34129
val 11185
test 11185
2023-09-06 06:39:00,995 - [*] phase 0 Dataset load!
0 True None
2023-09-06 06:39:01,275 - [*] phase 0 Training start
train 34129
2023-09-06 06:42:35,406 - epoch:0, training loss:0.7341 validation loss:1.0209
(34129, 1)
(34129, 1) True
train 34129
vs, vt 1.0209408385413035 1.0296133291721343
Updating learning rate to 6.895949192991724e-06
Updating learning rate to 6.895949192991724e-06
(34129, 1)
(34129, 1) True
train 34129
vs, vt 0.9250599814312799 0.9679573455878666
need align? ->  False 0.9679573455878666
2023-09-06 06:49:41,652 - epoch:1, training loss:0.7564 validation loss:0.9251
Updating learning rate to 1.5234358366617343e-05
Updating learning rate to 1.5234358366617343e-05
(34129, 1)
(34129, 1) True
train 34129
vs, vt 0.8864511048793793 0.9184169228587832
need align? ->  False 0.9184169228587832
2023-09-06 06:55:12,478 - epoch:2, training loss:0.6251 validation loss:0.8865
Updating learning rate to 2.8009077132660348e-05
Updating learning rate to 2.8009077132660348e-05
(34129, 1)
(34129, 1) True
train 34129
vs, vt 0.8777176432098661 0.9407809121268136
need align? ->  False 0.9184169228587832
2023-09-06 07:00:40,812 - epoch:3, training loss:0.6018 validation loss:0.8777
Updating learning rate to 4.367864980356998e-05
Updating learning rate to 4.367864980356998e-05
(34129, 1)
(34129, 1) True
train 34129
vs, vt 0.9137879586219788 0.9789584273099899
need align? ->  False 0.9184169228587832
2023-09-06 07:06:08,645 - epoch:4, training loss:0.5730 validation loss:0.9138
Updating learning rate to 6.035231444889432e-05
Updating learning rate to 6.035231444889432e-05
(34129, 1)
(34129, 1) True
train 34129
vs, vt 0.9511347718749728 1.0093483323710306
need align? ->  True 0.9184169228587832
2023-09-06 07:11:35,771 - epoch:5, training loss:0.5407 validation loss:0.9511
Updating learning rate to 7.601815083222329e-05
Updating learning rate to 7.601815083222329e-05
(34129, 1)
(34129, 1) True
train 34129
vs, vt 0.9141862504822867 0.9921880354200091
need align? ->  False 0.9184169228587832
2023-09-06 07:17:13,587 - epoch:6, training loss:0.5173 validation loss:0.9142
Updating learning rate to 8.878584786056352e-05
Updating learning rate to 8.878584786056352e-05
(34129, 1)
(34129, 1) True
train 34129
vs, vt 0.9145965559993472 0.9811743234736579
need align? ->  False 0.9184169228587832
2023-09-06 07:22:37,443 - epoch:7, training loss:0.5018 validation loss:0.9146
Updating learning rate to 9.711479712118226e-05
Updating learning rate to 9.711479712118226e-05
(34129, 1)
(34129, 1) True
train 34129
vs, vt 0.9374044882399696 0.9761566022464208
need align? ->  True 0.9184169228587832
2023-09-06 07:28:03,720 - epoch:8, training loss:0.4898 validation loss:0.9374
Updating learning rate to 9.99999980305498e-05
Updating learning rate to 9.99999980305498e-05
(34129, 1)
(34129, 1) True
train 34129
vs, vt 0.9390618218694414 1.0062197186265673
need align? ->  True 0.9184169228587832
2023-09-06 07:33:27,621 - epoch:9, training loss:0.4795 validation loss:0.9391
Updating learning rate to 9.943944998587439e-05
Updating learning rate to 9.943944998587439e-05
(34129, 1)
(34129, 1) True
train 34129
vs, vt 0.9448981153113502 1.0029772557531085
need align? ->  True 0.9184169228587832
2023-09-06 07:39:01,765 - epoch:10, training loss:0.4698 validation loss:0.9449
Updating learning rate to 9.777451079241591e-05
Updating learning rate to 9.777451079241591e-05
(34129, 1)
(34129, 1) True
train 34129
vs, vt 0.960626031245504 0.9921200085537775
need align? ->  True 0.9184169228587832
2023-09-06 07:44:33,036 - epoch:11, training loss:0.4621 validation loss:0.9606
Updating learning rate to 9.504237244052699e-05
Updating learning rate to 9.504237244052699e-05
(34129, 1)
(34129, 1) True
train 34129
vs, vt 0.9533530681473869 0.9854784754344396
need align? ->  True 0.9184169228587832
2023-09-06 07:49:59,701 - epoch:12, training loss:0.4564 validation loss:0.9534
Updating learning rate to 9.130406638626615e-05
Updating learning rate to 9.130406638626615e-05
(34129, 1)
(34129, 1) True
train 34129
vs, vt 0.9721084126404353 0.9610082788126809
need align? ->  True 0.9184169228587832
2023-09-06 07:55:21,823 - epoch:13, training loss:0.4485 validation loss:0.9721
Updating learning rate to 8.664310020952074e-05
Updating learning rate to 8.664310020952074e-05
(34129, 1)
(34129, 1) True
train 34129
vs, vt 0.9735068048749651 0.9430551811626979
need align? ->  True 0.9184169228587832
2023-09-06 08:00:48,945 - epoch:14, training loss:0.4421 validation loss:0.9735
check exp/ECL-Autoformer2023-09-06-06:39:00.711941/0/0.8777_epoch_3.pkl  &  0.9184169228587832
2023-09-06 08:01:31,000 - [*] loss:0.6422
2023-09-06 08:01:31,027 - [*] phase 0, testing
2023-09-06 08:01:31,461 - T:336	MAE	0.533868	RMSE	0.642237	MAPE	281.335163
2023-09-06 08:01:31,462 - 336	mae	0.5339	
2023-09-06 08:01:31,462 - 336	rmse	0.6422	
2023-09-06 08:01:31,462 - 336	mape	281.3352	
2023-09-06 08:02:11,470 - [*] loss:0.6422
2023-09-06 08:02:11,496 - [*] phase 0, testing
2023-09-06 08:02:11,924 - T:336	MAE	0.533868	RMSE	0.642237	MAPE	281.335163
2023-09-06 08:02:52,499 - [*] loss:0.6422
2023-09-06 08:02:52,526 - [*] phase 0, testing
2023-09-06 08:02:52,959 - T:336	MAE	0.533868	RMSE	0.642237	MAPE	281.335163
2023-09-06 08:03:35,183 - [*] loss:0.6651
2023-09-06 08:03:35,209 - [*] phase 0, testing
2023-09-06 08:03:35,639 - T:336	MAE	0.539253	RMSE	0.665181	MAPE	281.880069
2023-09-06 08:03:35,640 - 336	mae	0.5393	
2023-09-06 08:03:35,640 - 336	rmse	0.6652	
2023-09-06 08:03:35,640 - 336	mape	281.8801	
