2023-09-07 20:59:37,412 - logger name:exp/ECL-FEDformer2023-09-07-20:59:37.411948/ECL-FEDformer.log
2023-09-07 20:59:37,412 - params : {'loss': 'mse', 'conf': 'ECL-FEDformer', 'data_name': 'ETTm1', 'iteration': 1, 'train': 1, 'mainrs': 0, 'abl': 0, 'abl_tmp_context': 0, 'abl_ae': 0, 'no_tmp': 0, 'load': True, 'build_graph': False, 'same_init': True, 'grad_norm': False, 'refiner_residual': 0, 'root_path': '', 'exp_path': 'exp/', 'val_test_mix': False, 'lr': 0.0001, 'lradj': 'TST', 'dropout': 0.05, 'fc_dropout': 0.05, 'head_dropout': 0.0, 'patch_len': 16, 'stride': 8, 'd_ff': 512, 'd_model': 128, 'n_heads': 8, 'seq_len': 96, 'pred_len': 192, 'noise_rate': 0.5, 'device': device(type='cuda', index=0), 'test_model_path': '/Disk/fhyega/code/BASE/exp/ECL-PatchTST2023-08-26-13:08:31.837686/0/best_model.pkl', 'idx': -1, 'aligner': 0, 'always_align': 1, 'refiner': 0, 'rec_block_num': 1, 'enhance': 0, 'enhance_type': 5, 'seed': 34, 'batch_size': 64, 'share_head': 0, 'add_noise': 1, 'add_norm': 0, 'jitter_sigma': 0.4, 'slope_rate': 0.01, 'slope_range': 0.2, 'alpha': 10.0, 'beta': 1.0, 'gamma': 0.15, 'feature_jittering': 1, 'rec_intra_feature': 0, 'rec_ori': 1, 'mid_dim': 128, 'test_en': 0, 'debugger': 0, 'summary': 0, 'omega': 1.0, 'theta': 1.5, 'mask_border': 1, 'sup_weight': 10.0, 'rec_length_ratio': 0.8, 'ref_dropout': 0.0, 'ref_block_num': 1, 'add_FFN': 1, 'add_residual': 0, 'rec_all': 0, 'e_layers': 2, 'early_break': 0, 'early_stop': 10, '/* model related args*/': '//', 'model_name': 'FEDformer', 'label_len': 48, 'features': 'M', 'target': 'OT', 'graph_input': False, 'individual': False, 'd_layers': 1, 'factor': 1, 'des': 'Exp', 'padding_patch': 'end', 'revin': 1, 'affine': 0, 'subtract_last': 0, 'decomposition': 0, 'kernel_size': 25, 'output_attention': 0, 'embed_type': 0, 'activation': 'gelu', 'distil': 1, 'linear_output': 0, 'pct_start': 0.2, 'num_kernels': 6, 'top_k': 5, 'moving_avg': 25, 'indie': 0, '/*train related args*/': '//', 'epoch': 30, '/*dataset related args*/': '//', 'save_data_path': 'data/ECL/', 'data_process': True, 'embed': 'timeF', 'freq': 'h', 'begin_phase': 0, 'end_phase': 1, 'phase_len': -1, 'val_ratio': 0.33, 'graph_size': 321, '/*strategy related args*/': '//', 'strategy': 'incremental', 'increase': False, 'detect': False, 'detect_strategy': 'feature', 'replay': False, 'replay_strategy': 'random', 'repaly_num_samples': 100, 'ewc': False, 'ewc_strategy': 'ewc', 'ewc_lambda': 0.0001, 'subgraph_train': False, 'num_hops': 2, 'logname': 'ECL-FEDformer', 'time': '2023-09-07-20:59:37.411948', 'path': 'exp/ECL-FEDformer2023-09-07-20:59:37.411948', 'num_workers': 4, 'start_train': 0, 'train_mode': 'pretrain', 'get_score': False, 'use_cm': True, 'logger': <Logger __main__ (INFO)>}
2023-09-07 20:59:37,412 - [*] phase 0 start training
0 69680
train 34273
val 11329
test 11329
2023-09-07 20:59:38,239 - [*] phase 0 Dataset load!
dropout 0.05
dropout 0.05
fourier enhanced block used!
modes=32, index=[0, 1, 2, 3, 6, 7, 8, 9, 10, 12, 13, 15, 16, 17, 19, 22, 23, 24, 26, 27, 28, 30, 31, 34, 37, 39, 40, 43, 44, 45, 46, 47]
fourier enhanced block used!
modes=32, index=[2, 7, 10, 12, 26, 30, 32, 33, 34, 41, 46, 47, 50, 51, 52, 55, 56, 68, 69, 71, 74, 75, 78, 82, 83, 85, 92, 97, 108, 110, 111, 114]
 fourier enhanced cross attention used!
modes_q=32, index_q=[0, 2, 6, 14, 16, 17, 20, 27, 30, 36, 49, 50, 51, 59, 60, 61, 67, 73, 75, 76, 77, 79, 82, 84, 85, 92, 96, 103, 105, 107, 112, 114]
modes_kv=32, index_kv=[1, 3, 7, 8, 9, 11, 13, 15, 17, 21, 23, 24, 25, 26, 27, 29, 30, 32, 33, 34, 35, 36, 37, 38, 39, 40, 41, 42, 43, 44, 45, 47]
0 True None
2023-09-07 20:59:38,374 - [*] phase 0 Training start
train 34273
2023-09-07 21:01:35,662 - epoch:0, training loss:0.8218 validation loss:1.0004
(34273, 1)
(34273, 1) True
train 34273
vs, vt 1.0003929173343638 1.0052784867166134
Updating learning rate to 1.0434697148810579e-05
Updating learning rate to 1.0434697148810579e-05
(34273, 1)
(34273, 1) True
train 34273
vs, vt 0.8731571689582942 0.876763382319654
need align? ->  False 0.876763382319654
2023-09-07 21:07:01,578 - epoch:1, training loss:0.7411 validation loss:0.8732
Updating learning rate to 2.801356662037103e-05
Updating learning rate to 2.801356662037103e-05
(34273, 1)
(34273, 1) True
train 34273
vs, vt 0.6566180507704783 0.8414777072795322
need align? ->  False 0.8414777072795322
2023-09-07 21:10:54,132 - epoch:2, training loss:0.6190 validation loss:0.6566
Updating learning rate to 5.202349586184953e-05
Updating learning rate to 5.202349586184953e-05
(34273, 1)
(34273, 1) True
train 34273
vs, vt 0.6147343260183763 0.6959732827427012
need align? ->  False 0.6959732827427012
2023-09-07 21:14:46,579 - epoch:3, training loss:0.5477 validation loss:0.6147
Updating learning rate to 7.602712557185922e-05
Updating learning rate to 7.602712557185922e-05
(34273, 1)
(34273, 1) True
train 34273
vs, vt 0.597499996340007 0.638409852269995
need align? ->  False 0.638409852269995
2023-09-07 21:18:39,726 - epoch:4, training loss:0.5269 validation loss:0.5975
Updating learning rate to 9.35887854313957e-05
Updating learning rate to 9.35887854313957e-05
(34273, 1)
(34273, 1) True
train 34273
vs, vt 0.599677421654878 0.6203186298940289
need align? ->  False 0.6203186298940289
2023-09-07 21:22:32,892 - epoch:5, training loss:0.5021 validation loss:0.5997
Updating learning rate to 9.999999850339233e-05
Updating learning rate to 9.999999850339233e-05
(34273, 1)
(34273, 1) True
train 34273
vs, vt 0.6013311404274421 0.623534985472647
need align? ->  False 0.6203186298940289
2023-09-07 21:26:27,141 - epoch:6, training loss:0.4815 validation loss:0.6013
Updating learning rate to 9.957064649497094e-05
Updating learning rate to 9.957064649497094e-05
(34273, 1)
(34273, 1) True
train 34273
vs, vt 0.6056021186575461 0.6156808202772328
need align? ->  False 0.6156808202772328
2023-09-07 21:30:20,822 - epoch:7, training loss:0.4723 validation loss:0.6056
Updating learning rate to 9.829313040349635e-05
Updating learning rate to 9.829313040349635e-05
(34273, 1)
(34273, 1) True
train 34273
vs, vt 0.6016481829325805 0.6153383194730523
need align? ->  False 0.6153383194730523
2023-09-07 21:34:14,843 - epoch:8, training loss:0.4599 validation loss:0.6016
Updating learning rate to 9.618930888348809e-05
Updating learning rate to 9.618930888348809e-05
(34273, 1)
(34273, 1) True
train 34273
vs, vt 0.6051367049974002 0.6104077426402756
need align? ->  False 0.6104077426402756
2023-09-07 21:38:07,905 - epoch:9, training loss:0.4516 validation loss:0.6051
Updating learning rate to 9.329517890444304e-05
Updating learning rate to 9.329517890444304e-05
(34273, 1)
(34273, 1) True
train 34273
vs, vt 0.6103664141022758 0.6065814968491539
need align? ->  True 0.6065814968491539
2023-09-07 21:42:02,595 - epoch:10, training loss:0.4478 validation loss:0.6104
Updating learning rate to 8.966025983270703e-05
Updating learning rate to 8.966025983270703e-05
(34273, 1)
(34273, 1) True
train 34273
vs, vt 0.6089291022567267 0.6013658841171962
need align? ->  True 0.6013658841171962
2023-09-07 21:45:54,916 - epoch:11, training loss:0.4449 validation loss:0.6089
Updating learning rate to 8.534674614138748e-05
Updating learning rate to 8.534674614138748e-05
(34273, 1)
(34273, 1) True
train 34273
vs, vt 0.6012457503696506 0.6008922962492771
need align? ->  True 0.6008922962492771
2023-09-07 21:49:47,881 - epoch:12, training loss:0.4416 validation loss:0.6012
Updating learning rate to 8.042844324567477e-05
Updating learning rate to 8.042844324567477e-05
(34273, 1)
(34273, 1) True
train 34273
vs, vt 0.6091372641117385 0.5975863645167163
need align? ->  True 0.5975863645167163
2023-09-07 21:53:40,820 - epoch:13, training loss:0.4387 validation loss:0.6091
Updating learning rate to 7.498950467172574e-05
Updating learning rate to 7.498950467172574e-05
(34273, 1)
(34273, 1) True
train 34273
vs, vt 0.6046358570037933 0.6002724173196247
need align? ->  True 0.5975863645167163
2023-09-07 21:57:34,193 - epoch:14, training loss:0.4357 validation loss:0.6046
Updating learning rate to 6.912299216649929e-05
Updating learning rate to 6.912299216649929e-05
(34273, 1)
(34273, 1) True
train 34273
vs, vt 0.5984011040477271 0.5974515711658457
need align? ->  True 0.5974515711658457
2023-09-07 22:01:26,088 - epoch:15, training loss:0.4335 validation loss:0.5984
dropout 0.05
dropout 0.05
fourier enhanced block used!
modes=32, index=[0, 1, 2, 4, 5, 6, 7, 8, 9, 10, 12, 14, 15, 16, 17, 18, 19, 21, 22, 24, 25, 27, 29, 33, 34, 35, 36, 37, 39, 42, 43, 46]
fourier enhanced block used!
modes=32, index=[0, 3, 5, 9, 15, 16, 19, 25, 30, 33, 34, 46, 49, 53, 58, 63, 67, 69, 70, 73, 80, 82, 98, 99, 101, 103, 107, 109, 112, 114, 116, 117]
 fourier enhanced cross attention used!
modes_q=32, index_q=[3, 5, 6, 7, 8, 10, 11, 16, 18, 25, 28, 29, 31, 35, 41, 45, 46, 65, 66, 69, 72, 83, 84, 86, 93, 99, 104, 105, 106, 109, 114, 117]
modes_kv=32, index_kv=[0, 3, 5, 6, 7, 8, 11, 12, 13, 14, 15, 16, 17, 18, 19, 20, 21, 22, 25, 26, 27, 28, 29, 33, 36, 38, 39, 40, 41, 42, 44, 47]
check exp/ECL-FEDformer2023-09-07-20:59:37.411948/0/0.5975_epoch_4.pkl  &  0.5974515711658457
2023-09-07 22:01:34,681 - [*] loss:2.2265
2023-09-07 22:01:34,696 - [*] phase 0, testing
2023-09-07 22:01:34,946 - T:192	MAE	0.947795	RMSE	2.228590	MAPE	573.209095
2023-09-07 22:01:34,946 - 192	mae	0.9478	
2023-09-07 22:01:34,946 - 192	rmse	2.2286	
2023-09-07 22:01:34,946 - 192	mape	573.2091	
2023-09-07 22:01:43,506 - [*] loss:2.2265
2023-09-07 22:01:43,522 - [*] phase 0, testing
2023-09-07 22:01:43,766 - T:192	MAE	0.947795	RMSE	2.228590	MAPE	573.209095
