2023-09-07 09:08:39,901 - logger name:exp/ECL-Autoformer2023-09-07-09:08:39.901281/ECL-Autoformer.log
2023-09-07 09:08:39,901 - params : {'loss': 'huber', 'conf': 'ECL-Autoformer', 'data_name': 'ETTm1', 'iteration': 1, 'train': 1, 'mainrs': 0, 'abl': 0, 'abl_tmp_context': 0, 'abl_ae': 0, 'no_tmp': 0, 'load': True, 'build_graph': False, 'same_init': True, 'grad_norm': False, 'refiner_residual': 0, 'root_path': '', 'exp_path': 'exp/', 'val_test_mix': False, 'lr': 0.0001, 'lradj': 'TST', 'dropout': 0.05, 'fc_dropout': 0.05, 'head_dropout': 0.0, 'patch_len': 16, 'stride': 8, 'd_ff': 512, 'd_model': 128, 'n_heads': 8, 'seq_len': 96, 'pred_len': 192, 'noise_rate': 0.5, 'device': device(type='cuda', index=1), 'test_model_path': '/Disk/fhyega/code/BASE/exp/ECL-PatchTST2023-08-26-13:08:31.837686/0/best_model.pkl', 'idx': -1, 'aligner': 1, 'always_align': 1, 'refiner': 1, 'rec_block_num': 1, 'enhance': 1, 'enhance_type': 5, 'seed': 34, 'batch_size': 64, 'share_head': 0, 'add_noise': 1, 'add_norm': 0, 'jitter_sigma': 0.4, 'slope_rate': 0.01, 'slope_range': 0.2, 'alpha': 10.0, 'beta': 1.0, 'gamma': 0.15, 'feature_jittering': 1, 'rec_intra_feature': 0, 'rec_ori': 1, 'mid_dim': 128, 'test_en': 0, 'debugger': 0, 'summary': 0, 'omega': 1.0, 'theta': 1.5, 'mask_border': 1, 'sup_weight': 10.0, 'rec_length_ratio': 0.8, 'ref_dropout': 0.0, 'ref_block_num': 1, 'add_FFN': 1, 'add_residual': 0, 'rec_all': 0, 'e_layers': 2, 'early_break': 0, 'early_stop': 10, '/* model related args*/': '//', 'model_name': 'Autoformer', 'label_len': 48, 'features': 'M', 'target': 'OT', 'graph_input': False, 'individual': False, 'd_layers': 1, 'factor': 3, 'des': 'Exp', 'padding_patch': 'end', 'revin': 1, 'affine': 0, 'subtract_last': 0, 'decomposition': 0, 'kernel_size': 25, 'output_attention': 0, 'embed_type': 0, 'activation': 'gelu', 'distil': 1, 'linear_output': 0, 'pct_start': 0.3, 'moving_avg': 25, 'indie': 0, '/*train related args*/': '//', 'epoch': 30, '/*dataset related args*/': '//', 'save_data_path': 'data/ECL/', 'data_process': False, 'embed': 'timeF', 'freq': 'h', 'begin_phase': 0, 'end_phase': 1, 'phase_len': 26304, 'val_ratio': 0.33, 'graph_size': 321, '/*strategy related args*/': '//', 'strategy': 'incremental', 'increase': False, 'detect': False, 'detect_strategy': 'feature', 'replay': False, 'replay_strategy': 'random', 'repaly_num_samples': 100, 'ewc': False, 'ewc_strategy': 'ewc', 'ewc_lambda': 0.0001, 'subgraph_train': False, 'num_hops': 2, 'logname': 'ECL-Autoformer', 'time': '2023-09-07-09:08:39.901281', 'path': 'exp/ECL-Autoformer2023-09-07-09:08:39.901281', 'num_workers': 4, 'start_train': 0, 'train_mode': 'pretrain', 'get_score': False, 'use_cm': True, 'logger': <Logger __main__ (INFO)>}
2023-09-07 09:08:39,901 - [*] phase 0 start training
train 34273
val 11329
test 11329
2023-09-07 09:08:40,193 - [*] phase 0 Dataset load!
1 True None
2023-09-07 09:08:40,678 - [*] phase 0 Training start
train 34273
2023-09-07 09:13:24,359 - epoch:0, training loss:0.2840 validation loss:0.3482
(34273, 1)
(34273, 1) True
train 34273
vs, vt 0.34819712447986173 0.35004948853944123
Updating learning rate to 6.895944724363715e-06
Updating learning rate to 6.895944724363715e-06
(34273, 1)
(34273, 1) True
train 34273
vs, vt 0.3151955083012581 0.33123356761055045
need align? ->  False 0.33123356761055045
2023-09-07 09:22:14,011 - epoch:1, training loss:21.2590 validation loss:0.3152
Updating learning rate to 1.523434157051445e-05
Updating learning rate to 1.523434157051445e-05
(34273, 1)
(34273, 1) True
train 34273
vs, vt 0.30152625988206166 0.31737681729405115
need align? ->  False 0.31737681729405115
2023-09-07 09:29:29,231 - epoch:2, training loss:17.6364 validation loss:0.3015
Updating learning rate to 2.800904319027465e-05
Updating learning rate to 2.800904319027465e-05
(34273, 1)
(34273, 1) True
train 34273
vs, vt 0.2992379439764478 0.3158034118038885
need align? ->  False 0.3158034118038885
2023-09-07 09:36:48,033 - epoch:3, training loss:12.9936 validation loss:0.2992
Updating learning rate to 4.367859834359992e-05
Updating learning rate to 4.367859834359992e-05
(34273, 1)
(34273, 1) True
train 34273
vs, vt 0.29504951880721564 0.3138812699177292
need align? ->  False 0.3138812699177292
2023-09-07 09:43:36,863 - epoch:4, training loss:12.1329 validation loss:0.2950
Updating learning rate to 6.035225013134865e-05
Updating learning rate to 6.035225013134865e-05
(34273, 1)
(34273, 1) True
train 34273
vs, vt 0.2839743801382151 0.3027447640812129
need align? ->  False 0.3027447640812129
2023-09-07 09:50:34,116 - epoch:5, training loss:10.8175 validation loss:0.2840
Updating learning rate to 7.601808297307885e-05
Updating learning rate to 7.601808297307885e-05
(34273, 1)
(34273, 1) True
train 34273
vs, vt 0.2824454317811165 0.2966906377689892
need align? ->  False 0.2966906377689892
2023-09-07 09:57:57,696 - epoch:6, training loss:9.5101 validation loss:0.2824
Updating learning rate to 8.87857891200083e-05
Updating learning rate to 8.87857891200083e-05
(34273, 1)
(34273, 1) True
train 34273
vs, vt 0.2821535339181343 0.30088418144523427
need align? ->  False 0.2966906377689892
2023-09-07 10:04:58,210 - epoch:7, training loss:8.6587 validation loss:0.2822
Updating learning rate to 9.711476143636924e-05
Updating learning rate to 9.711476143636924e-05
(34273, 1)
(34273, 1) True
train 34273
vs, vt 0.2828371579643716 0.30629255580768155
need align? ->  False 0.2966906377689892
2023-09-07 10:11:38,121 - epoch:8, training loss:8.0241 validation loss:0.2828
Updating learning rate to 9.999999804524713e-05
Updating learning rate to 9.999999804524713e-05
(34273, 1)
(34273, 1) True
train 34273
vs, vt 0.2918855580762866 0.30551839402217545
need align? ->  False 0.2966906377689892
2023-09-07 10:18:57,584 - epoch:9, training loss:7.4895 validation loss:0.2919
Updating learning rate to 9.943945781951676e-05
Updating learning rate to 9.943945781951676e-05
(34273, 1)
(34273, 1) True
train 34273
vs, vt 0.28800383823390086 0.30951874795254697
need align? ->  False 0.2966906377689892
2023-09-07 10:26:13,775 - epoch:10, training loss:7.1101 validation loss:0.2880
Updating learning rate to 9.777452627001269e-05
Updating learning rate to 9.777452627001269e-05
(34273, 1)
(34273, 1) True
train 34273
vs, vt 0.2908269324329462 0.3058431749598364
need align? ->  False 0.2966906377689892
2023-09-07 10:32:52,347 - epoch:11, training loss:6.8228 validation loss:0.2908
Updating learning rate to 9.504239521633426e-05
Updating learning rate to 9.504239521633426e-05
(34273, 1)
(34273, 1) True
train 34273
vs, vt 0.29049730095803067 0.31216388555724967
need align? ->  False 0.2966906377689892
2023-09-07 10:39:59,528 - epoch:12, training loss:6.6047 validation loss:0.2905
Updating learning rate to 9.130409595150998e-05
Updating learning rate to 9.130409595150998e-05
(34273, 1)
(34273, 1) True
train 34273
vs, vt 0.29233006074020035 0.3155367365630155
need align? ->  False 0.2966906377689892
2023-09-07 10:47:25,874 - epoch:13, training loss:6.4212 validation loss:0.2923
Updating learning rate to 8.664313590376246e-05
Updating learning rate to 8.664313590376246e-05
(34273, 1)
(34273, 1) True
train 34273
vs, vt 0.2911224625167552 0.31451466436801334
need align? ->  False 0.2966906377689892
2023-09-07 10:54:04,738 - epoch:14, training loss:6.2814 validation loss:0.2911
Updating learning rate to 8.116363321855373e-05
Updating learning rate to 8.116363321855373e-05
(34273, 1)
(34273, 1) True
train 34273
vs, vt 0.2936744961594598 0.3157506383369478
need align? ->  False 0.2966906377689892
2023-09-07 11:01:03,631 - epoch:15, training loss:6.1574 validation loss:0.2937
Updating learning rate to 7.498799093126576e-05
Updating learning rate to 7.498799093126576e-05
(34273, 1)
(34273, 1) True
train 34273
vs, vt 0.29579859486456667 0.31526190360610407
need align? ->  False 0.2966906377689892
2023-09-07 11:08:29,293 - epoch:16, training loss:6.0695 validation loss:0.2958
Updating learning rate to 6.825416268565484e-05
Updating learning rate to 6.825416268565484e-05
(34273, 1)
(34273, 1) True
train 34273
vs, vt 0.2975357382485036 0.3143789458475756
need align? ->  True 0.2966906377689892
2023-09-07 11:15:19,835 - epoch:17, training loss:6.0123 validation loss:0.2975
Updating learning rate to 6.111257107741174e-05
Updating learning rate to 6.111257107741174e-05
(34273, 1)
(34273, 1) True
train 34273
vs, vt 0.2966912808210662 0.3166763909747092
need align? ->  True 0.2966906377689892
2023-09-07 11:22:08,123 - epoch:18, training loss:5.9571 validation loss:0.2967
check exp/ECL-Autoformer2023-09-07-09:08:39.901281/0/0.2822_epoch_7.pkl  &  0.2966906377689892
2023-09-07 11:22:59,051 - [*] loss:0.5771
2023-09-07 11:22:59,068 - [*] phase 0, testing
2023-09-07 11:22:59,312 - T:192	MAE	0.497914	RMSE	0.578216	MAPE	265.087199
