2023-09-06 23:20:50,639 - logger name:exp/ECL-PatchTST2023-09-06-23:20:50.634350/ECL-PatchTST.log
2023-09-06 23:20:50,639 - params : {'loss': 'huber', 'conf': 'ECL-PatchTST', 'data_name': 'ETTm1', 'iteration': 1, 'train': 1, 'mainrs': 0, 'abl': 0, 'abl_tmp_context': 0, 'abl_ae': 0, 'no_tmp': 0, 'load': True, 'build_graph': False, 'same_init': True, 'grad_norm': False, 'refiner_residual': 0, 'root_path': '', 'exp_path': 'exp/', 'val_test_mix': False, 'lr': 0.0001, 'lradj': 'TST', 'dropout': 0.2, 'fc_dropout': 0.2, 'head_dropout': 0.0, 'patch_len': 16, 'stride': 8, 'd_ff': 256, 'd_model': 128, 'n_heads': 16, 'seq_len': 336, 'pred_len': 720, 'noise_rate': 0.5, 'device': device(type='cuda', index=0), 'test_model_path': '/Disk/fhyega/code/BASE/exp/ECL-PatchTST2023-08-26-13:08:31.837686/0/best_model.pkl', 'idx': -1, 'aligner': 1, 'always_align': 1, 'refiner': 1, 'rec_block_num': 1, 'enhance': 1, 'enhance_type': 5, 'seed': 34, 'batch_size': 64, 'share_head': 0, 'add_noise': 1, 'add_norm': 0, 'jitter_sigma': 0.4, 'slope_rate': 0.01, 'slope_range': 0.2, 'alpha': 10.0, 'beta': 1.0, 'gamma': 0.15, 'feature_jittering': 1, 'rec_intra_feature': 0, 'rec_ori': 1, 'mid_dim': 128, 'test_en': 0, 'debugger': 0, 'summary': 0, 'omega': 1.0, 'theta': 1.5, 'mask_border': 1, 'sup_weight': 0.0, 'rec_length_ratio': 0.8, 'ref_dropout': 0.0, 'ref_block_num': 1, 'add_FFN': 1, 'add_residual': 0, 'rec_all': 0, 'e_layers': 3, 'early_break': 0, 'early_stop': 10, '/* model related args*/': '//', 'model_name': 'PatchTST', 'label_len': 48, 'features': 'M', 'target': 'OT', 'graph_input': False, 'individual': False, 'd_layers': 1, 'factor': 1, 'des': 'Exp', 'padding_patch': 'end', 'revin': 1, 'affine': 0, 'subtract_last': 0, 'decomposition': 0, 'kernel_size': 25, 'output_attention': 0, 'embed_type': 0, 'activation': 'gelu', 'distil': 1, 'linear_output': 1, 'pct_start': 0.2, 'indie': 1, '/*train related args*/': '//', 'epoch': 30, '/*dataset related args*/': '//', 'save_data_path': 'data/ECL/', 'data_process': True, 'embed': 'timeF', 'freq': 'h', 'begin_phase': 0, 'end_phase': 1, 'phase_len': -1, 'val_ratio': 0.33, 'graph_size': 321, '/*strategy related args*/': '//', 'strategy': 'incremental', 'increase': False, 'detect': False, 'detect_strategy': 'feature', 'replay': False, 'replay_strategy': 'random', 'repaly_num_samples': 100, 'ewc': False, 'ewc_strategy': 'ewc', 'ewc_lambda': 0.0001, 'subgraph_train': False, 'num_hops': 2, 'logname': 'ECL-PatchTST', 'time': '2023-09-06-23:20:50.634350', 'path': 'exp/ECL-PatchTST2023-09-06-23:20:50.634350', 'num_workers': 4, 'start_train': 0, 'train_mode': 'pretrain', 'get_score': False, 'use_cm': True, 'logger': <Logger __main__ (INFO)>}
2023-09-06 23:20:50,639 - [*] phase 0 start training
0 69680
train 33505
val 10801
test 10801
2023-09-06 23:20:51,486 - [*] phase 0 Dataset load!
1 True None
2023-09-06 23:20:52,471 - [*] phase 0 Training start
train 33505
2023-09-06 23:23:29,047 - epoch:0, training loss:0.2179 validation loss:0.3430
(33505, 7)
(33505, 7) True
train 33505
vs, vt 0.3429896181680747 0.3470097526731576
Updating learning rate to 1.0434787053479493e-05
Updating learning rate to 1.0434787053479493e-05
(33505, 7)
(33505, 7) True
train 33505
vs, vt 0.34224845927495223 0.3426770286623543
need align? ->  False 0.3426770286623543
2023-09-06 23:28:31,917 - epoch:1, training loss:2.5345 validation loss:0.3422
Updating learning rate to 2.8013878029600176e-05
Updating learning rate to 2.8013878029600176e-05
(33505, 7)
(33505, 7) False
train 33505
vs, vt 0.34241035170632705 0.34336106646695785
need align? ->  False 0.3426770286623543
2023-09-06 23:32:32,704 - epoch:2, training loss:1.3322 validation loss:0.3424
Updating learning rate to 5.202403513565041e-05
Updating learning rate to 5.202403513565041e-05
(33505, 7)
(33505, 7) True
train 33505
vs, vt 0.34440206881810925 0.3495686140197974
need align? ->  True 0.3426770286623543
2023-09-06 23:36:09,440 - epoch:3, training loss:1.1145 validation loss:0.3444
Updating learning rate to 7.602774803421264e-05
Updating learning rate to 7.602774803421264e-05
(33505, 7)
(33505, 7) True
train 33505
vs, vt 0.3409121614941478 0.34800239771428193
need align? ->  False 0.3426770286623543
2023-09-06 23:40:17,197 - epoch:4, training loss:1.0382 validation loss:0.3409
Updating learning rate to 9.35892341838241e-05
Updating learning rate to 9.35892341838241e-05
(33505, 7)
(33505, 7) True
train 33505
vs, vt 0.340943553876242 0.3489484589039927
need align? ->  False 0.3426770286623543
2023-09-06 23:44:07,232 - epoch:5, training loss:0.9958 validation loss:0.3409
Updating learning rate to 9.999999843392645e-05
Updating learning rate to 9.999999843392645e-05
(33505, 7)
(33505, 7) True
train 33505
vs, vt 0.3451032241773323 0.3524495131782526
need align? ->  True 0.3426770286623543
2023-09-06 23:48:00,017 - epoch:6, training loss:0.9754 validation loss:0.3451
Updating learning rate to 9.957060978821996e-05
Updating learning rate to 9.957060978821996e-05
(33505, 7)
(33505, 7) False
train 33505
vs, vt 0.3409400307215177 0.3582237180344452
need align? ->  False 0.3426770286623543
2023-09-06 23:51:33,330 - epoch:7, training loss:0.9613 validation loss:0.3409
Updating learning rate to 9.829305768752296e-05
Updating learning rate to 9.829305768752296e-05
(33505, 7)
(33505, 7) False
train 33505
vs, vt 0.3405083975583844 0.35966136967818413
need align? ->  False 0.3426770286623543
2023-09-06 23:55:30,404 - epoch:8, training loss:0.9516 validation loss:0.3405
Updating learning rate to 9.618920140248274e-05
Updating learning rate to 9.618920140248274e-05
(33505, 7)
(33505, 7) True
train 33505
vs, vt 0.3436937528337247 0.36098562784977917
need align? ->  True 0.3426770286623543
2023-09-06 23:59:07,855 - epoch:9, training loss:0.9433 validation loss:0.3437
Updating learning rate to 9.329503849743553e-05
Updating learning rate to 9.329503849743553e-05
(33505, 7)
(33505, 7) False
train 33505
vs, vt 0.3440165004786655 0.3611314478357868
need align? ->  True 0.3426770286623543
2023-09-07 00:03:01,135 - epoch:10, training loss:0.9364 validation loss:0.3440
Updating learning rate to 8.96600889021002e-05
Updating learning rate to 8.96600889021002e-05
(33505, 7)
(33505, 7) False
train 33505
vs, vt 0.3467892097121865 0.3589721647416346
need align? ->  True 0.3426770286623543
2023-09-07 00:06:47,523 - epoch:11, training loss:0.9314 validation loss:0.3468
Updating learning rate to 8.534654761185139e-05
Updating learning rate to 8.534654761185139e-05
(33505, 7)
(33505, 7) True
train 33505
vs, vt 0.3413189918949054 0.3647018487195997
need align? ->  False 0.3426770286623543
2023-09-07 00:10:32,703 - epoch:12, training loss:0.9263 validation loss:0.3413
Updating learning rate to 8.042822051410483e-05
Updating learning rate to 8.042822051410483e-05
(33505, 7)
(33505, 7) False
train 33505
vs, vt 0.34371211172560967 0.3629111088151057
need align? ->  True 0.3426770286623543
2023-09-07 00:14:25,787 - epoch:13, training loss:0.9237 validation loss:0.3437
Updating learning rate to 7.498926154912086e-05
Updating learning rate to 7.498926154912086e-05
(33505, 7)
(33505, 7) True
train 33505
vs, vt 0.3434860789652407 0.36149868250069533
need align? ->  True 0.3426770286623543
2023-09-07 00:18:07,686 - epoch:14, training loss:0.9200 validation loss:0.3435
Updating learning rate to 6.912273281275466e-05
Updating learning rate to 6.912273281275466e-05
(33505, 7)
(33505, 7) True
train 33505
vs, vt 0.34387591150561736 0.37289228122791596
need align? ->  True 0.3426770286623543
2023-09-07 00:22:06,690 - epoch:15, training loss:0.9169 validation loss:0.3439
Updating learning rate to 6.29290122381945e-05
Updating learning rate to 6.29290122381945e-05
(33505, 7)
(33505, 7) True
train 33505
vs, vt 0.34605861508105634 0.35781865994605794
need align? ->  True 0.3426770286623543
2023-09-07 00:25:45,225 - epoch:16, training loss:0.9144 validation loss:0.3461
Updating learning rate to 5.6514076101694893e-05
Updating learning rate to 5.6514076101694893e-05
(33505, 7)
(33505, 7) False
train 33505
vs, vt 0.3447091606329884 0.36544367128751687
need align? ->  True 0.3426770286623543
2023-09-07 00:29:47,319 - epoch:17, training loss:0.9115 validation loss:0.3447
Updating learning rate to 4.9987685739107636e-05
Updating learning rate to 4.9987685739107636e-05
(33505, 7)
(33505, 7) True
train 33505
vs, vt 0.34213234400431786 0.3620423600077629
need align? ->  False 0.3426770286623543
2023-09-07 00:33:21,648 - epoch:18, training loss:0.9097 validation loss:0.3421
Updating learning rate to 4.346150949899387e-05
Updating learning rate to 4.346150949899387e-05
(33505, 7)
(33505, 7) False
train 33505
vs, vt 0.34322216467568156 0.36222211245072666
need align? ->  True 0.3426770286623543
2023-09-07 00:37:18,546 - epoch:19, training loss:0.9083 validation loss:0.3432
check exp/ECL-PatchTST2023-09-06-23:20:50.634350/0/0.3405_epoch_8.pkl  &  0.3426770286623543
2023-09-07 00:37:50,363 - [*] loss:0.4401
2023-09-07 00:37:50,434 - [*] phase 0, testing
2023-09-07 00:37:53,366 - T:720	MAE	0.423568	RMSE	0.439873	MAPE	257.382226
2023-09-07 00:37:53,367 - 720	mae	0.4236	
2023-09-07 00:37:53,367 - 720	rmse	0.4399	
2023-09-07 00:37:53,367 - 720	mape	257.3822	
2023-09-07 00:38:21,309 - [*] loss:0.4391
2023-09-07 00:38:21,382 - [*] phase 0, testing
2023-09-07 00:38:24,037 - T:720	MAE	0.422128	RMSE	0.438882	MAPE	257.306719
2023-09-07 00:38:54,806 - [*] loss:0.4401
2023-09-07 00:38:54,875 - [*] phase 0, testing
2023-09-07 00:38:58,299 - T:720	MAE	0.423568	RMSE	0.439873	MAPE	257.382226
2023-09-07 00:39:27,159 - [*] loss:0.4397
2023-09-07 00:39:27,229 - [*] phase 0, testing
2023-09-07 00:39:29,568 - T:720	MAE	0.422085	RMSE	0.439393	MAPE	260.065770
2023-09-07 00:39:29,569 - 720	mae	0.4221	
2023-09-07 00:39:29,569 - 720	rmse	0.4394	
2023-09-07 00:39:29,569 - 720	mape	260.0658	
