2023-09-05 14:51:51,801 - logger name:exp/ECL-FEDformer2023-09-05-14:51:51.801049/ECL-FEDformer.log
2023-09-05 14:51:51,801 - params : {'loss': 'huber', 'conf': 'ECL-FEDformer', 'data_name': 'ETTm1', 'iteration': 1, 'train': 1, 'mainrs': 0, 'abl': 0, 'abl_tmp_context': 0, 'abl_ae': 0, 'no_tmp': 0, 'load': True, 'build_graph': False, 'same_init': True, 'grad_norm': False, 'refiner_residual': 0, 'root_path': '', 'exp_path': 'exp/', 'val_test_mix': False, 'lr': 0.0001, 'lradj': 'TST', 'dropout': 0.05, 'fc_dropout': 0.05, 'head_dropout': 0.0, 'patch_len': 16, 'stride': 8, 'd_ff': 512, 'd_model': 128, 'n_heads': 8, 'seq_len': 96, 'pred_len': 96, 'noise_rate': 0.5, 'device': device(type='cuda', index=0), 'test_model_path': '/Disk/fhyega/code/BASE/exp/ECL-PatchTST2023-08-26-13:08:31.837686/0/best_model.pkl', 'idx': -1, 'aligner': 1, 'always_align': 1, 'refiner': 1, 'rec_block_num': 1, 'enhance': 1, 'enhance_type': 5, 'seed': 34, 'batch_size': 64, 'share_head': 0, 'add_noise': 1, 'add_norm': 0, 'jitter_sigma': 0.4, 'slope_rate': 0.01, 'slope_range': 0.2, 'alpha': 10.0, 'beta': 1.0, 'gamma': 0.15, 'feature_jittering': 1, 'rec_intra_feature': 0, 'rec_ori': 1, 'mid_dim': 128, 'test_en': 0, 'debugger': 0, 'summary': 0, 'omega': 1.0, 'theta': 1.5, 'mask_border': 1, 'sup_weight': 0.0, 'rec_length_ratio': 0.8, 'ref_dropout': 0.0, 'ref_block_num': 1, 'add_FFN': 1, 'add_residual': 0, 'rec_all': 0, 'e_layers': 2, 'early_break': 0, 'early_stop': 10, '/* model related args*/': '//', 'model_name': 'FEDformer', 'label_len': 48, 'features': 'M', 'target': 'OT', 'graph_input': False, 'individual': False, 'd_layers': 1, 'factor': 1, 'des': 'Exp', 'padding_patch': 'end', 'revin': 1, 'affine': 0, 'subtract_last': 0, 'decomposition': 0, 'kernel_size': 25, 'output_attention': 0, 'embed_type': 0, 'activation': 'gelu', 'distil': 1, 'linear_output': 0, 'pct_start': 0.2, 'num_kernels': 6, 'top_k': 5, 'moving_avg': 25, 'indie': 0, '/*train related args*/': '//', 'epoch': 30, '/*dataset related args*/': '//', 'save_data_path': 'data/ECL/', 'data_process': True, 'embed': 'timeF', 'freq': 'h', 'begin_phase': 0, 'end_phase': 1, 'phase_len': -1, 'val_ratio': 0.33, 'graph_size': 321, '/*strategy related args*/': '//', 'strategy': 'incremental', 'increase': False, 'detect': False, 'detect_strategy': 'feature', 'replay': False, 'replay_strategy': 'random', 'repaly_num_samples': 100, 'ewc': False, 'ewc_strategy': 'ewc', 'ewc_lambda': 0.0001, 'subgraph_train': False, 'num_hops': 2, 'logname': 'ECL-FEDformer', 'time': '2023-09-05-14:51:51.801049', 'path': 'exp/ECL-FEDformer2023-09-05-14:51:51.801049', 'num_workers': 4, 'start_train': 0, 'train_mode': 'pretrain', 'get_score': False, 'use_cm': True, 'logger': <Logger __main__ (INFO)>}
2023-09-05 14:51:51,801 - [*] phase 0 start training
0 69680
train 34369
val 11425
test 11425
2023-09-05 14:51:52,634 - [*] phase 0 Dataset load!
dropout 0.05
dropout 0.05
fourier enhanced block used!
modes=32, index=[0, 1, 2, 3, 6, 7, 8, 9, 10, 12, 13, 15, 16, 17, 19, 22, 23, 24, 26, 27, 28, 30, 31, 34, 37, 39, 40, 43, 44, 45, 46, 47]
fourier enhanced block used!
modes=32, index=[2, 3, 4, 7, 10, 12, 14, 15, 16, 18, 22, 24, 25, 28, 32, 33, 40, 43, 45, 47, 50, 51, 53, 54, 55, 59, 60, 61, 65, 67, 68, 71]
 fourier enhanced cross attention used!
modes_q=32, index_q=[1, 2, 5, 7, 10, 11, 13, 14, 18, 19, 20, 24, 26, 28, 29, 30, 31, 34, 35, 42, 44, 47, 50, 58, 59, 61, 62, 63, 64, 66, 69, 70]
modes_kv=32, index_kv=[0, 2, 3, 5, 7, 8, 9, 10, 11, 12, 14, 15, 16, 17, 20, 21, 22, 25, 27, 30, 31, 33, 35, 36, 37, 38, 39, 41, 43, 44, 45, 47]
1 True None
2023-09-05 14:51:53,240 - [*] phase 0 Training start
train 34369
2023-09-05 14:55:29,825 - epoch:0, training loss:0.3284 validation loss:0.3447
(34369, 1)
(34369, 1) True
train 34369
vs, vt 0.3446804807006314 0.34958964453063196
Updating learning rate to 1.0434682555522589e-05
Updating learning rate to 1.0434682555522589e-05
(34369, 1)
(34369, 1) True
train 34369
vs, vt 0.2958043847420362 0.30475092704236173
need align? ->  False 0.30475092704236173
2023-09-05 15:04:36,373 - epoch:1, training loss:6.5538 validation loss:0.2958
Updating learning rate to 2.8013516072492592e-05
Updating learning rate to 2.8013516072492592e-05
(34369, 1)
(34369, 1) True
train 34369
vs, vt 0.2144492911643156 0.27024183336999164
need align? ->  False 0.27024183336999164
2023-09-05 15:11:12,463 - epoch:2, training loss:5.3454 validation loss:0.2144
Updating learning rate to 5.202340832682322e-05
Updating learning rate to 5.202340832682322e-05
(34369, 1)
(34369, 1) True
train 34369
vs, vt 0.2072608287773985 0.22683781812061143
need align? ->  False 0.22683781812061143
2023-09-05 15:17:43,645 - epoch:3, training loss:4.7361 validation loss:0.2073
Updating learning rate to 7.602702453314286e-05
Updating learning rate to 7.602702453314286e-05
(34369, 1)
(34369, 1) True
train 34369
vs, vt 0.1989759369311053 0.22060586058394202
need align? ->  False 0.22060586058394202
2023-09-05 15:24:14,275 - epoch:4, training loss:4.3941 validation loss:0.1990
Updating learning rate to 9.358871258844052e-05
Updating learning rate to 9.358871258844052e-05
(34369, 1)
(34369, 1) True
train 34369
vs, vt 0.19932639057742818 0.21327009869937125
need align? ->  False 0.21327009869937125
2023-09-05 15:30:53,243 - epoch:5, training loss:4.1796 validation loss:0.1993
Updating learning rate to 9.99999985145195e-05
Updating learning rate to 9.99999985145195e-05
(34369, 1)
(34369, 1) True
train 34369
vs, vt 0.1976411075815142 0.20935918883987645
need align? ->  False 0.20935918883987645
2023-09-05 15:37:27,057 - epoch:6, training loss:4.0288 validation loss:0.1976
Updating learning rate to 9.957065245311989e-05
Updating learning rate to 9.957065245311989e-05
(34369, 1)
(34369, 1) True
train 34369
vs, vt 0.19378777618348267 0.20682163898671804
need align? ->  False 0.20682163898671804
2023-09-05 15:43:59,523 - epoch:7, training loss:3.9158 validation loss:0.1938
Updating learning rate to 9.829314220672151e-05
Updating learning rate to 9.829314220672151e-05
(34369, 1)
(34369, 1) True
train 34369
vs, vt 0.19340489440540362 0.20051153786688544
need align? ->  False 0.20051153786688544
2023-09-05 15:50:40,455 - epoch:8, training loss:3.8238 validation loss:0.1934
Updating learning rate to 9.618932632983303e-05
Updating learning rate to 9.618932632983303e-05
(34369, 1)
(34369, 1) True
train 34369
vs, vt 0.19205655417712042 0.19841661314641298
need align? ->  False 0.19841661314641298
2023-09-05 15:57:12,750 - epoch:9, training loss:4.4270 validation loss:0.1921
Updating learning rate to 9.329520169539592e-05
Updating learning rate to 9.329520169539592e-05
(34369, 1)
(34369, 1) True
train 34369
vs, vt 0.18885236179362463 0.1948550479205627
need align? ->  False 0.1948550479205627
2023-09-05 16:03:49,763 - epoch:10, training loss:4.4197 validation loss:0.1889
Updating learning rate to 8.966028757830835e-05
Updating learning rate to 8.966028757830835e-05
(34369, 1)
(34369, 1) True
train 34369
vs, vt 0.18785029048277013 0.19106325124229132
need align? ->  False 0.19106325124229132
2023-09-05 16:10:29,916 - epoch:11, training loss:4.3938 validation loss:0.1879
Updating learning rate to 8.534677836690231e-05
Updating learning rate to 8.534677836690231e-05
(34369, 1)
(34369, 1) True
train 34369
vs, vt 0.18632263097100418 0.18989768176854654
need align? ->  False 0.18989768176854654
2023-09-05 16:17:05,153 - epoch:12, training loss:4.5521 validation loss:0.1863
Updating learning rate to 8.042847939971561e-05
Updating learning rate to 8.042847939971561e-05
(34369, 1)
(34369, 1) True
train 34369
vs, vt 0.18538614150199145 0.18687167043625977
need align? ->  False 0.18687167043625977
2023-09-05 16:23:45,406 - epoch:13, training loss:4.7199 validation loss:0.1854
Updating learning rate to 7.498954413568693e-05
Updating learning rate to 7.498954413568693e-05
(34369, 1)
(34369, 1) True
train 34369
vs, vt 0.18282001659107608 0.18610989190013716
need align? ->  False 0.18610989190013716
2023-09-05 16:30:28,975 - epoch:14, training loss:4.5093 validation loss:0.1828
Updating learning rate to 6.912303426514151e-05
Updating learning rate to 6.912303426514151e-05
(34369, 1)
(34369, 1) True
train 34369
vs, vt 0.18290698705189054 0.18488969102335376
need align? ->  False 0.18488969102335376
2023-09-05 16:37:02,104 - epoch:15, training loss:4.5024 validation loss:0.1829
Updating learning rate to 6.292932739846823e-05
Updating learning rate to 6.292932739846823e-05
(34369, 1)
(34369, 1) True
train 34369
vs, vt 0.18205585114283268 0.18453453633122605
need align? ->  False 0.18453453633122605
2023-09-05 16:43:47,951 - epoch:16, training loss:4.4400 validation loss:0.1821
Updating learning rate to 5.651439957737585e-05
Updating learning rate to 5.651439957737585e-05
(34369, 1)
(34369, 1) True
train 34369
vs, vt 0.18171233473626594 0.18223821371793747
need align? ->  False 0.18223821371793747
2023-09-05 16:50:29,773 - epoch:17, training loss:4.4799 validation loss:0.1817
Updating learning rate to 4.998801199543722e-05
Updating learning rate to 4.998801199543722e-05
(34369, 1)
(34369, 1) True
train 34369
vs, vt 0.1805936036704306 0.18252164608273427
need align? ->  False 0.18223821371793747
2023-09-05 16:56:59,916 - epoch:18, training loss:4.3548 validation loss:0.1806
Updating learning rate to 4.3461832953635796e-05
Updating learning rate to 4.3461832953635796e-05
(34369, 1)
(34369, 1) True
train 34369
vs, vt 0.1803523816959152 0.1826809643450396
need align? ->  False 0.18223821371793747
2023-09-05 17:03:30,831 - epoch:19, training loss:4.3384 validation loss:0.1804
Updating learning rate to 3.70475271847755e-05
Updating learning rate to 3.70475271847755e-05
(34369, 1)
(34369, 1) True
train 34369
vs, vt 0.18128510558322156 0.18125610074350954
need align? ->  True 0.18125610074350954
2023-09-05 17:10:13,343 - epoch:20, training loss:4.3326 validation loss:0.1813
Updating learning rate to 3.085484523894306e-05
Updating learning rate to 3.085484523894306e-05
(34369, 1)
(34369, 1) True
train 34369
vs, vt 0.1811098322771781 0.18222276421066103
need align? ->  False 0.18125610074350954
2023-09-05 17:16:50,869 - epoch:21, training loss:4.4281 validation loss:0.1811
Updating learning rate to 2.4989745621167433e-05
Updating learning rate to 2.4989745621167433e-05
(34369, 1)
(34369, 1) True
train 34369
vs, vt 0.18135567069802871 0.18176761236270714
need align? ->  True 0.18125610074350954
2023-09-05 17:23:28,461 - epoch:22, training loss:4.4130 validation loss:0.1814
Updating learning rate to 1.955258181202164e-05
Updating learning rate to 1.955258181202164e-05
(34369, 1)
(34369, 1) True
train 34369
vs, vt 0.180722578922963 0.1821332640071821
need align? ->  False 0.18125610074350954
2023-09-05 17:30:06,431 - epoch:23, training loss:4.4119 validation loss:0.1807
Updating learning rate to 1.4636385191746728e-05
Updating learning rate to 1.4636385191746728e-05
(34369, 1)
(34369, 1) True
train 34369
vs, vt 0.1806975053675348 0.18192600229931943
need align? ->  False 0.18125610074350954
2023-09-05 17:36:38,237 - epoch:24, training loss:4.4080 validation loss:0.1807
Updating learning rate to 1.0325273247542814e-05
Updating learning rate to 1.0325273247542814e-05
(34369, 1)
(34369, 1) True
train 34369
vs, vt 0.1802190994042591 0.18185928561750736
need align? ->  False 0.18125610074350954
2023-09-05 17:43:19,140 - epoch:25, training loss:4.4054 validation loss:0.1802
Updating learning rate to 6.693010300041293e-06
Updating learning rate to 6.693010300041293e-06
(34369, 1)
(34369, 1) True
train 34369
vs, vt 0.18031880904675862 0.18179050922477047
need align? ->  False 0.18125610074350954
2023-09-05 17:49:49,231 - epoch:26, training loss:4.4029 validation loss:0.1803
Updating learning rate to 3.801745375327441e-06
Updating learning rate to 3.801745375327441e-06
(34369, 1)
(34369, 1) True
train 34369
vs, vt 0.1802743337215991 0.18175925905478066
need align? ->  False 0.18125610074350954
2023-09-05 17:56:38,199 - epoch:27, training loss:4.4038 validation loss:0.1803
Updating learning rate to 1.7009488178731925e-06
Updating learning rate to 1.7009488178731925e-06
(34369, 1)
(34369, 1) True
train 34369
vs, vt 0.1804607624406588 0.1817323260383899
need align? ->  False 0.18125610074350954
2023-09-05 18:03:31,761 - epoch:28, training loss:4.4032 validation loss:0.1805
Updating learning rate to 4.2656583922743976e-07
Updating learning rate to 4.2656583922743976e-07
(34369, 1)
(34369, 1) True
train 34369
vs, vt 0.1804320743130572 0.1817383724759078
need align? ->  False 0.18125610074350954
2023-09-05 18:10:22,242 - epoch:29, training loss:4.4033 validation loss:0.1804
Updating learning rate to 4.0148548051411953e-10
Updating learning rate to 4.0148548051411953e-10
dropout 0.05
dropout 0.05
fourier enhanced block used!
modes=32, index=[0, 1, 2, 3, 5, 6, 7, 8, 11, 14, 15, 16, 17, 18, 19, 20, 21, 23, 24, 26, 27, 29, 30, 31, 34, 36, 39, 40, 41, 44, 45, 46]
fourier enhanced block used!
modes=32, index=[8, 11, 12, 13, 16, 17, 23, 24, 25, 26, 29, 32, 33, 35, 36, 37, 39, 40, 41, 43, 45, 50, 52, 54, 56, 57, 58, 59, 63, 64, 65, 66]
 fourier enhanced cross attention used!
modes_q=32, index_q=[0, 3, 4, 5, 8, 11, 14, 15, 20, 21, 22, 23, 31, 33, 35, 36, 40, 41, 42, 46, 47, 48, 50, 52, 54, 55, 56, 59, 61, 63, 64, 68]
modes_kv=32, index_kv=[0, 1, 2, 3, 5, 6, 7, 9, 12, 13, 15, 16, 17, 19, 25, 26, 27, 30, 32, 33, 34, 35, 36, 37, 38, 39, 41, 42, 43, 44, 45, 46]
check exp/ECL-FEDformer2023-09-05-14:51:51.801049/0/0.1802_epoch_25.pkl  &  0.18125610074350954
2023-09-05 18:10:52,720 - [*] loss:0.8658
2023-09-05 18:10:52,729 - [*] phase 0, testing
2023-09-05 18:10:52,859 - T:96	MAE	0.578505	RMSE	0.867088	MAPE	296.878362
2023-09-05 18:10:52,860 - 96	mae	0.5785	
2023-09-05 18:10:52,860 - 96	rmse	0.8671	
2023-09-05 18:10:52,860 - 96	mape	296.8784	
2023-09-05 18:11:22,705 - [*] loss:0.8657
2023-09-05 18:11:22,714 - [*] phase 0, testing
2023-09-05 18:11:22,845 - T:96	MAE	0.578503	RMSE	0.867045	MAPE	296.862268
2023-09-05 18:11:45,015 - [*] loss:0.8658
2023-09-05 18:11:45,027 - [*] phase 0, testing
2023-09-05 18:11:45,158 - T:96	MAE	0.578505	RMSE	0.867088	MAPE	296.878362
2023-09-05 18:12:05,891 - [*] loss:0.3717
2023-09-05 18:12:05,900 - [*] phase 0, testing
2023-09-05 18:12:06,031 - T:96	MAE	0.403065	RMSE	0.372085	MAPE	231.158686
2023-09-05 18:12:06,031 - 96	mae	0.4031	
2023-09-05 18:12:06,031 - 96	rmse	0.3721	
2023-09-05 18:12:06,031 - 96	mape	231.1587	
