2023-09-07 13:25:51,018 - logger name:exp/ECL-FEDformer2023-09-07-13:25:51.018316/ECL-FEDformer.log
2023-09-07 13:25:51,018 - params : {'loss': 'huber', 'conf': 'ECL-FEDformer', 'data_name': 'ETTm1', 'iteration': 1, 'train': 1, 'mainrs': 0, 'abl': 0, 'abl_tmp_context': 0, 'abl_ae': 0, 'no_tmp': 0, 'load': True, 'build_graph': False, 'same_init': True, 'grad_norm': False, 'refiner_residual': 0, 'root_path': '', 'exp_path': 'exp/', 'val_test_mix': False, 'lr': 0.0001, 'lradj': 'TST', 'dropout': 0.05, 'fc_dropout': 0.05, 'head_dropout': 0.0, 'patch_len': 16, 'stride': 8, 'd_ff': 512, 'd_model': 128, 'n_heads': 8, 'seq_len': 96, 'pred_len': 192, 'noise_rate': 0.5, 'device': device(type='cuda', index=0), 'test_model_path': '/Disk/fhyega/code/BASE/exp/ECL-PatchTST2023-08-26-13:08:31.837686/0/best_model.pkl', 'idx': -1, 'aligner': 0, 'always_align': 1, 'refiner': 1, 'rec_block_num': 1, 'enhance': 1, 'enhance_type': 5, 'seed': 34, 'batch_size': 64, 'share_head': 0, 'add_noise': 1, 'add_norm': 0, 'jitter_sigma': 0.4, 'slope_rate': 0.01, 'slope_range': 0.2, 'alpha': 10.0, 'beta': 1.0, 'gamma': 0.15, 'feature_jittering': 1, 'rec_intra_feature': 0, 'rec_ori': 1, 'mid_dim': 128, 'test_en': 0, 'debugger': 0, 'summary': 0, 'omega': 1.0, 'theta': 1.5, 'mask_border': 1, 'sup_weight': 10.0, 'rec_length_ratio': 0.8, 'ref_dropout': 0.0, 'ref_block_num': 1, 'add_FFN': 1, 'add_residual': 0, 'rec_all': 0, 'e_layers': 2, 'early_break': 0, 'early_stop': 10, '/* model related args*/': '//', 'model_name': 'FEDformer', 'label_len': 48, 'features': 'M', 'target': 'OT', 'graph_input': False, 'individual': False, 'd_layers': 1, 'factor': 1, 'des': 'Exp', 'padding_patch': 'end', 'revin': 1, 'affine': 0, 'subtract_last': 0, 'decomposition': 0, 'kernel_size': 25, 'output_attention': 0, 'embed_type': 0, 'activation': 'gelu', 'distil': 1, 'linear_output': 0, 'pct_start': 0.2, 'num_kernels': 6, 'top_k': 5, 'moving_avg': 25, 'indie': 0, '/*train related args*/': '//', 'epoch': 30, '/*dataset related args*/': '//', 'save_data_path': 'data/ECL/', 'data_process': True, 'embed': 'timeF', 'freq': 'h', 'begin_phase': 0, 'end_phase': 1, 'phase_len': -1, 'val_ratio': 0.33, 'graph_size': 321, '/*strategy related args*/': '//', 'strategy': 'incremental', 'increase': False, 'detect': False, 'detect_strategy': 'feature', 'replay': False, 'replay_strategy': 'random', 'repaly_num_samples': 100, 'ewc': False, 'ewc_strategy': 'ewc', 'ewc_lambda': 0.0001, 'subgraph_train': False, 'num_hops': 2, 'logname': 'ECL-FEDformer', 'time': '2023-09-07-13:25:51.018316', 'path': 'exp/ECL-FEDformer2023-09-07-13:25:51.018316', 'num_workers': 4, 'start_train': 0, 'train_mode': 'pretrain', 'get_score': False, 'use_cm': True, 'logger': <Logger __main__ (INFO)>}
2023-09-07 13:25:51,018 - [*] phase 0 start training
0 69680
train 34273
val 11329
test 11329
2023-09-07 13:25:51,862 - [*] phase 0 Dataset load!
dropout 0.05
dropout 0.05
fourier enhanced block used!
modes=32, index=[0, 1, 2, 3, 6, 7, 8, 9, 10, 12, 13, 15, 16, 17, 19, 22, 23, 24, 26, 27, 28, 30, 31, 34, 37, 39, 40, 43, 44, 45, 46, 47]
fourier enhanced block used!
modes=32, index=[2, 7, 10, 12, 26, 30, 32, 33, 34, 41, 46, 47, 50, 51, 52, 55, 56, 68, 69, 71, 74, 75, 78, 82, 83, 85, 92, 97, 108, 110, 111, 114]
 fourier enhanced cross attention used!
modes_q=32, index_q=[0, 2, 6, 14, 16, 17, 20, 27, 30, 36, 49, 50, 51, 59, 60, 61, 67, 73, 75, 76, 77, 79, 82, 84, 85, 92, 96, 103, 105, 107, 112, 114]
modes_kv=32, index_kv=[1, 3, 7, 8, 9, 11, 13, 15, 17, 21, 23, 24, 25, 26, 27, 29, 30, 32, 33, 34, 35, 36, 37, 38, 39, 40, 41, 42, 43, 44, 45, 47]
1 True None
2023-09-07 13:25:52,241 - [*] phase 0 Training start
train 34273
2023-09-07 13:29:38,827 - epoch:0, training loss:0.3404 validation loss:0.3833
(34273, 1)
(34273, 1) True
train 34273
vs, vt 0.383277229295018 0.3861126832747727
Updating learning rate to 1.0434697148810579e-05
Updating learning rate to 1.0434697148810579e-05
(34273, 1)
(34273, 1) True
train 34273
vs, vt 0.3304733546932092 0.33482295957006764
need align? ->  False 0.33482295957006764
2023-09-07 13:38:45,723 - epoch:1, training loss:11.4836 validation loss:0.3305
Updating learning rate to 2.801356662037103e-05
Updating learning rate to 2.801356662037103e-05
(34273, 1)
(34273, 1) True
train 34273
vs, vt 0.26608467485044107 0.318905558227823
need align? ->  False 0.318905558227823
2023-09-07 13:45:32,678 - epoch:2, training loss:9.8017 validation loss:0.2661
Updating learning rate to 5.202349586184953e-05
Updating learning rate to 5.202349586184953e-05
(34273, 1)
(34273, 1) True
train 34273
vs, vt 0.248265831176652 0.28099767884679056
need align? ->  False 0.28099767884679056
2023-09-07 13:52:14,830 - epoch:3, training loss:7.0036 validation loss:0.2483
Updating learning rate to 7.602712557185922e-05
Updating learning rate to 7.602712557185922e-05
(34273, 1)
(34273, 1) True
train 34273
vs, vt 0.23863324585757897 0.2574513963099276
need align? ->  False 0.2574513963099276
2023-09-07 13:59:01,621 - epoch:4, training loss:5.1457 validation loss:0.2386
Updating learning rate to 9.35887854313957e-05
Updating learning rate to 9.35887854313957e-05
(34273, 1)
(34273, 1) True
train 34273
vs, vt 0.23536179746302327 0.24793271209751622
need align? ->  False 0.24793271209751622
2023-09-07 14:05:56,642 - epoch:5, training loss:4.3539 validation loss:0.2354
Updating learning rate to 9.999999850339233e-05
Updating learning rate to 9.999999850339233e-05
(34273, 1)
(34273, 1) True
train 34273
vs, vt 0.23635058473335224 0.2443978673454081
need align? ->  False 0.2443978673454081
2023-09-07 14:12:43,027 - epoch:6, training loss:8.1230 validation loss:0.2364
Updating learning rate to 9.957064649497094e-05
Updating learning rate to 9.957064649497094e-05
(34273, 1)
(34273, 1) True
train 34273
vs, vt 0.2333514518366101 0.2441545861532514
need align? ->  False 0.2441545861532514
2023-09-07 14:19:21,407 - epoch:7, training loss:8.6677 validation loss:0.2334
Updating learning rate to 9.829313040349635e-05
Updating learning rate to 9.829313040349635e-05
(34273, 1)
(34273, 1) True
train 34273
vs, vt 0.23399441218359418 0.2435372776948334
need align? ->  False 0.2435372776948334
2023-09-07 14:26:03,575 - epoch:8, training loss:8.6856 validation loss:0.2340
Updating learning rate to 9.618930888348809e-05
Updating learning rate to 9.618930888348809e-05
(34273, 1)
(34273, 1) True
train 34273
vs, vt 0.23524397956939896 0.24252951199586473
need align? ->  False 0.24252951199586473
2023-09-07 14:32:50,808 - epoch:9, training loss:8.7405 validation loss:0.2352
Updating learning rate to 9.329517890444304e-05
Updating learning rate to 9.329517890444304e-05
(34273, 1)
(34273, 1) True
train 34273
vs, vt 0.2366543034238092 0.24218061478452735
need align? ->  False 0.24218061478452735
2023-09-07 14:39:44,660 - epoch:10, training loss:8.6126 validation loss:0.2367
Updating learning rate to 8.966025983270703e-05
Updating learning rate to 8.966025983270703e-05
(34273, 1)
(34273, 1) True
train 34273
vs, vt 0.23550861029561315 0.24025189194284127
need align? ->  False 0.24025189194284127
2023-09-07 14:46:30,392 - epoch:11, training loss:8.4322 validation loss:0.2355
Updating learning rate to 8.534674614138748e-05
Updating learning rate to 8.534674614138748e-05
(34273, 1)
(34273, 1) True
train 34273
vs, vt 0.23505978901567084 0.23827685773623794
need align? ->  False 0.23827685773623794
2023-09-07 14:53:14,136 - epoch:12, training loss:8.1893 validation loss:0.2351
Updating learning rate to 8.042844324567477e-05
Updating learning rate to 8.042844324567477e-05
(34273, 1)
(34273, 1) True
train 34273
vs, vt 0.2348092051034563 0.23830233639880513
need align? ->  False 0.23827685773623794
2023-09-07 14:59:54,176 - epoch:13, training loss:7.9329 validation loss:0.2348
Updating learning rate to 7.498950467172574e-05
Updating learning rate to 7.498950467172574e-05
(34273, 1)
(34273, 1) True
train 34273
vs, vt 0.23628958542778922 0.2377579269533077
need align? ->  False 0.2377579269533077
2023-09-07 15:06:41,875 - epoch:14, training loss:7.8565 validation loss:0.2363
Updating learning rate to 6.912299216649929e-05
Updating learning rate to 6.912299216649929e-05
(34273, 1)
(34273, 1) True
train 34273
vs, vt 0.23575856482212462 0.23671245244279338
need align? ->  False 0.23671245244279338
2023-09-07 15:13:34,991 - epoch:15, training loss:3.7277 validation loss:0.2358
Updating learning rate to 6.292928338546441e-05
Updating learning rate to 6.292928338546441e-05
(34273, 1)
(34273, 1) True
train 34273
vs, vt 0.23623495172248798 0.23639158176237277
need align? ->  False 0.23639158176237277
2023-09-07 15:20:20,407 - epoch:16, training loss:3.7635 validation loss:0.2362
Updating learning rate to 5.651435440308513e-05
Updating learning rate to 5.651435440308513e-05
(34273, 1)
(34273, 1) True
train 34273
vs, vt 0.2367076412094443 0.23643167961514397
need align? ->  True 0.23639158176237277
2023-09-07 15:27:04,121 - epoch:17, training loss:3.8812 validation loss:0.2367
Updating learning rate to 4.9987966432804234e-05
Updating learning rate to 4.9987966432804234e-05
(34273, 1)
(34273, 1) True
train 34273
vs, vt 0.23668692177266218 0.2359670779636402
need align? ->  True 0.2359670779636402
2023-09-07 15:33:46,359 - epoch:18, training loss:3.9242 validation loss:0.2367
dropout 0.05
dropout 0.05
fourier enhanced block used!
modes=32, index=[0, 1, 2, 4, 5, 6, 7, 8, 9, 10, 12, 14, 15, 16, 17, 18, 19, 21, 22, 24, 25, 27, 29, 33, 34, 35, 36, 37, 39, 42, 43, 46]
fourier enhanced block used!
modes=32, index=[0, 3, 5, 9, 15, 16, 19, 25, 30, 33, 34, 46, 49, 53, 58, 63, 67, 69, 70, 73, 80, 82, 98, 99, 101, 103, 107, 109, 112, 114, 116, 117]
 fourier enhanced cross attention used!
modes_q=32, index_q=[3, 5, 6, 7, 8, 10, 11, 16, 18, 25, 28, 29, 31, 35, 41, 45, 46, 65, 66, 69, 72, 83, 84, 86, 93, 99, 104, 105, 106, 109, 114, 117]
modes_kv=32, index_kv=[0, 3, 5, 6, 7, 8, 11, 12, 13, 14, 15, 16, 17, 18, 19, 20, 21, 22, 25, 26, 27, 28, 29, 33, 36, 38, 39, 40, 41, 42, 44, 47]
check exp/ECL-FEDformer2023-09-07-13:25:51.018316/0/0.2334_epoch_7.pkl  &  0.2359670779636402
2023-09-07 15:34:15,347 - [*] loss:2.1069
2023-09-07 15:34:15,362 - [*] phase 0, testing
2023-09-07 15:34:15,615 - T:192	MAE	0.941464	RMSE	2.108377	MAPE	551.753283
2023-09-07 15:34:15,615 - 192	mae	0.9415	
2023-09-07 15:34:15,616 - 192	rmse	2.1084	
2023-09-07 15:34:15,616 - 192	mape	551.7533	
2023-09-07 15:34:44,124 - [*] loss:2.1069
2023-09-07 15:34:44,140 - [*] phase 0, testing
2023-09-07 15:34:44,391 - T:192	MAE	0.941464	RMSE	2.108377	MAPE	551.753283
