2023-09-06 22:17:14,627 - logger name:exp/ECL-PatchTST2023-09-06-22:17:14.626431/ECL-PatchTST.log
2023-09-06 22:17:14,627 - params : {'loss': 'huber', 'conf': 'ECL-PatchTST', 'data_name': 'ETTm1', 'iteration': 1, 'train': 1, 'mainrs': 0, 'abl': 0, 'abl_tmp_context': 0, 'abl_ae': 0, 'no_tmp': 0, 'load': True, 'build_graph': False, 'same_init': True, 'grad_norm': False, 'refiner_residual': 0, 'root_path': '', 'exp_path': 'exp/', 'val_test_mix': False, 'lr': 0.0001, 'lradj': 'TST', 'dropout': 0.2, 'fc_dropout': 0.2, 'head_dropout': 0.0, 'patch_len': 16, 'stride': 8, 'd_ff': 256, 'd_model': 128, 'n_heads': 16, 'seq_len': 336, 'pred_len': 720, 'noise_rate': 0.5, 'device': device(type='cuda', index=0), 'test_model_path': '/Disk/fhyega/code/BASE/exp/ECL-PatchTST2023-08-26-13:08:31.837686/0/best_model.pkl', 'idx': -1, 'aligner': 0, 'always_align': 1, 'refiner': 1, 'rec_block_num': 1, 'enhance': 1, 'enhance_type': 5, 'seed': 34, 'batch_size': 64, 'share_head': 0, 'add_noise': 1, 'add_norm': 0, 'jitter_sigma': 0.4, 'slope_rate': 0.01, 'slope_range': 0.2, 'alpha': 10.0, 'beta': 1.0, 'gamma': 0.15, 'feature_jittering': 1, 'rec_intra_feature': 0, 'rec_ori': 1, 'mid_dim': 128, 'test_en': 0, 'debugger': 0, 'summary': 0, 'omega': 1.0, 'theta': 1.5, 'mask_border': 1, 'sup_weight': 10.0, 'rec_length_ratio': 0.8, 'ref_dropout': 0.0, 'ref_block_num': 1, 'add_FFN': 1, 'add_residual': 0, 'rec_all': 0, 'e_layers': 3, 'early_break': 0, 'early_stop': 10, '/* model related args*/': '//', 'model_name': 'PatchTST', 'label_len': 48, 'features': 'M', 'target': 'OT', 'graph_input': False, 'individual': False, 'd_layers': 1, 'factor': 1, 'des': 'Exp', 'padding_patch': 'end', 'revin': 1, 'affine': 0, 'subtract_last': 0, 'decomposition': 0, 'kernel_size': 25, 'output_attention': 0, 'embed_type': 0, 'activation': 'gelu', 'distil': 1, 'linear_output': 1, 'pct_start': 0.2, 'indie': 1, '/*train related args*/': '//', 'epoch': 30, '/*dataset related args*/': '//', 'save_data_path': 'data/ECL/', 'data_process': True, 'embed': 'timeF', 'freq': 'h', 'begin_phase': 0, 'end_phase': 1, 'phase_len': -1, 'val_ratio': 0.33, 'graph_size': 321, '/*strategy related args*/': '//', 'strategy': 'incremental', 'increase': False, 'detect': False, 'detect_strategy': 'feature', 'replay': False, 'replay_strategy': 'random', 'repaly_num_samples': 100, 'ewc': False, 'ewc_strategy': 'ewc', 'ewc_lambda': 0.0001, 'subgraph_train': False, 'num_hops': 2, 'logname': 'ECL-PatchTST', 'time': '2023-09-06-22:17:14.626431', 'path': 'exp/ECL-PatchTST2023-09-06-22:17:14.626431', 'num_workers': 4, 'start_train': 0, 'train_mode': 'pretrain', 'get_score': False, 'use_cm': True, 'logger': <Logger __main__ (INFO)>}
2023-09-06 22:17:14,627 - [*] phase 0 start training
0 69680
train 33505
val 10801
test 10801
2023-09-06 22:17:15,455 - [*] phase 0 Dataset load!
1 True None
2023-09-06 22:17:16,408 - [*] phase 0 Training start
train 33505
2023-09-06 22:19:44,662 - epoch:0, training loss:0.2179 validation loss:0.3430
(33505, 7)
(33505, 7) True
train 33505
vs, vt 0.3429896181680747 0.3470097526731576
Updating learning rate to 1.0434787053479493e-05
Updating learning rate to 1.0434787053479493e-05
(33505, 7)
(33505, 7) True
train 33505
vs, vt 0.34512482605565936 0.3426770286623543
need align? ->  True 0.3426770286623543
2023-09-06 22:24:51,090 - epoch:1, training loss:8.5915 validation loss:0.3451
Updating learning rate to 2.8013878029600176e-05
Updating learning rate to 2.8013878029600176e-05
(33505, 7)
(33505, 7) False
train 33505
vs, vt 0.3435741131298641 0.3421684779976247
need align? ->  True 0.3421684779976247
2023-09-06 22:28:50,670 - epoch:2, training loss:2.4954 validation loss:0.3436
Updating learning rate to 5.202403513565041e-05
Updating learning rate to 5.202403513565041e-05
(33505, 7)
(33505, 7) False
train 33505
vs, vt 0.34183752356019953 0.3480292391583059
need align? ->  False 0.3421684779976247
2023-09-06 22:32:26,647 - epoch:3, training loss:1.8315 validation loss:0.3418
Updating learning rate to 7.602774803421264e-05
Updating learning rate to 7.602774803421264e-05
(33505, 7)
(33505, 7) False
train 33505
vs, vt 0.3371573977569151 0.3461857458808013
need align? ->  False 0.3421684779976247
2023-09-06 22:36:26,630 - epoch:4, training loss:2.7747 validation loss:0.3372
Updating learning rate to 9.35892341838241e-05
Updating learning rate to 9.35892341838241e-05
(33505, 7)
(33505, 7) True
train 33505
vs, vt 0.3397078260162173 0.3504359195306456
need align? ->  False 0.3421684779976247
2023-09-06 22:40:01,259 - epoch:5, training loss:3.5203 validation loss:0.3397
Updating learning rate to 9.999999843392645e-05
Updating learning rate to 9.999999843392645e-05
(33505, 7)
(33505, 7) True
train 33505
vs, vt 0.35301201094008056 0.3520456226267053
need align? ->  True 0.3421684779976247
2023-09-06 22:43:57,643 - epoch:6, training loss:3.9389 validation loss:0.3530
Updating learning rate to 9.957060978821996e-05
Updating learning rate to 9.957060978821996e-05
(33505, 7)
(33505, 7) True
train 33505
vs, vt 0.3489740160266323 0.3564909365050186
need align? ->  True 0.3421684779976247
2023-09-06 22:47:40,429 - epoch:7, training loss:4.1318 validation loss:0.3490
Updating learning rate to 9.829305768752296e-05
Updating learning rate to 9.829305768752296e-05
(33505, 7)
(33505, 7) False
train 33505
vs, vt 0.35108828720961804 0.36154102899971796
need align? ->  True 0.3421684779976247
2023-09-06 22:51:27,226 - epoch:8, training loss:4.2612 validation loss:0.3511
Updating learning rate to 9.618920140248274e-05
Updating learning rate to 9.618920140248274e-05
(33505, 7)
(33505, 7) False
train 33505
vs, vt 0.35740536354349917 0.35641603559784635
need align? ->  True 0.3421684779976247
2023-09-06 22:55:19,552 - epoch:9, training loss:4.3257 validation loss:0.3574
Updating learning rate to 9.329503849743553e-05
Updating learning rate to 9.329503849743553e-05
(33505, 7)
(33505, 7) False
train 33505
vs, vt 0.35307102161046316 0.36639518070326754
need align? ->  True 0.3421684779976247
2023-09-06 22:59:02,273 - epoch:10, training loss:4.3336 validation loss:0.3531
Updating learning rate to 8.96600889021002e-05
Updating learning rate to 8.96600889021002e-05
(33505, 7)
(33505, 7) False
train 33505
vs, vt 0.3553880628132256 0.36102580019002833
need align? ->  True 0.3421684779976247
2023-09-06 23:03:06,103 - epoch:11, training loss:4.3505 validation loss:0.3554
Updating learning rate to 8.534654761185139e-05
Updating learning rate to 8.534654761185139e-05
(33505, 7)
(33505, 7) False
train 33505
vs, vt 0.3608568819493232 0.36291184307202784
need align? ->  True 0.3421684779976247
2023-09-06 23:06:58,118 - epoch:12, training loss:4.3504 validation loss:0.3609
Updating learning rate to 8.042822051410483e-05
Updating learning rate to 8.042822051410483e-05
(33505, 7)
(33505, 7) False
train 33505
vs, vt 0.36211367700932295 0.3685316084581014
need align? ->  True 0.3421684779976247
2023-09-06 23:11:07,691 - epoch:13, training loss:4.3217 validation loss:0.3621
Updating learning rate to 7.498926154912086e-05
Updating learning rate to 7.498926154912086e-05
(33505, 7)
(33505, 7) False
train 33505
vs, vt 0.3618445803339665 0.3748934044552273
need align? ->  True 0.3421684779976247
2023-09-06 23:14:40,034 - epoch:14, training loss:4.2829 validation loss:0.3618
Updating learning rate to 6.912273281275466e-05
Updating learning rate to 6.912273281275466e-05
(33505, 7)
(33505, 7) False
train 33505
vs, vt 0.3606165725980285 0.3858867197258938
need align? ->  True 0.3421684779976247
2023-09-06 23:18:34,691 - epoch:15, training loss:4.2379 validation loss:0.3606
check exp/ECL-PatchTST2023-09-06-22:17:14.626431/0/0.3372_epoch_4.pkl  &  0.3421684779976247
2023-09-06 23:19:04,346 - [*] loss:0.4172
2023-09-06 23:19:04,417 - [*] phase 0, testing
2023-09-06 23:19:08,011 - T:720	MAE	0.418305	RMSE	0.417159	MAPE	237.517619
2023-09-06 23:19:08,012 - 720	mae	0.4183	
2023-09-06 23:19:08,012 - 720	rmse	0.4172	
2023-09-06 23:19:08,012 - 720	mape	237.5176	
2023-09-06 23:19:36,916 - [*] loss:0.4152
2023-09-06 23:19:36,986 - [*] phase 0, testing
2023-09-06 23:19:41,371 - T:720	MAE	0.418849	RMSE	0.415219	MAPE	244.281459
2023-09-06 23:20:12,485 - [*] loss:0.4172
2023-09-06 23:20:12,555 - [*] phase 0, testing
2023-09-06 23:20:17,358 - T:720	MAE	0.418305	RMSE	0.417159	MAPE	237.517619
2023-09-06 23:20:44,781 - [*] loss:0.4414
2023-09-06 23:20:44,850 - [*] phase 0, testing
2023-09-06 23:20:48,495 - T:720	MAE	0.422642	RMSE	0.441142	MAPE	260.268617
2023-09-06 23:20:48,496 - 720	mae	0.4226	
2023-09-06 23:20:48,496 - 720	rmse	0.4411	
2023-09-06 23:20:48,496 - 720	mape	260.2686	
