2023-09-05 18:12:08,034 - logger name:exp/ECL-FEDformer2023-09-05-18:12:08.033982/ECL-FEDformer.log
2023-09-05 18:12:08,034 - params : {'loss': 'huber', 'conf': 'ECL-FEDformer', 'data_name': 'ETTm1', 'iteration': 1, 'train': 1, 'mainrs': 0, 'abl': 0, 'abl_tmp_context': 0, 'abl_ae': 0, 'no_tmp': 1, 'load': True, 'build_graph': False, 'same_init': True, 'grad_norm': False, 'refiner_residual': 0, 'root_path': '', 'exp_path': 'exp/', 'val_test_mix': False, 'lr': 0.0001, 'lradj': 'TST', 'dropout': 0.05, 'fc_dropout': 0.05, 'head_dropout': 0.0, 'patch_len': 16, 'stride': 8, 'd_ff': 512, 'd_model': 128, 'n_heads': 8, 'seq_len': 96, 'pred_len': 96, 'noise_rate': 0.5, 'device': device(type='cuda', index=0), 'test_model_path': '/Disk/fhyega/code/BASE/exp/ECL-PatchTST2023-08-26-13:08:31.837686/0/best_model.pkl', 'idx': -1, 'aligner': 1, 'always_align': 1, 'refiner': 1, 'rec_block_num': 1, 'enhance': 1, 'enhance_type': 5, 'seed': 34, 'batch_size': 64, 'share_head': 0, 'add_noise': 1, 'add_norm': 0, 'jitter_sigma': 0.4, 'slope_rate': 0.01, 'slope_range': 0.2, 'alpha': 10.0, 'beta': 1.0, 'gamma': 0.15, 'feature_jittering': 1, 'rec_intra_feature': 0, 'rec_ori': 1, 'mid_dim': 128, 'test_en': 0, 'debugger': 0, 'summary': 0, 'omega': 1.0, 'theta': 1.5, 'mask_border': 1, 'sup_weight': 10.0, 'rec_length_ratio': 0.8, 'ref_dropout': 0.0, 'ref_block_num': 1, 'add_FFN': 1, 'add_residual': 0, 'rec_all': 0, 'e_layers': 2, 'early_break': 0, 'early_stop': 10, '/* model related args*/': '//', 'model_name': 'FEDformer', 'label_len': 48, 'features': 'M', 'target': 'OT', 'graph_input': False, 'individual': False, 'd_layers': 1, 'factor': 1, 'des': 'Exp', 'padding_patch': 'end', 'revin': 1, 'affine': 0, 'subtract_last': 0, 'decomposition': 0, 'kernel_size': 25, 'output_attention': 0, 'embed_type': 0, 'activation': 'gelu', 'distil': 1, 'linear_output': 0, 'pct_start': 0.2, 'num_kernels': 6, 'top_k': 5, 'moving_avg': 25, 'indie': 0, '/*train related args*/': '//', 'epoch': 30, '/*dataset related args*/': '//', 'save_data_path': 'data/ECL/', 'data_process': True, 'embed': 'timeF', 'freq': 'h', 'begin_phase': 0, 'end_phase': 1, 'phase_len': -1, 'val_ratio': 0.33, 'graph_size': 321, '/*strategy related args*/': '//', 'strategy': 'incremental', 'increase': False, 'detect': False, 'detect_strategy': 'feature', 'replay': False, 'replay_strategy': 'random', 'repaly_num_samples': 100, 'ewc': False, 'ewc_strategy': 'ewc', 'ewc_lambda': 0.0001, 'subgraph_train': False, 'num_hops': 2, 'logname': 'ECL-FEDformer', 'time': '2023-09-05-18:12:08.033982', 'path': 'exp/ECL-FEDformer2023-09-05-18:12:08.033982', 'num_workers': 4, 'start_train': 0, 'train_mode': 'pretrain', 'get_score': False, 'use_cm': True, 'logger': <Logger __main__ (INFO)>}
2023-09-05 18:12:08,034 - [*] phase 0 start training
0 69680
train 34369
val 11425
test 11425
2023-09-05 18:12:08,855 - [*] phase 0 Dataset load!
dropout 0.05
dropout 0.05
fourier enhanced block used!
modes=32, index=[0, 1, 2, 3, 6, 7, 8, 9, 10, 12, 13, 15, 16, 17, 19, 22, 23, 24, 26, 27, 28, 30, 31, 34, 37, 39, 40, 43, 44, 45, 46, 47]
fourier enhanced block used!
modes=32, index=[2, 3, 4, 7, 10, 12, 14, 15, 16, 18, 22, 24, 25, 28, 32, 33, 40, 43, 45, 47, 50, 51, 53, 54, 55, 59, 60, 61, 65, 67, 68, 71]
 fourier enhanced cross attention used!
modes_q=32, index_q=[1, 2, 5, 7, 10, 11, 13, 14, 18, 19, 20, 24, 26, 28, 29, 30, 31, 34, 35, 42, 44, 47, 50, 58, 59, 61, 62, 63, 64, 66, 69, 70]
modes_kv=32, index_kv=[0, 2, 3, 5, 7, 8, 9, 10, 11, 12, 14, 15, 16, 17, 20, 21, 22, 25, 27, 30, 31, 33, 35, 36, 37, 38, 39, 41, 43, 44, 45, 47]
1 True None
2023-09-05 18:12:09,198 - [*] phase 0 Training start
train 34369
2023-09-05 18:15:40,163 - epoch:0, training loss:0.3284 validation loss:0.3447
(34369, 1)
(34369, 1) True
train 34369
vs, vt 0.3446804802011511 0.3495896451549823
Updating learning rate to 1.0434682555522589e-05
Updating learning rate to 1.0434682555522589e-05
(34369, 1)
(34369, 1) True
train 34369
vs, vt 0.2958063677203056 0.3047588912551629
need align? ->  False 0.3047588912551629
2023-09-05 18:24:13,969 - epoch:1, training loss:16.4173 validation loss:0.2958
Updating learning rate to 2.8013516072492592e-05
Updating learning rate to 2.8013516072492592e-05
(34369, 1)
(34369, 1) True
train 34369
vs, vt 0.2143872969435247 0.27032067872292503
need align? ->  False 0.27032067872292503
2023-09-05 18:30:42,195 - epoch:2, training loss:14.0110 validation loss:0.2144
Updating learning rate to 5.202340832682322e-05
Updating learning rate to 5.202340832682322e-05
(34369, 1)
(34369, 1) True
train 34369
vs, vt 0.2072235021802633 0.22690075950166366
need align? ->  False 0.22690075950166366
2023-09-05 18:37:02,571 - epoch:3, training loss:9.7270 validation loss:0.2072
Updating learning rate to 7.602702453314286e-05
Updating learning rate to 7.602702453314286e-05
(34369, 1)
(34369, 1) True
train 34369
vs, vt 0.19892799883414913 0.22076726513368458
need align? ->  False 0.22076726513368458
2023-09-05 18:43:30,955 - epoch:4, training loss:6.4307 validation loss:0.1989
Updating learning rate to 9.358871258844052e-05
Updating learning rate to 9.358871258844052e-05
(34369, 1)
(34369, 1) True
train 34369
vs, vt 0.1993291480622811 0.21304937724710843
need align? ->  False 0.21304937724710843
2023-09-05 18:49:57,890 - epoch:5, training loss:5.1581 validation loss:0.1993
Updating learning rate to 9.99999985145195e-05
Updating learning rate to 9.99999985145195e-05
(34369, 1)
(34369, 1) True
train 34369
vs, vt 0.1977090260128402 0.20952914134916648
need align? ->  False 0.20952914134916648
2023-09-05 18:56:23,235 - epoch:6, training loss:4.6300 validation loss:0.1977
Updating learning rate to 9.957065245311989e-05
Updating learning rate to 9.957065245311989e-05
(34369, 1)
(34369, 1) True
train 34369
vs, vt 0.19436327559488445 0.20678989642284104
need align? ->  False 0.20678989642284104
2023-09-05 19:02:49,831 - epoch:7, training loss:4.3278 validation loss:0.1944
Updating learning rate to 9.829314220672151e-05
Updating learning rate to 9.829314220672151e-05
(34369, 1)
(34369, 1) True
train 34369
vs, vt 0.19259164565601827 0.20161281931916428
need align? ->  False 0.20161281931916428
2023-09-05 19:09:20,073 - epoch:8, training loss:4.1233 validation loss:0.1926
Updating learning rate to 9.618932632983303e-05
Updating learning rate to 9.618932632983303e-05
(34369, 1)
(34369, 1) True
train 34369
vs, vt 0.19142067730010554 0.20051543044144882
need align? ->  False 0.20051543044144882
2023-09-05 19:15:55,259 - epoch:9, training loss:4.5789 validation loss:0.1914
Updating learning rate to 9.329520169539592e-05
Updating learning rate to 9.329520169539592e-05
(34369, 1)
(34369, 1) True
train 34369
vs, vt 0.1885634694435743 0.19800659316961325
need align? ->  False 0.19800659316961325
2023-09-05 19:22:21,246 - epoch:10, training loss:4.9110 validation loss:0.1886
Updating learning rate to 8.966028757830835e-05
Updating learning rate to 8.966028757830835e-05
(34369, 1)
(34369, 1) True
train 34369
vs, vt 0.18766913735750002 0.19506016812760738
need align? ->  False 0.19506016812760738
2023-09-05 19:28:49,932 - epoch:11, training loss:4.7858 validation loss:0.1877
Updating learning rate to 8.534677836690231e-05
Updating learning rate to 8.534677836690231e-05
(34369, 1)
(34369, 1) True
train 34369
vs, vt 0.18640288858357087 0.19355994321447512
need align? ->  False 0.19355994321447512
2023-09-05 19:35:24,511 - epoch:12, training loss:4.7966 validation loss:0.1864
Updating learning rate to 8.042847939971561e-05
Updating learning rate to 8.042847939971561e-05
(34369, 1)
(34369, 1) True
train 34369
vs, vt 0.18577568464022776 0.19215486839663384
need align? ->  False 0.19215486839663384
2023-09-05 19:41:55,024 - epoch:13, training loss:4.7492 validation loss:0.1858
Updating learning rate to 7.498954413568693e-05
Updating learning rate to 7.498954413568693e-05
(34369, 1)
(34369, 1) True
train 34369
vs, vt 0.18314044799801357 0.19096304274387865
need align? ->  False 0.19096304274387865
2023-09-05 19:48:27,550 - epoch:14, training loss:4.6462 validation loss:0.1831
Updating learning rate to 6.912303426514151e-05
Updating learning rate to 6.912303426514151e-05
(34369, 1)
(34369, 1) True
train 34369
vs, vt 0.18301050928967624 0.18873580790764793
need align? ->  False 0.18873580790764793
2023-09-05 19:55:02,333 - epoch:15, training loss:4.6529 validation loss:0.1830
Updating learning rate to 6.292932739846823e-05
Updating learning rate to 6.292932739846823e-05
(34369, 1)
(34369, 1) True
train 34369
vs, vt 0.18228345711887214 0.18727079198263877
need align? ->  False 0.18727079198263877
2023-09-05 20:01:37,955 - epoch:16, training loss:4.4719 validation loss:0.1823
Updating learning rate to 5.651439957737585e-05
Updating learning rate to 5.651439957737585e-05
(34369, 1)
(34369, 1) True
train 34369
vs, vt 0.18166639029396978 0.1871772363532189
need align? ->  False 0.1871772363532189
2023-09-05 20:08:14,072 - epoch:17, training loss:4.5254 validation loss:0.1817
Updating learning rate to 4.998801199543722e-05
Updating learning rate to 4.998801199543722e-05
(34369, 1)
(34369, 1) True
train 34369
vs, vt 0.18078027540745015 0.18669542172850842
need align? ->  False 0.18669542172850842
2023-09-05 20:14:50,339 - epoch:18, training loss:4.5158 validation loss:0.1808
Updating learning rate to 4.3461832953635796e-05
Updating learning rate to 4.3461832953635796e-05
(34369, 1)
(34369, 1) True
train 34369
vs, vt 0.18058279371045155 0.186057074318052
need align? ->  False 0.186057074318052
2023-09-05 20:21:27,511 - epoch:19, training loss:4.5763 validation loss:0.1806
Updating learning rate to 3.70475271847755e-05
Updating learning rate to 3.70475271847755e-05
(34369, 1)
(34369, 1) True
train 34369
vs, vt 0.1815578805792598 0.18469484171221376
need align? ->  False 0.18469484171221376
2023-09-05 20:28:06,250 - epoch:20, training loss:4.5652 validation loss:0.1816
Updating learning rate to 3.085484523894306e-05
Updating learning rate to 3.085484523894306e-05
(34369, 1)
(34369, 1) True
train 34369
vs, vt 0.18137502131265634 0.18601489961979775
need align? ->  False 0.18469484171221376
2023-09-05 20:34:44,747 - epoch:21, training loss:4.6106 validation loss:0.1814
Updating learning rate to 2.4989745621167433e-05
Updating learning rate to 2.4989745621167433e-05
(34369, 1)
(34369, 1) True
train 34369
vs, vt 0.18160945231188608 0.18474453427521875
need align? ->  False 0.18469484171221376
2023-09-05 20:41:22,277 - epoch:22, training loss:4.6014 validation loss:0.1816
Updating learning rate to 1.955258181202164e-05
Updating learning rate to 1.955258181202164e-05
(34369, 1)
(34369, 1) True
train 34369
vs, vt 0.18093233501444983 0.18535211070456317
need align? ->  False 0.18469484171221376
2023-09-05 20:48:01,274 - epoch:23, training loss:4.5971 validation loss:0.1809
Updating learning rate to 1.4636385191746728e-05
Updating learning rate to 1.4636385191746728e-05
(34369, 1)
(34369, 1) True
train 34369
vs, vt 0.18077725436351152 0.1849960383215097
need align? ->  False 0.18469484171221376
2023-09-05 20:54:41,263 - epoch:24, training loss:4.5941 validation loss:0.1808
Updating learning rate to 1.0325273247542814e-05
Updating learning rate to 1.0325273247542814e-05
(34369, 1)
(34369, 1) True
train 34369
vs, vt 0.18043864686978595 0.1844954489621037
need align? ->  False 0.1844954489621037
2023-09-05 21:01:18,004 - epoch:25, training loss:4.5916 validation loss:0.1804
Updating learning rate to 6.693010300041293e-06
Updating learning rate to 6.693010300041293e-06
(34369, 1)
(34369, 1) True
train 34369
vs, vt 0.1805786517079316 0.18435458514277495
need align? ->  False 0.18435458514277495
2023-09-05 21:07:58,278 - epoch:26, training loss:4.5971 validation loss:0.1806
Updating learning rate to 3.801745375327441e-06
Updating learning rate to 3.801745375327441e-06
(34369, 1)
(34369, 1) True
train 34369
vs, vt 0.18053929260073429 0.18435210969777746
need align? ->  False 0.18435210969777746
2023-09-05 21:14:34,111 - epoch:27, training loss:4.5981 validation loss:0.1805
Updating learning rate to 1.7009488178731925e-06
Updating learning rate to 1.7009488178731925e-06
(34369, 1)
(34369, 1) True
train 34369
vs, vt 0.1806889645047694 0.18432853608158048
need align? ->  False 0.18432853608158048
2023-09-05 21:21:11,741 - epoch:28, training loss:4.6009 validation loss:0.1807
Updating learning rate to 4.2656583922743976e-07
Updating learning rate to 4.2656583922743976e-07
(34369, 1)
(34369, 1) True
train 34369
vs, vt 0.1806644065794665 0.18432619549625412
need align? ->  False 0.18432619549625412
2023-09-05 21:27:52,228 - epoch:29, training loss:4.5993 validation loss:0.1807
Updating learning rate to 4.0148548051411953e-10
Updating learning rate to 4.0148548051411953e-10
dropout 0.05
dropout 0.05
fourier enhanced block used!
modes=32, index=[0, 1, 2, 3, 5, 6, 7, 8, 11, 14, 15, 16, 17, 18, 19, 20, 21, 23, 24, 26, 27, 29, 30, 31, 34, 36, 39, 40, 41, 44, 45, 46]
fourier enhanced block used!
modes=32, index=[8, 11, 12, 13, 16, 17, 23, 24, 25, 26, 29, 32, 33, 35, 36, 37, 39, 40, 41, 43, 45, 50, 52, 54, 56, 57, 58, 59, 63, 64, 65, 66]
 fourier enhanced cross attention used!
modes_q=32, index_q=[0, 3, 4, 5, 8, 11, 14, 15, 20, 21, 22, 23, 31, 33, 35, 36, 40, 41, 42, 46, 47, 48, 50, 52, 54, 55, 56, 59, 61, 63, 64, 68]
modes_kv=32, index_kv=[0, 1, 2, 3, 5, 6, 7, 9, 12, 13, 15, 16, 17, 19, 25, 26, 27, 30, 32, 33, 34, 35, 36, 37, 38, 39, 41, 42, 43, 44, 45, 46]
check exp/ECL-FEDformer2023-09-05-18:12:08.033982/0/0.1804_epoch_25.pkl  &  0.18432619549625412
2023-09-05 21:28:17,619 - [*] loss:0.8733
2023-09-05 21:28:17,632 - [*] phase 0, testing
2023-09-05 21:28:17,767 - T:96	MAE	0.580307	RMSE	0.874561	MAPE	299.694443
2023-09-05 21:28:17,767 - 96	mae	0.5803	
2023-09-05 21:28:17,767 - 96	rmse	0.8746	
2023-09-05 21:28:17,767 - 96	mape	299.6944	
2023-09-05 21:28:46,953 - [*] loss:0.8733
2023-09-05 21:28:46,962 - [*] phase 0, testing
2023-09-05 21:28:47,092 - T:96	MAE	0.580330	RMSE	0.874584	MAPE	299.724412
2023-09-05 21:29:11,015 - [*] loss:0.8733
2023-09-05 21:29:11,033 - [*] phase 0, testing
2023-09-05 21:29:11,158 - T:96	MAE	0.580307	RMSE	0.874561	MAPE	299.694443
2023-09-05 21:29:35,511 - [*] loss:0.3876
2023-09-05 21:29:35,520 - [*] phase 0, testing
2023-09-05 21:29:35,652 - T:96	MAE	0.410757	RMSE	0.387992	MAPE	236.625528
2023-09-05 21:29:35,659 - 96	mae	0.4108	
2023-09-05 21:29:35,659 - 96	rmse	0.3880	
2023-09-05 21:29:35,660 - 96	mape	236.6255	
