2023-09-06 11:35:12,919 - logger name:exp/ECL-PatchTST2023-09-06-11:35:12.914163/ECL-PatchTST.log
2023-09-06 11:35:12,919 - params : {'loss': 'huber', 'conf': 'ECL-PatchTST', 'data_name': 'ETTm1', 'iteration': 1, 'train': 1, 'mainrs': 0, 'abl': 0, 'abl_tmp_context': 0, 'abl_ae': 0, 'no_tmp': 1, 'load': True, 'build_graph': False, 'same_init': True, 'grad_norm': False, 'refiner_residual': 0, 'root_path': '', 'exp_path': 'exp/', 'val_test_mix': False, 'lr': 0.0001, 'lradj': 'TST', 'dropout': 0.2, 'fc_dropout': 0.2, 'head_dropout': 0.0, 'patch_len': 16, 'stride': 8, 'd_ff': 256, 'd_model': 128, 'n_heads': 16, 'seq_len': 336, 'pred_len': 192, 'noise_rate': 0.5, 'device': device(type='cuda', index=0), 'test_model_path': '/Disk/fhyega/code/BASE/exp/ECL-PatchTST2023-08-26-13:08:31.837686/0/best_model.pkl', 'idx': -1, 'aligner': 1, 'always_align': 1, 'refiner': 1, 'rec_block_num': 1, 'enhance': 1, 'enhance_type': 5, 'seed': 34, 'batch_size': 64, 'share_head': 0, 'add_noise': 1, 'add_norm': 0, 'jitter_sigma': 0.4, 'slope_rate': 0.01, 'slope_range': 0.2, 'alpha': 10.0, 'beta': 1.0, 'gamma': 0.15, 'feature_jittering': 1, 'rec_intra_feature': 0, 'rec_ori': 1, 'mid_dim': 128, 'test_en': 0, 'debugger': 0, 'summary': 0, 'omega': 1.0, 'theta': 1.5, 'mask_border': 1, 'sup_weight': 10.0, 'rec_length_ratio': 0.8, 'ref_dropout': 0.0, 'ref_block_num': 1, 'add_FFN': 1, 'add_residual': 0, 'rec_all': 0, 'e_layers': 3, 'early_break': 0, 'early_stop': 10, '/* model related args*/': '//', 'model_name': 'PatchTST', 'label_len': 48, 'features': 'M', 'target': 'OT', 'graph_input': False, 'individual': False, 'd_layers': 1, 'factor': 1, 'des': 'Exp', 'padding_patch': 'end', 'revin': 1, 'affine': 0, 'subtract_last': 0, 'decomposition': 0, 'kernel_size': 25, 'output_attention': 0, 'embed_type': 0, 'activation': 'gelu', 'distil': 1, 'linear_output': 1, 'pct_start': 0.2, 'indie': 1, '/*train related args*/': '//', 'epoch': 30, '/*dataset related args*/': '//', 'save_data_path': 'data/ECL/', 'data_process': True, 'embed': 'timeF', 'freq': 'h', 'begin_phase': 0, 'end_phase': 1, 'phase_len': -1, 'val_ratio': 0.33, 'graph_size': 321, '/*strategy related args*/': '//', 'strategy': 'incremental', 'increase': False, 'detect': False, 'detect_strategy': 'feature', 'replay': False, 'replay_strategy': 'random', 'repaly_num_samples': 100, 'ewc': False, 'ewc_strategy': 'ewc', 'ewc_lambda': 0.0001, 'subgraph_train': False, 'num_hops': 2, 'logname': 'ECL-PatchTST', 'time': '2023-09-06-11:35:12.914163', 'path': 'exp/ECL-PatchTST2023-09-06-11:35:12.914163', 'num_workers': 4, 'start_train': 0, 'train_mode': 'pretrain', 'get_score': False, 'use_cm': True, 'logger': <Logger __main__ (INFO)>}
2023-09-06 11:35:12,919 - [*] phase 0 start training
0 69680
train 34033
val 11329
test 11329
2023-09-06 11:35:13,752 - [*] phase 0 Dataset load!
1 True None
2023-09-06 11:35:14,666 - [*] phase 0 Training start
train 34033
2023-09-06 11:37:39,574 - epoch:0, training loss:0.1824 validation loss:0.2085
(34033, 7)
(34033, 7) True
train 34033
vs, vt 0.20848981709627623 0.21517786178528592
Updating learning rate to 1.0434726665328864e-05
Updating learning rate to 1.0434726665328864e-05
(34033, 7)
(34033, 7) True
train 34033
vs, vt 0.20688061169191693 0.20790288272952095
need align? ->  False 0.20790288272952095
2023-09-06 11:42:45,905 - epoch:1, training loss:11.1164 validation loss:0.2069
Updating learning rate to 2.8013668858919874e-05
Updating learning rate to 2.8013668858919874e-05
(34033, 7)
(34033, 7) True
train 34033
vs, vt 0.2027739037163137 0.20659407360081591
need align? ->  False 0.20659407360081591
2023-09-06 11:46:45,202 - epoch:2, training loss:3.4778 validation loss:0.2028
Updating learning rate to 5.2023672910715735e-05
Updating learning rate to 5.2023672910715735e-05
(34033, 7)
(34033, 7) False
train 34033
vs, vt 0.20524112683501136 0.20600707556926803
need align? ->  False 0.20600707556926803
2023-09-06 11:50:23,066 - epoch:3, training loss:1.6568 validation loss:0.2052
Updating learning rate to 7.602732993293542e-05
Updating learning rate to 7.602732993293542e-05
(34033, 7)
(34033, 7) True
train 34033
vs, vt 0.20088053869313738 0.2061735654689288
need align? ->  False 0.20600707556926803
2023-09-06 11:54:06,516 - epoch:4, training loss:1.3147 validation loss:0.2009
Updating learning rate to 9.3588932762817e-05
Updating learning rate to 9.3588932762817e-05
(34033, 7)
(34033, 7) False
train 34033
vs, vt 0.19991393123617332 0.20425687068968676
need align? ->  False 0.20425687068968676
2023-09-06 11:58:07,432 - epoch:5, training loss:1.0358 validation loss:0.1999
Updating learning rate to 9.999999848075964e-05
Updating learning rate to 9.999999848075964e-05
(34033, 7)
(34033, 7) False
train 34033
vs, vt 0.2011514827818348 0.20588075557953855
need align? ->  False 0.20425687068968676
2023-09-06 12:01:54,548 - epoch:6, training loss:0.9650 validation loss:0.2012
Updating learning rate to 9.957063444389977e-05
Updating learning rate to 9.957063444389977e-05
(34033, 7)
(34033, 7) False
train 34033
vs, vt 0.20112494379281998 0.20355820274922284
need align? ->  False 0.20355820274922284
2023-09-06 12:05:49,828 - epoch:7, training loss:0.8782 validation loss:0.2011
Updating learning rate to 9.829310653018389e-05
Updating learning rate to 9.829310653018389e-05
(34033, 7)
(34033, 7) False
train 34033
vs, vt 0.1994764313645912 0.20421011708258244
need align? ->  False 0.20355820274922284
2023-09-06 12:09:44,495 - epoch:8, training loss:0.9154 validation loss:0.1995
Updating learning rate to 9.618927359641333e-05
Updating learning rate to 9.618927359641333e-05
(34033, 7)
(34033, 7) True
train 34033
vs, vt 0.19901313166018952 0.20127475439581308
need align? ->  False 0.20127475439581308
2023-09-06 12:13:19,576 - epoch:9, training loss:0.8677 validation loss:0.1990
Updating learning rate to 9.329513280737758e-05
Updating learning rate to 9.329513280737758e-05
(34033, 7)
(34033, 7) True
train 34033
vs, vt 0.2003874360803473 0.20421603751065356
need align? ->  False 0.20127475439581308
2023-09-06 12:17:12,018 - epoch:10, training loss:0.9449 validation loss:0.2004
Updating learning rate to 8.966020371438448e-05
Updating learning rate to 8.966020371438448e-05
(34033, 7)
(34033, 7) True
train 34033
vs, vt 0.19689722007580018 0.2012013861637437
need align? ->  False 0.2012013861637437
2023-09-06 12:21:02,915 - epoch:11, training loss:0.8989 validation loss:0.1969
Updating learning rate to 8.534668096200788e-05
Updating learning rate to 8.534668096200788e-05
(34033, 7)
(34033, 7) True
train 34033
vs, vt 0.19816250820759307 0.2007005246711916
need align? ->  False 0.2007005246711916
2023-09-06 12:24:39,215 - epoch:12, training loss:0.9599 validation loss:0.1982
Updating learning rate to 8.042837012047538e-05
Updating learning rate to 8.042837012047538e-05
(34033, 7)
(34033, 7) True
train 34033
vs, vt 0.20202318013886386 0.20306295453664963
need align? ->  True 0.2007005246711916
2023-09-06 12:28:33,210 - epoch:13, training loss:0.9747 validation loss:0.2020
Updating learning rate to 7.498942485189898e-05
Updating learning rate to 7.498942485189898e-05
(34033, 7)
(34033, 7) True
train 34033
vs, vt 0.1993947708037462 0.2011159390545963
need align? ->  False 0.2007005246711916
2023-09-06 12:32:21,597 - epoch:14, training loss:0.9543 validation loss:0.1994
Updating learning rate to 6.912290701778455e-05
Updating learning rate to 6.912290701778455e-05
(34033, 7)
(34033, 7) True
train 34033
vs, vt 0.1991075746966212 0.20136647121039
need align? ->  False 0.2007005246711916
2023-09-06 12:36:00,506 - epoch:15, training loss:0.9352 validation loss:0.1991
Updating learning rate to 6.29291943647798e-05
Updating learning rate to 6.29291943647798e-05
(34033, 7)
(34033, 7) False
train 34033
vs, vt 0.19607316752832926 0.20106107961344585
need align? ->  False 0.2007005246711916
2023-09-06 12:39:54,530 - epoch:16, training loss:0.9237 validation loss:0.1961
Updating learning rate to 5.651426303359923e-05
Updating learning rate to 5.651426303359923e-05
(34033, 7)
(34033, 7) True
train 34033
vs, vt 0.1971428066994367 0.1999377582557081
need align? ->  False 0.1999377582557081
2023-09-06 12:43:37,973 - epoch:17, training loss:0.9147 validation loss:0.1971
Updating learning rate to 4.99878742778743e-05
Updating learning rate to 4.99878742778743e-05
(34033, 7)
(34033, 7) True
train 34033
vs, vt 0.1969950929116667 0.2000840941464968
need align? ->  False 0.1999377582557081
2023-09-06 12:47:18,584 - epoch:18, training loss:1.0348 validation loss:0.1970
Updating learning rate to 4.346169641867228e-05
Updating learning rate to 4.346169641867228e-05
(34033, 7)
(34033, 7) False
train 34033
vs, vt 0.19694426940398269 0.19864564602462093
need align? ->  False 0.19864564602462093
2023-09-06 12:51:16,612 - epoch:19, training loss:1.0124 validation loss:0.1969
Updating learning rate to 3.704739416856244e-05
Updating learning rate to 3.704739416856244e-05
(34033, 7)
(34033, 7) True
train 34033
vs, vt 0.1974340385098136 0.19893610224211483
need align? ->  False 0.19864564602462093
2023-09-06 12:54:58,242 - epoch:20, training loss:1.0488 validation loss:0.1974
Updating learning rate to 3.0854718017424746e-05
Updating learning rate to 3.0854718017424746e-05
(34033, 7)
(34033, 7) True
train 34033
vs, vt 0.19697861406910286 0.19927422321412
need align? ->  False 0.19864564602462093
2023-09-06 12:58:39,137 - epoch:21, training loss:1.0368 validation loss:0.1970
Updating learning rate to 2.4989626371139337e-05
Updating learning rate to 2.4989626371139337e-05
(34033, 7)
(34033, 7) False
train 34033
vs, vt 0.19560078464532166 0.19927145691400164
need align? ->  False 0.19864564602462093
2023-09-06 13:02:39,154 - epoch:22, training loss:1.0289 validation loss:0.1956
Updating learning rate to 1.9552472573884788e-05
Updating learning rate to 1.9552472573884788e-05
(34033, 7)
(34033, 7) True
train 34033
vs, vt 0.1969175852123606 0.19912044657917505
need align? ->  False 0.19864564602462093
2023-09-06 13:06:16,687 - epoch:23, training loss:1.0237 validation loss:0.1969
Updating learning rate to 1.4636287834595912e-05
Updating learning rate to 1.4636287834595912e-05
(34033, 7)
(34033, 7) False
train 34033
vs, vt 0.19745223906435325 0.1989824255572611
need align? ->  False 0.19864564602462093
2023-09-06 13:09:59,648 - epoch:24, training loss:1.0215 validation loss:0.1975
Updating learning rate to 1.0325189437185909e-05
Updating learning rate to 1.0325189437185909e-05
(34033, 7)
(34033, 7) False
train 34033
vs, vt 0.19604396884947012 0.19903518012567853
need align? ->  False 0.19864564602462093
2023-09-06 13:14:01,647 - epoch:25, training loss:1.0177 validation loss:0.1960
Updating learning rate to 6.692941470496724e-06
Updating learning rate to 6.692941470496724e-06
(34033, 7)
(34033, 7) False
train 34033
vs, vt 0.19551598598782935 0.19910582012674782
need align? ->  False 0.19864564602462093
2023-09-06 13:17:51,597 - epoch:26, training loss:1.0154 validation loss:0.1955
Updating learning rate to 3.8016927042877923e-06
Updating learning rate to 3.8016927042877923e-06
(34033, 7)
(34033, 7) False
train 34033
vs, vt 0.19563134619442935 0.19888658162331982
need align? ->  False 0.19864564602462093
2023-09-06 13:21:34,932 - epoch:27, training loss:1.0157 validation loss:0.1956
Updating learning rate to 1.7009132065545696e-06
Updating learning rate to 1.7009132065545696e-06
(34033, 7)
(34033, 7) False
train 34033
vs, vt 0.1958437389327904 0.1988550607491745
need align? ->  False 0.19864564602462093
2023-09-06 13:25:37,152 - epoch:28, training loss:1.0148 validation loss:0.1958
Updating learning rate to 4.265478969493755e-07
Updating learning rate to 4.265478969493755e-07
(34033, 7)
(34033, 7) False
train 34033
vs, vt 0.1956207768552089 0.19891008044059358
need align? ->  False 0.19864564602462093
2023-09-06 13:29:09,381 - epoch:29, training loss:1.0150 validation loss:0.1956
Updating learning rate to 4.0151924035722596e-10
Updating learning rate to 4.0151924035722596e-10
check exp/ECL-PatchTST2023-09-06-11:35:12.914163/0/0.1955_epoch_26.pkl  &  0.19864564602462093
2023-09-06 13:29:51,738 - [*] loss:0.3234
2023-09-06 13:29:51,761 - [*] phase 0, testing
2023-09-06 13:29:52,155 - T:192	MAE	0.360137	RMSE	0.324403	MAPE	221.744347
2023-09-06 13:29:52,156 - 192	mae	0.3601	
2023-09-06 13:29:52,156 - 192	rmse	0.3244	
2023-09-06 13:29:52,157 - 192	mape	221.7443	
2023-09-06 13:30:29,869 - [*] loss:0.3234
2023-09-06 13:30:29,900 - [*] phase 0, testing
2023-09-06 13:30:30,319 - T:192	MAE	0.360219	RMSE	0.324460	MAPE	222.243619
2023-09-06 13:31:13,081 - [*] loss:0.3234
2023-09-06 13:31:13,104 - [*] phase 0, testing
2023-09-06 13:31:13,480 - T:192	MAE	0.360137	RMSE	0.324403	MAPE	221.744347
2023-09-06 13:31:50,706 - [*] loss:0.3411
2023-09-06 13:31:50,730 - [*] phase 0, testing
2023-09-06 13:31:51,098 - T:192	MAE	0.363175	RMSE	0.342362	MAPE	222.918892
2023-09-06 13:31:51,098 - 192	mae	0.3632	
2023-09-06 13:31:51,099 - 192	rmse	0.3424	
2023-09-06 13:31:51,099 - 192	mape	222.9189	
