2023-09-06 16:13:58,972 - logger name:exp/ECL-PatchTST2023-09-06-16:13:58.971545/ECL-PatchTST.log
2023-09-06 16:13:58,973 - params : {'loss': 'huber', 'conf': 'ECL-PatchTST', 'data_name': 'ETTm1', 'iteration': 1, 'train': 1, 'mainrs': 0, 'abl': 0, 'abl_tmp_context': 0, 'abl_ae': 0, 'no_tmp': 0, 'load': True, 'build_graph': False, 'same_init': True, 'grad_norm': False, 'refiner_residual': 0, 'root_path': '', 'exp_path': 'exp/', 'val_test_mix': False, 'lr': 0.0001, 'lradj': 'TST', 'dropout': 0.2, 'fc_dropout': 0.2, 'head_dropout': 0.0, 'patch_len': 16, 'stride': 8, 'd_ff': 256, 'd_model': 128, 'n_heads': 16, 'seq_len': 336, 'pred_len': 336, 'noise_rate': 0.5, 'device': device(type='cuda', index=0), 'test_model_path': '/Disk/fhyega/code/BASE/exp/ECL-PatchTST2023-08-26-13:08:31.837686/0/best_model.pkl', 'idx': -1, 'aligner': 0, 'always_align': 1, 'refiner': 1, 'rec_block_num': 1, 'enhance': 1, 'enhance_type': 5, 'seed': 34, 'batch_size': 64, 'share_head': 0, 'add_noise': 1, 'add_norm': 0, 'jitter_sigma': 0.4, 'slope_rate': 0.01, 'slope_range': 0.2, 'alpha': 10.0, 'beta': 1.0, 'gamma': 0.15, 'feature_jittering': 1, 'rec_intra_feature': 0, 'rec_ori': 1, 'mid_dim': 128, 'test_en': 0, 'debugger': 0, 'summary': 0, 'omega': 1.0, 'theta': 1.5, 'mask_border': 1, 'sup_weight': 10.0, 'rec_length_ratio': 0.8, 'ref_dropout': 0.0, 'ref_block_num': 1, 'add_FFN': 1, 'add_residual': 0, 'rec_all': 0, 'e_layers': 3, 'early_break': 0, 'early_stop': 10, '/* model related args*/': '//', 'model_name': 'PatchTST', 'label_len': 48, 'features': 'M', 'target': 'OT', 'graph_input': False, 'individual': False, 'd_layers': 1, 'factor': 1, 'des': 'Exp', 'padding_patch': 'end', 'revin': 1, 'affine': 0, 'subtract_last': 0, 'decomposition': 0, 'kernel_size': 25, 'output_attention': 0, 'embed_type': 0, 'activation': 'gelu', 'distil': 1, 'linear_output': 1, 'pct_start': 0.2, 'indie': 1, '/*train related args*/': '//', 'epoch': 30, '/*dataset related args*/': '//', 'save_data_path': 'data/ECL/', 'data_process': True, 'embed': 'timeF', 'freq': 'h', 'begin_phase': 0, 'end_phase': 1, 'phase_len': -1, 'val_ratio': 0.33, 'graph_size': 321, '/*strategy related args*/': '//', 'strategy': 'incremental', 'increase': False, 'detect': False, 'detect_strategy': 'feature', 'replay': False, 'replay_strategy': 'random', 'repaly_num_samples': 100, 'ewc': False, 'ewc_strategy': 'ewc', 'ewc_lambda': 0.0001, 'subgraph_train': False, 'num_hops': 2, 'logname': 'ECL-PatchTST', 'time': '2023-09-06-16:13:58.971545', 'path': 'exp/ECL-PatchTST2023-09-06-16:13:58.971545', 'num_workers': 4, 'start_train': 0, 'train_mode': 'pretrain', 'get_score': False, 'use_cm': True, 'logger': <Logger __main__ (INFO)>}
2023-09-06 16:13:58,973 - [*] phase 0 start training
0 69680
train 33889
val 11185
test 11185
2023-09-06 16:13:59,975 - [*] phase 0 Dataset load!
1 True None
2023-09-06 16:14:00,943 - [*] phase 0 Training start
train 33889
2023-09-06 16:16:33,875 - epoch:0, training loss:0.1957 validation loss:0.2538
(33889, 7)
(33889, 7) True
train 33889
vs, vt 0.2538496118571077 0.2572856228905065
Updating learning rate to 1.0434741591055141e-05
Updating learning rate to 1.0434741591055141e-05
(33889, 7)
(33889, 7) True
train 33889
vs, vt 0.2552905209362507 0.2520017831027508
need align? ->  True 0.2520017831027508
2023-09-06 16:22:07,956 - epoch:1, training loss:8.5766 validation loss:0.2553
Updating learning rate to 2.8013720558234977e-05
Updating learning rate to 2.8013720558234977e-05
(33889, 7)
(33889, 7) False
train 33889
vs, vt 0.24989911839365958 0.2531994178891182
need align? ->  False 0.2520017831027508
2023-09-06 16:26:16,140 - epoch:2, training loss:2.8294 validation loss:0.2499
Updating learning rate to 5.202376243952299e-05
Updating learning rate to 5.202376243952299e-05
(33889, 7)
(33889, 7) True
train 33889
vs, vt 0.25003824706588473 0.251358916418893
need align? ->  False 0.251358916418893
2023-09-06 16:30:26,754 - epoch:3, training loss:2.5695 validation loss:0.2500
Updating learning rate to 7.602743327256502e-05
Updating learning rate to 7.602743327256502e-05
(33889, 7)
(33889, 7) True
train 33889
vs, vt 0.25100378519722394 0.2514060909194606
need align? ->  False 0.251358916418893
2023-09-06 16:34:27,984 - epoch:4, training loss:3.3967 validation loss:0.2510
Updating learning rate to 9.358900726372054e-05
Updating learning rate to 9.358900726372054e-05
(33889, 7)
(33889, 7) True
train 33889
vs, vt 0.24946879444377762 0.25884749693529946
need align? ->  False 0.251358916418893
2023-09-06 16:38:16,095 - epoch:5, training loss:3.6200 validation loss:0.2495
Updating learning rate to 9.999999846925029e-05
Updating learning rate to 9.999999846925029e-05
(33889, 7)
(33889, 7) True
train 33889
vs, vt 0.25329927812729564 0.25800139403768946
need align? ->  True 0.251358916418893
2023-09-06 16:42:09,672 - epoch:6, training loss:4.0826 validation loss:0.2533
Updating learning rate to 9.957062834995753e-05
Updating learning rate to 9.957062834995753e-05
(33889, 7)
(33889, 7) True
train 33889
vs, vt 0.2527989050745964 0.2568112488303866
need align? ->  True 0.251358916418893
2023-09-06 16:46:12,154 - epoch:7, training loss:4.4579 validation loss:0.2528
Updating learning rate to 9.829309445807781e-05
Updating learning rate to 9.829309445807781e-05
(33889, 7)
(33889, 7) True
train 33889
vs, vt 0.2531344931891986 0.2572175538114139
need align? ->  True 0.251358916418893
2023-09-06 16:50:22,101 - epoch:8, training loss:4.6440 validation loss:0.2531
Updating learning rate to 9.618925575270048e-05
Updating learning rate to 9.618925575270048e-05
(33889, 7)
(33889, 7) False
train 33889
vs, vt 0.26110392570495605 0.2618041304392474
need align? ->  True 0.251358916418893
2023-09-06 16:54:21,202 - epoch:9, training loss:4.7690 validation loss:0.2611
Updating learning rate to 9.329510949736885e-05
Updating learning rate to 9.329510949736885e-05
(33889, 7)
(33889, 7) True
train 33889
vs, vt 0.2599939162603446 0.25615334042481014
need align? ->  True 0.251358916418893
2023-09-06 16:58:09,059 - epoch:10, training loss:4.8405 validation loss:0.2600
Updating learning rate to 8.966017533692057e-05
Updating learning rate to 8.966017533692057e-05
(33889, 7)
(33889, 7) False
train 33889
vs, vt 0.26789855573858534 0.26777140174593245
need align? ->  True 0.251358916418893
2023-09-06 17:02:04,842 - epoch:11, training loss:4.8348 validation loss:0.2679
Updating learning rate to 8.534664800263505e-05
Updating learning rate to 8.534664800263505e-05
(33889, 7)
(33889, 7) False
train 33889
vs, vt 0.26392551560487065 0.2659525869360992
need align? ->  True 0.251358916418893
2023-09-06 17:06:07,354 - epoch:12, training loss:4.7896 validation loss:0.2639
Updating learning rate to 8.042833314313765e-05
Updating learning rate to 8.042833314313765e-05
(33889, 7)
(33889, 7) True
train 33889
vs, vt 0.2719083818367549 0.2653676520287991
need align? ->  True 0.251358916418893
2023-09-06 17:10:15,757 - epoch:13, training loss:4.7234 validation loss:0.2719
Updating learning rate to 7.498938448928887e-05
Updating learning rate to 7.498938448928887e-05
(33889, 7)
(33889, 7) True
train 33889
vs, vt 0.26884423032402993 0.27595508483903747
need align? ->  True 0.251358916418893
2023-09-06 17:14:13,062 - epoch:14, training loss:4.6243 validation loss:0.2688
Updating learning rate to 6.912286396051747e-05
Updating learning rate to 6.912286396051747e-05
(33889, 7)
(33889, 7) False
train 33889
vs, vt 0.27088209467274804 0.2670758998394012
need align? ->  True 0.251358916418893
2023-09-06 17:18:03,853 - epoch:15, training loss:4.5349 validation loss:0.2709
Updating learning rate to 6.292914934957758e-05
Updating learning rate to 6.292914934957758e-05
(33889, 7)
(33889, 7) False
train 33889
vs, vt 0.2704929625562259 0.26979230753013067
need align? ->  True 0.251358916418893
2023-09-06 17:22:02,264 - epoch:16, training loss:4.4505 validation loss:0.2705
check exp/ECL-PatchTST2023-09-06-16:13:58.971545/0/0.2495_epoch_5.pkl  &  0.251358916418893
2023-09-06 17:22:32,983 - [*] loss:0.3706
2023-09-06 17:22:33,247 - [*] phase 0, testing
2023-09-06 17:22:36,424 - T:336	MAE	0.392401	RMSE	0.370509	MAPE	238.726616
2023-09-06 17:22:36,432 - 336	mae	0.3924	
2023-09-06 17:22:36,432 - 336	rmse	0.3705	
2023-09-06 17:22:36,432 - 336	mape	238.7266	
2023-09-06 17:23:08,067 - [*] loss:0.3738
2023-09-06 17:23:08,447 - [*] phase 0, testing
2023-09-06 17:23:12,259 - T:336	MAE	0.391932	RMSE	0.373587	MAPE	242.086387
2023-09-06 17:23:52,632 - [*] loss:0.3706
2023-09-06 17:23:52,944 - [*] phase 0, testing
2023-09-06 17:23:56,903 - T:336	MAE	0.392401	RMSE	0.370509	MAPE	238.726616
2023-09-06 17:24:34,274 - [*] loss:0.3853
2023-09-06 17:24:34,622 - [*] phase 0, testing
2023-09-06 17:24:38,534 - T:336	MAE	0.392228	RMSE	0.385327	MAPE	239.481592
2023-09-06 17:24:38,538 - 336	mae	0.3922	
2023-09-06 17:24:38,538 - 336	rmse	0.3853	
2023-09-06 17:24:38,539 - 336	mape	239.4816	
