2023-09-05 22:57:24,955 - logger name:exp/ECL-Autoformer2023-09-05-22:57:24.955567/ECL-Autoformer.log
2023-09-05 22:57:24,955 - params : {'loss': 'huber', 'conf': 'ECL-Autoformer', 'data_name': 'ETTm1', 'iteration': 1, 'train': 1, 'mainrs': 0, 'abl': 0, 'abl_tmp_context': 0, 'abl_ae': 0, 'no_tmp': 0, 'load': True, 'build_graph': False, 'same_init': True, 'grad_norm': False, 'refiner_residual': 0, 'root_path': '', 'exp_path': 'exp/', 'val_test_mix': False, 'lr': 0.0001, 'lradj': 'TST', 'dropout': 0.05, 'fc_dropout': 0.05, 'head_dropout': 0.0, 'patch_len': 16, 'stride': 8, 'd_ff': 512, 'd_model': 128, 'n_heads': 8, 'seq_len': 96, 'pred_len': 336, 'noise_rate': 0.5, 'device': device(type='cuda', index=1), 'test_model_path': '/Disk/fhyega/code/BASE/exp/ECL-PatchTST2023-08-26-13:08:31.837686/0/best_model.pkl', 'idx': -1, 'aligner': 0, 'always_align': 1, 'refiner': 1, 'rec_block_num': 1, 'enhance': 1, 'enhance_type': 5, 'seed': 34, 'batch_size': 64, 'share_head': 0, 'add_noise': 1, 'add_norm': 0, 'jitter_sigma': 0.4, 'slope_rate': 0.01, 'slope_range': 0.2, 'alpha': 10.0, 'beta': 1.0, 'gamma': 0.15, 'feature_jittering': 1, 'rec_intra_feature': 0, 'rec_ori': 1, 'mid_dim': 128, 'test_en': 0, 'debugger': 0, 'summary': 0, 'omega': 1.0, 'theta': 1.5, 'mask_border': 1, 'sup_weight': 10.0, 'rec_length_ratio': 0.8, 'ref_dropout': 0.0, 'ref_block_num': 1, 'add_FFN': 1, 'add_residual': 0, 'rec_all': 0, 'e_layers': 2, 'early_break': 0, 'early_stop': 10, '/* model related args*/': '//', 'model_name': 'Autoformer', 'label_len': 48, 'features': 'M', 'target': 'OT', 'graph_input': False, 'individual': False, 'd_layers': 1, 'factor': 3, 'des': 'Exp', 'padding_patch': 'end', 'revin': 1, 'affine': 0, 'subtract_last': 0, 'decomposition': 0, 'kernel_size': 25, 'output_attention': 0, 'embed_type': 0, 'activation': 'gelu', 'distil': 1, 'linear_output': 0, 'pct_start': 0.3, 'moving_avg': 25, 'indie': 0, '/*train related args*/': '//', 'epoch': 30, '/*dataset related args*/': '//', 'save_data_path': 'data/ECL/', 'data_process': False, 'embed': 'timeF', 'freq': 'h', 'begin_phase': 0, 'end_phase': 1, 'phase_len': 26304, 'val_ratio': 0.33, 'graph_size': 321, '/*strategy related args*/': '//', 'strategy': 'incremental', 'increase': False, 'detect': False, 'detect_strategy': 'feature', 'replay': False, 'replay_strategy': 'random', 'repaly_num_samples': 100, 'ewc': False, 'ewc_strategy': 'ewc', 'ewc_lambda': 0.0001, 'subgraph_train': False, 'num_hops': 2, 'logname': 'ECL-Autoformer', 'time': '2023-09-05-22:57:24.955567', 'path': 'exp/ECL-Autoformer2023-09-05-22:57:24.955567', 'num_workers': 4, 'start_train': 0, 'train_mode': 'pretrain', 'get_score': False, 'use_cm': True, 'logger': <Logger __main__ (INFO)>}
2023-09-05 22:57:24,956 - [*] phase 0 start training
train 34129
val 11185
test 11185
2023-09-05 22:57:25,239 - [*] phase 0 Dataset load!
1 True None
2023-09-05 22:57:25,683 - [*] phase 0 Training start
train 34129
2023-09-05 23:01:10,159 - epoch:0, training loss:0.3070 validation loss:0.3824
(34129, 1)
(34129, 1) True
train 34129
vs, vt 0.38244377051080974 0.3844383444956371
Updating learning rate to 6.895949192991724e-06
Updating learning rate to 6.895949192991724e-06
(34129, 1)
(34129, 1) True
train 34129
vs, vt 0.3522529412167413 0.36038741316114153
need align? ->  False 0.36038741316114153
2023-09-05 23:09:15,446 - epoch:1, training loss:11.5520 validation loss:0.3523
Updating learning rate to 1.5234358366617343e-05
Updating learning rate to 1.5234358366617343e-05
(34129, 1)
(34129, 1) True
train 34129
vs, vt 0.3412692409328052 0.3503995199714388
need align? ->  False 0.3503995199714388
2023-09-05 23:15:39,254 - epoch:2, training loss:9.8307 validation loss:0.3413
Updating learning rate to 2.8009077132660348e-05
Updating learning rate to 2.8009077132660348e-05
(34129, 1)
(34129, 1) True
train 34129
vs, vt 0.3468845011506762 0.35159619331359865
need align? ->  False 0.3503995199714388
2023-09-05 23:22:04,236 - epoch:3, training loss:6.5776 validation loss:0.3469
Updating learning rate to 4.367864980356998e-05
Updating learning rate to 4.367864980356998e-05
(34129, 1)
(34129, 1) True
train 34129
vs, vt 0.3571541030917849 0.3542400630031313
need align? ->  True 0.3503995199714388
2023-09-05 23:28:26,555 - epoch:4, training loss:6.2112 validation loss:0.3572
Updating learning rate to 6.035231444889432e-05
Updating learning rate to 6.035231444889432e-05
(34129, 1)
(34129, 1) True
train 34129
vs, vt 0.36261676473276955 0.34887332426650186
need align? ->  True 0.34887332426650186
2023-09-05 23:34:58,327 - epoch:5, training loss:7.0749 validation loss:0.3626
Updating learning rate to 7.601815083222329e-05
Updating learning rate to 7.601815083222329e-05
(34129, 1)
(34129, 1) True
train 34129
vs, vt 0.3689144200512341 0.35499547017472133
need align? ->  True 0.34887332426650186
2023-09-05 23:41:25,073 - epoch:6, training loss:6.1564 validation loss:0.3689
Updating learning rate to 8.878584786056352e-05
Updating learning rate to 8.878584786056352e-05
(34129, 1)
(34129, 1) True
train 34129
vs, vt 0.3731276352490698 0.3598801104937281
need align? ->  True 0.34887332426650186
2023-09-05 23:47:54,134 - epoch:7, training loss:5.7145 validation loss:0.3731
Updating learning rate to 9.711479712118226e-05
Updating learning rate to 9.711479712118226e-05
(34129, 1)
(34129, 1) True
train 34129
vs, vt 0.3723962254183633 0.35982648517404286
need align? ->  True 0.34887332426650186
2023-09-05 23:54:17,840 - epoch:8, training loss:5.6951 validation loss:0.3724
Updating learning rate to 9.99999980305498e-05
Updating learning rate to 9.99999980305498e-05
(34129, 1)
(34129, 1) True
train 34129
vs, vt 0.37795021155050823 0.36559297825608933
need align? ->  True 0.34887332426650186
2023-09-06 00:00:38,793 - epoch:9, training loss:5.7812 validation loss:0.3780
Updating learning rate to 9.943944998587439e-05
Updating learning rate to 9.943944998587439e-05
(34129, 1)
(34129, 1) True
train 34129
vs, vt 0.37965659665209905 0.37167079819100246
need align? ->  True 0.34887332426650186
2023-09-06 00:07:00,206 - epoch:10, training loss:5.8755 validation loss:0.3797
Updating learning rate to 9.777451079241591e-05
Updating learning rate to 9.777451079241591e-05
(34129, 1)
(34129, 1) True
train 34129
vs, vt 0.3858335014751979 0.37145809624876297
need align? ->  True 0.34887332426650186
2023-09-06 00:13:17,785 - epoch:11, training loss:6.0199 validation loss:0.3858
Updating learning rate to 9.504237244052699e-05
Updating learning rate to 9.504237244052699e-05
(34129, 1)
(34129, 1) True
train 34129
vs, vt 0.3806299793294498 0.36863415986299514
need align? ->  True 0.34887332426650186
2023-09-06 00:19:39,023 - epoch:12, training loss:6.1528 validation loss:0.3806
Updating learning rate to 9.130406638626615e-05
Updating learning rate to 9.130406638626615e-05
(34129, 1)
(34129, 1) True
train 34129
vs, vt 0.38079874191965374 0.3716208301271711
need align? ->  True 0.34887332426650186
2023-09-06 00:25:40,961 - epoch:13, training loss:6.2283 validation loss:0.3808
check exp/ECL-Autoformer2023-09-05-22:57:24.955567/0/0.3413_epoch_2.pkl  &  0.34887332426650186
2023-09-06 00:26:21,148 - [*] loss:0.6675
2023-09-06 00:26:21,175 - [*] phase 0, testing
2023-09-06 00:26:21,601 - T:336	MAE	0.539586	RMSE	0.667550	MAPE	280.527043
2023-09-06 00:26:21,602 - 336	mae	0.5396	
2023-09-06 00:26:21,602 - 336	rmse	0.6676	
2023-09-06 00:26:21,602 - 336	mape	280.5270	
2023-09-06 00:27:02,740 - [*] loss:0.6675
2023-09-06 00:27:02,768 - [*] phase 0, testing
2023-09-06 00:27:03,194 - T:336	MAE	0.539584	RMSE	0.667551	MAPE	280.519366
2023-09-06 00:27:44,920 - [*] loss:0.6675
2023-09-06 00:27:44,947 - [*] phase 0, testing
2023-09-06 00:27:45,382 - T:336	MAE	0.539586	RMSE	0.667550	MAPE	280.527043
2023-09-06 00:28:26,421 - [*] loss:0.6794
2023-09-06 00:28:26,448 - [*] phase 0, testing
2023-09-06 00:28:26,887 - T:336	MAE	0.524697	RMSE	0.679537	MAPE	275.553846
2023-09-06 00:28:26,888 - 336	mae	0.5247	
2023-09-06 00:28:26,888 - 336	rmse	0.6795	
2023-09-06 00:28:26,888 - 336	mape	275.5538	
