2023-09-06 12:47:04,714 - logger name:exp/ECL-FEDformer2023-09-06-12:47:04.714388/ECL-FEDformer.log
2023-09-06 12:47:04,714 - params : {'loss': 'huber', 'conf': 'ECL-FEDformer', 'data_name': 'ETTm1', 'iteration': 1, 'train': 1, 'mainrs': 0, 'abl': 0, 'abl_tmp_context': 0, 'abl_ae': 0, 'no_tmp': 1, 'load': True, 'build_graph': False, 'same_init': True, 'grad_norm': False, 'refiner_residual': 0, 'root_path': '', 'exp_path': 'exp/', 'val_test_mix': False, 'lr': 0.0001, 'lradj': 'TST', 'dropout': 0.05, 'fc_dropout': 0.05, 'head_dropout': 0.0, 'patch_len': 16, 'stride': 8, 'd_ff': 512, 'd_model': 128, 'n_heads': 8, 'seq_len': 96, 'pred_len': 336, 'noise_rate': 0.5, 'device': device(type='cuda', index=0), 'test_model_path': '/Disk/fhyega/code/BASE/exp/ECL-PatchTST2023-08-26-13:08:31.837686/0/best_model.pkl', 'idx': -1, 'aligner': 1, 'always_align': 1, 'refiner': 1, 'rec_block_num': 1, 'enhance': 1, 'enhance_type': 5, 'seed': 34, 'batch_size': 64, 'share_head': 0, 'add_noise': 1, 'add_norm': 0, 'jitter_sigma': 0.4, 'slope_rate': 0.01, 'slope_range': 0.2, 'alpha': 10.0, 'beta': 1.0, 'gamma': 0.15, 'feature_jittering': 1, 'rec_intra_feature': 0, 'rec_ori': 1, 'mid_dim': 128, 'test_en': 0, 'debugger': 0, 'summary': 0, 'omega': 1.0, 'theta': 1.5, 'mask_border': 1, 'sup_weight': 10.0, 'rec_length_ratio': 0.8, 'ref_dropout': 0.0, 'ref_block_num': 1, 'add_FFN': 1, 'add_residual': 0, 'rec_all': 0, 'e_layers': 2, 'early_break': 0, 'early_stop': 10, '/* model related args*/': '//', 'model_name': 'FEDformer', 'label_len': 48, 'features': 'M', 'target': 'OT', 'graph_input': False, 'individual': False, 'd_layers': 1, 'factor': 1, 'des': 'Exp', 'padding_patch': 'end', 'revin': 1, 'affine': 0, 'subtract_last': 0, 'decomposition': 0, 'kernel_size': 25, 'output_attention': 0, 'embed_type': 0, 'activation': 'gelu', 'distil': 1, 'linear_output': 0, 'pct_start': 0.2, 'num_kernels': 6, 'top_k': 5, 'moving_avg': 25, 'indie': 0, '/*train related args*/': '//', 'epoch': 30, '/*dataset related args*/': '//', 'save_data_path': 'data/ECL/', 'data_process': True, 'embed': 'timeF', 'freq': 'h', 'begin_phase': 0, 'end_phase': 1, 'phase_len': -1, 'val_ratio': 0.33, 'graph_size': 321, '/*strategy related args*/': '//', 'strategy': 'incremental', 'increase': False, 'detect': False, 'detect_strategy': 'feature', 'replay': False, 'replay_strategy': 'random', 'repaly_num_samples': 100, 'ewc': False, 'ewc_strategy': 'ewc', 'ewc_lambda': 0.0001, 'subgraph_train': False, 'num_hops': 2, 'logname': 'ECL-FEDformer', 'time': '2023-09-06-12:47:04.714388', 'path': 'exp/ECL-FEDformer2023-09-06-12:47:04.714388', 'num_workers': 4, 'start_train': 0, 'train_mode': 'pretrain', 'get_score': False, 'use_cm': True, 'logger': <Logger __main__ (INFO)>}
2023-09-06 12:47:04,714 - [*] phase 0 start training
0 69680
train 34129
val 11185
test 11185
2023-09-06 12:47:05,561 - [*] phase 0 Dataset load!
dropout 0.05
dropout 0.05
fourier enhanced block used!
modes=32, index=[0, 1, 2, 3, 6, 7, 8, 9, 10, 12, 13, 15, 16, 17, 19, 22, 23, 24, 26, 27, 28, 30, 31, 34, 37, 39, 40, 43, 44, 45, 46, 47]
fourier enhanced block used!
modes=32, index=[2, 3, 10, 14, 20, 26, 30, 34, 40, 47, 50, 52, 53, 69, 74, 75, 79, 91, 97, 105, 110, 113, 115, 118, 127, 130, 135, 171, 178, 181, 187, 189]
 fourier enhanced cross attention used!
modes_q=32, index_q=[0, 11, 14, 23, 35, 36, 47, 50, 52, 54, 56, 59, 61, 63, 72, 84, 94, 96, 101, 110, 115, 121, 124, 131, 134, 136, 142, 168, 172, 173, 175, 180]
modes_kv=32, index_kv=[0, 1, 2, 3, 5, 6, 7, 9, 12, 13, 15, 16, 17, 19, 25, 26, 27, 30, 32, 33, 34, 35, 36, 37, 38, 39, 41, 42, 43, 44, 45, 46]
1 True None
2023-09-06 12:47:05,873 - [*] phase 0 Training start
train 34129
2023-09-06 12:51:15,270 - epoch:0, training loss:0.3556 validation loss:0.4236
(34129, 1)
(34129, 1) True
train 34129
vs, vt 0.42358421078750064 0.4253470732484545
Updating learning rate to 1.0434711851666469e-05
Updating learning rate to 1.0434711851666469e-05
(34129, 1)
(34129, 1) True
train 34129
vs, vt 0.3696006891131401 0.3738120799830982
need align? ->  False 0.3738120799830982
2023-09-06 13:00:58,900 - epoch:1, training loss:16.4529 validation loss:0.3696
Updating learning rate to 2.8013617547750165e-05
Updating learning rate to 2.8013617547750165e-05
(34129, 1)
(34129, 1) True
train 34129
vs, vt 0.36196316450834276 0.3656149386082377
need align? ->  False 0.3656149386082377
2023-09-06 13:08:12,463 - epoch:2, training loss:14.0903 validation loss:0.3620
Updating learning rate to 5.202358405400454e-05
Updating learning rate to 5.202358405400454e-05
(34129, 1)
(34129, 1) True
train 34129
vs, vt 0.3240746824656214 0.35066955911261694
need align? ->  False 0.35066955911261694
2023-09-06 13:15:16,709 - epoch:3, training loss:9.8169 validation loss:0.3241
Updating learning rate to 7.602722736893337e-05
Updating learning rate to 7.602722736893337e-05
(34129, 1)
(34129, 1) True
train 34129
vs, vt 0.2927354670848165 0.34190957788910187
need align? ->  False 0.34190957788910187
2023-09-06 13:22:41,363 - epoch:4, training loss:6.5047 validation loss:0.2927
Updating learning rate to 9.358885882079718e-05
Updating learning rate to 9.358885882079718e-05
(34129, 1)
(34129, 1) True
train 34129
vs, vt 0.2857716977596283 0.3075032063467162
need align? ->  False 0.3075032063467162
2023-09-06 13:30:02,593 - epoch:5, training loss:5.2647 validation loss:0.2858
Updating learning rate to 9.999999849213968e-05
Updating learning rate to 9.999999849213968e-05
(34129, 1)
(34129, 1) True
train 34129
vs, vt 0.27953700470072884 0.29643399634531564
need align? ->  False 0.29643399634531564
2023-09-06 13:37:09,991 - epoch:6, training loss:4.7534 validation loss:0.2795
Updating learning rate to 9.957064049206628e-05
Updating learning rate to 9.957064049206628e-05
(34129, 1)
(34129, 1) True
train 34129
vs, vt 0.276881037737642 0.28950811594724657
need align? ->  False 0.28950811594724657
2023-09-06 13:44:15,483 - epoch:7, training loss:4.4615 validation loss:0.2769
Updating learning rate to 9.829311851165108e-05
Updating learning rate to 9.829311851165108e-05
(34129, 1)
(34129, 1) True
train 34129
vs, vt 0.2760707258326667 0.28754627070256644
need align? ->  False 0.28754627070256644
2023-09-06 13:51:40,929 - epoch:8, training loss:4.2746 validation loss:0.2761
Updating learning rate to 9.618929130617497e-05
Updating learning rate to 9.618929130617497e-05
(34129, 1)
(34129, 1) True
train 34129
vs, vt 0.2769473134619849 0.2846739932894707
need align? ->  False 0.2846739932894707
2023-09-06 13:59:08,434 - epoch:9, training loss:4.1468 validation loss:0.2769
Updating learning rate to 9.329515594241475e-05
Updating learning rate to 9.329515594241475e-05
(34129, 1)
(34129, 1) True
train 34129
vs, vt 0.27578520634344644 0.2841444629005023
need align? ->  False 0.2841444629005023
2023-09-06 14:06:24,700 - epoch:10, training loss:4.0551 validation loss:0.2758
Updating learning rate to 8.966023187885026e-05
Updating learning rate to 8.966023187885026e-05
(34129, 1)
(34129, 1) True
train 34129
vs, vt 0.2759571096301079 0.28300236152751107
need align? ->  False 0.28300236152751107
2023-09-06 14:13:29,637 - epoch:11, training loss:3.9920 validation loss:0.2760
Updating learning rate to 8.534671367400045e-05
Updating learning rate to 8.534671367400045e-05
(34129, 1)
(34129, 1) True
train 34129
vs, vt 0.2757275326337133 0.2818590387701988
need align? ->  False 0.2818590387701988
2023-09-06 14:20:46,029 - epoch:12, training loss:3.9499 validation loss:0.2757
Updating learning rate to 8.042840682028348e-05
Updating learning rate to 8.042840682028348e-05
(34129, 1)
(34129, 1) True
train 34129
vs, vt 0.27553424601043974 0.282590734234878
need align? ->  False 0.2818590387701988
2023-09-06 14:28:12,546 - epoch:13, training loss:3.9225 validation loss:0.2755
Updating learning rate to 7.498946491157874e-05
Updating learning rate to 7.498946491157874e-05
(34129, 1)
(34129, 1) True
train 34129
vs, vt 0.2764558888758932 0.28172584661415645
need align? ->  False 0.28172584661415645
2023-09-06 14:35:37,598 - epoch:14, training loss:3.9057 validation loss:0.2765
Updating learning rate to 6.912294975190372e-05
Updating learning rate to 6.912294975190372e-05
(34129, 1)
(34129, 1) True
train 34129
vs, vt 0.27501309382064004 0.28094735811863625
need align? ->  False 0.28094735811863625
2023-09-06 14:42:53,903 - epoch:15, training loss:3.8937 validation loss:0.2750
Updating learning rate to 6.292923904214577e-05
Updating learning rate to 6.292923904214577e-05
(34129, 1)
(34129, 1) True
train 34129
vs, vt 0.27428068161010744 0.28034744662897926
need align? ->  False 0.28034744662897926
2023-09-06 14:49:59,883 - epoch:16, training loss:3.8870 validation loss:0.2743
Updating learning rate to 5.6514308889769877e-05
Updating learning rate to 5.6514308889769877e-05
(34129, 1)
(34129, 1) True
train 34129
vs, vt 0.2751934882572719 0.2810495106237275
need align? ->  False 0.28034744662897926
2023-09-06 14:57:19,979 - epoch:17, training loss:3.8811 validation loss:0.2752
Updating learning rate to 4.9987920528237804e-05
Updating learning rate to 4.9987920528237804e-05
(34129, 1)
(34129, 1) True
train 34129
vs, vt 0.2745217474869319 0.2808064892888069
need align? ->  False 0.28034744662897926
2023-09-06 15:04:48,626 - epoch:18, training loss:3.8761 validation loss:0.2745
Updating learning rate to 4.3461742271872124e-05
Updating learning rate to 4.3461742271872124e-05
(34129, 1)
(34129, 1) True
train 34129
vs, vt 0.27388588534934183 0.2799728617497853
need align? ->  False 0.2799728617497853
2023-09-06 15:12:13,287 - epoch:19, training loss:3.8731 validation loss:0.2739
Updating learning rate to 3.704743884003767e-05
Updating learning rate to 3.704743884003767e-05
(34129, 1)
(34129, 1) True
train 34129
vs, vt 0.2739320048689842 0.2796730073860713
need align? ->  False 0.2796730073860713
2023-09-06 15:19:24,943 - epoch:20, training loss:3.8718 validation loss:0.2739
Updating learning rate to 3.0854760742834e-05
Updating learning rate to 3.0854760742834e-05
(34129, 1)
(34129, 1) True
train 34129
vs, vt 0.27420919328927995 0.2798894941381046
need align? ->  False 0.2796730073860713
2023-09-06 15:26:31,283 - epoch:21, training loss:3.8687 validation loss:0.2742
Updating learning rate to 2.4989666419439063e-05
Updating learning rate to 2.4989666419439063e-05
(34129, 1)
(34129, 1) True
train 34129
vs, vt 0.27407934835978914 0.2799707228796823
need align? ->  False 0.2796730073860713
2023-09-06 15:33:54,352 - epoch:22, training loss:3.8671 validation loss:0.2741
Updating learning rate to 1.9552509259837427e-05
Updating learning rate to 1.9552509259837427e-05
(34129, 1)
(34129, 1) True
train 34129
vs, vt 0.2742188396624156 0.27988069551331657
need align? ->  False 0.2796730073860713
2023-09-06 15:41:23,659 - epoch:23, training loss:3.8649 validation loss:0.2742
Updating learning rate to 1.4636320530494689e-05
Updating learning rate to 1.4636320530494689e-05
(34129, 1)
(34129, 1) True
train 34129
vs, vt 0.2739144343989236 0.2797010034748486
need align? ->  False 0.2796730073860713
2023-09-06 15:48:43,570 - epoch:24, training loss:3.8635 validation loss:0.2739
Updating learning rate to 1.0325217583594908e-05
Updating learning rate to 1.0325217583594908e-05
(34129, 1)
(34129, 1) True
train 34129
vs, vt 0.2739091750127929 0.27965878146035333
need align? ->  False 0.27965878146035333
2023-09-06 15:55:52,084 - epoch:25, training loss:3.8625 validation loss:0.2739
Updating learning rate to 6.6929645858230745e-06
Updating learning rate to 6.6929645858230745e-06
(34129, 1)
(34129, 1) True
train 34129
vs, vt 0.27399617020572936 0.2797747443829264
need align? ->  False 0.27965878146035333
2023-09-06 16:02:47,706 - epoch:26, training loss:3.8615 validation loss:0.2740
Updating learning rate to 3.801710393021869e-06
Updating learning rate to 3.801710393021869e-06
(34129, 1)
(34129, 1) True
train 34129
vs, vt 0.2740079061474119 0.2797231748700142
need align? ->  False 0.27965878146035333
2023-09-06 16:10:15,895 - epoch:27, training loss:3.8618 validation loss:0.2740
Updating learning rate to 1.7009251660372196e-06
Updating learning rate to 1.7009251660372196e-06
(34129, 1)
(34129, 1) True
train 34129
vs, vt 0.27391865564244133 0.27963287655796326
need align? ->  False 0.27963287655796326
2023-09-06 16:17:35,700 - epoch:28, training loss:3.8614 validation loss:0.2739
Updating learning rate to 4.265539225505273e-07
Updating learning rate to 4.265539225505273e-07
(34129, 1)
(34129, 1) True
train 34129
vs, vt 0.27390759212630134 0.27965301671198434
need align? ->  False 0.27963287655796326
2023-09-06 16:24:45,499 - epoch:29, training loss:3.8611 validation loss:0.2739
Updating learning rate to 4.015078603225348e-10
Updating learning rate to 4.015078603225348e-10
dropout 0.05
dropout 0.05
fourier enhanced block used!
modes=32, index=[0, 1, 2, 3, 4, 7, 8, 9, 10, 11, 13, 14, 17, 18, 22, 24, 27, 29, 30, 31, 32, 33, 34, 35, 36, 38, 39, 40, 41, 44, 45, 47]
fourier enhanced block used!
modes=32, index=[6, 8, 9, 11, 16, 18, 19, 21, 24, 25, 45, 48, 54, 59, 63, 74, 84, 96, 99, 114, 119, 126, 129, 130, 138, 140, 147, 153, 165, 181, 187, 191]
 fourier enhanced cross attention used!
modes_q=32, index_q=[8, 10, 11, 47, 53, 64, 66, 67, 82, 86, 93, 102, 105, 112, 113, 115, 118, 120, 123, 133, 138, 143, 149, 155, 169, 172, 179, 183, 184, 186, 188, 191]
modes_kv=32, index_kv=[0, 1, 2, 3, 6, 7, 8, 9, 11, 13, 14, 15, 16, 19, 22, 26, 27, 29, 30, 31, 32, 34, 35, 36, 38, 39, 40, 41, 42, 43, 45, 46]
check exp/ECL-FEDformer2023-09-06-12:47:04.714388/0/0.2739_epoch_19.pkl  &  0.27963287655796326
2023-09-06 16:25:15,756 - [*] loss:1.0405
2023-09-06 16:25:15,783 - [*] phase 0, testing
2023-09-06 16:25:16,224 - T:336	MAE	0.651080	RMSE	1.040691	MAPE	350.328660
2023-09-06 16:25:16,225 - 336	mae	0.6511	
2023-09-06 16:25:16,225 - 336	rmse	1.0407	
2023-09-06 16:25:16,225 - 336	mape	350.3287	
2023-09-06 16:25:45,560 - [*] loss:1.0405
2023-09-06 16:25:45,591 - [*] phase 0, testing
2023-09-06 16:25:46,027 - T:336	MAE	0.651080	RMSE	1.040691	MAPE	350.328541
2023-09-06 16:26:17,052 - [*] loss:1.0405
2023-09-06 16:26:17,078 - [*] phase 0, testing
2023-09-06 16:26:17,506 - T:336	MAE	0.651080	RMSE	1.040691	MAPE	350.328660
2023-09-06 16:26:47,988 - [*] loss:0.4621
2023-09-06 16:26:48,014 - [*] phase 0, testing
2023-09-06 16:26:48,436 - T:336	MAE	0.446746	RMSE	0.462008	MAPE	248.935413
2023-09-06 16:26:48,437 - 336	mae	0.4467	
2023-09-06 16:26:48,437 - 336	rmse	0.4620	
2023-09-06 16:26:48,437 - 336	mape	248.9354	
