2023-08-23 20:50:26,204 - logger name:exp/ECL-PatchTST2023-08-23-20:50:26.204206/ECL-PatchTST.log
2023-08-23 20:50:26,204 - params : {'loss': 'huber', 'conf': 'ECL-PatchTST', 'data_name': 'ETTh2', 'iteration': 1, 'train': 1, 'load': True, 'build_graph': False, 'same_init': True, 'grad_norm': False, 'refiner_residual': 0, 'root_path': '', 'exp_path': 'exp/', 'val_test_mix': False, 'pred_len': 96, 'noise_rate': 0.5, 'device': device(type='cuda', index=1), 'test_model_path': '/Disk/fhyega/code/BASE/exp/ECL-PatchTST2023-08-22-20:19:56.785959/0/best_model.pkl', 'idx': -1, 'aligner': 1, 'always_align': 1, 'refiner': 1, 'rec_block_num': 1, 'enhance': 1, 'enhance_type': 5, 'seed': 34, 'batch_size': 128, 'share_head': 0, 'add_noise': 1, 'jitter_sigma': 2.0, 'slope_rate': 0.01, 'slope_range': 0.5, 'alpha': 10.0, 'beta': 1.0, 'gamma': 0.15, 'feature_jittering': 1, 'rec_intra_feature': 0, 'rec_ori': 1, 'mid_dim': 128, 'test_en': 0, 'debugger': 0, 'omega': 1.0, 'theta': 1.1, 'mask_border': 1, 'sup_weight': 20.0, 'rec_length_ratio': 1.0, 'ref_dropout': 0.0, 'ref_block_num': 2, 'add_FFN': 0, 'add_residual': 0, 'rec_all': 0, '/* model related args*/': '//', 'model_name': 'PatchTST', 'seq_len': 336, 'label_len': 48, 'features': 'M', 'target': 'OT', 'graph_input': False, 'individual': False, 'e_layers': 3, 'd_layers': 1, 'factor': 1, 'n_heads': 16, 'd_model': 128, 'd_ff': 256, 'dropout': 0.2, 'fc_dropout': 0.2, 'head_dropout': 0.0, 'patch_len': 16, 'stride': 8, 'des': 'Exp', 'padding_patch': 'end', 'revin': 1, 'affine': 0, 'subtract_last': 0, 'decomposition': 0, 'kernel_size': 25, 'output_attention': 0, 'embed_type': 0, 'activation': 'gelu', 'lradj': 'TST', 'distil': 1, 'linear_output': 1, 'pct_start': 0.2, '/*train related args*/': '//', 'epoch': 30, 'lr': 0.0001, '/*dataset related args*/': '//', 'save_data_path': 'data/ECL/', 'data_process': True, 'embed': 'timeF', 'freq': 'h', 'begin_phase': 0, 'end_phase': 1, 'phase_len': 26304, 'val_ratio': 0.33, 'graph_size': 321, '/*strategy related args*/': '//', 'strategy': 'incremental', 'increase': False, 'detect': False, 'detect_strategy': 'feature', 'replay': False, 'replay_strategy': 'random', 'repaly_num_samples': 100, 'ewc': False, 'ewc_strategy': 'ewc', 'ewc_lambda': 0.0001, 'subgraph_train': False, 'num_hops': 2, 'logname': 'ECL-PatchTST', 'time': '2023-08-23-20:50:26.204206', 'path': 'exp/ECL-PatchTST2023-08-23-20:50:26.204206', 'num_workers': 4, 'start_train': 0, 'train_mode': 'pretrain', 'get_score': False, 'use_cm': True, 'logger': <Logger __main__ (INFO)>}
2023-08-23 20:50:26,204 - [*] phase 0 start training
0 26304
train 8209
val 2785
test 2785
2023-08-23 20:50:26,398 - [*] phase 0 Dataset load!
2023-08-23 20:50:27,386 - [*] phase 0 Training start
train 8209
2023-08-23 20:50:37,622 - epoch:0, training loss:0.2223 validation loss:0.1619
train 8209
vs, vt 0.1619003186510368 0.1647822740064426
Updating learning rate to 1.0463629820836433e-05
Updating learning rate to 1.0463629820836433e-05
train 8209
vs, vt 0.13747349025850947 0.14328568784350698
need align? ->  False 0.14328568784350698
2023-08-23 20:51:31,381 - epoch:1, training loss:8.9907 validation loss:0.1375
Updating learning rate to 2.8113748014145436e-05
Updating learning rate to 2.8113748014145436e-05
train 8209
vs, vt 0.1292030531913042 0.13158745809712194
need align? ->  False 0.13158745809712194
2023-08-23 20:52:18,163 - epoch:2, training loss:5.5699 validation loss:0.1292
Updating learning rate to 5.219686165094539e-05
Updating learning rate to 5.219686165094539e-05
train 8209
vs, vt 0.12491204047744925 0.12746690357611937
need align? ->  False 0.12746690357611937
2023-08-23 20:53:05,104 - epoch:3, training loss:3.8336 validation loss:0.1249
Updating learning rate to 7.622695691951079e-05
Updating learning rate to 7.622695691951079e-05
train 8209
vs, vt 0.1252664408900521 0.12452247815037315
need align? ->  True 0.12452247815037315
2023-08-23 20:53:51,627 - epoch:4, training loss:2.8169 validation loss:0.1253
Updating learning rate to 9.373229880419829e-05
Updating learning rate to 9.373229880419829e-05
train 8209
vs, vt 0.12426823216744444 0.12435899818824096
need align? ->  False 0.12435899818824096
2023-08-23 20:54:38,209 - epoch:5, training loss:2.3404 validation loss:0.1243
Updating learning rate to 9.999989541836333e-05
Updating learning rate to 9.999989541836333e-05
train 8209
vs, vt 0.12453900480812247 0.1232686314562505
need align? ->  True 0.1232686314562505
2023-08-23 20:55:24,846 - epoch:6, training loss:2.1489 validation loss:0.1245
Updating learning rate to 9.955879284407972e-05
Updating learning rate to 9.955879284407972e-05
train 8209
vs, vt 0.12266928770325401 0.12331973591988737
need align? ->  False 0.1232686314562505
2023-08-23 20:56:11,654 - epoch:7, training loss:2.0445 validation loss:0.1227
Updating learning rate to 9.826972900599613e-05
Updating learning rate to 9.826972900599613e-05
train 8209
vs, vt 0.12479964051056992 0.12337083445692604
need align? ->  True 0.1232686314562505
2023-08-23 20:56:58,410 - epoch:8, training loss:1.9510 validation loss:0.1248
Updating learning rate to 9.615476014377818e-05
Updating learning rate to 9.615476014377818e-05
train 8209
vs, vt 0.12358797350051728 0.12442538836462931
need align? ->  True 0.1232686314562505
2023-08-23 20:57:44,937 - epoch:9, training loss:1.8831 validation loss:0.1236
Updating learning rate to 9.325007396103859e-05
Updating learning rate to 9.325007396103859e-05
train 8209
vs, vt 0.1250756425275044 0.12396630983461034
need align? ->  True 0.1232686314562505
2023-08-23 20:58:31,726 - epoch:10, training loss:1.8387 validation loss:0.1251
Updating learning rate to 8.960537044369518e-05
Updating learning rate to 8.960537044369518e-05
train 8209
vs, vt 0.12447068560868502 0.12493572798980908
need align? ->  True 0.1232686314562505
2023-08-23 20:59:18,521 - epoch:11, training loss:1.7830 validation loss:0.1245
Updating learning rate to 8.528301147943237e-05
Updating learning rate to 8.528301147943237e-05
train 8209
vs, vt 0.12408706368031827 0.12530481087213213
need align? ->  True 0.1232686314562505
2023-08-23 21:00:05,994 - epoch:12, training loss:1.7426 validation loss:0.1241
Updating learning rate to 8.035695382851308e-05
Updating learning rate to 8.035695382851308e-05
train 8209
vs, vt 0.12401220617307858 0.12389484996145422
need align? ->  True 0.1232686314562505
2023-08-23 21:00:52,953 - epoch:13, training loss:1.7142 validation loss:0.1240
Updating learning rate to 7.49114837031057e-05
Updating learning rate to 7.49114837031057e-05
train 8209
vs, vt 0.12393345548347993 0.12454176050695506
need align? ->  True 0.1232686314562505
2023-08-23 21:01:39,729 - epoch:14, training loss:1.6796 validation loss:0.1239
Updating learning rate to 6.90397746068255e-05
Updating learning rate to 6.90397746068255e-05
train 8209
vs, vt 0.12442782707512379 0.12433066735552116
need align? ->  True 0.1232686314562505
2023-08-23 21:02:27,416 - epoch:15, training loss:1.6504 validation loss:0.1244
Updating learning rate to 6.284229311025519e-05
Updating learning rate to 6.284229311025519e-05
train 8209
vs, vt 0.12381425906311382 0.12471250800246542
need align? ->  True 0.1232686314562505
2023-08-23 21:03:14,301 - epoch:16, training loss:1.6350 validation loss:0.1238
Updating learning rate to 5.642507984006751e-05
Updating learning rate to 5.642507984006751e-05
train 8209
vs, vt 0.12427654845470731 0.12472227258099751
need align? ->  True 0.1232686314562505
2023-08-23 21:04:00,988 - epoch:17, training loss:1.6071 validation loss:0.1243
Updating learning rate to 4.989793509450307e-05
Updating learning rate to 4.989793509450307e-05
train 8209
vs, vt 0.12370755582709204 0.1255586679855531
need align? ->  True 0.1232686314562505
2023-08-23 21:04:49,159 - epoch:18, training loss:1.5947 validation loss:0.1237
Updating learning rate to 4.337254012982485e-05
Updating learning rate to 4.337254012982485e-05
train 8209
vs, vt 0.12354670583524487 0.12481668557633054
need align? ->  True 0.1232686314562505
2023-08-23 21:05:35,780 - epoch:19, training loss:1.5701 validation loss:0.1235
Updating learning rate to 3.696054626305981e-05
Updating learning rate to 3.696054626305981e-05
train 8209
vs, vt 0.12379384912889112 0.1247649167410352
need align? ->  True 0.1232686314562505
2023-08-23 21:06:22,625 - epoch:20, training loss:1.5513 validation loss:0.1238
Updating learning rate to 3.0771664487008854e-05
Updating learning rate to 3.0771664487008854e-05
train 8209
vs, vt 0.12337796381590041 0.12486593535339291
need align? ->  True 0.1232686314562505
2023-08-23 21:07:09,780 - epoch:21, training loss:1.5543 validation loss:0.1234
Updating learning rate to 2.491178828474237e-05
Updating learning rate to 2.491178828474237e-05
train 8209
vs, vt 0.12387749459594488 0.1250784271820025
need align? ->  True 0.1232686314562505
2023-08-23 21:07:56,055 - epoch:22, training loss:1.5522 validation loss:0.1239
Updating learning rate to 1.9481181762745777e-05
Updating learning rate to 1.9481181762745777e-05
train 8209
vs, vt 0.12389668111096729 0.12518479793586515
need align? ->  True 0.1232686314562505
2023-08-23 21:08:42,853 - epoch:23, training loss:1.5387 validation loss:0.1239
Updating learning rate to 1.4572764104259043e-05
Updating learning rate to 1.4572764104259043e-05
train 8209
vs, vt 0.12340467262335798 0.1250559502196583
need align? ->  True 0.1232686314562505
2023-08-23 21:09:29,521 - epoch:24, training loss:1.5234 validation loss:0.1234
Updating learning rate to 1.0270519696289322e-05
Updating learning rate to 1.0270519696289322e-05
train 8209
vs, vt 0.12352102376859296 0.12478444996205243
need align? ->  True 0.1232686314562505
2023-08-23 21:10:16,832 - epoch:25, training loss:1.5251 validation loss:0.1235
Updating learning rate to 6.648061133464466e-06
Updating learning rate to 6.648061133464466e-06
train 8209
vs, vt 0.12356933909045024 0.12489034201611172
need align? ->  True 0.1232686314562505
2023-08-23 21:11:03,253 - epoch:26, training loss:1.5264 validation loss:0.1236
Updating learning rate to 3.7673696861296922e-06
Updating learning rate to 3.7673696861296922e-06
train 8209
vs, vt 0.12351335263387724 0.12501619942486286
need align? ->  True 0.1232686314562505
2023-08-23 21:11:50,060 - epoch:27, training loss:1.5230 validation loss:0.1235
Updating learning rate to 1.6777347836274343e-06
Updating learning rate to 1.6777347836274343e-06
train 8209
vs, vt 0.12355724137953737 0.1250030490654436
need align? ->  True 0.1232686314562505
2023-08-23 21:12:36,519 - epoch:28, training loss:1.5236 validation loss:0.1236
Updating learning rate to 4.1491065849575754e-07
Updating learning rate to 4.1491065849575754e-07
train 8209
vs, vt 0.12352576115253297 0.12490114264867523
need align? ->  True 0.1232686314562505
2023-08-23 21:13:23,039 - epoch:29, training loss:1.5195 validation loss:0.1235
Updating learning rate to 5.045816366600914e-10
Updating learning rate to 5.045816366600914e-10
check exp/ECL-PatchTST2023-08-23-20:50:26.204206/0/0.1227_epoch_7.pkl  &  0.1232686314562505
2023-08-23 21:13:27,169 - [*] loss:0.2719
2023-08-23 21:13:27,173 - [*] phase 0, testing
2023-08-23 21:13:27,210 - T:96	MAE	0.332578	RMSE	0.272016	MAPE	134.868717
2023-08-23 21:13:27,211 - 96	mae	0.3326	
2023-08-23 21:13:27,212 - 96	rmse	0.2720	
2023-08-23 21:13:27,212 - 96	mape	134.8687	
2023-08-23 21:13:28,292 - [*] loss:0.2719
2023-08-23 21:13:28,295 - [*] phase 0, testing
2023-08-23 21:13:28,343 - T:96	MAE	0.332578	RMSE	0.272016	MAPE	134.868717
2023-08-23 21:13:29,365 - [*] loss:0.2743
2023-08-23 21:13:29,368 - [*] phase 0, testing
2023-08-23 21:13:29,407 - T:96	MAE	0.332020	RMSE	0.274462	MAPE	132.294190
2023-08-23 21:13:29,408 - 96	mae	0.3320	
2023-08-23 21:13:29,408 - 96	rmse	0.2745	
2023-08-23 21:13:29,408 - 96	mape	132.2942	
