2023-08-23 20:26:49,461 - logger name:exp/ECL-PatchTST2023-08-23-20:26:49.461704/ECL-PatchTST.log
2023-08-23 20:26:49,462 - params : {'loss': 'huber', 'conf': 'ECL-PatchTST', 'data_name': 'ETTh2', 'iteration': 1, 'train': 1, 'load': True, 'build_graph': False, 'same_init': True, 'grad_norm': False, 'refiner_residual': 0, 'root_path': '', 'exp_path': 'exp/', 'val_test_mix': False, 'pred_len': 96, 'noise_rate': 0.5, 'device': device(type='cuda', index=1), 'test_model_path': '/Disk/fhyega/code/BASE/exp/ECL-PatchTST2023-08-22-20:19:56.785959/0/best_model.pkl', 'idx': -1, 'aligner': 1, 'always_align': 1, 'refiner': 1, 'rec_block_num': 1, 'enhance': 1, 'enhance_type': 5, 'seed': 34, 'batch_size': 128, 'share_head': 0, 'add_noise': 1, 'jitter_sigma': 2.0, 'slope_rate': 0.01, 'slope_range': 0.5, 'alpha': 10.0, 'beta': 1.0, 'gamma': 0.15, 'feature_jittering': 1, 'rec_intra_feature': 0, 'rec_ori': 1, 'mid_dim': 128, 'test_en': 0, 'debugger': 0, 'omega': 1.0, 'theta': 1.1, 'mask_border': 1, 'sup_weight': 20.0, 'rec_length_ratio': 0.9, 'ref_dropout': 0.0, 'ref_block_num': 2, 'add_FFN': 0, 'add_residual': 0, 'rec_all': 0, '/* model related args*/': '//', 'model_name': 'PatchTST', 'seq_len': 336, 'label_len': 48, 'features': 'M', 'target': 'OT', 'graph_input': False, 'individual': False, 'e_layers': 3, 'd_layers': 1, 'factor': 1, 'n_heads': 16, 'd_model': 128, 'd_ff': 256, 'dropout': 0.2, 'fc_dropout': 0.2, 'head_dropout': 0.0, 'patch_len': 16, 'stride': 8, 'des': 'Exp', 'padding_patch': 'end', 'revin': 1, 'affine': 0, 'subtract_last': 0, 'decomposition': 0, 'kernel_size': 25, 'output_attention': 0, 'embed_type': 0, 'activation': 'gelu', 'lradj': 'TST', 'distil': 1, 'linear_output': 1, 'pct_start': 0.2, '/*train related args*/': '//', 'epoch': 30, 'lr': 0.0001, '/*dataset related args*/': '//', 'save_data_path': 'data/ECL/', 'data_process': True, 'embed': 'timeF', 'freq': 'h', 'begin_phase': 0, 'end_phase': 1, 'phase_len': 26304, 'val_ratio': 0.33, 'graph_size': 321, '/*strategy related args*/': '//', 'strategy': 'incremental', 'increase': False, 'detect': False, 'detect_strategy': 'feature', 'replay': False, 'replay_strategy': 'random', 'repaly_num_samples': 100, 'ewc': False, 'ewc_strategy': 'ewc', 'ewc_lambda': 0.0001, 'subgraph_train': False, 'num_hops': 2, 'logname': 'ECL-PatchTST', 'time': '2023-08-23-20:26:49.461704', 'path': 'exp/ECL-PatchTST2023-08-23-20:26:49.461704', 'num_workers': 4, 'start_train': 0, 'train_mode': 'pretrain', 'get_score': False, 'use_cm': True, 'logger': <Logger __main__ (INFO)>}
2023-08-23 20:26:49,462 - [*] phase 0 start training
0 26304
train 8209
val 2785
test 2785
2023-08-23 20:26:49,646 - [*] phase 0 Dataset load!
2023-08-23 20:26:50,644 - [*] phase 0 Training start
train 8209
2023-08-23 20:27:01,007 - epoch:0, training loss:0.2223 validation loss:0.1619
train 8209
vs, vt 0.1619003186510368 0.1647822740064426
Updating learning rate to 1.0463629820836433e-05
Updating learning rate to 1.0463629820836433e-05
train 8209
vs, vt 0.1369967232034965 0.14328568784350698
need align? ->  False 0.14328568784350698
2023-08-23 20:27:54,879 - epoch:1, training loss:5.2355 validation loss:0.1370
Updating learning rate to 2.8113748014145436e-05
Updating learning rate to 2.8113748014145436e-05
train 8209
vs, vt 0.1290468665855852 0.1318377462131056
need align? ->  False 0.1318377462131056
2023-08-23 20:28:41,485 - epoch:2, training loss:3.7879 validation loss:0.1290
Updating learning rate to 5.219686165094539e-05
Updating learning rate to 5.219686165094539e-05
train 8209
vs, vt 0.12548182405192743 0.1272812526334416
need align? ->  False 0.1272812526334416
2023-08-23 20:29:28,302 - epoch:3, training loss:2.8116 validation loss:0.1255
Updating learning rate to 7.622695691951079e-05
Updating learning rate to 7.622695691951079e-05
train 8209
vs, vt 0.1257662818005139 0.12434163875877857
need align? ->  True 0.12434163875877857
2023-08-23 20:30:15,874 - epoch:4, training loss:2.1197 validation loss:0.1258
Updating learning rate to 9.373229880419829e-05
Updating learning rate to 9.373229880419829e-05
train 8209
vs, vt 0.12421590741723776 0.1239997720007192
need align? ->  True 0.1239997720007192
2023-08-23 20:31:02,730 - epoch:5, training loss:1.7728 validation loss:0.1242
Updating learning rate to 9.999989541836333e-05
Updating learning rate to 9.999989541836333e-05
train 8209
vs, vt 0.12428617130287668 0.12363723614676432
need align? ->  True 0.12363723614676432
2023-08-23 20:31:49,488 - epoch:6, training loss:1.6373 validation loss:0.1243
Updating learning rate to 9.955879284407972e-05
Updating learning rate to 9.955879284407972e-05
train 8209
vs, vt 0.12218419420109554 0.12328301979736848
need align? ->  False 0.12328301979736848
2023-08-23 20:32:36,311 - epoch:7, training loss:1.5698 validation loss:0.1222
Updating learning rate to 9.826972900599613e-05
Updating learning rate to 9.826972900599613e-05
train 8209
vs, vt 0.12473673246462237 0.12289212347770279
need align? ->  True 0.12289212347770279
2023-08-23 20:33:23,341 - epoch:8, training loss:1.5236 validation loss:0.1247
Updating learning rate to 9.615476014377818e-05
Updating learning rate to 9.615476014377818e-05
train 8209
vs, vt 0.12294297233562577 0.12443826703185384
need align? ->  True 0.12289212347770279
2023-08-23 20:34:09,991 - epoch:9, training loss:1.4951 validation loss:0.1229
Updating learning rate to 9.325007396103859e-05
Updating learning rate to 9.325007396103859e-05
train 8209
vs, vt 0.12463717509738424 0.12379847720942715
need align? ->  True 0.12289212347770279
2023-08-23 20:34:56,615 - epoch:10, training loss:1.4650 validation loss:0.1246
Updating learning rate to 8.960537044369518e-05
Updating learning rate to 8.960537044369518e-05
train 8209
vs, vt 0.12389182858169079 0.12528826558793132
need align? ->  True 0.12289212347770279
2023-08-23 20:35:43,242 - epoch:11, training loss:1.4390 validation loss:0.1239
Updating learning rate to 8.528301147943237e-05
Updating learning rate to 8.528301147943237e-05
train 8209
vs, vt 0.12334513892842965 0.12495391477238048
need align? ->  True 0.12289212347770279
2023-08-23 20:36:29,943 - epoch:12, training loss:1.4211 validation loss:0.1233
Updating learning rate to 8.035695382851308e-05
Updating learning rate to 8.035695382851308e-05
train 8209
vs, vt 0.12387855317104947 0.12356436269527132
need align? ->  True 0.12289212347770279
2023-08-23 20:37:17,931 - epoch:13, training loss:1.4071 validation loss:0.1239
Updating learning rate to 7.49114837031057e-05
Updating learning rate to 7.49114837031057e-05
train 8209
vs, vt 0.12335891124199737 0.1247130800885233
need align? ->  True 0.12289212347770279
2023-08-23 20:38:18,687 - epoch:14, training loss:1.3834 validation loss:0.1234
Updating learning rate to 6.90397746068255e-05
Updating learning rate to 6.90397746068255e-05
train 8209
vs, vt 0.12383606589653275 0.12486797782846472
need align? ->  True 0.12289212347770279
2023-08-23 20:39:12,816 - epoch:15, training loss:1.3742 validation loss:0.1238
Updating learning rate to 6.284229311025519e-05
Updating learning rate to 6.284229311025519e-05
train 8209
vs, vt 0.1235762836242264 0.12468586328693411
need align? ->  True 0.12289212347770279
2023-08-23 20:40:03,135 - epoch:16, training loss:1.3578 validation loss:0.1236
Updating learning rate to 5.642507984006751e-05
Updating learning rate to 5.642507984006751e-05
train 8209
vs, vt 0.12369945264336737 0.12456253086301414
need align? ->  True 0.12289212347770279
2023-08-23 20:40:49,965 - epoch:17, training loss:1.3424 validation loss:0.1237
Updating learning rate to 4.989793509450307e-05
Updating learning rate to 4.989793509450307e-05
train 8209
vs, vt 0.12371633184904401 0.12542654810981316
need align? ->  True 0.12289212347770279
2023-08-23 20:41:37,177 - epoch:18, training loss:1.3382 validation loss:0.1237
Updating learning rate to 4.337254012982485e-05
Updating learning rate to 4.337254012982485e-05
train 8209
vs, vt 0.12346074577759612 0.12487075765701858
need align? ->  True 0.12289212347770279
2023-08-23 20:42:24,333 - epoch:19, training loss:1.3314 validation loss:0.1235
Updating learning rate to 3.696054626305981e-05
Updating learning rate to 3.696054626305981e-05
train 8209
vs, vt 0.12332030885260213 0.12508673424070532
need align? ->  True 0.12289212347770279
2023-08-23 20:43:11,377 - epoch:20, training loss:1.3178 validation loss:0.1233
Updating learning rate to 3.0771664487008854e-05
Updating learning rate to 3.0771664487008854e-05
train 8209
vs, vt 0.12334946636110544 0.12493531863120469
need align? ->  True 0.12289212347770279
2023-08-23 20:43:59,046 - epoch:21, training loss:1.3188 validation loss:0.1233
Updating learning rate to 2.491178828474237e-05
Updating learning rate to 2.491178828474237e-05
train 8209
vs, vt 0.12377637082880194 0.12506493587385525
need align? ->  True 0.12289212347770279
2023-08-23 20:44:45,859 - epoch:22, training loss:1.3174 validation loss:0.1238
Updating learning rate to 1.9481181762745777e-05
Updating learning rate to 1.9481181762745777e-05
train 8209
vs, vt 0.12358776310628111 0.1251855039630424
need align? ->  True 0.12289212347770279
2023-08-23 20:45:32,383 - epoch:23, training loss:1.3108 validation loss:0.1236
Updating learning rate to 1.4572764104259043e-05
Updating learning rate to 1.4572764104259043e-05
train 8209
vs, vt 0.12324079253118146 0.12514091570946304
need align? ->  True 0.12289212347770279
2023-08-23 20:46:20,807 - epoch:24, training loss:1.3055 validation loss:0.1232
Updating learning rate to 1.0270519696289322e-05
Updating learning rate to 1.0270519696289322e-05
train 8209
vs, vt 0.12328480852937157 0.12472466853531924
need align? ->  True 0.12289212347770279
2023-08-23 20:47:08,289 - epoch:25, training loss:1.3009 validation loss:0.1233
Updating learning rate to 6.648061133464466e-06
Updating learning rate to 6.648061133464466e-06
train 8209
vs, vt 0.12335890921002085 0.12492614434185353
need align? ->  True 0.12289212347770279
2023-08-23 20:47:54,978 - epoch:26, training loss:1.3014 validation loss:0.1234
Updating learning rate to 3.7673696861296922e-06
Updating learning rate to 3.7673696861296922e-06
train 8209
vs, vt 0.12326983726498755 0.12499820136211136
need align? ->  True 0.12289212347770279
2023-08-23 20:48:43,459 - epoch:27, training loss:1.3004 validation loss:0.1233
Updating learning rate to 1.6777347836274343e-06
Updating learning rate to 1.6777347836274343e-06
train 8209
vs, vt 0.12330371039834889 0.12500131900676273
need align? ->  True 0.12289212347770279
2023-08-23 20:49:30,167 - epoch:28, training loss:1.2989 validation loss:0.1233
Updating learning rate to 4.1491065849575754e-07
Updating learning rate to 4.1491065849575754e-07
train 8209
vs, vt 0.12330676428973675 0.12489637402309613
need align? ->  True 0.12289212347770279
2023-08-23 20:50:17,494 - epoch:29, training loss:1.2972 validation loss:0.1233
Updating learning rate to 5.045816366600914e-10
Updating learning rate to 5.045816366600914e-10
check exp/ECL-PatchTST2023-08-23-20:26:49.461704/0/0.1222_epoch_7.pkl  &  0.12289212347770279
2023-08-23 20:50:21,834 - [*] loss:0.2703
2023-08-23 20:50:21,838 - [*] phase 0, testing
2023-08-23 20:50:21,884 - T:96	MAE	0.331435	RMSE	0.270377	MAPE	134.363961
2023-08-23 20:50:21,884 - 96	mae	0.3314	
2023-08-23 20:50:21,884 - 96	rmse	0.2704	
2023-08-23 20:50:21,884 - 96	mape	134.3640	
2023-08-23 20:50:22,933 - [*] loss:0.2711
2023-08-23 20:50:22,937 - [*] phase 0, testing
2023-08-23 20:50:22,984 - T:96	MAE	0.331906	RMSE	0.271193	MAPE	135.599554
2023-08-23 20:50:24,020 - [*] loss:0.2729
2023-08-23 20:50:24,024 - [*] phase 0, testing
2023-08-23 20:50:24,071 - T:96	MAE	0.332265	RMSE	0.272782	MAPE	132.890308
2023-08-23 20:50:24,072 - 96	mae	0.3323	
2023-08-23 20:50:24,072 - 96	rmse	0.2728	
2023-08-23 20:50:24,072 - 96	mape	132.8903	
