2023-08-23 19:33:17,758 - logger name:exp/ECL-PatchTST2023-08-23-19:33:17.757699/ECL-PatchTST.log
2023-08-23 19:33:17,758 - params : {'loss': 'huber', 'conf': 'ECL-PatchTST', 'data_name': 'ETTh2', 'iteration': 1, 'train': 1, 'load': True, 'build_graph': False, 'same_init': True, 'grad_norm': False, 'refiner_residual': 0, 'root_path': '', 'exp_path': 'exp/', 'val_test_mix': False, 'pred_len': 96, 'noise_rate': 0.5, 'device': device(type='cuda', index=1), 'test_model_path': '/Disk/fhyega/code/BASE/exp/ECL-PatchTST2023-08-22-20:19:56.785959/0/best_model.pkl', 'idx': -1, 'aligner': 1, 'always_align': 1, 'refiner': 1, 'rec_block_num': 1, 'enhance': 1, 'enhance_type': 5, 'seed': 34, 'batch_size': 128, 'share_head': 0, 'add_noise': 1, 'jitter_sigma': 2.0, 'slope_rate': 0.01, 'slope_range': 0.5, 'alpha': 10.0, 'beta': 1.0, 'gamma': 0.15, 'feature_jittering': 1, 'rec_intra_feature': 0, 'rec_ori': 1, 'mid_dim': 128, 'test_en': 0, 'debugger': 0, 'omega': 1.0, 'theta': 1.1, 'mask_border': 1, 'sup_weight': 20.0, 'rec_length_ratio': 0.5, 'ref_dropout': 0.0, 'ref_block_num': 2, 'add_FFN': 0, 'add_residual': 0, 'rec_all': 0, '/* model related args*/': '//', 'model_name': 'PatchTST', 'seq_len': 336, 'label_len': 48, 'features': 'M', 'target': 'OT', 'graph_input': False, 'individual': False, 'e_layers': 3, 'd_layers': 1, 'factor': 1, 'n_heads': 16, 'd_model': 128, 'd_ff': 256, 'dropout': 0.2, 'fc_dropout': 0.2, 'head_dropout': 0.0, 'patch_len': 16, 'stride': 8, 'des': 'Exp', 'padding_patch': 'end', 'revin': 1, 'affine': 0, 'subtract_last': 0, 'decomposition': 0, 'kernel_size': 25, 'output_attention': 0, 'embed_type': 0, 'activation': 'gelu', 'lradj': 'TST', 'distil': 1, 'linear_output': 1, 'pct_start': 0.2, '/*train related args*/': '//', 'epoch': 30, 'lr': 0.0001, '/*dataset related args*/': '//', 'save_data_path': 'data/ECL/', 'data_process': True, 'embed': 'timeF', 'freq': 'h', 'begin_phase': 0, 'end_phase': 1, 'phase_len': 26304, 'val_ratio': 0.33, 'graph_size': 321, '/*strategy related args*/': '//', 'strategy': 'incremental', 'increase': False, 'detect': False, 'detect_strategy': 'feature', 'replay': False, 'replay_strategy': 'random', 'repaly_num_samples': 100, 'ewc': False, 'ewc_strategy': 'ewc', 'ewc_lambda': 0.0001, 'subgraph_train': False, 'num_hops': 2, 'logname': 'ECL-PatchTST', 'time': '2023-08-23-19:33:17.757699', 'path': 'exp/ECL-PatchTST2023-08-23-19:33:17.757699', 'num_workers': 4, 'start_train': 0, 'train_mode': 'pretrain', 'get_score': False, 'use_cm': True, 'logger': <Logger __main__ (INFO)>}
2023-08-23 19:33:17,758 - [*] phase 0 start training
0 26304
train 8209
val 2785
test 2785
2023-08-23 19:33:17,977 - [*] phase 0 Dataset load!
2023-08-23 19:33:19,098 - [*] phase 0 Training start
train 8209
2023-08-23 19:33:45,831 - epoch:0, training loss:0.2223 validation loss:0.1619
train 8209
vs, vt 0.1619003186510368 0.1647822740064426
Updating learning rate to 1.0463629820836433e-05
Updating learning rate to 1.0463629820836433e-05
train 8209
vs, vt 0.13732777739113028 0.14328568784350698
need align? ->  False 0.14328568784350698
2023-08-23 19:35:10,900 - epoch:1, training loss:6.8461 validation loss:0.1373
Updating learning rate to 2.8113748014145436e-05
Updating learning rate to 2.8113748014145436e-05
train 8209
vs, vt 0.12914973277259956 0.1314949825067412
need align? ->  False 0.1314949825067412
2023-08-23 19:36:22,545 - epoch:2, training loss:4.5621 validation loss:0.1291
Updating learning rate to 5.219686165094539e-05
Updating learning rate to 5.219686165094539e-05
train 8209
vs, vt 0.12518490038134836 0.12722998391836882
need align? ->  False 0.12722998391836882
2023-08-23 19:37:35,378 - epoch:3, training loss:3.2509 validation loss:0.1252
Updating learning rate to 7.622695691951079e-05
Updating learning rate to 7.622695691951079e-05
train 8209
vs, vt 0.12553073042495685 0.12438548703423956
need align? ->  True 0.12438548703423956
2023-08-23 19:38:49,909 - epoch:4, training loss:2.4204 validation loss:0.1255
Updating learning rate to 9.373229880419829e-05
Updating learning rate to 9.373229880419829e-05
train 8209
vs, vt 0.12403892370110209 0.12442420770160177
need align? ->  False 0.12438548703423956
2023-08-23 19:40:04,453 - epoch:5, training loss:2.0197 validation loss:0.1240
Updating learning rate to 9.999989541836333e-05
Updating learning rate to 9.999989541836333e-05
train 8209
vs, vt 0.12444642846557227 0.1236653665757992
need align? ->  True 0.1236653665757992
2023-08-23 19:41:20,366 - epoch:6, training loss:1.9195 validation loss:0.1244
Updating learning rate to 9.955879284407972e-05
Updating learning rate to 9.955879284407972e-05
train 8209
vs, vt 0.12230982453646985 0.12326146196573973
need align? ->  False 0.12326146196573973
2023-08-23 19:42:37,784 - epoch:7, training loss:1.7751 validation loss:0.1223
Updating learning rate to 9.826972900599613e-05
Updating learning rate to 9.826972900599613e-05
train 8209
vs, vt 0.12455894840373234 0.12321773654019291
need align? ->  True 0.12321773654019291
2023-08-23 19:43:53,472 - epoch:8, training loss:1.7070 validation loss:0.1246
Updating learning rate to 9.615476014377818e-05
Updating learning rate to 9.615476014377818e-05
train 8209
vs, vt 0.12346986020830544 0.12444159185344522
need align? ->  True 0.12321773654019291
2023-08-23 19:45:09,977 - epoch:9, training loss:1.6548 validation loss:0.1235
Updating learning rate to 9.325007396103859e-05
Updating learning rate to 9.325007396103859e-05
train 8209
vs, vt 0.12463808212090623 0.12479450917718085
need align? ->  True 0.12321773654019291
2023-08-23 19:46:23,727 - epoch:10, training loss:1.6123 validation loss:0.1246
Updating learning rate to 8.960537044369518e-05
Updating learning rate to 8.960537044369518e-05
train 8209
vs, vt 0.12389867930588397 0.1250820788131519
need align? ->  True 0.12321773654019291
2023-08-23 19:47:39,376 - epoch:11, training loss:1.5825 validation loss:0.1239
Updating learning rate to 8.528301147943237e-05
Updating learning rate to 8.528301147943237e-05
train 8209
vs, vt 0.12334383406083692 0.12503098933534187
need align? ->  True 0.12321773654019291
2023-08-23 19:48:50,872 - epoch:12, training loss:1.5503 validation loss:0.1233
Updating learning rate to 8.035695382851308e-05
Updating learning rate to 8.035695382851308e-05
train 8209
vs, vt 0.1240464114499363 0.12390398462726311
need align? ->  True 0.12321773654019291
2023-08-23 19:50:02,949 - epoch:13, training loss:1.5286 validation loss:0.1240
Updating learning rate to 7.49114837031057e-05
Updating learning rate to 7.49114837031057e-05
train 8209
vs, vt 0.12337393982505257 0.1245773984965953
need align? ->  True 0.12321773654019291
2023-08-23 19:51:01,873 - epoch:14, training loss:1.5006 validation loss:0.1234
Updating learning rate to 6.90397746068255e-05
Updating learning rate to 6.90397746068255e-05
train 8209
vs, vt 0.12397758357904175 0.12446301675994288
need align? ->  True 0.12321773654019291
2023-08-23 19:51:50,684 - epoch:15, training loss:1.4869 validation loss:0.1240
Updating learning rate to 6.284229311025519e-05
Updating learning rate to 6.284229311025519e-05
train 8209
vs, vt 0.12340576955201951 0.12439657993276011
need align? ->  True 0.12321773654019291
2023-08-23 19:52:38,688 - epoch:16, training loss:1.4664 validation loss:0.1234
Updating learning rate to 5.642507984006751e-05
Updating learning rate to 5.642507984006751e-05
train 8209
vs, vt 0.12379224869337949 0.12484106760133397
need align? ->  True 0.12321773654019291
2023-08-23 19:53:27,720 - epoch:17, training loss:1.4469 validation loss:0.1238
Updating learning rate to 4.989793509450307e-05
Updating learning rate to 4.989793509450307e-05
train 8209
vs, vt 0.12343305577947335 0.12565655701539732
need align? ->  True 0.12321773654019291
2023-08-23 19:54:16,287 - epoch:18, training loss:1.4401 validation loss:0.1234
Updating learning rate to 4.337254012982485e-05
Updating learning rate to 4.337254012982485e-05
train 8209
vs, vt 0.12322696222161705 0.12490906761112539
need align? ->  True 0.12321773654019291
2023-08-23 19:55:04,930 - epoch:19, training loss:1.4252 validation loss:0.1232
Updating learning rate to 3.696054626305981e-05
Updating learning rate to 3.696054626305981e-05
train 8209
vs, vt 0.12320779424838045 0.12517951818352396
need align? ->  False 0.12321773654019291
2023-08-23 19:55:52,400 - epoch:20, training loss:1.4091 validation loss:0.1232
Updating learning rate to 3.0771664487008854e-05
Updating learning rate to 3.0771664487008854e-05
train 8209
vs, vt 0.1230938093398105 0.12499866634607315
need align? ->  False 0.12321773654019291
2023-08-23 19:56:39,659 - epoch:21, training loss:1.4126 validation loss:0.1231
Updating learning rate to 2.491178828474237e-05
Updating learning rate to 2.491178828474237e-05
train 8209
vs, vt 0.12361280416900461 0.12520838884467428
need align? ->  True 0.12321773654019291
2023-08-23 19:57:26,839 - epoch:22, training loss:1.4073 validation loss:0.1236
Updating learning rate to 1.9481181762745777e-05
Updating learning rate to 1.9481181762745777e-05
train 8209
vs, vt 0.12354856060648506 0.12536436641080814
need align? ->  True 0.12321773654019291
2023-08-23 19:58:14,114 - epoch:23, training loss:1.3991 validation loss:0.1235
Updating learning rate to 1.4572764104259043e-05
Updating learning rate to 1.4572764104259043e-05
train 8209
vs, vt 0.12308813724666834 0.12521909981627355
need align? ->  False 0.12321773654019291
2023-08-23 19:59:01,398 - epoch:24, training loss:1.3923 validation loss:0.1231
Updating learning rate to 1.0270519696289322e-05
Updating learning rate to 1.0270519696289322e-05
train 8209
vs, vt 0.12314207614822821 0.12493305001407862
need align? ->  False 0.12321773654019291
2023-08-23 19:59:48,431 - epoch:25, training loss:1.3861 validation loss:0.1231
Updating learning rate to 6.648061133464466e-06
Updating learning rate to 6.648061133464466e-06
train 8209
vs, vt 0.12320924753492529 0.1250408837063746
need align? ->  False 0.12321773654019291
2023-08-23 20:00:36,194 - epoch:26, training loss:1.3884 validation loss:0.1232
Updating learning rate to 3.7673696861296922e-06
Updating learning rate to 3.7673696861296922e-06
train 8209
vs, vt 0.12318307127464902 0.12511709789660844
need align? ->  False 0.12321773654019291
2023-08-23 20:01:24,058 - epoch:27, training loss:1.3858 validation loss:0.1232
Updating learning rate to 1.6777347836274343e-06
Updating learning rate to 1.6777347836274343e-06
train 8209
vs, vt 0.12320544502951881 0.1251043960113417
need align? ->  False 0.12321773654019291
2023-08-23 20:02:11,142 - epoch:28, training loss:1.3857 validation loss:0.1232
Updating learning rate to 4.1491065849575754e-07
Updating learning rate to 4.1491065849575754e-07
train 8209
vs, vt 0.12317692573097619 0.12503022810613568
need align? ->  False 0.12321773654019291
2023-08-23 20:02:58,389 - epoch:29, training loss:1.3845 validation loss:0.1232
Updating learning rate to 5.045816366600914e-10
Updating learning rate to 5.045816366600914e-10
check exp/ECL-PatchTST2023-08-23-19:33:17.757699/0/0.1223_epoch_7.pkl  &  0.12321773654019291
2023-08-23 20:03:02,654 - [*] loss:0.2706
2023-08-23 20:03:02,657 - [*] phase 0, testing
2023-08-23 20:03:02,697 - T:96	MAE	0.331917	RMSE	0.270691	MAPE	135.572147
2023-08-23 20:03:02,698 - 96	mae	0.3319	
2023-08-23 20:03:02,698 - 96	rmse	0.2707	
2023-08-23 20:03:02,698 - 96	mape	135.5721	
2023-08-23 20:03:03,789 - [*] loss:0.2716
2023-08-23 20:03:03,792 - [*] phase 0, testing
2023-08-23 20:03:03,833 - T:96	MAE	0.332194	RMSE	0.271670	MAPE	135.383165
2023-08-23 20:03:04,815 - [*] loss:0.2737
2023-08-23 20:03:04,818 - [*] phase 0, testing
2023-08-23 20:03:04,864 - T:96	MAE	0.332528	RMSE	0.273667	MAPE	132.575154
2023-08-23 20:03:04,865 - 96	mae	0.3325	
2023-08-23 20:03:04,866 - 96	rmse	0.2737	
2023-08-23 20:03:04,866 - 96	mape	132.5752	
